Train set shape: (26880, 5)
Val set shape:   (5760, 5)
Test set shape:  (5760, 5)
Selected images DataFrame (Margin Sampling):
   Iteration                                       Sample_Names
0          1  Spule035_Image0269.jpg,Spule020_Image0191.jpg,...
1          2  Spule038_Image0343.jpg,Spule026_Image0202.jpg,...
2          3  Spule040_Image0687.jpg,Spule012_Image0327.jpg,...
3          4  Spule030_Image0341.jpg,Spule028_Image0283.jpg,...
4          5  Spule010_Image0729.jpg,Spule006_Image0643.jpg,...
  epoch    train_f1    train_loss    valid_acc    valid_f1    valid_loss    cp      lr     dur
-------  ----------  ------------  -----------  ----------  ------------  ----  ------  ------
      1      [36m0.5397[0m        [32m0.7199[0m       [35m0.2366[0m      [31m0.4075[0m        [94m0.6918[0m     +  0.0000  7.8108
      2      [36m0.7685[0m        [32m0.6332[0m       [35m0.2977[0m      [31m0.4651[0m        [94m0.6737[0m     +  0.0000  7.3441
      3      0.7222        [32m0.6126[0m       0.2891      0.4490        0.6851        0.0000  7.3760
      4      0.7685        [32m0.5906[0m       0.2866      0.4126        [94m0.6720[0m     +  0.0000  7.4355
      5      [36m0.8214[0m        [32m0.5791[0m       [35m0.3149[0m      0.4194        0.6747        0.0000  7.4218
      6      [36m0.8333[0m        [32m0.5650[0m       0.3080      0.4270        0.6802        0.0000  7.4321
      7      0.7500        [32m0.5549[0m       0.3108      0.4356        0.6763        0.0000  7.4691
      8      0.8320        [32m0.5393[0m       0.3054      0.4401        0.6766        0.0000  7.4985
      9      [36m0.9259[0m        [32m0.4947[0m       0.3064      0.4353        0.6741        0.0000  7.5507
     10      0.8320        0.5007       0.3007      0.4438        0.6771        0.0000  7.5742
     11      0.9259        0.4997       0.3042      0.4434        0.6759        0.0000  7.5485
     12      0.8333        0.5083       0.3050      0.4436        0.6744        0.0000  7.5826
     13      0.8320        0.5050       0.2997      0.4446        0.6762        0.0000  7.5769
     14      0.8690        0.4999       0.3061      0.4481        0.6746        0.0000  7.5779
Stopping since valid_loss has not improved in the last 11 epochs.
Pre-training scores with initial data:
  F1 (macro) = 0.4708
  F1 (micro) = 0.4812
  Accuracy   = 0.3240

Query 1: Using images from iteration=2 (margin sampling).
Re-initializing module.
Re-initializing criterion.
Re-initializing optimizer.
  epoch    train_f1    train_loss    valid_acc    valid_f1    valid_loss    cp      lr     dur
-------  ----------  ------------  -----------  ----------  ------------  ----  ------  ------
      1      [36m0.7132[0m        [32m0.5821[0m       [35m0.4743[0m      [31m0.1474[0m        [94m0.6340[0m     +  0.0000  7.6878
      2      0.3712        [32m0.5714[0m       0.3184      [31m0.3397[0m        [94m0.6236[0m     +  0.0000  7.5990
      3      0.6154        [32m0.5157[0m       0.4656      [31m0.4517[0m        [94m0.6224[0m     +  0.0000  7.6393
      4      0.6984        [32m0.4891[0m       0.4267      0.3568        [94m0.6156[0m     +  0.0000  7.6610
      5      [36m0.7889[0m        [32m0.4548[0m       0.4615      [31m0.4532[0m        [94m0.6040[0m     +  0.0000  7.6848
      6      [36m0.8586[0m        [32m0.4504[0m       0.4582      0.4269        [94m0.6012[0m     +  0.0000  7.6436
      7      [36m0.8649[0m        [32m0.4421[0m       0.4479      0.4157        [94m0.5988[0m     +  0.0000  7.6426
      8      0.8304        0.4471       0.4477      0.4321        [94m0.5926[0m     +  0.0000  7.6353
      9      0.7908        [32m0.4236[0m       0.4627      0.4296        [94m0.5922[0m     +  0.0000  7.6563
     10      [36m0.8820[0m        0.4329       0.4717      0.4324        [94m0.5908[0m     +  0.0000  7.6092
     11      0.8800        [32m0.4128[0m       0.4691      0.4337        [94m0.5895[0m     +  0.0000  7.6245
     12      [36m0.9474[0m        [32m0.4012[0m       0.4663      0.4360        [94m0.5881[0m     +  0.0000  7.6266
     13      0.8260        0.4334       0.4703      0.4386        0.5881        0.0000  7.6637
     14      0.8913        0.4218       0.4648      0.4410        [94m0.5861[0m     +  0.0000  7.6913
     15      0.9167        0.4108       0.4674      0.4394        [94m0.5858[0m     +  0.0000  7.6570
     16      0.8745        0.4034       0.4663      0.4400        [94m0.5853[0m     +  0.0000  7.6212
     17      0.8549        0.4030       0.4658      0.4402        [94m0.5851[0m     +  0.0000  7.6694
     18      0.8956        [32m0.3977[0m       0.4686      0.4402        [94m0.5849[0m     +  0.0000  7.6250
     19      0.8353        0.4068       0.4710      0.4396        0.5850        0.0000  7.6652
     20      0.8956        [32m0.3968[0m       0.4719      0.4390        0.5849        0.0000  7.6414
     21      0.9278        [32m0.3896[0m       0.4722      0.4397        [94m0.5847[0m     +  0.0000  7.6900
     22      0.9327        [32m0.3871[0m       0.4720      0.4401        [94m0.5845[0m     +  0.0000  7.6419
     23      0.9171        0.4054       0.4720      0.4400        [94m0.5845[0m     +  0.0000  7.6230
     24      0.9020        0.4032       0.4722      0.4407        [94m0.5843[0m     +  0.0000  7.6246
     25      0.8889        0.3920       0.4719      0.4406        [94m0.5843[0m     +  0.0000  7.6117
     26      0.9216        0.3985       0.4719      0.4406        [94m0.5842[0m     +  0.0000  7.6404
     27      0.8963        0.4224       0.4720      0.4410        [94m0.5841[0m     +  0.0000  7.6290
     28      0.9030        0.3949       0.4722      0.4413        [94m0.5841[0m     +  0.0000  7.6350
     29      0.9171        0.4016       0.4722      0.4414        [94m0.5841[0m     +  0.0000  7.6362
     30      0.8593        0.4140       0.4720      0.4410        [94m0.5840[0m     +  0.0000  7.6562
     31      0.9412        0.3912       0.4722      0.4413        [94m0.5840[0m     +  0.0000  7.6643
     32      0.8963        [32m0.3834[0m       0.4722      0.4414        [94m0.5840[0m     +  0.0000  7.6485
     33      0.9327        [32m0.3801[0m       0.4722      0.4414        [94m0.5840[0m     +  0.0000  7.6711
     34      0.8913        0.4118       0.4720      0.4414        [94m0.5839[0m     +  0.0000  7.7218
     35      0.8913        0.4104       0.4720      0.4413        [94m0.5839[0m     +  0.0000  7.7042
     36      0.8541        0.4107       0.4720      0.4414        [94m0.5839[0m     +  0.0000  7.6877
     37      0.8549        0.4078       0.4720      0.4414        [94m0.5839[0m     +  0.0000  7.6102
     38      0.8668        0.3974       0.4720      0.4414        0.5839        0.0000  7.6089
     39      0.9327        0.3845       0.4720      0.4413        [94m0.5839[0m     +  0.0000  7.6405
     40      0.9327        0.3919       0.4717      0.4412        [94m0.5839[0m     +  0.0000  7.6384
     41      0.8975        0.4092       0.4717      0.4412        [94m0.5839[0m     +  0.0000  7.5983
     42      0.9434        0.3975       0.4719      0.4413        [94m0.5839[0m     +  0.0000  7.6401
     43      0.9109        0.4087       0.4717      0.4412        [94m0.5839[0m     +  0.0000  7.6106
     44      0.9171        0.4206       0.4717      0.4412        [94m0.5839[0m     +  0.0000  7.6379
     45      0.8956        0.3923       0.4719      0.4413        [94m0.5839[0m     +  0.0000  7.6091
     46      0.8760        0.4127       0.4719      0.4413        [94m0.5839[0m     +  0.0000  7.6341
     47      0.8760        0.3942       0.4719      0.4413        [94m0.5839[0m     +  0.0000  7.6272
     48      0.8956        0.3834       0.4719      0.4413        [94m0.5839[0m     +  0.0000  7.6369
     49      0.8767        0.3841       0.4719      0.4413        0.5839        0.0000  7.6724
Stopping since valid_loss has not improved in the last 11 epochs.
Iteration 1 Test Accuracy: 0.4965
Iteration 1 Test F1 Score (micro): 0.5188
Iteration 1 Test F1 Score (macro): 0.4665
Model checkpoint saved to C:\Users\localuserSKSG\Desktop\Shubham\ActiveLearning/Multilabel_from_multiclass/DinoS/margin_sampling_seed44_test\model_checkpoint_iteration_0.pt

Query 2: Using images from iteration=3 (margin sampling).
Re-initializing module.
Re-initializing criterion.
Re-initializing optimizer.
  epoch    train_f1    train_loss    valid_acc    valid_f1    valid_loss    cp      lr     dur
-------  ----------  ------------  -----------  ----------  ------------  ----  ------  ------
      1      [36m0.6433[0m        [32m0.5113[0m       [35m0.3012[0m      [31m0.6487[0m        [94m0.6452[0m     +  0.0000  7.7572
      2      [36m0.6755[0m        0.6016       [35m0.4977[0m      0.3382        [94m0.5507[0m     +  0.0000  7.7070
      3      0.4949        [32m0.5014[0m       [35m0.5231[0m      [31m0.6619[0m        [94m0.5095[0m     +  0.0000  7.6406
      4      [36m0.7829[0m        [32m0.4712[0m       [35m0.5344[0m      0.6004        [94m0.4896[0m     +  0.0000  7.7047
      5      [36m0.8300[0m        [32m0.4188[0m       [35m0.6033[0m      [31m0.7076[0m        [94m0.4658[0m     +  0.0000  7.6566
      6      [36m0.8753[0m        [32m0.4101[0m       0.5997      0.6938        [94m0.4621[0m     +  0.0000  7.6541
      7      0.8566        0.4129       0.6028      0.6884        [94m0.4581[0m     +  0.0000  7.6593
      8      0.8019        [32m0.4036[0m       [35m0.6125[0m      0.7053        [94m0.4536[0m     +  0.0000  7.6734
      9      [36m0.8815[0m        [32m0.3965[0m       [35m0.6128[0m      0.6995        [94m0.4493[0m     +  0.0000  7.6668
     10      0.8242        [32m0.3942[0m       [35m0.6280[0m      [31m0.7262[0m        [94m0.4453[0m     +  0.0000  7.6616
     11      0.8813        [32m0.3788[0m       [35m0.6302[0m      0.7255        [94m0.4443[0m     +  0.0000  7.6878
     12      0.8628        0.3925       [35m0.6330[0m      [31m0.7290[0m        [94m0.4431[0m     +  0.0000  7.6565
     13      0.8489        0.3873       [35m0.6347[0m      [31m0.7310[0m        [94m0.4418[0m     +  0.0000  7.6872
     14      0.8726        [32m0.3753[0m       [35m0.6366[0m      [31m0.7351[0m        [94m0.4402[0m     +  0.0000  7.6423
     15      [36m0.9037[0m        [32m0.3665[0m       [35m0.6398[0m      [31m0.7360[0m        [94m0.4393[0m     +  0.0000  7.7027
     16      0.8909        0.3911       [35m0.6415[0m      [31m0.7377[0m        [94m0.4389[0m     +  0.0000  7.6594
     17      0.8542        0.3778       [35m0.6427[0m      [31m0.7390[0m        [94m0.4384[0m     +  0.0000  7.6560
     18      0.8837        0.3895       [35m0.6436[0m      [31m0.7403[0m        [94m0.4381[0m     +  0.0000  7.6698
     19      [36m0.9221[0m        0.3843       [35m0.6441[0m      [31m0.7406[0m        [94m0.4376[0m     +  0.0000  7.6814
     20      0.8886        0.3745       [35m0.6444[0m      0.7404        [94m0.4373[0m     +  0.0000  7.6607
     21      0.8686        0.3805       [35m0.6448[0m      [31m0.7409[0m        [94m0.4370[0m     +  0.0000  7.6848
     22      0.8636        0.3770       [35m0.6451[0m      [31m0.7415[0m        [94m0.4369[0m     +  0.0000  7.7032
     23      0.8615        0.3967       [35m0.6458[0m      [31m0.7425[0m        [94m0.4368[0m     +  0.0000  7.6952
     24      0.8698        0.3795       0.6455      0.7420        [94m0.4367[0m     +  0.0000  7.6599
     25      0.8566        0.3829       [35m0.6465[0m      [31m0.7433[0m        [94m0.4365[0m     +  0.0000  7.6591
     26      0.8356        0.3857       [35m0.6467[0m      [31m0.7436[0m        [94m0.4365[0m     +  0.0000  7.6825
     27      0.8867        0.3726       0.6467      0.7436        [94m0.4364[0m     +  0.0000  7.7153
     28      0.8909        0.3729       0.6465      0.7435        [94m0.4364[0m     +  0.0000  7.6595
     29      0.8909        0.3860       [35m0.6469[0m      [31m0.7439[0m        [94m0.4363[0m     +  0.0000  7.6556
     30      0.8918        0.3796       [35m0.6470[0m      [31m0.7441[0m        [94m0.4362[0m     +  0.0000  7.6758
     31      0.8822        0.3694       0.6470      0.7441        [94m0.4362[0m     +  0.0000  7.6581
     32      0.8865        0.3835       0.6470      0.7441        [94m0.4362[0m     +  0.0000  7.6588
     33      0.8558        0.3760       [35m0.6472[0m      [31m0.7444[0m        [94m0.4362[0m     +  0.0000  7.6723
     34      0.8843        0.3764       0.6472      [31m0.7446[0m        [94m0.4362[0m     +  0.0000  7.7170
     35      0.8966        0.3720       0.6472      0.7446        [94m0.4361[0m     +  0.0000  7.6750
     36      0.8901        0.3737       0.6472      0.7446        [94m0.4361[0m     +  0.0000  7.6761
     37      0.8688        0.3769       0.6472      0.7446        [94m0.4361[0m     +  0.0000  7.7344
     38      0.9100        0.3693       0.6472      0.7446        [94m0.4361[0m     +  0.0000  7.6809
     39      0.8880        0.3793       0.6472      0.7446        [94m0.4361[0m     +  0.0000  7.7491
     40      0.9202        [32m0.3640[0m       0.6472      0.7446        [94m0.4361[0m     +  0.0000  7.6887
     41      0.8920        0.3795       0.6472      0.7446        [94m0.4361[0m     +  0.0000  7.6705
     42      0.8697        0.3852       0.6472      0.7446        [94m0.4361[0m     +  0.0000  7.6860
     43      0.8837        0.3707       0.6472      0.7446        [94m0.4361[0m     +  0.0000  7.7022
     44      0.8826        0.3714       0.6472      0.7446        [94m0.4361[0m     +  0.0000  7.6701
     45      0.8740        0.3746       0.6472      0.7446        [94m0.4361[0m     +  0.0000  7.6742
     46      0.8914        0.3676       0.6472      0.7446        [94m0.4361[0m     +  0.0000  7.6472
     47      0.9033        0.3806       0.6472      0.7446        [94m0.4361[0m     +  0.0000  7.6516
     48      0.8851        0.3750       0.6472      0.7446        [94m0.4361[0m     +  0.0000  7.6908
     49      0.8613        0.3746       0.6472      0.7446        [94m0.4361[0m     +  0.0000  7.6872
     50      0.8818        0.3737       0.6472      0.7446        [94m0.4361[0m     +  0.0000  7.6418
     51      0.8566        0.3872       0.6472      0.7446        [94m0.4361[0m     +  0.0000  7.6854
     52      0.8868        0.3802       0.6472      0.7446        [94m0.4361[0m     +  0.0000  7.6852
     53      0.9057        0.3672       0.6472      0.7446        [94m0.4361[0m     +  0.0000  7.6841
     54      0.8882        0.3816       0.6472      0.7446        [94m0.4361[0m     +  0.0000  7.6917
     55      0.9105        0.3711       0.6472      0.7446        [94m0.4361[0m     +  0.0000  7.7973
     56      0.8984        0.3740       0.6472      0.7446        [94m0.4361[0m     +  0.0000  7.6763
     57      [36m0.9311[0m        0.3829       0.6472      0.7446        [94m0.4361[0m     +  0.0000  7.6590
     58      0.9148        [32m0.3626[0m       0.6472      0.7446        [94m0.4361[0m     +  0.0000  7.6434
Stopping since valid_loss has not improved in the last 11 epochs.
Iteration 2 Test Accuracy: 0.6684
Iteration 2 Test F1 Score (micro): 0.8194
Iteration 2 Test F1 Score (macro): 0.7785
Model checkpoint saved to C:\Users\localuserSKSG\Desktop\Shubham\ActiveLearning/Multilabel_from_multiclass/DinoS/margin_sampling_seed44_test\model_checkpoint_iteration_1.pt

Query 3: Using images from iteration=4 (margin sampling).
Re-initializing module.
Re-initializing criterion.
Re-initializing optimizer.
  epoch    train_f1    train_loss    valid_acc    valid_f1    valid_loss    cp      lr     dur
-------  ----------  ------------  -----------  ----------  ------------  ----  ------  ------
      1      [36m0.8461[0m        [32m0.3931[0m       [35m0.6568[0m      [31m0.7389[0m        [94m0.4377[0m     +  0.0000  8.1372
      2      0.7999        0.3988       0.4922      [31m0.7403[0m        0.5221        0.0000  7.9174
      3      0.7306        0.5103       0.5960      0.6541        [94m0.4219[0m     +  0.0000  7.8867
      4      0.7961        [32m0.3797[0m       [35m0.7222[0m      [31m0.8424[0m        [94m0.3837[0m     +  0.0000  7.9060
      5      [36m0.8611[0m        [32m0.3514[0m       0.7083      0.8226        [94m0.3772[0m     +  0.0000  7.9817
      6      [36m0.8721[0m        [32m0.3413[0m       0.7068      0.8240        [94m0.3756[0m     +  0.0000  8.0185
      7      [36m0.8837[0m        0.3439       0.7068      0.8230        [94m0.3735[0m     +  0.0000  7.8754
      8      0.8758        [32m0.3350[0m       0.7059      0.8224        [94m0.3722[0m     +  0.0000  7.9344
      9      [36m0.9022[0m        [32m0.3348[0m       0.7106      0.8277        [94m0.3706[0m     +  0.0000  7.9442
     10      0.8615        0.3379       0.7116      0.8280        [94m0.3688[0m     +  0.0000  7.9645
     11      0.8485        0.3387       0.7099      0.8267        [94m0.3684[0m     +  0.0000  7.9244
     12      0.8797        [32m0.3276[0m       0.7122      0.8292        [94m0.3678[0m     +  0.0000  7.8642
     13      0.8874        0.3305       0.7094      0.8253        [94m0.3673[0m     +  0.0000  7.8616
     14      0.8761        0.3328       0.7099      0.8255        [94m0.3669[0m     +  0.0000  7.8850
     15      0.8858        0.3324       0.7085      0.8247        [94m0.3665[0m     +  0.0000  7.8648
     16      0.8893        [32m0.3212[0m       0.7087      0.8250        [94m0.3663[0m     +  0.0000  7.8836
     17      0.8858        0.3294       0.7083      0.8247        [94m0.3662[0m     +  0.0000  7.8196
     18      0.8797        0.3326       0.7083      0.8252        [94m0.3660[0m     +  0.0000  7.8879
     19      [36m0.9042[0m        0.3219       0.7090      0.8253        [94m0.3658[0m     +  0.0000  7.9195
     20      0.9017        0.3261       0.7095      0.8255        [94m0.3656[0m     +  0.0000  7.8439
     21      0.8766        0.3308       0.7095      0.8256        [94m0.3655[0m     +  0.0000  7.8435
     22      0.8839        0.3332       0.7092      0.8254        [94m0.3654[0m     +  0.0000  7.8754
     23      0.8776        0.3287       0.7097      0.8257        [94m0.3654[0m     +  0.0000  7.9098
     24      0.8846        0.3303       0.7092      0.8254        [94m0.3654[0m     +  0.0000  7.8888
     25      0.8693        0.3306       0.7094      0.8256        [94m0.3653[0m     +  0.0000  7.8504
     26      0.8973        0.3273       0.7095      0.8257        [94m0.3653[0m     +  0.0000  7.8898
     27      [36m0.9055[0m        0.3256       0.7094      0.8256        [94m0.3653[0m     +  0.0000  7.8913
     28      0.8874        0.3322       0.7094      0.8256        [94m0.3652[0m     +  0.0000  7.8742
     29      [36m0.9087[0m        0.3313       0.7092      0.8255        [94m0.3652[0m     +  0.0000  7.8285
     30      0.8933        0.3277       0.7092      0.8255        [94m0.3652[0m     +  0.0000  7.8468
     31      0.8829        0.3333       0.7092      0.8255        [94m0.3652[0m     +  0.0000  7.8270
     32      0.8729        0.3283       0.7092      0.8255        [94m0.3652[0m     +  0.0000  7.8465
     33      0.8819        0.3281       0.7092      0.8255        [94m0.3652[0m     +  0.0000  7.8498
     34      0.9024        0.3290       0.7092      0.8255        [94m0.3651[0m     +  0.0000  7.9624
     35      0.8875        [32m0.3186[0m       0.7095      0.8257        [94m0.3651[0m     +  0.0000  7.8762
     36      0.8888        0.3244       0.7094      0.8256        [94m0.3651[0m     +  0.0000  7.8620
     37      0.8935        0.3330       0.7092      0.8255        [94m0.3651[0m     +  0.0000  7.8200
     38      0.8743        0.3280       0.7092      0.8255        [94m0.3651[0m     +  0.0000  7.8267
     39      0.8825        0.3262       0.7092      0.8255        [94m0.3651[0m     +  0.0000  7.8548
     40      0.8706        0.3338       0.7094      0.8256        [94m0.3651[0m     +  0.0000  7.8784
     41      0.8876        0.3286       0.7094      0.8256        [94m0.3651[0m     +  0.0000  7.8258
     42      [36m0.9106[0m        0.3215       0.7094      0.8256        [94m0.3651[0m     +  0.0000  7.9702
     43      0.8571        0.3361       0.7092      0.8255        [94m0.3651[0m     +  0.0000  7.9052
     44      0.8920        0.3255       0.7092      0.8255        [94m0.3651[0m     +  0.0000  7.8573
     45      0.9036        0.3277       0.7092      0.8255        [94m0.3651[0m     +  0.0000  7.8573
     46      0.9051        0.3248       0.7092      0.8255        [94m0.3651[0m     +  0.0000  7.9351
     47      0.8948        0.3329       0.7092      0.8255        [94m0.3651[0m     +  0.0000  7.8776
Stopping since valid_loss has not improved in the last 11 epochs.
Iteration 3 Test Accuracy: 0.7167
Iteration 3 Test F1 Score (micro): 0.8577
Iteration 3 Test F1 Score (macro): 0.8353
Model checkpoint saved to C:\Users\localuserSKSG\Desktop\Shubham\ActiveLearning/Multilabel_from_multiclass/DinoS/margin_sampling_seed44_test\model_checkpoint_iteration_2.pt

Query 4: Using images from iteration=5 (margin sampling).
Re-initializing module.
Re-initializing criterion.
Re-initializing optimizer.
  epoch    train_f1    train_loss    valid_acc    valid_f1    valid_loss    cp      lr     dur
-------  ----------  ------------  -----------  ----------  ------------  ----  ------  ------
      1      [36m0.8691[0m        [32m0.3509[0m       [35m0.4714[0m      [31m0.2584[0m        [94m0.5516[0m     +  0.0000  8.2546
      2      0.6106        0.4324       [35m0.7403[0m      [31m0.8593[0m        [94m0.3441[0m     +  0.0000  8.1486
      3      [36m0.8739[0m        [32m0.3098[0m       0.7363      0.8555        [94m0.3375[0m     +  0.0000  8.1798
      4      [36m0.8945[0m        [32m0.2964[0m       0.7359      0.8481        [94m0.3338[0m     +  0.0000  8.1248
      5      0.8695        0.3038       0.7366      0.8476        [94m0.3313[0m     +  0.0000  8.1074
      6      [36m0.9021[0m        [32m0.2937[0m       0.7302      0.8465        [94m0.3312[0m     +  0.0000  8.0778
      7      [36m0.9074[0m        0.2942       0.7299      0.8466        [94m0.3303[0m     +  0.0000  8.0794
      8      0.9065        [32m0.2875[0m       0.7321      0.8474        [94m0.3288[0m     +  0.0000  8.0899
      9      0.8911        0.2933       0.7319      0.8466        [94m0.3279[0m     +  0.0000  8.0947
     10      0.9064        0.2896       0.7326      0.8490        [94m0.3268[0m     +  0.0000  8.1426
     11      0.8972        [32m0.2823[0m       0.7314      0.8484        [94m0.3267[0m     +  0.0000  8.1244
     12      0.8986        0.2874       0.7326      0.8483        [94m0.3266[0m     +  0.0000  8.1265
     13      [36m0.9160[0m        0.2898       0.7326      0.8482        [94m0.3260[0m     +  0.0000  8.1271
     14      0.9073        0.2847       0.7339      0.8482        [94m0.3256[0m     +  0.0000  8.0951
     15      0.8809        0.2873       0.7321      0.8457        [94m0.3252[0m     +  0.0000  8.0955
     16      0.8967        0.2852       0.7328      0.8463        [94m0.3251[0m     +  0.0000  8.1573
     17      0.9012        0.2848       0.7326      0.8465        [94m0.3250[0m     +  0.0000  8.1202
     18      [36m0.9195[0m        [32m0.2821[0m       0.7319      0.8455        [94m0.3249[0m     +  0.0000  8.1249
     19      0.9031        0.2870       0.7323      0.8460        [94m0.3248[0m     +  0.0000  8.0798
     20      0.9134        [32m0.2792[0m       0.7321      0.8459        [94m0.3247[0m     +  0.0000  8.1041
     21      0.8885        0.2842       0.7316      0.8456        [94m0.3247[0m     +  0.0000  8.0971
     22      0.9060        0.2866       0.7316      0.8456        [94m0.3247[0m     +  0.0000  8.0928
     23      0.9076        [32m0.2791[0m       0.7316      0.8456        [94m0.3246[0m     +  0.0000  8.1106
     24      0.9093        [32m0.2765[0m       0.7316      0.8457        [94m0.3246[0m     +  0.0000  8.0612
     25      0.9020        0.2803       0.7314      0.8456        [94m0.3245[0m     +  0.0000  8.0918
     26      0.9052        0.2843       0.7314      0.8456        [94m0.3245[0m     +  0.0000  8.0795
     27      0.9101        [32m0.2756[0m       0.7314      0.8456        [94m0.3245[0m     +  0.0000  8.1126
     28      0.9014        0.2853       0.7314      0.8456        [94m0.3245[0m     +  0.0000  8.0772
     29      0.9189        0.2793       0.7316      0.8457        [94m0.3245[0m     +  0.0000  8.1249
     30      0.9139        0.2820       0.7314      0.8456        [94m0.3245[0m     +  0.0000  8.1407
     31      0.8968        0.2846       0.7316      0.8456        0.3245        0.0000  8.1550
     32      0.9161        0.2833       0.7314      0.8456        [94m0.3245[0m     +  0.0000  8.1239
     33      0.9103        0.2798       0.7314      0.8456        [94m0.3245[0m     +  0.0000  8.1422
     34      0.9148        0.2856       0.7316      0.8457        [94m0.3245[0m     +  0.0000  8.1836
     35      0.8910        0.2854       0.7316      0.8457        [94m0.3244[0m     +  0.0000  8.1233
     36      0.8975        0.2815       0.7316      0.8457        [94m0.3244[0m     +  0.0000  8.0939
     37      0.9126        0.2822       0.7316      0.8457        [94m0.3244[0m     +  0.0000  8.0999
     38      0.9052        0.2826       0.7318      0.8458        [94m0.3244[0m     +  0.0000  8.1401
     39      0.9042        0.2767       0.7318      0.8458        [94m0.3244[0m     +  0.0000  8.1644
     40      0.9013        0.2864       0.7318      0.8458        [94m0.3244[0m     +  0.0000  8.1215
     41      0.9145        0.2817       0.7318      0.8458        [94m0.3244[0m     +  0.0000  8.1021
     42      0.9059        0.2800       0.7318      0.8458        [94m0.3244[0m     +  0.0000  8.1250
Stopping since valid_loss has not improved in the last 11 epochs.
Iteration 4 Test Accuracy: 0.7302
Iteration 4 Test F1 Score (micro): 0.8645
Iteration 4 Test F1 Score (macro): 0.8425
Model checkpoint saved to C:\Users\localuserSKSG\Desktop\Shubham\ActiveLearning/Multilabel_from_multiclass/DinoS/margin_sampling_seed44_test\model_checkpoint_iteration_3.pt

Query 5: Using images from iteration=6 (margin sampling).
Re-initializing module.
Re-initializing criterion.
Re-initializing optimizer.
  epoch    train_f1    train_loss    valid_acc    valid_f1    valid_loss    cp      lr     dur
-------  ----------  ------------  -----------  ----------  ------------  ----  ------  ------
      1      [36m0.8274[0m        [32m0.3528[0m       [35m0.6944[0m      [31m0.8278[0m        [94m0.3352[0m     +  0.0000  8.6737
      2      [36m0.9056[0m        [32m0.2900[0m       [35m0.7345[0m      [31m0.8457[0m        [94m0.3312[0m     +  0.0000  8.5702
      3      0.8992        [32m0.2834[0m       [35m0.7556[0m      [31m0.8672[0m        [94m0.3077[0m     +  0.0000  8.5826
      4      [36m0.9061[0m        [32m0.2684[0m       [35m0.7639[0m      [31m0.8693[0m        [94m0.3066[0m     +  0.0000  8.5864
      5      0.9046        [32m0.2651[0m       0.7627      [31m0.8712[0m        [94m0.3029[0m     +  0.0000  8.6152
      6      [36m0.9150[0m        [32m0.2571[0m       0.7594      0.8660        [94m0.2950[0m     +  0.0000  8.5707
      7      0.9108        0.2605       0.7613      0.8674        [94m0.2938[0m     +  0.0000  8.5779
      8      0.9109        [32m0.2570[0m       0.7604      0.8652        [94m0.2925[0m     +  0.0000  8.5482
      9      [36m0.9282[0m        [32m0.2546[0m       0.7611      0.8660        [94m0.2914[0m     +  0.0000  8.6078
     10      0.9233        [32m0.2537[0m       0.7613      0.8670        [94m0.2909[0m     +  0.0000  8.5307
     11      0.9228        [32m0.2526[0m       0.7589      0.8649        [94m0.2907[0m     +  0.0000  8.5919
     12      [36m0.9306[0m        [32m0.2508[0m       0.7587      0.8644        [94m0.2904[0m     +  0.0000  8.5226
     13      [36m0.9372[0m        [32m0.2464[0m       0.7592      0.8643        [94m0.2899[0m     +  0.0000  8.5621
     14      0.9279        0.2478       0.7595      0.8648        [94m0.2897[0m     +  0.0000  8.5783
     15      0.9177        0.2477       0.7575      0.8635        [94m0.2897[0m     +  0.0000  8.6275
     16      0.9310        0.2492       0.7575      0.8635        [94m0.2896[0m     +  0.0000  8.5632
     17      0.9262        [32m0.2441[0m       0.7576      0.8635        [94m0.2895[0m     +  0.0000  8.5918
     18      0.9276        0.2467       0.7573      0.8632        [94m0.2894[0m     +  0.0000  8.5634
     19      0.9279        0.2472       0.7573      0.8631        [94m0.2893[0m     +  0.0000  8.5669
     20      [36m0.9378[0m        [32m0.2436[0m       0.7562      0.8628        [94m0.2892[0m     +  0.0000  8.6099
     21      0.9314        0.2484       0.7573      0.8631        [94m0.2891[0m     +  0.0000  8.6466
     22      0.9204        0.2491       0.7569      0.8629        [94m0.2891[0m     +  0.0000  8.5967
     23      0.9177        0.2514       0.7569      0.8628        [94m0.2890[0m     +  0.0000  8.6400
     24      0.9349        [32m0.2416[0m       0.7569      0.8627        [94m0.2890[0m     +  0.0000  8.5949
     25      0.9342        0.2507       0.7566      0.8625        [94m0.2890[0m     +  0.0000  8.5510
     26      0.9273        0.2470       0.7568      0.8627        [94m0.2890[0m     +  0.0000  8.5457
     27      0.9345        0.2464       0.7568      0.8627        [94m0.2889[0m     +  0.0000  8.6250
     28      0.9323        0.2459       0.7564      0.8625        0.2889        0.0000  8.5156
     29      0.9330        [32m0.2415[0m       0.7561      0.8624        [94m0.2889[0m     +  0.0000  8.5798
     30      0.9352        0.2445       0.7562      0.8625        [94m0.2889[0m     +  0.0000  8.5597
     31      0.9307        0.2482       0.7559      0.8623        [94m0.2889[0m     +  0.0000  8.5862
     32      0.9329        0.2478       0.7564      0.8625        [94m0.2889[0m     +  0.0000  8.5938
     33      0.9366        0.2461       0.7559      0.8623        [94m0.2889[0m     +  0.0000  8.5468
     34      0.9365        0.2474       0.7564      0.8625        [94m0.2889[0m     +  0.0000  8.5513
     35      0.9251        0.2490       0.7562      0.8625        [94m0.2889[0m     +  0.0000  8.5714
     36      [36m0.9395[0m        0.2439       0.7562      0.8625        [94m0.2889[0m     +  0.0000  8.5796
     37      0.9283        0.2492       0.7559      0.8623        [94m0.2889[0m     +  0.0000  8.5316
     38      0.9377        0.2418       0.7562      0.8625        [94m0.2889[0m     +  0.0000  8.5437
     39      [36m0.9417[0m        0.2470       0.7562      0.8625        [94m0.2889[0m     +  0.0000  8.6190
     40      0.9379        0.2477       0.7562      0.8625        [94m0.2889[0m     +  0.0000  8.5273
     41      0.9330        0.2485       0.7562      0.8625        [94m0.2889[0m     +  0.0000  8.6264
     42      0.9285        [32m0.2402[0m       0.7562      0.8625        [94m0.2889[0m     +  0.0000  8.5426
     43      0.9292        0.2479       0.7562      0.8625        [94m0.2889[0m     +  0.0000  8.6330
     44      0.9329        0.2489       0.7562      0.8625        [94m0.2889[0m     +  0.0000  8.5901
     45      0.9294        0.2407       0.7564      0.8625        [94m0.2889[0m     +  0.0000  8.5026
     46      0.9336        0.2469       0.7564      0.8625        [94m0.2889[0m     +  0.0000  8.5141
     47      0.9332        0.2472       0.7564      0.8625        [94m0.2889[0m     +  0.0000  8.5166
     48      0.9292        0.2462       0.7564      0.8625        [94m0.2889[0m     +  0.0000  8.5629
Stopping since valid_loss has not improved in the last 11 epochs.
Iteration 5 Test Accuracy: 0.7516
Iteration 5 Test F1 Score (micro): 0.8788
Iteration 5 Test F1 Score (macro): 0.8619
Model checkpoint saved to C:\Users\localuserSKSG\Desktop\Shubham\ActiveLearning/Multilabel_from_multiclass/DinoS/margin_sampling_seed44_test\model_checkpoint_iteration_4.pt

Query 6: Using images from iteration=7 (margin sampling).
Re-initializing module.
Re-initializing criterion.
Re-initializing optimizer.
  epoch    train_f1    train_loss    valid_acc    valid_f1    valid_loss    cp      lr     dur
-------  ----------  ------------  -----------  ----------  ------------  ----  ------  ------
      1      [36m0.8525[0m        [32m0.3127[0m       [35m0.7585[0m      [31m0.8619[0m        [94m0.2859[0m     +  0.0000  9.5101
      2      [36m0.9053[0m        [32m0.2609[0m       [35m0.7691[0m      0.8587        [94m0.2804[0m     +  0.0000  9.3753
      3      [36m0.9138[0m        [32m0.2512[0m       [35m0.7693[0m      [31m0.8658[0m        [94m0.2751[0m     +  0.0000  9.3271
      4      [36m0.9169[0m        [32m0.2449[0m       [35m0.7717[0m      [31m0.8673[0m        [94m0.2728[0m     +  0.0000  9.3740
      5      [36m0.9171[0m        [32m0.2448[0m       [35m0.7741[0m      0.8652        [94m0.2710[0m     +  0.0000  9.4167
      6      [36m0.9248[0m        [32m0.2394[0m       [35m0.7752[0m      [31m0.8717[0m        [94m0.2676[0m     +  0.0000  9.4031
      7      [36m0.9280[0m        [32m0.2369[0m       [35m0.7759[0m      [31m0.8731[0m        [94m0.2668[0m     +  0.0000  9.3889
      8      0.9215        [32m0.2335[0m       [35m0.7785[0m      0.8721        [94m0.2663[0m     +  0.0000  9.3888
      9      0.9234        0.2342       0.7771      0.8719        [94m0.2657[0m     +  0.0000  9.3918
     10      [36m0.9321[0m        [32m0.2320[0m       [35m0.7792[0m      0.8721        [94m0.2652[0m     +  0.0000  9.3889
     11      [36m0.9327[0m        [32m0.2310[0m       0.7781      [31m0.8737[0m        [94m0.2647[0m     +  0.0000  9.4236
     12      [36m0.9331[0m        0.2317       0.7781      0.8736        [94m0.2645[0m     +  0.0000  9.4025
     13      0.9297        0.2339       0.7786      0.8728        [94m0.2642[0m     +  0.0000  9.4112
     14      0.9236        0.2327       0.7790      0.8736        [94m0.2641[0m     +  0.0000  9.3903
     15      [36m0.9335[0m        [32m0.2308[0m       0.7788      0.8721        [94m0.2640[0m     +  0.0000  9.3905
     16      [36m0.9346[0m        [32m0.2296[0m       0.7783      0.8721        [94m0.2639[0m     +  0.0000  9.4053
     17      0.9275        [32m0.2285[0m       0.7790      0.8729        [94m0.2638[0m     +  0.0000  9.4233
     18      0.9308        0.2295       0.7788      0.8724        [94m0.2637[0m     +  0.0000  9.4528
     19      [36m0.9353[0m        0.2290       [35m0.7793[0m      0.8734        [94m0.2637[0m     +  0.0000  9.4219
     20      0.9296        [32m0.2283[0m       0.7792      0.8734        [94m0.2636[0m     +  0.0000  9.4246
     21      [36m0.9363[0m        0.2295       [35m0.7795[0m      0.8733        [94m0.2636[0m     +  0.0000  9.3911
     22      [36m0.9374[0m        [32m0.2268[0m       0.7793      0.8734        [94m0.2635[0m     +  0.0000  9.4064
     23      [36m0.9393[0m        0.2293       [35m0.7800[0m      0.8736        [94m0.2635[0m     +  0.0000  9.4082
     24      0.9331        [32m0.2258[0m       0.7799      0.8736        [94m0.2635[0m     +  0.0000  9.3900
     25      [36m0.9401[0m        0.2285       0.7800      [31m0.8737[0m        [94m0.2634[0m     +  0.0000  9.3908
     26      0.9354        0.2303       0.7799      0.8735        0.2634        0.0000  9.4210
     27      0.9386        0.2265       0.7799      0.8735        0.2634        0.0000  9.4159
     28      0.9347        0.2274       0.7797      0.8733        0.2634        0.0000  9.4719
     29      0.9317        0.2283       0.7795      0.8731        [94m0.2634[0m     +  0.0000  9.4214
     30      0.9306        [32m0.2248[0m       0.7793      0.8730        [94m0.2634[0m     +  0.0000  9.4163
     31      0.9398        [32m0.2241[0m       0.7795      0.8731        0.2634        0.0000  9.4134
     32      0.9332        0.2292       0.7795      0.8731        [94m0.2634[0m     +  0.0000  9.4339
     33      0.9340        0.2282       0.7793      0.8730        [94m0.2634[0m     +  0.0000  9.4197
     34      0.9332        0.2275       0.7795      0.8732        [94m0.2634[0m     +  0.0000  9.4841
     35      0.9364        0.2269       0.7793      0.8730        0.2634        0.0000  9.5940
     36      0.9378        0.2263       0.7793      0.8730        0.2634        0.0000  9.4667
     37      0.9347        0.2243       0.7795      0.8732        0.2634        0.0000  9.4072
     38      0.9324        0.2288       0.7795      0.8732        0.2634        0.0000  9.4262
     39      0.9373        0.2262       0.7795      0.8732        [94m0.2634[0m     +  0.0000  9.4396
     40      [36m0.9437[0m        0.2281       0.7795      0.8732        [94m0.2634[0m     +  0.0000  9.5281
     41      0.9360        0.2292       0.7795      0.8732        [94m0.2634[0m     +  0.0000  9.4196
     42      0.9342        0.2261       0.7795      0.8732        0.2634        0.0000  9.4377
Stopping since valid_loss has not improved in the last 11 epochs.
Iteration 6 Test Accuracy: 0.7785
Iteration 6 Test F1 Score (micro): 0.8915
Iteration 6 Test F1 Score (macro): 0.8742
Model checkpoint saved to C:\Users\localuserSKSG\Desktop\Shubham\ActiveLearning/Multilabel_from_multiclass/DinoS/margin_sampling_seed44_test\model_checkpoint_iteration_5.pt

Query 7: Using images from iteration=8 (margin sampling).
Re-initializing module.
Re-initializing criterion.
Re-initializing optimizer.
  epoch    train_f1    train_loss    valid_acc    valid_f1    valid_loss    cp      lr      dur
-------  ----------  ------------  -----------  ----------  ------------  ----  ------  -------
      1      [36m0.8910[0m        [32m0.2707[0m       [35m0.7804[0m      [31m0.8785[0m        [94m0.2609[0m     +  0.0000  11.0782
      2      [36m0.9267[0m        [32m0.2293[0m       [35m0.7964[0m      [31m0.8842[0m        [94m0.2532[0m     +  0.0000  10.8604
      3      [36m0.9351[0m        [32m0.2219[0m       [35m0.8012[0m      [31m0.8864[0m        [94m0.2493[0m     +  0.0000  10.8402
      4      [36m0.9380[0m        [32m0.2166[0m       0.7979      0.8858        [94m0.2484[0m     +  0.0000  10.8439
      5      0.9350        [32m0.2145[0m       [35m0.8101[0m      [31m0.8901[0m        [94m0.2449[0m     +  0.0000  10.8541
      6      [36m0.9436[0m        [32m0.2064[0m       [35m0.8122[0m      0.8900        [94m0.2435[0m     +  0.0000  10.8595
      7      [36m0.9457[0m        [32m0.2061[0m       0.8118      [31m0.8909[0m        [94m0.2430[0m     +  0.0000  10.8927
      8      0.9441        [32m0.2055[0m       [35m0.8165[0m      [31m0.8910[0m        [94m0.2419[0m     +  0.0000  10.8630
      9      [36m0.9486[0m        [32m0.2036[0m       0.8158      [31m0.8922[0m        [94m0.2416[0m     +  0.0000  10.9585
     10      0.9475        0.2044       [35m0.8177[0m      [31m0.8931[0m        [94m0.2409[0m     +  0.0000  10.9038
     11      [36m0.9494[0m        [32m0.2023[0m       [35m0.8189[0m      0.8917        [94m0.2401[0m     +  0.0000  10.8277
     12      [36m0.9514[0m        0.2027       [35m0.8210[0m      0.8920        [94m0.2397[0m     +  0.0000  10.8898
     13      0.9508        [32m0.1997[0m       0.8208      0.8921        [94m0.2395[0m     +  0.0000  10.9367
     14      [36m0.9521[0m        [32m0.1979[0m       0.8201      0.8917        [94m0.2393[0m     +  0.0000  10.8923
     15      0.9517        0.2002       0.8200      0.8917        [94m0.2391[0m     +  0.0000  10.9281
     16      0.9511        0.2010       [35m0.8215[0m      0.8923        [94m0.2389[0m     +  0.0000  10.9239
     17      0.9485        0.1987       0.8212      0.8920        [94m0.2389[0m     +  0.0000  10.8862
     18      [36m0.9549[0m        [32m0.1968[0m       0.8214      0.8919        [94m0.2389[0m     +  0.0000  10.8933
     19      0.9526        0.1979       0.8214      0.8920        [94m0.2387[0m     +  0.0000  10.9323
     20      [36m0.9562[0m        0.1975       0.8212      0.8921        [94m0.2386[0m     +  0.0000  10.9054
     21      0.9518        0.1991       0.8215      0.8921        [94m0.2386[0m     +  0.0000  10.8892
     22      0.9523        0.1996       [35m0.8219[0m      0.8921        [94m0.2386[0m     +  0.0000  10.9292
     23      [36m0.9566[0m        [32m0.1963[0m       0.8219      0.8919        [94m0.2385[0m     +  0.0000  10.9378
     24      0.9559        [32m0.1963[0m       0.8215      0.8918        [94m0.2385[0m     +  0.0000  10.9363
     25      [36m0.9575[0m        [32m0.1953[0m       0.8212      0.8920        [94m0.2385[0m     +  0.0000  10.9522
     26      0.9547        0.1984       0.8215      0.8921        [94m0.2384[0m     +  0.0000  10.8938
     27      [36m0.9585[0m        0.1985       0.8217      0.8921        [94m0.2384[0m     +  0.0000  11.0092
     28      0.9542        [32m0.1944[0m       0.8214      0.8918        [94m0.2384[0m     +  0.0000  10.8916
     29      0.9516        0.1985       0.8212      0.8917        [94m0.2384[0m     +  0.0000  10.9372
     30      0.9548        0.1995       0.8212      0.8918        [94m0.2384[0m     +  0.0000  10.8733
     31      0.9509        0.1983       0.8210      0.8916        [94m0.2384[0m     +  0.0000  10.9176
     32      0.9552        0.1982       0.8210      0.8916        [94m0.2384[0m     +  0.0000  10.9023
     33      0.9509        0.1994       0.8210      0.8917        [94m0.2384[0m     +  0.0000  10.9132
     34      [36m0.9585[0m        0.1980       0.8210      0.8916        [94m0.2384[0m     +  0.0000  10.8842
     35      0.9547        0.1959       0.8212      0.8917        [94m0.2384[0m     +  0.0000  10.9308
     36      0.9524        0.1971       0.8212      0.8917        0.2384        0.0000  10.9175
     37      0.9541        0.1964       0.8212      0.8917        [94m0.2384[0m     +  0.0000  10.8704
     38      0.9564        0.1971       0.8212      0.8917        [94m0.2384[0m     +  0.0000  10.8690
     39      0.9525        0.1973       0.8212      0.8917        0.2384        0.0000  10.8687
     40      0.9547        0.1981       0.8210      0.8916        [94m0.2384[0m     +  0.0000  10.8546
     41      0.9525        0.1970       0.8210      0.8916        [94m0.2384[0m     +  0.0000  10.9144
     42      0.9477        0.1986       0.8210      0.8917        [94m0.2384[0m     +  0.0000  10.8852
     43      0.9547        0.1980       0.8210      0.8917        [94m0.2384[0m     +  0.0000  10.9314
     44      0.9551        0.1967       0.8212      0.8917        [94m0.2384[0m     +  0.0000  10.9002
Stopping since valid_loss has not improved in the last 11 epochs.
Iteration 7 Test Accuracy: 0.7991
Iteration 7 Test F1 Score (micro): 0.9033
Iteration 7 Test F1 Score (macro): 0.8868
Model checkpoint saved to C:\Users\localuserSKSG\Desktop\Shubham\ActiveLearning/Multilabel_from_multiclass/DinoS/margin_sampling_seed44_test\model_checkpoint_iteration_6.pt

Query 8: Using images from iteration=9 (margin sampling).
Re-initializing module.
Re-initializing criterion.
Re-initializing optimizer.
  epoch    train_f1    train_loss    valid_acc    valid_f1    valid_loss    cp      lr      dur
-------  ----------  ------------  -----------  ----------  ------------  ----  ------  -------
      1      [36m0.9126[0m        [32m0.2371[0m       [35m0.8177[0m      [31m0.8820[0m        [94m0.2389[0m     +  0.0000  13.7458
      2      [36m0.9381[0m        [32m0.2055[0m       [35m0.8247[0m      [31m0.8920[0m        [94m0.2322[0m     +  0.0000  13.4491
      3      [36m0.9429[0m        [32m0.1992[0m       [35m0.8252[0m      0.8805        0.2350        0.0000  13.4196
      4      [36m0.9445[0m        [32m0.1950[0m       [35m0.8307[0m      [31m0.8942[0m        [94m0.2277[0m     +  0.0000  13.5595
      5      [36m0.9509[0m        [32m0.1908[0m       0.8280      0.8811        0.2314        0.0000  13.5417
      6      [36m0.9553[0m        [32m0.1845[0m       [35m0.8313[0m      0.8934        [94m0.2240[0m     +  0.0000  13.6064
      7      0.9543        [32m0.1816[0m       [35m0.8358[0m      [31m0.8958[0m        [94m0.2228[0m     +  0.0000  13.5588
      8      [36m0.9585[0m        [32m0.1808[0m       0.8347      0.8951        [94m0.2222[0m     +  0.0000  13.5597
      9      0.9562        [32m0.1805[0m       [35m0.8363[0m      [31m0.8968[0m        [94m0.2215[0m     +  0.0000  13.6238
     10      0.9576        [32m0.1797[0m       [35m0.8368[0m      0.8956        [94m0.2214[0m     +  0.0000  13.5424
     11      [36m0.9622[0m        [32m0.1766[0m       0.8354      [31m0.8970[0m        [94m0.2204[0m     +  0.0000  13.6062
     12      0.9606        0.1779       0.8365      [31m0.8976[0m        [94m0.2200[0m     +  0.0000  13.5100
     13      [36m0.9626[0m        [32m0.1755[0m       0.8366      [31m0.8980[0m        [94m0.2197[0m     +  0.0000  13.4994
     14      0.9612        [32m0.1755[0m       0.8368      0.8968        0.2200        0.0000  13.5107
     15      0.9613        0.1764       [35m0.8375[0m      0.8977        [94m0.2195[0m     +  0.0000  13.4800
     16      [36m0.9628[0m        [32m0.1742[0m       0.8363      [31m0.8985[0m        [94m0.2190[0m     +  0.0000  13.4971
     17      0.9617        0.1749       0.8359      [31m0.8987[0m        [94m0.2187[0m     +  0.0000  13.4951
     18      [36m0.9636[0m        0.1743       0.8370      [31m0.8989[0m        0.2187        0.0000  13.5430
     19      [36m0.9640[0m        [32m0.1735[0m       0.8370      0.8986        [94m0.2186[0m     +  0.0000  13.5404
     20      [36m0.9642[0m        0.1744       0.8366      0.8987        [94m0.2185[0m     +  0.0000  13.4806
     21      0.9612        0.1752       0.8363      [31m0.8990[0m        [94m0.2183[0m     +  0.0000  13.4826
     22      0.9613        0.1742       0.8359      0.8987        [94m0.2183[0m     +  0.0000  13.5287
     23      [36m0.9649[0m        0.1741       0.8366      [31m0.8991[0m        0.2183        0.0000  13.5752
     24      0.9629        [32m0.1735[0m       0.8365      0.8990        0.2183        0.0000  13.4948
     25      0.9621        0.1749       0.8359      0.8987        [94m0.2182[0m     +  0.0000  13.4897
     26      0.9636        0.1736       0.8358      0.8986        [94m0.2182[0m     +  0.0000  13.5104
     27      0.9645        0.1739       0.8363      0.8988        0.2182        0.0000  13.4788
     28      0.9625        0.1744       0.8370      [31m0.8992[0m        0.2182        0.0000  13.4962
     29      0.9626        [32m0.1729[0m       0.8361      0.8987        [94m0.2182[0m     +  0.0000  13.5284
     30      0.9629        0.1737       0.8366      0.8990        0.2182        0.0000  13.4979
     31      0.9627        [32m0.1727[0m       0.8365      0.8989        [94m0.2182[0m     +  0.0000  13.5578
     32      0.9630        0.1738       0.8365      0.8989        [94m0.2181[0m     +  0.0000  13.5589
     33      0.9647        [32m0.1723[0m       0.8365      0.8989        [94m0.2181[0m     +  0.0000  13.5144
     34      0.9628        [32m0.1722[0m       0.8363      0.8988        [94m0.2181[0m     +  0.0000  13.6209
     35      0.9638        [32m0.1717[0m       0.8363      0.8988        [94m0.2181[0m     +  0.0000  13.5426
     36      0.9626        0.1742       0.8363      0.8988        0.2181        0.0000  13.5591
     37      0.9616        0.1734       0.8363      0.8988        [94m0.2181[0m     +  0.0000  13.4800
     38      0.9637        0.1742       0.8363      0.8988        [94m0.2181[0m     +  0.0000  13.4982
     39      0.9617        [32m0.1713[0m       0.8363      0.8988        0.2181        0.0000  13.5266
     40      0.9625        0.1727       0.8363      0.8988        [94m0.2181[0m     +  0.0000  13.4945
     41      0.9601        0.1728       0.8363      0.8988        [94m0.2181[0m     +  0.0000  13.4950
     42      0.9636        0.1719       0.8363      0.8988        0.2181        0.0000  13.5758
     43      [36m0.9650[0m        0.1717       0.8363      0.8988        0.2181        0.0000  13.5410
     44      0.9633        0.1721       0.8363      0.8988        [94m0.2181[0m     +  0.0000  13.4787
     45      0.9627        0.1714       0.8363      0.8988        [94m0.2181[0m     +  0.0000  13.5692
     46      0.9612        0.1751       0.8363      0.8988        0.2181        0.0000  13.4983
     47      0.9630        0.1726       0.8363      0.8988        0.2181        0.0000  13.5614
     48      0.9629        0.1739       0.8363      0.8988        [94m0.2181[0m     +  0.0000  13.5257
Stopping since valid_loss has not improved in the last 11 epochs.
Iteration 8 Test Accuracy: 0.8156
Iteration 8 Test F1 Score (micro): 0.9121
Iteration 8 Test F1 Score (macro): 0.8974
Model checkpoint saved to C:\Users\localuserSKSG\Desktop\Shubham\ActiveLearning/Multilabel_from_multiclass/DinoS/margin_sampling_seed44_test\model_checkpoint_iteration_7.pt

Query 9: Using images from iteration=10 (margin sampling).
Re-initializing module.
Re-initializing criterion.
Re-initializing optimizer.
  epoch    train_f1    train_loss    valid_acc    valid_f1    valid_loss    cp      lr      dur
-------  ----------  ------------  -----------  ----------  ------------  ----  ------  -------
      1      [36m0.9368[0m        [32m0.1973[0m       [35m0.8276[0m      [31m0.8986[0m        [94m0.2168[0m     +  0.0000  18.3904
      2      [36m0.9562[0m        [32m0.1743[0m       [35m0.8321[0m      [31m0.8996[0m        [94m0.2119[0m     +  0.0000  18.0638
      3      [36m0.9594[0m        [32m0.1691[0m       [35m0.8332[0m      0.8994        [94m0.2092[0m     +  0.0000  18.2523
      4      [36m0.9618[0m        [32m0.1641[0m       [35m0.8380[0m      0.8995        [94m0.2079[0m     +  0.0000  18.2242
      5      [36m0.9642[0m        [32m0.1609[0m       0.8370      0.8986        [94m0.2066[0m     +  0.0000  18.2978
      6      [36m0.9657[0m        [32m0.1565[0m       0.8358      0.8965        [94m0.2058[0m     +  0.0000  18.2364
      7      [36m0.9668[0m        0.1566       [35m0.8399[0m      0.8982        [94m0.2054[0m     +  0.0000  18.2517
      8      [36m0.9683[0m        [32m0.1544[0m       0.8394      0.8960        0.2054        0.0000  18.1882
      9      [36m0.9694[0m        [32m0.1525[0m       0.8391      0.8974        [94m0.2044[0m     +  0.0000  18.1574
     10      [36m0.9696[0m        [32m0.1516[0m       0.8398      0.8971        [94m0.2041[0m     +  0.0000  18.2380
     11      [36m0.9702[0m        [32m0.1505[0m       [35m0.8408[0m      0.8975        [94m0.2038[0m     +  0.0000  18.2024
     12      0.9698        [32m0.1500[0m       0.8396      0.8962        0.2040        0.0000  18.2346
     13      [36m0.9703[0m        [32m0.1498[0m       [35m0.8418[0m      0.8967        0.2040        0.0000  18.1575
     14      [36m0.9731[0m        [32m0.1469[0m       0.8382      0.8955        [94m0.2038[0m     +  0.0000  18.2167
     15      0.9713        0.1475       0.8415      0.8960        0.2043        0.0000  18.1260
     16      0.9712        [32m0.1458[0m       0.8415      0.8970        [94m0.2033[0m     +  0.0000  18.2346
     17      0.9712        0.1479       0.8413      0.8967        0.2033        0.0000  18.1872
     18      0.9712        0.1476       0.8403      0.8962        [94m0.2031[0m     +  0.0000  18.2692
     19      0.9702        0.1467       0.8417      0.8966        [94m0.2031[0m     +  0.0000  18.1566
     20      0.9726        0.1464       0.8408      0.8963        0.2032        0.0000  18.2658
     21      0.9717        0.1463       0.8415      0.8967        [94m0.2030[0m     +  0.0000  18.2790
     22      0.9718        0.1466       0.8418      0.8969        [94m0.2029[0m     +  0.0000  18.1248
     23      0.9708        0.1478       [35m0.8422[0m      0.8968        0.2030        0.0000  18.1415
     24      0.9719        0.1472       0.8413      0.8970        [94m0.2027[0m     +  0.0000  18.2334
     25      0.9718        0.1473       0.8418      0.8969        0.2027        0.0000  18.1413
     26      0.9724        0.1461       0.8422      0.8971        0.2027        0.0000  18.2372
     27      0.9719        0.1475       0.8420      0.8973        [94m0.2027[0m     +  0.0000  18.2160
     28      0.9725        [32m0.1437[0m       0.8420      0.8969        0.2027        0.0000  18.1084
     29      0.9725        0.1454       [35m0.8425[0m      0.8973        [94m0.2027[0m     +  0.0000  18.2198
     30      0.9721        0.1451       0.8424      0.8971        [94m0.2027[0m     +  0.0000  18.1412
     31      0.9721        0.1456       [35m0.8429[0m      0.8977        [94m0.2026[0m     +  0.0000  18.3025
     32      0.9729        0.1448       0.8420      0.8971        [94m0.2026[0m     +  0.0000  18.2967
     33      0.9727        0.1465       0.8420      0.8971        0.2026        0.0000  18.0945
     34      [36m0.9732[0m        0.1455       0.8417      0.8969        [94m0.2026[0m     +  0.0000  18.2695
     35      0.9725        0.1460       0.8420      0.8974        [94m0.2026[0m     +  0.0000  18.1428
     36      [36m0.9739[0m        0.1459       0.8420      0.8974        [94m0.2026[0m     +  0.0000  18.1571
     37      0.9723        0.1461       0.8420      0.8972        0.2026        0.0000  18.1551
     38      0.9718        0.1462       0.8420      0.8972        0.2026        0.0000  18.2312
     39      0.9732        0.1456       0.8417      0.8969        0.2026        0.0000  18.1396
     40      0.9719        0.1466       0.8418      0.8971        0.2026        0.0000  18.2490
     41      0.9722        0.1466       0.8418      0.8971        0.2026        0.0000  18.2199
     42      0.9722        0.1464       0.8417      0.8969        0.2026        0.0000  18.2321
     43      0.9722        0.1456       0.8417      0.8969        0.2026        0.0000  18.1528
     44      0.9720        0.1462       0.8417      0.8969        0.2026        0.0000  18.1397
     45      0.9713        0.1450       0.8417      0.8969        0.2026        0.0000  18.2649
Stopping since valid_loss has not improved in the last 11 epochs.
Iteration 9 Test Accuracy: 0.8181
Iteration 9 Test F1 Score (micro): 0.9145
Iteration 9 Test F1 Score (macro): 0.9000
Model checkpoint saved to C:\Users\localuserSKSG\Desktop\Shubham\ActiveLearning/Multilabel_from_multiclass/DinoS/margin_sampling_seed44_test\model_checkpoint_iteration_8.pt

Query 10: Using images from iteration=11 (margin sampling).
Re-initializing module.
Re-initializing criterion.
Re-initializing optimizer.
  epoch    train_f1    train_loss    valid_acc    valid_f1    valid_loss    cp      lr      dur
-------  ----------  ------------  -----------  ----------  ------------  ----  ------  -------
      1      [36m0.9531[0m        [32m0.1674[0m       [35m0.8417[0m      [31m0.9023[0m        [94m0.1983[0m     +  0.0000  26.3533
      2      [36m0.9658[0m        [32m0.1485[0m       0.8410      [31m0.9027[0m        [94m0.1974[0m     +  0.0000  26.2722
      3      [36m0.9690[0m        [32m0.1447[0m       0.8363      0.9009        0.1982        0.0000  26.5076
      4      [36m0.9690[0m        [32m0.1404[0m       0.8380      0.9026        0.1980        0.0000  26.5520
      5      [36m0.9701[0m        [32m0.1374[0m       0.8273      0.9009        0.2036        0.0000  26.6335
      6      [36m0.9741[0m        [32m0.1321[0m       0.8342      0.9002        [94m0.1970[0m     +  0.0000  26.5529
      7      [36m0.9747[0m        [32m0.1304[0m       0.8323      0.8993        0.1973        0.0000  26.5703
      8      0.9742        [32m0.1300[0m       0.8318      0.9002        0.1984        0.0000  26.5345
      9      [36m0.9748[0m        [32m0.1284[0m       0.8285      0.8988        0.1985        0.0000  26.4116
     10      [36m0.9757[0m        [32m0.1269[0m       0.8283      0.8987        0.1985        0.0000  26.3994
     11      [36m0.9760[0m        [32m0.1250[0m       0.8314      0.8955        [94m0.1959[0m     +  0.0000  26.5222
     12      [36m0.9764[0m        [32m0.1246[0m       0.8311      0.8953        [94m0.1957[0m     +  0.0000  26.5395
     13      0.9761        [32m0.1236[0m       0.8306      0.8941        0.1958        0.0000  26.3987
     14      [36m0.9769[0m        0.1236       0.8297      0.8967        0.1970        0.0000  26.5862
     15      0.9767        [32m0.1230[0m       0.8321      0.8960        0.1958        0.0000  26.4894
     16      0.9766        [32m0.1227[0m       0.8342      0.8933        0.1957        0.0000  26.4738
     17      [36m0.9773[0m        [32m0.1219[0m       0.8339      0.8929        [94m0.1956[0m     +  0.0000  26.5704
     18      0.9769        0.1225       0.8333      0.8940        [94m0.1955[0m     +  0.0000  26.3685
     19      [36m0.9779[0m        0.1219       0.8325      0.8917        [94m0.1952[0m     +  0.0000  26.5548
     20      0.9777        [32m0.1218[0m       0.8340      0.8926        0.1954        0.0000  26.3817
     21      [36m0.9782[0m        [32m0.1211[0m       0.8335      0.8912        0.1956        0.0000  26.3818
     22      0.9769        0.1215       0.8339      0.8908        0.1956        0.0000  26.4730
     23      0.9772        [32m0.1205[0m       0.8339      0.8906        0.1956        0.0000  26.5369
     24      [36m0.9784[0m        0.1210       0.8330      0.8901        0.1956        0.0000  26.4265
     25      0.9781        0.1220       0.8335      0.8904        0.1955        0.0000  26.4919
     26      0.9773        0.1208       0.8347      0.8906        0.1957        0.0000  26.4896
     27      0.9779        [32m0.1204[0m       0.8352      0.8903        0.1957        0.0000  26.4717
     28      0.9783        0.1206       0.8352      0.8907        0.1957        0.0000  26.6096
     29      0.9781        0.1205       0.8351      0.8907        0.1957        0.0000  26.6080
Stopping since valid_loss has not improved in the last 11 epochs.
Iteration 10 Test Accuracy: 0.8127
Iteration 10 Test F1 Score (micro): 0.9140
Iteration 10 Test F1 Score (macro): 0.8993
Model checkpoint saved to C:\Users\localuserSKSG\Desktop\Shubham\ActiveLearning/Multilabel_from_multiclass/DinoS/margin_sampling_seed44_test\model_checkpoint_iteration_9.pt

Query 11: Using images from iteration=12 (margin sampling).
Re-initializing module.
Re-initializing criterion.
Re-initializing optimizer.
  epoch    train_f1    train_loss    valid_acc    valid_f1    valid_loss    cp      lr      dur
-------  ----------  ------------  -----------  ----------  ------------  ----  ------  -------
      1      [36m0.9635[0m        [32m0.1387[0m       [35m0.8314[0m      [31m0.8965[0m        [94m0.1916[0m     +  0.0000  40.9378
      2      [36m0.9747[0m        [32m0.1215[0m       [35m0.8392[0m      0.8955        [94m0.1899[0m     +  0.0000  41.1921
      3      [36m0.9758[0m        [32m0.1176[0m       0.8370      [31m0.8979[0m        [94m0.1886[0m     +  0.0000  41.3622
      4      [36m0.9770[0m        [32m0.1134[0m       [35m0.8444[0m      0.8960        [94m0.1861[0m     +  0.0000  41.4245
      5      [36m0.9782[0m        [32m0.1097[0m       0.8139      0.8974        0.1997        0.0000  41.3948
      6      [36m0.9802[0m        [32m0.1049[0m       0.8276      0.8937        0.1905        0.0000  41.2392
      7      [36m0.9809[0m        [32m0.1039[0m       0.8260      0.8913        0.1903        0.0000  41.2364
      8      [36m0.9819[0m        [32m0.1025[0m       0.8260      0.8921        0.1903        0.0000  41.1889
      9      [36m0.9823[0m        [32m0.1009[0m       0.8292      0.8927        0.1887        0.0000  41.1717
     10      0.9822        [32m0.0991[0m       0.8276      0.8947        0.1905        0.0000  41.2839
     11      [36m0.9837[0m        [32m0.0975[0m       0.8314      0.8924        0.1879        0.0000  41.2207
     12      0.9835        [32m0.0971[0m       0.8288      0.8891        0.1877        0.0000  41.1604
     13      [36m0.9844[0m        [32m0.0961[0m       0.8293      0.8904        0.1882        0.0000  41.1904
     14      0.9841        0.0962       0.8290      0.8901        0.1885        0.0000  41.2030
Stopping since valid_loss has not improved in the last 11 epochs.
Iteration 11 Test Accuracy: 0.8417
Iteration 11 Test F1 Score (micro): 0.9275
Iteration 11 Test F1 Score (macro): 0.9153
Model checkpoint saved to C:\Users\localuserSKSG\Desktop\Shubham\ActiveLearning/Multilabel_from_multiclass/DinoS/margin_sampling_seed44_test\model_checkpoint_iteration_10.pt

Query 12: Using images from iteration=13 (margin sampling).
Re-initializing module.
Re-initializing criterion.
Re-initializing optimizer.
  epoch    train_f1    train_loss    valid_acc    valid_f1    valid_loss    cp      lr      dur
-------  ----------  ------------  -----------  ----------  ------------  ----  ------  -------
      1      [36m0.9743[0m        [32m0.1138[0m       [35m0.8288[0m      [31m0.8952[0m        [94m0.1937[0m     +  0.0000  67.0980
      2      [36m0.9792[0m        [32m0.1034[0m       0.8113      0.8882        0.2036        0.0000  67.4569
      3      [36m0.9806[0m        [32m0.0985[0m       0.8083      0.8895        0.2074        0.0000  67.7624
      4      [36m0.9820[0m        [32m0.0938[0m       0.8175      0.8901        0.1965        0.0000  67.5535
      5      [36m0.9834[0m        [32m0.0897[0m       0.8135      0.8862        0.1969        0.0000  67.4231
      6      [36m0.9856[0m        [32m0.0848[0m       0.8181      0.8864        [94m0.1898[0m     +  0.0000  67.8720
      7      [36m0.9858[0m        [32m0.0831[0m       0.8193      0.8879        0.1910        0.0000  67.4545
      8      [36m0.9866[0m        [32m0.0816[0m       0.8181      0.8866        [94m0.1891[0m     +  0.0000  67.6394
      9      0.9866        [32m0.0799[0m       0.8134      0.8841        0.1918        0.0000  67.4080
     10      [36m0.9869[0m        [32m0.0784[0m       0.8160      0.8875        0.1940        0.0000  67.5207
     11      [36m0.9881[0m        [32m0.0761[0m       0.8201      0.8865        [94m0.1889[0m     +  0.0000  67.5089
     12      [36m0.9881[0m        [32m0.0758[0m       0.8186      0.8864        0.1898        0.0000  67.4493
     13      [36m0.9883[0m        [32m0.0749[0m       0.8177      0.8856        0.1897        0.0000  67.4238
     14      [36m0.9886[0m        [32m0.0745[0m       0.8194      0.8869        0.1904        0.0000  67.4696
     15      [36m0.9888[0m        [32m0.0737[0m       0.8177      0.8860        0.1905        0.0000  67.3830
     16      [36m0.9891[0m        [32m0.0731[0m       0.8198      0.8867        0.1894        0.0000  67.3966
     17      [36m0.9894[0m        [32m0.0725[0m       0.8196      0.8865        0.1899        0.0000  67.4313
     18      [36m0.9896[0m        [32m0.0724[0m       0.8179      0.8856        0.1904        0.0000  67.4451
     19      0.9893        [32m0.0723[0m       0.8170      0.8855        0.1906        0.0000  67.2743
     20      0.9892        [32m0.0717[0m       0.8177      0.8856        0.1903        0.0000  67.5094
     21      [36m0.9896[0m        [32m0.0714[0m       0.8191      0.8860        0.1905        0.0000  67.5173
Stopping since valid_loss has not improved in the last 11 epochs.
Iteration 12 Test Accuracy: 0.8448
Iteration 12 Test F1 Score (micro): 0.9289
Iteration 12 Test F1 Score (macro): 0.9181
Model checkpoint saved to C:\Users\localuserSKSG\Desktop\Shubham\ActiveLearning/Multilabel_from_multiclass/DinoS/margin_sampling_seed44_test\model_checkpoint_iteration_11.pt

Query 13: Using images from iteration=14 (margin sampling).
Re-initializing module.
Re-initializing criterion.
Re-initializing optimizer.
  epoch    train_f1    train_loss    valid_acc    valid_f1    valid_loss    cp      lr      dur
-------  ----------  ------------  -----------  ----------  ------------  ----  ------  -------
      1      [36m0.9823[0m        [32m0.0814[0m       [35m0.7920[0m      [31m0.8812[0m        [94m0.2172[0m     +  0.0000  78.0390
      2      [36m0.9856[0m        [32m0.0749[0m       0.7844      [31m0.8835[0m        0.2304        0.0000  78.2026
      3      0.9855        [32m0.0722[0m       [35m0.8038[0m      [31m0.8847[0m        [94m0.2018[0m     +  0.0000  78.2509
      4      [36m0.9866[0m        [32m0.0688[0m       [35m0.8094[0m      0.8796        [94m0.1938[0m     +  0.0000  78.0789
      5      [36m0.9866[0m        [32m0.0664[0m       0.7771      0.8664        0.2272        0.0000  77.9871
      6      [36m0.9885[0m        [32m0.0623[0m       [35m0.8158[0m      0.8837        [94m0.1868[0m     +  0.0000  78.0312
      7      [36m0.9897[0m        [32m0.0602[0m       0.8156      0.8839        0.1886        0.0000  78.0191
      8      0.9897        [32m0.0591[0m       [35m0.8161[0m      [31m0.8865[0m        0.1922        0.0000  78.1519
      9      [36m0.9903[0m        [32m0.0575[0m       0.8128      0.8845        0.1912        0.0000  78.1427
     10      [36m0.9904[0m        [32m0.0565[0m       0.8139      0.8832        0.1926        0.0000  78.0988
     11      [36m0.9913[0m        [32m0.0549[0m       0.8137      0.8843        0.1928        0.0000  78.0323
     12      [36m0.9917[0m        [32m0.0546[0m       0.8127      0.8816        0.1928        0.0000  78.1272
     13      [36m0.9919[0m        [32m0.0539[0m       0.8134      0.8827        0.1926        0.0000  78.2584
     14      [36m0.9922[0m        [32m0.0531[0m       0.8134      0.8831        0.1946        0.0000  78.1425
     15      [36m0.9922[0m        [32m0.0529[0m       0.8116      0.8822        0.1968        0.0000  78.1822
     16      [36m0.9925[0m        [32m0.0520[0m       0.8113      0.8822        0.1957        0.0000  78.2652
Stopping since valid_loss has not improved in the last 11 epochs.
Iteration 13 Test Accuracy: 0.8366
Iteration 13 Test F1 Score (micro): 0.9252
Iteration 13 Test F1 Score (macro): 0.9135
Model checkpoint saved to C:\Users\localuserSKSG\Desktop\Shubham\ActiveLearning/Multilabel_from_multiclass/DinoS/margin_sampling_seed44_test\model_checkpoint_iteration_12.pt

Best F1 score across all iterations: 0.9181
Pickle file saved to C:\Users\localuserSKSG\Desktop\Shubham\ActiveLearning/Multilabel_from_multiclass/DinoS/margin_sampling_seed44_test\AL_margin_sampling_results_for_multilabel_classification_s44.pickle
