Train set shape: (26880, 5)
Val set shape:   (5760, 5)
Test set shape:  (5760, 5)
Selected images DataFrame (Entropy Sampling):
   Iteration                                       Sample_Names
0          1  Spule035_Image0269.jpg,Spule020_Image0191.jpg,...
1          2  Spule032_Image0062.jpg,Spule027_Image0001.jpg,...
2          3  Spule015_Image0099.jpg,Spule026_Image0543.jpg,...
3          4  Spule013_Image0890.jpg,Spule038_Image0880.jpg,...
4          5  Spule011_Image0824.jpg,Spule007_Image0844.jpg,...
  epoch    train_f1    train_loss    valid_acc    valid_f1    valid_loss    cp      lr     dur
-------  ----------  ------------  -----------  ----------  ------------  ----  ------  ------
      1      [36m0.3535[0m        [32m0.6743[0m       [35m0.2219[0m      [31m0.6712[0m        [94m0.6724[0m     +  0.0000  7.9376
      2      [36m0.6415[0m        [32m0.6580[0m       0.1997      [31m0.7026[0m        0.6876        0.0000  7.2924
      3      [36m0.6796[0m        [32m0.6159[0m       [35m0.2753[0m      0.2984        0.6780        0.0000  7.3270
      4      [36m0.7222[0m        0.6164       [35m0.2872[0m      0.3195        0.6872        0.0000  7.3267
      5      0.7222        [32m0.5965[0m       [35m0.3036[0m      0.4068        0.6840        0.0000  7.4070
      6      [36m0.8426[0m        [32m0.5903[0m       0.3023      0.4010        0.6850        0.0000  7.4851
      7      0.6333        [32m0.5746[0m       [35m0.3087[0m      0.4587        0.6882        0.0000  7.4854
      8      [36m0.8783[0m        [32m0.5166[0m       0.2988      0.4779        0.6887        0.0000  7.4653
      9      0.8320        0.5479       0.3002      0.4798        0.6897        0.0000  7.4801
     10      0.8783        [32m0.5115[0m       0.3042      0.4731        0.6917        0.0000  7.5475
     11      0.7222        0.5467       0.2986      0.4719        0.6922        0.0000  7.5100
Stopping since valid_loss has not improved in the last 11 epochs.
Pre-training scores with initial data:
  F1 (macro) = 0.5318
  F1 (micro) = 0.5364
  Accuracy   = 0.3358

Query 1: Using images from iteration=2 (entropy sampling).
Re-initializing module.
Re-initializing criterion.
Re-initializing optimizer.
  epoch    train_f1    train_loss    valid_acc    valid_f1    valid_loss    cp      lr     dur
-------  ----------  ------------  -----------  ----------  ------------  ----  ------  ------
      1      [36m0.6369[0m        [32m0.6536[0m       [35m0.2755[0m      [31m0.4471[0m        [94m0.6477[0m     +  0.0000  7.6716
      2      0.5549        [32m0.6204[0m       0.2566      [31m0.7121[0m        [94m0.6363[0m     +  0.0000  7.6202
      3      0.4806        [32m0.6031[0m       [35m0.2884[0m      0.5085        [94m0.6343[0m     +  0.0000  7.6116
      4      [36m0.8003[0m        [32m0.5443[0m       0.2741      0.4208        [94m0.6246[0m     +  0.0000  7.5817
      5      0.5857        [32m0.5374[0m       [35m0.3425[0m      0.5705        [94m0.6197[0m     +  0.0000  7.5897
      6      0.7922        [32m0.5314[0m       0.3396      0.5744        [94m0.6110[0m     +  0.0000  7.6376
      7      0.7706        0.5326       0.3424      0.5815        [94m0.6063[0m     +  0.0000  7.6287
      8      [36m0.8859[0m        [32m0.5032[0m       [35m0.3531[0m      0.5820        [94m0.6007[0m     +  0.0000  7.6055
      9      0.8133        0.5176       [35m0.3609[0m      0.5869        [94m0.5973[0m     +  0.0000  7.6161
     10      0.8822        [32m0.4865[0m       [35m0.3689[0m      0.5918        [94m0.5927[0m     +  0.0000  7.6547
     11      0.8801        [32m0.4790[0m       0.3681      0.5941        [94m0.5922[0m     +  0.0000  7.6247
     12      0.8648        [32m0.4770[0m       [35m0.3785[0m      0.5977        [94m0.5901[0m     +  0.0000  7.6459
     13      [36m0.8915[0m        [32m0.4596[0m       [35m0.3821[0m      0.6011        [94m0.5896[0m     +  0.0000  7.6118
     14      0.8488        0.4755       [35m0.3906[0m      0.6046        [94m0.5878[0m     +  0.0000  7.6378
     15      [36m0.8990[0m        0.4633       [35m0.3917[0m      0.6081        [94m0.5863[0m     +  0.0000  7.6653
     16      0.8902        0.4606       [35m0.3946[0m      0.6090        [94m0.5855[0m     +  0.0000  7.6477
     17      0.8024        0.4889       [35m0.3951[0m      0.6100        [94m0.5850[0m     +  0.0000  7.6451
     18      0.8855        [32m0.4552[0m       [35m0.3969[0m      0.6107        [94m0.5844[0m     +  0.0000  7.6507
     19      0.8659        0.4852       0.3964      0.6111        [94m0.5840[0m     +  0.0000  7.6315
     20      0.8190        0.4689       [35m0.3972[0m      0.6108        [94m0.5837[0m     +  0.0000  7.6756
     21      [36m0.9087[0m        0.4630       0.3967      0.6108        [94m0.5836[0m     +  0.0000  7.7070
     22      0.8721        0.4734       0.3970      0.6109        [94m0.5834[0m     +  0.0000  7.6807
     23      0.8915        0.4607       [35m0.3977[0m      0.6112        [94m0.5831[0m     +  0.0000  7.6416
     24      0.8973        [32m0.4523[0m       0.3967      0.6110        [94m0.5830[0m     +  0.0000  7.6748
     25      0.8661        0.4617       0.3969      0.6112        [94m0.5828[0m     +  0.0000  7.6253
     26      [36m0.9244[0m        [32m0.4473[0m       0.3972      0.6114        [94m0.5828[0m     +  0.0000  7.6280
     27      0.8553        0.4682       0.3972      0.6114        [94m0.5827[0m     +  0.0000  7.6526
     28      0.8528        0.4708       0.3974      0.6115        [94m0.5826[0m     +  0.0000  7.6277
     29      0.8648        0.4549       0.3974      0.6115        [94m0.5826[0m     +  0.0000  7.6289
     30      0.8154        0.4719       0.3974      0.6115        [94m0.5825[0m     +  0.0000  7.6529
     31      0.8935        0.4588       0.3976      0.6116        [94m0.5825[0m     +  0.0000  7.6528
     32      0.8752        0.4543       0.3974      0.6115        [94m0.5825[0m     +  0.0000  7.6431
     33      0.8535        0.4638       [35m0.3979[0m      0.6119        [94m0.5825[0m     +  0.0000  7.6392
     34      0.9038        0.4701       [35m0.3981[0m      0.6118        [94m0.5824[0m     +  0.0000  7.6879
     35      0.8865        0.4659       0.3976      0.6116        [94m0.5824[0m     +  0.0000  7.6502
     36      0.8927        0.4663       0.3976      0.6116        [94m0.5824[0m     +  0.0000  7.6466
     37      0.9087        0.4561       0.3974      0.6116        0.5824        0.0000  7.6592
     38      0.8797        0.4688       0.3974      0.6116        [94m0.5824[0m     +  0.0000  7.6721
     39      0.9132        0.4722       0.3977      0.6122        [94m0.5824[0m     +  0.0000  7.6563
     40      0.8973        0.4717       0.3979      0.6121        [94m0.5824[0m     +  0.0000  7.7078
     41      0.8778        0.4662       0.3977      0.6121        [94m0.5824[0m     +  0.0000  7.6623
     42      0.8357        0.4790       0.3977      0.6121        [94m0.5824[0m     +  0.0000  7.6091
     43      0.9024        0.4665       0.3977      0.6121        [94m0.5824[0m     +  0.0000  7.6406
     44      0.8768        0.4664       0.3977      0.6121        [94m0.5824[0m     +  0.0000  7.6452
     45      0.8753        0.4631       0.3979      0.6121        [94m0.5824[0m     +  0.0000  7.7192
     46      0.8468        0.4884       0.3979      0.6121        [94m0.5824[0m     +  0.0000  7.8021
Stopping since valid_loss has not improved in the last 11 epochs.
Iteration 1 Test Accuracy: 0.3538
Iteration 1 Test F1 Score (micro): 0.6063
Iteration 1 Test F1 Score (macro): 0.5613
Model checkpoint saved to C:\Users\localuserSKSG\Desktop\Shubham\ActiveLearning/Multilabel_from_multiclass/DinoS/entropy_sampling_seed46_test\model_checkpoint_iteration_0.pt

Query 2: Using images from iteration=3 (entropy sampling).
Re-initializing module.
Re-initializing criterion.
Re-initializing optimizer.
  epoch    train_f1    train_loss    valid_acc    valid_f1    valid_loss    cp      lr     dur
-------  ----------  ------------  -----------  ----------  ------------  ----  ------  ------
      1      [36m0.7449[0m        [32m0.5252[0m       [35m0.4981[0m      [31m0.2403[0m        [94m0.5800[0m     +  0.0000  7.9394
      2      0.3109        0.5315       0.3613      [31m0.6370[0m        [94m0.5658[0m     +  0.0000  7.8099
      3      [36m0.8004[0m        [32m0.5071[0m       [35m0.5111[0m      0.3907        [94m0.5510[0m     +  0.0000  7.8436
      4      0.7359        [32m0.4776[0m       [35m0.5715[0m      [31m0.7111[0m        [94m0.5003[0m     +  0.0000  7.7865
      5      [36m0.8901[0m        [32m0.4360[0m       [35m0.6057[0m      0.6996        [94m0.4918[0m     +  0.0000  7.6911
      6      0.8566        [32m0.4273[0m       [35m0.6115[0m      0.7108        [94m0.4831[0m     +  0.0000  7.6184
      7      [36m0.9056[0m        [32m0.4195[0m       [35m0.6123[0m      [31m0.7160[0m        [94m0.4785[0m     +  0.0000  7.6315
      8      0.8686        [32m0.4116[0m       [35m0.6128[0m      [31m0.7209[0m        [94m0.4741[0m     +  0.0000  7.5961
      9      [36m0.9076[0m        [32m0.3944[0m       [35m0.6146[0m      0.7173        [94m0.4719[0m     +  0.0000  7.6177
     10      0.8911        0.4097       [35m0.6179[0m      [31m0.7215[0m        [94m0.4687[0m     +  0.0000  7.6554
     11      0.8965        0.4011       0.6177      [31m0.7219[0m        [94m0.4678[0m     +  0.0000  7.6281
     12      [36m0.9133[0m        0.4001       [35m0.6181[0m      0.7209        [94m0.4667[0m     +  0.0000  7.6077
     13      0.8869        [32m0.3935[0m       0.6179      0.7216        [94m0.4658[0m     +  0.0000  7.6000
     14      0.8734        0.3946       0.6153      0.7200        [94m0.4648[0m     +  0.0000  7.6122
     15      0.9039        [32m0.3867[0m       0.6167      0.7199        [94m0.4637[0m     +  0.0000  7.6208
     16      0.8854        0.4014       0.6177      0.7206        [94m0.4633[0m     +  0.0000  7.6127
     17      0.8814        0.3906       0.6174      0.7202        [94m0.4630[0m     +  0.0000  7.6458
     18      [36m0.9254[0m        [32m0.3806[0m       0.6175      0.7207        [94m0.4627[0m     +  0.0000  7.6188
     19      0.8888        0.3928       0.6179      0.7210        [94m0.4623[0m     +  0.0000  7.6055
     20      0.8830        0.3947       0.6170      0.7210        [94m0.4619[0m     +  0.0000  7.6376
     21      0.9052        [32m0.3731[0m       0.6175      0.7212        [94m0.4618[0m     +  0.0000  7.6396
     22      0.8531        0.3812       0.6177      0.7212        [94m0.4617[0m     +  0.0000  7.6041
     23      0.9187        0.3895       0.6175      0.7212        [94m0.4616[0m     +  0.0000  7.6118
     24      0.8945        0.3914       0.6170      0.7207        [94m0.4615[0m     +  0.0000  7.6082
     25      0.8967        0.3869       0.6172      0.7207        [94m0.4614[0m     +  0.0000  7.5947
     26      0.9215        0.3831       0.6170      0.7206        [94m0.4614[0m     +  0.0000  7.6375
     27      0.8732        0.3851       0.6172      0.7207        [94m0.4614[0m     +  0.0000  7.6340
     28      0.9244        0.3805       0.6172      0.7207        [94m0.4613[0m     +  0.0000  7.6588
     29      0.9110        0.3801       0.6172      0.7208        [94m0.4613[0m     +  0.0000  7.6370
     30      0.8741        0.3868       0.6174      0.7208        [94m0.4612[0m     +  0.0000  7.6430
     31      0.8867        0.3993       0.6172      0.7208        [94m0.4612[0m     +  0.0000  7.6208
     32      0.8853        0.3995       0.6172      0.7207        [94m0.4612[0m     +  0.0000  7.6262
     33      0.9077        0.3813       0.6174      0.7208        [94m0.4612[0m     +  0.0000  7.6111
     34      0.9086        0.3865       0.6172      0.7207        [94m0.4612[0m     +  0.0000  7.5920
     35      0.8716        0.3847       0.6172      0.7207        [94m0.4612[0m     +  0.0000  7.6236
     36      0.9044        0.3813       0.6172      0.7207        [94m0.4611[0m     +  0.0000  7.6276
     37      0.9065        0.3965       0.6172      0.7207        [94m0.4611[0m     +  0.0000  7.5972
     38      0.8994        0.3904       0.6172      0.7207        [94m0.4611[0m     +  0.0000  7.6211
     39      0.9065        0.3920       0.6172      0.7207        [94m0.4611[0m     +  0.0000  7.6272
     40      0.8953        0.3941       0.6172      0.7207        [94m0.4611[0m     +  0.0000  7.6274
     41      0.8827        0.3848       0.6172      0.7207        [94m0.4611[0m     +  0.0000  7.6213
     42      0.8971        0.3829       0.6172      0.7207        [94m0.4611[0m     +  0.0000  7.6002
     43      0.9126        0.3885       0.6172      0.7207        [94m0.4611[0m     +  0.0000  7.5952
     44      0.9056        0.3913       0.6172      0.7207        [94m0.4611[0m     +  0.0000  7.6070
     45      [36m0.9422[0m        0.3799       0.6172      0.7207        [94m0.4611[0m     +  0.0000  7.5802
     46      0.8890        0.3820       0.6172      0.7207        [94m0.4611[0m     +  0.0000  7.6074
     47      0.9105        0.3918       0.6172      0.7207        [94m0.4611[0m     +  0.0000  7.6561
Stopping since valid_loss has not improved in the last 11 epochs.
Iteration 2 Test Accuracy: 0.6106
Iteration 2 Test F1 Score (micro): 0.7854
Iteration 2 Test F1 Score (macro): 0.7175
Model checkpoint saved to C:\Users\localuserSKSG\Desktop\Shubham\ActiveLearning/Multilabel_from_multiclass/DinoS/entropy_sampling_seed46_test\model_checkpoint_iteration_1.pt

Query 3: Using images from iteration=4 (entropy sampling).
Re-initializing module.
Re-initializing criterion.
Re-initializing optimizer.
  epoch    train_f1    train_loss    valid_acc    valid_f1    valid_loss    cp      lr     dur
-------  ----------  ------------  -----------  ----------  ------------  ----  ------  ------
      1      [36m0.8103[0m        [32m0.4413[0m       [35m0.5457[0m      [31m0.7262[0m        [94m0.4402[0m     +  0.0000  7.9060
      2      [36m0.8386[0m        [32m0.4271[0m       0.5408      0.4835        0.4844        0.0000  7.7857
      3      0.7670        0.4281       [35m0.6026[0m      [31m0.8001[0m        0.4583        0.0000  7.7813
      4      0.8303        0.4384       [35m0.6825[0m      0.7742        [94m0.4141[0m     +  0.0000  7.7727
      5      [36m0.8901[0m        [32m0.3898[0m       [35m0.7010[0m      [31m0.8064[0m        [94m0.3955[0m     +  0.0000  7.7697
      6      0.8846        [32m0.3700[0m       [35m0.7099[0m      [31m0.8126[0m        [94m0.3905[0m     +  0.0000  7.7696
      7      0.8832        0.3716       [35m0.7116[0m      [31m0.8138[0m        [94m0.3884[0m     +  0.0000  7.7872
      8      0.8797        [32m0.3618[0m       [35m0.7148[0m      [31m0.8143[0m        [94m0.3873[0m     +  0.0000  7.8163
      9      [36m0.9132[0m        [32m0.3577[0m       [35m0.7161[0m      [31m0.8162[0m        [94m0.3849[0m     +  0.0000  7.9242
     10      0.8856        0.3604       [35m0.7193[0m      [31m0.8180[0m        [94m0.3832[0m     +  0.0000  7.8277
     11      0.8986        [32m0.3556[0m       0.7188      0.8178        [94m0.3823[0m     +  0.0000  7.7772
     12      0.9108        0.3574       0.7184      0.8178        [94m0.3818[0m     +  0.0000  7.8424
     13      0.8985        [32m0.3481[0m       0.7186      0.8179        [94m0.3814[0m     +  0.0000  7.7806
     14      0.9060        0.3518       0.7188      0.8177        [94m0.3808[0m     +  0.0000  7.7596
     15      0.8940        0.3588       0.7186      0.8180        [94m0.3802[0m     +  0.0000  7.7830
     16      0.9049        0.3585       0.7189      [31m0.8181[0m        [94m0.3800[0m     +  0.0000  7.7471
     17      0.8808        [32m0.3438[0m       0.7188      [31m0.8181[0m        [94m0.3797[0m     +  0.0000  7.7745
     18      0.9039        0.3501       0.7193      [31m0.8182[0m        [94m0.3795[0m     +  0.0000  7.7973
     19      0.9043        0.3511       0.7186      0.8180        [94m0.3793[0m     +  0.0000  7.7766
     20      [36m0.9152[0m        0.3463       0.7184      0.8179        [94m0.3791[0m     +  0.0000  7.7959
     21      0.9070        0.3473       0.7186      0.8181        [94m0.3790[0m     +  0.0000  7.7982
     22      [36m0.9160[0m        0.3478       0.7184      0.8180        [94m0.3789[0m     +  0.0000  7.7499
     23      0.9002        0.3472       0.7189      0.8181        [94m0.3788[0m     +  0.0000  7.7539
     24      0.9131        0.3454       0.7188      0.8180        [94m0.3787[0m     +  0.0000  7.7811
     25      0.9057        0.3525       0.7191      0.8182        [94m0.3787[0m     +  0.0000  7.7394
     26      0.9051        [32m0.3392[0m       0.7191      0.8182        [94m0.3786[0m     +  0.0000  7.7858
     27      0.8984        0.3501       [35m0.7194[0m      [31m0.8184[0m        [94m0.3786[0m     +  0.0000  7.7731
     28      0.9150        0.3440       0.7194      0.8184        [94m0.3786[0m     +  0.0000  7.7485
     29      0.8837        0.3521       [35m0.7196[0m      [31m0.8185[0m        [94m0.3786[0m     +  0.0000  7.7694
     30      0.8974        0.3493       0.7194      0.8184        [94m0.3785[0m     +  0.0000  7.7958
     31      0.9052        0.3479       0.7194      0.8184        [94m0.3785[0m     +  0.0000  7.7487
     32      0.9072        0.3429       0.7196      0.8185        [94m0.3785[0m     +  0.0000  7.7789
     33      0.9102        0.3461       0.7196      0.8185        [94m0.3785[0m     +  0.0000  7.7593
     34      0.9000        0.3595       0.7196      0.8185        [94m0.3785[0m     +  0.0000  7.7807
     35      0.8860        0.3557       0.7196      0.8185        [94m0.3785[0m     +  0.0000  7.7634
     36      0.9025        0.3586       0.7196      0.8185        [94m0.3785[0m     +  0.0000  7.7628
     37      0.9005        0.3397       0.7196      0.8185        [94m0.3785[0m     +  0.0000  7.7799
     38      0.9086        0.3443       0.7196      0.8185        [94m0.3785[0m     +  0.0000  7.7599
     39      0.9014        0.3517       0.7196      0.8185        [94m0.3785[0m     +  0.0000  7.7624
     40      0.9049        0.3445       0.7196      0.8185        [94m0.3785[0m     +  0.0000  7.7992
     41      0.8899        0.3518       0.7196      0.8185        [94m0.3785[0m     +  0.0000  7.9218
     42      0.8966        0.3436       0.7196      0.8185        [94m0.3785[0m     +  0.0000  7.8438
     43      0.9115        0.3426       0.7196      0.8185        [94m0.3785[0m     +  0.0000  7.8279
     44      0.8974        0.3470       0.7196      0.8185        [94m0.3785[0m     +  0.0000  7.8804
     45      0.9012        0.3521       0.7196      0.8185        [94m0.3785[0m     +  0.0000  7.8474
Stopping since valid_loss has not improved in the last 11 epochs.
Iteration 3 Test Accuracy: 0.7427
Iteration 3 Test F1 Score (micro): 0.8632
Iteration 3 Test F1 Score (macro): 0.8338
Model checkpoint saved to C:\Users\localuserSKSG\Desktop\Shubham\ActiveLearning/Multilabel_from_multiclass/DinoS/entropy_sampling_seed46_test\model_checkpoint_iteration_2.pt

Query 4: Using images from iteration=5 (entropy sampling).
Re-initializing module.
Re-initializing criterion.
Re-initializing optimizer.
  epoch    train_f1    train_loss    valid_acc    valid_f1    valid_loss    cp      lr     dur
-------  ----------  ------------  -----------  ----------  ------------  ----  ------  ------
      1      [36m0.8476[0m        [32m0.3730[0m       [35m0.5780[0m      [31m0.7687[0m        [94m0.4846[0m     +  0.0000  8.1901
      2      0.8268        0.4278       [35m0.7087[0m      [31m0.8385[0m        [94m0.3650[0m     +  0.0000  8.0791
      3      [36m0.8729[0m        [32m0.3549[0m       [35m0.7415[0m      [31m0.8557[0m        [94m0.3418[0m     +  0.0000  8.1014
      4      [36m0.8911[0m        [32m0.3283[0m       [35m0.7439[0m      [31m0.8563[0m        [94m0.3371[0m     +  0.0000  8.1633
      5      [36m0.8965[0m        [32m0.3237[0m       [35m0.7460[0m      [31m0.8568[0m        [94m0.3334[0m     +  0.0000  8.0446
      6      [36m0.8995[0m        [32m0.3076[0m       [35m0.7472[0m      [31m0.8576[0m        [94m0.3311[0m     +  0.0000  8.0950
      7      0.8950        0.3091       [35m0.7488[0m      [31m0.8585[0m        [94m0.3296[0m     +  0.0000  8.1585
      8      0.8942        0.3114       [35m0.7502[0m      [31m0.8592[0m        [94m0.3286[0m     +  0.0000  8.1874
      9      0.8858        0.3102       [35m0.7503[0m      [31m0.8595[0m        [94m0.3273[0m     +  0.0000  8.2621
     10      [36m0.9007[0m        [32m0.3041[0m       0.7497      0.8591        [94m0.3263[0m     +  0.0000  8.1101
     11      [36m0.9098[0m        0.3070       0.7502      0.8594        [94m0.3257[0m     +  0.0000  8.0644
     12      0.9084        0.3066       [35m0.7505[0m      [31m0.8596[0m        [94m0.3253[0m     +  0.0000  8.1104
     13      0.8986        0.3051       [35m0.7507[0m      [31m0.8598[0m        [94m0.3250[0m     +  0.0000  8.0656
     14      0.9046        [32m0.3038[0m       [35m0.7512[0m      [31m0.8599[0m        [94m0.3247[0m     +  0.0000  8.0636
     15      0.9017        [32m0.3019[0m       0.7505      0.8596        [94m0.3242[0m     +  0.0000  8.0477
     16      [36m0.9100[0m        [32m0.3000[0m       0.7510      0.8598        [94m0.3240[0m     +  0.0000  8.0309
     17      0.9095        [32m0.2968[0m       [35m0.7516[0m      [31m0.8600[0m        [94m0.3239[0m     +  0.0000  8.0800
     18      0.9056        0.2993       [35m0.7519[0m      [31m0.8600[0m        [94m0.3237[0m     +  0.0000  8.0578
     19      [36m0.9120[0m        0.2979       0.7519      [31m0.8602[0m        [94m0.3236[0m     +  0.0000  8.0296
     20      0.9076        0.3017       [35m0.7523[0m      0.8601        [94m0.3235[0m     +  0.0000  8.0383
     21      0.9070        0.3026       0.7523      0.8601        [94m0.3234[0m     +  0.0000  8.0488
     22      0.9092        0.2977       0.7523      0.8601        [94m0.3234[0m     +  0.0000  8.0636
     23      0.9103        0.3078       0.7523      [31m0.8604[0m        [94m0.3233[0m     +  0.0000  8.0491
     24      0.9095        [32m0.2947[0m       [35m0.7524[0m      [31m0.8605[0m        [94m0.3232[0m     +  0.0000  8.0425
     25      0.9118        0.3005       0.7523      0.8603        [94m0.3232[0m     +  0.0000  8.0807
     26      0.9046        0.3001       0.7523      0.8603        [94m0.3232[0m     +  0.0000  8.0631
     27      0.9087        0.3007       0.7523      0.8603        [94m0.3232[0m     +  0.0000  8.0959
     28      0.9024        0.3027       0.7523      0.8603        [94m0.3232[0m     +  0.0000  8.0888
     29      0.9102        0.2994       0.7523      0.8603        [94m0.3231[0m     +  0.0000  8.0966
     30      0.9041        0.3041       0.7523      0.8603        [94m0.3231[0m     +  0.0000  8.0485
     31      [36m0.9191[0m        0.2988       0.7523      0.8603        [94m0.3231[0m     +  0.0000  8.0361
     32      0.9001        0.3020       0.7523      0.8603        [94m0.3231[0m     +  0.0000  8.0895
     33      0.9070        0.3022       0.7523      0.8603        [94m0.3231[0m     +  0.0000  8.0485
     34      0.9072        0.2996       0.7523      0.8603        [94m0.3231[0m     +  0.0000  8.0265
     35      0.9165        0.3030       0.7523      0.8603        [94m0.3231[0m     +  0.0000  8.0967
     36      0.9094        0.2986       0.7523      0.8603        [94m0.3231[0m     +  0.0000  8.0460
     37      0.9133        0.2994       0.7523      0.8603        [94m0.3231[0m     +  0.0000  8.0472
     38      0.9105        0.2961       0.7523      0.8603        [94m0.3231[0m     +  0.0000  8.1083
     39      0.9011        0.3060       0.7523      0.8603        [94m0.3231[0m     +  0.0000  8.0637
     40      0.9031        0.3017       0.7523      0.8603        [94m0.3231[0m     +  0.0000  8.2506
     41      0.8984        0.3000       0.7523      0.8603        [94m0.3231[0m     +  0.0000  8.1912
     42      0.8977        0.2984       0.7523      0.8603        [94m0.3231[0m     +  0.0000  8.1394
     43      0.9146        0.3010       0.7523      0.8603        [94m0.3231[0m     +  0.0000  8.0987
     44      0.9089        0.3020       0.7523      0.8603        [94m0.3231[0m     +  0.0000  8.1508
Stopping since valid_loss has not improved in the last 11 epochs.
Iteration 4 Test Accuracy: 0.7595
Iteration 4 Test F1 Score (micro): 0.8744
Iteration 4 Test F1 Score (macro): 0.8553
Model checkpoint saved to C:\Users\localuserSKSG\Desktop\Shubham\ActiveLearning/Multilabel_from_multiclass/DinoS/entropy_sampling_seed46_test\model_checkpoint_iteration_3.pt

Query 5: Using images from iteration=6 (entropy sampling).
Re-initializing module.
Re-initializing criterion.
Re-initializing optimizer.
  epoch    train_f1    train_loss    valid_acc    valid_f1    valid_loss    cp      lr     dur
-------  ----------  ------------  -----------  ----------  ------------  ----  ------  ------
      1      [36m0.8534[0m        [32m0.3443[0m       [35m0.7432[0m      [31m0.8534[0m        [94m0.3230[0m     +  0.0000  8.6931
      2      0.8464        0.3454       [35m0.7439[0m      [31m0.8560[0m        [94m0.3150[0m     +  0.0000  8.6137
      3      [36m0.8962[0m        [32m0.2981[0m       [35m0.7559[0m      [31m0.8591[0m        [94m0.3059[0m     +  0.0000  8.5614
      4      [36m0.9060[0m        [32m0.2819[0m       0.7533      0.8538        [94m0.3051[0m     +  0.0000  8.5797
      5      [36m0.9068[0m        0.2829       0.7519      0.8540        [94m0.3024[0m     +  0.0000  8.5716
      6      [36m0.9140[0m        [32m0.2769[0m       [35m0.7615[0m      [31m0.8624[0m        [94m0.3005[0m     +  0.0000  8.5482
      7      [36m0.9147[0m        [32m0.2757[0m       0.7611      0.8624        [94m0.2998[0m     +  0.0000  8.5269
      8      0.9142        [32m0.2704[0m       [35m0.7620[0m      [31m0.8635[0m        [94m0.2990[0m     +  0.0000  8.5313
      9      [36m0.9156[0m        0.2713       [35m0.7630[0m      [31m0.8644[0m        [94m0.2980[0m     +  0.0000  8.5578
     10      0.9084        0.2747       0.7625      0.8640        [94m0.2970[0m     +  0.0000  8.5055
     11      0.9121        [32m0.2663[0m       [35m0.7642[0m      [31m0.8653[0m        [94m0.2968[0m     +  0.0000  8.5360
     12      [36m0.9159[0m        0.2674       0.7639      0.8653        [94m0.2964[0m     +  0.0000  8.6355
     13      [36m0.9172[0m        [32m0.2660[0m       0.7641      0.8653        [94m0.2961[0m     +  0.0000  8.6685
     14      0.9150        0.2692       0.7642      [31m0.8654[0m        [94m0.2958[0m     +  0.0000  8.6259
     15      0.9152        [32m0.2637[0m       [35m0.7644[0m      [31m0.8657[0m        [94m0.2956[0m     +  0.0000  8.6899
     16      0.9161        0.2675       0.7642      0.8656        [94m0.2955[0m     +  0.0000  8.6844
     17      0.9162        0.2674       0.7644      0.8657        [94m0.2954[0m     +  0.0000  8.7388
     18      0.9157        0.2672       0.7642      0.8656        [94m0.2952[0m     +  0.0000  8.6101
     19      0.9097        0.2676       [35m0.7649[0m      0.8657        [94m0.2951[0m     +  0.0000  8.6380
     20      0.9156        0.2668       0.7644      0.8657        [94m0.2950[0m     +  0.0000  8.7486
     21      [36m0.9192[0m        0.2650       0.7644      [31m0.8659[0m        [94m0.2949[0m     +  0.0000  8.8293
     22      [36m0.9210[0m        0.2637       0.7648      [31m0.8660[0m        [94m0.2949[0m     +  0.0000  8.6114
     23      0.9210        0.2706       0.7642      0.8657        [94m0.2949[0m     +  0.0000  8.6662
     24      0.9195        [32m0.2603[0m       0.7642      0.8656        [94m0.2948[0m     +  0.0000  8.6481
     25      [36m0.9218[0m        0.2628       0.7646      0.8659        [94m0.2948[0m     +  0.0000  8.6078
     26      [36m0.9220[0m        0.2655       0.7644      0.8657        [94m0.2948[0m     +  0.0000  8.6355
     27      0.9188        0.2651       0.7646      0.8658        [94m0.2947[0m     +  0.0000  8.6096
     28      0.9147        0.2654       0.7646      0.8658        [94m0.2947[0m     +  0.0000  8.6010
     29      0.9135        0.2661       0.7646      0.8659        [94m0.2947[0m     +  0.0000  8.6246
     30      0.9174        0.2650       0.7644      0.8657        [94m0.2947[0m     +  0.0000  8.5966
     31      0.9191        [32m0.2586[0m       0.7646      0.8659        [94m0.2947[0m     +  0.0000  8.5781
     32      0.9181        0.2644       0.7646      0.8659        [94m0.2947[0m     +  0.0000  8.5932
     33      0.9182        0.2674       0.7646      0.8659        [94m0.2947[0m     +  0.0000  8.6207
     34      0.9179        0.2664       0.7646      0.8658        [94m0.2947[0m     +  0.0000  8.6374
     35      0.9132        0.2680       0.7644      0.8657        [94m0.2946[0m     +  0.0000  8.6246
     36      0.9150        0.2642       0.7644      0.8657        [94m0.2946[0m     +  0.0000  8.5996
     37      [36m0.9260[0m        0.2642       0.7644      0.8657        [94m0.2946[0m     +  0.0000  8.7031
     38      [36m0.9272[0m        0.2636       0.7644      0.8657        [94m0.2946[0m     +  0.0000  8.5730
     39      0.9152        0.2645       0.7644      0.8657        [94m0.2946[0m     +  0.0000  8.6471
     40      0.9121        0.2604       0.7644      0.8657        [94m0.2946[0m     +  0.0000  8.5954
     41      0.9158        0.2648       0.7644      0.8657        [94m0.2946[0m     +  0.0000  8.6347
     42      0.9211        0.2631       0.7644      0.8657        [94m0.2946[0m     +  0.0000  8.6120
     43      0.9136        0.2635       0.7644      0.8657        [94m0.2946[0m     +  0.0000  8.6808
     44      0.9159        0.2662       0.7644      0.8657        [94m0.2946[0m     +  0.0000  8.6097
     45      0.9232        0.2649       0.7644      0.8657        [94m0.2946[0m     +  0.0000  8.7492
     46      0.9255        0.2643       0.7644      0.8657        [94m0.2946[0m     +  0.0000  8.6962
     47      0.9136        0.2627       0.7644      0.8657        [94m0.2946[0m     +  0.0000  8.7058
Stopping since valid_loss has not improved in the last 11 epochs.
Iteration 5 Test Accuracy: 0.7615
Iteration 5 Test F1 Score (micro): 0.8777
Iteration 5 Test F1 Score (macro): 0.8586
Model checkpoint saved to C:\Users\localuserSKSG\Desktop\Shubham\ActiveLearning/Multilabel_from_multiclass/DinoS/entropy_sampling_seed46_test\model_checkpoint_iteration_4.pt

Query 6: Using images from iteration=7 (entropy sampling).
Re-initializing module.
Re-initializing criterion.
Re-initializing optimizer.
  epoch    train_f1    train_loss    valid_acc    valid_f1    valid_loss    cp      lr     dur
-------  ----------  ------------  -----------  ----------  ------------  ----  ------  ------
      1      [36m0.8419[0m        [32m0.3257[0m       [35m0.7514[0m      [31m0.8593[0m        [94m0.2909[0m     +  0.0000  9.6745
      2      [36m0.9033[0m        [32m0.2696[0m       [35m0.7521[0m      0.8549        [94m0.2840[0m     +  0.0000  9.4992
      3      [36m0.9063[0m        [32m0.2618[0m       [35m0.7592[0m      [31m0.8622[0m        [94m0.2809[0m     +  0.0000  9.4733
      4      [36m0.9071[0m        [32m0.2574[0m       [35m0.7653[0m      [31m0.8671[0m        [94m0.2779[0m     +  0.0000  9.4854
      5      [36m0.9137[0m        [32m0.2494[0m       [35m0.7658[0m      [31m0.8675[0m        [94m0.2755[0m     +  0.0000  9.4505
      6      [36m0.9144[0m        [32m0.2489[0m       0.7616      0.8590        [94m0.2731[0m     +  0.0000  9.5008
      7      [36m0.9223[0m        [32m0.2431[0m       0.7637      0.8619        [94m0.2720[0m     +  0.0000  9.5291
      8      [36m0.9230[0m        0.2450       0.7580      0.8567        [94m0.2719[0m     +  0.0000  9.4379
      9      [36m0.9276[0m        [32m0.2430[0m       0.7637      0.8608        [94m0.2702[0m     +  0.0000  9.4540
     10      0.9221        0.2443       [35m0.7688[0m      0.8633        [94m0.2687[0m     +  0.0000  9.5156
     11      0.9165        [32m0.2401[0m       [35m0.7708[0m      0.8667        [94m0.2684[0m     +  0.0000  9.4836
     12      0.9228        0.2423       [35m0.7710[0m      0.8672        [94m0.2683[0m     +  0.0000  9.4724
     13      0.9208        [32m0.2388[0m       0.7710      0.8668        [94m0.2680[0m     +  0.0000  9.5163
     14      0.9256        [32m0.2377[0m       [35m0.7712[0m      0.8669        [94m0.2679[0m     +  0.0000  9.4680
     15      [36m0.9277[0m        0.2389       [35m0.7724[0m      0.8674        [94m0.2676[0m     +  0.0000  9.4676
     16      0.9248        0.2381       0.7719      0.8674        [94m0.2675[0m     +  0.0000  9.5207
     17      0.9275        [32m0.2373[0m       [35m0.7729[0m      [31m0.8680[0m        [94m0.2674[0m     +  0.0000  9.4717
     18      0.9271        [32m0.2368[0m       [35m0.7734[0m      [31m0.8687[0m        [94m0.2672[0m     +  0.0000  9.5313
     19      [36m0.9287[0m        0.2372       [35m0.7736[0m      [31m0.8687[0m        [94m0.2672[0m     +  0.0000  9.5157
     20      [36m0.9303[0m        [32m0.2333[0m       [35m0.7740[0m      0.8687        [94m0.2670[0m     +  0.0000  9.4667
     21      0.9232        0.2363       0.7731      0.8682        [94m0.2670[0m     +  0.0000  9.5350
     22      0.9276        0.2335       0.7740      [31m0.8687[0m        [94m0.2669[0m     +  0.0000  9.4537
     23      0.9204        0.2384       [35m0.7741[0m      [31m0.8688[0m        [94m0.2669[0m     +  0.0000  9.4837
     24      0.9286        0.2361       0.7740      0.8687        [94m0.2669[0m     +  0.0000  9.5110
     25      0.9274        0.2374       0.7740      0.8687        [94m0.2668[0m     +  0.0000  9.4800
     26      0.9237        0.2378       0.7740      0.8687        [94m0.2668[0m     +  0.0000  9.5000
     27      [36m0.9331[0m        0.2368       0.7741      [31m0.8689[0m        [94m0.2668[0m     +  0.0000  9.5158
     28      0.9299        0.2373       [35m0.7747[0m      [31m0.8693[0m        [94m0.2668[0m     +  0.0000  9.5444
     29      0.9297        0.2354       [35m0.7748[0m      [31m0.8695[0m        [94m0.2668[0m     +  0.0000  9.4682
     30      0.9305        0.2346       0.7743      0.8694        [94m0.2668[0m     +  0.0000  9.4407
     31      0.9329        0.2355       0.7743      0.8695        [94m0.2668[0m     +  0.0000  9.5669
     32      0.9263        0.2354       0.7743      [31m0.8696[0m        [94m0.2668[0m     +  0.0000  9.5150
     33      0.9193        0.2367       0.7741      0.8694        [94m0.2668[0m     +  0.0000  9.5477
     34      0.9279        0.2374       0.7741      0.8694        [94m0.2667[0m     +  0.0000  9.5164
     35      0.9306        0.2366       0.7740      0.8694        [94m0.2667[0m     +  0.0000  9.5634
     36      0.9248        0.2374       0.7740      0.8694        [94m0.2667[0m     +  0.0000  9.4860
     37      0.9246        0.2377       0.7740      0.8694        [94m0.2667[0m     +  0.0000  9.5621
     38      0.9262        0.2349       0.7740      0.8694        [94m0.2667[0m     +  0.0000  9.5442
     39      0.9260        0.2355       0.7740      0.8694        [94m0.2667[0m     +  0.0000  9.5316
     40      0.9255        0.2356       0.7740      0.8694        [94m0.2667[0m     +  0.0000  9.5155
     41      0.9251        0.2391       0.7740      0.8694        [94m0.2667[0m     +  0.0000  9.5483
     42      0.9267        0.2333       0.7740      0.8694        [94m0.2667[0m     +  0.0000  9.5141
     43      0.9292        0.2346       0.7740      0.8694        [94m0.2667[0m     +  0.0000  9.4843
     44      0.9295        0.2364       0.7740      0.8694        [94m0.2667[0m     +  0.0000  9.5623
     45      0.9308        0.2334       0.7740      0.8694        [94m0.2667[0m     +  0.0000  9.5319
     46      0.9277        0.2381       0.7740      0.8694        [94m0.2667[0m     +  0.0000  9.5440
     47      0.9247        0.2357       0.7740      0.8694        [94m0.2667[0m     +  0.0000  9.5050
     48      0.9250        0.2363       0.7740      0.8694        [94m0.2667[0m     +  0.0000  9.5240
     49      0.9242        0.2381       0.7740      0.8694        [94m0.2667[0m     +  0.0000  9.4857
Stopping since valid_loss has not improved in the last 11 epochs.
Iteration 6 Test Accuracy: 0.7642
Iteration 6 Test F1 Score (micro): 0.8822
Iteration 6 Test F1 Score (macro): 0.8600
Model checkpoint saved to C:\Users\localuserSKSG\Desktop\Shubham\ActiveLearning/Multilabel_from_multiclass/DinoS/entropy_sampling_seed46_test\model_checkpoint_iteration_5.pt

Query 7: Using images from iteration=8 (entropy sampling).
Re-initializing module.
Re-initializing criterion.
Re-initializing optimizer.
  epoch    train_f1    train_loss    valid_acc    valid_f1    valid_loss    cp      lr      dur
-------  ----------  ------------  -----------  ----------  ------------  ----  ------  -------
      1      [36m0.8836[0m        [32m0.2739[0m       [35m0.7845[0m      [31m0.8740[0m        [94m0.2607[0m     +  0.0000  11.1550
      2      [36m0.9113[0m        [32m0.2443[0m       [35m0.7908[0m      [31m0.8765[0m        [94m0.2559[0m     +  0.0000  10.9382
      3      [36m0.9221[0m        [32m0.2351[0m       0.7865      0.8695        [94m0.2524[0m     +  0.0000  10.9252
      4      [36m0.9251[0m        [32m0.2314[0m       [35m0.7920[0m      0.8708        [94m0.2505[0m     +  0.0000  10.9281
      5      0.9238        [32m0.2266[0m       [35m0.7960[0m      0.8755        [94m0.2473[0m     +  0.0000  10.9659
      6      [36m0.9337[0m        [32m0.2218[0m       0.7941      [31m0.8820[0m        0.2476        0.0000  10.9541
      7      0.9327        [32m0.2196[0m       0.7958      [31m0.8821[0m        [94m0.2469[0m     +  0.0000  10.9561
      8      0.9327        [32m0.2175[0m       0.7958      [31m0.8826[0m        [94m0.2465[0m     +  0.0000  11.0339
      9      [36m0.9356[0m        [32m0.2164[0m       [35m0.7977[0m      [31m0.8835[0m        [94m0.2457[0m     +  0.0000  10.9829
     10      [36m0.9365[0m        [32m0.2162[0m       0.7977      0.8809        [94m0.2441[0m     +  0.0000  11.0146
     11      [36m0.9408[0m        [32m0.2150[0m       0.7964      0.8816        0.2445        0.0000  10.9715
     12      0.9388        [32m0.2140[0m       0.7962      0.8809        [94m0.2441[0m     +  0.0000  10.9993
     13      0.9359        [32m0.2140[0m       0.7972      0.8811        [94m0.2437[0m     +  0.0000  11.0302
     14      0.9382        [32m0.2136[0m       0.7976      0.8823        0.2438        0.0000  10.9694
     15      0.9351        [32m0.2106[0m       [35m0.7981[0m      0.8823        [94m0.2434[0m     +  0.0000  10.9851
     16      0.9400        0.2113       [35m0.7984[0m      0.8818        [94m0.2432[0m     +  0.0000  11.0005
     17      0.9390        0.2124       [35m0.7997[0m      0.8821        [94m0.2430[0m     +  0.0000  10.9668
     18      0.9402        [32m0.2102[0m       [35m0.8002[0m      0.8821        [94m0.2429[0m     +  0.0000  11.1091
     19      0.9405        0.2106       0.7993      0.8823        0.2431        0.0000  10.9441
     20      0.9401        0.2134       0.7998      0.8823        [94m0.2429[0m     +  0.0000  10.9670
     21      0.9380        [32m0.2094[0m       0.7997      0.8821        [94m0.2429[0m     +  0.0000  11.0478
     22      0.9365        0.2122       0.7998      0.8822        [94m0.2428[0m     +  0.0000  10.9682
     23      0.9397        0.2109       0.7997      0.8821        [94m0.2428[0m     +  0.0000  10.9481
     24      0.9360        0.2099       0.8000      0.8822        [94m0.2427[0m     +  0.0000  10.9724
     25      [36m0.9435[0m        0.2100       0.7995      0.8821        [94m0.2427[0m     +  0.0000  10.9665
     26      0.9395        0.2114       0.8000      0.8823        [94m0.2427[0m     +  0.0000  11.0115
     27      [36m0.9452[0m        0.2104       0.8000      0.8823        [94m0.2427[0m     +  0.0000  10.9588
     28      0.9412        0.2113       0.8000      0.8823        [94m0.2427[0m     +  0.0000  10.9676
     29      0.9385        0.2119       0.8000      0.8823        [94m0.2427[0m     +  0.0000  11.0024
     30      0.9399        [32m0.2075[0m       [35m0.8003[0m      0.8825        [94m0.2427[0m     +  0.0000  10.9950
     31      0.9386        0.2099       0.8003      0.8824        [94m0.2427[0m     +  0.0000  10.9940
     32      0.9391        0.2107       0.8002      0.8822        [94m0.2427[0m     +  0.0000  10.9077
     33      0.9395        0.2076       0.8002      0.8822        [94m0.2426[0m     +  0.0000  10.9373
     34      0.9401        0.2107       0.8003      0.8824        [94m0.2426[0m     +  0.0000  10.9923
     35      0.9421        0.2130       0.8002      0.8824        [94m0.2426[0m     +  0.0000  11.0024
     36      0.9407        0.2115       0.8003      0.8824        [94m0.2426[0m     +  0.0000  10.9530
     37      0.9372        0.2112       0.8002      0.8823        [94m0.2426[0m     +  0.0000  10.9514
     38      0.9414        0.2116       0.8002      0.8823        0.2426        0.0000  10.9486
     39      0.9422        0.2077       0.8002      0.8823        [94m0.2426[0m     +  0.0000  11.0242
     40      0.9390        0.2122       0.8002      0.8823        [94m0.2426[0m     +  0.0000  11.0636
     41      0.9380        0.2117       0.8002      0.8823        [94m0.2426[0m     +  0.0000  10.9820
     42      0.9408        0.2106       0.8002      0.8823        [94m0.2426[0m     +  0.0000  11.0000
     43      0.9430        0.2096       0.8002      0.8823        [94m0.2426[0m     +  0.0000  10.9343
     44      0.9403        0.2099       0.8002      0.8822        [94m0.2426[0m     +  0.0000  10.9958
     45      0.9429        0.2099       0.8003      0.8824        0.2426        0.0000  10.9535
     46      0.9393        0.2121       0.8003      0.8824        0.2426        0.0000  11.0330
     47      0.9410        0.2106       0.8002      0.8823        0.2426        0.0000  10.9846
     48      0.9397        0.2124       0.8002      0.8823        0.2426        0.0000  10.9752
     49      0.9405        0.2084       0.8002      0.8823        0.2426        0.0000  10.9680
     50      0.9418        0.2090       0.8002      0.8823        0.2426        0.0000  11.0598
Stopping since valid_loss has not improved in the last 11 epochs.
Iteration 7 Test Accuracy: 0.7995
Iteration 7 Test F1 Score (micro): 0.9036
Iteration 7 Test F1 Score (macro): 0.8856
Model checkpoint saved to C:\Users\localuserSKSG\Desktop\Shubham\ActiveLearning/Multilabel_from_multiclass/DinoS/entropy_sampling_seed46_test\model_checkpoint_iteration_6.pt

Query 8: Using images from iteration=9 (entropy sampling).
Re-initializing module.
Re-initializing criterion.
Re-initializing optimizer.
  epoch    train_f1    train_loss    valid_acc    valid_f1    valid_loss    cp      lr      dur
-------  ----------  ------------  -----------  ----------  ------------  ----  ------  -------
      1      [36m0.9051[0m        [32m0.2389[0m       [35m0.8118[0m      [31m0.8840[0m        [94m0.2417[0m     +  0.0000  13.8952
      2      [36m0.9392[0m        [32m0.2094[0m       [35m0.8132[0m      [31m0.8853[0m        [94m0.2388[0m     +  0.0000  13.5527
      3      [36m0.9430[0m        [32m0.2028[0m       [35m0.8161[0m      0.8851        [94m0.2346[0m     +  0.0000  13.6219
      4      [36m0.9431[0m        [32m0.1988[0m       [35m0.8182[0m      0.8852        [94m0.2345[0m     +  0.0000  13.6614
      5      [36m0.9493[0m        [32m0.1938[0m       0.8170      0.8826        [94m0.2322[0m     +  0.0000  13.6457
      6      [36m0.9514[0m        [32m0.1894[0m       0.8094      0.8822        [94m0.2284[0m     +  0.0000  13.6557
      7      [36m0.9541[0m        [32m0.1891[0m       0.8108      0.8827        [94m0.2272[0m     +  0.0000  13.6520
      8      0.9513        [32m0.1880[0m       0.8134      0.8847        [94m0.2261[0m     +  0.0000  13.7438
      9      [36m0.9554[0m        [32m0.1848[0m       0.8128      0.8844        [94m0.2251[0m     +  0.0000  13.6685
     10      0.9546        [32m0.1845[0m       0.8153      0.8845        [94m0.2244[0m     +  0.0000  13.6733
     11      0.9537        [32m0.1834[0m       0.8113      [31m0.8863[0m        0.2245        0.0000  13.6372
     12      [36m0.9570[0m        [32m0.1814[0m       0.8101      0.8851        [94m0.2242[0m     +  0.0000  13.6161
     13      0.9553        0.1830       0.8109      [31m0.8867[0m        [94m0.2240[0m     +  0.0000  13.7160
     14      0.9559        [32m0.1804[0m       0.8122      0.8854        [94m0.2235[0m     +  0.0000  13.6878
     15      [36m0.9578[0m        [32m0.1789[0m       0.8122      0.8860        [94m0.2233[0m     +  0.0000  13.6239
     16      0.9574        [32m0.1785[0m       0.8116      0.8866        0.2234        0.0000  13.6043
     17      0.9574        0.1795       0.8118      0.8864        [94m0.2233[0m     +  0.0000  13.6653
     18      [36m0.9606[0m        0.1791       0.8116      0.8864        [94m0.2233[0m     +  0.0000  13.6411
     19      0.9581        [32m0.1780[0m       0.8113      0.8861        0.2233        0.0000  13.6733
     20      0.9574        [32m0.1773[0m       0.8125      0.8867        [94m0.2231[0m     +  0.0000  13.6745
     21      0.9597        0.1796       0.8120      0.8864        0.2231        0.0000  13.6292
     22      0.9584        [32m0.1769[0m       0.8120      0.8865        [94m0.2231[0m     +  0.0000  13.6693
     23      0.9593        0.1773       0.8115      0.8862        [94m0.2230[0m     +  0.0000  13.6596
     24      0.9586        0.1776       0.8115      0.8862        0.2230        0.0000  13.6911
     25      0.9601        0.1788       0.8118      0.8865        [94m0.2230[0m     +  0.0000  13.6441
     26      0.9582        0.1779       0.8118      0.8865        [94m0.2230[0m     +  0.0000  13.6611
     27      0.9585        [32m0.1768[0m       0.8118      0.8865        0.2230        0.0000  13.6892
     28      0.9575        [32m0.1765[0m       0.8120      0.8866        [94m0.2230[0m     +  0.0000  13.6939
     29      0.9601        0.1773       0.8115      0.8863        [94m0.2229[0m     +  0.0000  13.6467
     30      0.9591        0.1770       0.8116      0.8864        0.2229        0.0000  13.7006
     31      0.9594        [32m0.1758[0m       0.8118      0.8865        0.2229        0.0000  13.6717
     32      0.9594        0.1763       0.8116      0.8864        0.2229        0.0000  13.6130
     33      0.9589        0.1773       0.8115      0.8863        [94m0.2229[0m     +  0.0000  13.6512
     34      0.9588        0.1771       0.8115      0.8863        [94m0.2229[0m     +  0.0000  13.6427
     35      0.9570        0.1770       0.8115      0.8863        [94m0.2229[0m     +  0.0000  13.5959
     36      0.9604        0.1776       0.8113      0.8862        [94m0.2229[0m     +  0.0000  13.6636
     37      0.9577        0.1760       0.8115      0.8862        0.2229        0.0000  13.6686
     38      0.9587        0.1772       0.8115      0.8862        [94m0.2229[0m     +  0.0000  13.6349
     39      0.9583        0.1786       0.8115      0.8862        [94m0.2229[0m     +  0.0000  13.6763
     40      0.9585        0.1772       0.8115      0.8862        [94m0.2229[0m     +  0.0000  13.6530
     41      0.9585        0.1767       0.8115      0.8862        0.2229        0.0000  13.6405
     42      0.9592        0.1762       0.8115      0.8862        0.2229        0.0000  13.7245
     43      0.9583        0.1794       0.8115      0.8862        0.2229        0.0000  13.6635
     44      [36m0.9612[0m        0.1761       0.8115      0.8862        [94m0.2229[0m     +  0.0000  13.6415
     45      0.9591        0.1769       0.8115      0.8862        [94m0.2229[0m     +  0.0000  13.6243
     46      [36m0.9615[0m        [32m0.1758[0m       0.8115      0.8862        0.2229        0.0000  13.6388
     47      0.9574        0.1764       0.8115      0.8862        0.2229        0.0000  13.6418
     48      0.9587        0.1771       0.8115      0.8862        [94m0.2229[0m     +  0.0000  13.6493
     49      0.9598        0.1764       0.8115      0.8862        [94m0.2229[0m     +  0.0000  13.6940
     50      0.9594        0.1770       0.8115      0.8862        [94m0.2229[0m     +  0.0000  13.6625
Stopping since valid_loss has not improved in the last 11 epochs.
Iteration 8 Test Accuracy: 0.8043
Iteration 8 Test F1 Score (micro): 0.9088
Iteration 8 Test F1 Score (macro): 0.8924
Model checkpoint saved to C:\Users\localuserSKSG\Desktop\Shubham\ActiveLearning/Multilabel_from_multiclass/DinoS/entropy_sampling_seed46_test\model_checkpoint_iteration_7.pt

Query 9: Using images from iteration=10 (entropy sampling).
Re-initializing module.
Re-initializing criterion.
Re-initializing optimizer.
  epoch    train_f1    train_loss    valid_acc    valid_f1    valid_loss    cp      lr      dur
-------  ----------  ------------  -----------  ----------  ------------  ----  ------  -------
      1      [36m0.9335[0m        [32m0.2001[0m       [35m0.8028[0m      [31m0.8775[0m        [94m0.2228[0m     +  0.0000  18.6081
      2      [36m0.9543[0m        [32m0.1768[0m       [35m0.8033[0m      0.8742        [94m0.2224[0m     +  0.0000  18.1898
      3      [36m0.9564[0m        [32m0.1714[0m       [35m0.8061[0m      [31m0.8842[0m        [94m0.2213[0m     +  0.0000  18.3656
      4      [36m0.9605[0m        [32m0.1662[0m       [35m0.8068[0m      0.8802        [94m0.2186[0m     +  0.0000  18.3492
      5      0.9598        [32m0.1645[0m       [35m0.8085[0m      0.8829        [94m0.2153[0m     +  0.0000  18.3507
      6      [36m0.9646[0m        [32m0.1580[0m       [35m0.8148[0m      0.8808        [94m0.2141[0m     +  0.0000  18.3574
      7      0.9629        [32m0.1573[0m       [35m0.8179[0m      0.8828        [94m0.2126[0m     +  0.0000  18.3573
      8      0.9646        [32m0.1562[0m       [35m0.8186[0m      0.8815        0.2131        0.0000  18.3554
      9      [36m0.9662[0m        [32m0.1536[0m       [35m0.8227[0m      0.8841        [94m0.2113[0m     +  0.0000  18.3884
     10      [36m0.9675[0m        [32m0.1535[0m       0.8215      0.8824        0.2116        0.0000  18.3873
     11      [36m0.9684[0m        [32m0.1518[0m       [35m0.8229[0m      [31m0.8889[0m        [94m0.2087[0m     +  0.0000  18.4128
     12      0.9678        [32m0.1513[0m       0.8220      [31m0.8896[0m        [94m0.2086[0m     +  0.0000  18.4027
     13      0.9682        [32m0.1496[0m       0.8224      0.8888        [94m0.2085[0m     +  0.0000  18.3886
     14      0.9683        [32m0.1494[0m       [35m0.8234[0m      0.8889        [94m0.2080[0m     +  0.0000  18.4352
     15      0.9682        [32m0.1475[0m       [35m0.8238[0m      0.8895        [94m0.2076[0m     +  0.0000  18.3613
     16      [36m0.9696[0m        0.1481       0.8238      [31m0.8915[0m        [94m0.2075[0m     +  0.0000  18.3957
     17      [36m0.9706[0m        0.1478       0.8234      [31m0.8919[0m        [94m0.2075[0m     +  0.0000  18.4085
     18      0.9696        [32m0.1474[0m       0.8234      0.8918        [94m0.2074[0m     +  0.0000  18.3146
     19      0.9702        0.1478       0.8233      0.8918        [94m0.2072[0m     +  0.0000  18.3471
     20      [36m0.9707[0m        0.1481       [35m0.8241[0m      [31m0.8920[0m        [94m0.2071[0m     +  0.0000  18.3371
     21      0.9700        0.1478       [35m0.8250[0m      [31m0.8935[0m        0.2074        0.0000  18.3710
     22      [36m0.9708[0m        [32m0.1470[0m       [35m0.8252[0m      [31m0.8936[0m        0.2074        0.0000  18.3806
     23      0.9702        [32m0.1467[0m       0.8250      0.8933        0.2072        0.0000  18.3649
     24      [36m0.9710[0m        0.1468       0.8243      0.8932        0.2074        0.0000  18.4236
     25      [36m0.9724[0m        [32m0.1463[0m       0.8243      0.8927        0.2072        0.0000  18.3750
     26      0.9712        0.1469       0.8247      0.8932        0.2072        0.0000  18.3889
     27      0.9711        [32m0.1463[0m       0.8245      0.8934        0.2073        0.0000  18.3345
     28      0.9709        0.1475       0.8250      0.8934        0.2072        0.0000  18.3208
     29      0.9708        0.1476       0.8250      0.8934        0.2072        0.0000  18.3732
     30      0.9720        0.1466       0.8250      0.8935        0.2072        0.0000  18.4039
Stopping since valid_loss has not improved in the last 11 epochs.
Iteration 9 Test Accuracy: 0.8172
Iteration 9 Test F1 Score (micro): 0.9151
Iteration 9 Test F1 Score (macro): 0.9001
Model checkpoint saved to C:\Users\localuserSKSG\Desktop\Shubham\ActiveLearning/Multilabel_from_multiclass/DinoS/entropy_sampling_seed46_test\model_checkpoint_iteration_8.pt

Query 10: Using images from iteration=11 (entropy sampling).
Re-initializing module.
Re-initializing criterion.
Re-initializing optimizer.
  epoch    train_f1    train_loss    valid_acc    valid_f1    valid_loss    cp      lr      dur
-------  ----------  ------------  -----------  ----------  ------------  ----  ------  -------
      1      [36m0.9512[0m        [32m0.1655[0m       [35m0.8203[0m      [31m0.8946[0m        [94m0.2060[0m     +  0.0000  26.7760
      2      [36m0.9651[0m        [32m0.1473[0m       0.8191      0.8941        0.2072        0.0000  26.5148
      3      [36m0.9670[0m        [32m0.1427[0m       0.8193      [31m0.8952[0m        [94m0.2056[0m     +  0.0000  26.8122
      4      [36m0.9700[0m        [32m0.1386[0m       [35m0.8259[0m      0.8950        [94m0.2003[0m     +  0.0000  26.6741
      5      [36m0.9726[0m        [32m0.1351[0m       0.8231      [31m0.8954[0m        0.2033        0.0000  26.6329
      6      [36m0.9734[0m        [32m0.1303[0m       [35m0.8323[0m      [31m0.8961[0m        [94m0.1946[0m     +  0.0000  26.6166
      7      [36m0.9744[0m        [32m0.1286[0m       0.8319      [31m0.8963[0m        0.1953        0.0000  26.6016
      8      [36m0.9754[0m        [32m0.1275[0m       0.8300      0.8956        0.1949        0.0000  26.6027
      9      [36m0.9767[0m        [32m0.1256[0m       0.8276      0.8954        0.1963        0.0000  26.6168
     10      [36m0.9771[0m        [32m0.1241[0m       0.8278      0.8954        0.1949        0.0000  26.5067
     11      [36m0.9781[0m        [32m0.1228[0m       [35m0.8354[0m      0.8957        [94m0.1915[0m     +  0.0000  26.5872
     12      0.9779        [32m0.1221[0m       [35m0.8356[0m      [31m0.8964[0m        0.1915        0.0000  26.6491
     13      0.9772        [32m0.1212[0m       0.8351      0.8953        [94m0.1914[0m     +  0.0000  26.5692
     14      [36m0.9791[0m        [32m0.1207[0m       0.8352      0.8960        [94m0.1909[0m     +  0.0000  26.6138
     15      0.9783        [32m0.1202[0m       0.8349      0.8956        0.1916        0.0000  26.5665
     16      [36m0.9802[0m        [32m0.1191[0m       0.8352      0.8960        [94m0.1907[0m     +  0.0000  26.5537
     17      0.9795        [32m0.1184[0m       [35m0.8368[0m      [31m0.8968[0m        [94m0.1905[0m     +  0.0000  26.5906
     18      0.9794        0.1191       0.8365      [31m0.8968[0m        [94m0.1904[0m     +  0.0000  26.5700
     19      0.9795        0.1194       0.8361      0.8964        [94m0.1903[0m     +  0.0000  26.5050
     20      0.9796        [32m0.1181[0m       0.8354      0.8963        0.1906        0.0000  26.5549
     21      [36m0.9810[0m        [32m0.1180[0m       0.8354      0.8966        0.1905        0.0000  26.5216
     22      0.9796        [32m0.1179[0m       [35m0.8370[0m      [31m0.8972[0m        0.1906        0.0000  26.5534
     23      0.9800        0.1183       0.8368      0.8971        0.1903        0.0000  26.6010
     24      0.9801        0.1187       0.8363      0.8969        [94m0.1902[0m     +  0.0000  26.4921
     25      0.9808        [32m0.1175[0m       0.8361      0.8969        0.1903        0.0000  26.5385
     26      0.9792        0.1180       0.8363      [31m0.8973[0m        0.1904        0.0000  26.5846
     27      0.9800        0.1181       0.8365      [31m0.8975[0m        0.1906        0.0000  26.5061
     28      0.9806        [32m0.1175[0m       0.8368      [31m0.8977[0m        0.1905        0.0000  26.5079
     29      0.9804        0.1183       0.8365      0.8975        0.1905        0.0000  26.6018
     30      0.9806        0.1181       0.8368      0.8977        0.1905        0.0000  26.5230
     31      0.9807        0.1185       [35m0.8372[0m      [31m0.8979[0m        0.1906        0.0000  26.5390
     32      0.9799        0.1186       0.8366      0.8977        0.1906        0.0000  26.5068
     33      0.9802        0.1176       0.8370      [31m0.8980[0m        0.1906        0.0000  26.5350
     34      0.9796        0.1185       0.8372      [31m0.8983[0m        0.1906        0.0000  26.5466
Stopping since valid_loss has not improved in the last 11 epochs.
Iteration 10 Test Accuracy: 0.8271
Iteration 10 Test F1 Score (micro): 0.9205
Iteration 10 Test F1 Score (macro): 0.9056
Model checkpoint saved to C:\Users\localuserSKSG\Desktop\Shubham\ActiveLearning/Multilabel_from_multiclass/DinoS/entropy_sampling_seed46_test\model_checkpoint_iteration_9.pt

Query 11: Using images from iteration=12 (entropy sampling).
Re-initializing module.
Re-initializing criterion.
Re-initializing optimizer.
  epoch    train_f1    train_loss    valid_acc    valid_f1    valid_loss    cp      lr      dur
-------  ----------  ------------  -----------  ----------  ------------  ----  ------  -------
      1      [36m0.9700[0m        [32m0.1317[0m       [35m0.8285[0m      [31m0.8925[0m        [94m0.1903[0m     +  0.0000  41.1261
      2      [36m0.9766[0m        [32m0.1198[0m       [35m0.8307[0m      [31m0.8928[0m        [94m0.1863[0m     +  0.0000  41.3574
      3      [36m0.9772[0m        [32m0.1157[0m       0.8297      0.8920        [94m0.1857[0m     +  0.0000  41.5923
      4      [36m0.9782[0m        [32m0.1120[0m       0.8288      [31m0.8963[0m        0.1868        0.0000  41.7893
      5      [36m0.9785[0m        [32m0.1086[0m       [35m0.8318[0m      [31m0.8972[0m        0.1859        0.0000  42.1723
      6      [36m0.9810[0m        [32m0.1035[0m       [35m0.8413[0m      [31m0.8995[0m        [94m0.1812[0m     +  0.0000  41.7346
      7      [36m0.9818[0m        [32m0.1019[0m       0.8375      0.8983        0.1830        0.0000  41.6192
      8      [36m0.9819[0m        [32m0.1005[0m       0.8403      0.8994        0.1825        0.0000  41.4858
      9      [36m0.9825[0m        [32m0.0991[0m       0.8399      0.8994        0.1834        0.0000  41.6263
     10      0.9823        [32m0.0976[0m       0.8382      0.8982        0.1833        0.0000  41.4351
     11      [36m0.9833[0m        [32m0.0961[0m       [35m0.8444[0m      [31m0.9001[0m        [94m0.1805[0m     +  0.0000  41.5048
     12      [36m0.9834[0m        [32m0.0954[0m       0.8444      [31m0.9001[0m        [94m0.1805[0m     +  0.0000  41.4403
     13      [36m0.9839[0m        [32m0.0947[0m       0.8432      0.8996        0.1812        0.0000  41.5770
     14      [36m0.9841[0m        0.0949       0.8438      0.8998        0.1812        0.0000  41.5616
     15      0.9835        [32m0.0945[0m       0.8432      0.8996        0.1816        0.0000  41.4729
     16      [36m0.9845[0m        [32m0.0930[0m       0.8443      0.8999        0.1815        0.0000  41.4689
     17      0.9842        0.0933       0.8438      0.8997        0.1821        0.0000  41.4592
     18      [36m0.9847[0m        [32m0.0930[0m       0.8432      0.8995        0.1821        0.0000  41.4829
     19      [36m0.9850[0m        [32m0.0922[0m       0.8424      0.8991        0.1826        0.0000  41.4458
     20      [36m0.9852[0m        [32m0.0917[0m       0.8424      0.8991        0.1826        0.0000  41.7209
     21      0.9847        0.0919       0.8403      0.8981        0.1832        0.0000  41.9510
Stopping since valid_loss has not improved in the last 11 epochs.
Iteration 11 Test Accuracy: 0.8337
Iteration 11 Test F1 Score (micro): 0.9241
Iteration 11 Test F1 Score (macro): 0.9102
Model checkpoint saved to C:\Users\localuserSKSG\Desktop\Shubham\ActiveLearning/Multilabel_from_multiclass/DinoS/entropy_sampling_seed46_test\model_checkpoint_iteration_10.pt

Query 12: Using images from iteration=13 (entropy sampling).
Re-initializing module.
Re-initializing criterion.
Re-initializing optimizer.
  epoch    train_f1    train_loss    valid_acc    valid_f1    valid_loss    cp      lr      dur
-------  ----------  ------------  -----------  ----------  ------------  ----  ------  -------
      1      [36m0.9762[0m        [32m0.1052[0m       [35m0.8417[0m      [31m0.8937[0m        [94m0.1730[0m     +  0.0000  67.5000
      2      [36m0.9796[0m        [32m0.0954[0m       [35m0.8472[0m      [31m0.9005[0m        0.1767        0.0000  67.9890
      3      [36m0.9827[0m        [32m0.0891[0m       0.8342      0.8896        0.1747        0.0000  67.9668
      4      0.9826        [32m0.0865[0m       0.8413      0.8951        0.1734        0.0000  68.0486
      5      [36m0.9834[0m        [32m0.0830[0m       0.8458      0.8991        0.1748        0.0000  67.9702
      6      [36m0.9856[0m        [32m0.0780[0m       0.8455      0.8996        0.1775        0.0000  68.0007
      7      [36m0.9862[0m        [32m0.0762[0m       0.8450      0.8994        0.1785        0.0000  67.9103
      8      [36m0.9866[0m        [32m0.0749[0m       0.8413      0.8979        0.1804        0.0000  67.9052
      9      [36m0.9873[0m        [32m0.0728[0m       0.8403      0.8977        0.1819        0.0000  67.9415
     10      [36m0.9875[0m        [32m0.0720[0m       0.8389      0.8970        0.1831        0.0000  68.6202
     11      [36m0.9883[0m        [32m0.0698[0m       0.8394      0.8965        0.1835        0.0000  67.6238
Stopping since valid_loss has not improved in the last 11 epochs.
Iteration 12 Test Accuracy: 0.8436
Iteration 12 Test F1 Score (micro): 0.9285
Iteration 12 Test F1 Score (macro): 0.9141
Model checkpoint saved to C:\Users\localuserSKSG\Desktop\Shubham\ActiveLearning/Multilabel_from_multiclass/DinoS/entropy_sampling_seed46_test\model_checkpoint_iteration_11.pt

Query 13: Using images from iteration=14 (entropy sampling).
Re-initializing module.
Re-initializing criterion.
Re-initializing optimizer.
  epoch    train_f1    train_loss    valid_acc    valid_f1    valid_loss    cp      lr      dur
-------  ----------  ------------  -----------  ----------  ------------  ----  ------  -------
      1      [36m0.9787[0m        [32m0.0971[0m       [35m0.8203[0m      [31m0.8914[0m        [94m0.1884[0m     +  0.0000  78.4206
      2      [36m0.9817[0m        [32m0.0879[0m       [35m0.8205[0m      [31m0.8914[0m        [94m0.1873[0m     +  0.0000  78.7052
      3      [36m0.9829[0m        [32m0.0835[0m       [35m0.8314[0m      [31m0.8944[0m        [94m0.1812[0m     +  0.0000  78.4846
      4      [36m0.9837[0m        [32m0.0802[0m       0.8278      0.8934        0.1828        0.0000  79.7269
      5      [36m0.9838[0m        [32m0.0770[0m       0.8224      0.8906        0.1872        0.0000  78.4119
      6      [36m0.9868[0m        [32m0.0717[0m       0.8253      0.8913        0.1872        0.0000  78.6247
      7      [36m0.9869[0m        [32m0.0701[0m       0.8255      0.8912        0.1877        0.0000  78.4720
      8      [36m0.9872[0m        [32m0.0687[0m       0.8290      0.8929        0.1875        0.0000  78.6162
      9      [36m0.9881[0m        [32m0.0669[0m       0.8276      0.8920        0.1885        0.0000  78.5124
     10      0.9880        [32m0.0655[0m       0.8257      0.8910        0.1914        0.0000  78.4984
     11      [36m0.9889[0m        [32m0.0638[0m       0.8295      0.8930        0.1891        0.0000  78.8904
     12      [36m0.9892[0m        [32m0.0629[0m       0.8288      0.8925        0.1892        0.0000  78.5950
     13      [36m0.9895[0m        [32m0.0627[0m       0.8292      0.8928        0.1900        0.0000  80.0315
Stopping since valid_loss has not improved in the last 11 epochs.
Iteration 13 Test Accuracy: 0.8415
Iteration 13 Test F1 Score (micro): 0.9273
Iteration 13 Test F1 Score (macro): 0.9133
Model checkpoint saved to C:\Users\localuserSKSG\Desktop\Shubham\ActiveLearning/Multilabel_from_multiclass/DinoS/entropy_sampling_seed46_test\model_checkpoint_iteration_12.pt

Best F1 score across all iterations: 0.9141
Pickle file saved to C:\Users\localuserSKSG\Desktop\Shubham\ActiveLearning/Multilabel_from_multiclass/DinoS/entropy_sampling_seed46_test\AL_margin_sampling_results_for_multilabel_classification_s46.pickle
