Adjusted shapes after loading:
X_initial_np: (8, 224, 224, 3), y_initial_np: (8, 3)
X_pool_np: (26872, 224, 224, 3), y_pool_np: (26872, 3)
X_test_np: (5760, 224, 224, 3), y_test_np: (5760, 3)
X_val_np: (5760, 224, 224, 3), y_val_np: (5760, 3)

Iteration 1: Using initial samples.
  epoch    train_f1    train_loss    valid_acc    valid_f1    valid_loss    cp      lr      dur
-------  ----------  ------------  -----------  ----------  ------------  ----  ------  -------
      1      [36m0.5152[0m        [32m0.7299[0m       [35m0.0061[0m      [31m0.6298[0m        [94m0.7097[0m     +  0.0000  11.8874
      2      0.4924        [32m0.6640[0m       [35m0.0769[0m      0.5615        [94m0.6983[0m     +  0.0000  9.9804
      3      [36m0.5556[0m        [32m0.6529[0m       [35m0.2003[0m      0.2952        [94m0.6960[0m     +  0.0000  10.4117
      4      [36m0.7146[0m        [32m0.6185[0m       [35m0.2849[0m      0.3663        [94m0.6905[0m     +  0.0000  10.3415
      5      [36m0.7685[0m        [32m0.6058[0m       [35m0.2988[0m      0.3867        [94m0.6894[0m     +  0.0000  10.4959
      6      [36m0.8690[0m        [32m0.5623[0m       [35m0.3146[0m      0.3911        [94m0.6892[0m     +  0.0000  10.6564
      7      0.7024        0.5662       0.3095      0.3967        0.6905        0.0000  10.7339
      8      [36m0.9153[0m        0.5654       [35m0.3160[0m      0.3987        [94m0.6871[0m     +  0.0000  10.7027
      9      0.8519        [32m0.5385[0m       [35m0.3201[0m      0.4022        0.6875        0.0000  10.5117
     10      0.7500        0.5809       0.2981      0.3964        0.6919        0.0000  10.7116
     11      0.8056        [32m0.5338[0m       0.2977      0.3974        0.6923        0.0000  10.8181
     12      0.9153        0.5491       0.3028      0.3984        0.6925        0.0000  10.6256
     13      0.8889        [32m0.5282[0m       0.3064      0.3979        0.6915        0.0000  10.6717
     14      0.8333        0.5388       0.3099      0.3976        0.6910        0.0000  10.6588
     15      0.8413        0.5354       0.3071      0.3975        0.6921        0.0000  10.7751
     16      [36m0.9630[0m        [32m0.5129[0m       0.3071      0.3974        0.6922        0.0000  10.6879
     17      0.8571        0.5212       0.3083      0.3974        0.6920        0.0000  10.4563
     18      0.9524        0.5348       0.3036      0.3958        0.6930        0.0000  10.6885
Stopping since valid_loss has not improved in the last 11 epochs.
Iteration 1: Test F1 Micro Score: 0.4454375090096584
Iteration 1: Test F1 Macro Score: 0.4359091991792679
Model checkpoint saved to C:\Users\localuserSKSG\Desktop\Shubham\RandomSampling/Multilabel/DinoS/seed_45_config2_lowLR/model_checkpoint_iteration_0.pt

Iteration 2: Requesting 16 samples.
Re-initializing module.
Re-initializing criterion.
Re-initializing optimizer.
  epoch    train_f1    train_loss    valid_acc    valid_f1    valid_loss    cp      lr      dur
-------  ----------  ------------  -----------  ----------  ------------  ----  ------  -------
      1      [36m0.5867[0m        [32m0.6594[0m       [35m0.3214[0m      [31m0.3564[0m        [94m0.6552[0m     +  0.0000  10.9643
      2      [36m0.7037[0m        [32m0.6369[0m       0.2594      [31m0.4953[0m        0.6615        0.0000  10.7748
      3      [36m0.7506[0m        [32m0.5794[0m       [35m0.3724[0m      0.4263        [94m0.6193[0m     +  0.0000  11.0967
      4      [36m0.8028[0m        [32m0.5463[0m       0.3632      [31m0.5643[0m        0.6225        0.0000  10.9061
      5      [36m0.8240[0m        [32m0.5256[0m       [35m0.4365[0m      0.5482        [94m0.6020[0m     +  0.0000  10.7825
      6      [36m0.8885[0m        [32m0.5191[0m       0.4165      [31m0.5885[0m        0.6041        0.0000  10.7518
      7      [36m0.9121[0m        [32m0.4987[0m       0.4276      [31m0.5954[0m        [94m0.5990[0m     +  0.0000  10.7913
      8      0.8873        [32m0.4694[0m       [35m0.4502[0m      [31m0.5960[0m        [94m0.5948[0m     +  0.0000  10.7021
      9      [36m0.9161[0m        0.4704       [35m0.4608[0m      [31m0.6041[0m        [94m0.5904[0m     +  0.0000  10.7325
     10      0.8729        [32m0.4597[0m       [35m0.4842[0m      [31m0.6097[0m        [94m0.5831[0m     +  0.0000  10.5946
     11      0.8957        0.4702       0.4807      [31m0.6144[0m        [94m0.5825[0m     +  0.0000  10.8401
     12      [36m0.9177[0m        [32m0.4595[0m       0.4800      [31m0.6201[0m        [94m0.5819[0m     +  0.0000  10.7906
     13      0.8785        0.4713       0.4819      0.6195        [94m0.5799[0m     +  0.0000  10.8156
     14      [36m0.9212[0m        [32m0.4565[0m       [35m0.4845[0m      [31m0.6212[0m        [94m0.5793[0m     +  0.0000  10.7654
     15      [36m0.9250[0m        [32m0.4491[0m       [35m0.4880[0m      [31m0.6235[0m        [94m0.5777[0m     +  0.0000  10.9194
     16      [36m0.9336[0m        0.4527       [35m0.4887[0m      [31m0.6238[0m        [94m0.5771[0m     +  0.0000  10.7654
     17      [36m0.9442[0m        [32m0.4378[0m       [35m0.4903[0m      [31m0.6238[0m        [94m0.5761[0m     +  0.0000  10.6710
     18      [36m0.9701[0m        [32m0.4222[0m       [35m0.4915[0m      [31m0.6241[0m        [94m0.5755[0m     +  0.0000  10.5122
     19      [36m0.9804[0m        0.4286       [35m0.4924[0m      [31m0.6256[0m        [94m0.5753[0m     +  0.0000  10.8469
     20      0.9373        0.4303       [35m0.4932[0m      0.6255        0.5753        0.0000  10.9218
     21      0.9506        0.4386       0.4931      0.6255        [94m0.5751[0m     +  0.0000  10.7702
     22      0.9225        0.4463       [35m0.4941[0m      [31m0.6262[0m        [94m0.5747[0m     +  0.0000  10.7709
     23      0.9506        0.4544       0.4934      [31m0.6268[0m        [94m0.5745[0m     +  0.0000  10.9560
     24      0.8928        0.4411       0.4938      [31m0.6271[0m        [94m0.5744[0m     +  0.0000  10.6249
     25      0.9454        [32m0.4214[0m       0.4934      [31m0.6274[0m        [94m0.5742[0m     +  0.0000  11.0111
     26      0.9284        0.4429       0.4938      [31m0.6280[0m        [94m0.5741[0m     +  0.0000  10.8150
     27      0.9442        0.4419       0.4938      0.6280        [94m0.5740[0m     +  0.0000  10.7838
     28      0.9135        0.4581       0.4938      [31m0.6281[0m        [94m0.5739[0m     +  0.0000  10.6141
     29      0.9187        0.4255       0.4939      [31m0.6282[0m        [94m0.5739[0m     +  0.0000  10.8910
     30      0.9638        0.4382       [35m0.4943[0m      0.6282        [94m0.5738[0m     +  0.0000  10.6877
     31      0.9055        0.4462       [35m0.4946[0m      [31m0.6284[0m        [94m0.5738[0m     +  0.0000  10.8250
     32      0.9089        0.4343       [35m0.4950[0m      [31m0.6285[0m        [94m0.5737[0m     +  0.0000  10.9315
     33      0.9336        0.4527       0.4950      [31m0.6287[0m        [94m0.5737[0m     +  0.0000  10.8185
     34      0.9095        0.4478       0.4950      0.6286        [94m0.5737[0m     +  0.0000  10.8263
     35      0.9003        0.4623       0.4950      0.6286        [94m0.5736[0m     +  0.0000  10.8486
     36      0.9356        0.4399       0.4950      0.6286        [94m0.5736[0m     +  0.0000  10.7498
     37      0.9030        0.4492       0.4950      0.6286        [94m0.5736[0m     +  0.0000  10.8830
     38      0.9629        0.4365       0.4950      0.6286        [94m0.5736[0m     +  0.0000  10.5794
     39      0.9373        0.4365       [35m0.4951[0m      [31m0.6287[0m        [94m0.5736[0m     +  0.0000  10.8436
     40      0.9135        0.4310       0.4951      0.6287        [94m0.5736[0m     +  0.0000  10.7189
     41      0.9115        0.4539       0.4951      0.6287        [94m0.5736[0m     +  0.0000  10.8946
     42      0.9047        0.4448       0.4951      0.6287        [94m0.5736[0m     +  0.0000  10.7413
     43      0.9548        0.4461       0.4951      [31m0.6288[0m        [94m0.5736[0m     +  0.0000  10.7486
     44      0.8799        0.4459       0.4951      0.6288        [94m0.5736[0m     +  0.0000  10.8018
     45      0.9373        0.4398       0.4951      0.6287        [94m0.5736[0m     +  0.0000  10.6873
     46      0.9145        0.4412       0.4951      0.6287        0.5736        0.0000  10.5307
     47      0.9328        0.4434       0.4951      0.6287        [94m0.5736[0m     +  0.0000  10.9040
     48      0.9284        0.4481       0.4951      0.6287        [94m0.5736[0m     +  0.0000  10.9594
Stopping since valid_loss has not improved in the last 11 epochs.
Iteration 2: Test F1 Micro Score: 0.6793571540021844
Iteration 2: Test F1 Macro Score: 0.6614105745851443
Model checkpoint saved to C:\Users\localuserSKSG\Desktop\Shubham\RandomSampling/Multilabel/DinoS/seed_45_config2_lowLR/model_checkpoint_iteration_1.pt

Iteration 3: Requesting 32 samples.
Re-initializing module.
Re-initializing criterion.
Re-initializing optimizer.
  epoch    train_f1    train_loss    valid_acc    valid_f1    valid_loss    cp      lr      dur
-------  ----------  ------------  -----------  ----------  ------------  ----  ------  -------
      1      [36m0.7103[0m        [32m0.5673[0m       [35m0.3762[0m      [31m0.5769[0m        [94m0.5331[0m     +  0.0000  10.6520
      2      [36m0.8406[0m        [32m0.4705[0m       [35m0.5052[0m      [31m0.7333[0m        [94m0.4950[0m     +  0.0000  10.6396
      3      [36m0.8637[0m        [32m0.4466[0m       [35m0.5925[0m      [31m0.7705[0m        [94m0.4680[0m     +  0.0000  10.6718
      4      [36m0.8768[0m        [32m0.4267[0m       [35m0.6300[0m      [31m0.7916[0m        [94m0.4486[0m     +  0.0000  10.7213
      5      [36m0.9103[0m        [32m0.3998[0m       [35m0.6549[0m      [31m0.7982[0m        [94m0.4339[0m     +  0.0000  10.7960
      6      0.9088        [32m0.3800[0m       [35m0.6573[0m      0.7927        [94m0.4287[0m     +  0.0000  10.8766
      7      [36m0.9143[0m        [32m0.3681[0m       [35m0.6649[0m      [31m0.8031[0m        [94m0.4244[0m     +  0.0000  10.9992
      8      0.9054        0.3769       [35m0.6731[0m      [31m0.8120[0m        [94m0.4193[0m     +  0.0000  10.8893
      9      [36m0.9236[0m        0.3692       [35m0.6738[0m      0.8104        [94m0.4164[0m     +  0.0000  10.6462
     10      0.9003        0.3690       [35m0.6757[0m      0.8112        [94m0.4146[0m     +  0.0000  10.4961
     11      [36m0.9395[0m        [32m0.3535[0m       [35m0.6759[0m      [31m0.8123[0m        [94m0.4133[0m     +  0.0000  10.7029
     12      [36m0.9659[0m        [32m0.3347[0m       [35m0.6783[0m      [31m0.8127[0m        [94m0.4122[0m     +  0.0000  11.0682
     13      0.9223        0.3578       [35m0.6792[0m      [31m0.8153[0m        [94m0.4109[0m     +  0.0000  11.0313
     14      0.9424        0.3413       0.6792      [31m0.8158[0m        [94m0.4095[0m     +  0.0000  10.9193
     15      0.9281        0.3545       0.6781      0.8141        [94m0.4087[0m     +  0.0000  10.8075
     16      0.9281        0.3390       [35m0.6793[0m      0.8149        [94m0.4083[0m     +  0.0000  10.8561
     17      0.9210        0.3545       [35m0.6799[0m      [31m0.8160[0m        [94m0.4076[0m     +  0.0000  10.8007
     18      0.9471        0.3524       0.6795      [31m0.8161[0m        [94m0.4073[0m     +  0.0000  10.8099
     19      0.9428        [32m0.3345[0m       [35m0.6804[0m      [31m0.8173[0m        [94m0.4070[0m     +  0.0000  10.9475
     20      0.9344        0.3596       0.6802      0.8167        [94m0.4067[0m     +  0.0000  10.7360
     21      0.9318        0.3567       0.6804      [31m0.8174[0m        [94m0.4065[0m     +  0.0000  10.9456
     22      0.9424        [32m0.3297[0m       [35m0.6807[0m      0.8172        [94m0.4064[0m     +  0.0000  10.6862
     23      0.9188        0.3441       0.6806      0.8167        [94m0.4063[0m     +  0.0000  11.2023
     24      0.9339        0.3373       [35m0.6809[0m      0.8171        [94m0.4061[0m     +  0.0000  10.9043
     25      0.9415        0.3464       [35m0.6813[0m      0.8174        [94m0.4059[0m     +  0.0000  10.8761
     26      0.9257        0.3435       0.6809      0.8170        [94m0.4059[0m     +  0.0000  10.5861
     27      0.9474        0.3453       0.6811      [31m0.8174[0m        [94m0.4058[0m     +  0.0000  10.7499
     28      0.9230        0.3459       [35m0.6814[0m      [31m0.8174[0m        [94m0.4057[0m     +  0.0000  11.0145
     29      0.9509        0.3477       0.6809      0.8172        [94m0.4057[0m     +  0.0000  10.7742
     30      0.9656        0.3386       0.6814      [31m0.8177[0m        [94m0.4056[0m     +  0.0000  10.8882
     31      0.9561        [32m0.3282[0m       0.6813      0.8176        [94m0.4056[0m     +  0.0000  10.6247
     32      0.9496        0.3349       0.6814      [31m0.8177[0m        [94m0.4055[0m     +  0.0000  10.7295
     33      0.9336        0.3326       [35m0.6816[0m      [31m0.8178[0m        [94m0.4055[0m     +  0.0000  10.7209
     34      0.9420        0.3461       0.6816      [31m0.8178[0m        [94m0.4055[0m     +  0.0000  10.6564
     35      0.9412        0.3499       [35m0.6818[0m      [31m0.8179[0m        [94m0.4055[0m     +  0.0000  11.0466
     36      0.9632        [32m0.3265[0m       [35m0.6819[0m      [31m0.8180[0m        [94m0.4055[0m     +  0.0000  10.6875
     37      0.9509        [32m0.3222[0m       0.6819      0.8180        [94m0.4055[0m     +  0.0000  10.7355
     38      0.9598        0.3377       0.6818      0.8180        [94m0.4054[0m     +  0.0000  10.9977
     39      0.9210        0.3516       0.6818      0.8179        [94m0.4054[0m     +  0.0000  11.0462
     40      0.9558        0.3283       0.6819      0.8180        [94m0.4054[0m     +  0.0000  10.8129
     41      0.9306        0.3353       0.6819      0.8180        [94m0.4054[0m     +  0.0000  10.8102
     42      0.9394        0.3374       0.6819      0.8180        [94m0.4054[0m     +  0.0000  10.7668
     43      0.9267        0.3455       0.6819      0.8180        [94m0.4054[0m     +  0.0000  10.9409
     44      0.9318        0.3377       0.6819      0.8180        [94m0.4054[0m     +  0.0000  10.7835
     45      0.9471        0.3378       0.6819      0.8180        [94m0.4054[0m     +  0.0000  10.7606
     46      0.9564        0.3419       0.6819      0.8180        [94m0.4054[0m     +  0.0000  10.8268
     47      0.9463        0.3459       0.6819      0.8180        [94m0.4054[0m     +  0.0000  10.6044
     48      0.9342        0.3469       0.6819      0.8180        [94m0.4054[0m     +  0.0000  10.7213
     49      0.9504        0.3372       [35m0.6821[0m      [31m0.8182[0m        [94m0.4054[0m     +  0.0000  10.9374
     50      0.9415        0.3467       0.6819      0.8180        [94m0.4054[0m     +  0.0000  10.8314
     51      0.9201        0.3360       0.6819      0.8180        [94m0.4054[0m     +  0.0000  10.9272
     52      0.9416        0.3414       0.6821      0.8182        [94m0.4054[0m     +  0.0000  10.7836
Stopping since valid_loss has not improved in the last 11 epochs.
Iteration 3: Test F1 Micro Score: 0.861831822444514
Iteration 3: Test F1 Macro Score: 0.8447061609799634
Model checkpoint saved to C:\Users\localuserSKSG\Desktop\Shubham\RandomSampling/Multilabel/DinoS/seed_45_config2_lowLR/model_checkpoint_iteration_2.pt

Iteration 4: Requesting 56 samples.
Re-initializing module.
Re-initializing criterion.
Re-initializing optimizer.
  epoch    train_f1    train_loss    valid_acc    valid_f1    valid_loss    cp      lr      dur
-------  ----------  ------------  -----------  ----------  ------------  ----  ------  -------
      1      [36m0.8761[0m        [32m0.3898[0m       [35m0.7059[0m      [31m0.8411[0m        [94m0.3799[0m     +  0.0000  11.0614
      2      [36m0.9201[0m        [32m0.3231[0m       [35m0.7139[0m      [31m0.8531[0m        [94m0.3504[0m     +  0.0000  11.2491
      3      [36m0.9265[0m        [32m0.3094[0m       [35m0.7188[0m      [31m0.8583[0m        [94m0.3420[0m     +  0.0000  11.0572
      4      [36m0.9489[0m        [32m0.2843[0m       0.7127      0.8521        [94m0.3325[0m     +  0.0000  11.0303
      5      0.9391        [32m0.2741[0m       0.7174      0.8559        [94m0.3274[0m     +  0.0000  11.0464
      6      [36m0.9635[0m        [32m0.2710[0m       [35m0.7276[0m      [31m0.8618[0m        [94m0.3219[0m     +  0.0000  10.9866
      7      0.9542        [32m0.2636[0m       [35m0.7328[0m      [31m0.8646[0m        [94m0.3203[0m     +  0.0000  11.1482
      8      0.9495        [32m0.2571[0m       [35m0.7359[0m      [31m0.8655[0m        [94m0.3171[0m     +  0.0000  11.2033
      9      0.9471        [32m0.2519[0m       [35m0.7361[0m      0.8647        [94m0.3159[0m     +  0.0000  11.0673
     10      0.9603        0.2641       [35m0.7363[0m      0.8647        [94m0.3142[0m     +  0.0000  11.1590
     11      [36m0.9644[0m        [32m0.2453[0m       [35m0.7389[0m      [31m0.8656[0m        [94m0.3128[0m     +  0.0000  11.2171
     12      [36m0.9683[0m        [32m0.2438[0m       0.7375      0.8647        [94m0.3122[0m     +  0.0000  10.9983
     13      0.9606        0.2489       [35m0.7411[0m      [31m0.8663[0m        [94m0.3115[0m     +  0.0000  11.0729
     14      0.9481        0.2505       [35m0.7413[0m      0.8660        [94m0.3110[0m     +  0.0000  11.4100
     15      0.9579        0.2442       [35m0.7415[0m      [31m0.8663[0m        [94m0.3107[0m     +  0.0000  10.9634
     16      [36m0.9731[0m        [32m0.2428[0m       0.7411      0.8659        [94m0.3103[0m     +  0.0000  11.1539
     17      0.9619        [32m0.2413[0m       0.7406      0.8653        [94m0.3099[0m     +  0.0000  11.0328
     18      0.9606        0.2460       0.7401      0.8651        [94m0.3096[0m     +  0.0000  11.1493
     19      0.9576        0.2468       0.7401      0.8651        [94m0.3096[0m     +  0.0000  10.9479
     20      0.9625        0.2447       [35m0.7420[0m      0.8654        [94m0.3091[0m     +  0.0000  11.0022
     21      0.9641        0.2514       0.7418      0.8655        [94m0.3090[0m     +  0.0000  10.9061
     22      0.9606        0.2423       0.7417      0.8654        [94m0.3088[0m     +  0.0000  11.0001
     23      0.9663        0.2438       0.7410      0.8653        [94m0.3087[0m     +  0.0000  11.2832
     24      0.9585        0.2420       0.7420      0.8654        [94m0.3087[0m     +  0.0000  11.2862
     25      0.9685        0.2462       0.7420      0.8656        [94m0.3086[0m     +  0.0000  11.1903
     26      0.9656        0.2480       0.7415      0.8654        [94m0.3085[0m     +  0.0000  10.9221
     27      0.9708        0.2480       0.7410      0.8651        [94m0.3085[0m     +  0.0000  11.0309
     28      0.9685        [32m0.2346[0m       [35m0.7422[0m      0.8657        [94m0.3084[0m     +  0.0000  11.2487
     29      0.9620        0.2491       [35m0.7424[0m      0.8656        [94m0.3084[0m     +  0.0000  10.9846
     30      0.9698        0.2401       0.7418      0.8655        [94m0.3083[0m     +  0.0000  11.1677
     31      0.9660        0.2463       0.7422      0.8656        [94m0.3083[0m     +  0.0000  11.0139
     32      0.9623        0.2450       0.7422      0.8656        [94m0.3083[0m     +  0.0000  10.9159
     33      0.9636        0.2422       0.7422      0.8656        0.3083        0.0000  11.1214
     34      0.9585        0.2445       0.7424      0.8657        [94m0.3083[0m     +  0.0000  11.1504
     35      0.9633        0.2461       0.7422      0.8656        [94m0.3083[0m     +  0.0000  11.3383
     36      0.9626        0.2394       0.7422      0.8656        0.3083        0.0000  11.2225
     37      0.9633        0.2508       0.7424      0.8657        [94m0.3083[0m     +  0.0000  10.9620
     38      0.9708        0.2456       0.7420      0.8656        [94m0.3083[0m     +  0.0000  11.1124
     39      0.9637        0.2501       0.7422      0.8656        [94m0.3082[0m     +  0.0000  10.8850
     40      0.9665        0.2427       0.7420      0.8656        [94m0.3082[0m     +  0.0000  11.0471
     41      0.9606        0.2434       0.7420      0.8656        [94m0.3082[0m     +  0.0000  11.0781
     42      0.9649        0.2407       0.7422      0.8657        [94m0.3082[0m     +  0.0000  11.0650
     43      0.9633        0.2437       0.7420      0.8656        [94m0.3082[0m     +  0.0000  11.1607
     44      0.9663        0.2408       0.7417      0.8655        [94m0.3082[0m     +  0.0000  10.8919
     45      0.9620        0.2393       0.7418      0.8656        [94m0.3082[0m     +  0.0000  10.9444
Stopping since valid_loss has not improved in the last 11 epochs.
Iteration 4: Test F1 Micro Score: 0.8914285714285713
Iteration 4: Test F1 Macro Score: 0.8821847341361465
Model checkpoint saved to C:\Users\localuserSKSG\Desktop\Shubham\RandomSampling/Multilabel/DinoS/seed_45_config2_lowLR/model_checkpoint_iteration_3.pt

Iteration 5: Requesting 96 samples.
Re-initializing module.
Re-initializing criterion.
Re-initializing optimizer.
  epoch    train_f1    train_loss    valid_acc    valid_f1    valid_loss    cp      lr      dur
-------  ----------  ------------  -----------  ----------  ------------  ----  ------  -------
      1      [36m0.9074[0m        [32m0.2866[0m       [35m0.7356[0m      [31m0.8602[0m        [94m0.2945[0m     +  0.0000  11.7051
      2      [36m0.9325[0m        [32m0.2480[0m       [35m0.7436[0m      0.8577        [94m0.2857[0m     +  0.0000  11.6082
      3      0.9271        [32m0.2359[0m       [35m0.7488[0m      0.8591        [94m0.2798[0m     +  0.0000  11.5769
      4      [36m0.9418[0m        [32m0.2309[0m       0.7472      0.8544        [94m0.2785[0m     +  0.0000  11.1829
      5      [36m0.9537[0m        [32m0.2219[0m       [35m0.7543[0m      [31m0.8643[0m        [94m0.2723[0m     +  0.0000  11.6398
      6      0.9441        [32m0.2134[0m       0.7521      [31m0.8686[0m        [94m0.2701[0m     +  0.0000  11.4273
      7      [36m0.9595[0m        [32m0.2125[0m       [35m0.7552[0m      0.8680        [94m0.2689[0m     +  0.0000  11.4634
      8      [36m0.9642[0m        [32m0.2098[0m       [35m0.7585[0m      0.8683        [94m0.2684[0m     +  0.0000  11.3938
      9      [36m0.9656[0m        [32m0.2059[0m       [35m0.7655[0m      [31m0.8698[0m        [94m0.2672[0m     +  0.0000  11.4215
     10      0.9639        [32m0.2050[0m       0.7646      0.8692        0.2681        0.0000  11.4376
     11      [36m0.9707[0m        [32m0.1996[0m       0.7646      [31m0.8702[0m        [94m0.2656[0m     +  0.0000  11.5309
     12      [36m0.9722[0m        [32m0.1984[0m       0.7604      [31m0.8710[0m        [94m0.2647[0m     +  0.0000  11.4591
     13      0.9618        0.2060       0.7651      [31m0.8711[0m        [94m0.2646[0m     +  0.0000  11.2725
     14      [36m0.9737[0m        0.1987       0.7601      [31m0.8712[0m        [94m0.2643[0m     +  0.0000  11.3850
     15      0.9683        0.2010       0.7637      0.8708        [94m0.2642[0m     +  0.0000  11.5830
     16      0.9697        [32m0.1939[0m       0.7615      [31m0.8714[0m        [94m0.2636[0m     +  0.0000  11.4479
     17      [36m0.9749[0m        0.1994       0.7615      0.8711        [94m0.2635[0m     +  0.0000  11.4063
     18      [36m0.9761[0m        0.1960       0.7627      [31m0.8723[0m        [94m0.2632[0m     +  0.0000  11.5113
     19      0.9687        [32m0.1934[0m       0.7635      0.8715        [94m0.2631[0m     +  0.0000  11.6406
     20      0.9681        0.1981       0.7634      0.8721        0.2631        0.0000  11.5159
     21      0.9732        0.1937       0.7625      0.8721        [94m0.2630[0m     +  0.0000  11.3802
     22      0.9719        [32m0.1917[0m       0.7630      [31m0.8728[0m        [94m0.2630[0m     +  0.0000  11.5573
     23      0.9711        0.1989       0.7623      0.8725        0.2631        0.0000  11.4717
     24      [36m0.9799[0m        0.1951       0.7620      0.8725        0.2631        0.0000  11.6824
     25      0.9745        0.1968       0.7611      0.8713        0.2631        0.0000  11.6033
     26      0.9791        [32m0.1884[0m       0.7613      0.8714        0.2630        0.0000  11.3873
     27      0.9759        [32m0.1877[0m       0.7615      0.8715        [94m0.2629[0m     +  0.0000  11.3648
     28      0.9764        0.1916       0.7623      0.8721        [94m0.2628[0m     +  0.0000  11.5667
     29      0.9779        0.1881       0.7620      0.8716        [94m0.2628[0m     +  0.0000  11.5896
     30      0.9700        0.1980       0.7622      0.8719        [94m0.2628[0m     +  0.0000  11.4090
     31      0.9590        0.1929       0.7623      0.8718        [94m0.2627[0m     +  0.0000  11.3751
     32      0.9741        0.1917       0.7623      0.8718        [94m0.2627[0m     +  0.0000  11.3174
     33      0.9728        0.1955       0.7622      0.8717        [94m0.2627[0m     +  0.0000  11.3607
     34      0.9724        0.1960       0.7623      0.8720        0.2627        0.0000  11.4890
     35      0.9704        0.1930       0.7625      0.8725        0.2627        0.0000  11.5781
     36      0.9776        0.1939       0.7625      0.8723        0.2627        0.0000  11.6433
     37      [36m0.9848[0m        0.1893       0.7623      0.8723        0.2627        0.0000  11.5874
     38      0.9731        0.1965       0.7625      0.8725        0.2627        0.0000  11.6563
     39      0.9724        0.1955       0.7627      0.8724        [94m0.2627[0m     +  0.0000  11.4856
     40      0.9688        0.1905       0.7627      0.8725        [94m0.2627[0m     +  0.0000  11.4502
     41      0.9787        0.1909       0.7627      0.8724        [94m0.2627[0m     +  0.0000  11.3890
     42      0.9720        0.1914       0.7627      0.8725        [94m0.2627[0m     +  0.0000  11.6094
     43      0.9805        0.1982       0.7627      0.8724        [94m0.2627[0m     +  0.0000  11.4781
     44      0.9788        0.1940       0.7627      0.8724        [94m0.2627[0m     +  0.0000  11.3456
     45      0.9784        0.1917       0.7627      0.8724        [94m0.2627[0m     +  0.0000  11.6874
     46      0.9719        0.1887       0.7627      0.8724        [94m0.2627[0m     +  0.0000  11.5752
     47      0.9755        0.1915       0.7627      0.8724        [94m0.2627[0m     +  0.0000  11.5236
     48      0.9803        0.1932       0.7627      0.8724        0.2627        0.0000  11.5357
     49      0.9758        0.1938       0.7627      0.8724        0.2627        0.0000  11.2834
     50      0.9670        0.1891       0.7627      0.8724        [94m0.2627[0m     +  0.0000  11.6041
     51      0.9769        0.1992       0.7627      0.8724        [94m0.2627[0m     +  0.0000  11.5183
     52      0.9767        0.1974       0.7627      0.8724        [94m0.2627[0m     +  0.0000  11.1565
     53      0.9761        0.1896       0.7627      0.8724        0.2627        0.0000  11.3305
     54      0.9726        0.1958       0.7627      0.8724        [94m0.2627[0m     +  0.0000  11.4577
Stopping since valid_loss has not improved in the last 11 epochs.
Iteration 5: Test F1 Micro Score: 0.8965941416160529
Iteration 5: Test F1 Macro Score: 0.8850152217105377
Model checkpoint saved to C:\Users\localuserSKSG\Desktop\Shubham\RandomSampling/Multilabel/DinoS/seed_45_config2_lowLR/model_checkpoint_iteration_4.pt

Iteration 6: Requesting 176 samples.
Re-initializing module.
Re-initializing criterion.
Re-initializing optimizer.
  epoch    train_f1    train_loss    valid_acc    valid_f1    valid_loss    cp      lr      dur
-------  ----------  ------------  -----------  ----------  ------------  ----  ------  -------
      1      [36m0.9075[0m        [32m0.2410[0m       [35m0.7911[0m      [31m0.8762[0m        [94m0.2543[0m     +  0.0000  12.5369
      2      [36m0.9391[0m        [32m0.2162[0m       [35m0.7951[0m      [31m0.8863[0m        [94m0.2495[0m     +  0.0000  12.2590
      3      [36m0.9465[0m        [32m0.2016[0m       [35m0.7995[0m      0.8827        [94m0.2457[0m     +  0.0000  12.3675
      4      [36m0.9626[0m        [32m0.1940[0m       0.7976      0.8700        [94m0.2447[0m     +  0.0000  12.0404
      5      0.9554        [32m0.1884[0m       [35m0.8031[0m      0.8812        [94m0.2420[0m     +  0.0000  11.8843
      6      [36m0.9730[0m        [32m0.1786[0m       0.8002      0.8768        [94m0.2402[0m     +  0.0000  12.1646
      7      0.9722        [32m0.1770[0m       0.8009      0.8790        [94m0.2387[0m     +  0.0000  12.1495
      8      0.9711        [32m0.1745[0m       0.7990      0.8773        0.2389        0.0000  12.1157
      9      [36m0.9740[0m        [32m0.1693[0m       0.8010      0.8781        [94m0.2371[0m     +  0.0000  12.0552
     10      [36m0.9811[0m        [32m0.1687[0m       0.8010      0.8780        [94m0.2366[0m     +  0.0000  11.9749
     11      [36m0.9847[0m        [32m0.1666[0m       0.7991      0.8755        0.2377        0.0000  11.8990
     12      0.9762        0.1684       0.7990      0.8761        0.2371        0.0000  12.2107
     13      [36m0.9857[0m        [32m0.1664[0m       0.8023      0.8778        [94m0.2356[0m     +  0.0000  12.3829
     14      0.9824        [32m0.1629[0m       0.8023      0.8770        0.2360        0.0000  12.1164
     15      0.9783        [32m0.1610[0m       0.7983      0.8765        [94m0.2350[0m     +  0.0000  11.8987
     16      0.9817        0.1613       0.7964      0.8779        [94m0.2347[0m     +  0.0000  12.1789
     17      0.9850        [32m0.1605[0m       0.7948      0.8769        0.2354        0.0000  12.3212
     18      0.9814        0.1629       0.7984      0.8781        0.2351        0.0000  12.2435
     19      [36m0.9860[0m        [32m0.1559[0m       0.7962      0.8780        0.2349        0.0000  12.0719
     20      0.9829        0.1607       0.7970      0.8783        [94m0.2347[0m     +  0.0000  12.1949
     21      [36m0.9879[0m        0.1590       0.7964      0.8781        0.2348        0.0000  12.4456
     22      0.9854        0.1607       0.7953      0.8781        [94m0.2345[0m     +  0.0000  12.0062
     23      0.9878        0.1562       0.7944      0.8778        0.2347        0.0000  12.0707
     24      0.9866        [32m0.1551[0m       0.7943      0.8779        0.2345        0.0000  12.3054
     25      0.9875        0.1592       0.7941      0.8779        [94m0.2344[0m     +  0.0000  12.3781
     26      0.9836        [32m0.1540[0m       0.7939      0.8778        0.2345        0.0000  12.1491
     27      0.9830        0.1567       0.7944      0.8787        [94m0.2343[0m     +  0.0000  12.3350
     28      0.9854        0.1552       0.7944      0.8784        0.2344        0.0000  12.2730
     29      0.9842        0.1555       0.7936      0.8776        0.2344        0.0000  12.2100
     30      0.9838        0.1567       0.7941      0.8778        0.2344        0.0000  12.3178
     31      0.9844        0.1573       0.7941      0.8783        [94m0.2343[0m     +  0.0000  12.0993
     32      0.9869        0.1553       0.7937      0.8777        0.2343        0.0000  12.1009
     33      0.9844        0.1558       0.7943      0.8784        0.2343        0.0000  11.9269
     34      0.9862        0.1604       0.7943      0.8784        0.2343        0.0000  12.0386
     35      0.9821        0.1558       0.7946      0.8785        [94m0.2343[0m     +  0.0000  12.1633
     36      0.9802        0.1554       0.7944      0.8784        0.2343        0.0000  12.1798
     37      [36m0.9894[0m        0.1564       0.7941      0.8781        0.2343        0.0000  12.0858
     38      [36m0.9905[0m        0.1569       0.7943      0.8783        0.2343        0.0000  11.9923
     39      0.9834        0.1572       0.7944      0.8784        0.2343        0.0000  11.9165
     40      0.9866        0.1555       0.7944      0.8784        0.2343        0.0000  12.1187
     41      0.9878        0.1563       0.7944      0.8784        0.2343        0.0000  12.2727
     42      0.9869        0.1569       0.7944      0.8784        0.2343        0.0000  12.2258
     43      0.9838        0.1540       0.7944      0.8784        0.2343        0.0000  12.4839
     44      0.9827        0.1562       0.7944      0.8784        0.2343        0.0000  12.4049
     45      0.9848        0.1555       0.7946      0.8787        0.2343        0.0000  12.2187
Stopping since valid_loss has not improved in the last 11 epochs.
Iteration 6: Test F1 Micro Score: 0.9137016829324522
Iteration 6: Test F1 Macro Score: 0.9019632960803232
Model checkpoint saved to C:\Users\localuserSKSG\Desktop\Shubham\RandomSampling/Multilabel/DinoS/seed_45_config2_lowLR/model_checkpoint_iteration_5.pt

Iteration 7: Requesting 320 samples.
Re-initializing module.
Re-initializing criterion.
Re-initializing optimizer.
  epoch    train_f1    train_loss    valid_acc    valid_f1    valid_loss    cp      lr      dur
-------  ----------  ------------  -----------  ----------  ------------  ----  ------  -------
      1      [36m0.9354[0m        [32m0.1970[0m       [35m0.8000[0m      [31m0.8828[0m        [94m0.2314[0m     +  0.0000  13.4469
      2      [36m0.9595[0m        [32m0.1739[0m       0.7997      0.8802        [94m0.2269[0m     +  0.0000  13.4676
      3      [36m0.9678[0m        [32m0.1670[0m       [35m0.8012[0m      0.8824        [94m0.2263[0m     +  0.0000  13.6025
      4      [36m0.9716[0m        [32m0.1551[0m       0.7957      0.8794        [94m0.2263[0m     +  0.0000  13.4421
      5      0.9713        [32m0.1504[0m       0.7984      0.8779        [94m0.2244[0m     +  0.0000  13.5709
      6      [36m0.9815[0m        [32m0.1414[0m       [35m0.8043[0m      [31m0.8856[0m        [94m0.2148[0m     +  0.0000  13.3574
      7      [36m0.9854[0m        [32m0.1404[0m       [35m0.8049[0m      [31m0.8874[0m        [94m0.2145[0m     +  0.0000  13.3823
      8      0.9824        [32m0.1380[0m       0.8007      [31m0.8878[0m        0.2166        0.0000  13.2296
      9      0.9837        [32m0.1375[0m       0.8047      0.8873        0.2147        0.0000  13.4307
     10      [36m0.9873[0m        [32m0.1311[0m       [35m0.8097[0m      [31m0.8888[0m        [94m0.2123[0m     +  0.0000  13.2259
     11      [36m0.9883[0m        [32m0.1297[0m       0.8050      [31m0.8888[0m        [94m0.2120[0m     +  0.0000  13.3858
     12      [36m0.9888[0m        0.1306       0.8030      0.8880        0.2124        0.0000  13.3053
     13      [36m0.9934[0m        [32m0.1246[0m       0.8089      [31m0.8888[0m        [94m0.2109[0m     +  0.0000  13.5415
     14      0.9917        0.1270       0.8005      0.8867        0.2128        0.0000  13.3518
     15      0.9926        0.1271       0.8024      0.8873        0.2119        0.0000  13.5259
     16      [36m0.9937[0m        [32m0.1241[0m       0.8082      [31m0.8889[0m        [94m0.2109[0m     +  0.0000  13.5249
     17      0.9888        0.1251       [35m0.8101[0m      [31m0.8896[0m        [94m0.2104[0m     +  0.0000  13.5109
     18      0.9936        0.1243       0.8082      0.8890        0.2106        0.0000  13.3375
     19      0.9934        [32m0.1226[0m       0.8087      0.8893        [94m0.2100[0m     +  0.0000  12.9765
     20      [36m0.9937[0m        0.1231       0.8078      0.8888        0.2104        0.0000  13.5396
     21      [36m0.9943[0m        [32m0.1194[0m       0.8097      0.8888        [94m0.2098[0m     +  0.0000  13.7114
     22      0.9909        0.1210       0.8101      0.8893        [94m0.2095[0m     +  0.0000  13.4772
     23      [36m0.9959[0m        0.1213       0.8092      0.8882        0.2097        0.0000  13.3209
     24      0.9934        0.1240       [35m0.8104[0m      0.8895        0.2096        0.0000  13.2126
     25      0.9944        0.1227       0.8087      0.8879        0.2097        0.0000  13.2262
     26      [36m0.9967[0m        0.1219       0.8095      0.8886        [94m0.2094[0m     +  0.0000  13.5246
     27      0.9927        0.1248       0.8095      0.8883        [94m0.2093[0m     +  0.0000  13.0708
     28      0.9946        0.1240       0.8101      0.8883        0.2093        0.0000  13.4421
     29      0.9962        0.1212       0.8097      0.8886        [94m0.2093[0m     +  0.0000  13.6192
     30      0.9948        0.1220       0.8097      0.8882        [94m0.2093[0m     +  0.0000  13.2592
     31      0.9941        0.1222       0.8101      0.8885        0.2093        0.0000  13.3048
     32      0.9934        0.1229       0.8099      0.8882        0.2093        0.0000  13.6492
     33      0.9959        0.1208       0.8097      0.8882        0.2093        0.0000  13.1027
     34      0.9939        [32m0.1187[0m       0.8095      0.8882        0.2093        0.0000  13.4624
     35      0.9918        0.1225       0.8097      0.8885        [94m0.2092[0m     +  0.0000  13.4315
     36      0.9953        0.1217       0.8095      0.8885        0.2092        0.0000  13.5242
     37      0.9942        0.1227       0.8095      0.8884        0.2092        0.0000  13.7440
     38      0.9950        0.1189       0.8097      0.8886        0.2092        0.0000  13.4622
     39      0.9954        0.1195       0.8095      0.8885        0.2092        0.0000  13.4310
     40      0.9948        0.1226       0.8095      0.8885        0.2092        0.0000  13.2582
     41      0.9964        0.1191       0.8099      0.8885        0.2092        0.0000  13.4633
     42      0.9939        0.1215       0.8099      0.8885        0.2092        0.0000  13.3841
     43      0.9948        [32m0.1179[0m       0.8097      0.8882        0.2092        0.0000  13.3852
     44      0.9962        [32m0.1176[0m       0.8097      0.8882        0.2092        0.0000  13.4306
     45      0.9929        0.1213       0.8099      0.8883        0.2092        0.0000  13.2283
Stopping since valid_loss has not improved in the last 11 epochs.
Iteration 7: Test F1 Micro Score: 0.9125048095421316
Iteration 7: Test F1 Macro Score: 0.8973092272892166
Model checkpoint saved to C:\Users\localuserSKSG\Desktop\Shubham\RandomSampling/Multilabel/DinoS/seed_45_config2_lowLR/model_checkpoint_iteration_6.pt

Iteration 8: Requesting 560 samples.
Re-initializing module.
Re-initializing criterion.
Re-initializing optimizer.
  epoch    train_f1    train_loss    valid_acc    valid_f1    valid_loss    cp      lr      dur
-------  ----------  ------------  -----------  ----------  ------------  ----  ------  -------
      1      [36m0.9475[0m        [32m0.1614[0m       [35m0.7957[0m      [31m0.8865[0m        [94m0.2238[0m     +  0.0000  15.7126
      2      [36m0.9699[0m        [32m0.1374[0m       [35m0.8035[0m      [31m0.8884[0m        [94m0.2194[0m     +  0.0000  15.6506
      3      [36m0.9747[0m        [32m0.1288[0m       [35m0.8210[0m      [31m0.8956[0m        [94m0.2084[0m     +  0.0000  15.4474
      4      [36m0.9778[0m        [32m0.1220[0m       [35m0.8260[0m      [31m0.8959[0m        [94m0.2052[0m     +  0.0000  15.7779
      5      [36m0.9864[0m        [32m0.1142[0m       [35m0.8309[0m      [31m0.8994[0m        [94m0.2017[0m     +  0.0000  15.6814
      6      [36m0.9904[0m        [32m0.1084[0m       0.8297      0.8985        [94m0.1977[0m     +  0.0000  15.6514
      7      [36m0.9921[0m        [32m0.1027[0m       0.8299      0.8970        [94m0.1968[0m     +  0.0000  15.6519
      8      0.9914        [32m0.1010[0m       [35m0.8313[0m      0.8963        [94m0.1950[0m     +  0.0000  15.9156
      9      0.9915        [32m0.0993[0m       0.8300      0.8950        [94m0.1946[0m     +  0.0000  15.4009
     10      [36m0.9941[0m        [32m0.0984[0m       [35m0.8319[0m      0.8977        0.1967        0.0000  15.6971
     11      [36m0.9953[0m        [32m0.0952[0m       0.8297      0.8892        [94m0.1915[0m     +  0.0000  15.6654
     12      0.9950        [32m0.0936[0m       0.8304      0.8903        [94m0.1912[0m     +  0.0000  15.6343
     13      0.9952        [32m0.0919[0m       0.8295      0.8895        0.1919        0.0000  15.7143
     14      [36m0.9967[0m        0.0925       0.8283      0.8879        0.1921        0.0000  15.3226
     15      [36m0.9970[0m        [32m0.0915[0m       0.8292      0.8899        0.1914        0.0000  15.7884
     16      [36m0.9974[0m        0.0918       0.8280      0.8848        0.1928        0.0000  15.7594
     17      0.9965        [32m0.0914[0m       0.8297      0.8872        0.1921        0.0000  15.3688
     18      0.9972        [32m0.0883[0m       0.8283      0.8862        0.1927        0.0000  15.5089
     19      0.9967        0.0889       0.8276      0.8853        0.1927        0.0000  15.5405
     20      0.9972        0.0892       0.8266      0.8851        0.1930        0.0000  15.4111
     21      [36m0.9974[0m        0.0885       0.8260      0.8839        0.1937        0.0000  15.4788
     22      0.9972        [32m0.0879[0m       0.8269      0.8850        0.1931        0.0000  15.5717
Stopping since valid_loss has not improved in the last 11 epochs.
Iteration 8: Test F1 Micro Score: 0.9234342339552528
Iteration 8: Test F1 Macro Score: 0.9080874629038614
Model checkpoint saved to C:\Users\localuserSKSG\Desktop\Shubham\RandomSampling/Multilabel/DinoS/seed_45_config2_lowLR/model_checkpoint_iteration_7.pt

Iteration 9: Requesting 1000 samples.
Re-initializing module.
Re-initializing criterion.
Re-initializing optimizer.
  epoch    train_f1    train_loss    valid_acc    valid_f1    valid_loss    cp      lr      dur
-------  ----------  ------------  -----------  ----------  ------------  ----  ------  -------
      1      [36m0.9622[0m        [32m0.1252[0m       [35m0.8285[0m      [31m0.8957[0m        [94m0.1816[0m     +  0.0000  19.5135
      2      [36m0.9755[0m        [32m0.1082[0m       [35m0.8307[0m      [31m0.8957[0m        [94m0.1796[0m     +  0.0000  19.7333
      3      [36m0.9809[0m        [32m0.1013[0m       0.8229      0.8941        0.1883        0.0000  19.2778
      4      [36m0.9825[0m        [32m0.0944[0m       0.8253      0.8912        0.1824        0.0000  19.6216
      5      [36m0.9847[0m        [32m0.0878[0m       0.8276      0.8953        0.1874        0.0000  19.1999
      6      [36m0.9888[0m        [32m0.0798[0m       0.8285      [31m0.8962[0m        0.1861        0.0000  19.4640
      7      [36m0.9893[0m        [32m0.0765[0m       0.8257      [31m0.8963[0m        0.1918        0.0000  19.4467
      8      [36m0.9912[0m        [32m0.0740[0m       0.8307      [31m0.8969[0m        0.1866        0.0000  19.3545
      9      [36m0.9924[0m        [32m0.0722[0m       0.8264      0.8954        0.1910        0.0000  19.3248
     10      [36m0.9937[0m        [32m0.0692[0m       0.8236      0.8936        0.1912        0.0000  19.4956
     11      [36m0.9952[0m        [32m0.0680[0m       0.8245      0.8929        0.1863        0.0000  19.5114
     12      [36m0.9955[0m        [32m0.0662[0m       0.8271      0.8942        0.1844        0.0000  19.5426
Stopping since valid_loss has not improved in the last 11 epochs.
Iteration 9: Test F1 Micro Score: 0.916246519677929
Iteration 9: Test F1 Macro Score: 0.9024423820987196
Model checkpoint saved to C:\Users\localuserSKSG\Desktop\Shubham\RandomSampling/Multilabel/DinoS/seed_45_config2_lowLR/model_checkpoint_iteration_8.pt

Iteration 10: Requesting 1776 samples.
Re-initializing module.
Re-initializing criterion.
Re-initializing optimizer.
  epoch    train_f1    train_loss    valid_acc    valid_f1    valid_loss    cp      lr      dur
-------  ----------  ------------  -----------  ----------  ------------  ----  ------  -------
      1      [36m0.9690[0m        [32m0.1113[0m       [35m0.8368[0m      [31m0.8885[0m        [94m0.1741[0m     +  0.0000  26.2981
      2      [36m0.9753[0m        [32m0.0976[0m       0.8252      0.8731        0.1797        0.0000  26.3766
      3      [36m0.9790[0m        [32m0.0871[0m       [35m0.8370[0m      0.8871        [94m0.1712[0m     +  0.0000  26.7512
      4      [36m0.9825[0m        [32m0.0804[0m       [35m0.8399[0m      [31m0.8951[0m        [94m0.1682[0m     +  0.0000  26.4351
      5      [36m0.9851[0m        [32m0.0728[0m       0.8337      0.8908        0.1718        0.0000  26.3439
      6      [36m0.9876[0m        [32m0.0662[0m       0.8313      0.8845        0.1724        0.0000  26.3749
      7      [36m0.9889[0m        [32m0.0622[0m       0.8309      0.8871        0.1705        0.0000  26.2949
      8      [36m0.9906[0m        [32m0.0598[0m       0.8293      0.8873        0.1701        0.0000  26.6855
      9      [36m0.9912[0m        [32m0.0573[0m       0.8309      0.8875        0.1730        0.0000  26.3911
     10      [36m0.9930[0m        [32m0.0542[0m       0.8273      0.8868        0.1716        0.0000  26.4681
     11      0.9920        [32m0.0532[0m       0.8313      0.8845        0.1711        0.0000  26.4822
     12      [36m0.9931[0m        [32m0.0522[0m       0.8292      0.8831        0.1729        0.0000  26.4200
     13      [36m0.9933[0m        [32m0.0504[0m       0.8302      0.8842        0.1722        0.0000  26.5615
     14      [36m0.9946[0m        [32m0.0500[0m       0.8306      0.8843        0.1718        0.0000  26.3558
Stopping since valid_loss has not improved in the last 11 epochs.
Iteration 10: Test F1 Micro Score: 0.9167913091395733
Iteration 10: Test F1 Macro Score: 0.8990696054065879
Model checkpoint saved to C:\Users\localuserSKSG\Desktop\Shubham\RandomSampling/Multilabel/DinoS/seed_45_config2_lowLR/model_checkpoint_iteration_9.pt

Iteration 11: Requesting 3160 samples.
Re-initializing module.
Re-initializing criterion.
Re-initializing optimizer.
  epoch    train_f1    train_loss    valid_acc    valid_f1    valid_loss    cp      lr      dur
-------  ----------  ------------  -----------  ----------  ------------  ----  ------  -------
      1      [36m0.9729[0m        [32m0.0860[0m       [35m0.8288[0m      [31m0.8557[0m        [94m0.1843[0m     +  0.0000  38.7129
      2      [36m0.9785[0m        [32m0.0751[0m       0.8260      0.8543        0.1843        0.0000  39.0705
      3      [36m0.9799[0m        [32m0.0674[0m       [35m0.8415[0m      [31m0.8842[0m        [94m0.1704[0m     +  0.0000  38.7111
      4      [36m0.9833[0m        [32m0.0598[0m       0.7997      0.8453        0.2094        0.0000  38.9903
      5      [36m0.9837[0m        [32m0.0546[0m       0.8342      [31m0.8865[0m        0.1742        0.0000  38.8502
      6      [36m0.9874[0m        [32m0.0483[0m       0.8370      [31m0.8897[0m        [94m0.1633[0m     +  0.0000  38.8344
      7      [36m0.9882[0m        [32m0.0449[0m       [35m0.8417[0m      0.8881        0.1668        0.0000  38.8350
      8      [36m0.9898[0m        [32m0.0425[0m       0.8354      [31m0.8914[0m        0.1692        0.0000  39.0073
      9      [36m0.9905[0m        [32m0.0406[0m       0.8359      0.8911        0.1698        0.0000  38.7404
     10      0.9903        [32m0.0388[0m       0.8361      [31m0.8915[0m        0.1704        0.0000  38.7852
     11      [36m0.9916[0m        [32m0.0359[0m       0.8384      [31m0.8927[0m        0.1671        0.0000  38.7576
     12      [36m0.9932[0m        [32m0.0346[0m       0.8366      [31m0.8928[0m        0.1704        0.0000  38.6766
     13      0.9930        [32m0.0336[0m       0.8354      [31m0.8937[0m        0.1718        0.0000  38.7577
     14      [36m0.9936[0m        [32m0.0327[0m       0.8378      0.8925        0.1709        0.0000  38.6629
     15      [36m0.9943[0m        [32m0.0318[0m       0.8345      0.8928        0.1739        0.0000  38.8203
     16      [36m0.9945[0m        [32m0.0316[0m       0.8363      0.8930        0.1733        0.0000  38.7884
Stopping since valid_loss has not improved in the last 11 epochs.
Iteration 11: Test F1 Micro Score: 0.915007056609691
Iteration 11: Test F1 Macro Score: 0.8975694613022761
Model checkpoint saved to C:\Users\localuserSKSG\Desktop\Shubham\RandomSampling/Multilabel/DinoS/seed_45_config2_lowLR/model_checkpoint_iteration_10.pt

Iteration 12: Requesting 5624 samples.
Re-initializing module.
Re-initializing criterion.
Re-initializing optimizer.
  epoch    train_f1    train_loss    valid_acc    valid_f1    valid_loss    cp      lr      dur
-------  ----------  ------------  -----------  ----------  ------------  ----  ------  -------
      1      [36m0.9777[0m        [32m0.0587[0m       [35m0.8672[0m      [31m0.9027[0m        [94m0.1505[0m     +  0.0000  60.3822
      2      [36m0.9804[0m        [32m0.0516[0m       0.8576      [31m0.9036[0m        0.1572        0.0000  60.9909
      3      [36m0.9824[0m        [32m0.0466[0m       0.8562      [31m0.9049[0m        0.1593        0.0000  61.0203
      4      [36m0.9838[0m        [32m0.0415[0m       0.8521      0.9027        0.1661        0.0000  60.8650
      5      [36m0.9851[0m        [32m0.0378[0m       0.8526      0.8984        0.1641        0.0000  60.7718
      6      [36m0.9891[0m        [32m0.0317[0m       0.8524      0.8994        0.1639        0.0000  60.8793
      7      [36m0.9911[0m        [32m0.0285[0m       0.8498      0.9015        0.1712        0.0000  60.9421
      8      [36m0.9914[0m        [32m0.0268[0m       0.8500      0.9029        0.1764        0.0000  60.6730
      9      [36m0.9925[0m        [32m0.0249[0m       0.8545      0.9024        0.1787        0.0000  60.4098
     10      [36m0.9938[0m        [32m0.0228[0m       0.8453      0.8976        0.1898        0.0000  60.8240
     11      [36m0.9945[0m        [32m0.0213[0m       0.8464      0.9001        0.1869        0.0000  60.9135
Stopping since valid_loss has not improved in the last 11 epochs.
Iteration 12: Test F1 Micro Score: 0.9203999084179195
Iteration 12: Test F1 Macro Score: 0.9073648239215707
Model checkpoint saved to C:\Users\localuserSKSG\Desktop\Shubham\RandomSampling/Multilabel/DinoS/seed_45_config2_lowLR/model_checkpoint_iteration_11.pt

Iteration 13: Requesting 10000 samples.
Re-initializing module.
Re-initializing criterion.
Re-initializing optimizer.
  epoch    train_f1    train_loss    valid_acc    valid_f1    valid_loss    cp      lr      dur
-------  ----------  ------------  -----------  ----------  ------------  ----  ------  -------
      1      [36m0.9768[0m        [32m0.0572[0m       [35m0.8283[0m      [31m0.8850[0m        [94m0.1749[0m     +  0.0000  99.5774
      2      [36m0.9793[0m        [32m0.0489[0m       [35m0.8420[0m      [31m0.8898[0m        [94m0.1668[0m     +  0.0000  99.7956
      3      [36m0.9809[0m        [32m0.0437[0m       0.8368      0.8832        0.1873        0.0000  100.2345
      4      [36m0.9835[0m        [32m0.0391[0m       [35m0.8470[0m      [31m0.8979[0m        0.1762        0.0000  100.4963
      5      [36m0.9842[0m        [32m0.0356[0m       0.8429      0.8918        0.1882        0.0000  100.2318
      6      [36m0.9873[0m        [32m0.0297[0m       [35m0.8486[0m      [31m0.9011[0m        0.1726        0.0000  100.2619
      7      [36m0.9887[0m        [32m0.0271[0m       0.8389      0.8984        0.1839        0.0000  99.2861
      8      [36m0.9898[0m        [32m0.0252[0m       0.8399      0.8939        0.1833        0.0000  100.1377
      9      [36m0.9904[0m        [32m0.0232[0m       0.8415      0.8955        0.1891        0.0000  100.1069
     10      [36m0.9922[0m        [32m0.0213[0m       0.8432      0.8990        0.1890        0.0000  100.4069
     11      [36m0.9932[0m        [32m0.0189[0m       0.8361      0.8910        0.1963        0.0000  100.3089
     12      [36m0.9936[0m        [32m0.0180[0m       0.8399      0.8939        0.1958        0.0000  100.2150
Stopping since valid_loss has not improved in the last 11 epochs.
Iteration 13: Test F1 Micro Score: 0.9071905697445971
Iteration 13: Test F1 Macro Score: 0.8915094830689628
Model checkpoint saved to C:\Users\localuserSKSG\Desktop\Shubham\RandomSampling/Multilabel/DinoS/seed_45_config2_lowLR/model_checkpoint_iteration_12.pt

Iteration 14: Requesting all remaining samples.
Re-initializing module.
Re-initializing criterion.
Re-initializing optimizer.
  epoch    train_f1    train_loss    valid_acc    valid_f1    valid_loss    cp      lr       dur
-------  ----------  ------------  -----------  ----------  ------------  ----  ------  --------
      1      [36m0.9803[0m        [32m0.0451[0m       [35m0.8227[0m      [31m0.8880[0m        [94m0.1710[0m     +  0.0000  115.5995
      2      [36m0.9818[0m        [32m0.0395[0m       0.8106      0.8779        0.1863        0.0000  116.2259
      3      [36m0.9836[0m        [32m0.0357[0m       0.8160      0.8838        0.1863        0.0000  116.3810
      4      [36m0.9852[0m        [32m0.0319[0m       [35m0.8387[0m      0.8867        0.1754        0.0000  116.4735
      5      [36m0.9868[0m        [32m0.0287[0m       [35m0.8405[0m      [31m0.8948[0m        0.1812        0.0000  116.4616
      6      [36m0.9889[0m        [32m0.0247[0m       0.8370      0.8896        0.1895        0.0000  116.3218
      7      [36m0.9903[0m        [32m0.0221[0m       [35m0.8457[0m      [31m0.8967[0m        0.1845        0.0000  116.3996
      8      [36m0.9915[0m        [32m0.0200[0m       0.8432      [31m0.8983[0m        0.1894        0.0000  116.5714
      9      [36m0.9927[0m        [32m0.0183[0m       [35m0.8460[0m      [31m0.9007[0m        0.1966        0.0000  116.3044
     10      [36m0.9938[0m        [32m0.0166[0m       0.8451      0.9002        0.2031        0.0000  116.4128
     11      [36m0.9942[0m        [32m0.0150[0m       0.8420      0.8983        0.2044        0.0000  116.8641
Stopping since valid_loss has not improved in the last 11 epochs.
Iteration 14: Test F1 Micro Score: 0.9045218213329133
Iteration 14: Test F1 Macro Score: 0.8881161791123686
Model checkpoint saved to C:\Users\localuserSKSG\Desktop\Shubham\RandomSampling/Multilabel/DinoS/seed_45_config2_lowLR/model_checkpoint_iteration_13.pt
Pickle file saved to C:\Users\localuserSKSG\Desktop\Shubham\RandomSampling/Multilabel/DinoS/seed_45_config2_lowLR\random_sampling_results_for_multilabel_classification_s45.pickle
