Train set shape: (26880, 5)
Val set shape:   (5760, 5)
Test set shape:  (5760, 5)
Selected images DataFrame (Random Sampling):
   Query_Iteration                                     Selected_Image
0                1  Spule035_Image0269.jpg,Spule020_Image0191.jpg,...
1                2  Spule011_Image0643.jpg,Spule022_Image0664.jpg,...
2                3  Spule020_Image0452.jpg,Spule036_Image0689.jpg,...
3                4  Spule019_Image0656.jpg,Spule010_Image0829.jpg,...
4                5  Spule036_Image0272.jpg,Spule027_Image0661.jpg,...

Query 1: Using the exact images and labels from the CSV for this iteration.

Query 1: Using images from iteration=1 (random sampling).
Number of samples used for training in Query 1 is 8
  epoch    train_f1    train_loss    valid_acc    valid_f1    valid_loss    cp      lr     dur
-------  ----------  ------------  -----------  ----------  ------------  ----  ------  ------
      1      [36m0.5556[0m        [32m0.7207[0m       [35m0.0003[0m      [31m0.7915[0m        [94m0.7207[0m     +  0.0000  7.7291
      2      0.2222        [32m0.6679[0m       0.0003      0.5263        0.7225        0.0000  7.3022
      3      0.4444        0.6807       [35m0.0495[0m      0.3404        [94m0.7013[0m     +  0.0000  7.3548
      4      0.5111        [32m0.6316[0m       0.0266      0.3296        0.7143        0.0000  7.4179
      5      [36m0.6869[0m        [32m0.6097[0m       [35m0.0611[0m      0.3959        0.7159        0.0000  7.4537
      6      [36m0.7778[0m        0.6111       [35m0.0911[0m      0.4198        0.7036        0.0000  7.5353
      7      [36m0.8381[0m        [32m0.5775[0m       0.0882      0.4179        0.7057        0.0000  7.6092
      8      0.8381        0.5853       0.0894      0.4147        0.7081        0.0000  7.5126
      9      [36m0.8796[0m        0.5809       0.0816      0.4111        0.7117        0.0000  7.5572
     10      0.7407        [32m0.5489[0m       [35m0.0918[0m      0.4155        0.7097        0.0000  7.5790
     11      [36m0.8857[0m        0.5637       [35m0.0948[0m      0.4159        0.7084        0.0000  7.5973
     12      0.5979        0.5869       0.0936      0.4161        0.7100        0.0000  7.6598
     13      0.8024        0.5522       0.0941      0.4163        0.7094        0.0000  7.6330
Stopping since valid_loss has not improved in the last 11 epochs.
Iteration 1 Test Accuracy: 0.1142
Iteration 1 Test F1 Score (micro): 0.4440
Iteration 1 Test F1 Score (macro): 0.4351
Model checkpoint saved to C:\Users\localuserSKSG\Desktop\Shubham\RandomSampling/Multilabel_from_multiclass/DinoS/random_sampling_seed42_test\model_checkpoint_iteration_0.pt

Query 2: Using the exact images and labels from the CSV for this iteration.

Query 2: Using images from iteration=2 (random sampling).
Number of samples used for training in Query 2 is 24
Re-initializing module.
Re-initializing criterion.
Re-initializing optimizer.
  epoch    train_f1    train_loss    valid_acc    valid_f1    valid_loss    cp      lr     dur
-------  ----------  ------------  -----------  ----------  ------------  ----  ------  ------
      1      [36m0.3893[0m        [32m0.6800[0m       [35m0.3177[0m      [31m0.2723[0m        [94m0.6595[0m     +  0.0000  7.7093
      2      0.3815        [32m0.6561[0m       0.1533      [31m0.5109[0m        0.6715        0.0000  7.6859
      3      [36m0.6921[0m        [32m0.6410[0m       0.2762      0.4368        [94m0.6551[0m     +  0.0000  7.7017
      4      0.6755        [32m0.6192[0m       0.1958      0.4990        0.6660        0.0000  7.6719
      5      [36m0.7214[0m        [32m0.6048[0m       0.2727      0.4524        [94m0.6430[0m     +  0.0000  7.7062
      6      0.6886        [32m0.5889[0m       0.2307      0.4607        0.6484        0.0000  7.6672
      7      [36m0.8020[0m        [32m0.5647[0m       0.2356      0.4737        0.6454        0.0000  7.7451
      8      [36m0.8253[0m        0.5729       0.2358      0.4955        0.6444        0.0000  7.7340
      9      0.8184        [32m0.5465[0m       0.2333      0.5052        0.6459        0.0000  7.7239
     10      [36m0.8598[0m        0.5474       0.2648      [31m0.5131[0m        [94m0.6410[0m     +  0.0000  7.7246
     11      0.8164        0.5543       0.2562      0.5113        0.6414        0.0000  7.6558
     12      0.8310        0.5634       0.2589      [31m0.5176[0m        [94m0.6407[0m     +  0.0000  7.6741
     13      0.7799        0.5632       0.2708      [31m0.5268[0m        [94m0.6404[0m     +  0.0000  7.6615
     14      [36m0.8658[0m        [32m0.5443[0m       0.2656      [31m0.5268[0m        0.6404        0.0000  7.6493
     15      0.7500        0.5626       0.2741      [31m0.5310[0m        [94m0.6389[0m     +  0.0000  7.6722
     16      0.8164        [32m0.5335[0m       0.2769      [31m0.5318[0m        [94m0.6385[0m     +  0.0000  7.6759
     17      0.8607        0.5381       0.2747      0.5313        [94m0.6383[0m     +  0.0000  7.6466
     18      0.8360        [32m0.5221[0m       0.2727      0.5300        [94m0.6380[0m     +  0.0000  7.6530
     19      0.8148        0.5507       0.2752      0.5295        [94m0.6372[0m     +  0.0000  7.7577
     20      0.8517        0.5567       0.2727      0.5285        [94m0.6369[0m     +  0.0000  7.6801
     21      0.8094        0.5453       0.2729      0.5289        [94m0.6369[0m     +  0.0000  7.6415
     22      0.7997        0.5371       0.2738      0.5294        [94m0.6367[0m     +  0.0000  7.6562
     23      0.8113        0.5336       0.2743      0.5302        [94m0.6366[0m     +  0.0000  7.6097
     24      0.8153        0.5430       0.2736      0.5298        [94m0.6365[0m     +  0.0000  7.6559
     25      0.7927        0.5324       0.2747      0.5302        [94m0.6365[0m     +  0.0000  7.6872
     26      0.8236        0.5421       0.2748      0.5307        [94m0.6365[0m     +  0.0000  7.6252
     27      0.8639        0.5227       0.2748      0.5308        [94m0.6364[0m     +  0.0000  7.6236
     28      0.8087        0.5412       0.2748      0.5309        [94m0.6363[0m     +  0.0000  7.6581
     29      [36m0.8735[0m        0.5272       0.2747      0.5313        [94m0.6363[0m     +  0.0000  7.6115
     30      [36m0.8859[0m        0.5356       0.2752      0.5315        [94m0.6363[0m     +  0.0000  7.6511
     31      0.7759        0.5343       0.2750      0.5315        0.6363        0.0000  7.6305
     32      0.8467        0.5329       0.2748      0.5315        0.6363        0.0000  7.6296
     33      0.8403        0.5369       0.2750      0.5318        [94m0.6363[0m     +  0.0000  7.6869
     34      0.8389        0.5354       0.2747      0.5316        [94m0.6362[0m     +  0.0000  7.6305
     35      0.8543        0.5313       0.2747      0.5315        [94m0.6362[0m     +  0.0000  7.6579
     36      0.8263        0.5405       0.2747      0.5314        [94m0.6362[0m     +  0.0000  7.5899
     37      0.8429        0.5391       0.2745      0.5313        [94m0.6362[0m     +  0.0000  7.6257
     38      0.8055        0.5359       0.2747      0.5316        [94m0.6362[0m     +  0.0000  7.5972
     39      0.8103        0.5389       0.2748      [31m0.5319[0m        [94m0.6362[0m     +  0.0000  7.6282
     40      0.7997        0.5374       0.2750      0.5318        [94m0.6362[0m     +  0.0000  7.6383
     41      [36m0.8961[0m        0.5322       0.2750      0.5319        0.6362        0.0000  7.6694
     42      0.8724        [32m0.5203[0m       0.2748      0.5318        [94m0.6362[0m     +  0.0000  7.6056
     43      0.7992        0.5435       0.2750      [31m0.5319[0m        [94m0.6362[0m     +  0.0000  7.6262
     44      0.8657        0.5392       0.2748      0.5319        [94m0.6362[0m     +  0.0000  7.6425
     45      0.8232        [32m0.5198[0m       0.2748      0.5318        [94m0.6362[0m     +  0.0000  7.5904
     46      0.8638        0.5455       0.2748      0.5318        [94m0.6362[0m     +  0.0000  7.6129
     47      0.8160        0.5308       0.2748      0.5318        [94m0.6362[0m     +  0.0000  7.6196
     48      0.7546        0.5372       0.2748      0.5318        [94m0.6362[0m     +  0.0000  7.6406
     49      0.8132        0.5352       0.2748      0.5318        [94m0.6362[0m     +  0.0000  7.6218
Stopping since valid_loss has not improved in the last 11 epochs.
Iteration 2 Test Accuracy: 0.3458
Iteration 2 Test F1 Score (micro): 0.5931
Iteration 2 Test F1 Score (macro): 0.5715
Model checkpoint saved to C:\Users\localuserSKSG\Desktop\Shubham\RandomSampling/Multilabel_from_multiclass/DinoS/random_sampling_seed42_test\model_checkpoint_iteration_1.pt

Query 3: Using the exact images and labels from the CSV for this iteration.

Query 3: Using images from iteration=3 (random sampling).
Number of samples used for training in Query 3 is 56
Re-initializing module.
Re-initializing criterion.
Re-initializing optimizer.
  epoch    train_f1    train_loss    valid_acc    valid_f1    valid_loss    cp      lr     dur
-------  ----------  ------------  -----------  ----------  ------------  ----  ------  ------
      1      [36m0.6162[0m        [32m0.6155[0m       [35m0.3396[0m      [31m0.4605[0m        [94m0.5873[0m     +  0.0000  7.8215
      2      0.5371        [32m0.5808[0m       [35m0.3717[0m      [31m0.7108[0m        0.6109        0.0000  7.7148
      3      [36m0.7917[0m        0.5908       [35m0.4472[0m      0.2456        0.5975        0.0000  7.7444
      4      0.3634        0.6150       0.3767      0.5957        [94m0.5700[0m     +  0.0000  7.7250
      5      0.7656        [32m0.5346[0m       [35m0.4863[0m      0.6894        [94m0.5419[0m     +  0.0000  7.7205
      6      [36m0.8059[0m        [32m0.5207[0m       [35m0.5193[0m      [31m0.7250[0m        [94m0.5350[0m     +  0.0000  7.6938
      7      [36m0.8700[0m        [32m0.5082[0m       [35m0.5398[0m      [31m0.7468[0m        [94m0.5302[0m     +  0.0000  7.6880
      8      [36m0.8873[0m        [32m0.5016[0m       [35m0.5462[0m      0.7429        [94m0.5243[0m     +  0.0000  7.7076
      9      0.8229        [32m0.4970[0m       [35m0.5608[0m      [31m0.7622[0m        [94m0.5205[0m     +  0.0000  7.6844
     10      0.8713        0.5036       [35m0.5727[0m      [31m0.7648[0m        [94m0.5161[0m     +  0.0000  7.7327
     11      0.8390        [32m0.4873[0m       [35m0.5823[0m      [31m0.7679[0m        [94m0.5145[0m     +  0.0000  7.6867
     12      0.8577        [32m0.4819[0m       [35m0.5859[0m      [31m0.7706[0m        [94m0.5131[0m     +  0.0000  7.7658
     13      0.8451        0.4921       [35m0.5891[0m      [31m0.7734[0m        [94m0.5118[0m     +  0.0000  7.7034
     14      0.8451        0.4849       [35m0.5918[0m      [31m0.7745[0m        [94m0.5103[0m     +  0.0000  7.6875
     15      0.8615        [32m0.4753[0m       [35m0.5944[0m      [31m0.7757[0m        [94m0.5089[0m     +  0.0000  7.6874
     16      [36m0.8900[0m        [32m0.4748[0m       [35m0.5981[0m      [31m0.7765[0m        [94m0.5084[0m     +  0.0000  7.7155
     17      [36m0.9049[0m        [32m0.4732[0m       [35m0.6000[0m      [31m0.7770[0m        [94m0.5078[0m     +  0.0000  7.7219
     18      0.8765        0.4866       [35m0.6021[0m      [31m0.7772[0m        [94m0.5072[0m     +  0.0000  7.6992
     19      0.8930        [32m0.4724[0m       [35m0.6024[0m      [31m0.7777[0m        [94m0.5067[0m     +  0.0000  7.7006
     20      0.8882        0.4742       [35m0.6045[0m      [31m0.7779[0m        [94m0.5062[0m     +  0.0000  7.7046
     21      0.8731        0.4846       [35m0.6047[0m      [31m0.7780[0m        [94m0.5060[0m     +  0.0000  7.7246
     22      0.8569        0.4797       [35m0.6050[0m      0.7778        [94m0.5058[0m     +  0.0000  7.7277
     23      0.8795        [32m0.4719[0m       [35m0.6059[0m      [31m0.7782[0m        [94m0.5056[0m     +  0.0000  7.6941
     24      0.8795        0.4729       [35m0.6073[0m      [31m0.7787[0m        [94m0.5054[0m     +  0.0000  7.7127
     25      0.8931        [32m0.4650[0m       [35m0.6085[0m      [31m0.7792[0m        [94m0.5052[0m     +  0.0000  7.6875
     26      0.8395        0.4780       [35m0.6094[0m      [31m0.7794[0m        [94m0.5052[0m     +  0.0000  7.6901
     27      0.8665        0.4709       [35m0.6095[0m      [31m0.7794[0m        [94m0.5051[0m     +  0.0000  7.6887
     28      0.8770        0.4729       [35m0.6099[0m      [31m0.7795[0m        [94m0.5050[0m     +  0.0000  7.6981
     29      0.9031        0.4805       0.6099      0.7795        [94m0.5050[0m     +  0.0000  7.6922
     30      0.8991        0.4665       [35m0.6104[0m      [31m0.7796[0m        [94m0.5049[0m     +  0.0000  7.7136
     31      0.8855        0.4790       0.6104      [31m0.7797[0m        [94m0.5049[0m     +  0.0000  7.7086
     32      0.8887        0.4708       0.6104      0.7797        [94m0.5048[0m     +  0.0000  7.6551
     33      0.8854        0.4727       0.6102      0.7795        [94m0.5048[0m     +  0.0000  7.7135
     34      0.8341        0.4738       0.6104      0.7797        [94m0.5048[0m     +  0.0000  7.6984
     35      0.8453        0.4784       0.6102      0.7795        [94m0.5048[0m     +  0.0000  7.7082
     36      0.8371        0.4777       0.6101      0.7794        [94m0.5047[0m     +  0.0000  7.7017
     37      0.8965        0.4832       0.6101      0.7794        [94m0.5047[0m     +  0.0000  7.6688
     38      0.8715        0.4792       0.6101      0.7794        [94m0.5047[0m     +  0.0000  7.7024
     39      0.8897        0.4734       0.6101      0.7794        [94m0.5047[0m     +  0.0000  7.7392
     40      0.8593        0.4838       0.6101      0.7794        [94m0.5047[0m     +  0.0000  7.6879
     41      0.8794        0.4751       0.6101      0.7794        [94m0.5047[0m     +  0.0000  7.6708
     42      0.9006        0.4781       0.6101      0.7794        [94m0.5047[0m     +  0.0000  7.6883
     43      0.8965        0.4717       0.6101      0.7793        [94m0.5047[0m     +  0.0000  7.7149
     44      0.8761        0.4720       0.6101      0.7793        [94m0.5047[0m     +  0.0000  7.6953
     45      0.8384        0.4819       0.6101      0.7793        [94m0.5047[0m     +  0.0000  7.7097
     46      0.8524        0.4731       0.6101      0.7793        [94m0.5047[0m     +  0.0000  7.7184
     47      0.8838        0.4785       0.6101      0.7793        [94m0.5047[0m     +  0.0000  7.7395
     48      0.8776        0.4720       0.6102      0.7795        [94m0.5047[0m     +  0.0000  7.6915
Stopping since valid_loss has not improved in the last 11 epochs.
Iteration 3 Test Accuracy: 0.6257
Iteration 3 Test F1 Score (micro): 0.8088
Iteration 3 Test F1 Score (macro): 0.7850
Model checkpoint saved to C:\Users\localuserSKSG\Desktop\Shubham\RandomSampling/Multilabel_from_multiclass/DinoS/random_sampling_seed42_test\model_checkpoint_iteration_2.pt

Query 4: Using the exact images and labels from the CSV for this iteration.

Query 4: Using images from iteration=4 (random sampling).
Number of samples used for training in Query 4 is 112
Re-initializing module.
Re-initializing criterion.
Re-initializing optimizer.
  epoch    train_f1    train_loss    valid_acc    valid_f1    valid_loss    cp      lr     dur
-------  ----------  ------------  -----------  ----------  ------------  ----  ------  ------
      1      [36m0.8318[0m        [32m0.4987[0m       [35m0.4759[0m      [31m0.2629[0m        [94m0.5662[0m     +  0.0000  7.9417
      2      0.4972        0.5393       [35m0.5040[0m      [31m0.7588[0m        [94m0.5419[0m     +  0.0000  7.8288
      3      0.7907        0.5336       [35m0.5993[0m      0.6627        [94m0.4856[0m     +  0.0000  7.8778
      4      0.7182        [32m0.4668[0m       [35m0.7130[0m      [31m0.8376[0m        [94m0.4596[0m     +  0.0000  7.9088
      5      [36m0.8832[0m        [32m0.4414[0m       0.6694      0.7954        [94m0.4495[0m     +  0.0000  7.8485
      6      0.8727        [32m0.4239[0m       0.6769      0.8046        [94m0.4458[0m     +  0.0000  7.9215
      7      0.8795        [32m0.4169[0m       0.6852      0.8131        [94m0.4429[0m     +  0.0000  7.8750
      8      [36m0.8841[0m        0.4251       0.6908      0.8185        [94m0.4406[0m     +  0.0000  7.8809
      9      [36m0.9019[0m        [32m0.4106[0m       0.6887      0.8169        [94m0.4389[0m     +  0.0000  7.8691
     10      0.8835        0.4142       0.6894      0.8186        [94m0.4371[0m     +  0.0000  7.8703
     11      [36m0.9067[0m        [32m0.4082[0m       0.6892      0.8185        [94m0.4362[0m     +  0.0000  7.8692
     12      0.9047        [32m0.4069[0m       0.6882      0.8181        [94m0.4356[0m     +  0.0000  7.8854
     13      0.8940        0.4100       0.6891      0.8183        [94m0.4348[0m     +  0.0000  7.9405
     14      0.8871        0.4116       0.6906      0.8192        [94m0.4341[0m     +  0.0000  7.9495
     15      0.8947        [32m0.4057[0m       0.6903      0.8187        [94m0.4336[0m     +  0.0000  7.9466
     16      0.8975        0.4067       0.6899      0.8181        [94m0.4334[0m     +  0.0000  7.9319
     17      0.8942        0.4063       0.6905      0.8188        [94m0.4331[0m     +  0.0000  7.8717
     18      0.9016        [32m0.4015[0m       0.6899      0.8182        [94m0.4329[0m     +  0.0000  7.8627
     19      0.8912        0.4039       0.6899      0.8182        [94m0.4327[0m     +  0.0000  7.9882
     20      0.8987        0.4075       0.6896      0.8184        [94m0.4325[0m     +  0.0000  7.9990
     21      0.8975        [32m0.3995[0m       0.6894      0.8182        [94m0.4324[0m     +  0.0000  7.8600
     22      0.8893        0.4049       0.6892      0.8180        [94m0.4323[0m     +  0.0000  8.0285
     23      0.9028        0.4056       0.6891      0.8180        [94m0.4323[0m     +  0.0000  8.0307
     24      [36m0.9091[0m        0.4051       0.6889      0.8180        [94m0.4322[0m     +  0.0000  7.9510
     25      0.8970        [32m0.3988[0m       0.6891      0.8180        [94m0.4321[0m     +  0.0000  7.9065
     26      [36m0.9104[0m        0.4023       0.6891      0.8180        [94m0.4321[0m     +  0.0000  7.9077
     27      [36m0.9149[0m        0.4034       0.6891      0.8180        [94m0.4320[0m     +  0.0000  7.9361
     28      0.9016        0.4053       0.6891      0.8182        [94m0.4320[0m     +  0.0000  7.8785
     29      [36m0.9254[0m        [32m0.3923[0m       0.6891      0.8182        [94m0.4319[0m     +  0.0000  7.8840
     30      0.8886        0.4051       0.6892      0.8183        [94m0.4319[0m     +  0.0000  7.8573
     31      0.8913        0.4093       0.6891      0.8182        [94m0.4319[0m     +  0.0000  7.8793
     32      0.9071        0.4018       0.6891      0.8182        [94m0.4319[0m     +  0.0000  7.9040
     33      0.8633        0.4062       0.6892      0.8183        [94m0.4319[0m     +  0.0000  7.8592
     34      0.8969        0.4025       0.6892      0.8183        [94m0.4319[0m     +  0.0000  7.8669
     35      0.8979        0.4097       0.6894      0.8184        [94m0.4318[0m     +  0.0000  7.8921
     36      0.9149        0.4024       0.6894      0.8184        [94m0.4318[0m     +  0.0000  7.8884
     37      0.8968        0.4146       0.6894      0.8184        [94m0.4318[0m     +  0.0000  7.8896
     38      0.9104        0.4069       0.6894      0.8184        [94m0.4318[0m     +  0.0000  7.8571
     39      0.8959        0.4071       0.6894      0.8184        [94m0.4318[0m     +  0.0000  7.8773
     40      0.8999        0.3976       0.6894      0.8184        [94m0.4318[0m     +  0.0000  7.8862
     41      0.8900        0.4019       0.6894      0.8184        [94m0.4318[0m     +  0.0000  7.8633
     42      0.8775        0.4106       0.6894      0.8184        [94m0.4318[0m     +  0.0000  7.8432
     43      0.9014        0.4070       0.6894      0.8184        [94m0.4318[0m     +  0.0000  7.8924
     44      0.8969        0.4037       0.6894      0.8184        [94m0.4318[0m     +  0.0000  7.8706
     45      0.9007        0.3941       0.6894      0.8184        [94m0.4318[0m     +  0.0000  7.9218
Stopping since valid_loss has not improved in the last 11 epochs.
Iteration 4 Test Accuracy: 0.7337
Iteration 4 Test F1 Score (micro): 0.8558
Iteration 4 Test F1 Score (macro): 0.8383
Model checkpoint saved to C:\Users\localuserSKSG\Desktop\Shubham\RandomSampling/Multilabel_from_multiclass/DinoS/random_sampling_seed42_test\model_checkpoint_iteration_3.pt

Query 5: Using the exact images and labels from the CSV for this iteration.

Query 5: Using images from iteration=5 (random sampling).
Number of samples used for training in Query 5 is 208
Re-initializing module.
Re-initializing criterion.
Re-initializing optimizer.
  epoch    train_f1    train_loss    valid_acc    valid_f1    valid_loss    cp      lr     dur
-------  ----------  ------------  -----------  ----------  ------------  ----  ------  ------
      1      [36m0.8556[0m        [32m0.4198[0m       [35m0.4674[0m      [31m0.1585[0m        [94m0.5709[0m     +  0.0000  8.2170
      2      0.5902        0.4926       [35m0.6965[0m      [31m0.8108[0m        [94m0.4010[0m     +  0.0000  8.1027
      3      0.8526        [32m0.3854[0m       [35m0.7036[0m      [31m0.8155[0m        [94m0.3933[0m     +  0.0000  8.1031
      4      [36m0.8683[0m        [32m0.3802[0m       0.7031      [31m0.8166[0m        [94m0.3874[0m     +  0.0000  8.1276
      5      [36m0.8790[0m        [32m0.3699[0m       0.6967      0.8103        [94m0.3839[0m     +  0.0000  8.1394
      6      [36m0.8865[0m        [32m0.3631[0m       0.6967      0.8136        [94m0.3815[0m     +  0.0000  8.1574
      7      0.8815        [32m0.3532[0m       0.6986      [31m0.8167[0m        [94m0.3792[0m     +  0.0000  8.0959
      8      0.8852        0.3540       0.6997      [31m0.8181[0m        [94m0.3775[0m     +  0.0000  8.1048
      9      0.8864        [32m0.3531[0m       0.7010      [31m0.8190[0m        [94m0.3760[0m     +  0.0000  8.0906
     10      0.8820        [32m0.3530[0m       0.6997      0.8176        [94m0.3749[0m     +  0.0000  8.1419
     11      [36m0.9006[0m        [32m0.3459[0m       0.7007      0.8188        [94m0.3743[0m     +  0.0000  8.1204
     12      0.8843        0.3582       0.7017      [31m0.8202[0m        [94m0.3735[0m     +  0.0000  8.0934
     13      0.8791        0.3486       0.7009      0.8196        [94m0.3731[0m     +  0.0000  8.1266
     14      0.8978        [32m0.3437[0m       0.7003      0.8193        [94m0.3727[0m     +  0.0000  8.0808
     15      0.8882        0.3497       0.7017      [31m0.8204[0m        [94m0.3721[0m     +  0.0000  8.1163
     16      0.8878        0.3519       0.7023      [31m0.8209[0m        [94m0.3719[0m     +  0.0000  8.1151
     17      0.8921        0.3516       0.7021      0.8209        [94m0.3718[0m     +  0.0000  8.1239
     18      0.8936        0.3456       0.7019      0.8208        [94m0.3715[0m     +  0.0000  8.1076
     19      0.8887        0.3496       0.7016      0.8206        [94m0.3715[0m     +  0.0000  8.0917
     20      0.8937        [32m0.3430[0m       0.7019      0.8208        [94m0.3712[0m     +  0.0000  8.1249
     21      0.8924        0.3475       0.7017      0.8207        [94m0.3711[0m     +  0.0000  8.1150
     22      0.8846        0.3451       0.7019      0.8208        [94m0.3711[0m     +  0.0000  8.1276
     23      0.8773        0.3457       0.7019      0.8208        [94m0.3710[0m     +  0.0000  8.1090
     24      0.8835        [32m0.3425[0m       0.7017      0.8207        [94m0.3710[0m     +  0.0000  8.1110
     25      0.8885        [32m0.3413[0m       0.7016      0.8205        [94m0.3709[0m     +  0.0000  8.1127
     26      0.8855        0.3465       0.7014      0.8204        [94m0.3709[0m     +  0.0000  8.1255
     27      0.8876        0.3466       0.7014      0.8204        [94m0.3709[0m     +  0.0000  8.0937
     28      0.8845        0.3499       0.7014      0.8204        [94m0.3708[0m     +  0.0000  8.0934
     29      0.8963        0.3459       0.7017      0.8208        [94m0.3708[0m     +  0.0000  8.0961
     30      0.8866        0.3500       0.7017      0.8208        [94m0.3707[0m     +  0.0000  8.0666
     31      0.8817        0.3512       0.7017      0.8208        [94m0.3707[0m     +  0.0000  8.1211
     32      0.8961        0.3473       0.7017      0.8208        [94m0.3707[0m     +  0.0000  8.0792
     33      0.8846        0.3479       0.7017      0.8208        [94m0.3707[0m     +  0.0000  8.1255
     34      0.8834        0.3493       0.7017      0.8208        [94m0.3707[0m     +  0.0000  8.0943
     35      0.8904        [32m0.3386[0m       0.7017      0.8208        [94m0.3707[0m     +  0.0000  8.1346
     36      0.8918        0.3448       0.7017      0.8208        [94m0.3707[0m     +  0.0000  8.1722
     37      0.8894        0.3468       0.7017      0.8208        [94m0.3707[0m     +  0.0000  8.1263
     38      0.8799        0.3472       0.7017      0.8208        [94m0.3707[0m     +  0.0000  8.1138
     39      0.8910        0.3471       0.7017      0.8208        [94m0.3707[0m     +  0.0000  8.0939
     40      0.8890        0.3417       0.7017      0.8208        [94m0.3707[0m     +  0.0000  8.1360
     41      0.8864        0.3408       0.7017      0.8208        [94m0.3707[0m     +  0.0000  8.1405
     42      0.8872        0.3416       0.7017      0.8208        [94m0.3707[0m     +  0.0000  8.0478
     43      0.8947        0.3419       0.7017      0.8208        [94m0.3707[0m     +  0.0000  8.0795
     44      0.8897        0.3427       0.7017      0.8208        [94m0.3707[0m     +  0.0000  8.1014
     45      [36m0.9032[0m        [32m0.3369[0m       0.7017      0.8208        [94m0.3707[0m     +  0.0000  8.0745
     46      0.8811        0.3434       0.7017      0.8208        [94m0.3707[0m     +  0.0000  8.0796
Stopping since valid_loss has not improved in the last 11 epochs.
Iteration 5 Test Accuracy: 0.7455
Iteration 5 Test F1 Score (micro): 0.8674
Iteration 5 Test F1 Score (macro): 0.8490
Model checkpoint saved to C:\Users\localuserSKSG\Desktop\Shubham\RandomSampling/Multilabel_from_multiclass/DinoS/random_sampling_seed42_test\model_checkpoint_iteration_4.pt

Query 6: Using the exact images and labels from the CSV for this iteration.

Query 6: Using images from iteration=6 (random sampling).
Number of samples used for training in Query 6 is 384
Re-initializing module.
Re-initializing criterion.
Re-initializing optimizer.
  epoch    train_f1    train_loss    valid_acc    valid_f1    valid_loss    cp      lr     dur
-------  ----------  ------------  -----------  ----------  ------------  ----  ------  ------
      1      [36m0.8255[0m        [32m0.3923[0m       [35m0.5993[0m      [31m0.7868[0m        [94m0.4394[0m     +  0.0000  8.7240
      2      [36m0.8306[0m        [32m0.3836[0m       [35m0.6950[0m      [31m0.8255[0m        [94m0.3538[0m     +  0.0000  8.5641
      3      [36m0.8813[0m        [32m0.3339[0m       [35m0.6958[0m      0.8200        [94m0.3483[0m     +  0.0000  8.5445
      4      0.8661        [32m0.3330[0m       [35m0.6969[0m      0.8196        [94m0.3439[0m     +  0.0000  8.5623
      5      0.8746        [32m0.3232[0m       [35m0.6998[0m      0.8173        [94m0.3409[0m     +  0.0000  8.5806
      6      [36m0.8826[0m        [32m0.3209[0m       [35m0.7014[0m      0.8223        [94m0.3389[0m     +  0.0000  8.5365
      7      [36m0.8866[0m        [32m0.3205[0m       [35m0.7019[0m      0.8236        [94m0.3377[0m     +  0.0000  8.6303
      8      [36m0.8880[0m        [32m0.3174[0m       0.7003      0.8216        [94m0.3370[0m     +  0.0000  8.5413
      9      0.8863        [32m0.3131[0m       0.7014      0.8230        [94m0.3357[0m     +  0.0000  8.5842
     10      [36m0.8914[0m        0.3172       [35m0.7042[0m      [31m0.8261[0m        [94m0.3347[0m     +  0.0000  8.5781
     11      0.8839        [32m0.3106[0m       [35m0.7050[0m      [31m0.8277[0m        [94m0.3342[0m     +  0.0000  8.5997
     12      0.8777        0.3154       [35m0.7066[0m      [31m0.8294[0m        [94m0.3338[0m     +  0.0000  8.5982
     13      0.8825        0.3123       0.7063      0.8288        [94m0.3334[0m     +  0.0000  8.5770
     14      [36m0.8928[0m        [32m0.3106[0m       0.7047      0.8271        [94m0.3330[0m     +  0.0000  8.5688
     15      [36m0.8976[0m        [32m0.3057[0m       [35m0.7078[0m      [31m0.8308[0m        [94m0.3325[0m     +  0.0000  8.5818
     16      0.8925        [32m0.3032[0m       [35m0.7083[0m      [31m0.8316[0m        [94m0.3324[0m     +  0.0000  8.5781
     17      0.8774        0.3142       [35m0.7085[0m      [31m0.8317[0m        [94m0.3322[0m     +  0.0000  8.5865
     18      0.8846        0.3111       [35m0.7087[0m      0.8317        [94m0.3321[0m     +  0.0000  8.5928
     19      0.8975        0.3079       0.7087      0.8316        [94m0.3320[0m     +  0.0000  8.6007
     20      0.8888        0.3081       0.7087      0.8317        [94m0.3318[0m     +  0.0000  8.5936
     21      0.8844        0.3102       [35m0.7089[0m      0.8316        [94m0.3318[0m     +  0.0000  8.5477
     22      [36m0.9021[0m        0.3078       0.7089      0.8315        [94m0.3317[0m     +  0.0000  8.5642
     23      0.8962        0.3062       0.7089      0.8315        [94m0.3317[0m     +  0.0000  8.5742
     24      0.8919        0.3071       0.7089      0.8316        [94m0.3316[0m     +  0.0000  8.5784
     25      0.8797        0.3095       0.7089      0.8315        [94m0.3316[0m     +  0.0000  8.5838
     26      0.8923        0.3050       0.7089      0.8315        [94m0.3315[0m     +  0.0000  8.5966
     27      [36m0.9038[0m        [32m0.3003[0m       0.7089      0.8315        [94m0.3315[0m     +  0.0000  8.5728
     28      0.8866        0.3083       0.7089      0.8315        [94m0.3315[0m     +  0.0000  8.5930
     29      0.8927        0.3043       0.7087      0.8314        [94m0.3315[0m     +  0.0000  8.5797
     30      0.8900        0.3115       0.7087      0.8314        [94m0.3314[0m     +  0.0000  8.5624
     31      0.8882        0.3048       0.7087      0.8314        [94m0.3314[0m     +  0.0000  8.6452
     32      0.8898        0.3084       0.7087      0.8314        [94m0.3314[0m     +  0.0000  8.5953
     33      0.8853        0.3115       0.7087      0.8314        [94m0.3314[0m     +  0.0000  8.6106
     34      0.8976        0.3071       0.7087      0.8314        [94m0.3314[0m     +  0.0000  8.6064
     35      0.8803        0.3091       0.7087      0.8314        [94m0.3314[0m     +  0.0000  8.5757
     36      0.8915        0.3089       0.7087      0.8314        [94m0.3314[0m     +  0.0000  8.5625
     37      0.8832        0.3100       0.7087      0.8314        [94m0.3314[0m     +  0.0000  8.6066
     38      0.8926        0.3070       0.7087      0.8314        [94m0.3314[0m     +  0.0000  8.6260
     39      0.8923        0.3087       0.7087      0.8314        [94m0.3314[0m     +  0.0000  8.5911
     40      0.8982        0.3052       0.7087      0.8314        [94m0.3314[0m     +  0.0000  8.5451
     41      0.8878        0.3069       0.7087      0.8314        [94m0.3314[0m     +  0.0000  8.5808
     42      0.8837        0.3096       0.7087      0.8314        [94m0.3314[0m     +  0.0000  8.5662
     43      0.8848        0.3084       0.7087      0.8314        [94m0.3314[0m     +  0.0000  8.5749
     44      0.8945        0.3087       0.7087      0.8314        [94m0.3314[0m     +  0.0000  8.5899
     45      0.8861        0.3091       0.7087      0.8314        [94m0.3314[0m     +  0.0000  8.6109
     46      0.8808        0.3085       0.7087      0.8314        [94m0.3314[0m     +  0.0000  8.5363
     47      0.8856        0.3089       0.7087      0.8314        [94m0.3314[0m     +  0.0000  8.5684
     48      0.8920        0.3114       0.7087      0.8314        [94m0.3314[0m     +  0.0000  8.5838
     49      0.8889        0.3021       0.7087      0.8314        [94m0.3314[0m     +  0.0000  8.5811
     50      0.8767        0.3064       0.7087      0.8314        [94m0.3314[0m     +  0.0000  8.5624
Stopping since valid_loss has not improved in the last 11 epochs.
Iteration 6 Test Accuracy: 0.7557
Iteration 6 Test F1 Score (micro): 0.8776
Iteration 6 Test F1 Score (macro): 0.8593
Model checkpoint saved to C:\Users\localuserSKSG\Desktop\Shubham\RandomSampling/Multilabel_from_multiclass/DinoS/random_sampling_seed42_test\model_checkpoint_iteration_5.pt

Query 7: Using the exact images and labels from the CSV for this iteration.

Query 7: Using images from iteration=7 (random sampling).
Number of samples used for training in Query 7 is 704
Re-initializing module.
Re-initializing criterion.
Re-initializing optimizer.
  epoch    train_f1    train_loss    valid_acc    valid_f1    valid_loss    cp      lr     dur
-------  ----------  ------------  -----------  ----------  ------------  ----  ------  ------
      1      [36m0.8391[0m        [32m0.3617[0m       [35m0.7076[0m      [31m0.8254[0m        [94m0.3242[0m     +  0.0000  9.5764
      2      [36m0.8800[0m        [32m0.3085[0m       0.6998      0.8009        0.3277        0.0000  9.3769
      3      [36m0.8872[0m        [32m0.2972[0m       0.7071      0.7987        [94m0.3235[0m     +  0.0000  9.4261
      4      [36m0.8923[0m        [32m0.2947[0m       0.7040      0.7961        [94m0.3224[0m     +  0.0000  9.4063
      5      [36m0.8971[0m        [32m0.2916[0m       [35m0.7172[0m      0.8083        [94m0.3150[0m     +  0.0000  9.4044
      6      [36m0.8989[0m        [32m0.2807[0m       [35m0.7220[0m      [31m0.8256[0m        [94m0.3050[0m     +  0.0000  9.4144
      7      [36m0.9034[0m        0.2842       [35m0.7234[0m      0.8249        [94m0.3040[0m     +  0.0000  9.4505
      8      0.9016        [32m0.2768[0m       [35m0.7241[0m      [31m0.8263[0m        [94m0.3024[0m     +  0.0000  9.4211
      9      [36m0.9082[0m        0.2804       [35m0.7267[0m      0.8244        [94m0.3019[0m     +  0.0000  9.4061
     10      0.9081        0.2781       0.7264      0.8243        [94m0.3008[0m     +  0.0000  9.3908
     11      0.9074        0.2775       [35m0.7318[0m      [31m0.8367[0m        [94m0.2981[0m     +  0.0000  9.4067
     12      [36m0.9100[0m        [32m0.2753[0m       [35m0.7325[0m      0.8365        [94m0.2977[0m     +  0.0000  9.4141
     13      [36m0.9117[0m        [32m0.2736[0m       [35m0.7332[0m      0.8363        [94m0.2974[0m     +  0.0000  9.4823
     14      [36m0.9148[0m        0.2740       [35m0.7344[0m      [31m0.8386[0m        [94m0.2966[0m     +  0.0000  9.3884
     15      [36m0.9201[0m        [32m0.2699[0m       [35m0.7358[0m      [31m0.8406[0m        [94m0.2962[0m     +  0.0000  9.4733
     16      0.9170        0.2717       [35m0.7380[0m      [31m0.8433[0m        [94m0.2958[0m     +  0.0000  9.3887
     17      0.9142        0.2720       0.7378      0.8433        [94m0.2955[0m     +  0.0000  9.5033
     18      [36m0.9225[0m        [32m0.2694[0m       0.7378      0.8429        [94m0.2954[0m     +  0.0000  9.4078
     19      0.9112        0.2761       [35m0.7382[0m      0.8426        [94m0.2953[0m     +  0.0000  9.4337
     20      0.9133        0.2723       [35m0.7384[0m      0.8429        [94m0.2951[0m     +  0.0000  9.3778
     21      0.9156        0.2704       0.7382      0.8429        [94m0.2950[0m     +  0.0000  9.4050
     22      0.9147        0.2757       [35m0.7385[0m      0.8432        [94m0.2949[0m     +  0.0000  9.4053
     23      [36m0.9239[0m        [32m0.2680[0m       0.7384      0.8430        [94m0.2949[0m     +  0.0000  9.4114
     24      0.9210        0.2716       0.7380      0.8428        [94m0.2949[0m     +  0.0000  9.4213
     25      0.9164        0.2683       0.7385      0.8432        [94m0.2948[0m     +  0.0000  9.4134
     26      0.9181        0.2725       0.7385      0.8432        [94m0.2947[0m     +  0.0000  9.4004
     27      0.9173        [32m0.2676[0m       0.7385      0.8432        [94m0.2947[0m     +  0.0000  9.4335
     28      0.9170        0.2676       0.7384      0.8433        [94m0.2947[0m     +  0.0000  9.4079
     29      0.9209        0.2685       [35m0.7387[0m      [31m0.8435[0m        [94m0.2946[0m     +  0.0000  9.4347
     30      0.9116        0.2687       0.7385      0.8433        [94m0.2946[0m     +  0.0000  9.3725
     31      0.9151        0.2708       0.7385      0.8433        [94m0.2946[0m     +  0.0000  9.3921
     32      0.9229        0.2698       0.7387      0.8435        [94m0.2946[0m     +  0.0000  9.3919
     33      0.9143        0.2707       [35m0.7389[0m      [31m0.8435[0m        [94m0.2946[0m     +  0.0000  9.4354
     34      0.9204        0.2690       0.7387      0.8435        [94m0.2946[0m     +  0.0000  9.3886
     35      0.9199        0.2676       0.7387      [31m0.8436[0m        [94m0.2946[0m     +  0.0000  9.4345
     36      0.9166        0.2714       0.7387      0.8436        [94m0.2945[0m     +  0.0000  9.4293
     37      0.9200        0.2695       0.7387      0.8436        [94m0.2945[0m     +  0.0000  9.4539
     38      0.9134        0.2691       0.7387      0.8435        0.2945        0.0000  9.4813
     39      0.9167        0.2726       0.7387      0.8435        [94m0.2945[0m     +  0.0000  9.4548
     40      0.9174        0.2700       0.7387      0.8436        [94m0.2945[0m     +  0.0000  9.4542
     41      0.9123        0.2716       0.7387      0.8436        [94m0.2945[0m     +  0.0000  9.4034
     42      0.9217        [32m0.2667[0m       0.7387      0.8436        [94m0.2945[0m     +  0.0000  9.4092
     43      0.9223        0.2680       0.7387      0.8436        [94m0.2945[0m     +  0.0000  9.4164
     44      [36m0.9242[0m        0.2678       0.7387      0.8436        [94m0.2945[0m     +  0.0000  9.4043
     45      0.9197        [32m0.2666[0m       0.7387      0.8436        [94m0.2945[0m     +  0.0000  9.3961
Stopping since valid_loss has not improved in the last 11 epochs.
Iteration 7 Test Accuracy: 0.7814
Iteration 7 Test F1 Score (micro): 0.8940
Iteration 7 Test F1 Score (macro): 0.8742
Model checkpoint saved to C:\Users\localuserSKSG\Desktop\Shubham\RandomSampling/Multilabel_from_multiclass/DinoS/random_sampling_seed42_test\model_checkpoint_iteration_6.pt

Query 8: Using the exact images and labels from the CSV for this iteration.

Query 8: Using images from iteration=8 (random sampling).
Number of samples used for training in Query 8 is 1264
Re-initializing module.
Re-initializing criterion.
Re-initializing optimizer.
  epoch    train_f1    train_loss    valid_acc    valid_f1    valid_loss    cp      lr      dur
-------  ----------  ------------  -----------  ----------  ------------  ----  ------  -------
      1      [36m0.8719[0m        [32m0.3065[0m       [35m0.7566[0m      [31m0.8723[0m        [94m0.2897[0m     +  0.0000  11.0779
      2      [36m0.9005[0m        [32m0.2694[0m       0.7566      0.8671        [94m0.2848[0m     +  0.0000  10.8575
      3      [36m0.9129[0m        [32m0.2607[0m       [35m0.7604[0m      0.8689        [94m0.2801[0m     +  0.0000  10.8277
      4      0.9127        [32m0.2598[0m       [35m0.7767[0m      [31m0.8811[0m        [94m0.2755[0m     +  0.0000  10.8905
      5      [36m0.9192[0m        [32m0.2542[0m       [35m0.7797[0m      [31m0.8822[0m        [94m0.2728[0m     +  0.0000  10.8437
      6      [36m0.9300[0m        [32m0.2460[0m       [35m0.7852[0m      0.8755        [94m0.2702[0m     +  0.0000  10.8922
      7      0.9270        0.2473       [35m0.7872[0m      0.8765        [94m0.2691[0m     +  0.0000  10.9078
      8      [36m0.9312[0m        [32m0.2458[0m       [35m0.7910[0m      0.8776        [94m0.2681[0m     +  0.0000  10.8911
      9      0.9307        [32m0.2436[0m       [35m0.7918[0m      0.8779        [94m0.2671[0m     +  0.0000  10.8906
     10      [36m0.9358[0m        [32m0.2436[0m       [35m0.7948[0m      0.8806        [94m0.2661[0m     +  0.0000  10.8751
     11      0.9339        [32m0.2419[0m       [35m0.7953[0m      0.8780        [94m0.2658[0m     +  0.0000  10.9205
     12      0.9318        [32m0.2394[0m       [35m0.7957[0m      0.8780        [94m0.2653[0m     +  0.0000  10.9185
     13      [36m0.9404[0m        [32m0.2383[0m       [35m0.7970[0m      0.8789        [94m0.2649[0m     +  0.0000  10.9535
     14      0.9337        0.2405       [35m0.7974[0m      0.8792        [94m0.2646[0m     +  0.0000  10.8702
     15      0.9342        0.2408       [35m0.7995[0m      0.8804        [94m0.2642[0m     +  0.0000  10.9199
     16      0.9376        0.2395       [35m0.8003[0m      0.8801        [94m0.2641[0m     +  0.0000  10.8886
     17      0.9364        0.2401       [35m0.8005[0m      0.8808        [94m0.2638[0m     +  0.0000  10.9119
     18      0.9386        0.2386       [35m0.8012[0m      0.8813        [94m0.2637[0m     +  0.0000  10.8607
     19      0.9351        [32m0.2371[0m       0.8012      0.8812        [94m0.2636[0m     +  0.0000  10.8760
     20      0.9366        0.2379       [35m0.8017[0m      0.8815        [94m0.2634[0m     +  0.0000  10.9366
     21      0.9355        0.2378       0.8016      0.8815        [94m0.2633[0m     +  0.0000  10.8700
     22      0.9368        0.2390       [35m0.8019[0m      0.8814        0.2633        0.0000  10.8568
     23      0.9364        [32m0.2359[0m       0.8019      0.8815        [94m0.2632[0m     +  0.0000  10.8723
     24      0.9356        0.2370       [35m0.8026[0m      0.8818        [94m0.2632[0m     +  0.0000  10.9530
     25      0.9401        0.2365       [35m0.8028[0m      0.8819        [94m0.2631[0m     +  0.0000  10.9218
     26      0.9372        0.2368       [35m0.8030[0m      0.8820        [94m0.2631[0m     +  0.0000  10.9468
     27      0.9383        [32m0.2348[0m       0.8028      0.8820        [94m0.2631[0m     +  0.0000  10.9038
     28      0.9394        0.2368       0.8028      0.8819        [94m0.2631[0m     +  0.0000  10.8453
     29      [36m0.9428[0m        0.2355       0.8030      0.8820        [94m0.2631[0m     +  0.0000  10.8648
     30      0.9384        0.2372       0.8030      0.8821        [94m0.2630[0m     +  0.0000  10.8517
     31      0.9369        0.2396       [35m0.8031[0m      0.8821        [94m0.2630[0m     +  0.0000  10.9242
     32      [36m0.9448[0m        0.2358       0.8031      0.8821        [94m0.2630[0m     +  0.0000  10.8456
     33      0.9413        0.2372       0.8031      0.8821        [94m0.2630[0m     +  0.0000  10.8221
     34      0.9421        0.2355       0.8031      0.8821        [94m0.2630[0m     +  0.0000  10.8524
     35      0.9375        0.2386       0.8031      0.8821        [94m0.2630[0m     +  0.0000  10.8213
     36      0.9417        0.2356       0.8031      0.8821        [94m0.2630[0m     +  0.0000  10.8376
     37      0.9364        0.2362       0.8031      0.8821        [94m0.2630[0m     +  0.0000  10.9005
     38      0.9413        0.2367       0.8031      0.8821        [94m0.2630[0m     +  0.0000  10.8665
     39      0.9405        0.2367       0.8031      0.8821        0.2630        0.0000  10.8684
     40      0.9386        [32m0.2335[0m       0.8031      0.8821        [94m0.2630[0m     +  0.0000  10.8357
     41      0.9389        0.2363       0.8031      0.8821        [94m0.2630[0m     +  0.0000  10.8830
     42      0.9375        0.2348       0.8031      0.8821        [94m0.2630[0m     +  0.0000  10.8832
     43      0.9351        0.2362       0.8031      0.8821        [94m0.2630[0m     +  0.0000  10.8606
     44      0.9406        0.2357       0.8031      0.8821        [94m0.2630[0m     +  0.0000  10.8505
     45      0.9393        0.2364       0.8031      0.8821        [94m0.2630[0m     +  0.0000  10.8668
     46      0.9367        0.2396       0.8031      0.8821        [94m0.2630[0m     +  0.0000  10.9144
     47      0.9393        0.2350       0.8031      0.8821        [94m0.2630[0m     +  0.0000  10.8665
     48      0.9402        0.2377       0.8031      0.8821        [94m0.2630[0m     +  0.0000  10.9142
     49      0.9370        0.2365       0.8031      0.8821        [94m0.2630[0m     +  0.0000  10.8805
     50      0.9376        0.2373       0.8031      0.8821        [94m0.2630[0m     +  0.0000  10.8996
Stopping since valid_loss has not improved in the last 11 epochs.
Iteration 8 Test Accuracy: 0.8042
Iteration 8 Test F1 Score (micro): 0.9094
Iteration 8 Test F1 Score (macro): 0.8915
Model checkpoint saved to C:\Users\localuserSKSG\Desktop\Shubham\RandomSampling/Multilabel_from_multiclass/DinoS/random_sampling_seed42_test\model_checkpoint_iteration_7.pt

Query 9: Using the exact images and labels from the CSV for this iteration.

Query 9: Using images from iteration=9 (random sampling).
Number of samples used for training in Query 9 is 2264
Re-initializing module.
Re-initializing criterion.
Re-initializing optimizer.
  epoch    train_f1    train_loss    valid_acc    valid_f1    valid_loss    cp      lr      dur
-------  ----------  ------------  -----------  ----------  ------------  ----  ------  -------
      1      [36m0.9023[0m        [32m0.2630[0m       [35m0.7957[0m      [31m0.8868[0m        [94m0.2587[0m     +  0.0000  13.7131
      2      [36m0.9356[0m        [32m0.2331[0m       [35m0.8030[0m      [31m0.8903[0m        [94m0.2539[0m     +  0.0000  13.3692
      3      [36m0.9417[0m        [32m0.2267[0m       [35m0.8089[0m      [31m0.8930[0m        [94m0.2510[0m     +  0.0000  13.4170
      4      [36m0.9443[0m        [32m0.2224[0m       [35m0.8120[0m      0.8910        [94m0.2481[0m     +  0.0000  13.5396
      5      [36m0.9456[0m        [32m0.2185[0m       [35m0.8155[0m      [31m0.8956[0m        [94m0.2460[0m     +  0.0000  13.5084
      6      [36m0.9498[0m        [32m0.2122[0m       [35m0.8226[0m      [31m0.9013[0m        [94m0.2441[0m     +  0.0000  13.4943
      7      [36m0.9516[0m        [32m0.2118[0m       [35m0.8241[0m      [31m0.9024[0m        [94m0.2434[0m     +  0.0000  13.5675
      8      0.9514        [32m0.2117[0m       [35m0.8259[0m      [31m0.9031[0m        [94m0.2420[0m     +  0.0000  13.4627
      9      [36m0.9544[0m        [32m0.2106[0m       0.8259      0.9028        [94m0.2414[0m     +  0.0000  13.4619
     10      [36m0.9554[0m        [32m0.2072[0m       [35m0.8273[0m      [31m0.9036[0m        [94m0.2406[0m     +  0.0000  13.4633
     11      [36m0.9565[0m        [32m0.2046[0m       [35m0.8290[0m      0.9025        [94m0.2393[0m     +  0.0000  13.5419
     12      [36m0.9567[0m        0.2067       [35m0.8295[0m      0.9027        [94m0.2389[0m     +  0.0000  13.4636
     13      0.9545        [32m0.2042[0m       [35m0.8304[0m      0.9031        [94m0.2386[0m     +  0.0000  13.4312
     14      0.9566        0.2054       [35m0.8311[0m      [31m0.9038[0m        [94m0.2384[0m     +  0.0000  13.4471
     15      0.9558        0.2044       [35m0.8318[0m      0.9037        [94m0.2379[0m     +  0.0000  13.4619
     16      [36m0.9581[0m        [32m0.2032[0m       [35m0.8337[0m      0.9035        [94m0.2377[0m     +  0.0000  13.4798
     17      [36m0.9585[0m        0.2032       [35m0.8342[0m      [31m0.9039[0m        [94m0.2376[0m     +  0.0000  13.4788
     18      [36m0.9596[0m        0.2033       [35m0.8352[0m      [31m0.9043[0m        [94m0.2375[0m     +  0.0000  13.4623
     19      0.9573        0.2032       [35m0.8354[0m      0.9039        [94m0.2373[0m     +  0.0000  13.4486
     20      0.9571        0.2043       [35m0.8359[0m      0.9039        [94m0.2372[0m     +  0.0000  13.4792
     21      0.9593        [32m0.2023[0m       [35m0.8368[0m      0.9041        [94m0.2371[0m     +  0.0000  13.4748
     22      0.9582        0.2027       0.8366      0.9039        [94m0.2371[0m     +  0.0000  13.4624
     23      0.9581        [32m0.2002[0m       0.8361      0.9036        [94m0.2371[0m     +  0.0000  13.4937
     24      0.9585        0.2031       0.8366      0.9040        [94m0.2370[0m     +  0.0000  13.4616
     25      0.9580        0.2018       0.8363      0.9036        [94m0.2370[0m     +  0.0000  13.4787
     26      [36m0.9609[0m        [32m0.1997[0m       0.8359      0.9033        [94m0.2370[0m     +  0.0000  13.4632
     27      0.9572        0.2021       0.8365      0.9037        [94m0.2370[0m     +  0.0000  13.4924
     28      0.9604        0.2019       0.8363      0.9035        [94m0.2369[0m     +  0.0000  13.4617
     29      0.9582        0.2020       0.8365      0.9035        [94m0.2369[0m     +  0.0000  13.4482
     30      0.9606        [32m0.1995[0m       0.8365      0.9036        [94m0.2369[0m     +  0.0000  13.4620
     31      0.9566        0.2028       0.8365      0.9036        [94m0.2369[0m     +  0.0000  13.4627
     32      0.9605        0.2015       0.8366      0.9037        [94m0.2369[0m     +  0.0000  13.4777
     33      0.9597        0.2013       0.8363      0.9033        [94m0.2369[0m     +  0.0000  13.4471
     34      0.9588        0.2010       0.8363      0.9032        [94m0.2369[0m     +  0.0000  13.5093
     35      0.9599        0.2029       0.8365      0.9033        [94m0.2369[0m     +  0.0000  13.4629
     36      0.9572        0.2002       0.8366      0.9034        [94m0.2369[0m     +  0.0000  13.4477
     37      0.9604        0.2035       0.8366      0.9034        [94m0.2369[0m     +  0.0000  13.4639
     38      0.9580        0.2015       0.8366      0.9034        [94m0.2369[0m     +  0.0000  13.4937
     39      0.9595        0.2028       0.8368      0.9035        [94m0.2369[0m     +  0.0000  13.4628
     40      0.9589        0.2022       0.8366      0.9034        [94m0.2368[0m     +  0.0000  13.5086
     41      0.9580        0.2016       0.8366      0.9034        [94m0.2368[0m     +  0.0000  13.4939
     42      0.9600        0.2017       0.8366      0.9034        [94m0.2368[0m     +  0.0000  13.4632
     43      0.9608        0.2008       0.8366      0.9034        0.2368        0.0000  13.4925
     44      0.9596        0.1997       0.8368      0.9035        [94m0.2368[0m     +  0.0000  13.5089
     45      0.9586        0.2021       0.8368      0.9035        [94m0.2368[0m     +  0.0000  13.4925
     46      0.9605        0.2027       0.8368      0.9035        0.2368        0.0000  13.5108
     47      0.9594        0.2010       [35m0.8370[0m      0.9036        [94m0.2368[0m     +  0.0000  13.4624
     48      [36m0.9612[0m        0.2015       0.8370      0.9036        [94m0.2368[0m     +  0.0000  13.5244
     49      0.9563        0.2010       0.8370      0.9036        [94m0.2368[0m     +  0.0000  13.4932
     50      0.9581        0.2023       0.8370      0.9036        [94m0.2368[0m     +  0.0000  13.4620
Stopping since valid_loss has not improved in the last 11 epochs.
Iteration 9 Test Accuracy: 0.8266
Iteration 9 Test F1 Score (micro): 0.9202
Iteration 9 Test F1 Score (macro): 0.9059
Model checkpoint saved to C:\Users\localuserSKSG\Desktop\Shubham\RandomSampling/Multilabel_from_multiclass/DinoS/random_sampling_seed42_test\model_checkpoint_iteration_8.pt

Query 10: Using the exact images and labels from the CSV for this iteration.

Query 10: Using images from iteration=10 (random sampling).
Number of samples used for training in Query 10 is 4040
Re-initializing module.
Re-initializing criterion.
Re-initializing optimizer.
  epoch    train_f1    train_loss    valid_acc    valid_f1    valid_loss    cp      lr      dur
-------  ----------  ------------  -----------  ----------  ------------  ----  ------  -------
      1      [36m0.9272[0m        [32m0.2260[0m       [35m0.8297[0m      [31m0.8834[0m        [94m0.2400[0m     +  0.0000  18.1969
      2      [36m0.9498[0m        [32m0.2024[0m       [35m0.8422[0m      [31m0.8956[0m        [94m0.2325[0m     +  0.0000  17.9971
      3      [36m0.9545[0m        [32m0.1962[0m       [35m0.8436[0m      [31m0.8970[0m        [94m0.2303[0m     +  0.0000  18.1393
      4      [36m0.9556[0m        [32m0.1914[0m       [35m0.8474[0m      [31m0.9008[0m        [94m0.2266[0m     +  0.0000  18.1717
      5      [36m0.9612[0m        [32m0.1865[0m       [35m0.8521[0m      [31m0.9008[0m        [94m0.2227[0m     +  0.0000  18.2145
      6      [36m0.9644[0m        [32m0.1821[0m       [35m0.8575[0m      [31m0.9083[0m        [94m0.2187[0m     +  0.0000  18.1245
      7      [36m0.9651[0m        [32m0.1799[0m       0.8557      [31m0.9094[0m        [94m0.2176[0m     +  0.0000  18.0467
      8      [36m0.9655[0m        [32m0.1787[0m       0.8564      [31m0.9102[0m        [94m0.2169[0m     +  0.0000  18.1387
      9      [36m0.9659[0m        [32m0.1782[0m       0.8562      0.9098        [94m0.2162[0m     +  0.0000  18.1558
     10      [36m0.9668[0m        [32m0.1764[0m       [35m0.8583[0m      [31m0.9106[0m        [94m0.2154[0m     +  0.0000  18.1378
     11      [36m0.9679[0m        [32m0.1742[0m       0.8566      0.9104        [94m0.2151[0m     +  0.0000  18.1088
     12      [36m0.9699[0m        [32m0.1736[0m       0.8545      [31m0.9108[0m        [94m0.2146[0m     +  0.0000  18.0911
     13      0.9673        [32m0.1734[0m       0.8547      0.9106        [94m0.2144[0m     +  0.0000  18.0891
     14      0.9683        [32m0.1723[0m       0.8552      0.9104        [94m0.2143[0m     +  0.0000  18.1696
     15      0.9684        [32m0.1717[0m       0.8547      0.9106        [94m0.2139[0m     +  0.0000  18.1539
     16      0.9674        0.1726       0.8556      [31m0.9115[0m        [94m0.2138[0m     +  0.0000  18.0758
     17      0.9689        [32m0.1715[0m       0.8554      0.9115        [94m0.2138[0m     +  0.0000  18.1243
     18      0.9685        0.1717       0.8554      0.9113        [94m0.2137[0m     +  0.0000  18.1218
     19      [36m0.9710[0m        [32m0.1704[0m       0.8556      0.9113        [94m0.2136[0m     +  0.0000  18.1237
     20      0.9697        [32m0.1703[0m       0.8550      0.9112        [94m0.2136[0m     +  0.0000  18.1861
     21      0.9690        [32m0.1695[0m       0.8552      0.9113        [94m0.2135[0m     +  0.0000  18.1398
     22      0.9683        0.1709       0.8552      0.9113        0.2135        0.0000  18.1366
     23      0.9694        [32m0.1693[0m       0.8554      0.9115        [94m0.2135[0m     +  0.0000  18.2203
     24      0.9704        0.1703       0.8554      0.9113        [94m0.2134[0m     +  0.0000  18.2199
     25      0.9701        0.1696       0.8552      0.9113        [94m0.2134[0m     +  0.0000  18.1227
     26      [36m0.9711[0m        0.1709       0.8550      0.9112        [94m0.2134[0m     +  0.0000  18.1694
     27      0.9706        0.1696       0.8552      0.9113        [94m0.2134[0m     +  0.0000  18.1548
     28      0.9697        0.1700       0.8550      0.9113        [94m0.2134[0m     +  0.0000  18.2013
     29      [36m0.9713[0m        0.1695       0.8550      0.9114        [94m0.2133[0m     +  0.0000  18.1383
     30      0.9691        0.1703       0.8549      0.9112        [94m0.2133[0m     +  0.0000  18.1373
     31      0.9706        0.1701       0.8554      0.9114        [94m0.2133[0m     +  0.0000  18.1554
     32      0.9696        0.1704       0.8554      0.9114        [94m0.2133[0m     +  0.0000  18.0887
     33      0.9699        0.1695       0.8549      0.9112        [94m0.2133[0m     +  0.0000  18.1831
     34      [36m0.9713[0m        [32m0.1692[0m       0.8552      0.9114        [94m0.2133[0m     +  0.0000  18.1695
     35      0.9709        0.1705       0.8550      0.9113        0.2133        0.0000  18.0906
     36      0.9707        0.1701       0.8550      0.9113        0.2133        0.0000  18.0767
     37      0.9707        0.1699       0.8550      0.9112        [94m0.2133[0m     +  0.0000  18.1081
     38      0.9709        [32m0.1687[0m       0.8550      0.9112        [94m0.2133[0m     +  0.0000  18.1376
     39      [36m0.9715[0m        0.1702       0.8552      0.9113        [94m0.2133[0m     +  0.0000  18.1376
     40      [36m0.9721[0m        0.1698       0.8550      0.9112        [94m0.2133[0m     +  0.0000  18.1389
     41      [36m0.9727[0m        [32m0.1682[0m       0.8552      0.9113        0.2133        0.0000  18.3051
     42      0.9711        0.1697       0.8552      0.9113        [94m0.2133[0m     +  0.0000  18.1751
     43      0.9712        0.1698       0.8550      0.9112        [94m0.2133[0m     +  0.0000  18.0608
     44      0.9701        0.1697       0.8550      0.9112        [94m0.2133[0m     +  0.0000  18.2187
     45      0.9716        [32m0.1681[0m       0.8550      0.9112        [94m0.2133[0m     +  0.0000  18.1553
     46      0.9715        0.1704       0.8550      0.9112        0.2133        0.0000  18.0893
     47      0.9722        0.1693       0.8550      0.9112        0.2133        0.0000  18.0585
Stopping since valid_loss has not improved in the last 11 epochs.
Iteration 10 Test Accuracy: 0.8332
Iteration 10 Test F1 Score (micro): 0.9247
Iteration 10 Test F1 Score (macro): 0.9120
Model checkpoint saved to C:\Users\localuserSKSG\Desktop\Shubham\RandomSampling/Multilabel_from_multiclass/DinoS/random_sampling_seed42_test\model_checkpoint_iteration_9.pt

Query 11: Using the exact images and labels from the CSV for this iteration.

Query 11: Using images from iteration=11 (random sampling).
Number of samples used for training in Query 11 is 7200
Re-initializing module.
Re-initializing criterion.
Re-initializing optimizer.
  epoch    train_f1    train_loss    valid_acc    valid_f1    valid_loss    cp      lr      dur
-------  ----------  ------------  -----------  ----------  ------------  ----  ------  -------
      1      [36m0.9511[0m        [32m0.1862[0m       [35m0.8592[0m      [31m0.9066[0m        [94m0.2111[0m     +  0.0000  26.3939
      2      [36m0.9678[0m        [32m0.1665[0m       0.8505      0.8848        0.2163        0.0000  26.2405
      3      [36m0.9701[0m        [32m0.1621[0m       0.8543      0.8906        0.2124        0.0000  26.4465
      4      [36m0.9713[0m        [32m0.1581[0m       0.8479      0.8795        0.2150        0.0000  26.4413
      5      [36m0.9722[0m        [32m0.1540[0m       0.8493      0.8802        0.2142        0.0000  26.4495
      6      [36m0.9753[0m        [32m0.1499[0m       0.8500      0.8920        [94m0.2061[0m     +  0.0000  26.4713
      7      [36m0.9763[0m        [32m0.1474[0m       0.8516      0.8969        [94m0.2032[0m     +  0.0000  26.4745
      8      0.9760        0.1478       0.8415      0.8774        0.2109        0.0000  26.4291
      9      [36m0.9779[0m        [32m0.1450[0m       0.8439      0.8822        0.2082        0.0000  26.4102
     10      0.9775        [32m0.1447[0m       0.8441      0.8834        0.2069        0.0000  26.4706
     11      0.9776        [32m0.1428[0m       0.8481      0.8990        [94m0.2006[0m     +  0.0000  26.4561
     12      [36m0.9788[0m        0.1428       0.8484      0.8989        0.2007        0.0000  26.4089
     13      [36m0.9790[0m        [32m0.1417[0m       0.8474      0.8977        0.2011        0.0000  26.3803
     14      [36m0.9800[0m        [32m0.1415[0m       0.8477      0.8984        0.2007        0.0000  26.3912
     15      [36m0.9801[0m        [32m0.1408[0m       0.8476      0.8994        [94m0.1997[0m     +  0.0000  26.4115
     16      0.9794        [32m0.1405[0m       0.8521      0.9063        [94m0.1986[0m     +  0.0000  26.3795
     17      0.9800        [32m0.1400[0m       0.8514      0.9058        [94m0.1985[0m     +  0.0000  26.3949
     18      0.9792        [32m0.1398[0m       0.8526      [31m0.9070[0m        [94m0.1983[0m     +  0.0000  26.3154
     19      [36m0.9803[0m        0.1399       0.8498      0.9041        0.1984        0.0000  26.4086
     20      0.9801        [32m0.1393[0m       0.8517      0.9057        [94m0.1982[0m     +  0.0000  26.3782
     21      [36m0.9805[0m        0.1400       0.8507      0.9066        [94m0.1981[0m     +  0.0000  26.3933
     22      0.9801        0.1399       0.8524      [31m0.9071[0m        [94m0.1981[0m     +  0.0000  26.3651
     23      [36m0.9819[0m        [32m0.1389[0m       0.8509      0.9069        0.1981        0.0000  26.4078
     24      0.9803        0.1390       0.8502      0.9064        0.1981        0.0000  26.3132
     25      0.9802        0.1395       0.8514      0.9069        [94m0.1980[0m     +  0.0000  26.3767
     26      0.9811        [32m0.1385[0m       0.8491      0.9059        0.1980        0.0000  26.3626
     27      0.9803        [32m0.1378[0m       0.8491      0.9060        0.1980        0.0000  26.3785
     28      0.9808        0.1391       0.8490      0.9058        [94m0.1980[0m     +  0.0000  26.3911
     29      0.9796        0.1382       0.8491      0.9059        0.1980        0.0000  26.3806
     30      0.9810        0.1384       0.8490      0.9060        0.1980        0.0000  26.4085
     31      0.9808        0.1382       0.8491      0.9060        0.1980        0.0000  26.4315
     32      0.9810        0.1389       0.8491      0.9060        0.1980        0.0000  26.4161
     33      0.9797        0.1387       0.8491      0.9059        0.1980        0.0000  26.4575
     34      0.9812        0.1382       0.8493      0.9060        0.1980        0.0000  26.3603
     35      0.9807        0.1378       0.8490      0.9059        0.1980        0.0000  26.1713
Stopping since valid_loss has not improved in the last 11 epochs.
Iteration 11 Test Accuracy: 0.8260
Iteration 11 Test F1 Score (micro): 0.9211
Iteration 11 Test F1 Score (macro): 0.9071
Model checkpoint saved to C:\Users\localuserSKSG\Desktop\Shubham\RandomSampling/Multilabel_from_multiclass/DinoS/random_sampling_seed42_test\model_checkpoint_iteration_10.pt

Query 12: Using the exact images and labels from the CSV for this iteration.

Query 12: Using images from iteration=12 (random sampling).
Number of samples used for training in Query 12 is 12824
Re-initializing module.
Re-initializing criterion.
Re-initializing optimizer.
  epoch    train_f1    train_loss    valid_acc    valid_f1    valid_loss    cp      lr      dur
-------  ----------  ------------  -----------  ----------  ------------  ----  ------  -------
      1      [36m0.9690[0m        [32m0.1498[0m       [35m0.8069[0m      [31m0.8763[0m        [94m0.2210[0m     +  0.0000  40.8445
      2      [36m0.9737[0m        [32m0.1380[0m       [35m0.8123[0m      [31m0.8933[0m        [94m0.2131[0m     +  0.0000  41.0604
      3      [36m0.9757[0m        [32m0.1340[0m       [35m0.8189[0m      0.8927        [94m0.2065[0m     +  0.0000  41.2169
      4      [36m0.9771[0m        [32m0.1296[0m       [35m0.8373[0m      [31m0.8959[0m        [94m0.1958[0m     +  0.0000  41.1243
      5      [36m0.9780[0m        [32m0.1265[0m       0.8316      [31m0.8983[0m        0.1962        0.0000  41.2097
      6      [36m0.9802[0m        [32m0.1214[0m       [35m0.8401[0m      0.8958        [94m0.1901[0m     +  0.0000  41.1267
      7      [36m0.9807[0m        [32m0.1202[0m       [35m0.8441[0m      [31m0.9003[0m        [94m0.1886[0m     +  0.0000  41.1090
      8      [36m0.9810[0m        [32m0.1195[0m       0.8439      0.8981        [94m0.1882[0m     +  0.0000  41.1329
      9      [36m0.9818[0m        [32m0.1172[0m       [35m0.8446[0m      0.8947        [94m0.1868[0m     +  0.0000  41.0817
     10      [36m0.9820[0m        [32m0.1160[0m       0.8422      0.8921        0.1880        0.0000  41.1087
     11      [36m0.9824[0m        [32m0.1138[0m       [35m0.8481[0m      [31m0.9024[0m        [94m0.1842[0m     +  0.0000  41.1396
     12      [36m0.9827[0m        0.1140       [35m0.8484[0m      0.9017        0.1845        0.0000  41.1077
     13      [36m0.9832[0m        [32m0.1130[0m       [35m0.8486[0m      [31m0.9029[0m        0.1842        0.0000  41.0146
     14      0.9831        [32m0.1123[0m       [35m0.8491[0m      [31m0.9042[0m        [94m0.1840[0m     +  0.0000  41.0767
     15      [36m0.9833[0m        [32m0.1117[0m       0.8458      0.8985        0.1848        0.0000  41.1566
     16      [36m0.9836[0m        0.1121       [35m0.8497[0m      0.9039        [94m0.1833[0m     +  0.0000  41.1355
     17      [36m0.9841[0m        [32m0.1112[0m       0.8495      [31m0.9047[0m        0.1833        0.0000  41.0080
     18      0.9830        [32m0.1109[0m       [35m0.8500[0m      0.9044        [94m0.1831[0m     +  0.0000  40.8146
     19      0.9840        [32m0.1108[0m       0.8495      0.9045        0.1832        0.0000  41.0296
     20      0.9840        0.1111       0.8497      0.9042        [94m0.1829[0m     +  0.0000  41.0470
     21      0.9832        [32m0.1106[0m       0.8488      0.9039        [94m0.1827[0m     +  0.0000  41.0947
     22      0.9839        [32m0.1101[0m       0.8488      0.9040        [94m0.1827[0m     +  0.0000  41.0340
     23      [36m0.9842[0m        [32m0.1101[0m       0.8490      0.9042        0.1827        0.0000  41.1519
     24      [36m0.9843[0m        0.1102       0.8488      0.9042        0.1828        0.0000  41.0151
     25      0.9843        [32m0.1096[0m       0.8484      0.9043        0.1829        0.0000  41.0573
     26      0.9843        0.1099       0.8479      0.9041        0.1829        0.0000  41.0290
     27      0.9838        0.1097       0.8483      0.9041        0.1828        0.0000  41.1053
     28      0.9840        [32m0.1093[0m       0.8484      0.9043        0.1828        0.0000  41.0616
     29      0.9840        0.1095       0.8483      0.9042        0.1827        0.0000  41.0603
     30      0.9841        0.1099       0.8483      0.9043        0.1827        0.0000  41.1705
     31      0.9841        0.1101       0.8484      0.9044        0.1827        0.0000  41.0888
     32      [36m0.9845[0m        [32m0.1093[0m       0.8488      0.9046        [94m0.1826[0m     +  0.0000  41.0936
Stopping since valid_loss has not improved in the last 11 epochs.
Iteration 12 Test Accuracy: 0.8339
Iteration 12 Test F1 Score (micro): 0.9244
Iteration 12 Test F1 Score (macro): 0.9118
Model checkpoint saved to C:\Users\localuserSKSG\Desktop\Shubham\RandomSampling/Multilabel_from_multiclass/DinoS/random_sampling_seed42_test\model_checkpoint_iteration_11.pt

Query 13: Using the exact images and labels from the CSV for this iteration.

Query 13: Using images from iteration=13 (random sampling).
Number of samples used for training in Query 13 is 22824
Re-initializing module.
Re-initializing criterion.
Re-initializing optimizer.
  epoch    train_f1    train_loss    valid_acc    valid_f1    valid_loss    cp      lr      dur
-------  ----------  ------------  -----------  ----------  ------------  ----  ------  -------
      1      [36m0.9745[0m        [32m0.1180[0m       [35m0.8146[0m      [31m0.8941[0m        [94m0.2019[0m     +  0.0000  67.0496
      2      [36m0.9781[0m        [32m0.1087[0m       [35m0.8351[0m      [31m0.9052[0m        [94m0.1808[0m     +  0.0000  67.3366
      3      [36m0.9792[0m        [32m0.1035[0m       0.8323      0.9041        0.1817        0.0000  67.2712
      4      [36m0.9801[0m        [32m0.0997[0m       [35m0.8498[0m      [31m0.9126[0m        [94m0.1690[0m     +  0.0000  67.2864
      5      [36m0.9807[0m        [32m0.0960[0m       [35m0.8536[0m      [31m0.9136[0m        [94m0.1671[0m     +  0.0000  67.2262
      6      [36m0.9823[0m        [32m0.0915[0m       [35m0.8562[0m      0.9133        [94m0.1656[0m     +  0.0000  67.2905
      7      [36m0.9832[0m        [32m0.0898[0m       0.8526      0.9129        0.1667        0.0000  67.1839
      8      [36m0.9837[0m        [32m0.0883[0m       0.8561      0.9130        [94m0.1647[0m     +  0.0000  67.2365
      9      [36m0.9841[0m        [32m0.0866[0m       0.8547      0.9128        0.1658        0.0000  67.1845
     10      [36m0.9841[0m        [32m0.0851[0m       0.8533      0.9124        0.1649        0.0000  67.3288
     11      [36m0.9850[0m        [32m0.0838[0m       0.8549      0.9116        [94m0.1632[0m     +  0.0000  67.2280
     12      0.9848        [32m0.0828[0m       0.8547      0.9119        0.1641        0.0000  67.1306
     13      0.9847        [32m0.0823[0m       0.8550      0.9125        0.1638        0.0000  67.2855
     14      [36m0.9854[0m        [32m0.0817[0m       0.8557      0.9123        0.1635        0.0000  67.4533
     15      [36m0.9856[0m        [32m0.0809[0m       0.8542      0.9112        0.1635        0.0000  67.1911
     16      0.9855        [32m0.0807[0m       [35m0.8566[0m      0.9115        [94m0.1621[0m     +  0.0000  67.2173
     17      0.9855        [32m0.0803[0m       0.8562      0.9106        [94m0.1616[0m     +  0.0000  67.1614
     18      0.9853        [32m0.0799[0m       0.8562      0.9106        0.1619        0.0000  67.2570
     19      0.9853        [32m0.0798[0m       0.8561      0.9111        0.1623        0.0000  67.1556
     20      [36m0.9859[0m        [32m0.0797[0m       0.8557      0.9107        0.1625        0.0000  67.1748
     21      0.9855        [32m0.0794[0m       [35m0.8568[0m      0.9095        [94m0.1613[0m     +  0.0000  67.2376
     22      [36m0.9862[0m        [32m0.0792[0m       0.8562      0.9091        [94m0.1612[0m     +  0.0000  67.1767
     23      0.9861        [32m0.0789[0m       0.8564      0.9092        0.1615        0.0000  67.1921
     24      0.9862        [32m0.0787[0m       0.8557      0.9097        0.1622        0.0000  67.2836
     25      [36m0.9862[0m        0.0790       0.8556      0.9094        0.1621        0.0000  67.2415
     26      0.9862        0.0788       0.8557      0.9095        0.1620        0.0000  67.1762
     27      0.9860        [32m0.0787[0m       0.8557      0.9094        0.1617        0.0000  67.1441
     28      [36m0.9863[0m        0.0787       0.8554      0.9095        0.1618        0.0000  67.2354
     29      0.9860        0.0787       0.8554      0.9091        0.1618        0.0000  67.1924
     30      0.9859        [32m0.0786[0m       0.8556      0.9091        0.1618        0.0000  67.2664
     31      0.9860        [32m0.0786[0m       0.8552      0.9089        0.1617        0.0000  67.2378
     32      0.9863        [32m0.0782[0m       0.8554      0.9093        0.1617        0.0000  67.2817
Stopping since valid_loss has not improved in the last 11 epochs.
Iteration 13 Test Accuracy: 0.8411
Iteration 13 Test F1 Score (micro): 0.9272
Iteration 13 Test F1 Score (macro): 0.9142
Model checkpoint saved to C:\Users\localuserSKSG\Desktop\Shubham\RandomSampling/Multilabel_from_multiclass/DinoS/random_sampling_seed42_test\model_checkpoint_iteration_12.pt

Query 14: Using the exact images and labels from the CSV for this iteration.

Query 14: Using images from iteration=14 (random sampling).
Number of samples used for training in Query 14 is 26880
Re-initializing module.
Re-initializing criterion.
Re-initializing optimizer.
  epoch    train_f1    train_loss    valid_acc    valid_f1    valid_loss    cp      lr      dur
-------  ----------  ------------  -----------  ----------  ------------  ----  ------  -------
      1      [36m0.9791[0m        [32m0.0851[0m       [35m0.8391[0m      [31m0.8884[0m        [94m0.1682[0m     +  0.0000  77.7920
      2      [36m0.9827[0m        [32m0.0775[0m       [35m0.8408[0m      0.8879        [94m0.1652[0m     +  0.0000  78.2833
      3      0.9822        [32m0.0750[0m       0.8344      0.8841        0.1680        0.0000  77.7957
      4      [36m0.9829[0m        [32m0.0717[0m       0.8340      0.8848        0.1697        0.0000  77.1185
      5      [36m0.9840[0m        [32m0.0690[0m       0.8344      0.8831        0.1690        0.0000  77.0088
      6      [36m0.9853[0m        [32m0.0652[0m       [35m0.8464[0m      [31m0.8946[0m        [94m0.1601[0m     +  0.0000  76.9513
      7      [36m0.9859[0m        [32m0.0637[0m       0.8408      0.8885        0.1645        0.0000  77.0145
      8      [36m0.9861[0m        [32m0.0624[0m       0.8417      0.8912        0.1642        0.0000  77.0146
      9      [36m0.9867[0m        [32m0.0615[0m       0.8418      0.8888        0.1639        0.0000  77.0121
     10      [36m0.9870[0m        [32m0.0603[0m       0.8424      0.8926        0.1639        0.0000  76.9338
     11      [36m0.9879[0m        [32m0.0587[0m       [35m0.8521[0m      [31m0.9019[0m        [94m0.1592[0m     +  0.0000  76.9207
     12      0.9878        [32m0.0580[0m       0.8516      0.9016        0.1606        0.0000  76.8569
     13      0.9879        [32m0.0576[0m       0.8505      0.9008        0.1619        0.0000  76.8568
     14      [36m0.9883[0m        [32m0.0573[0m       0.8512      0.9014        0.1617        0.0000  76.8585
     15      [36m0.9883[0m        [32m0.0565[0m       0.8510      [31m0.9020[0m        0.1622        0.0000  76.8944
     16      [36m0.9886[0m        [32m0.0560[0m       [35m0.8549[0m      [31m0.9057[0m        0.1597        0.0000  76.8541
     17      [36m0.9891[0m        [32m0.0556[0m       [35m0.8559[0m      [31m0.9060[0m        [94m0.1592[0m     +  0.0000  76.9016
     18      0.9890        0.0556       0.8552      0.9054        0.1595        0.0000  77.4902
     19      0.9888        [32m0.0554[0m       0.8547      0.9051        0.1603        0.0000  77.1986
     20      [36m0.9894[0m        [32m0.0550[0m       0.8550      0.9054        0.1605        0.0000  77.9577
     21      [36m0.9895[0m        [32m0.0550[0m       0.8559      [31m0.9070[0m        0.1599        0.0000  78.2350
     22      0.9892        [32m0.0545[0m       [35m0.8566[0m      [31m0.9076[0m        0.1597        0.0000  78.1225
     23      [36m0.9896[0m        [32m0.0543[0m       [35m0.8568[0m      [31m0.9076[0m        0.1604        0.0000  77.9052
     24      0.9894        0.0545       0.8559      0.9071        0.1601        0.0000  77.7032
     25      0.9889        0.0545       0.8561      0.9071        0.1601        0.0000  77.2352
     26      [36m0.9897[0m        0.0544       0.8562      [31m0.9077[0m        0.1604        0.0000  77.2537
     27      0.9891        0.0543       0.8568      [31m0.9080[0m        0.1601        0.0000  77.2620
Stopping since valid_loss has not improved in the last 11 epochs.
Iteration 14 Test Accuracy: 0.8446
Iteration 14 Test F1 Score (micro): 0.9270
Iteration 14 Test F1 Score (macro): 0.9139
Model checkpoint saved to C:\Users\localuserSKSG\Desktop\Shubham\RandomSampling/Multilabel_from_multiclass/DinoS/random_sampling_seed42_test\model_checkpoint_iteration_13.pt

Best F1 score across all iterations: 0.9142
Pickle file saved to C:\Users\localuserSKSG\Desktop\Shubham\RandomSampling/Multilabel_from_multiclass/DinoS/random_sampling_seed42_test\random_sampling_results_for_multilabel_classification_s42.pickle
