3
multiclass_train_df shape: (26880, 2)
multiclass_test_df shape: (5760, 2)
multiclass_val_df shape: (5760, 2)
Calculated train_size: 8

Iteration 1: Using initial samples.
  epoch    train_f1    train_loss    valid_acc    valid_f1    valid_loss    cp      lr      dur
-------  ----------  ------------  -----------  ----------  ------------  ----  ------  -------
      1      [36m0.2500[0m        [32m2.0680[0m       [35m0.0681[0m      [31m0.0681[0m        [94m2.0433[0m     +  0.0000  10.9229
      2      0.1250        [32m2.0342[0m       [35m0.0974[0m      [31m0.0974[0m        2.0815        0.0000  10.1047
      3      0.1250        [32m1.8353[0m       0.0868      0.0868        2.0730        0.0000  10.1090
      4      0.2500        1.8643       [35m0.2356[0m      [31m0.2356[0m        [94m2.0238[0m     +  0.0000  10.1699
      5      [36m0.3750[0m        [32m1.7453[0m       0.0925      0.0925        2.1370        0.0000  10.3868
      6      [36m0.7500[0m        [32m1.5699[0m       0.1229      0.1229        2.1193        0.0000  10.2201
      7      0.7500        [32m1.4449[0m       0.1455      0.1455        2.1077        0.0000  10.2630
      8      [36m0.8750[0m        [32m1.4169[0m       0.1530      0.1530        2.1011        0.0000  10.3304
      9      0.7500        1.4854       0.1488      0.1488        2.1046        0.0000  10.3102
     10      0.7500        1.4983       0.1623      0.1623        2.0929        0.0000  10.3249
     11      [36m1.0000[0m        [32m1.3437[0m       0.1622      0.1622        2.0925        0.0000  10.3280
     12      0.8750        [32m1.2569[0m       0.1611      0.1611        2.0942        0.0000  10.3144
     13      0.7500        1.4251       0.1618      0.1618        2.0936        0.0000  10.4841
     14      0.7500        1.3116       0.1623      0.1623        2.0940        0.0000  10.5617
Stopping since valid_loss has not improved in the last 11 epochs.
Iteration 1: Test F1 Micro Score: 0.18246527777777777
Iteration 1: Test F1 Macro Score: 0.12146659868990195
Model checkpoint saved to C:\Users\localuserSKSG\Desktop\Shubham\RandomSampling/Multiclass/DinoS/seed_44/model_checkpoint_iteration_0.pt

Iteration 2: Requesting 16 samples.
Re-initializing module.
Re-initializing criterion.
Re-initializing optimizer.
  epoch    train_f1    train_loss    valid_acc    valid_f1    valid_loss    cp      lr     dur
-------  ----------  ------------  -----------  ----------  ------------  ----  ------  ------
      1      [36m0.4583[0m        [32m1.8433[0m       [35m0.4479[0m      [31m0.4479[0m        [94m1.7244[0m     +  0.0000  9.9647
      2      [36m0.5000[0m        [32m1.7297[0m       [35m0.4604[0m      [31m0.4604[0m        [94m1.6976[0m     +  0.0000  10.0657
      3      [36m0.6667[0m        [32m1.4513[0m       [35m0.4670[0m      [31m0.4670[0m        [94m1.6723[0m     +  0.0000  9.9388
      4      [36m0.7500[0m        [32m1.2696[0m       [35m0.4733[0m      [31m0.4733[0m        [94m1.6638[0m     +  0.0000  9.8661
      5      0.6667        [32m1.2347[0m       0.4731      0.4731        1.6678        0.0000  9.8603
      6      0.7500        [32m1.1470[0m       [35m0.4734[0m      [31m0.4734[0m        [94m1.6567[0m     +  0.0000  9.8754
      7      0.6667        1.1530       0.4733      0.4733        [94m1.6512[0m     +  0.0000  9.9050
      8      0.7083        [32m1.1099[0m       [35m0.4743[0m      [31m0.4743[0m        [94m1.6461[0m     +  0.0000  9.9839
      9      0.6667        1.1745       [35m0.4774[0m      [31m0.4774[0m        [94m1.6424[0m     +  0.0000  9.8918
     10      0.7083        1.1560       [35m0.4783[0m      [31m0.4783[0m        [94m1.6370[0m     +  0.0000  9.8925
     11      0.6250        [32m1.1045[0m       0.4783      0.4783        [94m1.6367[0m     +  0.0000  9.8675
     12      0.7500        1.1537       0.4776      0.4776        1.6368        0.0000  9.9181
     13      0.7083        1.1401       0.4773      0.4773        [94m1.6367[0m     +  0.0000  9.9851
     14      0.7083        [32m1.0624[0m       0.4773      0.4773        [94m1.6365[0m     +  0.0000  9.9044
     15      0.7083        1.0818       0.4771      0.4771        1.6370        0.0000  9.9693
     16      0.7083        1.0884       0.4771      0.4771        1.6369        0.0000  10.0749
     17      0.7083        [32m1.0570[0m       0.4771      0.4771        1.6371        0.0000  9.9723
     18      0.6250        [32m1.0492[0m       0.4771      0.4771        1.6370        0.0000  9.9408
     19      0.7083        1.0695       0.4771      0.4771        1.6370        0.0000  9.9514
     20      0.7083        1.1645       0.4771      0.4771        1.6370        0.0000  9.9557
     21      0.7500        1.1175       0.4771      0.4771        1.6370        0.0000  9.9167
     22      0.6250        1.1778       0.4771      0.4771        1.6370        0.0000  9.9530
     23      0.6667        1.0847       0.4771      0.4771        1.6370        0.0000  10.3531
     24      0.7083        [32m1.0442[0m       0.4771      0.4771        1.6370        0.0000  9.9263
Stopping since valid_loss has not improved in the last 11 epochs.
Iteration 2: Test F1 Micro Score: 0.5223958333333333
Iteration 2: Test F1 Macro Score: 0.12377076539913216
Model checkpoint saved to C:\Users\localuserSKSG\Desktop\Shubham\RandomSampling/Multiclass/DinoS/seed_44/model_checkpoint_iteration_1.pt

Iteration 3: Requesting 32 samples.
Re-initializing module.
Re-initializing criterion.
Re-initializing optimizer.
  epoch    train_f1    train_loss    valid_acc    valid_f1    valid_loss    cp      lr      dur
-------  ----------  ------------  -----------  ----------  ------------  ----  ------  -------
      1      [36m0.5536[0m        [32m1.4656[0m       [35m0.4655[0m      [31m0.4655[0m        [94m1.5490[0m     +  0.0000  10.1451
      2      [36m0.6071[0m        [32m1.2425[0m       [35m0.4724[0m      [31m0.4724[0m        [94m1.4591[0m     +  0.0000  10.1579
      3      [36m0.6429[0m        [32m1.0672[0m       [35m0.4983[0m      [31m0.4983[0m        [94m1.4134[0m     +  0.0000  10.1291
      4      [36m0.6786[0m        1.0819       [35m0.5252[0m      [31m0.5252[0m        [94m1.3874[0m     +  0.0000  10.2395
      5      [36m0.7143[0m        [32m0.9588[0m       [35m0.5622[0m      [31m0.5622[0m        [94m1.3423[0m     +  0.0000  10.1679
      6      [36m0.8571[0m        [32m0.8709[0m       0.5483      0.5483        1.3540        0.0000  10.2371
      7      0.8036        0.8957       0.5550      0.5550        1.3493        0.0000  10.3710
      8      0.8036        0.8718       0.5514      0.5514        1.3475        0.0000  10.2802
      9      0.8214        0.8775       0.5521      0.5521        1.3461        0.0000  10.1415
     10      0.8571        [32m0.8382[0m       0.5476      0.5476        [94m1.3418[0m     +  0.0000  10.3140
     11      0.8393        0.8601       0.5486      0.5486        [94m1.3401[0m     +  0.0000  10.2176
     12      [36m0.8750[0m        [32m0.7965[0m       0.5495      0.5495        [94m1.3392[0m     +  0.0000  10.4952
     13      0.8571        0.8067       0.5500      0.5500        [94m1.3391[0m     +  0.0000  10.5013
     14      0.8393        [32m0.7933[0m       0.5509      0.5509        [94m1.3375[0m     +  0.0000  10.4842
     15      0.8750        0.8238       0.5503      0.5503        1.3383        0.0000  10.5160
     16      0.8214        0.8759       0.5503      0.5503        1.3385        0.0000  10.5942
     17      0.8036        0.8060       0.5507      0.5507        1.3381        0.0000  10.5352
     18      0.8393        0.8561       0.5509      0.5509        1.3378        0.0000  10.5519
     19      0.8571        [32m0.7911[0m       0.5507      0.5507        1.3381        0.0000  10.5594
     20      0.8393        0.8074       0.5507      0.5507        1.3379        0.0000  10.5183
     21      0.8571        0.8133       0.5505      0.5505        1.3380        0.0000  10.5499
     22      [36m0.8929[0m        0.8048       0.5505      0.5505        1.3380        0.0000  10.5954
     23      0.8393        0.8384       0.5505      0.5505        1.3380        0.0000  10.5701
     24      0.8393        0.7996       0.5505      0.5505        1.3378        0.0000  10.5156
Stopping since valid_loss has not improved in the last 11 epochs.
Iteration 3: Test F1 Micro Score: 0.5987847222222222
Iteration 3: Test F1 Macro Score: 0.17273235416899707
Model checkpoint saved to C:\Users\localuserSKSG\Desktop\Shubham\RandomSampling/Multiclass/DinoS/seed_44/model_checkpoint_iteration_2.pt

Iteration 4: Requesting 56 samples.
Re-initializing module.
Re-initializing criterion.
Re-initializing optimizer.
  epoch    train_f1    train_loss    valid_acc    valid_f1    valid_loss    cp      lr      dur
-------  ----------  ------------  -----------  ----------  ------------  ----  ------  -------
      1      [36m0.7232[0m        [32m1.0930[0m       [35m0.6231[0m      [31m0.6231[0m        [94m1.2833[0m     +  0.0000  10.7924
      2      [36m0.7946[0m        [32m0.9452[0m       0.6179      0.6179        [94m1.2546[0m     +  0.0000  10.8453
      3      [36m0.8304[0m        [32m0.8204[0m       [35m0.6632[0m      [31m0.6632[0m        [94m1.1813[0m     +  0.0000  10.7865
      4      [36m0.8571[0m        [32m0.7635[0m       0.6465      0.6465        [94m1.1632[0m     +  0.0000  10.7942
      5      [36m0.8839[0m        [32m0.6961[0m       [35m0.6696[0m      [31m0.6696[0m        [94m1.1445[0m     +  0.0000  10.8832
      6      0.8839        [32m0.6729[0m       0.6349      0.6349        1.1619        0.0000  10.8565
      7      [36m0.9196[0m        [32m0.6383[0m       0.6352      0.6352        1.1546        0.0000  10.8630
      8      [36m0.9464[0m        [32m0.5861[0m       0.6387      0.6387        1.1473        0.0000  10.8612
      9      0.9107        0.6350       0.6413      0.6413        1.1480        0.0000  10.8160
     10      0.9196        0.6113       0.6399      0.6399        1.1449        0.0000  10.7663
     11      [36m0.9643[0m        [32m0.5654[0m       0.6389      0.6389        1.1489        0.0000  10.7953
     12      0.9464        0.5936       0.6373      0.6373        1.1513        0.0000  10.8236
     13      0.9464        0.5845       0.6361      0.6361        1.1531        0.0000  10.8280
     14      0.9464        0.5763       0.6356      0.6356        1.1532        0.0000  10.8753
     15      0.9554        0.5746       0.6389      0.6389        1.1484        0.0000  10.9063
Stopping since valid_loss has not improved in the last 11 epochs.
Iteration 4: Test F1 Micro Score: 0.6869791666666667
Iteration 4: Test F1 Macro Score: 0.2280215073146326
Model checkpoint saved to C:\Users\localuserSKSG\Desktop\Shubham\RandomSampling/Multiclass/DinoS/seed_44/model_checkpoint_iteration_3.pt

Iteration 5: Requesting 96 samples.
Re-initializing module.
Re-initializing criterion.
Re-initializing optimizer.
  epoch    train_f1    train_loss    valid_acc    valid_f1    valid_loss    cp      lr      dur
-------  ----------  ------------  -----------  ----------  ------------  ----  ------  -------
      1      [36m0.8077[0m        [32m0.8701[0m       [35m0.6139[0m      [31m0.6139[0m        [94m1.1290[0m     +  0.0000  11.3659
      2      [36m0.8558[0m        [32m0.7051[0m       [35m0.6557[0m      [31m0.6557[0m        [94m1.0612[0m     +  0.0000  11.2304
      3      [36m0.8846[0m        [32m0.6194[0m       [35m0.6679[0m      [31m0.6679[0m        [94m1.0284[0m     +  0.0000  11.2153
      4      [36m0.9279[0m        [32m0.5690[0m       [35m0.6797[0m      [31m0.6797[0m        [94m1.0024[0m     +  0.0000  11.3278
      5      [36m0.9327[0m        [32m0.5321[0m       0.6740      0.6740        [94m1.0020[0m     +  0.0000  11.3283
      6      [36m0.9663[0m        [32m0.4792[0m       [35m0.6939[0m      [31m0.6939[0m        [94m0.9709[0m     +  0.0000  11.6272
      7      0.9567        [32m0.4690[0m       [35m0.6946[0m      [31m0.6946[0m        [94m0.9691[0m     +  0.0000  11.5159
      8      0.9663        [32m0.4630[0m       [35m0.6962[0m      [31m0.6962[0m        0.9691        0.0000  11.7331
      9      [36m0.9712[0m        0.4809       0.6953      0.6953        0.9766        0.0000  11.5650
     10      [36m0.9856[0m        [32m0.4358[0m       [35m0.6970[0m      [31m0.6970[0m        0.9752        0.0000  11.5782
     11      0.9663        0.4370       0.6941      0.6941        0.9786        0.0000  11.6144
     12      0.9663        0.4527       0.6943      0.6943        0.9781        0.0000  11.4587
     13      0.9808        0.4453       0.6944      0.6944        0.9812        0.0000  11.5467
     14      0.9856        0.4511       0.6948      0.6948        0.9785        0.0000  11.5978
     15      0.9712        0.4537       0.6948      0.6948        0.9798        0.0000  11.7919
     16      0.9808        0.4433       0.6946      0.6946        0.9793        0.0000  11.7374
     17      0.9712        0.4418       0.6941      0.6941        0.9801        0.0000  11.5557
Stopping since valid_loss has not improved in the last 11 epochs.
Iteration 5: Test F1 Micro Score: 0.7074652777777778
Iteration 5: Test F1 Macro Score: 0.25359592054257163
Model checkpoint saved to C:\Users\localuserSKSG\Desktop\Shubham\RandomSampling/Multiclass/DinoS/seed_44/model_checkpoint_iteration_4.pt

Iteration 6: Requesting 176 samples.
Re-initializing module.
Re-initializing criterion.
Re-initializing optimizer.
  epoch    train_f1    train_loss    valid_acc    valid_f1    valid_loss    cp      lr      dur
-------  ----------  ------------  -----------  ----------  ------------  ----  ------  -------
      1      [36m0.8672[0m        [32m0.6589[0m       [35m0.6918[0m      [31m0.6918[0m        [94m0.9109[0m     +  0.0000  12.4058
      2      [36m0.9219[0m        [32m0.5105[0m       [35m0.6943[0m      [31m0.6943[0m        0.9324        0.0000  12.4638
      3      [36m0.9401[0m        [32m0.4700[0m       [35m0.7201[0m      [31m0.7201[0m        [94m0.8823[0m     +  0.0000  12.5621
      4      [36m0.9661[0m        [32m0.4245[0m       [35m0.7309[0m      [31m0.7309[0m        [94m0.8538[0m     +  0.0000  12.2654
      5      [36m0.9714[0m        [32m0.3883[0m       [35m0.7359[0m      [31m0.7359[0m        0.8559        0.0000  12.1922
      6      [36m0.9792[0m        [32m0.3540[0m       [35m0.7394[0m      [31m0.7394[0m        0.8538        0.0000  12.4294
      7      0.9766        [32m0.3447[0m       [35m0.7399[0m      [31m0.7399[0m        [94m0.8519[0m     +  0.0000  12.7954
      8      [36m0.9818[0m        [32m0.3284[0m       0.7391      0.7391        0.8560        0.0000  12.4853
      9      0.9818        [32m0.3222[0m       0.7384      0.7384        0.8557        0.0000  12.4217
     10      0.9818        [32m0.3158[0m       [35m0.7417[0m      [31m0.7417[0m        0.8557        0.0000  12.4043
     11      0.9818        [32m0.3098[0m       0.7368      0.7368        0.8625        0.0000  12.5305
     12      [36m0.9844[0m        0.3136       0.7361      0.7361        0.8634        0.0000  12.5310
     13      0.9818        [32m0.3076[0m       0.7358      0.7358        0.8633        0.0000  12.4033
     14      0.9818        0.3161       0.7375      0.7375        0.8613        0.0000  12.5590
     15      [36m0.9870[0m        0.3151       0.7351      0.7351        0.8643        0.0000  12.5694
     16      0.9844        [32m0.3023[0m       0.7345      0.7345        0.8658        0.0000  12.5177
     17      0.9870        0.3095       0.7349      0.7349        0.8652        0.0000  12.6228
Stopping since valid_loss has not improved in the last 11 epochs.
Iteration 6: Test F1 Micro Score: 0.7522569444444445
Iteration 6: Test F1 Macro Score: 0.30445212368169505
Model checkpoint saved to C:\Users\localuserSKSG\Desktop\Shubham\RandomSampling/Multiclass/DinoS/seed_44/model_checkpoint_iteration_5.pt

Iteration 7: Requesting 320 samples.
Re-initializing module.
Re-initializing criterion.
Re-initializing optimizer.
  epoch    train_f1    train_loss    valid_acc    valid_f1    valid_loss    cp      lr      dur
-------  ----------  ------------  -----------  ----------  ------------  ----  ------  -------
      1      [36m0.9091[0m        [32m0.4946[0m       [35m0.7510[0m      [31m0.7510[0m        [94m0.7949[0m     +  0.0000  14.2799
      2      [36m0.9560[0m        [32m0.3872[0m       0.7441      0.7441        0.8005        0.0000  14.1568
      3      [36m0.9631[0m        [32m0.3442[0m       [35m0.7526[0m      [31m0.7526[0m        [94m0.7662[0m     +  0.0000  14.0237
      4      [36m0.9730[0m        [32m0.2970[0m       0.7259      0.7259        0.7977        0.0000  14.0965
      5      [36m0.9844[0m        [32m0.2721[0m       0.7347      0.7347        0.7991        0.0000  13.9670
      6      [36m0.9872[0m        [32m0.2397[0m       [35m0.7806[0m      [31m0.7806[0m        [94m0.7335[0m     +  0.0000  13.8704
      7      [36m0.9915[0m        [32m0.2325[0m       0.7797      0.7797        0.7349        0.0000  13.9173
      8      [36m0.9957[0m        [32m0.2228[0m       0.7781      0.7781        0.7336        0.0000  13.9354
      9      0.9943        [32m0.2201[0m       0.7776      0.7776        0.7356        0.0000  14.0322
     10      0.9929        [32m0.2176[0m       [35m0.7811[0m      [31m0.7811[0m        [94m0.7330[0m     +  0.0000  14.0301
     11      0.9943        [32m0.2135[0m       0.7809      0.7809        0.7355        0.0000  14.2221
     12      0.9957        [32m0.2012[0m       0.7802      0.7802        0.7364        0.0000  14.1802
     13      0.9943        [32m0.2006[0m       [35m0.7823[0m      [31m0.7823[0m        0.7341        0.0000  13.9866
     14      0.9943        0.2148       0.7823      0.7823        0.7349        0.0000  14.1033
     15      0.9943        0.2036       [35m0.7832[0m      [31m0.7832[0m        0.7340        0.0000  13.7809
     16      0.9943        0.2039       0.7821      0.7821        0.7356        0.0000  13.8280
     17      0.9957        [32m0.1987[0m       0.7823      0.7823        0.7362        0.0000  13.9682
     18      0.9929        0.2074       0.7819      0.7819        0.7372        0.0000  14.0924
     19      0.9957        0.2037       0.7812      0.7812        0.7382        0.0000  13.8307
     20      0.9957        0.2020       0.7812      0.7812        0.7379        0.0000  14.0440
Stopping since valid_loss has not improved in the last 11 epochs.
Iteration 7: Test F1 Micro Score: 0.8003472222222222
Iteration 7: Test F1 Macro Score: 0.3595095731807396
Model checkpoint saved to C:\Users\localuserSKSG\Desktop\Shubham\RandomSampling/Multiclass/DinoS/seed_44/model_checkpoint_iteration_6.pt

Iteration 8: Requesting 560 samples.
Re-initializing module.
Re-initializing criterion.
Re-initializing optimizer.
  epoch    train_f1    train_loss    valid_acc    valid_f1    valid_loss    cp      lr      dur
-------  ----------  ------------  -----------  ----------  ------------  ----  ------  -------
      1      [36m0.9343[0m        [32m0.3483[0m       [35m0.8021[0m      [31m0.8021[0m        [94m0.6626[0m     +  0.0000  16.6280
      2      [36m0.9763[0m        [32m0.2448[0m       0.7894      0.7894        0.7002        0.0000  16.6563
      3      [36m0.9818[0m        [32m0.2174[0m       [35m0.8026[0m      [31m0.8026[0m        [94m0.6568[0m     +  0.0000  16.8923
      4      [36m0.9858[0m        [32m0.1926[0m       0.7955      0.7955        0.6967        0.0000  16.6406
      5      [36m0.9866[0m        [32m0.1783[0m       0.7955      0.7955        0.6947        0.0000  16.5989
      6      [36m0.9929[0m        [32m0.1561[0m       0.7870      0.7870        0.7031        0.0000  16.6908
      7      0.9929        [32m0.1494[0m       0.7870      0.7870        0.7082        0.0000  16.6668
      8      [36m0.9937[0m        [32m0.1454[0m       0.7913      0.7913        0.7083        0.0000  16.8133
      9      0.9937        [32m0.1421[0m       0.7915      0.7915        0.7015        0.0000  16.9527
     10      [36m0.9953[0m        [32m0.1377[0m       0.7898      0.7898        0.7152        0.0000  16.8163
     11      0.9945        0.1399       0.7925      0.7925        0.6940        0.0000  16.6785
     12      [36m0.9960[0m        0.1382       0.7964      0.7964        0.6843        0.0000  16.6180
     13      0.9953        [32m0.1351[0m       0.7927      0.7927        0.6892        0.0000  16.8618
Stopping since valid_loss has not improved in the last 11 epochs.
Iteration 8: Test F1 Micro Score: 0.8168402777777777
Iteration 8: Test F1 Macro Score: 0.49117134018966935
Model checkpoint saved to C:\Users\localuserSKSG\Desktop\Shubham\RandomSampling/Multiclass/DinoS/seed_44/model_checkpoint_iteration_7.pt

Iteration 9: Requesting 1000 samples.
Re-initializing module.
Re-initializing criterion.
Re-initializing optimizer.
  epoch    train_f1    train_loss    valid_acc    valid_f1    valid_loss    cp      lr      dur
-------  ----------  ------------  -----------  ----------  ------------  ----  ------  -------
      1      [36m0.9501[0m        [32m0.2890[0m       [35m0.7929[0m      [31m0.7929[0m        [94m0.6941[0m     +  0.0000  21.8883
      2      [36m0.9664[0m        [32m0.2301[0m       [35m0.8028[0m      [31m0.8028[0m        [94m0.6513[0m     +  0.0000  21.6875
      3      [36m0.9748[0m        [32m0.2000[0m       0.7948      0.7948        0.6893        0.0000  21.8762
      4      [36m0.9841[0m        [32m0.1692[0m       0.8002      0.8002        0.7163        0.0000  21.6716
      5      0.9832        [32m0.1513[0m       [35m0.8153[0m      [31m0.8153[0m        0.6775        0.0000  21.7842
      6      [36m0.9854[0m        [32m0.1440[0m       [35m0.8177[0m      [31m0.8177[0m        [94m0.6186[0m     +  0.0000  21.6708
      7      [36m0.9916[0m        [32m0.1267[0m       [35m0.8278[0m      [31m0.8278[0m        [94m0.6046[0m     +  0.0000  21.6562
      8      0.9916        [32m0.1201[0m       [35m0.8286[0m      [31m0.8286[0m        0.6055        0.0000  21.8146
      9      [36m0.9943[0m        [32m0.1169[0m       0.8226      0.8226        0.6222        0.0000  21.7861
     10      [36m0.9947[0m        [32m0.1095[0m       0.8174      0.8174        0.6426        0.0000  21.6110
     11      [36m0.9956[0m        [32m0.1075[0m       0.8196      0.8196        0.6442        0.0000  21.7935
     12      [36m0.9973[0m        [32m0.1047[0m       0.8189      0.8189        0.6406        0.0000  21.7497
     13      0.9973        [32m0.0996[0m       0.8189      0.8189        0.6469        0.0000  21.7559
     14      0.9969        0.1019       0.8215      0.8215        0.6425        0.0000  21.7913
     15      0.9973        0.1001       0.8196      0.8196        0.6437        0.0000  21.7691
     16      [36m0.9987[0m        [32m0.0981[0m       0.8200      0.8200        0.6398        0.0000  21.8837
     17      0.9987        0.0985       0.8205      0.8205        0.6415        0.0000  21.5552
Stopping since valid_loss has not improved in the last 11 epochs.
Iteration 9: Test F1 Micro Score: 0.8328125
Iteration 9: Test F1 Macro Score: 0.4851557318081535
Model checkpoint saved to C:\Users\localuserSKSG\Desktop\Shubham\RandomSampling/Multiclass/DinoS/seed_44/model_checkpoint_iteration_8.pt

Iteration 10: Requesting 1776 samples.
Re-initializing module.
Re-initializing criterion.
Re-initializing optimizer.
  epoch    train_f1    train_loss    valid_acc    valid_f1    valid_loss    cp      lr      dur
-------  ----------  ------------  -----------  ----------  ------------  ----  ------  -------
      1      [36m0.9550[0m        [32m0.2320[0m       [35m0.8082[0m      [31m0.8082[0m        [94m0.5809[0m     +  0.0000  30.4325
      2      [36m0.9668[0m        [32m0.1884[0m       [35m0.8132[0m      [31m0.8132[0m        0.6103        0.0000  30.5576
      3      [36m0.9738[0m        [32m0.1601[0m       0.7932      0.7932        0.6744        0.0000  30.6251
      4      [36m0.9757[0m        [32m0.1417[0m       [35m0.8141[0m      [31m0.8141[0m        0.5964        0.0000  30.8592
      5      [36m0.9824[0m        [32m0.1264[0m       [35m0.8264[0m      [31m0.8264[0m        [94m0.5655[0m     +  0.0000  30.5110
      6      [36m0.9856[0m        [32m0.1128[0m       0.8108      0.8108        0.6292        0.0000  30.4715
      7      [36m0.9906[0m        [32m0.0989[0m       0.8207      0.8207        0.5988        0.0000  30.7319
      8      [36m0.9911[0m        [32m0.0944[0m       [35m0.8290[0m      [31m0.8290[0m        0.5861        0.0000  30.4666
      9      [36m0.9928[0m        [32m0.0857[0m       [35m0.8293[0m      [31m0.8293[0m        0.6051        0.0000  30.6053
     10      [36m0.9948[0m        [32m0.0810[0m       0.8248      0.8248        0.5902        0.0000  30.5986
     11      0.9946        [32m0.0783[0m       0.8196      0.8196        0.6207        0.0000  30.5352
     12      [36m0.9960[0m        [32m0.0749[0m       0.8203      0.8203        0.6208        0.0000  30.6487
     13      0.9960        [32m0.0730[0m       0.8238      0.8238        0.6231        0.0000  30.6406
     14      0.9958        [32m0.0726[0m       0.8238      0.8238        0.6247        0.0000  30.4847
     15      [36m0.9963[0m        [32m0.0710[0m       0.8222      0.8222        0.6253        0.0000  30.5722
Stopping since valid_loss has not improved in the last 11 epochs.
Iteration 10: Test F1 Micro Score: 0.8263888888888888
Iteration 10: Test F1 Macro Score: 0.5087197437244463
Model checkpoint saved to C:\Users\localuserSKSG\Desktop\Shubham\RandomSampling/Multiclass/DinoS/seed_44/model_checkpoint_iteration_9.pt

Iteration 11: Requesting 3160 samples.
Re-initializing module.
Re-initializing criterion.
Re-initializing optimizer.
  epoch    train_f1    train_loss    valid_acc    valid_f1    valid_loss    cp      lr      dur
-------  ----------  ------------  -----------  ----------  ------------  ----  ------  -------
      1      [36m0.9678[0m        [32m0.1730[0m       [35m0.7894[0m      [31m0.7894[0m        [94m0.6437[0m     +  0.0000  45.8506
      2      [36m0.9708[0m        [32m0.1468[0m       [35m0.8172[0m      [31m0.8172[0m        [94m0.5765[0m     +  0.0000  46.4570
      3      [36m0.9746[0m        [32m0.1332[0m       0.8148      0.8148        0.6043        0.0000  46.5019
      4      [36m0.9806[0m        [32m0.1160[0m       0.7936      0.7936        0.6552        0.0000  46.2474
      5      [36m0.9819[0m        [32m0.1021[0m       0.8125      0.8125        0.6255        0.0000  46.1096
      6      [36m0.9854[0m        [32m0.0841[0m       0.8128      0.8128        0.6350        0.0000  46.6814
      7      [36m0.9914[0m        [32m0.0713[0m       0.8083      0.8083        0.6632        0.0000  46.3125
      8      0.9911        [32m0.0662[0m       0.8118      0.8118        0.6719        0.0000  46.0560
      9      [36m0.9931[0m        [32m0.0603[0m       0.8151      0.8151        0.6745        0.0000  46.4529
     10      [36m0.9942[0m        [32m0.0568[0m       0.8137      0.8137        0.6812        0.0000  46.6860
     11      [36m0.9962[0m        [32m0.0493[0m       [35m0.8215[0m      [31m0.8215[0m        0.6758        0.0000  46.0931
     12      [36m0.9967[0m        0.0495       [35m0.8224[0m      [31m0.8224[0m        0.6747        0.0000  45.9928
Stopping since valid_loss has not improved in the last 11 epochs.
Iteration 11: Test F1 Micro Score: 0.8253472222222222
Iteration 11: Test F1 Macro Score: 0.5023565484483921
Model checkpoint saved to C:\Users\localuserSKSG\Desktop\Shubham\RandomSampling/Multiclass/DinoS/seed_44/model_checkpoint_iteration_10.pt

Iteration 12: Requesting 5624 samples.
Re-initializing module.
Re-initializing criterion.
Re-initializing optimizer.
  epoch    train_f1    train_loss    valid_acc    valid_f1    valid_loss    cp      lr      dur
-------  ----------  ------------  -----------  ----------  ------------  ----  ------  -------
      1      [36m0.9628[0m        [32m0.1692[0m       [35m0.8123[0m      [31m0.8123[0m        [94m0.5737[0m     +  0.0000  73.7487
      2      [36m0.9687[0m        [32m0.1422[0m       0.8043      0.8043        0.6351        0.0000  74.1719
      3      [36m0.9745[0m        [32m0.1172[0m       0.7970      0.7970        0.6399        0.0000  74.0153
      4      [36m0.9781[0m        [32m0.1023[0m       0.7925      0.7925        0.6833        0.0000  73.9257
      5      [36m0.9816[0m        [32m0.0866[0m       [35m0.8172[0m      [31m0.8172[0m        0.6137        0.0000  74.3912
      6      [36m0.9871[0m        [32m0.0675[0m       [35m0.8328[0m      [31m0.8328[0m        [94m0.5707[0m     +  0.0000  73.8729
      7      [36m0.9917[0m        [32m0.0551[0m       0.8269      0.8269        0.6181        0.0000  73.9356
      8      [36m0.9931[0m        [32m0.0483[0m       0.8222      0.8222        0.6502        0.0000  73.8274
      9      [36m0.9948[0m        [32m0.0425[0m       0.8234      0.8234        0.6696        0.0000  74.7480
     10      [36m0.9961[0m        [32m0.0377[0m       0.8245      0.8245        0.6878        0.0000  74.3437
     11      [36m0.9973[0m        [32m0.0335[0m       0.8325      0.8325        0.6657        0.0000  74.0194
     12      [36m0.9978[0m        [32m0.0317[0m       0.8319      0.8319        0.6760        0.0000  73.8917
     13      [36m0.9979[0m        [32m0.0302[0m       0.8325      0.8325        0.6811        0.0000  73.7652
     14      [36m0.9981[0m        [32m0.0295[0m       [35m0.8330[0m      [31m0.8330[0m        0.6771        0.0000  74.4984
     15      0.9981        [32m0.0287[0m       [35m0.8342[0m      [31m0.8342[0m        0.6759        0.0000  74.1874
     16      [36m0.9984[0m        [32m0.0275[0m       [35m0.8354[0m      [31m0.8354[0m        0.6802        0.0000  74.3581
Stopping since valid_loss has not improved in the last 11 epochs.
Iteration 12: Test F1 Micro Score: 0.8274305555555556
Iteration 12: Test F1 Macro Score: 0.4979020041992956
Model checkpoint saved to C:\Users\localuserSKSG\Desktop\Shubham\RandomSampling/Multiclass/DinoS/seed_44/model_checkpoint_iteration_11.pt

Iteration 13: Requesting 10000 samples.
Re-initializing module.
Re-initializing criterion.
Re-initializing optimizer.
  epoch    train_f1    train_loss    valid_acc    valid_f1    valid_loss    cp      lr       dur
-------  ----------  ------------  -----------  ----------  ------------  ----  ------  --------
      1      [36m0.9710[0m        [32m0.1199[0m       [35m0.8151[0m      [31m0.8151[0m        [94m0.5756[0m     +  0.0000  124.3412
      2      [36m0.9743[0m        [32m0.1035[0m       [35m0.8212[0m      [31m0.8212[0m        [94m0.5470[0m     +  0.0000  124.5156
      3      [36m0.9776[0m        [32m0.0862[0m       0.8122      0.8122        0.6005        0.0000  124.6154
      4      [36m0.9805[0m        [32m0.0756[0m       0.8063      0.8062        0.6420        0.0000  125.5938
      5      [36m0.9839[0m        [32m0.0637[0m       [35m0.8219[0m      [31m0.8219[0m        0.6418        0.0000  124.8666
      6      [36m0.9891[0m        [32m0.0486[0m       [35m0.8255[0m      [31m0.8255[0m        0.6891        0.0000  124.6117
      7      [36m0.9925[0m        [32m0.0371[0m       0.8231      0.8231        0.7063        0.0000  125.4481
      8      [36m0.9947[0m        [32m0.0313[0m       0.8217      0.8217        0.7247        0.0000  125.0338
      9      [36m0.9958[0m        [32m0.0265[0m       [35m0.8262[0m      [31m0.8262[0m        0.7248        0.0000  125.9258
     10      [36m0.9969[0m        [32m0.0231[0m       0.8260      0.8260        0.7303        0.0000  125.1538
     11      [36m0.9977[0m        [32m0.0190[0m       0.8252      0.8252        0.7731        0.0000  124.6679
     12      [36m0.9982[0m        [32m0.0179[0m       0.8260      0.8260        0.7824        0.0000  125.7929
Stopping since valid_loss has not improved in the last 11 epochs.
Iteration 13: Test F1 Micro Score: 0.8291666666666667
Iteration 13: Test F1 Macro Score: 0.5193285022928279
Model checkpoint saved to C:\Users\localuserSKSG\Desktop\Shubham\RandomSampling/Multiclass/DinoS/seed_44/model_checkpoint_iteration_12.pt

Iteration 14: Requesting all remaining samples.
Re-initializing module.
Re-initializing criterion.
Re-initializing optimizer.
  epoch    train_f1    train_loss    valid_acc    valid_f1    valid_loss    cp      lr       dur
-------  ----------  ------------  -----------  ----------  ------------  ----  ------  --------
      1      [36m0.9730[0m        [32m0.0981[0m       [35m0.8226[0m      [31m0.8226[0m        [94m0.5427[0m     +  0.0000  145.2032
      2      [36m0.9769[0m        [32m0.0835[0m       0.8165      0.8165        0.5973        0.0000  145.2627
      3      [36m0.9807[0m        [32m0.0698[0m       [35m0.8245[0m      [31m0.8245[0m        0.6076        0.0000  145.5559
      4      [36m0.9834[0m        [32m0.0614[0m       0.8231      0.8231        0.6409        0.0000  145.4805
      5      [36m0.9859[0m        [32m0.0541[0m       0.8092      0.8092        0.7368        0.0000  145.7289
      6      [36m0.9908[0m        [32m0.0388[0m       [35m0.8264[0m      [31m0.8264[0m        0.7040        0.0000  146.2813
      7      [36m0.9946[0m        [32m0.0281[0m       0.8226      0.8226        0.7501        0.0000  145.6686
      8      [36m0.9962[0m        [32m0.0223[0m       0.8146      0.8146        0.8096        0.0000  145.9655
      9      [36m0.9973[0m        [32m0.0193[0m       0.8177      0.8177        0.8386        0.0000  145.2013
     10      [36m0.9978[0m        [32m0.0167[0m       0.8151      0.8151        0.9020        0.0000  145.7045
     11      [36m0.9986[0m        [32m0.0139[0m       0.8161      0.8161        0.8951        0.0000  145.4521
Stopping since valid_loss has not improved in the last 11 epochs.
Iteration 14: Test F1 Micro Score: 0.8352430555555554
Iteration 14: Test F1 Macro Score: 0.5048845313310883
Model checkpoint saved to C:\Users\localuserSKSG\Desktop\Shubham\RandomSampling/Multiclass/DinoS/seed_44/model_checkpoint_iteration_13.pt
Pickle file saved to C:\Users\localuserSKSG\Desktop\Shubham\RandomSampling/Multiclass/DinoS/seed_44\random_sampling_results_for_multilabel_classification_s44.pickle
