Adjusted shapes after loading:
X_initial_np: (8, 224, 224, 3), y_initial_np: (8, 3)
X_pool_np: (26872, 224, 224, 3), y_pool_np: (26872, 3)
X_test_np: (5760, 224, 224, 3), y_test_np: (5760, 3)
X_val_np: (5760, 224, 224, 3), y_val_np: (5760, 3)

Iteration 1: Using initial samples.
  epoch    train_f1    train_loss    valid_acc    valid_f1    valid_loss    cp      lr      dur
-------  ----------  ------------  -----------  ----------  ------------  ----  ------  -------
      1      [36m0.5556[0m        [32m0.6869[0m       [35m0.2349[0m      [31m0.5648[0m        [94m0.6892[0m     +  0.0001  12.1563
      2      [36m0.6313[0m        0.6994       0.0997      0.3476        [94m0.6785[0m     +  0.0001  10.6405
      3      0.5945        [32m0.6623[0m       0.1566      0.4336        [94m0.6757[0m     +  0.0001  10.7194
      4      [36m0.7130[0m        [32m0.5900[0m       [35m0.2663[0m      0.3519        [94m0.6747[0m     +  0.0001  10.8024
      5      [36m0.8796[0m        0.6231       0.1536      0.5009        0.7018        0.0001  10.8749
      6      0.6985        0.6312       0.1727      0.4538        0.6888        0.0000  10.8564
      7      0.8130        0.6034       0.2568      0.4692        0.6791        0.0000  10.9104
      8      0.7857        [32m0.5544[0m       0.2562      0.4766        0.6772        0.0000  10.8653
      9      0.7424        [32m0.5443[0m       0.2564      0.4699        [94m0.6719[0m     +  0.0000  10.9330
     10      0.7857        [32m0.5361[0m       [35m0.2686[0m      0.4721        [94m0.6710[0m     +  0.0000  10.9400
     11      0.7500        0.5526       [35m0.2759[0m      0.4746        [94m0.6704[0m     +  0.0000  10.8907
     12      0.8333        [32m0.5334[0m       0.2747      0.4741        0.6718        0.0000  10.7825
     13      0.6905        0.5616       0.2738      0.4740        0.6723        0.0000  10.8244
     14      0.7500        0.5547       0.2736      0.4726        0.6712        0.0000  10.9850
     15      0.7857        [32m0.5206[0m       [35m0.2766[0m      0.4738        0.6714        0.0000  10.9709
     16      0.8426        [32m0.4995[0m       0.2759      0.4721        0.6707        0.0000  10.8408
     17      0.7857        0.5310       0.2759      0.4730        0.6708        0.0000  10.9488
     18      0.8333        0.5341       0.2760      0.4723        [94m0.6704[0m     +  0.0000  10.8142
     19      0.7857        0.5084       [35m0.2767[0m      0.4746        [94m0.6703[0m     +  0.0000  10.9667
     20      0.7963        [32m0.4736[0m       0.2767      0.4747        [94m0.6702[0m     +  0.0000  10.9219
     21      0.7857        0.5279       0.2753      0.4744        0.6703        0.0000  10.8447
     22      0.8796        0.5139       0.2759      0.4732        [94m0.6700[0m     +  0.0000  10.9388
     23      0.7685        0.5104       0.2757      0.4727        [94m0.6700[0m     +  0.0000  10.8158
     24      0.7222        0.5279       0.2752      0.4741        0.6703        0.0000  10.9545
     25      0.7857        0.5278       0.2755      0.4739        0.6702        0.0000  10.9669
     26      0.7857        0.5162       0.2753      0.4739        0.6701        0.0000  10.9377
     27      0.8333        0.5214       0.2752      0.4736        0.6701        0.0000  11.0783
     28      0.8333        0.4963       0.2752      0.4741        0.6701        0.0000  10.8883
     29      0.7667        0.5383       0.2748      0.4741        0.6701        0.0000  10.9267
     30      0.8426        0.5036       0.2748      0.4744        0.6701        0.0000  11.0355
     31      0.7857        0.4833       0.2748      0.4744        0.6701        0.0000  10.5464
     32      0.7963        0.5281       0.2750      0.4744        0.6701        0.0000  10.9512
Stopping since valid_loss has not improved in the last 11 epochs.
Iteration 1: Test F1 Micro Score: 0.492802338326635
Iteration 1: Test F1 Macro Score: 0.4914108927412058
Model checkpoint saved to C:\Users\localuserSKSG\Desktop\Shubham\RandomSampling/Multilabel/DinoS/seed_46_config2/model_checkpoint_iteration_0.pt

Iteration 2: Requesting 16 samples.
Re-initializing module.
Re-initializing criterion.
Re-initializing optimizer.
  epoch    train_f1    train_loss    valid_acc    valid_f1    valid_loss    cp      lr      dur
-------  ----------  ------------  -----------  ----------  ------------  ----  ------  -------
      1      [36m0.6512[0m        [32m0.5475[0m       [35m0.3967[0m      [31m0.2279[0m        [94m0.6379[0m     +  0.0001  10.8904
      2      0.4275        0.5682       0.3880      [31m0.2352[0m        [94m0.6201[0m     +  0.0001  10.9203
      3      0.3917        [32m0.5365[0m       0.3802      [31m0.3122[0m        [94m0.6034[0m     +  0.0001  11.0171
      4      0.5556        [32m0.4656[0m       0.3868      [31m0.3431[0m        [94m0.5854[0m     +  0.0001  10.8879
      5      [36m0.7294[0m        [32m0.4042[0m       0.3899      0.3287        [94m0.5781[0m     +  0.0001  10.9012
      6      0.5412        0.4196       0.3903      [31m0.3553[0m        [94m0.5695[0m     +  0.0000  10.9719
      7      0.6197        [32m0.3921[0m       0.3939      [31m0.3675[0m        [94m0.5602[0m     +  0.0000  11.1140
      8      0.6556        0.4102       [35m0.4028[0m      [31m0.3701[0m        [94m0.5541[0m     +  0.0000  10.9378
      9      0.6368        [32m0.3904[0m       [35m0.4049[0m      [31m0.3794[0m        [94m0.5476[0m     +  0.0000  11.0152
     10      0.7190        [32m0.3743[0m       [35m0.4069[0m      [31m0.4103[0m        [94m0.5394[0m     +  0.0000  10.9285
     11      0.7037        [32m0.3613[0m       [35m0.4076[0m      [31m0.4288[0m        [94m0.5355[0m     +  0.0000  10.9038
     12      [36m0.8082[0m        0.3703       [35m0.4102[0m      [31m0.4397[0m        [94m0.5326[0m     +  0.0000  11.0235
     13      0.8078        0.3650       [35m0.4141[0m      [31m0.4517[0m        [94m0.5309[0m     +  0.0000  11.0007
     14      0.7696        [32m0.3463[0m       0.4123      [31m0.4616[0m        [94m0.5281[0m     +  0.0000  11.2686
     15      0.8047        0.3481       [35m0.4167[0m      [31m0.4658[0m        [94m0.5260[0m     +  0.0000  11.0542
     16      [36m0.8563[0m        [32m0.3434[0m       [35m0.4172[0m      [31m0.4694[0m        [94m0.5250[0m     +  0.0000  10.9342
     17      0.8491        [32m0.3326[0m       [35m0.4184[0m      [31m0.4729[0m        [94m0.5244[0m     +  0.0000  11.0771
     18      0.8450        [32m0.3320[0m       0.4175      [31m0.4791[0m        [94m0.5234[0m     +  0.0000  10.9824
     19      [36m0.8723[0m        [32m0.3176[0m       0.4181      0.4787        [94m0.5230[0m     +  0.0000  10.9424
     20      0.7563        0.3371       [35m0.4200[0m      [31m0.4834[0m        [94m0.5226[0m     +  0.0000  11.0092
     21      0.8645        0.3222       [35m0.4203[0m      [31m0.4836[0m        [94m0.5224[0m     +  0.0000  10.8929
     22      0.8685        0.3180       [35m0.4207[0m      [31m0.4846[0m        [94m0.5220[0m     +  0.0000  10.9532
     23      0.8333        [32m0.3156[0m       [35m0.4214[0m      [31m0.4851[0m        [94m0.5218[0m     +  0.0000  10.8248
     24      [36m0.9122[0m        0.3213       [35m0.4220[0m      0.4849        [94m0.5216[0m     +  0.0000  11.0002
     25      0.7963        0.3306       0.4219      [31m0.4855[0m        [94m0.5213[0m     +  0.0000  10.6864
     26      0.8296        0.3280       0.4219      [31m0.4859[0m        [94m0.5211[0m     +  0.0000  10.9155
     27      0.7852        0.3372       [35m0.4222[0m      [31m0.4863[0m        [94m0.5210[0m     +  0.0000  11.0156
     28      0.7912        0.3328       0.4222      [31m0.4874[0m        [94m0.5208[0m     +  0.0000  10.9093
     29      0.7788        0.3515       [35m0.4229[0m      [31m0.4877[0m        [94m0.5207[0m     +  0.0000  11.0123
     30      0.8855        0.3246       [35m0.4233[0m      [31m0.4883[0m        [94m0.5207[0m     +  0.0000  10.9162
     31      0.8600        [32m0.3117[0m       0.4233      0.4883        [94m0.5206[0m     +  0.0000  10.7812
     32      0.7407        0.3202       0.4229      [31m0.4886[0m        [94m0.5206[0m     +  0.0000  11.0796
     33      0.7852        0.3383       0.4233      [31m0.4887[0m        [94m0.5205[0m     +  0.0000  10.8918
     34      0.8563        0.3378       0.4229      [31m0.4892[0m        [94m0.5205[0m     +  0.0000  10.9297
     35      0.7563        0.3369       0.4229      [31m0.4896[0m        [94m0.5204[0m     +  0.0000  10.9710
     36      0.8771        [32m0.3103[0m       0.4229      [31m0.4897[0m        [94m0.5204[0m     +  0.0000  11.0331
     37      0.8450        0.3231       0.4229      [31m0.4897[0m        [94m0.5204[0m     +  0.0000  10.8906
     38      0.7602        0.3306       0.4229      0.4897        [94m0.5204[0m     +  0.0000  10.9681
     39      0.9009        0.3314       0.4229      0.4897        [94m0.5203[0m     +  0.0000  10.9376
     40      0.8119        0.3332       0.4229      0.4897        [94m0.5203[0m     +  0.0000  10.9268
     41      0.8563        0.3199       0.4229      [31m0.4900[0m        [94m0.5203[0m     +  0.0000  11.0410
     42      0.8296        0.3405       0.4229      0.4900        [94m0.5203[0m     +  0.0000  11.0082
     43      0.8563        0.3400       0.4229      0.4900        [94m0.5203[0m     +  0.0000  10.9051
     44      0.9009        0.3218       0.4229      0.4900        [94m0.5203[0m     +  0.0000  11.0309
     45      0.8927        0.3116       0.4229      0.4900        [94m0.5203[0m     +  0.0000  10.9821
     46      0.8006        0.3224       0.4229      0.4900        [94m0.5203[0m     +  0.0000  10.9884
     47      0.9087        0.3287       0.4229      0.4900        [94m0.5203[0m     +  0.0000  10.9053
     48      0.7963        0.3243       0.4229      0.4900        [94m0.5203[0m     +  0.0000  11.0308
     49      0.8487        0.3288       0.4229      0.4900        [94m0.5203[0m     +  0.0000  10.8758
     50      0.9122        0.3268       0.4229      0.4900        [94m0.5203[0m     +  0.0000  10.8917
     51      0.8788        [32m0.3037[0m       0.4229      0.4900        [94m0.5203[0m     +  0.0000  10.9096
     52      0.6154        0.3305       0.4229      0.4900        [94m0.5203[0m     +  0.0000  10.8271
     53      0.8528        0.3174       0.4229      0.4900        [94m0.5203[0m     +  0.0000  10.7836
     54      0.8442        0.3352       0.4229      0.4900        [94m0.5203[0m     +  0.0000  10.8092
     55      0.6693        0.3486       0.4229      0.4900        [94m0.5203[0m     +  0.0000  10.9679
     56      0.8201        0.3386       0.4229      0.4900        [94m0.5203[0m     +  0.0000  11.0560
     57      0.7758        0.3162       0.4229      0.4900        [94m0.5203[0m     +  0.0000  10.9053
Stopping since valid_loss has not improved in the last 11 epochs.
Iteration 2: Test F1 Micro Score: 0.5389437689969605
Iteration 2: Test F1 Macro Score: 0.4658029144103531
Model checkpoint saved to C:\Users\localuserSKSG\Desktop\Shubham\RandomSampling/Multilabel/DinoS/seed_46_config2/model_checkpoint_iteration_1.pt

Iteration 3: Requesting 32 samples.
Re-initializing module.
Re-initializing criterion.
Re-initializing optimizer.
  epoch    train_f1    train_loss    valid_acc    valid_f1    valid_loss    cp      lr      dur
-------  ----------  ------------  -----------  ----------  ------------  ----  ------  -------
      1      [36m0.6057[0m        [32m0.4815[0m       [35m0.5613[0m      [31m0.7536[0m        [94m0.4311[0m     +  0.0001  10.9067
      2      [36m0.8282[0m        [32m0.3744[0m       [35m0.5814[0m      [31m0.7871[0m        [94m0.3875[0m     +  0.0001  10.9797
      3      [36m0.8489[0m        [32m0.3443[0m       [35m0.6323[0m      0.7662        [94m0.3632[0m     +  0.0001  11.0464
      4      [36m0.8558[0m        [32m0.2855[0m       [35m0.6424[0m      0.7679        [94m0.3520[0m     +  0.0001  10.9358
      5      [36m0.8781[0m        [32m0.2553[0m       0.6179      0.6858        0.3776        0.0001  10.9065
      6      0.8704        [32m0.2375[0m       0.6391      [31m0.7932[0m        [94m0.3305[0m     +  0.0000  10.9745
      7      [36m0.9126[0m        [32m0.2142[0m       0.6406      [31m0.7945[0m        [94m0.3279[0m     +  0.0000  10.9743
      8      0.9042        0.2185       [35m0.6455[0m      0.7869        [94m0.3246[0m     +  0.0000  10.9817
      9      0.9106        [32m0.1996[0m       [35m0.6490[0m      [31m0.7965[0m        [94m0.3219[0m     +  0.0000  10.9014
     10      [36m0.9574[0m        [32m0.1972[0m       0.6464      0.7952        [94m0.3194[0m     +  0.0000  10.8617
     11      0.9070        0.1998       0.6462      [31m0.7974[0m        0.3201        0.0000  11.1405
     12      0.9087        0.2056       0.6470      0.7955        0.3194        0.0000  11.0327
     13      0.9135        0.1984       0.6477      [31m0.7974[0m        0.3195        0.0000  10.8608
     14      0.9096        0.2015       [35m0.6491[0m      0.7964        [94m0.3184[0m     +  0.0000  10.9593
     15      0.9436        [32m0.1874[0m       0.6483      0.7963        [94m0.3182[0m     +  0.0000  10.8097
     16      0.9367        [32m0.1749[0m       0.6477      0.7963        [94m0.3178[0m     +  0.0000  10.9162
     17      0.9489        0.1750       0.6465      0.7960        [94m0.3175[0m     +  0.0000  10.9073
     18      0.9049        0.1977       0.6458      0.7962        [94m0.3174[0m     +  0.0000  11.0188
     19      [36m0.9628[0m        0.1759       0.6477      0.7961        [94m0.3172[0m     +  0.0000  11.0001
     20      0.9413        0.1794       0.6469      0.7963        [94m0.3172[0m     +  0.0000  10.9216
     21      0.9373        [32m0.1684[0m       0.6458      0.7960        [94m0.3172[0m     +  0.0000  10.9821
     22      [36m0.9685[0m        [32m0.1677[0m       0.6467      0.7960        [94m0.3170[0m     +  0.0000  10.9692
     23      0.9271        0.1841       0.6469      0.7958        [94m0.3169[0m     +  0.0000  10.8580
     24      0.9599        [32m0.1662[0m       0.6469      0.7958        [94m0.3168[0m     +  0.0000  11.0674
     25      0.9373        0.1773       0.6467      0.7960        0.3169        0.0000  10.8443
     26      0.9106        0.1837       0.6465      0.7959        0.3169        0.0000  10.9035
     27      0.9369        0.1748       0.6465      0.7962        0.3169        0.0000  10.8633
     28      0.9421        0.1788       0.6472      0.7959        [94m0.3168[0m     +  0.0000  11.0769
     29      0.9308        0.1771       0.6470      0.7958        [94m0.3168[0m     +  0.0000  10.8739
     30      0.9292        0.1760       0.6472      0.7959        0.3168        0.0000  10.8662
     31      0.9369        0.1797       0.6470      0.7959        0.3168        0.0000  10.6696
     32      [36m0.9714[0m        0.1701       0.6472      0.7959        0.3168        0.0000  10.9228
     33      0.9388        0.1781       0.6470      0.7959        0.3168        0.0000  10.8870
     34      0.9336        0.1892       0.6470      0.7959        0.3168        0.0000  10.9528
Stopping since valid_loss has not improved in the last 11 epochs.
Iteration 3: Test F1 Micro Score: 0.8350215940321948
Iteration 3: Test F1 Macro Score: 0.821421676489512
Model checkpoint saved to C:\Users\localuserSKSG\Desktop\Shubham\RandomSampling/Multilabel/DinoS/seed_46_config2/model_checkpoint_iteration_2.pt

Iteration 4: Requesting 56 samples.
Re-initializing module.
Re-initializing criterion.
Re-initializing optimizer.
  epoch    train_f1    train_loss    valid_acc    valid_f1    valid_loss    cp      lr      dur
-------  ----------  ------------  -----------  ----------  ------------  ----  ------  -------
      1      [36m0.8205[0m        [32m0.2831[0m       [35m0.6115[0m      [31m0.6362[0m        [94m0.3947[0m     +  0.0001  11.1303
      2      [36m0.8440[0m        [32m0.2470[0m       [35m0.6403[0m      [31m0.7079[0m        [94m0.3472[0m     +  0.0001  10.9843
      3      [36m0.8767[0m        [32m0.2099[0m       [35m0.6457[0m      [31m0.7191[0m        [94m0.3371[0m     +  0.0001  11.0953
      4      [36m0.8824[0m        [32m0.1925[0m       [35m0.6693[0m      [31m0.7766[0m        [94m0.3019[0m     +  0.0001  11.0173
      5      [36m0.8888[0m        0.1926       [35m0.6740[0m      [31m0.7825[0m        0.3043        0.0001  11.1728
      6      [36m0.8954[0m        [32m0.1681[0m       [35m0.6887[0m      [31m0.8118[0m        [94m0.2855[0m     +  0.0000  11.0639
      7      [36m0.9020[0m        [32m0.1579[0m       0.6865      [31m0.8131[0m        [94m0.2827[0m     +  0.0000  10.9415
      8      [36m0.9217[0m        0.1649       0.6859      [31m0.8157[0m        0.2851        0.0000  10.9844
      9      0.9107        0.1719       [35m0.6889[0m      0.8146        [94m0.2821[0m     +  0.0000  11.2263
     10      0.8978        [32m0.1528[0m       0.6873      0.8147        [94m0.2811[0m     +  0.0000  11.1896
     11      0.9133        [32m0.1455[0m       0.6880      [31m0.8168[0m        0.2819        0.0000  11.0335
     12      0.9043        0.1530       0.6875      [31m0.8176[0m        0.2826        0.0000  10.9550
     13      0.9034        0.1606       0.6872      0.8170        0.2823        0.0000  11.2292
     14      0.9205        0.1474       [35m0.6892[0m      [31m0.8198[0m        0.2818        0.0000  11.1474
     15      0.8990        0.1539       0.6877      0.8184        [94m0.2808[0m     +  0.0000  11.1292
     16      0.9194        0.1489       0.6872      0.8178        0.2815        0.0000  11.1146
     17      0.9155        0.1478       0.6885      0.8190        0.2822        0.0000  11.2767
     18      [36m0.9264[0m        0.1461       0.6880      0.8191        0.2818        0.0000  11.0312
     19      0.9219        [32m0.1438[0m       0.6887      0.8194        0.2820        0.0000  11.0986
     20      0.9012        0.1446       0.6880      0.8191        0.2814        0.0000  11.1270
     21      [36m0.9308[0m        [32m0.1383[0m       0.6882      0.8186        0.2813        0.0000  11.1684
     22      0.9146        0.1455       0.6880      0.8187        0.2814        0.0000  11.2011
     23      0.9105        0.1469       0.6887      0.8192        0.2814        0.0000  11.0301
     24      0.8844        0.1518       [35m0.6894[0m      0.8195        0.2811        0.0000  11.0592
     25      0.9213        0.1440       [35m0.6896[0m      [31m0.8200[0m        0.2812        0.0000  11.2092
Stopping since valid_loss has not improved in the last 11 epochs.
Iteration 4: Test F1 Micro Score: 0.8618680107103481
Iteration 4: Test F1 Macro Score: 0.8464694480774729
Model checkpoint saved to C:\Users\localuserSKSG\Desktop\Shubham\RandomSampling/Multilabel/DinoS/seed_46_config2/model_checkpoint_iteration_3.pt

Iteration 5: Requesting 96 samples.
Re-initializing module.
Re-initializing criterion.
Re-initializing optimizer.
  epoch    train_f1    train_loss    valid_acc    valid_f1    valid_loss    cp      lr      dur
-------  ----------  ------------  -----------  ----------  ------------  ----  ------  -------
      1      [36m0.8332[0m        [32m0.2718[0m       [35m0.6648[0m      [31m0.8263[0m        [94m0.3060[0m     +  0.0001  11.4136
      2      [36m0.8467[0m        [32m0.2220[0m       [35m0.6837[0m      [31m0.8324[0m        [94m0.2799[0m     +  0.0001  11.2674
      3      [36m0.8722[0m        [32m0.2029[0m       [35m0.6889[0m      [31m0.8326[0m        [94m0.2779[0m     +  0.0001  11.3125
      4      [36m0.8868[0m        [32m0.1845[0m       [35m0.7002[0m      [31m0.8356[0m        [94m0.2761[0m     +  0.0001  11.4147
      5      0.8824        [32m0.1833[0m       0.6865      0.8322        0.2873        0.0001  11.2994
      6      [36m0.8943[0m        [32m0.1633[0m       [35m0.7076[0m      0.8333        [94m0.2562[0m     +  0.0000  11.0466
      7      [36m0.9014[0m        [32m0.1598[0m       [35m0.7106[0m      0.8336        0.2564        0.0000  11.3274
      8      [36m0.9065[0m        [32m0.1511[0m       0.7085      0.8319        [94m0.2556[0m     +  0.0000  11.2354
      9      [36m0.9070[0m        0.1566       [35m0.7113[0m      0.8348        0.2646        0.0000  11.1320
     10      0.9029        0.1561       [35m0.7125[0m      0.8348        0.2580        0.0000  11.1247
     11      [36m0.9124[0m        0.1538       0.7125      0.8308        [94m0.2531[0m     +  0.0000  11.4058
     12      [36m0.9207[0m        [32m0.1435[0m       [35m0.7130[0m      0.8310        [94m0.2520[0m     +  0.0000  11.4566
     13      0.9023        0.1474       0.7118      0.8303        0.2529        0.0000  11.3753
     14      0.9078        0.1446       0.7108      0.8299        0.2542        0.0000  11.1576
     15      0.9145        0.1469       0.7102      0.8305        0.2532        0.0000  11.3457
     16      0.9132        0.1439       0.7113      0.8303        0.2534        0.0000  11.2142
     17      [36m0.9208[0m        [32m0.1386[0m       0.7106      0.8293        0.2532        0.0000  11.3261
     18      0.9185        0.1410       0.7108      0.8298        0.2538        0.0000  11.2632
     19      0.9085        0.1439       0.7104      0.8292        0.2529        0.0000  11.3411
     20      [36m0.9264[0m        [32m0.1366[0m       0.7111      0.8290        0.2531        0.0000  11.2564
     21      0.9130        0.1414       0.7115      0.8293        0.2533        0.0000  11.2316
     22      0.9067        0.1419       0.7116      0.8294        0.2533        0.0000  11.3780
Stopping since valid_loss has not improved in the last 11 epochs.
Iteration 5: Test F1 Micro Score: 0.8760253105226155
Iteration 5: Test F1 Macro Score: 0.8600846351787966
Model checkpoint saved to C:\Users\localuserSKSG\Desktop\Shubham\RandomSampling/Multilabel/DinoS/seed_46_config2/model_checkpoint_iteration_4.pt

Iteration 6: Requesting 176 samples.
Re-initializing module.
Re-initializing criterion.
Re-initializing optimizer.
  epoch    train_f1    train_loss    valid_acc    valid_f1    valid_loss    cp      lr      dur
-------  ----------  ------------  -----------  ----------  ------------  ----  ------  -------
      1      [36m0.8710[0m        [32m0.2097[0m       [35m0.7033[0m      [31m0.7954[0m        [94m0.2682[0m     +  0.0001  11.7022
      2      [36m0.8847[0m        [32m0.1788[0m       [35m0.7073[0m      0.7923        [94m0.2636[0m     +  0.0001  11.7185
      3      [36m0.8910[0m        [32m0.1721[0m       [35m0.7271[0m      [31m0.8127[0m        [94m0.2514[0m     +  0.0001  11.3947
      4      [36m0.8986[0m        [32m0.1631[0m       [35m0.7288[0m      [31m0.8139[0m        [94m0.2444[0m     +  0.0001  11.6719
      5      0.8975        [32m0.1577[0m       0.7241      0.8118        0.2494        0.0001  11.6214
      6      [36m0.9126[0m        [32m0.1440[0m       [35m0.7368[0m      [31m0.8325[0m        [94m0.2375[0m     +  0.0000  11.7500
      7      0.9115        [32m0.1424[0m       0.7368      0.8319        [94m0.2340[0m     +  0.0000  11.6090
      8      [36m0.9144[0m        [32m0.1346[0m       [35m0.7372[0m      [31m0.8357[0m        [94m0.2339[0m     +  0.0000  11.5634
      9      [36m0.9241[0m        [32m0.1302[0m       [35m0.7394[0m      [31m0.8376[0m        [94m0.2320[0m     +  0.0000  11.7362
     10      [36m0.9257[0m        0.1365       0.7352      0.8296        0.2328        0.0000  11.4520
     11      [36m0.9274[0m        [32m0.1282[0m       0.7387      [31m0.8382[0m        [94m0.2319[0m     +  0.0000  11.7966
     12      0.9228        0.1299       0.7392      [31m0.8398[0m        [94m0.2319[0m     +  0.0000  11.8126
     13      [36m0.9307[0m        [32m0.1241[0m       0.7387      [31m0.8406[0m        0.2325        0.0000  11.6253
     14      0.9201        0.1300       0.7380      [31m0.8408[0m        0.2323        0.0000  11.7502
     15      0.9140        [32m0.1236[0m       0.7387      [31m0.8419[0m        0.2324        0.0000  11.3889
     16      [36m0.9325[0m        [32m0.1167[0m       0.7377      [31m0.8431[0m        0.2337        0.0000  11.5459
     17      0.9301        0.1218       0.7378      0.8429        0.2338        0.0000  11.7112
     18      0.9310        0.1218       0.7373      0.8428        0.2334        0.0000  11.5261
     19      [36m0.9353[0m        [32m0.1145[0m       0.7382      [31m0.8435[0m        0.2329        0.0000  11.5971
     20      0.9255        0.1224       0.7373      0.8435        0.2321        0.0000  11.6172
     21      0.9236        0.1236       0.7366      0.8432        0.2322        0.0000  11.5966
     22      0.9307        0.1183       0.7356      [31m0.8436[0m        0.2323        0.0000  11.6875
Stopping since valid_loss has not improved in the last 11 epochs.
Iteration 6: Test F1 Micro Score: 0.8851584562284278
Iteration 6: Test F1 Macro Score: 0.8678299921901694
Model checkpoint saved to C:\Users\localuserSKSG\Desktop\Shubham\RandomSampling/Multilabel/DinoS/seed_46_config2/model_checkpoint_iteration_5.pt

Iteration 7: Requesting 320 samples.
Re-initializing module.
Re-initializing criterion.
Re-initializing optimizer.
  epoch    train_f1    train_loss    valid_acc    valid_f1    valid_loss    cp      lr      dur
-------  ----------  ------------  -----------  ----------  ------------  ----  ------  -------
      1      [36m0.8792[0m        [32m0.2036[0m       [35m0.7227[0m      [31m0.8069[0m        [94m0.2390[0m     +  0.0001  12.4040
      2      [36m0.8871[0m        [32m0.1743[0m       [35m0.7292[0m      [31m0.8148[0m        [94m0.2368[0m     +  0.0001  12.3312
      3      [36m0.8952[0m        [32m0.1598[0m       [35m0.7333[0m      [31m0.8163[0m        [94m0.2358[0m     +  0.0001  12.1406
      4      [36m0.9018[0m        [32m0.1538[0m       [35m0.7410[0m      [31m0.8240[0m        [94m0.2348[0m     +  0.0001  12.2762
      5      [36m0.9037[0m        [32m0.1532[0m       [35m0.7417[0m      [31m0.8243[0m        0.2358        0.0001  12.2999
      6      [36m0.9098[0m        [32m0.1342[0m       [35m0.7458[0m      [31m0.8263[0m        0.2378        0.0000  12.0949
      7      [36m0.9195[0m        [32m0.1339[0m       [35m0.7474[0m      [31m0.8267[0m        0.2390        0.0000  12.3087
      8      [36m0.9218[0m        0.1358       [35m0.7486[0m      [31m0.8331[0m        0.2369        0.0000  12.1393
      9      0.9195        [32m0.1328[0m       [35m0.7533[0m      0.8313        0.2364        0.0000  12.3149
     10      [36m0.9249[0m        [32m0.1264[0m       0.7514      0.8325        0.2391        0.0000  12.3283
     11      [36m0.9314[0m        [32m0.1215[0m       0.7479      [31m0.8375[0m        [94m0.2346[0m     +  0.0000  12.0947
     12      [36m0.9324[0m        [32m0.1157[0m       0.7497      [31m0.8397[0m        [94m0.2345[0m     +  0.0000  12.3290
     13      [36m0.9349[0m        0.1161       0.7470      0.8378        0.2369        0.0000  12.1108
     14      [36m0.9382[0m        [32m0.1151[0m       0.7490      [31m0.8413[0m        0.2356        0.0000  12.1672
     15      0.9275        0.1184       0.7505      [31m0.8418[0m        [94m0.2341[0m     +  0.0000  12.5039
     16      0.9303        0.1174       0.7507      [31m0.8424[0m        [94m0.2330[0m     +  0.0000  12.0808
     17      0.9318        0.1162       0.7509      [31m0.8429[0m        [94m0.2329[0m     +  0.0000  12.2800
     18      0.9341        [32m0.1121[0m       0.7509      [31m0.8447[0m        [94m0.2325[0m     +  0.0000  12.2667
     19      0.9365        [32m0.1098[0m       0.7503      0.8429        0.2329        0.0000  12.2278
     20      0.9352        0.1104       0.7498      0.8447        0.2328        0.0000  12.0794
     21      0.9335        0.1127       0.7498      0.8437        [94m0.2323[0m     +  0.0000  12.1756
     22      0.9358        0.1116       0.7503      [31m0.8455[0m        [94m0.2317[0m     +  0.0000  12.2767
     23      [36m0.9388[0m        0.1105       0.7497      0.8435        0.2322        0.0000  12.2191
     24      0.9340        0.1118       0.7502      0.8453        0.2321        0.0000  12.1564
     25      0.9328        0.1110       0.7498      0.8454        0.2322        0.0000  12.2062
     26      0.9368        0.1114       0.7490      [31m0.8457[0m        0.2323        0.0000  12.2612
     27      0.9366        0.1103       0.7497      [31m0.8458[0m        0.2322        0.0000  12.4177
     28      0.9381        [32m0.1069[0m       0.7498      [31m0.8461[0m        0.2322        0.0000  12.3523
     29      0.9322        0.1124       0.7495      0.8456        0.2320        0.0000  12.1718
     30      0.9349        0.1121       0.7495      0.8454        0.2320        0.0000  12.2657
     31      [36m0.9406[0m        0.1102       0.7495      0.8455        0.2321        0.0000  12.3419
     32      0.9378        0.1089       0.7491      0.8454        0.2321        0.0000  12.1925
Stopping since valid_loss has not improved in the last 11 epochs.
Iteration 7: Test F1 Micro Score: 0.8944700101396147
Iteration 7: Test F1 Macro Score: 0.8793604650336233
Model checkpoint saved to C:\Users\localuserSKSG\Desktop\Shubham\RandomSampling/Multilabel/DinoS/seed_46_config2/model_checkpoint_iteration_6.pt

Iteration 8: Requesting 560 samples.
Re-initializing module.
Re-initializing criterion.
Re-initializing optimizer.
  epoch    train_f1    train_loss    valid_acc    valid_f1    valid_loss    cp      lr      dur
-------  ----------  ------------  -----------  ----------  ------------  ----  ------  -------
      1      [36m0.8975[0m        [32m0.1678[0m       [35m0.7458[0m      [31m0.8519[0m        [94m0.2206[0m     +  0.0001  13.5498
      2      [36m0.9207[0m        [32m0.1441[0m       [35m0.7497[0m      [31m0.8557[0m        [94m0.2120[0m     +  0.0001  13.4264
      3      [36m0.9233[0m        [32m0.1312[0m       0.7394      [31m0.8565[0m        0.2215        0.0001  13.2780
      4      0.9213        [32m0.1299[0m       0.7491      0.8547        0.2128        0.0001  13.3617
      5      [36m0.9267[0m        [32m0.1262[0m       [35m0.7519[0m      [31m0.8598[0m        0.2219        0.0001  13.4062
      6      [36m0.9360[0m        [32m0.1144[0m       [35m0.7536[0m      0.8539        0.2310        0.0000  13.5338
      7      [36m0.9378[0m        [32m0.1143[0m       [35m0.7557[0m      0.8586        0.2203        0.0000  13.4419
      8      0.9363        [32m0.1101[0m       [35m0.7618[0m      [31m0.8624[0m        0.2240        0.0000  13.4853
      9      [36m0.9385[0m        [32m0.1083[0m       0.7564      0.8593        0.2256        0.0000  13.6094
     10      [36m0.9466[0m        [32m0.1051[0m       0.7594      0.8610        0.2233        0.0000  13.1285
     11      0.9453        [32m0.0989[0m       0.7569      0.8511        0.2257        0.0000  13.5920
     12      0.9415        0.1038       0.7587      0.8546        0.2244        0.0000  13.4085
Stopping since valid_loss has not improved in the last 11 epochs.
Iteration 8: Test F1 Micro Score: 0.8974318325935321
Iteration 8: Test F1 Macro Score: 0.8843009947610422
Model checkpoint saved to C:\Users\localuserSKSG\Desktop\Shubham\RandomSampling/Multilabel/DinoS/seed_46_config2/model_checkpoint_iteration_7.pt

Iteration 9: Requesting 1000 samples.
Re-initializing module.
Re-initializing criterion.
Re-initializing optimizer.
  epoch    train_f1    train_loss    valid_acc    valid_f1    valid_loss    cp      lr      dur
-------  ----------  ------------  -----------  ----------  ------------  ----  ------  -------
      1      [36m0.9096[0m        [32m0.1560[0m       [35m0.7516[0m      [31m0.8558[0m        [94m0.2223[0m     +  0.0001  15.3434
      2      [36m0.9183[0m        [32m0.1397[0m       [35m0.7580[0m      [31m0.8602[0m        [94m0.2165[0m     +  0.0001  15.4713
      3      [36m0.9211[0m        [32m0.1334[0m       [35m0.7632[0m      [31m0.8615[0m        [94m0.2151[0m     +  0.0001  15.6252
      4      [36m0.9264[0m        [32m0.1263[0m       [35m0.7655[0m      [31m0.8667[0m        0.2166        0.0001  15.4940
      5      [36m0.9280[0m        [32m0.1246[0m       0.7635      0.8649        0.2166        0.0001  15.6098
      6      [36m0.9369[0m        [32m0.1114[0m       [35m0.7755[0m      [31m0.8714[0m        [94m0.2054[0m     +  0.0000  15.2366
      7      0.9366        [32m0.1073[0m       0.7733      0.8700        0.2063        0.0000  15.6559
      8      [36m0.9428[0m        [32m0.1060[0m       0.7736      0.8695        [94m0.2050[0m     +  0.0000  15.5477
      9      0.9406        [32m0.1009[0m       [35m0.7790[0m      [31m0.8730[0m        [94m0.2025[0m     +  0.0000  15.4532
     10      0.9427        [32m0.1007[0m       0.7771      0.8709        0.2064        0.0000  15.6521
     11      [36m0.9469[0m        [32m0.0946[0m       [35m0.7816[0m      0.8719        0.2033        0.0000  15.4062
     12      [36m0.9511[0m        [32m0.0936[0m       0.7785      0.8724        0.2034        0.0000  15.4661
     13      0.9439        0.0946       [35m0.7819[0m      [31m0.8739[0m        [94m0.2021[0m     +  0.0000  15.6951
     14      0.9446        [32m0.0927[0m       [35m0.7823[0m      0.8726        [94m0.2013[0m     +  0.0000  15.6906
     15      0.9494        0.0930       0.7806      0.8731        0.2045        0.0000  15.6662
     16      0.9495        [32m0.0898[0m       [35m0.7852[0m      [31m0.8750[0m        0.2022        0.0000  15.5254
     17      [36m0.9515[0m        0.0902       0.7840      0.8737        0.2034        0.0000  15.5300
     18      0.9484        [32m0.0890[0m       0.7830      0.8723        0.2035        0.0000  15.5278
     19      0.9471        0.0892       0.7823      0.8735        0.2047        0.0000  15.2235
     20      0.9496        0.0892       0.7849      0.8746        0.2027        0.0000  15.4543
     21      0.9476        [32m0.0884[0m       0.7852      0.8743        0.2036        0.0000  15.4217
     22      0.9506        [32m0.0879[0m       0.7835      0.8738        0.2048        0.0000  15.3707
     23      [36m0.9525[0m        [32m0.0856[0m       0.7835      0.8717        0.2044        0.0000  15.2970
     24      0.9497        0.0883       0.7840      0.8735        0.2050        0.0000  15.3878
Stopping since valid_loss has not improved in the last 11 epochs.
Iteration 9: Test F1 Micro Score: 0.894361226570465
Iteration 9: Test F1 Macro Score: 0.8804179033749117
Model checkpoint saved to C:\Users\localuserSKSG\Desktop\Shubham\RandomSampling/Multilabel/DinoS/seed_46_config2/model_checkpoint_iteration_8.pt

Iteration 10: Requesting 1776 samples.
Re-initializing module.
Re-initializing criterion.
Re-initializing optimizer.
  epoch    train_f1    train_loss    valid_acc    valid_f1    valid_loss    cp      lr      dur
-------  ----------  ------------  -----------  ----------  ------------  ----  ------  -------
      1      [36m0.9267[0m        [32m0.1303[0m       [35m0.7571[0m      [31m0.8403[0m        [94m0.2234[0m     +  0.0001  19.3593
      2      0.9265        [32m0.1201[0m       [35m0.7632[0m      0.8358        0.2249        0.0001  19.1585
      3      [36m0.9297[0m        [32m0.1155[0m       0.7568      0.8373        0.2268        0.0001  19.3904
      4      [36m0.9322[0m        [32m0.1110[0m       0.7608      0.8342        0.2272        0.0001  19.1772
      5      [36m0.9352[0m        [32m0.1069[0m       0.7528      0.8309        0.2420        0.0001  19.4684
      6      [36m0.9425[0m        [32m0.0935[0m       [35m0.7863[0m      [31m0.8584[0m        [94m0.2086[0m     +  0.0000  19.1445
      7      [36m0.9482[0m        [32m0.0908[0m       0.7757      0.8496        0.2122        0.0000  19.4007
      8      [36m0.9485[0m        [32m0.0885[0m       0.7799      0.8507        0.2135        0.0000  19.5297
      9      0.9479        [32m0.0863[0m       0.7809      [31m0.8586[0m        0.2136        0.0000  19.3108
     10      [36m0.9507[0m        [32m0.0855[0m       0.7780      0.8490        0.2153        0.0000  19.4087
     11      [36m0.9536[0m        [32m0.0796[0m       0.7788      0.8467        0.2171        0.0000  19.2758
     12      [36m0.9542[0m        [32m0.0796[0m       0.7767      0.8481        0.2177        0.0000  19.3808
     13      0.9515        [32m0.0765[0m       0.7783      0.8491        0.2176        0.0000  19.3404
     14      0.9541        [32m0.0762[0m       0.7783      0.8497        0.2174        0.0000  19.3434
     15      [36m0.9552[0m        0.0771       0.7752      0.8480        0.2166        0.0000  19.1217
     16      [36m0.9562[0m        [32m0.0751[0m       0.7753      0.8521        0.2175        0.0000  19.3254
Stopping since valid_loss has not improved in the last 11 epochs.
Iteration 10: Test F1 Micro Score: 0.8955364874439109
Iteration 10: Test F1 Macro Score: 0.8795386129554926
Model checkpoint saved to C:\Users\localuserSKSG\Desktop\Shubham\RandomSampling/Multilabel/DinoS/seed_46_config2/model_checkpoint_iteration_9.pt

Iteration 11: Requesting 3160 samples.
Re-initializing module.
Re-initializing criterion.
Re-initializing optimizer.
  epoch    train_f1    train_loss    valid_acc    valid_f1    valid_loss    cp      lr      dur
-------  ----------  ------------  -----------  ----------  ------------  ----  ------  -------
      1      [36m0.9286[0m        [32m0.1159[0m       [35m0.7663[0m      [31m0.8757[0m        [94m0.2259[0m     +  0.0001  25.6249
      2      [36m0.9368[0m        [32m0.1059[0m       [35m0.7960[0m      [31m0.8849[0m        [94m0.1974[0m     +  0.0001  25.8413
      3      [36m0.9398[0m        [32m0.0999[0m       0.7854      0.8824        0.2151        0.0001  25.4437
      4      [36m0.9413[0m        [32m0.0964[0m       0.7736      0.8762        0.2230        0.0001  25.8056
      5      [36m0.9428[0m        [32m0.0938[0m       0.7799      0.8784        0.2207        0.0001  24.8931
      6      [36m0.9533[0m        [32m0.0788[0m       0.7882      0.8753        0.2106        0.0000  26.0281
      7      [36m0.9554[0m        [32m0.0767[0m       0.7802      0.8728        0.2213        0.0000  26.1742
      8      0.9551        [32m0.0760[0m       0.7759      0.8674        0.2182        0.0000  26.2017
      9      [36m0.9559[0m        [32m0.0744[0m       0.7807      0.8704        0.2143        0.0000  26.1528
     10      [36m0.9560[0m        [32m0.0735[0m       0.7729      0.8688        0.2201        0.0000  25.6409
     11      [36m0.9609[0m        [32m0.0675[0m       0.7701      0.8627        0.2249        0.0000  26.0941
     12      [36m0.9616[0m        [32m0.0667[0m       0.7727      0.8608        0.2318        0.0000  25.7967
Stopping since valid_loss has not improved in the last 11 epochs.
Iteration 11: Test F1 Micro Score: 0.8953632148377125
Iteration 11: Test F1 Macro Score: 0.8793637673165774
Model checkpoint saved to C:\Users\localuserSKSG\Desktop\Shubham\RandomSampling/Multilabel/DinoS/seed_46_config2/model_checkpoint_iteration_10.pt

Iteration 12: Requesting 5624 samples.
Re-initializing module.
Re-initializing criterion.
Re-initializing optimizer.
  epoch    train_f1    train_loss    valid_acc    valid_f1    valid_loss    cp      lr      dur
-------  ----------  ------------  -----------  ----------  ------------  ----  ------  -------
      1      [36m0.9364[0m        [32m0.1050[0m       [35m0.7571[0m      [31m0.8582[0m        [94m0.2209[0m     +  0.0001  38.3725
      2      [36m0.9402[0m        [32m0.0969[0m       0.7549      0.8555        0.2256        0.0001  37.5476
      3      [36m0.9460[0m        [32m0.0917[0m       0.7542      0.8541        0.2290        0.0001  37.9852
      4      [36m0.9470[0m        [32m0.0886[0m       [35m0.7589[0m      0.8571        0.2316        0.0001  38.1017
      5      [36m0.9495[0m        [32m0.0849[0m       0.7542      0.8539        0.2425        0.0001  37.6638
      6      [36m0.9577[0m        [32m0.0715[0m       [35m0.7594[0m      [31m0.8611[0m        0.2406        0.0000  38.1047
      7      0.9576        [32m0.0706[0m       0.7559      [31m0.8616[0m        0.2471        0.0000  37.7497
      8      [36m0.9597[0m        [32m0.0693[0m       0.7540      0.8573        0.2351        0.0000  37.5153
      9      [36m0.9606[0m        [32m0.0669[0m       0.7521      0.8567        0.2379        0.0000  38.0782
     10      [36m0.9616[0m        [32m0.0664[0m       0.7493      0.8578        0.2496        0.0000  37.4574
     11      [36m0.9652[0m        [32m0.0612[0m       0.7535      0.8584        0.2443        0.0000  37.8232
Stopping since valid_loss has not improved in the last 11 epochs.
Iteration 12: Test F1 Micro Score: 0.8930855924459336
Iteration 12: Test F1 Macro Score: 0.8813335256313214
Model checkpoint saved to C:\Users\localuserSKSG\Desktop\Shubham\RandomSampling/Multilabel/DinoS/seed_46_config2/model_checkpoint_iteration_11.pt

Iteration 13: Requesting 10000 samples.
Re-initializing module.
Re-initializing criterion.
Re-initializing optimizer.
  epoch    train_f1    train_loss    valid_acc    valid_f1    valid_loss    cp      lr      dur
-------  ----------  ------------  -----------  ----------  ------------  ----  ------  -------
      1      [36m0.9393[0m        [32m0.1003[0m       [35m0.7660[0m      [31m0.8646[0m        [94m0.2249[0m     +  0.0001  59.3435
      2      [36m0.9450[0m        [32m0.0924[0m       0.7441      0.8553        0.2562        0.0001  58.1951
      3      [36m0.9485[0m        [32m0.0863[0m       [35m0.7670[0m      0.8571        [94m0.2223[0m     +  0.0001  58.9361
      4      [36m0.9512[0m        [32m0.0823[0m       0.7476      0.8535        0.2454        0.0001  58.7650
      5      [36m0.9535[0m        [32m0.0794[0m       0.7540      0.8518        0.2433        0.0001  59.4378
      6      [36m0.9611[0m        [32m0.0665[0m       0.7604      0.8520        0.2397        0.0000  59.3292
      7      [36m0.9623[0m        [32m0.0644[0m       0.7523      0.8512        0.2430        0.0000  59.1095
      8      [36m0.9634[0m        [32m0.0627[0m       0.7536      0.8499        0.2481        0.0000  58.8904
      9      [36m0.9637[0m        [32m0.0622[0m       0.7535      0.8501        0.2457        0.0000  58.8422
     10      [36m0.9643[0m        [32m0.0607[0m       0.7457      0.8443        0.2542        0.0000  58.6692
     11      [36m0.9671[0m        [32m0.0567[0m       0.7568      0.8501        0.2422        0.0000  58.8577
     12      [36m0.9678[0m        [32m0.0561[0m       0.7519      0.8497        0.2573        0.0000  58.8256
     13      0.9675        [32m0.0555[0m       0.7486      0.8418        0.2469        0.0000  59.2389
Stopping since valid_loss has not improved in the last 11 epochs.
Iteration 13: Test F1 Micro Score: 0.894322739895094
Iteration 13: Test F1 Macro Score: 0.880385057943822
Model checkpoint saved to C:\Users\localuserSKSG\Desktop\Shubham\RandomSampling/Multilabel/DinoS/seed_46_config2/model_checkpoint_iteration_12.pt

Iteration 14: Requesting all remaining samples.
Re-initializing module.
Re-initializing criterion.
Re-initializing optimizer.
  epoch    train_f1    train_loss    valid_acc    valid_f1    valid_loss    cp      lr      dur
-------  ----------  ------------  -----------  ----------  ------------  ----  ------  -------
      1      [36m0.9511[0m        [32m0.0836[0m       [35m0.7441[0m      [31m0.8507[0m        [94m0.2544[0m     +  0.0001  67.3146
      2      [36m0.9540[0m        [32m0.0788[0m       0.7432      [31m0.8549[0m        0.2696        0.0001  62.1066
      3      [36m0.9562[0m        [32m0.0751[0m       [35m0.7474[0m      [31m0.8580[0m        0.2742        0.0001  61.8446
      4      [36m0.9573[0m        [32m0.0731[0m       0.7469      0.8571        0.2811        0.0001  62.2810
      5      [36m0.9578[0m        [32m0.0709[0m       0.7227      0.8428        0.3125        0.0001  62.8827
      6      [36m0.9647[0m        [32m0.0609[0m       [35m0.7493[0m      0.8567        0.2812        0.0000  63.1563
      7      [36m0.9663[0m        [32m0.0590[0m       0.7417      0.8515        0.3018        0.0000  63.2833
      8      0.9659        [32m0.0580[0m       0.7488      0.8575        0.2963        0.0000  63.1050
      9      [36m0.9670[0m        [32m0.0568[0m       0.7299      0.8449        0.3283        0.0000  63.0802
     10      0.9667        [32m0.0568[0m       0.7382      0.8473        0.3031        0.0000  63.3894
     11      [36m0.9693[0m        [32m0.0525[0m       [35m0.7509[0m      0.8567        0.2703        0.0000  63.7158
Stopping since valid_loss has not improved in the last 11 epochs.
Iteration 14: Test F1 Micro Score: 0.8949085666590787
Iteration 14: Test F1 Macro Score: 0.8809736186188074
Model checkpoint saved to C:\Users\localuserSKSG\Desktop\Shubham\RandomSampling/Multilabel/DinoS/seed_46_config2/model_checkpoint_iteration_13.pt
Pickle file saved to C:\Users\localuserSKSG\Desktop\Shubham\RandomSampling/Multilabel/DinoS/seed_46_config2\random_sampling_results_for_multiClass_classification.pickle
