Train set shape: (26880, 5)
Val set shape:   (5760, 5)
Test set shape:  (5760, 5)
Selected images DataFrame (Entropy Sampling):
   Iteration                                       Sample_Names
0          1  Spule035_Image0269.jpg,Spule020_Image0191.jpg,...
1          2  Spule028_Image0957.jpg,Spule035_Image0522.jpg,...
2          3  Spule005_Image0235.jpg,Spule038_Image0233.jpg,...
3          4  Spule006_Image0698.jpg,Spule008_Image0799.jpg,...
4          5  Spule037_Image0193.jpg,Spule016_Image0090.jpg,...
  epoch    train_f1    train_loss    valid_acc    valid_f1    valid_loss    cp      lr     dur
-------  ----------  ------------  -----------  ----------  ------------  ----  ------  ------
      1      [36m0.2000[0m        [32m0.7363[0m       [35m0.1616[0m      [31m0.1366[0m        [94m0.6922[0m     +  0.0000  8.0061
      2      [36m0.3619[0m        [32m0.6652[0m       [35m0.2080[0m      [31m0.2869[0m        [94m0.6915[0m     +  0.0000  7.3873
      3      [36m0.7222[0m        [32m0.6119[0m       [35m0.2630[0m      [31m0.3464[0m        [94m0.6886[0m     +  0.0000  7.4221
      4      0.6984        [32m0.5935[0m       0.2552      [31m0.3597[0m        0.6942        0.0000  7.4890
      5      0.5000        0.6108       0.2335      [31m0.3889[0m        [94m0.6856[0m     +  0.0000  7.5474
      6      [36m0.8333[0m        0.5954       [35m0.2726[0m      0.3817        0.6872        0.0000  7.5494
      7      0.7579        [32m0.5660[0m       0.2628      0.3870        0.6864        0.0000  7.6220
      8      [36m0.8796[0m        [32m0.5481[0m       [35m0.2894[0m      0.3715        0.6892        0.0000  7.5763
      9      0.8796        0.5523       0.2668      [31m0.4019[0m        0.6877        0.0000  7.5642
     10      [36m0.9153[0m        [32m0.5227[0m       0.2396      0.3979        0.6860        0.0000  7.7115
     11      0.8487        0.5490       0.2382      [31m0.4045[0m        0.6861        0.0000  7.5786
     12      [36m0.9167[0m        0.5303       0.2370      [31m0.4085[0m        0.6873        0.0000  7.7083
     13      0.9167        [32m0.5176[0m       0.2431      0.4072        0.6877        0.0000  7.6561
     14      0.9153        0.5316       0.2418      [31m0.4140[0m        0.6884        0.0000  7.6612
     15      0.9153        [32m0.5106[0m       0.2359      [31m0.4215[0m        0.6877        0.0000  7.6001
Stopping since valid_loss has not improved in the last 11 epochs.
Pre-training scores with initial data:
  F1 (macro) = 0.4518
  F1 (micro) = 0.4720
  Accuracy   = 0.3389

Query 1: Using images from iteration=2 (entropy sampling).
Re-initializing module.
Re-initializing criterion.
Re-initializing optimizer.
  epoch    train_f1    train_loss    valid_acc    valid_f1    valid_loss    cp      lr     dur
-------  ----------  ------------  -----------  ----------  ------------  ----  ------  ------
      1      [36m0.6146[0m        [32m0.6362[0m       [35m0.2394[0m      [31m0.3366[0m        [94m0.6463[0m     +  0.0000  7.7337
      2      0.5695        [32m0.6179[0m       [35m0.2877[0m      [31m0.3989[0m        [94m0.6423[0m     +  0.0000  7.7040
      3      [36m0.6689[0m        [32m0.6083[0m       0.2549      [31m0.5045[0m        [94m0.6290[0m     +  0.0000  7.6910
      4      [36m0.7190[0m        [32m0.5993[0m       [35m0.4483[0m      0.0740        0.6368        0.0000  7.6584
      5      0.4269        0.6140       0.2835      [31m0.5707[0m        [94m0.6253[0m     +  0.0000  7.7121
      6      [36m0.7974[0m        [32m0.5621[0m       0.3038      0.5629        [94m0.6133[0m     +  0.0000  7.6584
      7      [36m0.8314[0m        [32m0.5410[0m       0.4255      0.5584        [94m0.6025[0m     +  0.0000  7.7049
      8      0.8218        [32m0.5142[0m       [35m0.4649[0m      0.5628        [94m0.5960[0m     +  0.0000  7.6524
      9      [36m0.8954[0m        [32m0.5063[0m       [35m0.4830[0m      0.5686        [94m0.5889[0m     +  0.0000  7.7048
     10      [36m0.9248[0m        [32m0.4940[0m       [35m0.4885[0m      [31m0.6050[0m        [94m0.5843[0m     +  0.0000  7.6767
     11      0.8674        0.4978       [35m0.4920[0m      [31m0.6123[0m        [94m0.5820[0m     +  0.0000  7.7237
     12      0.9245        [32m0.4915[0m       [35m0.4938[0m      [31m0.6323[0m        [94m0.5813[0m     +  0.0000  7.7416
     13      0.9207        [32m0.4898[0m       [35m0.4953[0m      0.6266        [94m0.5787[0m     +  0.0000  7.6415
     14      0.8721        [32m0.4878[0m       [35m0.4955[0m      0.6258        [94m0.5764[0m     +  0.0000  7.6325
     15      0.8892        0.5057       [35m0.5017[0m      [31m0.6356[0m        [94m0.5752[0m     +  0.0000  7.6407
     16      0.9087        [32m0.4868[0m       [35m0.5028[0m      [31m0.6393[0m        [94m0.5744[0m     +  0.0000  7.7023
     17      [36m0.9402[0m        [32m0.4651[0m       0.5023      0.6369        [94m0.5736[0m     +  0.0000  7.6858
     18      0.9073        0.4898       0.5017      0.6326        [94m0.5727[0m     +  0.0000  7.6935
     19      0.9073        0.4825       0.5014      0.6257        [94m0.5718[0m     +  0.0000  7.7219
     20      0.9090        0.4710       0.5019      0.6288        [94m0.5712[0m     +  0.0000  7.6278
     21      0.8894        0.4796       0.5024      0.6311        [94m0.5709[0m     +  0.0000  7.7368
     22      0.8832        0.4855       [35m0.5036[0m      0.6324        [94m0.5706[0m     +  0.0000  7.6252
     23      [36m0.9722[0m        0.4747       0.5035      0.6330        [94m0.5704[0m     +  0.0000  7.6133
     24      0.9056        0.4711       [35m0.5045[0m      0.6342        [94m0.5703[0m     +  0.0000  7.6370
     25      0.8892        0.4787       [35m0.5047[0m      0.6383        [94m0.5702[0m     +  0.0000  7.6876
     26      0.9402        0.4870       [35m0.5050[0m      0.6371        [94m0.5700[0m     +  0.0000  7.6878
     27      0.9050        0.4800       0.5050      0.6372        [94m0.5699[0m     +  0.0000  7.6864
     28      0.8876        0.4890       0.5050      0.6372        [94m0.5699[0m     +  0.0000  7.7188
     29      0.9419        [32m0.4627[0m       0.5050      0.6371        [94m0.5698[0m     +  0.0000  7.6138
     30      0.8758        0.4913       [35m0.5054[0m      0.6380        [94m0.5697[0m     +  0.0000  7.6117
     31      0.8753        0.4822       0.5050      0.6378        [94m0.5697[0m     +  0.0000  7.6749
     32      0.8709        0.4758       0.5052      0.6380        [94m0.5697[0m     +  0.0000  7.6482
     33      0.9235        0.4679       0.5052      0.6379        [94m0.5696[0m     +  0.0000  7.6628
     34      0.8892        0.4663       0.5052      0.6379        [94m0.5696[0m     +  0.0000  7.5642
     35      0.9245        [32m0.4576[0m       0.5052      0.6385        [94m0.5696[0m     +  0.0000  7.5724
     36      0.9087        0.4758       0.5054      0.6388        [94m0.5696[0m     +  0.0000  7.7076
     37      0.9722        0.4593       0.5052      0.6386        [94m0.5696[0m     +  0.0000  7.7000
     38      0.8892        0.4687       0.5054      0.6388        [94m0.5696[0m     +  0.0000  7.6217
     39      0.8899        0.4779       0.5054      0.6389        [94m0.5695[0m     +  0.0000  7.6591
     40      0.9405        0.4800       0.5054      0.6390        [94m0.5695[0m     +  0.0000  7.6347
     41      0.9215        0.4845       0.5054      0.6390        [94m0.5695[0m     +  0.0000  7.5937
     42      0.9351        0.4610       0.5054      0.6392        [94m0.5695[0m     +  0.0000  7.5865
     43      0.9087        0.4777       0.5054      0.6391        [94m0.5695[0m     +  0.0000  7.5946
     44      0.9050        0.4845       0.5054      0.6391        [94m0.5695[0m     +  0.0000  7.6542
     45      0.9073        0.4855       0.5054      0.6392        [94m0.5695[0m     +  0.0000  7.7172
     46      0.9245        0.4631       0.5054      0.6392        [94m0.5695[0m     +  0.0000  7.6723
     47      0.9547        0.4667       0.5054      0.6390        [94m0.5695[0m     +  0.0000  7.8126
     48      0.8880        0.4679       0.5054      0.6392        [94m0.5695[0m     +  0.0000  7.5847
     49      0.9031        0.4722       0.5054      0.6392        [94m0.5695[0m     +  0.0000  7.6153
     50      0.9245        0.4720       0.5054      0.6392        [94m0.5695[0m     +  0.0000  7.6892
     51      0.9260        0.4984       0.5054      0.6392        [94m0.5695[0m     +  0.0000  7.5980
Stopping since valid_loss has not improved in the last 11 epochs.
Iteration 1 Test Accuracy: 0.5312
Iteration 1 Test F1 Score (micro): 0.6702
Iteration 1 Test F1 Score (macro): 0.6458
Model checkpoint saved to C:\Users\localuserSKSG\Desktop\Shubham\ActiveLearning/Multilabel_from_multiclass/DinoS/entropy_sampling_seed45_test\model_checkpoint_iteration_0.pt

Query 2: Using images from iteration=3 (entropy sampling).
Re-initializing module.
Re-initializing criterion.
Re-initializing optimizer.
  epoch    train_f1    train_loss    valid_acc    valid_f1    valid_loss    cp      lr     dur
-------  ----------  ------------  -----------  ----------  ------------  ----  ------  ------
      1      [36m0.8178[0m        [32m0.5309[0m       [35m0.4479[0m      [31m0.0000[0m        [94m0.6596[0m     +  0.0000  7.7688
      2      0.0000        0.5973       [35m0.4977[0m      [31m0.2987[0m        [94m0.5726[0m     +  0.0000  7.7189
      3      0.3428        [32m0.5275[0m       [35m0.5682[0m      [31m0.6941[0m        [94m0.5343[0m     +  0.0000  7.7604
      4      0.7837        [32m0.4924[0m       0.4514      0.1202        0.5710        0.0000  7.7535
      5      0.2863        0.4931       [35m0.5776[0m      [31m0.7837[0m        [94m0.5120[0m     +  0.0000  7.6995
      6      [36m0.8396[0m        [32m0.4702[0m       [35m0.5936[0m      0.6587        [94m0.4932[0m     +  0.0000  7.7797
      7      [36m0.8480[0m        [32m0.4310[0m       0.5672      0.6182        [94m0.4906[0m     +  0.0000  7.7625
      8      [36m0.8877[0m        [32m0.4306[0m       0.5783      0.6452        [94m0.4852[0m     +  0.0000  7.7569
      9      0.8149        0.4319       0.5766      0.6529        [94m0.4826[0m     +  0.0000  7.7234
     10      0.8742        [32m0.4189[0m       0.5687      0.6415        [94m0.4812[0m     +  0.0000  7.6723
     11      0.8743        [32m0.4099[0m       0.5762      0.6563        [94m0.4786[0m     +  0.0000  7.7823
     12      0.8429        0.4166       0.5785      0.6601        [94m0.4771[0m     +  0.0000  7.7609
     13      [36m0.8950[0m        [32m0.4067[0m       0.5818      0.6658        [94m0.4755[0m     +  0.0000  7.7638
     14      0.8932        0.4115       0.5870      0.6770        [94m0.4740[0m     +  0.0000  7.7538
     15      0.8693        0.4073       0.5924      0.6900        [94m0.4718[0m     +  0.0000  7.7386
     16      0.8772        0.4106       0.5906      0.6854        0.4720        0.0000  7.7660
     17      0.8426        0.4097       0.5899      0.6857        [94m0.4717[0m     +  0.0000  7.7981
     18      [36m0.9089[0m        [32m0.3946[0m       0.5911      0.6877        [94m0.4713[0m     +  0.0000  7.7078
     19      0.8743        0.4027       0.5908      0.6890        [94m0.4708[0m     +  0.0000  7.6908
     20      [36m0.9121[0m        [32m0.3940[0m       0.5887      0.6841        0.4709        0.0000  7.7030
     21      0.8914        0.4121       0.5885      0.6844        0.4708        0.0000  7.8129
     22      0.9009        0.3948       0.5885      0.6845        [94m0.4707[0m     +  0.0000  7.7833
     23      0.8868        0.3996       0.5891      0.6853        [94m0.4705[0m     +  0.0000  7.7344
     24      [36m0.9177[0m        [32m0.3893[0m       0.5892      0.6856        [94m0.4704[0m     +  0.0000  7.7337
     25      0.8995        [32m0.3891[0m       0.5892      0.6858        [94m0.4702[0m     +  0.0000  7.7484
     26      0.8845        0.3994       0.5892      0.6858        [94m0.4702[0m     +  0.0000  7.7501
     27      0.8658        0.3932       0.5892      0.6859        [94m0.4701[0m     +  0.0000  7.6973
     28      0.8838        0.4021       0.5892      0.6856        [94m0.4701[0m     +  0.0000  7.7380
     29      0.8830        0.4048       0.5892      0.6858        [94m0.4700[0m     +  0.0000  7.7168
     30      0.8562        0.4087       0.5892      0.6856        [94m0.4700[0m     +  0.0000  7.7653
     31      0.8340        0.4002       0.5892      0.6856        [94m0.4699[0m     +  0.0000  7.7159
     32      0.9027        [32m0.3888[0m       0.5892      0.6856        [94m0.4699[0m     +  0.0000  7.7597
     33      0.8968        0.3893       0.5892      0.6854        [94m0.4699[0m     +  0.0000  7.7343
     34      0.8590        0.4022       0.5892      0.6854        [94m0.4699[0m     +  0.0000  7.7665
     35      0.8727        0.3933       0.5892      0.6856        [94m0.4699[0m     +  0.0000  7.7258
     36      0.8990        0.4007       0.5892      0.6854        [94m0.4699[0m     +  0.0000  7.7131
     37      0.9063        0.4006       0.5892      0.6854        [94m0.4699[0m     +  0.0000  7.7344
     38      0.8709        0.4012       0.5892      0.6854        [94m0.4699[0m     +  0.0000  7.7280
     39      0.9126        0.4039       0.5892      0.6854        [94m0.4699[0m     +  0.0000  7.7343
     40      0.8904        0.3900       0.5892      0.6854        0.4699        0.0000  7.7186
     41      [36m0.9274[0m        0.3950       0.5892      0.6854        [94m0.4699[0m     +  0.0000  7.7424
     42      0.8467        0.4059       0.5892      0.6854        [94m0.4699[0m     +  0.0000  7.7557
     43      0.8604        0.4009       0.5892      0.6854        [94m0.4698[0m     +  0.0000  7.7631
     44      0.9045        [32m0.3797[0m       0.5892      0.6854        [94m0.4698[0m     +  0.0000  7.6555
     45      0.8658        0.4051       0.5894      0.6854        [94m0.4698[0m     +  0.0000  7.6729
     46      0.9027        0.3907       0.5894      0.6854        [94m0.4698[0m     +  0.0000  7.7186
     47      0.9063        0.3887       0.5894      0.6854        [94m0.4698[0m     +  0.0000  7.7244
     48      0.8606        0.3916       0.5894      0.6854        [94m0.4698[0m     +  0.0000  7.7536
     49      0.9189        0.3917       0.5894      0.6854        [94m0.4698[0m     +  0.0000  7.7374
     50      0.8659        0.3908       0.5894      0.6854        [94m0.4698[0m     +  0.0000  7.7149
     51      0.9089        0.3970       0.5894      0.6854        [94m0.4698[0m     +  0.0000  7.7515
     52      0.8872        0.3909       0.5894      0.6854        0.4698        0.0000  7.7935
     53      0.8956        0.3880       0.5894      0.6854        [94m0.4698[0m     +  0.0000  7.7047
Stopping since valid_loss has not improved in the last 11 epochs.
Iteration 2 Test Accuracy: 0.6554
Iteration 2 Test F1 Score (micro): 0.7425
Iteration 2 Test F1 Score (macro): 0.7079
Model checkpoint saved to C:\Users\localuserSKSG\Desktop\Shubham\ActiveLearning/Multilabel_from_multiclass/DinoS/entropy_sampling_seed45_test\model_checkpoint_iteration_1.pt

Query 3: Using images from iteration=4 (entropy sampling).
Re-initializing module.
Re-initializing criterion.
Re-initializing optimizer.
  epoch    train_f1    train_loss    valid_acc    valid_f1    valid_loss    cp      lr     dur
-------  ----------  ------------  -----------  ----------  ------------  ----  ------  ------
      1      [36m0.8309[0m        [32m0.4343[0m       [35m0.3675[0m      [31m0.6383[0m        [94m0.6553[0m     +  0.0000  7.9997
      2      0.6574        0.6358       [35m0.4969[0m      0.3444        [94m0.4972[0m     +  0.0000  7.8771
      3      0.6576        0.4414       [35m0.6814[0m      [31m0.8308[0m        [94m0.4361[0m     +  0.0000  7.9315
      4      [36m0.8709[0m        [32m0.4230[0m       0.5901      0.6996        0.4377        0.0000  7.9791
      5      [36m0.8828[0m        [32m0.3824[0m       [35m0.7179[0m      [31m0.8513[0m        [94m0.4076[0m     +  0.0000  7.9220
      6      0.8817        0.3873       0.6995      0.8405        [94m0.4013[0m     +  0.0000  7.9640
      7      [36m0.9053[0m        [32m0.3601[0m       0.6773      0.8189        [94m0.3995[0m     +  0.0000  8.0008
      8      [36m0.9176[0m        [32m0.3519[0m       0.6681      0.8116        [94m0.3989[0m     +  0.0000  7.9794
      9      0.9030        0.3539       0.6670      0.8109        [94m0.3973[0m     +  0.0000  8.0466
     10      0.8831        0.3559       0.6698      0.8138        [94m0.3952[0m     +  0.0000  8.9908
     11      0.9006        0.3524       0.6691      0.8144        [94m0.3944[0m     +  0.0000  7.9851
     12      0.8978        0.3539       0.6731      0.8176        [94m0.3932[0m     +  0.0000  7.8707
     13      0.8994        0.3549       0.6736      0.8186        [94m0.3923[0m     +  0.0000  7.9238
     14      [36m0.9182[0m        0.3544       0.6720      0.8168        [94m0.3921[0m     +  0.0000  7.9041
     15      0.9114        [32m0.3482[0m       0.6679      0.8139        [94m0.3919[0m     +  0.0000  7.9065
     16      0.8989        0.3516       0.6696      0.8154        [94m0.3916[0m     +  0.0000  7.9240
     17      0.9092        0.3509       0.6701      0.8160        [94m0.3913[0m     +  0.0000  7.9123
     18      0.9083        [32m0.3397[0m       0.6689      0.8154        [94m0.3912[0m     +  0.0000  7.8591
     19      0.9000        0.3502       0.6687      0.8152        [94m0.3910[0m     +  0.0000  7.9549
     20      0.9078        0.3404       0.6682      0.8148        [94m0.3909[0m     +  0.0000  7.9334
     21      0.9077        0.3462       0.6679      0.8146        [94m0.3909[0m     +  0.0000  7.9215
     22      0.9118        0.3439       0.6684      0.8151        [94m0.3908[0m     +  0.0000  7.9191
     23      0.9046        0.3479       0.6686      0.8152        [94m0.3907[0m     +  0.0000  7.9242
     24      0.8975        0.3569       0.6689      0.8155        [94m0.3906[0m     +  0.0000  7.9059
     25      0.9094        0.3485       0.6686      0.8154        [94m0.3905[0m     +  0.0000  7.9039
     26      0.9066        [32m0.3385[0m       0.6687      0.8154        [94m0.3904[0m     +  0.0000  7.9406
     27      0.9083        0.3431       0.6689      0.8155        [94m0.3904[0m     +  0.0000  7.9531
     28      0.9042        0.3453       0.6691      0.8158        [94m0.3904[0m     +  0.0000  7.9104
     29      0.9124        0.3408       0.6684      0.8152        [94m0.3904[0m     +  0.0000  7.9708
     30      0.9061        0.3393       0.6686      0.8154        [94m0.3904[0m     +  0.0000  7.9202
     31      0.8936        0.3436       0.6686      0.8154        [94m0.3903[0m     +  0.0000  8.0178
     32      0.9151        0.3388       0.6686      0.8154        [94m0.3903[0m     +  0.0000  8.0147
     33      0.8815        0.3467       0.6687      0.8155        [94m0.3903[0m     +  0.0000  7.9106
     34      [36m0.9260[0m        0.3423       0.6687      0.8155        [94m0.3903[0m     +  0.0000  7.9063
     35      0.9041        0.3427       0.6687      0.8155        [94m0.3903[0m     +  0.0000  7.9378
     36      0.8945        0.3475       0.6687      0.8155        [94m0.3903[0m     +  0.0000  7.9158
     37      0.9005        0.3393       0.6687      0.8155        [94m0.3903[0m     +  0.0000  7.9351
     38      0.8913        0.3439       0.6687      0.8155        [94m0.3903[0m     +  0.0000  7.8736
     39      0.9229        0.3388       0.6687      0.8155        [94m0.3903[0m     +  0.0000  7.9373
     40      0.9222        0.3478       0.6687      0.8155        0.3903        0.0000  7.9055
     41      0.9138        0.3428       0.6687      0.8155        0.3903        0.0000  7.8403
     42      0.8794        0.3494       0.6687      0.8155        [94m0.3903[0m     +  0.0000  7.8769
     43      0.9132        0.3424       0.6687      0.8155        [94m0.3903[0m     +  0.0000  7.9488
Stopping since valid_loss has not improved in the last 11 epochs.
Iteration 3 Test Accuracy: 0.7354
Iteration 3 Test F1 Score (micro): 0.8370
Iteration 3 Test F1 Score (macro): 0.8249
Model checkpoint saved to C:\Users\localuserSKSG\Desktop\Shubham\ActiveLearning/Multilabel_from_multiclass/DinoS/entropy_sampling_seed45_test\model_checkpoint_iteration_2.pt

Query 4: Using images from iteration=5 (entropy sampling).
Re-initializing module.
Re-initializing criterion.
Re-initializing optimizer.
  epoch    train_f1    train_loss    valid_acc    valid_f1    valid_loss    cp      lr     dur
-------  ----------  ------------  -----------  ----------  ------------  ----  ------  ------
      1      [36m0.8805[0m        [32m0.3499[0m       [35m0.6950[0m      [31m0.8126[0m        [94m0.3822[0m     +  0.0000  8.2812
      2      [36m0.8926[0m        [32m0.3389[0m       0.6083      0.7739        0.4481        0.0000  8.0961
      3      0.8176        0.3874       [35m0.7003[0m      [31m0.8372[0m        [94m0.3502[0m     +  0.0000  8.2181
      4      0.8863        [32m0.3158[0m       [35m0.7104[0m      [31m0.8413[0m        [94m0.3393[0m     +  0.0000  8.0828
      5      [36m0.9050[0m        [32m0.3003[0m       0.7075      [31m0.8416[0m        [94m0.3367[0m     +  0.0000  8.2216
      6      0.9021        [32m0.2927[0m       0.7056      0.8403        [94m0.3361[0m     +  0.0000  8.1064
      7      [36m0.9064[0m        [32m0.2925[0m       0.7104      [31m0.8457[0m        [94m0.3334[0m     +  0.0000  8.0974
      8      0.9057        [32m0.2904[0m       0.7102      [31m0.8463[0m        [94m0.3319[0m     +  0.0000  8.1281
      9      0.9050        [32m0.2858[0m       0.7097      0.8458        [94m0.3310[0m     +  0.0000  8.2138
     10      0.8990        0.2868       [35m0.7127[0m      [31m0.8491[0m        [94m0.3289[0m     +  0.0000  8.0995
     11      0.9043        0.2885       0.7120      0.8489        [94m0.3285[0m     +  0.0000  8.1431
     12      [36m0.9064[0m        [32m0.2827[0m       0.7125      [31m0.8492[0m        [94m0.3281[0m     +  0.0000  8.1975
     13      0.8925        0.2844       0.7123      [31m0.8495[0m        [94m0.3277[0m     +  0.0000  8.1093
     14      0.9035        [32m0.2822[0m       0.7125      [31m0.8495[0m        [94m0.3274[0m     +  0.0000  8.1841
     15      [36m0.9099[0m        0.2884       [35m0.7130[0m      [31m0.8501[0m        [94m0.3266[0m     +  0.0000  8.1375
     16      0.9048        [32m0.2797[0m       [35m0.7134[0m      [31m0.8503[0m        [94m0.3264[0m     +  0.0000  8.0632
     17      0.9029        0.2828       [35m0.7141[0m      [31m0.8509[0m        [94m0.3262[0m     +  0.0000  8.1895
     18      [36m0.9123[0m        0.2829       [35m0.7149[0m      [31m0.8518[0m        [94m0.3260[0m     +  0.0000  8.1209
     19      0.9031        0.2827       0.7149      [31m0.8522[0m        [94m0.3256[0m     +  0.0000  8.0720
     20      0.8998        [32m0.2785[0m       0.7148      0.8522        [94m0.3254[0m     +  0.0000  8.1429
     21      [36m0.9126[0m        0.2787       0.7149      [31m0.8523[0m        [94m0.3253[0m     +  0.0000  8.2203
     22      0.9113        [32m0.2698[0m       0.7149      [31m0.8523[0m        [94m0.3253[0m     +  0.0000  8.1857
     23      0.9126        0.2852       0.7148      0.8521        [94m0.3252[0m     +  0.0000  8.1445
     24      0.9126        0.2828       0.7148      0.8521        [94m0.3252[0m     +  0.0000  8.0773
     25      0.9065        0.2786       0.7148      0.8521        0.3252        0.0000  8.1112
     26      0.8956        0.2811       0.7148      0.8521        [94m0.3252[0m     +  0.0000  8.1510
     27      0.9091        0.2834       0.7148      0.8521        [94m0.3251[0m     +  0.0000  8.1873
     28      0.9026        0.2818       0.7148      0.8521        [94m0.3251[0m     +  0.0000  8.1408
     29      [36m0.9215[0m        0.2806       0.7148      0.8521        [94m0.3251[0m     +  0.0000  8.0825
     30      0.9114        0.2806       0.7148      0.8521        [94m0.3251[0m     +  0.0000  8.1268
     31      0.9051        0.2820       0.7148      0.8521        [94m0.3251[0m     +  0.0000  8.2054
     32      0.9018        0.2828       0.7149      0.8522        [94m0.3251[0m     +  0.0000  8.1793
     33      0.9102        0.2811       0.7149      0.8522        [94m0.3251[0m     +  0.0000  8.1070
     34      0.8997        0.2812       0.7149      0.8522        [94m0.3250[0m     +  0.0000  8.1421
     35      0.9002        0.2856       0.7149      0.8522        0.3250        0.0000  8.2033
     36      0.9086        0.2852       0.7149      0.8522        0.3250        0.0000  8.1025
     37      0.9166        0.2808       0.7149      0.8522        [94m0.3250[0m     +  0.0000  8.1250
     38      0.9123        0.2817       0.7149      0.8522        0.3250        0.0000  8.1105
     39      0.9123        0.2748       0.7149      0.8522        0.3250        0.0000  8.2206
     40      0.9146        0.2808       0.7149      0.8522        [94m0.3250[0m     +  0.0000  8.2142
     41      0.9207        0.2803       0.7149      0.8522        [94m0.3250[0m     +  0.0000  8.2478
     42      [36m0.9231[0m        0.2808       0.7149      0.8522        [94m0.3250[0m     +  0.0000  8.1928
     43      0.9067        0.2865       0.7149      0.8522        [94m0.3250[0m     +  0.0000  8.1408
     44      0.9151        0.2766       0.7149      0.8522        [94m0.3250[0m     +  0.0000  8.1425
     45      0.9027        0.2819       0.7149      0.8522        0.3250        0.0000  8.1222
     46      0.9073        0.2856       0.7149      0.8522        0.3250        0.0000  8.1688
     47      0.9089        0.2814       0.7149      0.8522        0.3250        0.0000  8.2130
     48      0.8995        0.2842       0.7149      0.8522        0.3250        0.0000  8.1075
     49      0.8969        0.2860       0.7149      0.8522        0.3250        0.0000  8.2040
     50      0.8984        0.2774       0.7149      0.8522        0.3250        0.0000  8.1864
     51      0.9061        0.2798       0.7149      0.8522        0.3250        0.0000  8.1619
     52      0.9098        0.2782       0.7149      0.8522        0.3250        0.0000  8.1140
     53      0.9158        0.2795       0.7149      0.8522        0.3250        0.0000  8.1433
Stopping since valid_loss has not improved in the last 11 epochs.
Iteration 4 Test Accuracy: 0.7637
Iteration 4 Test F1 Score (micro): 0.8670
Iteration 4 Test F1 Score (macro): 0.8580
Model checkpoint saved to C:\Users\localuserSKSG\Desktop\Shubham\ActiveLearning/Multilabel_from_multiclass/DinoS/entropy_sampling_seed45_test\model_checkpoint_iteration_3.pt

Query 5: Using images from iteration=6 (entropy sampling).
Re-initializing module.
Re-initializing criterion.
Re-initializing optimizer.
  epoch    train_f1    train_loss    valid_acc    valid_f1    valid_loss    cp      lr     dur
-------  ----------  ------------  -----------  ----------  ------------  ----  ------  ------
      1      [36m0.7977[0m        [32m0.3717[0m       [35m0.6976[0m      [31m0.8256[0m        [94m0.3500[0m     +  0.0000  8.7517
      2      [36m0.8830[0m        [32m0.2993[0m       [35m0.7429[0m      [31m0.8655[0m        [94m0.3097[0m     +  0.0000  8.6746
      3      [36m0.8953[0m        [32m0.2767[0m       [35m0.7498[0m      [31m0.8718[0m        [94m0.3027[0m     +  0.0000  8.6377
      4      [36m0.9046[0m        [32m0.2682[0m       [35m0.7514[0m      0.8716        [94m0.3000[0m     +  0.0000  8.6048
      5      [36m0.9085[0m        [32m0.2619[0m       [35m0.7524[0m      [31m0.8751[0m        [94m0.2961[0m     +  0.0000  8.5627
      6      0.9033        [32m0.2582[0m       [35m0.7545[0m      [31m0.8761[0m        [94m0.2949[0m     +  0.0000  8.5469
      7      0.9069        0.2605       [35m0.7549[0m      [31m0.8762[0m        [94m0.2940[0m     +  0.0000  8.5782
      8      [36m0.9102[0m        0.2584       0.7549      [31m0.8763[0m        [94m0.2932[0m     +  0.0000  8.5950
      9      0.9089        [32m0.2559[0m       [35m0.7554[0m      [31m0.8764[0m        [94m0.2918[0m     +  0.0000  8.5749
     10      [36m0.9168[0m        0.2567       [35m0.7576[0m      [31m0.8772[0m        [94m0.2909[0m     +  0.0000  8.5883
     11      0.9148        [32m0.2513[0m       0.7573      [31m0.8773[0m        [94m0.2906[0m     +  0.0000  8.5780
     12      0.9090        0.2562       [35m0.7578[0m      [31m0.8774[0m        [94m0.2903[0m     +  0.0000  8.6250
     13      0.9140        [32m0.2509[0m       [35m0.7580[0m      [31m0.8775[0m        [94m0.2898[0m     +  0.0000  8.6707
     14      0.9057        [32m0.2484[0m       [35m0.7587[0m      [31m0.8777[0m        [94m0.2895[0m     +  0.0000  8.6191
     15      [36m0.9185[0m        0.2542       0.7580      0.8776        0.2895        0.0000  8.5621
     16      0.9129        0.2520       0.7575      0.8772        [94m0.2894[0m     +  0.0000  8.6582
     17      0.9143        0.2513       0.7575      0.8773        [94m0.2894[0m     +  0.0000  8.5974
     18      0.9149        0.2566       0.7571      0.8773        [94m0.2892[0m     +  0.0000  8.6133
     19      0.9156        [32m0.2447[0m       0.7575      0.8774        [94m0.2891[0m     +  0.0000  8.6095
     20      0.9183        0.2481       0.7580      0.8777        [94m0.2889[0m     +  0.0000  8.6107
     21      0.9176        0.2501       0.7587      [31m0.8780[0m        [94m0.2889[0m     +  0.0000  8.6219
     22      0.9075        0.2513       0.7587      [31m0.8780[0m        [94m0.2888[0m     +  0.0000  8.6723
     23      0.9123        0.2515       0.7587      [31m0.8781[0m        [94m0.2888[0m     +  0.0000  8.5790
     24      [36m0.9191[0m        0.2499       [35m0.7592[0m      [31m0.8783[0m        [94m0.2887[0m     +  0.0000  8.6406
     25      0.9159        0.2518       0.7592      0.8783        [94m0.2887[0m     +  0.0000  8.5362
     26      0.9163        0.2511       0.7592      0.8783        [94m0.2887[0m     +  0.0000  8.5631
     27      0.9154        0.2487       [35m0.7594[0m      [31m0.8784[0m        [94m0.2886[0m     +  0.0000  8.5633
     28      0.9173        0.2472       0.7594      0.8784        [94m0.2886[0m     +  0.0000  8.6405
     29      [36m0.9193[0m        0.2511       0.7594      0.8784        [94m0.2886[0m     +  0.0000  8.5528
     30      [36m0.9256[0m        0.2466       0.7594      0.8784        [94m0.2885[0m     +  0.0000  8.6406
     31      0.9201        0.2518       0.7594      0.8784        [94m0.2885[0m     +  0.0000  8.6544
     32      0.9121        [32m0.2437[0m       0.7594      0.8784        [94m0.2885[0m     +  0.0000  8.5634
     33      0.9122        0.2583       [35m0.7595[0m      [31m0.8784[0m        [94m0.2885[0m     +  0.0000  8.5925
     34      0.9141        0.2463       0.7595      0.8784        [94m0.2885[0m     +  0.0000  8.5639
     35      0.9169        0.2454       0.7595      0.8784        [94m0.2885[0m     +  0.0000  8.6184
     36      0.9157        0.2491       0.7595      0.8784        [94m0.2885[0m     +  0.0000  8.5861
     37      0.9106        0.2542       0.7595      0.8784        [94m0.2885[0m     +  0.0000  8.6418
     38      0.9142        0.2467       0.7595      0.8784        [94m0.2885[0m     +  0.0000  8.6361
     39      0.9099        0.2560       0.7595      0.8784        [94m0.2885[0m     +  0.0000  8.6383
     40      0.9136        0.2520       0.7595      0.8784        [94m0.2885[0m     +  0.0000  8.6486
     41      0.9220        0.2493       0.7595      0.8784        [94m0.2885[0m     +  0.0000  8.5938
     42      0.9155        0.2525       0.7595      0.8784        [94m0.2885[0m     +  0.0000  8.5908
     43      [36m0.9257[0m        0.2476       0.7595      0.8784        [94m0.2885[0m     +  0.0000  8.5896
     44      0.9228        0.2461       0.7595      0.8784        [94m0.2885[0m     +  0.0000  8.5763
     45      0.9201        [32m0.2420[0m       0.7595      0.8784        [94m0.2885[0m     +  0.0000  8.5781
Stopping since valid_loss has not improved in the last 11 epochs.
Iteration 5 Test Accuracy: 0.7630
Iteration 5 Test F1 Score (micro): 0.8729
Iteration 5 Test F1 Score (macro): 0.8586
Model checkpoint saved to C:\Users\localuserSKSG\Desktop\Shubham\ActiveLearning/Multilabel_from_multiclass/DinoS/entropy_sampling_seed45_test\model_checkpoint_iteration_4.pt

Query 6: Using images from iteration=7 (entropy sampling).
Re-initializing module.
Re-initializing criterion.
Re-initializing optimizer.
  epoch    train_f1    train_loss    valid_acc    valid_f1    valid_loss    cp      lr     dur
-------  ----------  ------------  -----------  ----------  ------------  ----  ------  ------
      1      [36m0.8653[0m        [32m0.3045[0m       [35m0.7392[0m      [31m0.8710[0m        [94m0.2901[0m     +  0.0000  9.6402
      2      [36m0.8980[0m        [32m0.2534[0m       [35m0.7505[0m      [31m0.8755[0m        [94m0.2828[0m     +  0.0000  9.4097
      3      [36m0.9042[0m        [32m0.2472[0m       [35m0.7573[0m      [31m0.8783[0m        [94m0.2782[0m     +  0.0000  9.3925
      4      0.9001        [32m0.2433[0m       [35m0.7613[0m      [31m0.8815[0m        [94m0.2759[0m     +  0.0000  9.4054
      5      [36m0.9139[0m        [32m0.2405[0m       [35m0.7663[0m      [31m0.8833[0m        [94m0.2710[0m     +  0.0000  9.4122
      6      0.9124        [32m0.2352[0m       [35m0.7743[0m      [31m0.8861[0m        [94m0.2658[0m     +  0.0000  9.4097
      7      [36m0.9160[0m        [32m0.2334[0m       0.7703      0.8826        [94m0.2652[0m     +  0.0000  9.4359
      8      0.9092        0.2352       0.7696      0.8820        [94m0.2645[0m     +  0.0000  9.4665
      9      0.9084        [32m0.2322[0m       0.7701      0.8823        [94m0.2636[0m     +  0.0000  9.4778
     10      0.9085        [32m0.2313[0m       0.7740      0.8848        [94m0.2622[0m     +  0.0000  9.4389
     11      [36m0.9161[0m        [32m0.2296[0m       [35m0.7781[0m      [31m0.8875[0m        [94m0.2610[0m     +  0.0000  9.4070
     12      0.9151        0.2301       [35m0.7785[0m      [31m0.8875[0m        [94m0.2606[0m     +  0.0000  9.4194
     13      [36m0.9167[0m        [32m0.2249[0m       0.7785      0.8875        [94m0.2602[0m     +  0.0000  9.3922
     14      [36m0.9194[0m        [32m0.2240[0m       0.7766      0.8857        [94m0.2597[0m     +  0.0000  9.3891
     15      0.9159        0.2243       [35m0.7812[0m      [31m0.8888[0m        [94m0.2593[0m     +  0.0000  9.4337
     16      0.9177        [32m0.2229[0m       0.7802      0.8879        [94m0.2592[0m     +  0.0000  9.4687
     17      0.9154        0.2277       0.7804      0.8879        [94m0.2590[0m     +  0.0000  9.5303
     18      [36m0.9232[0m        [32m0.2217[0m       0.7800      0.8878        [94m0.2590[0m     +  0.0000  9.5155
     19      0.9199        0.2242       0.7811      0.8885        [94m0.2588[0m     +  0.0000  9.4038
     20      0.9185        0.2229       0.7807      0.8880        [94m0.2586[0m     +  0.0000  9.5809
     21      0.9121        0.2278       0.7812      0.8883        [94m0.2586[0m     +  0.0000  9.4333
     22      0.9141        0.2250       [35m0.7814[0m      0.8886        [94m0.2585[0m     +  0.0000  9.4080
     23      0.9185        0.2238       0.7814      0.8886        [94m0.2584[0m     +  0.0000  9.4159
     24      0.9196        0.2224       [35m0.7825[0m      [31m0.8890[0m        [94m0.2583[0m     +  0.0000  9.4263
     25      0.9207        0.2237       [35m0.7830[0m      [31m0.8896[0m        [94m0.2583[0m     +  0.0000  9.4071
     26      0.9195        0.2232       [35m0.7832[0m      [31m0.8896[0m        [94m0.2583[0m     +  0.0000  9.5134
     27      0.9184        0.2237       0.7826      0.8892        [94m0.2582[0m     +  0.0000  9.4266
     28      [36m0.9250[0m        0.2239       0.7821      0.8888        [94m0.2582[0m     +  0.0000  9.5613
     29      0.9219        0.2228       0.7823      0.8890        [94m0.2582[0m     +  0.0000  9.5564
     30      0.9214        0.2233       0.7823      0.8890        [94m0.2582[0m     +  0.0000  9.5005
     31      0.9183        [32m0.2208[0m       0.7823      0.8890        [94m0.2582[0m     +  0.0000  9.5629
     32      0.9232        [32m0.2200[0m       0.7825      0.8891        [94m0.2582[0m     +  0.0000  9.5306
     33      0.9181        0.2265       0.7823      0.8890        0.2582        0.0000  9.8759
     34      0.9181        0.2226       0.7825      0.8891        [94m0.2581[0m     +  0.0000  10.3350
     35      0.9196        0.2282       0.7823      0.8890        [94m0.2581[0m     +  0.0000  9.5495
     36      0.9197        0.2267       0.7823      0.8890        [94m0.2581[0m     +  0.0000  9.5521
     37      0.9211        0.2259       0.7823      0.8889        [94m0.2581[0m     +  0.0000  9.5549
     38      0.9229        0.2230       0.7823      0.8890        [94m0.2581[0m     +  0.0000  9.5846
     39      0.9228        0.2205       0.7823      0.8889        [94m0.2581[0m     +  0.0000  9.6654
     40      0.9208        0.2255       0.7825      0.8891        [94m0.2581[0m     +  0.0000  10.1713
     41      0.9223        0.2212       0.7825      0.8891        [94m0.2581[0m     +  0.0000  9.8425
     42      0.9234        0.2222       0.7825      0.8891        [94m0.2581[0m     +  0.0000  9.5966
     43      0.9214        0.2234       0.7825      0.8891        [94m0.2581[0m     +  0.0000  9.5775
     44      0.9238        0.2260       0.7825      0.8891        [94m0.2581[0m     +  0.0000  9.5714
     45      0.9174        0.2233       0.7825      0.8891        [94m0.2581[0m     +  0.0000  9.5127
Stopping since valid_loss has not improved in the last 11 epochs.
Iteration 6 Test Accuracy: 0.7931
Iteration 6 Test F1 Score (micro): 0.8931
Iteration 6 Test F1 Score (macro): 0.8750
Model checkpoint saved to C:\Users\localuserSKSG\Desktop\Shubham\ActiveLearning/Multilabel_from_multiclass/DinoS/entropy_sampling_seed45_test\model_checkpoint_iteration_5.pt

Query 7: Using images from iteration=8 (entropy sampling).
Re-initializing module.
Re-initializing criterion.
Re-initializing optimizer.
  epoch    train_f1    train_loss    valid_acc    valid_f1    valid_loss    cp      lr      dur
-------  ----------  ------------  -----------  ----------  ------------  ----  ------  -------
      1      [36m0.8830[0m        [32m0.2768[0m       [35m0.7819[0m      [31m0.8913[0m        [94m0.2562[0m     +  0.0000  11.2195
      2      [36m0.9056[0m        [32m0.2419[0m       [35m0.7894[0m      [31m0.8928[0m        [94m0.2504[0m     +  0.0000  10.9878
      3      [36m0.9108[0m        [32m0.2323[0m       0.7880      0.8910        [94m0.2479[0m     +  0.0000  11.0040
      4      [36m0.9172[0m        [32m0.2262[0m       0.7887      0.8928        [94m0.2464[0m     +  0.0000  10.9780
      5      [36m0.9208[0m        [32m0.2240[0m       [35m0.7958[0m      [31m0.8946[0m        [94m0.2419[0m     +  0.0000  11.0071
      6      [36m0.9253[0m        [32m0.2203[0m       [35m0.8066[0m      [31m0.8975[0m        [94m0.2383[0m     +  0.0000  10.9748
      7      0.9228        [32m0.2188[0m       0.8045      0.8972        [94m0.2375[0m     +  0.0000  11.0166
      8      [36m0.9270[0m        [32m0.2149[0m       [35m0.8075[0m      [31m0.8979[0m        [94m0.2367[0m     +  0.0000  11.0685
      9      [36m0.9289[0m        [32m0.2144[0m       [35m0.8109[0m      [31m0.8991[0m        [94m0.2359[0m     +  0.0000  11.0636
     10      [36m0.9297[0m        [32m0.2136[0m       0.8106      [31m0.8991[0m        [94m0.2354[0m     +  0.0000  11.0690
     11      [36m0.9335[0m        [32m0.2103[0m       [35m0.8132[0m      [31m0.8992[0m        [94m0.2346[0m     +  0.0000  11.0391
     12      0.9313        [32m0.2095[0m       [35m0.8161[0m      [31m0.9004[0m        [94m0.2341[0m     +  0.0000  10.9836
     13      [36m0.9356[0m        [32m0.2078[0m       0.8135      [31m0.9006[0m        0.2343        0.0000  11.0077
     14      0.9352        0.2082       0.8160      [31m0.9012[0m        [94m0.2336[0m     +  0.0000  10.9952
     15      [36m0.9364[0m        0.2079       [35m0.8181[0m      0.9011        [94m0.2332[0m     +  0.0000  11.0545
     16      [36m0.9369[0m        0.2086       0.8175      0.9008        0.2332        0.0000  11.0416
     17      [36m0.9384[0m        [32m0.2058[0m       0.8179      [31m0.9012[0m        0.2333        0.0000  11.0393
     18      0.9372        0.2070       0.8172      0.9011        0.2333        0.0000  11.0084
     19      0.9351        [32m0.2055[0m       [35m0.8182[0m      [31m0.9014[0m        [94m0.2330[0m     +  0.0000  11.0385
     20      0.9377        0.2072       [35m0.8193[0m      [31m0.9016[0m        [94m0.2329[0m     +  0.0000  11.0083
     21      0.9338        [32m0.2048[0m       0.8187      0.9014        [94m0.2329[0m     +  0.0000  10.9641
     22      [36m0.9389[0m        [32m0.2043[0m       0.8186      0.9014        [94m0.2328[0m     +  0.0000  10.9776
     23      0.9316        0.2060       0.8182      0.9012        [94m0.2328[0m     +  0.0000  10.9631
     24      0.9349        0.2050       0.8184      0.9012        [94m0.2328[0m     +  0.0000  11.0543
     25      [36m0.9404[0m        [32m0.2034[0m       0.8189      0.9015        [94m0.2327[0m     +  0.0000  10.9937
     26      0.9322        0.2060       0.8187      0.9014        0.2327        0.0000  10.9932
     27      0.9379        0.2039       0.8187      0.9014        0.2327        0.0000  10.9966
     28      0.9342        0.2060       0.8184      0.9013        0.2327        0.0000  10.9297
     29      0.9369        0.2061       [35m0.8194[0m      [31m0.9018[0m        [94m0.2327[0m     +  0.0000  10.9465
     30      0.9376        0.2065       0.8184      0.9013        [94m0.2327[0m     +  0.0000  10.9158
     31      0.9388        0.2045       0.8184      0.9013        [94m0.2327[0m     +  0.0000  10.9244
     32      0.9357        0.2043       0.8184      0.9013        0.2327        0.0000  10.9780
     33      0.9329        0.2060       0.8184      0.9013        0.2327        0.0000  10.9634
     34      0.9346        0.2057       0.8184      0.9013        0.2327        0.0000  10.9470
     35      0.9373        0.2041       0.8181      0.9011        0.2327        0.0000  11.0095
Stopping since valid_loss has not improved in the last 11 epochs.
Iteration 7 Test Accuracy: 0.8101
Iteration 7 Test F1 Score (micro): 0.9033
Iteration 7 Test F1 Score (macro): 0.8818
Model checkpoint saved to C:\Users\localuserSKSG\Desktop\Shubham\ActiveLearning/Multilabel_from_multiclass/DinoS/entropy_sampling_seed45_test\model_checkpoint_iteration_6.pt

Query 8: Using images from iteration=9 (entropy sampling).
Re-initializing module.
Re-initializing criterion.
Re-initializing optimizer.
  epoch    train_f1    train_loss    valid_acc    valid_f1    valid_loss    cp      lr      dur
-------  ----------  ------------  -----------  ----------  ------------  ----  ------  -------
      1      [36m0.9121[0m        [32m0.2359[0m       [35m0.8201[0m      [31m0.8884[0m        [94m0.2286[0m     +  0.0000  13.7980
      2      [36m0.9306[0m        [32m0.2096[0m       [35m0.8231[0m      0.8856        [94m0.2267[0m     +  0.0000  13.4939
      3      [36m0.9420[0m        [32m0.2017[0m       0.8205      0.8852        [94m0.2256[0m     +  0.0000  13.5252
      4      [36m0.9457[0m        [32m0.1974[0m       [35m0.8323[0m      [31m0.9028[0m        [94m0.2215[0m     +  0.0000  13.5588
      5      0.9457        [32m0.1923[0m       [35m0.8356[0m      [31m0.9030[0m        [94m0.2201[0m     +  0.0000  13.5568
      6      [36m0.9530[0m        [32m0.1869[0m       0.8342      [31m0.9046[0m        [94m0.2194[0m     +  0.0000  13.5753
      7      [36m0.9541[0m        [32m0.1854[0m       0.8330      0.9042        [94m0.2193[0m     +  0.0000  13.5902
      8      [36m0.9570[0m        [32m0.1830[0m       [35m0.8361[0m      [31m0.9056[0m        [94m0.2182[0m     +  0.0000  13.5861
      9      [36m0.9577[0m        [32m0.1802[0m       0.8358      0.9056        [94m0.2178[0m     +  0.0000  13.5734
     10      0.9566        0.1813       0.8358      [31m0.9058[0m        [94m0.2174[0m     +  0.0000  13.5903
     11      0.9541        [32m0.1790[0m       [35m0.8363[0m      [31m0.9063[0m        [94m0.2171[0m     +  0.0000  13.5584
     12      [36m0.9597[0m        [32m0.1780[0m       0.8363      [31m0.9063[0m        [94m0.2168[0m     +  0.0000  13.5440
     13      0.9593        0.1780       [35m0.8365[0m      [31m0.9064[0m        [94m0.2165[0m     +  0.0000  13.5745
     14      [36m0.9606[0m        [32m0.1759[0m       0.8358      0.9058        [94m0.2165[0m     +  0.0000  13.5915
     15      [36m0.9608[0m        0.1766       0.8361      0.9057        [94m0.2161[0m     +  0.0000  13.5607
     16      [36m0.9614[0m        [32m0.1750[0m       0.8363      0.9057        [94m0.2159[0m     +  0.0000  13.5598
     17      0.9614        [32m0.1747[0m       0.8361      0.9050        [94m0.2158[0m     +  0.0000  13.5751
     18      [36m0.9617[0m        0.1750       [35m0.8366[0m      0.9058        [94m0.2158[0m     +  0.0000  13.5578
     19      [36m0.9623[0m        [32m0.1734[0m       0.8361      0.9056        [94m0.2157[0m     +  0.0000  13.5434
     20      0.9598        0.1737       0.8363      0.9057        [94m0.2157[0m     +  0.0000  13.6040
     21      [36m0.9641[0m        0.1755       0.8366      0.9056        [94m0.2157[0m     +  0.0000  13.5593
     22      0.9628        [32m0.1734[0m       0.8363      0.9054        [94m0.2156[0m     +  0.0000  13.5570
     23      [36m0.9645[0m        0.1740       0.8365      0.9056        [94m0.2156[0m     +  0.0000  13.5240
     24      0.9613        0.1738       0.8363      0.9056        0.2156        0.0000  13.5395
     25      0.9626        0.1738       0.8366      0.9059        0.2157        0.0000  13.6028
     26      0.9616        [32m0.1731[0m       0.8365      0.9057        0.2156        0.0000  13.5422
     27      0.9625        0.1733       0.8365      0.9057        0.2156        0.0000  13.5566
     28      0.9626        0.1731       0.8365      0.9057        0.2156        0.0000  13.5874
     29      0.9613        0.1737       0.8363      0.9056        0.2156        0.0000  13.5907
     30      0.9608        [32m0.1723[0m       0.8366      0.9058        0.2156        0.0000  13.5883
     31      0.9624        0.1740       0.8365      0.9057        0.2156        0.0000  13.6045
     32      0.9635        0.1732       0.8366      0.9058        0.2156        0.0000  13.5733
     33      0.9638        0.1741       0.8363      0.9057        [94m0.2156[0m     +  0.0000  13.5429
Stopping since valid_loss has not improved in the last 11 epochs.
Iteration 8 Test Accuracy: 0.8286
Iteration 8 Test F1 Score (micro): 0.9145
Iteration 8 Test F1 Score (macro): 0.8955
Model checkpoint saved to C:\Users\localuserSKSG\Desktop\Shubham\ActiveLearning/Multilabel_from_multiclass/DinoS/entropy_sampling_seed45_test\model_checkpoint_iteration_7.pt

Query 9: Using images from iteration=10 (entropy sampling).
Re-initializing module.
Re-initializing criterion.
Re-initializing optimizer.
  epoch    train_f1    train_loss    valid_acc    valid_f1    valid_loss    cp      lr      dur
-------  ----------  ------------  -----------  ----------  ------------  ----  ------  -------
      1      [36m0.9359[0m        [32m0.2007[0m       [35m0.8457[0m      [31m0.9059[0m        [94m0.2115[0m     +  0.0000  18.2658
      2      [36m0.9570[0m        [32m0.1749[0m       0.8363      0.8940        [94m0.2095[0m     +  0.0000  18.0319
      3      [36m0.9616[0m        [32m0.1700[0m       0.8436      0.8986        [94m0.2067[0m     +  0.0000  18.2332
      4      [36m0.9642[0m        [32m0.1645[0m       0.8410      0.8927        0.2072        0.0000  18.3257
      5      [36m0.9659[0m        [32m0.1615[0m       [35m0.8483[0m      0.8981        [94m0.2050[0m     +  0.0000  18.2810
      6      [36m0.9688[0m        [32m0.1567[0m       0.8462      0.9049        [94m0.2022[0m     +  0.0000  18.3435
      7      [36m0.9692[0m        [32m0.1563[0m       0.8470      [31m0.9060[0m        [94m0.2018[0m     +  0.0000  18.3268
      8      [36m0.9717[0m        [32m0.1548[0m       0.8477      0.9048        [94m0.2017[0m     +  0.0000  18.2948
      9      [36m0.9730[0m        [32m0.1528[0m       [35m0.8490[0m      [31m0.9076[0m        [94m0.2011[0m     +  0.0000  18.2799
     10      0.9723        [32m0.1524[0m       [35m0.8495[0m      0.9072        [94m0.2006[0m     +  0.0000  18.2492
     11      0.9713        [32m0.1509[0m       0.8477      0.9073        0.2006        0.0000  18.2333
     12      0.9728        0.1512       0.8474      [31m0.9077[0m        [94m0.2004[0m     +  0.0000  18.2782
     13      [36m0.9734[0m        [32m0.1501[0m       0.8479      0.9076        [94m0.2001[0m     +  0.0000  18.2659
     14      [36m0.9752[0m        [32m0.1488[0m       0.8476      0.9073        [94m0.2000[0m     +  0.0000  18.1700
     15      0.9734        0.1489       0.8481      0.9073        [94m0.2000[0m     +  0.0000  18.2317
     16      0.9737        [32m0.1482[0m       0.8472      [31m0.9083[0m        [94m0.1998[0m     +  0.0000  18.2479
     17      0.9752        [32m0.1464[0m       0.8483      0.9080        [94m0.1997[0m     +  0.0000  18.2469
     18      0.9746        0.1469       0.8467      0.9079        0.1998        0.0000  18.2319
     19      [36m0.9763[0m        [32m0.1463[0m       0.8467      0.9076        [94m0.1997[0m     +  0.0000  18.2964
     20      [36m0.9767[0m        0.1472       0.8479      0.9080        [94m0.1996[0m     +  0.0000  18.2321
     21      0.9743        0.1478       0.8470      [31m0.9084[0m        0.1997        0.0000  18.2493
     22      0.9761        [32m0.1462[0m       0.8469      0.9084        0.1997        0.0000  18.2155
     23      0.9756        0.1471       0.8467      0.9081        [94m0.1996[0m     +  0.0000  18.2652
     24      0.9757        0.1468       0.8460      0.9079        0.1996        0.0000  18.2649
     25      0.9760        0.1483       0.8469      0.9082        0.1996        0.0000  18.3083
     26      0.9758        0.1471       0.8467      [31m0.9085[0m        0.1996        0.0000  18.2201
     27      0.9763        0.1472       0.8458      0.9083        0.1997        0.0000  18.2654
     28      0.9740        0.1472       0.8457      0.9082        0.1997        0.0000  18.3125
     29      0.9749        0.1472       0.8451      0.9079        0.1996        0.0000  18.2668
     30      [36m0.9768[0m        0.1470       0.8460      0.9081        0.1996        0.0000  18.2340
     31      0.9756        [32m0.1460[0m       0.8455      0.9080        0.1996        0.0000  18.2462
     32      0.9767        [32m0.1441[0m       0.8455      0.9081        0.1996        0.0000  18.3100
     33      [36m0.9769[0m        0.1460       0.8453      0.9080        0.1996        0.0000  18.2629
Stopping since valid_loss has not improved in the last 11 epochs.
Iteration 9 Test Accuracy: 0.8366
Iteration 9 Test F1 Score (micro): 0.9205
Iteration 9 Test F1 Score (macro): 0.9035
Model checkpoint saved to C:\Users\localuserSKSG\Desktop\Shubham\ActiveLearning/Multilabel_from_multiclass/DinoS/entropy_sampling_seed45_test\model_checkpoint_iteration_8.pt

Query 10: Using images from iteration=11 (entropy sampling).
Re-initializing module.
Re-initializing criterion.
Re-initializing optimizer.
  epoch    train_f1    train_loss    valid_acc    valid_f1    valid_loss    cp      lr      dur
-------  ----------  ------------  -----------  ----------  ------------  ----  ------  -------
      1      [36m0.9573[0m        [32m0.1687[0m       [35m0.8280[0m      [31m0.9025[0m        [94m0.2011[0m     +  0.0000  26.5368
      2      [36m0.9676[0m        [32m0.1498[0m       0.8236      0.9015        0.2022        0.0000  26.3681
      3      [36m0.9697[0m        [32m0.1482[0m       0.8257      0.9010        [94m0.1996[0m     +  0.0000  26.5676
      4      [36m0.9716[0m        [32m0.1435[0m       0.8214      0.9001        0.2012        0.0000  26.6122
      5      [36m0.9740[0m        [32m0.1409[0m       [35m0.8302[0m      0.9023        [94m0.1955[0m     +  0.0000  26.6007
      6      [36m0.9767[0m        [32m0.1352[0m       [35m0.8328[0m      [31m0.9034[0m        [94m0.1949[0m     +  0.0000  26.5821
      7      [36m0.9768[0m        [32m0.1343[0m       0.8307      0.9032        0.1956        0.0000  26.5350
      8      [36m0.9779[0m        [32m0.1331[0m       0.8306      0.9033        0.1959        0.0000  26.5541
      9      [36m0.9787[0m        [32m0.1315[0m       0.8321      [31m0.9041[0m        0.1952        0.0000  26.5204
     10      0.9784        [32m0.1309[0m       0.8313      0.9033        0.1957        0.0000  26.5182
     11      [36m0.9793[0m        [32m0.1295[0m       [35m0.8382[0m      0.9041        [94m0.1914[0m     +  0.0000  26.5681
     12      [36m0.9806[0m        [32m0.1286[0m       0.8344      0.9034        0.1928        0.0000  26.5500
     13      0.9796        [32m0.1279[0m       0.8354      [31m0.9042[0m        0.1919        0.0000  26.5359
     14      0.9794        [32m0.1275[0m       0.8361      0.9040        0.1915        0.0000  26.5529
     15      [36m0.9806[0m        [32m0.1271[0m       0.8351      0.9042        0.1920        0.0000  26.5370
     16      0.9805        [32m0.1258[0m       [35m0.8387[0m      [31m0.9043[0m        [94m0.1908[0m     +  0.0000  26.5528
     17      0.9806        0.1266       0.8382      0.9040        [94m0.1907[0m     +  0.0000  26.5062
     18      0.9799        0.1265       0.8385      0.9043        0.1909        0.0000  26.5648
     19      [36m0.9808[0m        0.1263       0.8385      0.9043        0.1908        0.0000  26.6025
     20      [36m0.9812[0m        [32m0.1249[0m       [35m0.8389[0m      [31m0.9045[0m        0.1909        0.0000  26.5859
     21      [36m0.9815[0m        0.1253       [35m0.8420[0m      [31m0.9058[0m        [94m0.1902[0m     +  0.0000  26.5714
     22      [36m0.9818[0m        0.1257       [35m0.8425[0m      [31m0.9060[0m        [94m0.1902[0m     +  0.0000  26.5859
     23      [36m0.9818[0m        [32m0.1245[0m       0.8425      0.9060        0.1902        0.0000  26.5696
     24      [36m0.9820[0m        0.1255       [35m0.8427[0m      [31m0.9061[0m        [94m0.1901[0m     +  0.0000  26.5696
     25      [36m0.9820[0m        0.1252       [35m0.8429[0m      [31m0.9063[0m        0.1902        0.0000  26.5213
     26      0.9820        0.1248       [35m0.8431[0m      0.9062        0.1902        0.0000  26.5181
     27      0.9809        0.1249       0.8425      0.9058        0.1901        0.0000  26.5366
     28      0.9812        0.1248       0.8427      0.9059        [94m0.1901[0m     +  0.0000  26.5872
     29      0.9810        0.1254       0.8427      0.9059        [94m0.1901[0m     +  0.0000  26.4745
     30      [36m0.9822[0m        0.1255       0.8431      0.9058        [94m0.1900[0m     +  0.0000  26.5202
     31      0.9820        0.1253       0.8427      0.9058        0.1900        0.0000  26.5096
     32      0.9820        0.1252       0.8425      0.9057        0.1900        0.0000  26.5717
     33      0.9822        0.1251       0.8425      0.9058        0.1901        0.0000  26.5381
     34      [36m0.9823[0m        0.1255       0.8425      0.9058        0.1901        0.0000  26.6024
     35      0.9819        0.1249       0.8425      0.9058        0.1901        0.0000  26.4919
     36      0.9815        [32m0.1239[0m       0.8425      0.9057        0.1901        0.0000  26.5832
     37      0.9815        0.1252       0.8424      0.9056        0.1900        0.0000  26.5208
     38      0.9812        0.1251       0.8424      0.9056        0.1901        0.0000  26.5388
     39      0.9817        0.1248       0.8424      0.9056        0.1900        0.0000  26.5538
     40      0.9819        0.1252       0.8427      0.9058        0.1900        0.0000  26.5703
Stopping since valid_loss has not improved in the last 11 epochs.
Iteration 10 Test Accuracy: 0.8398
Iteration 10 Test F1 Score (micro): 0.9232
Iteration 10 Test F1 Score (macro): 0.9069
Model checkpoint saved to C:\Users\localuserSKSG\Desktop\Shubham\ActiveLearning/Multilabel_from_multiclass/DinoS/entropy_sampling_seed45_test\model_checkpoint_iteration_9.pt

Query 11: Using images from iteration=12 (entropy sampling).
Re-initializing module.
Re-initializing criterion.
Re-initializing optimizer.
  epoch    train_f1    train_loss    valid_acc    valid_f1    valid_loss    cp      lr      dur
-------  ----------  ------------  -----------  ----------  ------------  ----  ------  -------
      1      [36m0.9694[0m        [32m0.1409[0m       [35m0.8436[0m      [31m0.8913[0m        [94m0.1897[0m     +  0.0000  40.9333
      2      [36m0.9763[0m        [32m0.1285[0m       0.8411      [31m0.8919[0m        [94m0.1869[0m     +  0.0000  41.0475
      3      [36m0.9769[0m        [32m0.1249[0m       0.8351      0.8836        0.1905        0.0000  41.3446
      4      [36m0.9782[0m        [32m0.1215[0m       0.8332      0.8868        0.1913        0.0000  41.4200
      5      [36m0.9795[0m        [32m0.1178[0m       0.8281      0.8843        0.1954        0.0000  41.2700
      6      [36m0.9811[0m        [32m0.1135[0m       0.8361      0.8903        [94m0.1854[0m     +  0.0000  41.3472
      7      [36m0.9814[0m        [32m0.1119[0m       0.8349      0.8913        [94m0.1850[0m     +  0.0000  41.4099
      8      [36m0.9815[0m        [32m0.1109[0m       0.8345      0.8901        0.1861        0.0000  41.3428
      9      [36m0.9821[0m        [32m0.1094[0m       0.8344      0.8896        [94m0.1849[0m     +  0.0000  41.3128
     10      [36m0.9829[0m        [32m0.1079[0m       0.8316      0.8856        0.1871        0.0000  41.3449
     11      [36m0.9834[0m        [32m0.1067[0m       0.8332      [31m0.8972[0m        [94m0.1831[0m     +  0.0000  41.3669
     12      [36m0.9835[0m        [32m0.1059[0m       0.8342      [31m0.8978[0m        [94m0.1825[0m     +  0.0000  41.3556
     13      [36m0.9839[0m        [32m0.1054[0m       0.8323      0.8975        [94m0.1825[0m     +  0.0000  41.1581
     14      0.9839        [32m0.1051[0m       0.8340      0.8971        [94m0.1824[0m     +  0.0000  41.4779
     15      [36m0.9839[0m        [32m0.1046[0m       0.8356      0.8967        0.1825        0.0000  41.2015
     16      [36m0.9850[0m        [32m0.1037[0m       0.8342      [31m0.8989[0m        [94m0.1821[0m     +  0.0000  41.2824
     17      0.9844        [32m0.1033[0m       0.8347      [31m0.8991[0m        0.1822        0.0000  41.3118
     18      0.9846        [32m0.1032[0m       0.8352      [31m0.9005[0m        0.1822        0.0000  41.2835
     19      0.9846        [32m0.1032[0m       0.8359      0.8998        [94m0.1821[0m     +  0.0000  41.3591
     20      [36m0.9851[0m        0.1036       0.8354      0.8997        0.1821        0.0000  41.1738
     21      [36m0.9851[0m        [32m0.1025[0m       0.8344      0.8996        0.1822        0.0000  41.2024
     22      0.9848        0.1026       0.8356      [31m0.9010[0m        0.1824        0.0000  41.3731
     23      [36m0.9854[0m        [32m0.1024[0m       0.8342      0.8996        0.1822        0.0000  41.4188
     24      0.9851        [32m0.1024[0m       0.8342      0.8995        0.1822        0.0000  41.3108
     25      0.9850        0.1026       0.8342      0.8998        0.1821        0.0000  41.6048
     26      0.9853        [32m0.1021[0m       0.8354      0.9009        0.1822        0.0000  41.3627
Stopping since valid_loss has not improved in the last 11 epochs.
Iteration 11 Test Accuracy: 0.8427
Iteration 11 Test F1 Score (micro): 0.9253
Iteration 11 Test F1 Score (macro): 0.9107
Model checkpoint saved to C:\Users\localuserSKSG\Desktop\Shubham\ActiveLearning/Multilabel_from_multiclass/DinoS/entropy_sampling_seed45_test\model_checkpoint_iteration_10.pt

Query 12: Using images from iteration=13 (entropy sampling).
Re-initializing module.
Re-initializing criterion.
Re-initializing optimizer.
  epoch    train_f1    train_loss    valid_acc    valid_f1    valid_loss    cp      lr      dur
-------  ----------  ------------  -----------  ----------  ------------  ----  ------  -------
      1      [36m0.9785[0m        [32m0.1095[0m       [35m0.8373[0m      [31m0.9078[0m        [94m0.1902[0m     +  0.0000  66.9862
      2      [36m0.9818[0m        [32m0.1007[0m       [35m0.8427[0m      [31m0.9093[0m        [94m0.1851[0m     +  0.0000  67.5392
      3      [36m0.9824[0m        [32m0.0962[0m       0.8382      0.9071        0.1904        0.0000  67.6034
      4      [36m0.9829[0m        [32m0.0930[0m       0.8368      0.9064        0.1860        0.0000  67.6607
      5      [36m0.9840[0m        [32m0.0888[0m       0.8158      0.8962        0.2180        0.0000  67.6756
      6      [36m0.9856[0m        [32m0.0852[0m       0.8399      0.9076        [94m0.1830[0m     +  0.0000  67.6308
      7      [36m0.9863[0m        [32m0.0837[0m       0.8365      0.9059        0.1854        0.0000  67.6005
      8      [36m0.9866[0m        [32m0.0823[0m       0.8356      0.9056        0.1875        0.0000  67.5827
      9      0.9865        [32m0.0810[0m       0.8424      0.9079        [94m0.1822[0m     +  0.0000  67.7706
     10      [36m0.9874[0m        [32m0.0794[0m       0.8415      0.9067        [94m0.1811[0m     +  0.0000  67.9250
     11      [36m0.9879[0m        [32m0.0778[0m       0.8394      0.9052        [94m0.1783[0m     +  0.0000  67.6396
     12      0.9879        [32m0.0771[0m       0.8396      0.9047        [94m0.1776[0m     +  0.0000  67.5950
     13      [36m0.9880[0m        [32m0.0768[0m       0.8356      0.9035        0.1796        0.0000  67.4284
     14      [36m0.9884[0m        [32m0.0759[0m       0.8391      0.9046        0.1777        0.0000  67.7065
     15      [36m0.9885[0m        [32m0.0757[0m       0.8394      0.9050        0.1786        0.0000  67.3795
     16      [36m0.9887[0m        [32m0.0749[0m       0.8375      0.9026        [94m0.1756[0m     +  0.0000  67.5361
     17      [36m0.9892[0m        [32m0.0742[0m       0.8375      0.9021        [94m0.1750[0m     +  0.0000  67.5366
     18      0.9890        0.0745       0.8375      0.9024        0.1751        0.0000  67.5825
     19      0.9887        0.0746       0.8377      0.9020        0.1751        0.0000  67.6374
     20      0.9891        [32m0.0740[0m       0.8366      0.9013        [94m0.1748[0m     +  0.0000  67.5505
     21      [36m0.9892[0m        [32m0.0736[0m       0.8373      0.9017        [94m0.1745[0m     +  0.0000  67.5227
     22      0.9892        [32m0.0733[0m       0.8372      0.9010        [94m0.1743[0m     +  0.0000  67.6121
     23      [36m0.9894[0m        0.0735       0.8377      0.9020        0.1746        0.0000  67.6306
     24      [36m0.9895[0m        0.0733       0.8366      0.9012        0.1746        0.0000  67.4283
     25      0.9894        [32m0.0731[0m       0.8375      0.9017        0.1745        0.0000  67.6608
     26      [36m0.9897[0m        0.0732       0.8365      0.9005        [94m0.1742[0m     +  0.0000  68.5780
     27      [36m0.9898[0m        [32m0.0731[0m       0.8363      0.9002        [94m0.1741[0m     +  0.0000  67.4738
     28      0.9896        [32m0.0726[0m       0.8365      0.9004        0.1741        0.0000  67.5575
     29      0.9895        0.0733       0.8361      0.9002        0.1742        0.0000  67.6147
     30      0.9897        0.0726       0.8363      0.9002        0.1742        0.0000  68.4798
     31      0.9896        0.0728       0.8363      0.9003        [94m0.1741[0m     +  0.0000  68.6509
     32      0.9895        0.0730       0.8366      0.9006        0.1741        0.0000  67.5599
     33      0.9894        0.0726       0.8368      0.9006        [94m0.1740[0m     +  0.0000  67.5715
     34      0.9894        0.0730       0.8370      0.9007        0.1741        0.0000  67.7437
     35      0.9892        0.0728       0.8366      0.9004        [94m0.1740[0m     +  0.0000  67.6295
     36      0.9894        [32m0.0726[0m       0.8366      0.9004        [94m0.1740[0m     +  0.0000  67.6364
     37      0.9897        0.0726       0.8366      0.9005        [94m0.1740[0m     +  0.0000  67.6331
     38      0.9894        0.0728       0.8366      0.9005        [94m0.1740[0m     +  0.0000  67.6816
     39      0.9894        0.0729       0.8368      0.9006        0.1740        0.0000  67.6190
     40      0.9894        0.0729       0.8366      0.9005        0.1740        0.0000  67.5187
     41      0.9897        0.0728       0.8368      0.9007        0.1740        0.0000  67.6311
     42      0.9892        0.0731       0.8366      0.9005        0.1740        0.0000  67.6604
     43      0.9898        0.0728       0.8368      0.9007        0.1740        0.0000  67.7264
     44      0.9893        0.0727       0.8368      0.9007        0.1740        0.0000  67.5060
     45      0.9896        0.0728       0.8366      0.9005        0.1740        0.0000  67.7589
     46      0.9898        0.0728       0.8366      0.9005        0.1740        0.0000  67.7499
     47      0.9895        0.0729       0.8366      0.9005        0.1740        0.0000  70.9325
     48      0.9896        0.0727       0.8366      0.9005        0.1740        0.0000  69.0360
Stopping since valid_loss has not improved in the last 11 epochs.
Iteration 12 Test Accuracy: 0.8479
Iteration 12 Test F1 Score (micro): 0.9285
Iteration 12 Test F1 Score (macro): 0.9166
Model checkpoint saved to C:\Users\localuserSKSG\Desktop\Shubham\ActiveLearning/Multilabel_from_multiclass/DinoS/entropy_sampling_seed45_test\model_checkpoint_iteration_11.pt

Query 13: Using images from iteration=14 (entropy sampling).
Re-initializing module.
Re-initializing criterion.
Re-initializing optimizer.
  epoch    train_f1    train_loss    valid_acc    valid_f1    valid_loss    cp      lr      dur
-------  ----------  ------------  -----------  ----------  ------------  ----  ------  -------
      1      [36m0.9806[0m        [32m0.0830[0m       [35m0.7811[0m      [31m0.8840[0m        [94m0.2354[0m     +  0.0000  78.1521
      2      [36m0.9854[0m        [32m0.0732[0m       [35m0.8345[0m      [31m0.8917[0m        [94m0.1699[0m     +  0.0000  78.2776
      3      0.9854        [32m0.0715[0m       0.8009      [31m0.8951[0m        0.2186        0.0000  78.1732
      4      [36m0.9872[0m        [32m0.0675[0m       0.8158      [31m0.8967[0m        0.1877        0.0000  78.1072
      5      0.9871        [32m0.0656[0m       0.8332      0.8771        0.1804        0.0000  78.3584
      6      [36m0.9893[0m        [32m0.0616[0m       [35m0.8351[0m      [31m0.9016[0m        0.1765        0.0000  78.2663
      7      [36m0.9900[0m        [32m0.0603[0m       [35m0.8405[0m      0.8983        0.1717        0.0000  78.2428
      8      [36m0.9904[0m        [32m0.0587[0m       [35m0.8411[0m      0.8984        0.1722        0.0000  78.4246
      9      [36m0.9906[0m        [32m0.0576[0m       [35m0.8417[0m      0.8948        0.1735        0.0000  78.3559
     10      [36m0.9912[0m        [32m0.0564[0m       0.8375      0.8916        0.1781        0.0000  78.2769
     11      [36m0.9918[0m        [32m0.0549[0m       0.8408      [31m0.9021[0m        0.1754        0.0000  78.2952
     12      [36m0.9923[0m        [32m0.0539[0m       0.8406      [31m0.9026[0m        0.1760        0.0000  78.3453
Stopping since valid_loss has not improved in the last 11 epochs.
Iteration 13 Test Accuracy: 0.8535
Iteration 13 Test F1 Score (micro): 0.9311
Iteration 13 Test F1 Score (macro): 0.9194
Model checkpoint saved to C:\Users\localuserSKSG\Desktop\Shubham\ActiveLearning/Multilabel_from_multiclass/DinoS/entropy_sampling_seed45_test\model_checkpoint_iteration_12.pt

Best F1 score across all iterations: 0.9194
Pickle file saved to C:\Users\localuserSKSG\Desktop\Shubham\ActiveLearning/Multilabel_from_multiclass/DinoS/entropy_sampling_seed45_test\AL_margin_sampling_results_for_multilabel_classification_s45.pickle
