3
multiclass_train_df shape: (26880, 2)
multiclass_test_df shape: (5760, 2)
multiclass_val_df shape: (5760, 2)
Calculated train_size: 16

Iteration 1: Using initial samples.
  epoch    train_f1    train_loss    valid_acc    valid_f1    valid_loss    cp      lr      dur
-------  ----------  ------------  -----------  ----------  ------------  ----  ------  -------
      1      [36m0.1250[0m        [32m2.1278[0m       [35m0.1677[0m      [31m0.1677[0m        [94m2.0542[0m     +  0.0000  23.1819
      2      [36m0.5000[0m        [32m1.6515[0m       [35m0.2377[0m      [31m0.2377[0m        [94m2.0213[0m     +  0.0000  23.3831
      3      [36m0.6250[0m        [32m1.4650[0m       0.2300      0.2300        [94m1.9865[0m     +  0.0000  21.3411
      4      0.6250        [32m1.4459[0m       0.1792      0.1792        [94m1.9784[0m     +  0.0000  21.3434
      5      [36m1.0000[0m        [32m0.8297[0m       0.1229      0.1229        1.9934        0.0000  21.1712
      6      0.8750        1.0085       0.1104      0.1104        2.0018        0.0000  20.8283
      7      1.0000        [32m0.7459[0m       0.0962      0.0962        2.0168        0.0000  21.1996
      8      1.0000        [32m0.7205[0m       0.0845      0.0845        2.0399        0.0000  21.1361
      9      1.0000        [32m0.4696[0m       0.0797      0.0797        2.0595        0.0000  21.2268
     10      0.8750        0.7379       0.0753      0.0753        2.0859        0.0000  20.8868
     11      0.8750        0.6935       0.0764      0.0764        2.1177        0.0000  20.9771
     12      1.0000        0.6246       0.0665      0.0665        2.1407        0.0000  20.9596
     13      1.0000        0.6990       0.0571      0.0571        2.1538        0.0000  21.0671
     14      1.0000        0.5506       0.0517      0.0517        2.1595        0.0000  21.0838
     15      1.0000        0.4924       0.0458      0.0458        2.1733        0.0000  21.1481
     16      1.0000        0.7199       0.0382      0.0382        2.1849        0.0000  21.1182
     17      1.0000        0.6501       0.0325      0.0325        2.2035        0.0000  20.8055
     18      1.0000        0.5544       0.0280      0.0280        2.2170        0.0000  20.8821
     19      1.0000        0.6782       0.0280      0.0280        2.2370        0.0000  21.1027
Stopping since valid_loss has not improved in the last 16 epochs.
Iteration 1: Test F1 Micro Score: 0.04895833333333333
Iteration 1: Test F1 Macro Score: 0.04504180245422224
Model checkpoint saved to C:\Users\localuserSKSG\Desktop\Shubham\RandomSampling/Multiclass/EfficientNet/seed_43/model_checkpoint_iteration_0.pt

Iteration 2: Requesting 16 samples.
Re-initializing module.
Re-initializing criterion.
Re-initializing optimizer.
  epoch    train_f1    train_loss    valid_acc    valid_f1    valid_loss    cp      lr      dur
-------  ----------  ------------  -----------  ----------  ------------  ----  ------  -------
      1      [36m0.3333[0m        [32m1.7570[0m       [35m0.3403[0m      [31m0.3403[0m        [94m1.8794[0m     +  0.0000  21.7436
      2      [36m0.7917[0m        [32m1.2241[0m       [35m0.4019[0m      [31m0.4019[0m        [94m1.8480[0m     +  0.0000  21.4057
      3      [36m0.9167[0m        [32m1.1025[0m       [35m0.4415[0m      [31m0.4415[0m        [94m1.8313[0m     +  0.0000  21.3473
      4      0.9167        [32m0.9274[0m       [35m0.4533[0m      [31m0.4533[0m        [94m1.8225[0m     +  0.0000  21.8727
      5      [36m1.0000[0m        [32m0.7257[0m       [35m0.4549[0m      [31m0.4549[0m        [94m1.7953[0m     +  0.0000  21.7288
      6      0.8333        0.8271       [35m0.4554[0m      [31m0.4554[0m        [94m1.7868[0m     +  0.0000  21.4626
      7      0.9167        0.7523       [35m0.4587[0m      [31m0.4587[0m        [94m1.7860[0m     +  0.0000  21.7116
      8      0.9167        [32m0.6530[0m       0.4575      0.4575        [94m1.7846[0m     +  0.0000  21.6163
      9      0.9167        [32m0.5991[0m       0.4559      0.4559        [94m1.7786[0m     +  0.0000  21.7620
     10      1.0000        [32m0.4748[0m       0.4561      0.4561        [94m1.7551[0m     +  0.0000  21.6515
     11      0.9583        0.5414       [35m0.4641[0m      [31m0.4641[0m        [94m1.7374[0m     +  0.0000  21.5697
     12      0.9167        0.5643       [35m0.4694[0m      [31m0.4694[0m        [94m1.7218[0m     +  0.0000  21.5849
     13      0.9167        0.5867       [35m0.4752[0m      [31m0.4752[0m        [94m1.7045[0m     +  0.0000  21.6083
     14      1.0000        0.4816       [35m0.4774[0m      [31m0.4774[0m        [94m1.6859[0m     +  0.0000  22.1614
     15      0.8333        0.6879       0.4773      0.4773        [94m1.6741[0m     +  0.0000  21.5387
     16      0.9583        0.5404       [35m0.4790[0m      [31m0.4790[0m        [94m1.6550[0m     +  0.0000  21.6753
     17      0.9583        0.5025       [35m0.4839[0m      [31m0.4839[0m        [94m1.6461[0m     +  0.0000  21.4540
     18      1.0000        0.4822       [35m0.4880[0m      [31m0.4880[0m        [94m1.6394[0m     +  0.0000  21.4221
     19      0.9167        0.6028       [35m0.4915[0m      [31m0.4915[0m        [94m1.6350[0m     +  0.0000  21.4330
     20      0.9167        0.5713       [35m0.4990[0m      [31m0.4990[0m        [94m1.6299[0m     +  0.0000  21.9350
     21      1.0000        [32m0.4559[0m       [35m0.5014[0m      [31m0.5014[0m        [94m1.6288[0m     +  0.0000  21.5345
     22      0.9583        0.4976       [35m0.5036[0m      [31m0.5036[0m        [94m1.6267[0m     +  0.0000  21.7190
     23      1.0000        [32m0.4358[0m       [35m0.5064[0m      [31m0.5064[0m        [94m1.6248[0m     +  0.0000  21.6094
     24      0.9583        0.4816       0.5061      0.5061        [94m1.6224[0m     +  0.0000  21.4245
     25      0.9167        0.5194       0.5038      0.5038        [94m1.6185[0m     +  0.0000  21.6497
     26      0.9583        0.4701       0.5038      0.5038        [94m1.6169[0m     +  0.0000  21.3872
     27      1.0000        0.4681       0.5047      0.5047        [94m1.6152[0m     +  0.0000  21.5034
     28      0.9167        0.5129       0.5043      0.5043        1.6204        0.0000  21.5930
     29      0.9583        0.4556       0.5035      0.5035        1.6224        0.0000  21.6416
     30      0.9583        0.4393       0.5033      0.5033        1.6242        0.0000  22.9201
     31      1.0000        [32m0.4273[0m       0.5035      0.5035        1.6269        0.0000  24.5038
     32      1.0000        0.4780       0.5024      0.5024        1.6251        0.0000  21.8623
     33      0.9167        0.5627       0.5017      0.5017        1.6216        0.0000  21.7307
     34      1.0000        [32m0.3955[0m       0.5009      0.5009        1.6226        0.0000  21.4040
     35      1.0000        0.4307       0.5014      0.5014        1.6212        0.0000  21.6562
     36      1.0000        0.4699       0.5003      0.5003        1.6238        0.0000  21.4412
     37      0.9167        0.4972       0.5024      0.5024        1.6260        0.0000  21.4975
     38      1.0000        0.4306       0.5035      0.5035        1.6285        0.0000  21.4667
     39      0.9167        0.4968       0.5021      0.5021        1.6345        0.0000  21.3308
     40      1.0000        0.4608       0.5023      0.5023        1.6360        0.0000  21.6721
     41      0.9583        0.5713       0.5005      0.5005        1.6341        0.0000  21.7968
     42      1.0000        0.4533       0.5017      0.5017        1.6299        0.0000  21.7163
Stopping since valid_loss has not improved in the last 16 epochs.
Iteration 2: Test F1 Micro Score: 0.5329861111111112
Iteration 2: Test F1 Macro Score: 0.21336030646669146
Model checkpoint saved to C:\Users\localuserSKSG\Desktop\Shubham\RandomSampling/Multiclass/EfficientNet/seed_43/model_checkpoint_iteration_1.pt

Iteration 3: Requesting 32 samples.
Re-initializing module.
Re-initializing criterion.
Re-initializing optimizer.
  epoch    train_f1    train_loss    valid_acc    valid_f1    valid_loss    cp      lr      dur
-------  ----------  ------------  -----------  ----------  ------------  ----  ------  -------
      1      [36m0.6429[0m        [32m1.1459[0m       [35m0.5542[0m      [31m0.5542[0m        [94m1.4530[0m     +  0.0000  22.5313
      2      [36m0.7857[0m        [32m0.7802[0m       [35m0.5686[0m      [31m0.5686[0m        [94m1.3571[0m     +  0.0000  22.7299
      3      [36m0.8214[0m        [32m0.6789[0m       [35m0.5816[0m      [31m0.5816[0m        [94m1.2905[0m     +  0.0000  22.9350
      4      [36m0.8750[0m        [32m0.6202[0m       [35m0.5858[0m      [31m0.5858[0m        [94m1.2525[0m     +  0.0000  22.6582
      5      [36m0.9286[0m        [32m0.4807[0m       0.5844      0.5844        [94m1.2402[0m     +  0.0000  22.5271
      6      0.9286        [32m0.4632[0m       0.5832      0.5832        [94m1.2254[0m     +  0.0000  22.7051
      7      [36m0.9643[0m        0.4725       0.5856      0.5856        [94m1.2066[0m     +  0.0000  22.6250
      8      0.9464        0.4820       [35m0.5884[0m      [31m0.5884[0m        [94m1.1860[0m     +  0.0000  22.3324
      9      0.9286        0.4773       0.5877      0.5877        1.1952        0.0000  22.6869
     10      0.9643        [32m0.3728[0m       0.5852      0.5852        1.1990        0.0000  22.2938
     11      0.9464        0.4189       0.5856      0.5856        1.1902        0.0000  22.8280
     12      [36m0.9821[0m        [32m0.3116[0m       0.5882      0.5882        [94m1.1845[0m     +  0.0000  22.5993
     13      0.9464        0.4038       [35m0.5887[0m      [31m0.5887[0m        [94m1.1770[0m     +  0.0000  22.5717
     14      0.9643        0.3599       0.5885      0.5885        [94m1.1650[0m     +  0.0000  22.5818
     15      0.9464        0.3859       [35m0.5889[0m      [31m0.5889[0m        1.1712        0.0000  22.6066
     16      0.9643        0.3467       0.5887      0.5887        1.1718        0.0000  22.6523
     17      0.9821        0.3531       [35m0.5898[0m      [31m0.5898[0m        1.1726        0.0000  22.7814
     18      0.9821        [32m0.2885[0m       [35m0.5899[0m      [31m0.5899[0m        1.1683        0.0000  22.6398
     19      0.9643        0.3484       0.5891      0.5891        1.1748        0.0000  22.3833
     20      0.9821        0.3115       [35m0.5906[0m      [31m0.5906[0m        1.1682        0.0000  22.7820
     21      0.9643        0.3380       0.5903      0.5903        [94m1.1626[0m     +  0.0000  22.7659
     22      0.9821        0.3044       [35m0.5910[0m      [31m0.5910[0m        1.1692        0.0000  22.5359
     23      0.9464        0.3406       0.5906      0.5906        1.1694        0.0000  22.5560
     24      0.9643        0.3680       0.5908      0.5908        1.1665        0.0000  22.9728
     25      0.9286        0.3790       0.5891      0.5891        1.1686        0.0000  22.6804
     26      0.9464        0.3153       0.5884      0.5884        1.1746        0.0000  22.5695
     27      0.9821        0.3009       0.5903      0.5903        1.1714        0.0000  22.4887
     28      0.9643        0.3184       0.5891      0.5891        1.1683        0.0000  22.6878
     29      0.9821        [32m0.2618[0m       0.5896      0.5896        1.1684        0.0000  22.9839
     30      0.9643        0.3134       0.5884      0.5884        1.1764        0.0000  22.7188
     31      0.9643        0.3246       0.5891      0.5891        1.1789        0.0000  22.7171
     32      0.9821        0.3203       0.5899      0.5899        1.1724        0.0000  22.7516
     33      0.9643        0.3425       0.5899      0.5899        1.1645        0.0000  22.5939
     34      0.9464        0.3375       0.5896      0.5896        1.1726        0.0000  22.6251
     35      0.9821        0.2636       0.5899      0.5899        1.1729        0.0000  24.3123
     36      0.9464        0.3224       0.5894      0.5894        1.1669        0.0000  25.5846
Stopping since valid_loss has not improved in the last 16 epochs.
Iteration 3: Test F1 Micro Score: 0.6571180555555556
Iteration 3: Test F1 Macro Score: 0.2713158843261892
Model checkpoint saved to C:\Users\localuserSKSG\Desktop\Shubham\RandomSampling/Multiclass/EfficientNet/seed_43/model_checkpoint_iteration_2.pt

Iteration 4: Requesting 64 samples.
Re-initializing module.
Re-initializing criterion.
Re-initializing optimizer.
  epoch    train_f1    train_loss    valid_acc    valid_f1    valid_loss    cp      lr      dur
-------  ----------  ------------  -----------  ----------  ------------  ----  ------  -------
      1      [36m0.7500[0m        [32m0.8324[0m       [35m0.6927[0m      [31m0.6927[0m        [94m0.9425[0m     +  0.0000  24.6903
      2      [36m0.8667[0m        [32m0.5348[0m       [35m0.6974[0m      [31m0.6974[0m        [94m0.8911[0m     +  0.0000  24.9786
      3      [36m0.9000[0m        [32m0.4438[0m       0.6918      0.6918        0.9156        0.0000  24.9220
      4      [36m0.9333[0m        [32m0.3686[0m       [35m0.7050[0m      [31m0.7050[0m        [94m0.8502[0m     +  0.0000  24.4028
      5      0.9333        [32m0.3578[0m       0.7031      0.7031        [94m0.8472[0m     +  0.0000  24.4065
      6      [36m0.9667[0m        [32m0.2512[0m       0.7043      0.7043        [94m0.8446[0m     +  0.0000  24.5406
      7      [36m0.9750[0m        0.2839       [35m0.7082[0m      [31m0.7082[0m        0.8473        0.0000  24.5751
      8      0.9583        0.2801       0.7056      0.7056        0.8520        0.0000  24.9682
      9      0.9583        0.2736       0.7061      0.7061        [94m0.8412[0m     +  0.0000  24.5005
     10      0.9750        [32m0.2340[0m       0.7075      0.7075        [94m0.8363[0m     +  0.0000  24.4755
     11      0.9667        [32m0.2271[0m       0.7059      0.7059        0.8430        0.0000  24.4408
     12      0.9583        0.2376       0.7054      0.7054        0.8522        0.0000  24.5444
     13      0.9750        [32m0.2257[0m       0.7005      0.7005        0.8654        0.0000  24.4974
     14      [36m0.9833[0m        [32m0.2058[0m       0.7054      0.7054        0.8596        0.0000  24.8266
     15      0.9667        0.2381       [35m0.7095[0m      [31m0.7095[0m        0.8599        0.0000  24.5161
     16      0.9750        0.2251       0.7095      0.7095        0.8562        0.0000  24.3603
     17      0.9667        0.2161       [35m0.7109[0m      [31m0.7109[0m        0.8411        0.0000  24.6102
     18      0.9750        0.2222       0.7097      0.7097        0.8540        0.0000  24.9798
     19      [36m0.9917[0m        [32m0.1864[0m       0.7069      0.7069        0.8604        0.0000  24.5525
     20      0.9667        0.2139       0.7050      0.7050        0.8654        0.0000  24.5121
     21      0.9917        0.1891       0.7069      0.7069        0.8663        0.0000  24.5571
     22      0.9750        0.1970       0.7061      0.7061        0.8641        0.0000  24.5850
     23      0.9583        0.2183       0.7056      0.7056        0.8619        0.0000  24.7312
     24      0.9833        0.1874       0.7092      0.7092        0.8533        0.0000  24.4734
     25      0.9833        0.1939       [35m0.7115[0m      [31m0.7115[0m        0.8481        0.0000  24.5583
Stopping since valid_loss has not improved in the last 16 epochs.
Iteration 4: Test F1 Micro Score: 0.7383680555555554
Iteration 4: Test F1 Macro Score: 0.30879595451168107
Model checkpoint saved to C:\Users\localuserSKSG\Desktop\Shubham\RandomSampling/Multiclass/EfficientNet/seed_43/model_checkpoint_iteration_3.pt

Iteration 5: Requesting 96 samples.
Re-initializing module.
Re-initializing criterion.
Re-initializing optimizer.
  epoch    train_f1    train_loss    valid_acc    valid_f1    valid_loss    cp      lr      dur
-------  ----------  ------------  -----------  ----------  ------------  ----  ------  -------
      1      [36m0.8287[0m        [32m0.5586[0m       [35m0.7144[0m      [31m0.7144[0m        [94m0.7743[0m     +  0.0000  27.7248
      2      [36m0.9213[0m        [32m0.3863[0m       [35m0.7312[0m      [31m0.7312[0m        [94m0.7645[0m     +  0.0000  27.4827
      3      [36m0.9306[0m        [32m0.3192[0m       [35m0.7326[0m      [31m0.7326[0m        [94m0.7625[0m     +  0.0000  27.8345
      4      [36m0.9583[0m        [32m0.2625[0m       0.7307      0.7307        [94m0.7473[0m     +  0.0000  27.4860
      5      [36m0.9630[0m        [32m0.2171[0m       [35m0.7384[0m      [31m0.7384[0m        0.7615        0.0000  27.3661
      6      0.9537        0.2186       0.7361      0.7361        [94m0.7468[0m     +  0.0000  27.5651
      7      [36m0.9676[0m        [32m0.1862[0m       0.7363      0.7363        0.7581        0.0000  27.4936
      8      [36m0.9722[0m        [32m0.1610[0m       0.7328      0.7328        0.7527        0.0000  27.7029
      9      0.9722        [32m0.1471[0m       0.7345      0.7345        0.7606        0.0000  27.6619
     10      [36m0.9907[0m        [32m0.1459[0m       0.7382      0.7382        0.7592        0.0000  27.4525
     11      0.9722        0.1751       0.7337      0.7337        0.7580        0.0000  27.3373
     12      0.9676        0.1592       0.7332      0.7332        0.7603        0.0000  28.2723
     13      0.9907        [32m0.1161[0m       0.7323      0.7323        0.7780        0.0000  30.2373
     14      0.9769        0.1424       0.7333      0.7333        0.7655        0.0000  27.1209
     15      0.9907        0.1352       0.7356      0.7356        0.7618        0.0000  27.6132
     16      0.9815        0.1264       0.7351      0.7351        0.7705        0.0000  27.6022
     17      0.9815        0.1386       0.7375      0.7375        0.7634        0.0000  27.6201
     18      [36m0.9954[0m        0.1194       0.7382      0.7382        0.7662        0.0000  27.2789
     19      0.9861        0.1228       0.7366      0.7366        0.7732        0.0000  27.7276
     20      0.9815        0.1550       [35m0.7394[0m      [31m0.7394[0m        0.7657        0.0000  27.3595
     21      0.9954        [32m0.1141[0m       0.7352      0.7352        0.7852        0.0000  27.5847
Stopping since valid_loss has not improved in the last 16 epochs.
Iteration 5: Test F1 Micro Score: 0.7685763888888889
Iteration 5: Test F1 Macro Score: 0.32863844652910257
Model checkpoint saved to C:\Users\localuserSKSG\Desktop\Shubham\RandomSampling/Multiclass/EfficientNet/seed_43/model_checkpoint_iteration_4.pt

Iteration 6: Requesting 176 samples.
Re-initializing module.
Re-initializing criterion.
Re-initializing optimizer.
  epoch    train_f1    train_loss    valid_acc    valid_f1    valid_loss    cp      lr      dur
-------  ----------  ------------  -----------  ----------  ------------  ----  ------  -------
      1      [36m0.8929[0m        [32m0.4105[0m       [35m0.7464[0m      [31m0.7464[0m        [94m0.7542[0m     +  0.0000  33.0738
      2      [36m0.9388[0m        [32m0.2407[0m       [35m0.7599[0m      [31m0.7599[0m        [94m0.7392[0m     +  0.0000  33.2401
      3      [36m0.9490[0m        [32m0.2018[0m       0.7566      0.7566        0.7626        0.0000  32.8730
      4      [36m0.9694[0m        [32m0.1606[0m       [35m0.7625[0m      [31m0.7625[0m        0.7520        0.0000  32.9347
      5      [36m0.9770[0m        [32m0.1432[0m       0.7543      0.7543        0.7802        0.0000  32.8423
      6      [36m0.9847[0m        [32m0.1156[0m       0.7569      0.7569        0.7852        0.0000  33.0517
      7      0.9796        0.1166       0.7576      0.7576        0.7849        0.0000  32.6654
      8      [36m0.9923[0m        [32m0.1003[0m       0.7595      0.7595        0.7938        0.0000  33.1499
      9      0.9872        0.1025       0.7595      0.7595        0.7919        0.0000  33.0591
     10      [36m0.9974[0m        [32m0.0784[0m       0.7597      0.7597        0.8230        0.0000  33.0751
     11      0.9872        [32m0.0784[0m       0.7611      0.7611        0.7997        0.0000  32.8827
     12      0.9923        0.0868       0.7594      0.7594        0.8119        0.0000  32.7110
     13      0.9847        0.0916       0.7594      0.7594        0.8249        0.0000  32.8025
     14      0.9898        0.0799       0.7604      0.7604        0.8134        0.0000  32.9266
     15      0.9949        [32m0.0721[0m       0.7618      0.7618        0.8067        0.0000  33.2453
     16      [36m1.0000[0m        0.0754       [35m0.7637[0m      [31m0.7637[0m        0.7956        0.0000  33.0103
     17      0.9949        [32m0.0645[0m       [35m0.7641[0m      [31m0.7641[0m        0.8099        0.0000  32.9808
Stopping since valid_loss has not improved in the last 16 epochs.
Iteration 6: Test F1 Micro Score: 0.7930555555555556
Iteration 6: Test F1 Macro Score: 0.3679739701988276
Model checkpoint saved to C:\Users\localuserSKSG\Desktop\Shubham\RandomSampling/Multiclass/EfficientNet/seed_43/model_checkpoint_iteration_5.pt

Iteration 7: Requesting 320 samples.
Re-initializing module.
Re-initializing criterion.
Re-initializing optimizer.
  epoch    train_f1    train_loss    valid_acc    valid_f1    valid_loss    cp      lr      dur
-------  ----------  ------------  -----------  ----------  ------------  ----  ------  -------
      1      [36m0.8708[0m        [32m0.3902[0m       [35m0.7569[0m      [31m0.7569[0m        [94m0.8042[0m     +  0.0000  42.6977
      2      [36m0.9284[0m        [32m0.2438[0m       [35m0.7651[0m      [31m0.7651[0m        [94m0.7690[0m     +  0.0000  42.7739
      3      [36m0.9551[0m        [32m0.1877[0m       [35m0.7691[0m      [31m0.7691[0m        0.7855        0.0000  42.7276
      4      [36m0.9677[0m        [32m0.1549[0m       [35m0.7710[0m      [31m0.7710[0m        0.7913        0.0000  44.1150
      5      0.9621        [32m0.1416[0m       0.7694      0.7694        0.8170        0.0000  44.5022
      6      [36m0.9719[0m        [32m0.1278[0m       [35m0.7757[0m      [31m0.7757[0m        0.8255        0.0000  45.7886
      7      [36m0.9874[0m        [32m0.1008[0m       0.7740      0.7740        0.8345        0.0000  41.9730
      8      0.9817        [32m0.0953[0m       [35m0.7762[0m      [31m0.7762[0m        0.8201        0.0000  39.2184
      9      0.9831        [32m0.0891[0m       0.7729      0.7729        0.8580        0.0000  39.6540
     10      0.9874        [32m0.0741[0m       0.7760      0.7760        0.8628        0.0000  40.1506
     11      0.9860        0.0853       [35m0.7788[0m      [31m0.7788[0m        0.8536        0.0000  39.6227
     12      [36m0.9888[0m        [32m0.0722[0m       0.7778      0.7778        0.8829        0.0000  40.2469
     13      [36m0.9930[0m        [32m0.0637[0m       0.7753      0.7753        0.8726        0.0000  39.6348
     14      0.9916        0.0641       [35m0.7793[0m      [31m0.7793[0m        0.8693        0.0000  39.2612
     15      0.9902        [32m0.0581[0m       0.7753      0.7753        0.8798        0.0000  39.7480
     16      0.9930        0.0586       0.7769      0.7769        0.8986        0.0000  41.1195
     17      0.9888        0.0696       0.7769      0.7769        0.8834        0.0000  39.7175
Stopping since valid_loss has not improved in the last 16 epochs.
Iteration 7: Test F1 Micro Score: 0.8185763888888888
Iteration 7: Test F1 Macro Score: 0.43578245145791816
Model checkpoint saved to C:\Users\localuserSKSG\Desktop\Shubham\RandomSampling/Multiclass/EfficientNet/seed_43/model_checkpoint_iteration_6.pt

Iteration 8: Requesting 560 samples.
Re-initializing module.
Re-initializing criterion.
Re-initializing optimizer.
  epoch    train_f1    train_loss    valid_acc    valid_f1    valid_loss    cp      lr      dur
-------  ----------  ------------  -----------  ----------  ------------  ----  ------  -------
      1      [36m0.8947[0m        [32m0.3579[0m       [35m0.7863[0m      [31m0.7863[0m        [94m0.7637[0m     +  0.0000  56.5460
      2      [36m0.9371[0m        [32m0.2303[0m       0.7858      0.7858        0.7705        0.0000  56.4476
      3      [36m0.9528[0m        [32m0.1885[0m       0.7851      0.7851        0.7905        0.0000  56.9492
      4      [36m0.9623[0m        [32m0.1536[0m       [35m0.7941[0m      [31m0.7941[0m        0.7735        0.0000  57.3874
      5      [36m0.9638[0m        [32m0.1433[0m       0.7885      0.7885        0.8130        0.0000  58.1372
      6      [36m0.9764[0m        [32m0.1103[0m       0.7932      0.7932        0.7788        0.0000  56.4938
      7      [36m0.9819[0m        [32m0.0914[0m       0.7875      0.7875        0.8026        0.0000  57.0577
      8      0.9796        [32m0.0860[0m       0.7932      0.7932        0.7955        0.0000  56.5397
      9      [36m0.9882[0m        [32m0.0701[0m       0.7885      0.7885        0.8321        0.0000  57.5123
     10      0.9882        [32m0.0698[0m       0.7814      0.7814        0.8483        0.0000  56.4795
     11      0.9882        [32m0.0620[0m       0.7837      0.7837        0.8640        0.0000  57.2911
     12      [36m0.9890[0m        [32m0.0534[0m       0.7878      0.7878        0.8448        0.0000  56.8220
     13      0.9882        0.0590       0.7913      0.7913        0.8244        0.0000  56.6369
     14      [36m0.9945[0m        [32m0.0507[0m       0.7866      0.7866        0.8797        0.0000  56.5888
     15      0.9937        [32m0.0483[0m       0.7837      0.7837        0.8883        0.0000  56.9619
     16      0.9937        [32m0.0457[0m       0.7852      0.7852        0.8759        0.0000  56.5148
Stopping since valid_loss has not improved in the last 16 epochs.
Iteration 8: Test F1 Micro Score: 0.8201388888888889
Iteration 8: Test F1 Macro Score: 0.4700578915798598
Model checkpoint saved to C:\Users\localuserSKSG\Desktop\Shubham\RandomSampling/Multiclass/EfficientNet/seed_43/model_checkpoint_iteration_7.pt

Iteration 9: Requesting 992 samples.
Re-initializing module.
Re-initializing criterion.
Re-initializing optimizer.
  epoch    train_f1    train_loss    valid_acc    valid_f1    valid_loss    cp      lr      dur
-------  ----------  ------------  -----------  ----------  ------------  ----  ------  -------
      1      [36m0.8993[0m        [32m0.3258[0m       [35m0.7740[0m      [31m0.7740[0m        [94m0.7641[0m     +  0.0000  87.7009
      2      [36m0.9395[0m        [32m0.2144[0m       [35m0.7868[0m      [31m0.7868[0m        [94m0.7359[0m     +  0.0000  87.6452
      3      [36m0.9563[0m        [32m0.1645[0m       [35m0.7910[0m      [31m0.7910[0m        [94m0.7356[0m     +  0.0000  88.9859
      4      [36m0.9700[0m        [32m0.1308[0m       0.7851      0.7851        0.7450        0.0000  88.3929
      5      [36m0.9704[0m        [32m0.1176[0m       [35m0.7998[0m      [31m0.7998[0m        [94m0.7036[0m     +  0.0000  87.5007
      6      [36m0.9770[0m        [32m0.0913[0m       0.7953      0.7953        0.7602        0.0000  88.1823
      7      [36m0.9828[0m        [32m0.0788[0m       0.7946      0.7946        0.7550        0.0000  87.9765
      8      0.9819        0.0788       0.7915      0.7915        0.7994        0.0000  86.9747
      9      [36m0.9845[0m        [32m0.0637[0m       0.7948      0.7948        0.8052        0.0000  88.2134
     10      0.9837        [32m0.0636[0m       0.7983      0.7983        0.8060        0.0000  93.2332
     11      [36m0.9934[0m        [32m0.0466[0m       0.7924      0.7924        0.8526        0.0000  93.3594
     12      0.9916        [32m0.0444[0m       0.7875      0.7875        0.8802        0.0000  93.1900
     13      0.9907        0.0492       0.7937      0.7937        0.8502        0.0000  93.4027
     14      0.9925        [32m0.0385[0m       0.7894      0.7894        0.8932        0.0000  92.8667
     15      [36m0.9951[0m        [32m0.0358[0m       0.7903      0.7903        0.8942        0.0000  94.1703
     16      [36m0.9956[0m        [32m0.0332[0m       0.7856      0.7856        0.9278        0.0000  94.0390
     17      0.9925        0.0366       0.7832      0.7832        0.9411        0.0000  94.0388
     18      [36m0.9960[0m        [32m0.0322[0m       0.7844      0.7844        0.9456        0.0000  94.1134
     19      0.9943        [32m0.0283[0m       0.7852      0.7852        0.9424        0.0000  93.3876
     20      0.9947        0.0304       0.7880      0.7880        0.9143        0.0000  94.0682
Stopping since valid_loss has not improved in the last 16 epochs.
Iteration 9: Test F1 Micro Score: 0.8409722222222222
Iteration 9: Test F1 Macro Score: 0.5110802261540541
Model checkpoint saved to C:\Users\localuserSKSG\Desktop\Shubham\RandomSampling/Multiclass/EfficientNet/seed_43/model_checkpoint_iteration_8.pt

Iteration 10: Requesting 1776 samples.
Re-initializing module.
Re-initializing criterion.
Re-initializing optimizer.
  epoch    train_f1    train_loss    valid_acc    valid_f1    valid_loss    cp      lr       dur
-------  ----------  ------------  -----------  ----------  ------------  ----  ------  --------
      1      [36m0.9460[0m        [32m0.1719[0m       [35m0.7762[0m      [31m0.7762[0m        [94m0.8153[0m     +  0.0000  148.7498
      2      [36m0.9703[0m        [32m0.1115[0m       [35m0.8003[0m      [31m0.8003[0m        [94m0.7317[0m     +  0.0000  149.0370
      3      [36m0.9718[0m        [32m0.0972[0m       [35m0.8010[0m      [31m0.8010[0m        0.7446        0.0000  149.1925
      4      [36m0.9782[0m        [32m0.0728[0m       [35m0.8118[0m      [31m0.8118[0m        0.7471        0.0000  149.0105
      5      [36m0.9834[0m        [32m0.0589[0m       0.8042      0.8042        0.8781        0.0000  149.6868
      6      [36m0.9876[0m        [32m0.0466[0m       [35m0.8128[0m      [31m0.8128[0m        0.8048        0.0000  149.5452
      7      [36m0.9928[0m        [32m0.0321[0m       0.8009      0.8009        0.8877        0.0000  148.5346
      8      [36m0.9931[0m        0.0333       0.8012      0.8012        0.9250        0.0000  150.4852
      9      0.9899        0.0346       0.8073      0.8073        0.8686        0.0000  150.5899
     10      [36m0.9955[0m        [32m0.0208[0m       0.8069      0.8069        0.9137        0.0000  148.3396
     11      [36m0.9963[0m        [32m0.0184[0m       0.8087      0.8087        0.9018        0.0000  149.6187
     12      [36m0.9980[0m        [32m0.0161[0m       0.8054      0.8054        0.9481        0.0000  150.1829
     13      0.9960        0.0213       0.8068      0.8068        0.9589        0.0000  148.5214
     14      0.9960        0.0167       [35m0.8130[0m      [31m0.8130[0m        0.8778        0.0000  149.1752
     15      [36m0.9988[0m        [32m0.0143[0m       0.8109      0.8109        0.9463        0.0000  149.5676
     16      0.9975        0.0151       0.8104      0.8104        0.9484        0.0000  149.3070
     17      0.9985        [32m0.0123[0m       0.8097      0.8097        0.9725        0.0000  148.3670
Stopping since valid_loss has not improved in the last 16 epochs.
Iteration 10: Test F1 Micro Score: 0.8449652777777777
Iteration 10: Test F1 Macro Score: 0.5187958431201543
Model checkpoint saved to C:\Users\localuserSKSG\Desktop\Shubham\RandomSampling/Multiclass/EfficientNet/seed_43/model_checkpoint_iteration_9.pt

Iteration 11: Requesting 3168 samples.
Re-initializing module.
Re-initializing criterion.
Re-initializing optimizer.
  epoch    train_f1    train_loss    valid_acc    valid_f1    valid_loss    cp      lr       dur
-------  ----------  ------------  -----------  ----------  ------------  ----  ------  --------
      1      [36m0.9491[0m        [32m0.1725[0m       [35m0.7995[0m      [31m0.7995[0m        [94m0.7009[0m     +  0.0000  248.8866
      2      [36m0.9645[0m        [32m0.1190[0m       [35m0.8047[0m      [31m0.8047[0m        0.7082        0.0000  248.6974
      3      [36m0.9718[0m        [32m0.0954[0m       [35m0.8113[0m      [31m0.8113[0m        [94m0.6888[0m     +  0.0000  247.7667
      4      [36m0.9770[0m        [32m0.0752[0m       [35m0.8142[0m      [31m0.8142[0m        0.7182        0.0000  247.5671
      5      [36m0.9818[0m        [32m0.0647[0m       0.8132      0.8132        0.7416        0.0000  246.6184
      6      [36m0.9863[0m        [32m0.0449[0m       0.8064      0.8064        0.8559        0.0000  246.5250
      7      [36m0.9897[0m        [32m0.0351[0m       0.8063      0.8062        0.9040        0.0000  245.6361
      8      [36m0.9921[0m        [32m0.0308[0m       0.8128      0.8128        0.8652        0.0000  246.1264
      9      [36m0.9932[0m        [32m0.0274[0m       0.8115      0.8115        0.8978        0.0000  247.2057
     10      [36m0.9943[0m        [32m0.0227[0m       [35m0.8179[0m      [31m0.8179[0m        0.8971        0.0000  246.3390
     11      [36m0.9946[0m        [32m0.0209[0m       0.8115      0.8115        0.9427        0.0000  244.2262
     12      [36m0.9953[0m        [32m0.0188[0m       [35m0.8186[0m      [31m0.8186[0m        0.9092        0.0000  249.3568
     13      [36m0.9960[0m        [32m0.0172[0m       [35m0.8203[0m      [31m0.8203[0m        0.8899        0.0000  246.0856
     14      [36m0.9968[0m        [32m0.0145[0m       0.8149      0.8149        0.9034        0.0000  246.1294
     15      0.9967        [32m0.0127[0m       0.8191      0.8191        0.9135        0.0000  244.6791
     16      [36m0.9971[0m        0.0142       0.8177      0.8177        0.9339        0.0000  243.7404
     17      0.9971        [32m0.0115[0m       0.8163      0.8163        0.9412        0.0000  244.8126
     18      0.9969        0.0126       0.8191      0.8191        0.9511        0.0000  243.2428
Stopping since valid_loss has not improved in the last 16 epochs.
Iteration 11: Test F1 Micro Score: 0.8565972222222222
Iteration 11: Test F1 Macro Score: 0.5581635445128912
Model checkpoint saved to C:\Users\localuserSKSG\Desktop\Shubham\RandomSampling/Multiclass/EfficientNet/seed_43/model_checkpoint_iteration_10.pt

Iteration 12: Requesting 5632 samples.
Re-initializing module.
Re-initializing criterion.
Re-initializing optimizer.
  epoch    train_f1    train_loss    valid_acc    valid_f1    valid_loss    cp      lr       dur
-------  ----------  ------------  -----------  ----------  ------------  ----  ------  --------
      1      [36m0.9568[0m        [32m0.1377[0m       [35m0.8155[0m      [31m0.8155[0m        [94m0.6210[0m     +  0.0000  417.4127
      2      [36m0.9688[0m        [32m0.1006[0m       0.8071      0.8071        0.6744        0.0000  420.1210
      3      [36m0.9734[0m        [32m0.0829[0m       0.8142      0.8142        0.7378        0.0000  421.4330
      4      [36m0.9787[0m        [32m0.0659[0m       [35m0.8161[0m      [31m0.8161[0m        0.7474        0.0000  418.0598
      5      [36m0.9818[0m        [32m0.0568[0m       [35m0.8212[0m      [31m0.8212[0m        0.7198        0.0000  417.1933
      6      [36m0.9861[0m        [32m0.0417[0m       [35m0.8240[0m      [31m0.8240[0m        0.7238        0.0000  417.1420
      7      [36m0.9908[0m        [32m0.0291[0m       0.8142      0.8142        0.7839        0.0000  417.0855
      8      [36m0.9917[0m        [32m0.0272[0m       [35m0.8274[0m      [31m0.8274[0m        0.7485        0.0000  417.1579
      9      [36m0.9926[0m        [32m0.0240[0m       [35m0.8311[0m      [31m0.8311[0m        0.7859        0.0000  417.2492
     10      [36m0.9945[0m        [32m0.0215[0m       0.8245      0.8245        0.7971        0.0000  417.0194
     11      [36m0.9956[0m        [32m0.0158[0m       0.8267      0.8267        0.8020        0.0000  421.3622
     12      [36m0.9967[0m        [32m0.0134[0m       [35m0.8314[0m      [31m0.8314[0m        0.8307        0.0000  417.5894
     13      [36m0.9968[0m        [32m0.0127[0m       0.8297      0.8297        0.8664        0.0000  418.1816
     14      0.9967        [32m0.0121[0m       0.8262      0.8262        0.8843        0.0000  417.1288
     15      [36m0.9976[0m        [32m0.0116[0m       0.8304      0.8304        0.8762        0.0000  417.3782
     16      0.9973        [32m0.0108[0m       0.8302      0.8302        0.8825        0.0000  417.5082
Stopping since valid_loss has not improved in the last 16 epochs.
Iteration 12: Test F1 Micro Score: 0.8628472222222222
Iteration 12: Test F1 Macro Score: 0.5827408184808945
Model checkpoint saved to C:\Users\localuserSKSG\Desktop\Shubham\RandomSampling/Multiclass/EfficientNet/seed_43/model_checkpoint_iteration_11.pt

Iteration 13: Requesting 10000 samples.
Re-initializing module.
Re-initializing criterion.
Re-initializing optimizer.
  epoch    train_f1    train_loss    valid_acc    valid_f1    valid_loss    cp      lr       dur
-------  ----------  ------------  -----------  ----------  ------------  ----  ------  --------
      1      [36m0.9567[0m        [32m0.1362[0m       [35m0.8156[0m      [31m0.8156[0m        [94m0.6533[0m     +  0.0000  726.6086
      2      [36m0.9665[0m        [32m0.1035[0m       0.8099      0.8099        0.7141        0.0000  728.5581
      3      [36m0.9711[0m        [32m0.0846[0m       [35m0.8240[0m      [31m0.8240[0m        [94m0.6175[0m     +  0.0000  727.8018
      4      [36m0.9770[0m        [32m0.0698[0m       [35m0.8285[0m      [31m0.8285[0m        0.6302        0.0000  726.1007
      5      [36m0.9803[0m        [32m0.0573[0m       0.8167      0.8167        0.7184        0.0000  726.2253
      6      [36m0.9871[0m        [32m0.0396[0m       0.8214      0.8214        0.7258        0.0000  726.4177
      7      [36m0.9890[0m        [32m0.0335[0m       0.8087      0.8087        0.8407        0.0000  725.9124
      8      [36m0.9914[0m        [32m0.0262[0m       0.8115      0.8115        0.8602        0.0000  726.7078
      9      0.9912        [32m0.0254[0m       0.8182      0.8182        0.8480        0.0000  726.1277
     10      [36m0.9923[0m        [32m0.0230[0m       0.8097      0.8097        0.9352        0.0000  726.6583
     11      [36m0.9945[0m        [32m0.0180[0m       0.8146      0.8146        0.9504        0.0000  726.7014
     12      [36m0.9953[0m        [32m0.0149[0m       0.8094      0.8094        0.9656        0.0000  726.7022
     13      [36m0.9967[0m        [32m0.0116[0m       0.8139      0.8139        0.9716        0.0000  726.3510
     14      0.9965        [32m0.0111[0m       0.8153      0.8153        0.9984        0.0000  727.6221
     15      [36m0.9968[0m        0.0115       0.8128      0.8128        0.9700        0.0000  726.3212
     16      [36m0.9976[0m        [32m0.0094[0m       0.8168      0.8168        1.0155        0.0000  726.4056
     17      [36m0.9979[0m        [32m0.0086[0m       0.8130      0.8130        1.0348        0.0000  726.7602
     18      0.9979        [32m0.0081[0m       0.8137      0.8137        1.0411        0.0000  726.3632
Stopping since valid_loss has not improved in the last 16 epochs.
Iteration 13: Test F1 Micro Score: 0.8477430555555555
Iteration 13: Test F1 Macro Score: 0.5975772158576537
Model checkpoint saved to C:\Users\localuserSKSG\Desktop\Shubham\RandomSampling/Multiclass/EfficientNet/seed_43/model_checkpoint_iteration_12.pt

Iteration 14: Requesting all remaining samples.
Re-initializing module.
Re-initializing criterion.
Re-initializing optimizer.
  epoch    train_f1    train_loss    valid_acc    valid_f1    valid_loss    cp      lr       dur
-------  ----------  ------------  -----------  ----------  ------------  ----  ------  --------
      1      [36m0.9726[0m        [32m0.0813[0m       [35m0.8165[0m      [31m0.8165[0m        [94m0.6483[0m     +  0.0000  849.9146
      2      [36m0.9769[0m        [32m0.0665[0m       [35m0.8266[0m      [31m0.8266[0m        [94m0.6236[0m     +  0.0000  851.8281
      3      [36m0.9799[0m        [32m0.0556[0m       0.8005      0.8005        0.8030        0.0000  851.5883
      4      [36m0.9852[0m        [32m0.0429[0m       0.8205      0.8205        0.7909        0.0000  851.6601
      5      [36m0.9867[0m        [32m0.0377[0m       0.8224      0.8224        0.7270        0.0000  851.7122
      6      [36m0.9912[0m        [32m0.0259[0m       0.8224      0.8224        0.8402        0.0000  851.7392
      7      [36m0.9927[0m        [32m0.0208[0m       0.8231      0.8231        0.8421        0.0000  851.8222
      8      [36m0.9944[0m        [32m0.0184[0m       0.8181      0.8181        0.9219        0.0000  851.6119
      9      [36m0.9949[0m        [32m0.0160[0m       0.8149      0.8149        0.9791        0.0000  852.2095
     10      [36m0.9961[0m        [32m0.0127[0m       0.8144      0.8144        0.9716        0.0000  851.7184
     11      [36m0.9965[0m        [32m0.0101[0m       0.8193      0.8193        0.9477        0.0000  851.7941
     12      0.9964        0.0105       0.8172      0.8172        0.9781        0.0000  851.8634
     13      [36m0.9976[0m        [32m0.0081[0m       0.8194      0.8194        0.9383        0.0000  851.4027
     14      0.9972        0.0087       0.8203      0.8203        0.9620        0.0000  851.7795
     15      [36m0.9980[0m        0.0083       0.8219      0.8219        0.9509        0.0000  854.2121
     16      0.9976        [32m0.0074[0m       0.8236      0.8236        0.9482        0.0000  852.6343
     17      [36m0.9984[0m        [32m0.0058[0m       0.8227      0.8227        0.9832        0.0000  851.4575
Stopping since valid_loss has not improved in the last 16 epochs.
Iteration 14: Test F1 Micro Score: 0.8607638888888889
Iteration 14: Test F1 Macro Score: 0.6265990706581
Model checkpoint saved to C:\Users\localuserSKSG\Desktop\Shubham\RandomSampling/Multiclass/EfficientNet/seed_43/model_checkpoint_iteration_13.pt
Pickle file saved to C:\Users\localuserSKSG\Desktop\Shubham\RandomSampling/Multiclass/EfficientNet/seed_43\random_sampling_results_for_multiclass_classification_s43.pickle
