Adjusted shapes after loading:
X_initial_np: (8, 224, 224, 3), y_initial_np: (8, 3)
X_pool_np: (26872, 224, 224, 3), y_pool_np: (26872, 3)
X_test_np: (5760, 224, 224, 3), y_test_np: (5760, 3)
X_val_np: (5760, 224, 224, 3), y_val_np: (5760, 3)

Iteration 1: Using initial samples.
  epoch    train_f1    train_loss    valid_acc    valid_f1    valid_loss    cp      lr      dur
-------  ----------  ------------  -----------  ----------  ------------  ----  ------  -------
      1      [36m0.2434[0m        [32m0.6979[0m       [35m0.1743[0m      [31m0.4814[0m        [94m0.6974[0m     +  0.0001  12.5852
      2      [36m0.8320[0m        [32m0.6060[0m       0.1276      0.4306        0.7038        0.0001  11.0342
      3      0.7667        0.6264       0.1323      0.4351        0.7086        0.0001  10.7342
      4      0.5985        0.6300       [35m0.2733[0m      0.4432        [94m0.6808[0m     +  0.0001  10.7600
      5      0.7368        [32m0.5420[0m       0.2479      0.4483        0.6907        0.0001  10.8947
      6      0.7963        0.5478       0.2483      0.4404        0.6928        0.0000  10.9336
      7      0.6905        0.5752       0.2500      0.4425        0.6925        0.0000  10.8857
      8      0.7857        0.5549       0.2576      0.4437        0.6927        0.0000  10.8309
      9      0.7222        0.5526       0.2585      0.4446        0.6912        0.0000  10.7548
     10      0.7500        0.5567       0.2540      0.4484        0.6946        0.0000  10.8628
     11      0.6111        0.5854       0.2481      0.4463        0.6956        0.0000  10.9645
     12      [36m0.8690[0m        [32m0.4682[0m       0.2500      0.4457        0.6959        0.0000  10.9819
     13      0.8333        0.5104       0.2587      0.4473        0.6939        0.0000  10.8718
     14      0.6111        0.5341       0.2528      0.4475        0.6950        0.0000  11.0258
Stopping since valid_loss has not improved in the last 11 epochs.
Iteration 1: Test F1 Micro Score: 0.4688125894134477
Iteration 1: Test F1 Macro Score: 0.4681710637207421
Model checkpoint saved to C:\Users\localuserSKSG\Desktop\Shubham\RandomSampling/Multilabel/DinoS/seed_43_config2/model_checkpoint_iteration_0.pt

Iteration 2: Requesting 16 samples.
Re-initializing module.
Re-initializing criterion.
Re-initializing optimizer.
  epoch    train_f1    train_loss    valid_acc    valid_f1    valid_loss    cp      lr      dur
-------  ----------  ------------  -----------  ----------  ------------  ----  ------  -------
      1      [36m0.5667[0m        [32m0.5784[0m       [35m0.3925[0m      [31m0.2496[0m        [94m0.6493[0m     +  0.0001  10.9837
      2      0.2137        [32m0.4963[0m       [35m0.4179[0m      [31m0.2521[0m        0.6720        0.0001  11.0950
      3      0.3443        [32m0.4468[0m       [35m0.4252[0m      0.2445        0.6828        0.0001  11.0692
      4      0.3194        0.4677       0.4160      0.2439        0.6910        0.0001  10.8771
      5      0.2930        0.4515       0.4219      [31m0.2596[0m        0.6942        0.0001  10.9398
      6      0.4444        [32m0.4203[0m       0.4208      0.2551        0.6948        0.0000  10.8891
      7      0.5128        [32m0.3900[0m       0.4217      0.2576        0.6967        0.0000  11.0514
      8      0.3571        0.4126       0.4217      [31m0.2597[0m        0.6979        0.0000  11.0487
      9      0.5421        [32m0.3862[0m       0.4217      [31m0.2627[0m        0.7003        0.0000  11.0025
     10      0.4762        0.4128       0.4215      0.2596        0.6988        0.0000  10.9634
     11      0.4571        [32m0.3714[0m       0.4222      0.2604        0.6992        0.0000  11.0058
Stopping since valid_loss has not improved in the last 11 epochs.
Iteration 2: Test F1 Micro Score: 0.389098998887653
Iteration 2: Test F1 Macro Score: 0.3063751544983546
Model checkpoint saved to C:\Users\localuserSKSG\Desktop\Shubham\RandomSampling/Multilabel/DinoS/seed_43_config2/model_checkpoint_iteration_1.pt

Iteration 3: Requesting 32 samples.
Re-initializing module.
Re-initializing criterion.
Re-initializing optimizer.
  epoch    train_f1    train_loss    valid_acc    valid_f1    valid_loss    cp      lr      dur
-------  ----------  ------------  -----------  ----------  ------------  ----  ------  -------
      1      [36m0.3260[0m        [32m0.6104[0m       [35m0.3392[0m      [31m0.3287[0m        [94m0.6044[0m     +  0.0001  11.1952
      2      [36m0.3794[0m        [32m0.5438[0m       [35m0.3660[0m      [31m0.3462[0m        [94m0.5882[0m     +  0.0001  11.0336
      3      0.3285        [32m0.5326[0m       [35m0.3708[0m      [31m0.3671[0m        [94m0.5684[0m     +  0.0001  10.9897
      4      [36m0.3843[0m        [32m0.5085[0m       [35m0.3840[0m      [31m0.3849[0m        [94m0.5531[0m     +  0.0001  10.7047
      5      [36m0.4252[0m        [32m0.4827[0m       0.3806      [31m0.3965[0m        [94m0.5443[0m     +  0.0001  11.0939
      6      [36m0.4634[0m        [32m0.4487[0m       [35m0.3856[0m      [31m0.4034[0m        [94m0.5364[0m     +  0.0000  11.0750
      7      [36m0.4667[0m        [32m0.4302[0m       [35m0.3925[0m      [31m0.4186[0m        [94m0.5279[0m     +  0.0000  11.0801
      8      [36m0.4715[0m        [32m0.4264[0m       [35m0.4016[0m      [31m0.4291[0m        [94m0.5210[0m     +  0.0000  11.1997
      9      0.4501        [32m0.4244[0m       [35m0.4158[0m      [31m0.4501[0m        [94m0.5139[0m     +  0.0000  11.1384
     10      [36m0.5552[0m        [32m0.3976[0m       [35m0.4203[0m      [31m0.4643[0m        [94m0.5042[0m     +  0.0000  11.1703
     11      [36m0.5701[0m        [32m0.3904[0m       [35m0.4226[0m      [31m0.4646[0m        [94m0.5018[0m     +  0.0000  11.0312
     12      [36m0.5785[0m        [32m0.3872[0m       [35m0.4243[0m      0.4632        [94m0.4987[0m     +  0.0000  11.0312
     13      0.5660        [32m0.3761[0m       [35m0.4260[0m      0.4634        [94m0.4962[0m     +  0.0000  10.9341
     14      [36m0.5899[0m        0.3787       [35m0.4297[0m      [31m0.4648[0m        [94m0.4938[0m     +  0.0000  10.9983
     15      0.5722        0.3793       [35m0.4337[0m      [31m0.4714[0m        [94m0.4911[0m     +  0.0000  11.0280
     16      [36m0.6484[0m        [32m0.3619[0m       [35m0.4344[0m      [31m0.4715[0m        [94m0.4903[0m     +  0.0000  11.0635
     17      0.5880        0.3702       [35m0.4352[0m      [31m0.4736[0m        [94m0.4893[0m     +  0.0000  11.0016
     18      [36m0.6561[0m        0.3652       [35m0.4375[0m      [31m0.4772[0m        [94m0.4884[0m     +  0.0000  11.0948
     19      0.6272        0.3666       [35m0.4413[0m      [31m0.4818[0m        [94m0.4876[0m     +  0.0000  11.0300
     20      0.5645        0.3619       [35m0.4443[0m      [31m0.4873[0m        [94m0.4866[0m     +  0.0000  11.0925
     21      0.5353        [32m0.3575[0m       [35m0.4451[0m      [31m0.4894[0m        [94m0.4861[0m     +  0.0000  11.0642
     22      0.5076        0.3686       [35m0.4462[0m      [31m0.4925[0m        [94m0.4857[0m     +  0.0000  11.0958
     23      [36m0.6592[0m        [32m0.3526[0m       [35m0.4465[0m      [31m0.4932[0m        [94m0.4853[0m     +  0.0000  11.1073
     24      0.6276        [32m0.3516[0m       [35m0.4467[0m      [31m0.4962[0m        [94m0.4849[0m     +  0.0000  11.0647
     25      0.6261        0.3564       [35m0.4483[0m      [31m0.4992[0m        [94m0.4845[0m     +  0.0000  10.9682
     26      0.6036        0.3531       [35m0.4486[0m      [31m0.4997[0m        [94m0.4843[0m     +  0.0000  11.0627
     27      0.6296        0.3591       [35m0.4495[0m      [31m0.5030[0m        [94m0.4841[0m     +  0.0000  11.0470
     28      0.5652        0.3661       0.4493      [31m0.5051[0m        [94m0.4839[0m     +  0.0000  11.0621
     29      0.5991        0.3571       [35m0.4497[0m      [31m0.5060[0m        [94m0.4838[0m     +  0.0000  11.0319
     30      [36m0.6957[0m        [32m0.3463[0m       [35m0.4500[0m      [31m0.5065[0m        [94m0.4836[0m     +  0.0000  11.0159
     31      0.5000        0.3580       0.4500      0.5065        [94m0.4836[0m     +  0.0000  11.2104
     32      0.5362        0.3581       [35m0.4502[0m      [31m0.5066[0m        [94m0.4835[0m     +  0.0000  11.0934
     33      0.6263        0.3536       [35m0.4503[0m      [31m0.5070[0m        [94m0.4835[0m     +  0.0000  11.0454
     34      0.6583        0.3597       [35m0.4507[0m      [31m0.5079[0m        [94m0.4834[0m     +  0.0000  10.9940
     35      0.6313        0.3504       [35m0.4509[0m      [31m0.5081[0m        [94m0.4834[0m     +  0.0000  10.7970
     36      0.6175        0.3627       0.4507      0.5080        [94m0.4834[0m     +  0.0000  11.0628
     37      0.6110        0.3625       0.4507      0.5080        [94m0.4833[0m     +  0.0000  11.1120
     38      0.6296        0.3658       0.4507      0.5080        [94m0.4833[0m     +  0.0000  11.0844
     39      0.6087        0.3536       [35m0.4510[0m      [31m0.5085[0m        [94m0.4833[0m     +  0.0000  11.0628
     40      0.6527        0.3608       [35m0.4514[0m      [31m0.5086[0m        [94m0.4833[0m     +  0.0000  10.9227
     41      0.6453        0.3699       0.4514      0.5086        [94m0.4833[0m     +  0.0000  10.9698
     42      0.4961        0.3641       0.4514      0.5086        [94m0.4832[0m     +  0.0000  10.9650
     43      0.6444        0.3592       0.4514      0.5086        [94m0.4832[0m     +  0.0000  11.0817
     44      0.6710        0.3568       0.4514      0.5086        [94m0.4832[0m     +  0.0000  11.0022
     45      [36m0.7027[0m        0.3550       0.4514      0.5086        [94m0.4832[0m     +  0.0000  10.9877
     46      0.5904        0.3539       [35m0.4516[0m      [31m0.5091[0m        [94m0.4832[0m     +  0.0000  10.9687
     47      0.6424        0.3565       0.4516      0.5091        [94m0.4832[0m     +  0.0000  11.0334
     48      0.6015        0.3518       0.4516      0.5091        [94m0.4832[0m     +  0.0000  11.0024
     49      0.5694        0.3550       [35m0.4517[0m      [31m0.5091[0m        [94m0.4832[0m     +  0.0000  11.0627
     50      0.5727        0.3549       0.4517      0.5091        [94m0.4832[0m     +  0.0000  11.1664
     51      0.6556        0.3537       0.4517      0.5091        [94m0.4832[0m     +  0.0000  11.0326
     52      0.6095        0.3490       0.4517      0.5091        [94m0.4832[0m     +  0.0000  11.1100
     53      0.6116        [32m0.3412[0m       0.4517      0.5091        [94m0.4832[0m     +  0.0000  10.9474
     54      0.5976        0.3516       0.4517      0.5091        [94m0.4832[0m     +  0.0000  11.1302
Stopping since valid_loss has not improved in the last 11 epochs.
Iteration 3: Test F1 Micro Score: 0.6090637929375541
Iteration 3: Test F1 Macro Score: 0.5016104071393536
Model checkpoint saved to C:\Users\localuserSKSG\Desktop\Shubham\RandomSampling/Multilabel/DinoS/seed_43_config2/model_checkpoint_iteration_2.pt

Iteration 4: Requesting 56 samples.
Re-initializing module.
Re-initializing criterion.
Re-initializing optimizer.
  epoch    train_f1    train_loss    valid_acc    valid_f1    valid_loss    cp      lr      dur
-------  ----------  ------------  -----------  ----------  ------------  ----  ------  -------
      1      [36m0.6720[0m        [32m0.4177[0m       [35m0.4521[0m      [31m0.6289[0m        [94m0.4225[0m     +  0.0001  11.2040
      2      [36m0.8371[0m        [32m0.3171[0m       [35m0.5799[0m      [31m0.7264[0m        [94m0.3651[0m     +  0.0001  11.2156
      3      [36m0.8598[0m        [32m0.2821[0m       [35m0.6186[0m      [31m0.7680[0m        [94m0.3392[0m     +  0.0001  11.1391
      4      [36m0.9078[0m        [32m0.2378[0m       [35m0.6220[0m      [31m0.7724[0m        [94m0.3272[0m     +  0.0001  11.1319
      5      0.8927        [32m0.2266[0m       [35m0.6319[0m      0.7709        [94m0.3176[0m     +  0.0001  11.1586
      6      [36m0.9102[0m        [32m0.1958[0m       [35m0.6498[0m      [31m0.7779[0m        [94m0.3141[0m     +  0.0000  11.1997
      7      0.9018        0.1967       [35m0.6562[0m      [31m0.7826[0m        [94m0.3107[0m     +  0.0000  11.1939
      8      0.9097        0.1966       [35m0.6599[0m      [31m0.7894[0m        [94m0.3070[0m     +  0.0000  11.2977
      9      [36m0.9299[0m        [32m0.1881[0m       0.6599      0.7860        0.3073        0.0000  11.0476
     10      0.9123        [32m0.1752[0m       0.6573      [31m0.7902[0m        [94m0.3055[0m     +  0.0000  11.2361
     11      0.9059        [32m0.1709[0m       [35m0.6615[0m      0.7895        0.3056        0.0000  11.2218
     12      0.9012        0.1781       [35m0.6653[0m      0.7896        0.3056        0.0000  11.0949
     13      0.9034        [32m0.1635[0m       [35m0.6655[0m      0.7886        0.3058        0.0000  11.1883
     14      0.9136        0.1760       0.6637      [31m0.7918[0m        [94m0.3046[0m     +  0.0000  11.2057
     15      0.9214        0.1735       0.6653      [31m0.7924[0m        [94m0.3037[0m     +  0.0000  11.0518
     16      0.9265        [32m0.1622[0m       [35m0.6663[0m      0.7918        0.3045        0.0000  11.2063
     17      0.9113        0.1662       [35m0.6670[0m      0.7920        0.3045        0.0000  11.1549
     18      0.9275        0.1674       [35m0.6684[0m      0.7914        0.3053        0.0000  11.3026
     19      0.9017        0.1790       [35m0.6687[0m      [31m0.7926[0m        0.3046        0.0000  11.1855
     20      0.9238        0.1623       [35m0.6691[0m      0.7909        0.3052        0.0000  11.3641
     21      0.9295        0.1670       0.6691      0.7910        0.3053        0.0000  11.1104
     22      0.9272        0.1649       0.6687      0.7907        0.3053        0.0000  11.2844
     23      [36m0.9493[0m        [32m0.1616[0m       [35m0.6696[0m      0.7912        0.3053        0.0000  11.3069
     24      0.9299        0.1683       0.6693      0.7909        0.3052        0.0000  11.2053
     25      0.9265        [32m0.1587[0m       [35m0.6701[0m      0.7915        0.3052        0.0000  11.1411
Stopping since valid_loss has not improved in the last 11 epochs.
Iteration 4: Test F1 Micro Score: 0.8341635866945203
Iteration 4: Test F1 Macro Score: 0.8228420011129205
Model checkpoint saved to C:\Users\localuserSKSG\Desktop\Shubham\RandomSampling/Multilabel/DinoS/seed_43_config2/model_checkpoint_iteration_3.pt

Iteration 5: Requesting 96 samples.
Re-initializing module.
Re-initializing criterion.
Re-initializing optimizer.
  epoch    train_f1    train_loss    valid_acc    valid_f1    valid_loss    cp      lr      dur
-------  ----------  ------------  -----------  ----------  ------------  ----  ------  -------
      1      [36m0.8219[0m        [32m0.2981[0m       [35m0.6245[0m      [31m0.7531[0m        [94m0.3047[0m     +  0.0001  11.4237
      2      [36m0.8565[0m        [32m0.2447[0m       [35m0.6599[0m      [31m0.7872[0m        [94m0.2829[0m     +  0.0001  11.3470
      3      [36m0.8714[0m        [32m0.2274[0m       0.6575      [31m0.7954[0m        [94m0.2797[0m     +  0.0001  11.3032
      4      [36m0.8785[0m        [32m0.2143[0m       [35m0.6674[0m      0.7949        [94m0.2772[0m     +  0.0001  11.4017
      5      0.8767        [32m0.2125[0m       [35m0.6771[0m      [31m0.8053[0m        [94m0.2715[0m     +  0.0001  11.2810
      6      [36m0.8833[0m        [32m0.1924[0m       [35m0.6908[0m      [31m0.8120[0m        [94m0.2661[0m     +  0.0000  11.3579
      7      0.8827        [32m0.1913[0m       0.6901      [31m0.8125[0m        0.2662        0.0000  11.3499
      8      [36m0.8849[0m        [32m0.1864[0m       [35m0.6929[0m      0.8120        [94m0.2654[0m     +  0.0000  11.3091
      9      [36m0.8946[0m        [32m0.1808[0m       [35m0.6934[0m      [31m0.8129[0m        0.2657        0.0000  11.4055
     10      [36m0.9065[0m        [32m0.1748[0m       0.6898      0.8125        0.2663        0.0000  11.4077
     11      [36m0.9147[0m        [32m0.1705[0m       0.6920      [31m0.8131[0m        [94m0.2650[0m     +  0.0000  11.3068
     12      0.8970        0.1720       0.6931      [31m0.8132[0m        0.2653        0.0000  11.2682
     13      0.8996        [32m0.1702[0m       [35m0.6936[0m      [31m0.8135[0m        [94m0.2649[0m     +  0.0000  11.3297
     14      0.9030        [32m0.1676[0m       0.6927      [31m0.8136[0m        0.2652        0.0000  11.3048
     15      0.8955        0.1716       [35m0.6939[0m      [31m0.8137[0m        0.2655        0.0000  11.4740
     16      0.8971        [32m0.1645[0m       0.6932      [31m0.8137[0m        0.2655        0.0000  11.4500
     17      0.9123        [32m0.1617[0m       [35m0.6943[0m      0.8134        0.2656        0.0000  11.3604
     18      0.9024        0.1652       0.6939      0.8127        0.2658        0.0000  11.3939
     19      0.9142        0.1684       0.6937      0.8131        0.2658        0.0000  11.3915
     20      0.9123        [32m0.1539[0m       0.6939      0.8132        0.2659        0.0000  11.4658
     21      0.9020        0.1547       0.6939      0.8125        0.2660        0.0000  11.3552
Stopping since valid_loss has not improved in the last 11 epochs.
Iteration 5: Test F1 Micro Score: 0.8553151160954037
Iteration 5: Test F1 Macro Score: 0.8429514544993127
Model checkpoint saved to C:\Users\localuserSKSG\Desktop\Shubham\RandomSampling/Multilabel/DinoS/seed_43_config2/model_checkpoint_iteration_4.pt

Iteration 6: Requesting 176 samples.
Re-initializing module.
Re-initializing criterion.
Re-initializing optimizer.
  epoch    train_f1    train_loss    valid_acc    valid_f1    valid_loss    cp      lr      dur
-------  ----------  ------------  -----------  ----------  ------------  ----  ------  -------
      1      [36m0.8735[0m        [32m0.2244[0m       [35m0.6839[0m      [31m0.7875[0m        [94m0.2721[0m     +  0.0001  11.7186
      2      [36m0.9010[0m        [32m0.1846[0m       0.6835      0.7862        0.2737        0.0001  11.7391
      3      [36m0.9052[0m        [32m0.1792[0m       [35m0.6917[0m      [31m0.7896[0m        [94m0.2670[0m     +  0.0001  11.7051
      4      0.8920        [32m0.1755[0m       [35m0.6990[0m      [31m0.8061[0m        [94m0.2557[0m     +  0.0001  11.8730
      5      [36m0.9156[0m        [32m0.1630[0m       0.6976      0.7946        0.2599        0.0001  11.7062
      6      0.9086        [32m0.1512[0m       [35m0.7094[0m      [31m0.8276[0m        [94m0.2437[0m     +  0.0000  11.6883
      7      [36m0.9171[0m        [32m0.1478[0m       [35m0.7113[0m      0.8274        [94m0.2426[0m     +  0.0000  11.6470
      8      [36m0.9217[0m        0.1487       0.7082      0.8274        0.2439        0.0000  11.8517
      9      [36m0.9224[0m        [32m0.1427[0m       [35m0.7127[0m      [31m0.8320[0m        0.2451        0.0000  11.6095
     10      0.9180        0.1466       0.7106      0.8268        0.2464        0.0000  11.7709
     11      0.9124        [32m0.1389[0m       [35m0.7142[0m      0.8291        0.2435        0.0000  11.6584
     12      0.9172        [32m0.1365[0m       0.7135      0.8276        [94m0.2419[0m     +  0.0000  11.5284
     13      [36m0.9241[0m        0.1384       0.7108      0.8259        0.2432        0.0000  11.8288
     14      0.9228        [32m0.1348[0m       0.7135      0.8288        [94m0.2418[0m     +  0.0000  11.7830
     15      0.9229        [32m0.1344[0m       0.7134      0.8274        0.2428        0.0000  11.5893
     16      [36m0.9275[0m        0.1376       [35m0.7146[0m      0.8289        [94m0.2418[0m     +  0.0000  11.7726
     17      0.9187        0.1363       0.7137      0.8273        [94m0.2415[0m     +  0.0000  11.6963
     18      0.9209        0.1359       0.7144      0.8283        0.2418        0.0000  11.8684
     19      0.9256        0.1405       [35m0.7148[0m      0.8286        [94m0.2413[0m     +  0.0000  11.6934
     20      [36m0.9298[0m        [32m0.1272[0m       0.7141      0.8277        0.2417        0.0000  11.6498
     21      0.9295        0.1362       0.7142      0.8285        0.2415        0.0000  11.6935
     22      0.9254        0.1319       0.7137      0.8277        0.2415        0.0000  11.7116
     23      0.9294        0.1324       [35m0.7153[0m      0.8288        [94m0.2410[0m     +  0.0000  11.7269
     24      0.9231        0.1280       [35m0.7156[0m      0.8292        0.2411        0.0000  11.7272
     25      0.9185        0.1371       0.7144      0.8287        0.2414        0.0000  11.7570
     26      0.9270        [32m0.1272[0m       0.7146      0.8287        0.2414        0.0000  11.7892
     27      0.9233        0.1308       0.7156      0.8293        0.2413        0.0000  11.7733
     28      [36m0.9335[0m        [32m0.1258[0m       [35m0.7163[0m      0.8301        0.2412        0.0000  11.8364
     29      0.9246        0.1304       0.7155      0.8295        0.2412        0.0000  11.6936
     30      0.9320        0.1291       0.7160      0.8295        0.2413        0.0000  11.7419
     31      0.9240        0.1286       0.7156      0.8294        0.2413        0.0000  11.8193
     32      0.9261        0.1287       0.7156      0.8293        0.2412        0.0000  11.6466
     33      0.9228        0.1317       0.7156      0.8294        0.2412        0.0000  11.6157
Stopping since valid_loss has not improved in the last 11 epochs.
Iteration 6: Test F1 Micro Score: 0.8641109428548658
Iteration 6: Test F1 Macro Score: 0.8490796779991222
Model checkpoint saved to C:\Users\localuserSKSG\Desktop\Shubham\RandomSampling/Multilabel/DinoS/seed_43_config2/model_checkpoint_iteration_5.pt

Iteration 7: Requesting 320 samples.
Re-initializing module.
Re-initializing criterion.
Re-initializing optimizer.
  epoch    train_f1    train_loss    valid_acc    valid_f1    valid_loss    cp      lr      dur
-------  ----------  ------------  -----------  ----------  ------------  ----  ------  -------
      1      [36m0.8689[0m        [32m0.2110[0m       [35m0.7215[0m      [31m0.8517[0m        [94m0.2382[0m     +  0.0001  12.3565
      2      [36m0.8974[0m        [32m0.1736[0m       0.7151      0.8484        0.2410        0.0001  12.3668
      3      0.8963        [32m0.1698[0m       [35m0.7222[0m      [31m0.8546[0m        0.2426        0.0001  12.5699
      4      [36m0.9111[0m        [32m0.1599[0m       [35m0.7255[0m      0.8542        [94m0.2380[0m     +  0.0001  12.0953
      5      [36m0.9147[0m        [32m0.1536[0m       0.7231      0.8533        0.2432        0.0001  12.3353
      6      0.9092        [32m0.1485[0m       [35m0.7306[0m      [31m0.8547[0m        [94m0.2328[0m     +  0.0000  12.4475
      7      0.9138        [32m0.1429[0m       [35m0.7321[0m      [31m0.8560[0m        [94m0.2314[0m     +  0.0000  12.4141
      8      [36m0.9154[0m        0.1435       0.7306      [31m0.8562[0m        0.2347        0.0000  12.4767
      9      [36m0.9155[0m        [32m0.1395[0m       0.7316      0.8562        [94m0.2295[0m     +  0.0000  12.5404
     10      0.9135        [32m0.1385[0m       0.7311      0.8534        [94m0.2277[0m     +  0.0000  12.4130
     11      [36m0.9237[0m        [32m0.1287[0m       [35m0.7351[0m      0.8554        [94m0.2273[0m     +  0.0000  12.3664
     12      0.9213        0.1321       [35m0.7356[0m      0.8552        [94m0.2254[0m     +  0.0000  12.3698
     13      0.9207        [32m0.1281[0m       [35m0.7361[0m      0.8550        [94m0.2251[0m     +  0.0000  12.3988
     14      [36m0.9238[0m        0.1284       0.7356      0.8547        [94m0.2251[0m     +  0.0000  12.3505
     15      0.9203        [32m0.1259[0m       0.7352      0.8545        0.2273        0.0000  12.2744
     16      [36m0.9272[0m        [32m0.1240[0m       [35m0.7378[0m      0.8540        [94m0.2245[0m     +  0.0000  12.2725
     17      [36m0.9331[0m        [32m0.1234[0m       [35m0.7401[0m      0.8549        [94m0.2236[0m     +  0.0000  12.3362
     18      0.9236        0.1240       [35m0.7418[0m      0.8560        [94m0.2231[0m     +  0.0000  12.3523
     19      0.9316        0.1245       [35m0.7422[0m      [31m0.8567[0m        [94m0.2231[0m     +  0.0000  12.3198
     20      0.9318        [32m0.1216[0m       [35m0.7432[0m      0.8559        [94m0.2214[0m     +  0.0000  12.3830
     21      0.9268        [32m0.1201[0m       [35m0.7436[0m      0.8561        0.2215        0.0000  12.3217
     22      0.9270        0.1239       0.7432      0.8560        0.2216        0.0000  12.4442
     23      0.9328        [32m0.1200[0m       0.7434      0.8562        0.2219        0.0000  12.3045
     24      0.9248        0.1220       0.7436      0.8561        0.2218        0.0000  12.2722
     25      0.9251        0.1269       [35m0.7443[0m      0.8563        0.2217        0.0000  12.3832
     26      0.9305        0.1223       [35m0.7444[0m      0.8563        0.2215        0.0000  12.3815
     27      [36m0.9349[0m        [32m0.1175[0m       [35m0.7448[0m      0.8566        0.2216        0.0000  12.4440
     28      0.9288        0.1228       [35m0.7450[0m      0.8566        0.2216        0.0000  12.3348
     29      0.9335        0.1211       0.7441      0.8562        0.2217        0.0000  12.3021
     30      0.9341        0.1200       0.7446      0.8564        0.2218        0.0000  12.1014
Stopping since valid_loss has not improved in the last 11 epochs.
Iteration 7: Test F1 Micro Score: 0.8739016860603182
Iteration 7: Test F1 Macro Score: 0.8562145356356771
Model checkpoint saved to C:\Users\localuserSKSG\Desktop\Shubham\RandomSampling/Multilabel/DinoS/seed_43_config2/model_checkpoint_iteration_6.pt

Iteration 8: Requesting 560 samples.
Re-initializing module.
Re-initializing criterion.
Re-initializing optimizer.
  epoch    train_f1    train_loss    valid_acc    valid_f1    valid_loss    cp      lr      dur
-------  ----------  ------------  -----------  ----------  ------------  ----  ------  -------
      1      [36m0.8849[0m        [32m0.1825[0m       [35m0.7516[0m      [31m0.8362[0m        [94m0.2097[0m     +  0.0001  13.5101
      2      [36m0.9036[0m        [32m0.1603[0m       [35m0.7606[0m      [31m0.8507[0m        [94m0.2027[0m     +  0.0001  13.7748
      3      [36m0.9072[0m        [32m0.1486[0m       [35m0.7627[0m      [31m0.8519[0m        [94m0.2023[0m     +  0.0001  13.4619
      4      [36m0.9138[0m        [32m0.1439[0m       [35m0.7632[0m      0.8477        0.2075        0.0001  13.6492
      5      [36m0.9152[0m        [32m0.1406[0m       0.7582      0.8387        0.2156        0.0001  13.4755
      6      [36m0.9257[0m        [32m0.1263[0m       [35m0.7760[0m      [31m0.8690[0m        [94m0.1973[0m     +  0.0000  13.5424
      7      0.9240        [32m0.1245[0m       0.7691      0.8631        0.2018        0.0000  13.6340
      8      [36m0.9279[0m        [32m0.1174[0m       0.7714      0.8619        0.2030        0.0000  13.3529
      9      [36m0.9291[0m        [32m0.1173[0m       [35m0.7764[0m      0.8684        0.1996        0.0000  13.4293
     10      [36m0.9311[0m        0.1181       0.7727      0.8661        0.2004        0.0000  13.5387
     11      [36m0.9390[0m        [32m0.1089[0m       0.7757      [31m0.8696[0m        0.2018        0.0000  13.5239
     12      [36m0.9432[0m        [32m0.1088[0m       0.7722      0.8693        0.2034        0.0000  13.5055
     13      0.9376        0.1098       0.7745      [31m0.8711[0m        0.2028        0.0000  13.4773
     14      0.9425        [32m0.1063[0m       0.7752      [31m0.8715[0m        0.2039        0.0000  13.4599
     15      0.9379        [32m0.1046[0m       0.7750      0.8693        0.2035        0.0000  13.4303
     16      0.9424        [32m0.1037[0m       0.7752      [31m0.8725[0m        0.2044        0.0000  13.4786
Stopping since valid_loss has not improved in the last 11 epochs.
Iteration 8: Test F1 Micro Score: 0.8921736424459312
Iteration 8: Test F1 Macro Score: 0.8787676864674147
Model checkpoint saved to C:\Users\localuserSKSG\Desktop\Shubham\RandomSampling/Multilabel/DinoS/seed_43_config2/model_checkpoint_iteration_7.pt

Iteration 9: Requesting 1000 samples.
Re-initializing module.
Re-initializing criterion.
Re-initializing optimizer.
  epoch    train_f1    train_loss    valid_acc    valid_f1    valid_loss    cp      lr      dur
-------  ----------  ------------  -----------  ----------  ------------  ----  ------  -------
      1      [36m0.9021[0m        [32m0.1570[0m       [35m0.7601[0m      [31m0.8610[0m        [94m0.2192[0m     +  0.0001  15.5742
      2      [36m0.9133[0m        [32m0.1404[0m       [35m0.7641[0m      [31m0.8639[0m        [94m0.2144[0m     +  0.0001  15.4150
      3      [36m0.9153[0m        [32m0.1326[0m       [35m0.7698[0m      [31m0.8694[0m        [94m0.2102[0m     +  0.0001  15.4523
      4      [36m0.9217[0m        [32m0.1275[0m       [35m0.7729[0m      [31m0.8726[0m        [94m0.2081[0m     +  0.0001  15.4633
      5      [36m0.9234[0m        [32m0.1241[0m       0.7717      0.8704        0.2128        0.0001  15.8551
      6      [36m0.9352[0m        [32m0.1090[0m       [35m0.7911[0m      [31m0.8817[0m        [94m0.2024[0m     +  0.0000  15.4308
      7      [36m0.9373[0m        [32m0.1051[0m       [35m0.7931[0m      [31m0.8851[0m        0.2060        0.0000  15.4783
      8      [36m0.9390[0m        [32m0.1039[0m       0.7852      0.8801        0.2065        0.0000  15.6487
      9      0.9388        [32m0.1022[0m       [35m0.8024[0m      [31m0.8904[0m        0.2041        0.0000  15.6653
     10      [36m0.9416[0m        [32m0.0994[0m       0.8014      0.8897        0.2047        0.0000  15.7590
     11      [36m0.9471[0m        [32m0.0932[0m       0.7974      0.8855        0.2043        0.0000  15.7272
     12      0.9465        [32m0.0918[0m       0.7943      0.8829        0.2061        0.0000  15.6809
     13      [36m0.9478[0m        [32m0.0911[0m       0.8005      0.8866        0.2056        0.0000  15.7278
     14      0.9420        0.0915       0.7977      0.8846        0.2058        0.0000  15.6823
     15      0.9466        [32m0.0892[0m       0.8010      0.8871        0.2052        0.0000  15.8236
     16      [36m0.9493[0m        [32m0.0884[0m       0.8014      0.8865        0.2041        0.0000  15.6976
Stopping since valid_loss has not improved in the last 11 epochs.
Iteration 9: Test F1 Micro Score: 0.8955431754874651
Iteration 9: Test F1 Macro Score: 0.8806499849907737
Model checkpoint saved to C:\Users\localuserSKSG\Desktop\Shubham\RandomSampling/Multilabel/DinoS/seed_43_config2/model_checkpoint_iteration_8.pt

Iteration 10: Requesting 1776 samples.
Re-initializing module.
Re-initializing criterion.
Re-initializing optimizer.
  epoch    train_f1    train_loss    valid_acc    valid_f1    valid_loss    cp      lr      dur
-------  ----------  ------------  -----------  ----------  ------------  ----  ------  -------
      1      [36m0.9168[0m        [32m0.1345[0m       [35m0.7924[0m      [31m0.8632[0m        [94m0.1941[0m     +  0.0001  19.1016
      2      [36m0.9269[0m        [32m0.1196[0m       0.7924      [31m0.8697[0m        [94m0.1937[0m     +  0.0001  19.3711
      3      [36m0.9291[0m        [32m0.1157[0m       0.7903      [31m0.8758[0m        0.1970        0.0001  19.2759
      4      [36m0.9321[0m        [32m0.1109[0m       [35m0.7984[0m      0.8747        0.1954        0.0001  19.2143
      5      [36m0.9357[0m        [32m0.1059[0m       0.7873      0.8671        0.2060        0.0001  19.5118
      6      [36m0.9437[0m        [32m0.0934[0m       0.7887      0.8713        0.2078        0.0000  19.2789
      7      [36m0.9481[0m        [32m0.0899[0m       0.7859      0.8690        0.2103        0.0000  19.2135
      8      0.9461        [32m0.0882[0m       0.7875      0.8693        0.2119        0.0000  19.0577
      9      [36m0.9481[0m        [32m0.0846[0m       0.7863      0.8650        0.2165        0.0000  19.0881
     10      [36m0.9497[0m        [32m0.0845[0m       0.7844      0.8654        0.2177        0.0000  19.3562
     11      [36m0.9549[0m        [32m0.0779[0m       0.7771      0.8627        0.2244        0.0000  19.1846
     12      0.9549        [32m0.0771[0m       0.7778      0.8618        0.2301        0.0000  18.9476
Stopping since valid_loss has not improved in the last 11 epochs.
Iteration 10: Test F1 Micro Score: 0.8851440552923817
Iteration 10: Test F1 Macro Score: 0.8701703571170277
Model checkpoint saved to C:\Users\localuserSKSG\Desktop\Shubham\RandomSampling/Multilabel/DinoS/seed_43_config2/model_checkpoint_iteration_9.pt

Iteration 11: Requesting 3160 samples.
Re-initializing module.
Re-initializing criterion.
Re-initializing optimizer.
  epoch    train_f1    train_loss    valid_acc    valid_f1    valid_loss    cp      lr      dur
-------  ----------  ------------  -----------  ----------  ------------  ----  ------  -------
      1      [36m0.9219[0m        [32m0.1229[0m       [35m0.7514[0m      [31m0.8604[0m        [94m0.2405[0m     +  0.0001  25.4360
      2      [36m0.9295[0m        [32m0.1132[0m       [35m0.7582[0m      [31m0.8627[0m        0.2463        0.0001  25.5946
      3      [36m0.9351[0m        [32m0.1055[0m       0.7502      0.8588        0.2513        0.0001  25.5772
      4      [36m0.9363[0m        [32m0.1030[0m       0.7411      0.8558        0.2742        0.0001  25.4698
      5      [36m0.9399[0m        [32m0.0988[0m       0.7378      0.8545        0.2835        0.0001  25.8275
      6      [36m0.9491[0m        [32m0.0854[0m       [35m0.7642[0m      [31m0.8638[0m        0.2484        0.0000  25.8757
      7      [36m0.9505[0m        [32m0.0810[0m       0.7542      0.8603        0.2660        0.0000  25.5790
      8      [36m0.9526[0m        [32m0.0805[0m       [35m0.7648[0m      [31m0.8647[0m        0.2549        0.0000  25.7654
      9      [36m0.9527[0m        [32m0.0785[0m       0.7592      0.8604        0.2616        0.0000  25.8607
     10      [36m0.9550[0m        [32m0.0767[0m       0.7646      0.8633        0.2607        0.0000  25.6250
     11      [36m0.9585[0m        [32m0.0709[0m       0.7646      0.8620        0.2461        0.0000  25.8287
Stopping since valid_loss has not improved in the last 11 epochs.
Iteration 11: Test F1 Micro Score: 0.8915883566353427
Iteration 11: Test F1 Macro Score: 0.879020906766104
Model checkpoint saved to C:\Users\localuserSKSG\Desktop\Shubham\RandomSampling/Multilabel/DinoS/seed_43_config2/model_checkpoint_iteration_10.pt

Iteration 12: Requesting 5624 samples.
Re-initializing module.
Re-initializing criterion.
Re-initializing optimizer.
  epoch    train_f1    train_loss    valid_acc    valid_f1    valid_loss    cp      lr      dur
-------  ----------  ------------  -----------  ----------  ------------  ----  ------  -------
      1      [36m0.9280[0m        [32m0.1178[0m       [35m0.7613[0m      [31m0.8631[0m        [94m0.2299[0m     +  0.0001  37.2720
      2      [36m0.9354[0m        [32m0.1084[0m       0.7344      0.8527        0.2453        0.0001  37.1335
      3      [36m0.9386[0m        [32m0.1028[0m       0.7406      0.8531        0.2508        0.0001  36.8084
      4      [36m0.9416[0m        [32m0.0982[0m       0.7345      0.8529        0.2513        0.0001  37.1148
      5      [36m0.9443[0m        [32m0.0944[0m       0.7314      0.8541        0.2627        0.0001  37.0533
      6      [36m0.9548[0m        [32m0.0788[0m       0.7408      0.8446        0.2587        0.0000  37.5677
      7      0.9545        [32m0.0781[0m       0.7363      0.8452        0.2656        0.0000  38.1616
      8      [36m0.9555[0m        [32m0.0756[0m       0.7260      0.8421        0.2876        0.0000  37.2914
      9      [36m0.9578[0m        [32m0.0737[0m       0.7394      0.8440        0.2690        0.0000  37.3645
     10      [36m0.9582[0m        [32m0.0725[0m       0.7354      0.8434        0.2760        0.0000  37.6784
     11      [36m0.9625[0m        [32m0.0664[0m       0.7443      0.8450        0.2618        0.0000  37.3977
Stopping since valid_loss has not improved in the last 11 epochs.
Iteration 12: Test F1 Micro Score: 0.8938066697402798
Iteration 12: Test F1 Macro Score: 0.8777940396739541
Model checkpoint saved to C:\Users\localuserSKSG\Desktop\Shubham\RandomSampling/Multilabel/DinoS/seed_43_config2/model_checkpoint_iteration_11.pt

Iteration 13: Requesting 10000 samples.
Re-initializing module.
Re-initializing criterion.
Re-initializing optimizer.
  epoch    train_f1    train_loss    valid_acc    valid_f1    valid_loss    cp      lr      dur
-------  ----------  ------------  -----------  ----------  ------------  ----  ------  -------
      1      [36m0.9361[0m        [32m0.1075[0m       [35m0.7974[0m      [31m0.8790[0m        [94m0.2334[0m     +  0.0001  57.7169
      2      [36m0.9419[0m        [32m0.0974[0m       0.7880      0.8637        [94m0.2309[0m     +  0.0001  57.2866
      3      [36m0.9467[0m        [32m0.0908[0m       0.7693      0.8666        0.2712        0.0001  58.0073
      4      [36m0.9493[0m        [32m0.0871[0m       0.7684      0.8685        0.2545        0.0001  58.4267
      5      [36m0.9523[0m        [32m0.0829[0m       0.7538      0.8549        0.2782        0.0001  58.6207
      6      [36m0.9606[0m        [32m0.0695[0m       0.7483      0.8563        0.3107        0.0000  58.4409
      7      [36m0.9619[0m        [32m0.0671[0m       0.7540      0.8602        0.2799        0.0000  58.6301
      8      [36m0.9623[0m        [32m0.0662[0m       0.7566      0.8612        0.2766        0.0000  58.1301
      9      [36m0.9633[0m        [32m0.0648[0m       0.7516      0.8602        0.2860        0.0000  58.5460
     10      [36m0.9641[0m        [32m0.0637[0m       0.7549      0.8611        0.2929        0.0000  58.1512
     11      [36m0.9668[0m        [32m0.0583[0m       0.7562      0.8543        0.2584        0.0000  58.3952
     12      [36m0.9673[0m        [32m0.0579[0m       0.7564      0.8553        0.2670        0.0000  58.2353
Stopping since valid_loss has not improved in the last 11 epochs.
Iteration 13: Test F1 Micro Score: 0.9009487666034156
Iteration 13: Test F1 Macro Score: 0.8896006328998384
Model checkpoint saved to C:\Users\localuserSKSG\Desktop\Shubham\RandomSampling/Multilabel/DinoS/seed_43_config2/model_checkpoint_iteration_12.pt

Iteration 14: Requesting all remaining samples.
Re-initializing module.
Re-initializing criterion.
Re-initializing optimizer.
  epoch    train_f1    train_loss    valid_acc    valid_f1    valid_loss    cp      lr      dur
-------  ----------  ------------  -----------  ----------  ------------  ----  ------  -------
      1      [36m0.9460[0m        [32m0.0917[0m       [35m0.7425[0m      [31m0.8326[0m        [94m0.2539[0m     +  0.0001  66.7136
      2      [36m0.9484[0m        [32m0.0866[0m       [35m0.7451[0m      0.8302        0.2693        0.0001  66.5876
      3      [36m0.9519[0m        [32m0.0817[0m       0.7450      [31m0.8392[0m        0.2637        0.0001  66.8853
      4      [36m0.9542[0m        [32m0.0794[0m       0.7413      0.8332        0.2627        0.0001  66.6869
      5      [36m0.9555[0m        [32m0.0754[0m       0.7255      0.8220        0.2999        0.0001  66.8036
      6      [36m0.9629[0m        [32m0.0643[0m       0.7337      0.8329        0.2941        0.0000  66.8063
      7      [36m0.9635[0m        [32m0.0630[0m       0.7326      0.8337        0.2869        0.0000  66.9689
      8      [36m0.9648[0m        [32m0.0608[0m       0.7340      0.8325        0.2948        0.0000  66.7667
      9      [36m0.9651[0m        [32m0.0606[0m       0.7304      0.8317        0.2844        0.0000  66.8967
     10      [36m0.9657[0m        [32m0.0596[0m       0.7288      0.8327        0.2995        0.0000  67.1369
     11      [36m0.9680[0m        [32m0.0550[0m       0.7345      [31m0.8431[0m        0.3008        0.0000  66.9650
Stopping since valid_loss has not improved in the last 11 epochs.
Iteration 14: Test F1 Micro Score: 0.8926169424922541
Iteration 14: Test F1 Macro Score: 0.8793194818501266
Model checkpoint saved to C:\Users\localuserSKSG\Desktop\Shubham\RandomSampling/Multilabel/DinoS/seed_43_config2/model_checkpoint_iteration_13.pt
Pickle file saved to C:\Users\localuserSKSG\Desktop\Shubham\RandomSampling/Multilabel/DinoS/seed_43_config2\random_sampling_results_for_multiClass_classification.pickle
