Train set shape: (26880, 5)
Val set shape:   (5760, 5)
Test set shape:  (5760, 5)
Selected images DataFrame (Uncertainty Sampling):
   Iteration                                       Sample_Names
0          1  Spule035_Image0269.jpg,Spule020_Image0191.jpg,...
1          2  Spule022_Image0749.jpg,Spule006_Image0350.jpg,...
2          3  Spule035_Image0126.jpg,Spule015_Image0781.jpg,...
3          4  Spule037_Image0402.jpg,Spule013_Image0075.jpg,...
4          5  Spule019_Image0565.jpg,Spule006_Image0223.jpg,...
  epoch    train_f1    train_loss    valid_acc    valid_f1    valid_loss    cp      lr     dur
-------  ----------  ------------  -----------  ----------  ------------  ----  ------  ------
      1      [36m0.2000[0m        [32m0.7363[0m       [35m0.1616[0m      [31m0.1366[0m        [94m0.6922[0m     +  0.0000  7.8890
      2      [36m0.3619[0m        [32m0.6652[0m       [35m0.2080[0m      [31m0.2869[0m        [94m0.6915[0m     +  0.0000  7.3357
      3      [36m0.7222[0m        [32m0.6119[0m       [35m0.2630[0m      [31m0.3464[0m        [94m0.6886[0m     +  0.0000  7.4376
      4      0.6984        [32m0.5935[0m       0.2552      [31m0.3597[0m        0.6942        0.0000  7.4199
      5      0.5000        0.6108       0.2335      [31m0.3889[0m        [94m0.6856[0m     +  0.0000  7.5139
      6      [36m0.8333[0m        0.5954       [35m0.2726[0m      0.3817        0.6872        0.0000  7.5277
      7      0.7579        [32m0.5660[0m       0.2628      0.3870        0.6864        0.0000  7.5592
      8      [36m0.8796[0m        [32m0.5481[0m       [35m0.2894[0m      0.3715        0.6892        0.0000  7.5582
      9      0.8796        0.5523       0.2668      [31m0.4019[0m        0.6877        0.0000  7.5760
     10      [36m0.9153[0m        [32m0.5227[0m       0.2396      0.3979        0.6860        0.0000  7.5795
     11      0.8487        0.5490       0.2382      [31m0.4045[0m        0.6861        0.0000  7.6248
     12      [36m0.9167[0m        0.5303       0.2370      [31m0.4085[0m        0.6873        0.0000  7.6430
     13      0.9167        [32m0.5176[0m       0.2431      0.4072        0.6877        0.0000  7.6547
     14      0.9153        0.5316       0.2418      [31m0.4140[0m        0.6884        0.0000  7.6561
     15      0.9153        [32m0.5106[0m       0.2359      [31m0.4215[0m        0.6877        0.0000  7.6603
Stopping since valid_loss has not improved in the last 11 epochs.
Pre-training scores with initial data:
  F1 (macro) = 0.4518
  F1 (micro) = 0.4720
  Accuracy   = 0.3389

Query 1: Using images from iteration=2 (uncertainty sampling).
Re-initializing module.
Re-initializing criterion.
Re-initializing optimizer.
  epoch    train_f1    train_loss    valid_acc    valid_f1    valid_loss    cp      lr     dur
-------  ----------  ------------  -----------  ----------  ------------  ----  ------  ------
      1      [36m0.6112[0m        [32m0.6228[0m       [35m0.2455[0m      [31m0.3318[0m        [94m0.6494[0m     +  0.0000  7.6588
      2      [36m0.6730[0m        [32m0.6166[0m       [35m0.4161[0m      0.2703        0.6584        0.0000  7.6422
      3      0.5087        [32m0.6099[0m       0.2335      [31m0.3798[0m        [94m0.6402[0m     +  0.0000  7.6874
      4      [36m0.7518[0m        [32m0.5662[0m       0.3901      0.3367        [94m0.6327[0m     +  0.0000  7.7061
      5      0.6799        [32m0.5580[0m       0.2622      0.3610        [94m0.6235[0m     +  0.0000  7.6403
      6      [36m0.7872[0m        [32m0.5406[0m       0.3071      0.3685        [94m0.6186[0m     +  0.0000  7.6355
      7      0.6582        [32m0.5187[0m       0.3344      [31m0.4173[0m        0.6202        0.0000  7.6371
      8      0.7201        0.5201       0.3444      0.4094        [94m0.6140[0m     +  0.0000  7.6696
      9      [36m0.8622[0m        [32m0.4810[0m       0.3470      [31m0.4229[0m        [94m0.6112[0m     +  0.0000  7.6930
     10      [36m0.8685[0m        0.5003       0.3510      [31m0.4340[0m        [94m0.6076[0m     +  0.0000  7.6859
     11      0.8242        0.4854       0.3523      [31m0.4355[0m        [94m0.6064[0m     +  0.0000  7.6580
     12      [36m0.8990[0m        [32m0.4705[0m       0.3554      [31m0.4388[0m        [94m0.6057[0m     +  0.0000  7.6462
     13      0.8935        0.4709       0.3578      [31m0.4474[0m        [94m0.6055[0m     +  0.0000  7.6549
     14      0.8451        0.4751       0.3594      [31m0.4491[0m        [94m0.6036[0m     +  0.0000  7.6250
     15      0.8399        0.4799       0.3625      0.4417        [94m0.6018[0m     +  0.0000  7.7021
     16      0.8025        0.4793       0.3634      0.4432        [94m0.6015[0m     +  0.0000  7.6717
     17      0.8972        [32m0.4643[0m       0.3648      0.4430        [94m0.6011[0m     +  0.0000  7.6404
     18      0.8528        0.4753       0.3658      0.4434        [94m0.6005[0m     +  0.0000  7.6558
     19      0.8933        [32m0.4563[0m       0.3655      0.4425        [94m0.6000[0m     +  0.0000  7.6876
     20      0.8607        0.4789       0.3665      0.4442        [94m0.5995[0m     +  0.0000  7.6439
     21      [36m0.9193[0m        0.4692       0.3663      0.4443        [94m0.5993[0m     +  0.0000  7.6398
     22      0.8607        0.4845       0.3665      0.4443        [94m0.5991[0m     +  0.0000  7.6588
     23      0.8999        [32m0.4551[0m       0.3677      0.4443        [94m0.5990[0m     +  0.0000  7.6571
     24      [36m0.9263[0m        0.4631       0.3681      0.4443        [94m0.5989[0m     +  0.0000  7.6222
     25      0.7987        0.4711       0.3681      0.4447        [94m0.5989[0m     +  0.0000  7.6540
     26      0.8672        0.4799       0.3681      0.4447        [94m0.5988[0m     +  0.0000  7.6500
     27      0.8451        0.4733       0.3682      0.4449        [94m0.5987[0m     +  0.0000  7.6252
     28      0.8999        0.4682       0.3682      0.4449        [94m0.5987[0m     +  0.0000  7.7033
     29      0.8605        0.4655       0.3682      0.4452        [94m0.5986[0m     +  0.0000  7.6658
     30      0.8607        0.4678       0.3682      0.4452        [94m0.5986[0m     +  0.0000  7.6406
     31      0.8325        0.4791       0.3684      0.4452        [94m0.5986[0m     +  0.0000  7.6692
     32      0.9019        [32m0.4430[0m       0.3682      0.4452        [94m0.5986[0m     +  0.0000  7.6553
     33      0.8528        0.4735       0.3682      0.4452        [94m0.5985[0m     +  0.0000  7.6282
     34      0.8827        0.4673       0.3682      0.4452        [94m0.5985[0m     +  0.0000  7.6750
     35      0.9130        0.4481       0.3682      0.4452        [94m0.5985[0m     +  0.0000  7.6347
     36      0.8372        0.4604       0.3682      0.4454        [94m0.5985[0m     +  0.0000  7.6250
     37      0.8594        0.4639       0.3682      0.4457        [94m0.5985[0m     +  0.0000  7.7022
     38      0.8622        0.4713       0.3682      0.4457        [94m0.5985[0m     +  0.0000  7.6261
     39      0.7632        0.4707       0.3682      0.4457        [94m0.5985[0m     +  0.0000  7.6508
     40      0.8827        0.4588       0.3682      0.4457        [94m0.5985[0m     +  0.0000  7.6393
     41      0.8158        0.4798       0.3682      0.4457        [94m0.5985[0m     +  0.0000  7.6330
     42      0.8565        0.4673       0.3682      0.4457        [94m0.5985[0m     +  0.0000  7.6547
     43      0.8236        0.4659       0.3682      0.4457        [94m0.5985[0m     +  0.0000  7.6472
     44      0.8622        0.4748       0.3682      0.4457        [94m0.5985[0m     +  0.0000  7.6411
     45      0.8365        0.4688       0.3682      0.4457        [94m0.5985[0m     +  0.0000  7.6765
Stopping since valid_loss has not improved in the last 11 epochs.
Iteration 1 Test Accuracy: 0.4490
Iteration 1 Test F1 Score (micro): 0.6181
Iteration 1 Test F1 Score (macro): 0.5781
Model checkpoint saved to C:\Users\localuserSKSG\Desktop\Shubham\ActiveLearning/Multilabel_from_multiclass/DinoS/uncertainty_sampling_seed45_test\model_checkpoint_iteration_0.pt

Query 2: Using images from iteration=3 (uncertainty sampling).
Re-initializing module.
Re-initializing criterion.
Re-initializing optimizer.
  epoch    train_f1    train_loss    valid_acc    valid_f1    valid_loss    cp      lr     dur
-------  ----------  ------------  -----------  ----------  ------------  ----  ------  ------
      1      [36m0.7370[0m        [32m0.5518[0m       [35m0.4106[0m      [31m0.1506[0m        [94m0.5788[0m     +  0.0000  7.8263
      2      0.4603        [32m0.5320[0m       0.1931      [31m0.5967[0m        0.6728        0.0000  7.7243
      3      0.7280        0.6383       [35m0.5000[0m      0.4431        [94m0.5509[0m     +  0.0000  7.6997
      4      0.7169        [32m0.5004[0m       [35m0.5286[0m      [31m0.6809[0m        [94m0.5311[0m     +  0.0000  7.7048
      5      [36m0.8386[0m        [32m0.4603[0m       0.5144      0.6274        [94m0.5094[0m     +  0.0000  7.7128
      6      [36m0.8527[0m        [32m0.4490[0m       [35m0.5625[0m      [31m0.7239[0m        [94m0.5038[0m     +  0.0000  7.7189
      7      [36m0.8945[0m        [32m0.4271[0m       [35m0.5667[0m      [31m0.7306[0m        [94m0.4997[0m     +  0.0000  7.7158
      8      [36m0.8981[0m        [32m0.4168[0m       [35m0.5813[0m      [31m0.7494[0m        [94m0.4948[0m     +  0.0000  7.7031
      9      [36m0.9135[0m        [32m0.4067[0m       [35m0.5823[0m      [31m0.7511[0m        [94m0.4931[0m     +  0.0000  7.7395
     10      0.9121        0.4179       [35m0.5944[0m      [31m0.7671[0m        [94m0.4873[0m     +  0.0000  7.7432
     11      [36m0.9325[0m        [32m0.3837[0m       [35m0.5948[0m      0.7651        [94m0.4862[0m     +  0.0000  7.7278
     12      0.9316        0.4025       [35m0.5972[0m      [31m0.7691[0m        [94m0.4848[0m     +  0.0000  7.7578
     13      [36m0.9452[0m        0.3868       [35m0.5986[0m      [31m0.7701[0m        [94m0.4836[0m     +  0.0000  7.7138
     14      [36m0.9636[0m        0.3943       0.5974      [31m0.7716[0m        [94m0.4820[0m     +  0.0000  7.7594
     15      0.9325        0.4033       0.5969      0.7701        [94m0.4813[0m     +  0.0000  7.7130
     16      0.8999        0.4072       0.5970      0.7686        [94m0.4810[0m     +  0.0000  7.7383
     17      0.9405        0.3889       0.5977      0.7703        [94m0.4805[0m     +  0.0000  7.7503
     18      0.9061        0.3953       0.5979      0.7700        [94m0.4801[0m     +  0.0000  7.7522
     19      0.9265        0.4024       0.5979      0.7700        [94m0.4799[0m     +  0.0000  7.7147
     20      0.9179        0.3999       0.5977      0.7708        [94m0.4793[0m     +  0.0000  7.7179
     21      0.9440        0.3893       0.5981      0.7714        [94m0.4790[0m     +  0.0000  7.7312
     22      0.9175        0.3925       0.5983      0.7711        [94m0.4789[0m     +  0.0000  7.7031
     23      0.9059        0.3983       0.5983      [31m0.7716[0m        [94m0.4787[0m     +  0.0000  7.7380
     24      0.9098        0.3909       0.5981      0.7714        [94m0.4786[0m     +  0.0000  7.7165
     25      0.9026        0.3958       0.5977      0.7713        [94m0.4784[0m     +  0.0000  7.6970
     26      0.9327        0.3931       0.5979      0.7715        [94m0.4783[0m     +  0.0000  7.7214
     27      0.9089        0.4001       0.5979      0.7715        [94m0.4783[0m     +  0.0000  7.7042
     28      0.9395        0.3965       0.5979      0.7714        [94m0.4782[0m     +  0.0000  7.7524
     29      0.9405        0.3872       0.5979      0.7715        [94m0.4781[0m     +  0.0000  7.7681
     30      0.9045        0.3929       0.5981      [31m0.7716[0m        [94m0.4780[0m     +  0.0000  7.7004
     31      0.9043        0.4013       0.5981      0.7716        [94m0.4780[0m     +  0.0000  7.7278
     32      0.9232        0.3927       0.5981      0.7716        [94m0.4780[0m     +  0.0000  7.7144
     33      0.9297        0.3899       0.5984      [31m0.7717[0m        [94m0.4780[0m     +  0.0000  7.7175
     34      0.9175        0.3907       0.5984      0.7717        [94m0.4779[0m     +  0.0000  7.7493
     35      0.9308        [32m0.3814[0m       0.5984      [31m0.7719[0m        [94m0.4779[0m     +  0.0000  7.7024
     36      0.9044        0.3905       0.5984      0.7719        [94m0.4779[0m     +  0.0000  7.7031
     37      0.9193        0.4002       0.5983      0.7718        [94m0.4779[0m     +  0.0000  7.7501
     38      0.9253        0.3937       0.5983      0.7718        [94m0.4779[0m     +  0.0000  7.7187
     39      0.9316        0.3852       0.5983      0.7718        [94m0.4779[0m     +  0.0000  7.6963
     40      0.9312        0.3930       0.5983      0.7718        [94m0.4779[0m     +  0.0000  7.7041
     41      0.8874        0.3917       0.5983      0.7718        [94m0.4779[0m     +  0.0000  7.7365
     42      0.9252        0.3865       0.5983      0.7717        [94m0.4778[0m     +  0.0000  7.7145
     43      0.9473        0.3844       0.5983      0.7717        [94m0.4778[0m     +  0.0000  7.7201
     44      0.9231        0.3929       0.5983      0.7717        [94m0.4778[0m     +  0.0000  7.7042
     45      0.9239        0.3937       0.5983      0.7717        [94m0.4778[0m     +  0.0000  7.7124
     46      0.9274        0.3992       0.5983      0.7717        [94m0.4778[0m     +  0.0000  7.7818
     47      0.9170        [32m0.3814[0m       0.5983      0.7717        [94m0.4778[0m     +  0.0000  7.6865
     48      0.9308        0.3948       0.5983      0.7717        [94m0.4778[0m     +  0.0000  7.7241
     49      0.9248        0.3852       0.5983      0.7717        [94m0.4778[0m     +  0.0000  7.7543
     50      0.9176        0.3835       0.5983      0.7717        [94m0.4778[0m     +  0.0000  7.6898
     51      0.9333        0.3970       0.5983      0.7717        [94m0.4778[0m     +  0.0000  7.7284
     52      0.9253        0.3886       0.5983      0.7717        [94m0.4778[0m     +  0.0000  7.7345
Stopping since valid_loss has not improved in the last 11 epochs.
Iteration 2 Test Accuracy: 0.6495
Iteration 2 Test F1 Score (micro): 0.7795
Iteration 2 Test F1 Score (macro): 0.7827
Model checkpoint saved to C:\Users\localuserSKSG\Desktop\Shubham\ActiveLearning/Multilabel_from_multiclass/DinoS/uncertainty_sampling_seed45_test\model_checkpoint_iteration_1.pt

Query 3: Using images from iteration=4 (uncertainty sampling).
Re-initializing module.
Re-initializing criterion.
Re-initializing optimizer.
  epoch    train_f1    train_loss    valid_acc    valid_f1    valid_loss    cp      lr     dur
-------  ----------  ------------  -----------  ----------  ------------  ----  ------  ------
      1      [36m0.8865[0m        [32m0.4267[0m       [35m0.5939[0m      [31m0.7640[0m        [94m0.4637[0m     +  0.0000  7.9973
      2      0.8181        0.4317       [35m0.6714[0m      [31m0.8278[0m        [94m0.4382[0m     +  0.0000  7.8669
      3      [36m0.9210[0m        [32m0.3801[0m       0.6604      0.7976        [94m0.4207[0m     +  0.0000  7.8811
      4      0.9002        [32m0.3639[0m       0.5637      0.7645        0.4946        0.0000  7.8893
      5      0.8687        0.4253       0.4781      0.2582        0.5448        0.0000  7.8474
      6      0.4905        0.4732       0.6580      0.7967        [94m0.4090[0m     +  0.0000  7.8849
      7      0.9172        [32m0.3418[0m       [35m0.6813[0m      [31m0.8301[0m        [94m0.3974[0m     +  0.0000  7.8891
      8      [36m0.9263[0m        [32m0.3416[0m       [35m0.6911[0m      [31m0.8387[0m        [94m0.3933[0m     +  0.0000  7.8854
      9      [36m0.9298[0m        [32m0.3404[0m       [35m0.6934[0m      [31m0.8404[0m        [94m0.3912[0m     +  0.0000  7.9405
     10      0.9169        [32m0.3380[0m       [35m0.6955[0m      [31m0.8420[0m        [94m0.3898[0m     +  0.0000  7.9526
     11      0.9157        [32m0.3358[0m       0.6953      0.8419        [94m0.3892[0m     +  0.0000  7.8567
     12      0.9261        [32m0.3292[0m       [35m0.6958[0m      [31m0.8425[0m        [94m0.3886[0m     +  0.0000  7.8911
     13      0.9222        0.3379       [35m0.6970[0m      [31m0.8432[0m        [94m0.3881[0m     +  0.0000  7.9218
     14      0.9275        [32m0.3264[0m       0.6962      0.8427        [94m0.3876[0m     +  0.0000  7.8900
     15      [36m0.9348[0m        0.3293       0.6964      0.8428        [94m0.3873[0m     +  0.0000  7.8560
     16      0.9336        [32m0.3200[0m       0.6967      0.8430        [94m0.3871[0m     +  0.0000  7.8820
     17      0.9153        0.3365       [35m0.6972[0m      [31m0.8436[0m        [94m0.3868[0m     +  0.0000  7.9638
     18      0.9269        0.3328       [35m0.6974[0m      [31m0.8438[0m        [94m0.3866[0m     +  0.0000  7.8898
     19      0.9219        0.3279       0.6974      [31m0.8439[0m        [94m0.3864[0m     +  0.0000  7.8869
     20      0.9269        0.3297       [35m0.6979[0m      [31m0.8441[0m        [94m0.3863[0m     +  0.0000  7.9241
     21      0.9340        0.3329       [35m0.6983[0m      [31m0.8443[0m        [94m0.3862[0m     +  0.0000  7.8899
     22      [36m0.9349[0m        0.3279       0.6983      [31m0.8443[0m        [94m0.3861[0m     +  0.0000  7.8746
     23      0.9349        0.3276       0.6983      [31m0.8443[0m        [94m0.3860[0m     +  0.0000  7.9404
     24      0.9269        0.3231       [35m0.6984[0m      [31m0.8444[0m        [94m0.3860[0m     +  0.0000  7.8925
     25      0.9269        [32m0.3197[0m       0.6984      0.8444        [94m0.3859[0m     +  0.0000  7.8798
     26      0.9271        0.3319       0.6984      0.8444        [94m0.3859[0m     +  0.0000  7.9371
     27      0.9182        0.3328       0.6984      0.8444        [94m0.3859[0m     +  0.0000  7.9226
     28      0.9308        0.3252       0.6984      0.8444        [94m0.3859[0m     +  0.0000  7.8889
     29      0.9310        0.3271       [35m0.6986[0m      [31m0.8446[0m        [94m0.3858[0m     +  0.0000  7.8691
     30      0.9269        0.3252       0.6986      0.8446        [94m0.3858[0m     +  0.0000  7.9385
     31      0.9349        0.3379       0.6986      0.8446        [94m0.3858[0m     +  0.0000  7.9024
     32      0.9194        0.3253       0.6986      0.8446        [94m0.3858[0m     +  0.0000  7.8896
     33      0.9230        0.3254       0.6986      [31m0.8447[0m        [94m0.3858[0m     +  0.0000  7.8772
     34      0.9056        0.3213       0.6986      0.8447        [94m0.3858[0m     +  0.0000  7.8787
     35      0.9192        0.3268       0.6986      0.8446        [94m0.3858[0m     +  0.0000  7.8885
     36      0.9194        0.3267       0.6986      0.8446        [94m0.3858[0m     +  0.0000  7.9028
     37      0.9143        0.3262       0.6986      0.8446        [94m0.3858[0m     +  0.0000  7.8711
     38      0.9278        0.3255       0.6986      0.8447        [94m0.3857[0m     +  0.0000  7.8944
     39      0.9231        0.3265       0.6986      0.8447        [94m0.3857[0m     +  0.0000  7.8969
     40      0.9106        0.3295       0.6986      0.8447        [94m0.3857[0m     +  0.0000  7.8894
     41      0.9094        0.3314       0.6986      0.8447        [94m0.3857[0m     +  0.0000  7.8865
     42      0.9254        0.3300       0.6986      0.8447        [94m0.3857[0m     +  0.0000  7.9534
     43      0.9269        0.3276       0.6986      0.8447        [94m0.3857[0m     +  0.0000  7.8487
     44      0.9219        0.3327       0.6986      0.8447        [94m0.3857[0m     +  0.0000  7.8847
Stopping since valid_loss has not improved in the last 11 epochs.
Iteration 3 Test Accuracy: 0.7538
Iteration 3 Test F1 Score (micro): 0.8654
Iteration 3 Test F1 Score (macro): 0.8576
Model checkpoint saved to C:\Users\localuserSKSG\Desktop\Shubham\ActiveLearning/Multilabel_from_multiclass/DinoS/uncertainty_sampling_seed45_test\model_checkpoint_iteration_2.pt

Query 4: Using images from iteration=5 (uncertainty sampling).
Re-initializing module.
Re-initializing criterion.
Re-initializing optimizer.
  epoch    train_f1    train_loss    valid_acc    valid_f1    valid_loss    cp      lr     dur
-------  ----------  ------------  -----------  ----------  ------------  ----  ------  ------
      1      [36m0.8541[0m        [32m0.4011[0m       [35m0.5283[0m      [31m0.5197[0m        [94m0.4741[0m     +  0.0000  8.2212
      2      0.7719        [32m0.3849[0m       [35m0.7134[0m      [31m0.8499[0m        [94m0.3605[0m     +  0.0000  8.0952
      3      [36m0.9001[0m        [32m0.3150[0m       0.7090      [31m0.8539[0m        [94m0.3499[0m     +  0.0000  8.1130
      4      [36m0.9072[0m        [32m0.3072[0m       0.7087      [31m0.8549[0m        [94m0.3457[0m     +  0.0000  8.1458
      5      0.9068        [32m0.3017[0m       0.7116      [31m0.8552[0m        [94m0.3402[0m     +  0.0000  8.1207
      6      [36m0.9091[0m        [32m0.2926[0m       0.7115      0.8551        [94m0.3394[0m     +  0.0000  8.1213
      7      0.9002        0.2934       0.7116      0.8551        [94m0.3380[0m     +  0.0000  8.1218
      8      0.9050        [32m0.2876[0m       0.7116      0.8548        [94m0.3368[0m     +  0.0000  8.1277
      9      0.8914        0.2905       0.7106      0.8545        [94m0.3356[0m     +  0.0000  8.0811
     10      [36m0.9122[0m        0.2892       [35m0.7139[0m      [31m0.8557[0m        [94m0.3338[0m     +  0.0000  8.1219
     11      0.9030        0.2901       [35m0.7146[0m      [31m0.8565[0m        [94m0.3334[0m     +  0.0000  8.1265
     12      0.9119        [32m0.2840[0m       0.7144      0.8561        [94m0.3330[0m     +  0.0000  8.1575
     13      0.9066        0.2843       0.7146      0.8565        [94m0.3326[0m     +  0.0000  8.1528
     14      [36m0.9143[0m        [32m0.2774[0m       0.7137      0.8561        [94m0.3324[0m     +  0.0000  8.1327
     15      0.9139        0.2839       0.7128      0.8558        [94m0.3320[0m     +  0.0000  8.1592
     16      0.9058        0.2851       0.7123      0.8557        [94m0.3319[0m     +  0.0000  8.1249
     17      0.9047        0.2878       0.7120      0.8553        [94m0.3318[0m     +  0.0000  8.1241
     18      [36m0.9146[0m        0.2822       0.7120      0.8553        [94m0.3317[0m     +  0.0000  8.1765
     19      0.9024        0.2810       0.7122      0.8555        [94m0.3316[0m     +  0.0000  8.1431
     20      0.9123        0.2844       0.7125      0.8555        [94m0.3315[0m     +  0.0000  8.1343
     21      0.8988        0.2798       0.7123      0.8554        [94m0.3314[0m     +  0.0000  8.1141
     22      0.9091        [32m0.2773[0m       0.7125      0.8555        [94m0.3314[0m     +  0.0000  8.1658
     23      0.8967        0.2866       0.7123      0.8555        [94m0.3313[0m     +  0.0000  8.1267
     24      0.9041        0.2799       0.7123      0.8555        [94m0.3313[0m     +  0.0000  8.1434
     25      0.9040        [32m0.2750[0m       0.7123      0.8555        [94m0.3312[0m     +  0.0000  8.1563
     26      [36m0.9161[0m        0.2802       0.7125      0.8555        [94m0.3312[0m     +  0.0000  8.1470
     27      0.9072        0.2798       0.7125      0.8555        [94m0.3312[0m     +  0.0000  8.1086
     28      0.9114        0.2851       0.7125      0.8555        [94m0.3311[0m     +  0.0000  8.1783
     29      0.8988        0.2815       0.7125      0.8555        [94m0.3311[0m     +  0.0000  8.1540
     30      0.9081        0.2786       0.7127      0.8556        [94m0.3311[0m     +  0.0000  8.1300
     31      0.9115        0.2835       0.7127      0.8556        [94m0.3311[0m     +  0.0000  8.1396
     32      0.9079        0.2837       0.7128      0.8558        [94m0.3311[0m     +  0.0000  8.1407
     33      0.8978        0.2873       0.7127      0.8556        [94m0.3311[0m     +  0.0000  8.1353
     34      [36m0.9169[0m        0.2756       0.7125      0.8556        [94m0.3311[0m     +  0.0000  8.1122
     35      0.9104        0.2757       0.7127      0.8557        [94m0.3311[0m     +  0.0000  8.1483
     36      0.9166        0.2823       0.7127      0.8557        [94m0.3311[0m     +  0.0000  8.1301
     37      0.9052        0.2779       0.7127      0.8557        [94m0.3311[0m     +  0.0000  8.1435
     38      0.9094        0.2786       0.7127      0.8557        [94m0.3311[0m     +  0.0000  8.1847
     39      0.9100        0.2847       0.7127      0.8557        [94m0.3310[0m     +  0.0000  8.1108
     40      0.9080        0.2829       0.7127      0.8557        [94m0.3310[0m     +  0.0000  8.1255
     41      0.9108        0.2800       0.7127      0.8557        [94m0.3310[0m     +  0.0000  8.1414
     42      0.9104        0.2770       0.7127      0.8557        [94m0.3310[0m     +  0.0000  8.1374
     43      0.9073        0.2795       0.7127      0.8557        [94m0.3310[0m     +  0.0000  8.1220
     44      0.9144        0.2863       0.7127      0.8557        [94m0.3310[0m     +  0.0000  8.1202
     45      0.9131        0.2813       0.7127      0.8557        [94m0.3310[0m     +  0.0000  8.1429
     46      0.9120        0.2842       0.7127      0.8557        [94m0.3310[0m     +  0.0000  8.1292
     47      0.9091        0.2780       0.7127      0.8557        [94m0.3310[0m     +  0.0000  8.1186
     48      0.9001        0.2755       0.7127      0.8557        [94m0.3310[0m     +  0.0000  8.1521
     49      0.9109        0.2802       0.7127      0.8557        [94m0.3310[0m     +  0.0000  8.1409
Stopping since valid_loss has not improved in the last 11 epochs.
Iteration 4 Test Accuracy: 0.7543
Iteration 4 Test F1 Score (micro): 0.8766
Iteration 4 Test F1 Score (macro): 0.8676
Model checkpoint saved to C:\Users\localuserSKSG\Desktop\Shubham\ActiveLearning/Multilabel_from_multiclass/DinoS/uncertainty_sampling_seed45_test\model_checkpoint_iteration_3.pt

Query 5: Using images from iteration=6 (uncertainty sampling).
Re-initializing module.
Re-initializing criterion.
Re-initializing optimizer.
  epoch    train_f1    train_loss    valid_acc    valid_f1    valid_loss    cp      lr     dur
-------  ----------  ------------  -----------  ----------  ------------  ----  ------  ------
      1      [36m0.7570[0m        [32m0.4046[0m       [35m0.7132[0m      [31m0.8478[0m        [94m0.3381[0m     +  0.0000  8.7402
      2      [36m0.8968[0m        [32m0.2997[0m       [35m0.7328[0m      [31m0.8628[0m        [94m0.3130[0m     +  0.0000  8.5807
      3      0.8843        [32m0.2857[0m       [35m0.7363[0m      [31m0.8652[0m        [94m0.3099[0m     +  0.0000  8.6025
      4      [36m0.9013[0m        [32m0.2810[0m       0.7326      0.8648        [94m0.3075[0m     +  0.0000  8.6231
      5      0.8950        [32m0.2759[0m       0.7299      0.8598        [94m0.3036[0m     +  0.0000  8.5862
      6      0.8993        [32m0.2700[0m       0.7231      0.8561        [94m0.3030[0m     +  0.0000  8.6015
      7      [36m0.9150[0m        0.2710       0.7238      0.8565        [94m0.3021[0m     +  0.0000  8.6704
      8      0.9046        [32m0.2684[0m       0.7234      0.8563        [94m0.3011[0m     +  0.0000  8.5948
      9      0.9137        [32m0.2660[0m       0.7247      0.8563        [94m0.3002[0m     +  0.0000  8.5714
     10      0.9093        [32m0.2655[0m       0.7238      0.8557        [94m0.2994[0m     +  0.0000  8.5855
     11      0.8974        0.2698       0.7229      0.8553        [94m0.2992[0m     +  0.0000  8.6179
     12      [36m0.9154[0m        [32m0.2613[0m       0.7234      0.8555        [94m0.2989[0m     +  0.0000  8.6197
     13      0.8992        0.2706       0.7231      0.8553        [94m0.2989[0m     +  0.0000  8.5540
     14      0.9135        0.2641       0.7227      0.8555        [94m0.2987[0m     +  0.0000  8.5549
     15      0.9075        0.2647       0.7233      0.8556        [94m0.2983[0m     +  0.0000  8.5565
     16      0.9147        0.2634       0.7231      0.8551        [94m0.2983[0m     +  0.0000  8.5528
     17      0.9125        [32m0.2612[0m       0.7233      0.8550        [94m0.2981[0m     +  0.0000  8.6173
     18      0.9059        0.2613       0.7234      0.8551        [94m0.2980[0m     +  0.0000  8.5697
     19      0.9004        0.2647       0.7234      0.8549        [94m0.2979[0m     +  0.0000  8.5553
     20      0.9012        0.2646       0.7229      0.8545        [94m0.2978[0m     +  0.0000  8.5846
     21      0.9132        0.2626       0.7229      0.8543        [94m0.2978[0m     +  0.0000  8.5698
     22      0.9001        0.2667       0.7222      0.8541        [94m0.2978[0m     +  0.0000  8.5384
     23      0.9091        0.2628       0.7222      0.8541        [94m0.2977[0m     +  0.0000  8.5874
     24      0.9123        [32m0.2587[0m       0.7229      0.8545        [94m0.2977[0m     +  0.0000  8.6026
     25      0.9141        0.2621       0.7222      0.8540        [94m0.2977[0m     +  0.0000  8.6217
     26      0.9127        0.2611       0.7222      0.8540        [94m0.2977[0m     +  0.0000  8.6012
     27      0.9099        0.2606       0.7222      0.8540        [94m0.2977[0m     +  0.0000  8.5063
     28      [36m0.9155[0m        [32m0.2571[0m       0.7219      0.8539        [94m0.2976[0m     +  0.0000  8.5715
     29      0.9081        0.2620       0.7224      0.8541        [94m0.2976[0m     +  0.0000  8.5553
     30      0.9138        0.2605       0.7224      0.8541        [94m0.2976[0m     +  0.0000  8.5557
     31      0.9125        0.2587       0.7224      0.8541        [94m0.2976[0m     +  0.0000  8.6029
     32      0.9119        0.2596       0.7222      0.8540        [94m0.2976[0m     +  0.0000  8.6033
     33      0.9050        0.2599       0.7222      0.8540        [94m0.2976[0m     +  0.0000  8.6473
     34      0.9104        0.2627       0.7222      0.8540        [94m0.2976[0m     +  0.0000  8.5690
     35      [36m0.9183[0m        0.2626       0.7222      0.8540        [94m0.2976[0m     +  0.0000  8.5878
     36      0.8968        0.2637       0.7222      0.8540        [94m0.2976[0m     +  0.0000  8.5233
     37      0.9126        0.2587       0.7222      0.8540        [94m0.2976[0m     +  0.0000  8.5870
     38      0.9151        0.2639       0.7222      0.8540        [94m0.2976[0m     +  0.0000  8.5708
     39      [36m0.9200[0m        [32m0.2570[0m       0.7222      0.8540        [94m0.2976[0m     +  0.0000  8.5700
     40      0.9135        0.2603       0.7222      0.8540        [94m0.2976[0m     +  0.0000  8.5536
     41      0.9120        0.2579       0.7222      0.8540        [94m0.2976[0m     +  0.0000  8.5712
     42      0.9102        0.2607       0.7222      0.8540        [94m0.2976[0m     +  0.0000  8.5405
     43      0.9090        0.2571       0.7222      0.8540        [94m0.2976[0m     +  0.0000  8.5700
     44      0.9120        0.2595       0.7222      0.8540        [94m0.2976[0m     +  0.0000  8.5226
Stopping since valid_loss has not improved in the last 11 epochs.
Iteration 5 Test Accuracy: 0.7667
Iteration 5 Test F1 Score (micro): 0.8867
Iteration 5 Test F1 Score (macro): 0.8733
Model checkpoint saved to C:\Users\localuserSKSG\Desktop\Shubham\ActiveLearning/Multilabel_from_multiclass/DinoS/uncertainty_sampling_seed45_test\model_checkpoint_iteration_4.pt

Query 6: Using images from iteration=7 (uncertainty sampling).
Re-initializing module.
Re-initializing criterion.
Re-initializing optimizer.
  epoch    train_f1    train_loss    valid_acc    valid_f1    valid_loss    cp      lr     dur
-------  ----------  ------------  -----------  ----------  ------------  ----  ------  ------
      1      [36m0.8441[0m        [32m0.3297[0m       [35m0.7380[0m      [31m0.8544[0m        [94m0.2890[0m     +  0.0000  9.5565
      2      [36m0.9033[0m        [32m0.2625[0m       [35m0.7469[0m      0.8518        [94m0.2834[0m     +  0.0000  9.4145
      3      [36m0.9083[0m        [32m0.2581[0m       [35m0.7495[0m      0.8534        [94m0.2783[0m     +  0.0000  9.3839
      4      [36m0.9148[0m        [32m0.2517[0m       [35m0.7509[0m      [31m0.8565[0m        [94m0.2748[0m     +  0.0000  9.3825
      5      0.9131        [32m0.2493[0m       [35m0.7549[0m      [31m0.8610[0m        [94m0.2700[0m     +  0.0000  9.3852
      6      [36m0.9166[0m        [32m0.2424[0m       [35m0.7557[0m      [31m0.8631[0m        [94m0.2690[0m     +  0.0000  9.3993
      7      0.9164        [32m0.2419[0m       [35m0.7582[0m      [31m0.8638[0m        [94m0.2678[0m     +  0.0000  9.3677
      8      [36m0.9233[0m        [32m0.2373[0m       0.7573      0.8626        [94m0.2671[0m     +  0.0000  9.4137
      9      [36m0.9279[0m        [32m0.2342[0m       0.7576      [31m0.8640[0m        [94m0.2661[0m     +  0.0000  9.3679
     10      [36m0.9283[0m        0.2387       [35m0.7595[0m      [31m0.8657[0m        [94m0.2651[0m     +  0.0000  9.3842
     11      [36m0.9363[0m        0.2367       0.7582      0.8656        0.2651        0.0000  9.3986
     12      0.9279        [32m0.2337[0m       0.7592      0.8644        [94m0.2649[0m     +  0.0000  9.4127
     13      0.9288        0.2339       0.7582      0.8644        [94m0.2648[0m     +  0.0000  9.4749
     14      0.9315        [32m0.2319[0m       0.7590      0.8651        [94m0.2643[0m     +  0.0000  9.4138
     15      0.9282        [32m0.2319[0m       0.7594      0.8648        [94m0.2641[0m     +  0.0000  9.4467
     16      0.9229        0.2342       0.7595      0.8643        0.2641        0.0000  9.3996
     17      0.9247        0.2335       0.7594      0.8642        [94m0.2640[0m     +  0.0000  9.4462
     18      0.9257        0.2337       0.7595      0.8648        [94m0.2639[0m     +  0.0000  9.4310
     19      0.9246        0.2320       0.7595      0.8649        [94m0.2637[0m     +  0.0000  9.4324
     20      0.9360        [32m0.2296[0m       0.7594      0.8644        0.2638        0.0000  9.3923
     21      0.9299        0.2322       [35m0.7597[0m      0.8646        [94m0.2637[0m     +  0.0000  9.4311
     22      0.9304        [32m0.2284[0m       0.7594      0.8644        0.2637        0.0000  9.3968
     23      0.9265        0.2318       [35m0.7599[0m      0.8647        [94m0.2636[0m     +  0.0000  9.3853
     24      0.9302        0.2339       0.7597      0.8646        [94m0.2635[0m     +  0.0000  9.4451
     25      0.9266        0.2292       0.7595      0.8645        [94m0.2635[0m     +  0.0000  9.4133
     26      0.9312        0.2291       0.7597      0.8646        [94m0.2634[0m     +  0.0000  9.3980
     27      0.9284        [32m0.2284[0m       [35m0.7601[0m      0.8646        0.2635        0.0000  9.4311
     28      0.9294        0.2336       [35m0.7602[0m      0.8648        [94m0.2634[0m     +  0.0000  9.4608
     29      0.9341        0.2301       0.7597      0.8645        [94m0.2634[0m     +  0.0000  9.4304
     30      0.9321        0.2307       0.7599      0.8646        0.2634        0.0000  9.4938
     31      0.9266        0.2308       0.7602      0.8648        0.2634        0.0000  9.4326
     32      0.9289        0.2335       [35m0.7604[0m      0.8649        0.2634        0.0000  9.3836
     33      0.9278        0.2308       0.7602      0.8648        [94m0.2634[0m     +  0.0000  9.3853
     34      0.9294        [32m0.2282[0m       0.7602      0.8648        [94m0.2634[0m     +  0.0000  9.4627
     35      0.9278        0.2317       [35m0.7608[0m      0.8651        [94m0.2634[0m     +  0.0000  9.3511
     36      0.9284        0.2304       0.7608      0.8651        [94m0.2634[0m     +  0.0000  9.4439
     37      0.9340        0.2283       0.7608      0.8651        [94m0.2634[0m     +  0.0000  9.3834
     38      0.9247        0.2338       0.7604      0.8649        [94m0.2634[0m     +  0.0000  9.4005
     39      0.9340        0.2290       0.7608      0.8651        0.2634        0.0000  9.4147
     40      0.9331        0.2290       0.7606      0.8650        [94m0.2634[0m     +  0.0000  9.3989
     41      [36m0.9380[0m        0.2295       0.7604      0.8649        [94m0.2634[0m     +  0.0000  9.4296
     42      0.9333        0.2296       0.7606      0.8650        0.2634        0.0000  9.4451
     43      0.9291        0.2332       0.7606      0.8650        [94m0.2634[0m     +  0.0000  9.4297
     44      0.9324        0.2321       0.7608      0.8651        0.2634        0.0000  9.4296
     45      0.9298        0.2294       0.7604      0.8649        [94m0.2634[0m     +  0.0000  9.5633
     46      0.9277        0.2314       0.7606      0.8650        0.2634        0.0000  9.4329
     47      0.9318        0.2296       0.7606      0.8650        [94m0.2634[0m     +  0.0000  9.4324
Stopping since valid_loss has not improved in the last 11 epochs.
Iteration 6 Test Accuracy: 0.7951
Iteration 6 Test F1 Score (micro): 0.8968
Iteration 6 Test F1 Score (macro): 0.8745
Model checkpoint saved to C:\Users\localuserSKSG\Desktop\Shubham\ActiveLearning/Multilabel_from_multiclass/DinoS/uncertainty_sampling_seed45_test\model_checkpoint_iteration_5.pt

Query 7: Using images from iteration=8 (uncertainty sampling).
Re-initializing module.
Re-initializing criterion.
Re-initializing optimizer.
  epoch    train_f1    train_loss    valid_acc    valid_f1    valid_loss    cp      lr      dur
-------  ----------  ------------  -----------  ----------  ------------  ----  ------  -------
      1      [36m0.8892[0m        [32m0.2779[0m       [35m0.7488[0m      [31m0.8391[0m        [94m0.2659[0m     +  0.0000  11.1033
      2      [36m0.9201[0m        [32m0.2364[0m       [35m0.7514[0m      0.8355        [94m0.2651[0m     +  0.0000  10.8544
      3      [36m0.9237[0m        [32m0.2289[0m       [35m0.7521[0m      0.8290        [94m0.2647[0m     +  0.0000  10.8714
      4      [36m0.9287[0m        [32m0.2254[0m       [35m0.7634[0m      [31m0.8483[0m        [94m0.2576[0m     +  0.0000  10.9145
      5      [36m0.9393[0m        [32m0.2204[0m       [35m0.7646[0m      0.8469        [94m0.2576[0m     +  0.0000  10.8712
      6      0.9359        [32m0.2172[0m       [35m0.7726[0m      [31m0.8601[0m        [94m0.2517[0m     +  0.0000  10.8529
      7      0.9390        [32m0.2137[0m       [35m0.7748[0m      [31m0.8633[0m        [94m0.2504[0m     +  0.0000  10.8675
      8      [36m0.9423[0m        [32m0.2131[0m       0.7727      0.8597        0.2505        0.0000  10.9005
      9      [36m0.9456[0m        [32m0.2101[0m       0.7743      0.8597        [94m0.2501[0m     +  0.0000  10.8681
     10      0.9433        0.2110       [35m0.7755[0m      0.8606        [94m0.2493[0m     +  0.0000  10.9003
     11      0.9434        [32m0.2075[0m       [35m0.7788[0m      [31m0.8682[0m        [94m0.2480[0m     +  0.0000  10.9007
     12      0.9448        0.2075       [35m0.7799[0m      [31m0.8685[0m        [94m0.2480[0m     +  0.0000  10.9152
     13      [36m0.9475[0m        [32m0.2052[0m       [35m0.7800[0m      0.8684        [94m0.2479[0m     +  0.0000  10.8535
     14      [36m0.9491[0m        0.2054       0.7800      0.8684        [94m0.2476[0m     +  0.0000  10.8389
     15      0.9463        0.2070       [35m0.7802[0m      [31m0.8685[0m        [94m0.2475[0m     +  0.0000  10.8990
     16      0.9491        [32m0.2039[0m       [35m0.7821[0m      [31m0.8703[0m        [94m0.2472[0m     +  0.0000  10.8525
     17      0.9490        0.2043       0.7821      0.8697        [94m0.2471[0m     +  0.0000  10.8840
     18      0.9483        0.2057       0.7814      0.8695        0.2472        0.0000  10.8854
     19      [36m0.9492[0m        [32m0.2037[0m       [35m0.7823[0m      0.8701        [94m0.2470[0m     +  0.0000  10.9006
     20      0.9479        0.2055       [35m0.7826[0m      [31m0.8705[0m        [94m0.2469[0m     +  0.0000  10.9266
     21      0.9466        0.2051       [35m0.7833[0m      [31m0.8708[0m        [94m0.2468[0m     +  0.0000  10.9151
     22      0.9457        0.2038       0.7833      [31m0.8709[0m        [94m0.2468[0m     +  0.0000  10.8839
     23      [36m0.9511[0m        0.2054       0.7830      0.8705        0.2468        0.0000  10.8368
     24      0.9475        0.2054       0.7830      0.8706        [94m0.2467[0m     +  0.0000  10.8856
     25      0.9461        0.2062       0.7830      0.8706        [94m0.2467[0m     +  0.0000  10.8837
     26      [36m0.9533[0m        [32m0.2023[0m       0.7830      0.8708        [94m0.2467[0m     +  0.0000  10.8854
     27      0.9491        0.2026       0.7832      [31m0.8710[0m        [94m0.2467[0m     +  0.0000  10.8695
     28      0.9524        [32m0.2018[0m       0.7832      0.8710        0.2467        0.0000  10.8838
     29      0.9490        0.2028       0.7828      0.8706        0.2467        0.0000  10.9009
     30      0.9507        0.2048       0.7832      [31m0.8711[0m        [94m0.2466[0m     +  0.0000  10.8530
     31      0.9525        0.2038       0.7832      0.8711        0.2466        0.0000  10.8388
     32      0.9505        0.2047       0.7833      [31m0.8713[0m        0.2466        0.0000  10.9157
     33      0.9446        0.2038       0.7833      0.8713        [94m0.2466[0m     +  0.0000  10.9164
     34      0.9494        0.2033       0.7832      0.8712        [94m0.2466[0m     +  0.0000  10.8860
     35      0.9458        0.2044       0.7833      0.8713        [94m0.2466[0m     +  0.0000  10.8716
     36      0.9499        0.2029       0.7833      0.8713        0.2466        0.0000  10.9006
     37      0.9526        0.2026       0.7833      0.8713        0.2466        0.0000  10.8826
     38      0.9486        0.2058       0.7833      0.8713        0.2466        0.0000  10.8850
     39      0.9499        0.2022       0.7833      0.8713        0.2466        0.0000  10.8990
     40      0.9494        0.2028       0.7833      0.8713        0.2466        0.0000  10.9005
Stopping since valid_loss has not improved in the last 11 epochs.
Iteration 7 Test Accuracy: 0.8123
Iteration 7 Test F1 Score (micro): 0.9036
Iteration 7 Test F1 Score (macro): 0.8805
Model checkpoint saved to C:\Users\localuserSKSG\Desktop\Shubham\ActiveLearning/Multilabel_from_multiclass/DinoS/uncertainty_sampling_seed45_test\model_checkpoint_iteration_6.pt

Query 8: Using images from iteration=9 (uncertainty sampling).
Re-initializing module.
Re-initializing criterion.
Re-initializing optimizer.
  epoch    train_f1    train_loss    valid_acc    valid_f1    valid_loss    cp      lr      dur
-------  ----------  ------------  -----------  ----------  ------------  ----  ------  -------
      1      [36m0.9072[0m        [32m0.2424[0m       [35m0.7785[0m      [31m0.8714[0m        [94m0.2426[0m     +  0.0000  13.6987
      2      [36m0.9374[0m        [32m0.2095[0m       [35m0.7856[0m      [31m0.8795[0m        [94m0.2392[0m     +  0.0000  13.4037
      3      [36m0.9408[0m        [32m0.2042[0m       [35m0.7950[0m      [31m0.8796[0m        [94m0.2366[0m     +  0.0000  13.4038
      4      [36m0.9442[0m        [32m0.1993[0m       [35m0.7972[0m      [31m0.8809[0m        [94m0.2350[0m     +  0.0000  13.4507
      5      [36m0.9492[0m        [32m0.1947[0m       [35m0.8038[0m      [31m0.8936[0m        [94m0.2348[0m     +  0.0000  13.4662
      6      [36m0.9514[0m        [32m0.1890[0m       [35m0.8057[0m      0.8890        [94m0.2316[0m     +  0.0000  13.5142
      7      [36m0.9543[0m        [32m0.1872[0m       [35m0.8080[0m      0.8903        [94m0.2312[0m     +  0.0000  13.4791
      8      [36m0.9548[0m        0.1881       0.8068      0.8903        [94m0.2310[0m     +  0.0000  13.5136
      9      [36m0.9549[0m        [32m0.1830[0m       [35m0.8082[0m      0.8910        [94m0.2308[0m     +  0.0000  13.5431
     10      0.9544        0.1849       [35m0.8094[0m      0.8917        [94m0.2303[0m     +  0.0000  13.4978
     11      [36m0.9579[0m        [32m0.1808[0m       [35m0.8099[0m      0.8906        [94m0.2300[0m     +  0.0000  13.4818
     12      0.9558        0.1833       [35m0.8127[0m      0.8912        [94m0.2296[0m     +  0.0000  13.5603
     13      0.9579        [32m0.1799[0m       0.8095      0.8907        0.2297        0.0000  13.4961
     14      [36m0.9595[0m        [32m0.1797[0m       0.8104      0.8910        0.2297        0.0000  13.4952
     15      0.9572        0.1811       0.8123      0.8914        [94m0.2295[0m     +  0.0000  13.5122
     16      [36m0.9598[0m        0.1800       0.8120      0.8910        [94m0.2295[0m     +  0.0000  13.4334
     17      0.9595        [32m0.1779[0m       [35m0.8132[0m      0.8913        [94m0.2294[0m     +  0.0000  13.4495
     18      [36m0.9610[0m        0.1780       0.8127      0.8910        [94m0.2293[0m     +  0.0000  13.5426
     19      0.9601        0.1787       0.8116      0.8904        [94m0.2293[0m     +  0.0000  13.4836
     20      [36m0.9612[0m        0.1789       0.8130      0.8910        [94m0.2292[0m     +  0.0000  13.4966
     21      0.9606        [32m0.1772[0m       [35m0.8135[0m      0.8910        [94m0.2292[0m     +  0.0000  13.4033
     22      0.9601        0.1777       [35m0.8137[0m      0.8911        [94m0.2291[0m     +  0.0000  13.4817
     23      [36m0.9614[0m        0.1773       0.8137      0.8910        0.2292        0.0000  13.4957
     24      0.9613        0.1775       0.8137      0.8912        0.2292        0.0000  13.5115
     25      0.9611        0.1797       0.8137      0.8911        [94m0.2291[0m     +  0.0000  13.4910
     26      [36m0.9625[0m        0.1780       0.8135      0.8909        [94m0.2291[0m     +  0.0000  13.4482
     27      0.9605        0.1776       0.8137      0.8912        [94m0.2291[0m     +  0.0000  13.5433
     28      0.9607        0.1775       0.8132      0.8908        0.2291        0.0000  13.5601
     29      [36m0.9630[0m        [32m0.1764[0m       0.8134      0.8907        0.2291        0.0000  13.5279
     30      0.9624        [32m0.1761[0m       0.8134      0.8908        [94m0.2291[0m     +  0.0000  13.5103
     31      0.9624        0.1770       0.8135      0.8908        0.2291        0.0000  13.4484
     32      0.9609        0.1777       0.8137      0.8909        0.2291        0.0000  13.4662
     33      0.9620        0.1783       0.8137      0.8909        0.2291        0.0000  13.4980
     34      0.9595        0.1779       0.8137      0.8909        0.2291        0.0000  13.4346
     35      0.9609        0.1779       [35m0.8139[0m      0.8909        0.2291        0.0000  13.5112
     36      0.9624        [32m0.1761[0m       0.8139      0.8909        0.2291        0.0000  13.5308
     37      0.9609        0.1775       0.8139      0.8909        0.2291        0.0000  13.4494
     38      0.9596        0.1768       0.8139      0.8909        0.2291        0.0000  13.4473
     39      0.9610        [32m0.1754[0m       [35m0.8141[0m      0.8910        0.2291        0.0000  13.5549
     40      0.9590        0.1774       0.8139      0.8909        0.2291        0.0000  13.4488
Stopping since valid_loss has not improved in the last 11 epochs.
Iteration 8 Test Accuracy: 0.8125
Iteration 8 Test F1 Score (micro): 0.9049
Iteration 8 Test F1 Score (macro): 0.8821
Model checkpoint saved to C:\Users\localuserSKSG\Desktop\Shubham\ActiveLearning/Multilabel_from_multiclass/DinoS/uncertainty_sampling_seed45_test\model_checkpoint_iteration_7.pt

Query 9: Using images from iteration=10 (uncertainty sampling).
Re-initializing module.
Re-initializing criterion.
Re-initializing optimizer.
  epoch    train_f1    train_loss    valid_acc    valid_f1    valid_loss    cp      lr      dur
-------  ----------  ------------  -----------  ----------  ------------  ----  ------  -------
      1      [36m0.9360[0m        [32m0.2036[0m       [35m0.8094[0m      [31m0.8895[0m        [94m0.2243[0m     +  0.0000  18.2785
      2      [36m0.9537[0m        [32m0.1810[0m       0.8085      0.8883        0.2249        0.0000  18.0924
      3      [36m0.9589[0m        [32m0.1771[0m       [35m0.8128[0m      [31m0.8908[0m        [94m0.2229[0m     +  0.0000  18.1872
      4      [36m0.9609[0m        [32m0.1707[0m       0.8128      [31m0.8931[0m        [94m0.2217[0m     +  0.0000  18.2962
      5      [36m0.9635[0m        [32m0.1686[0m       [35m0.8134[0m      0.8910        [94m0.2207[0m     +  0.0000  18.2198
      6      [36m0.9638[0m        [32m0.1648[0m       [35m0.8148[0m      0.8882        [94m0.2199[0m     +  0.0000  18.1406
      7      [36m0.9657[0m        [32m0.1626[0m       [35m0.8170[0m      0.8880        [94m0.2192[0m     +  0.0000  18.1541
      8      [36m0.9662[0m        [32m0.1621[0m       0.8148      0.8878        0.2192        0.0000  18.1398
      9      [36m0.9680[0m        [32m0.1599[0m       0.8128      0.8881        0.2200        0.0000  18.2014
     10      [36m0.9682[0m        [32m0.1594[0m       0.8118      0.8852        0.2195        0.0000  18.1424
     11      0.9681        [32m0.1567[0m       0.8167      0.8889        [94m0.2187[0m     +  0.0000  18.1699
     12      [36m0.9689[0m        0.1567       0.8158      0.8886        [94m0.2185[0m     +  0.0000  18.1085
     13      [36m0.9709[0m        [32m0.1557[0m       0.8142      0.8891        [94m0.2185[0m     +  0.0000  18.0494
     14      0.9697        [32m0.1552[0m       0.8148      0.8875        0.2188        0.0000  18.1413
     15      0.9706        [32m0.1543[0m       0.8142      0.8880        [94m0.2184[0m     +  0.0000  18.1701
     16      0.9693        0.1547       [35m0.8184[0m      0.8922        [94m0.2176[0m     +  0.0000  18.1724
     17      [36m0.9715[0m        [32m0.1527[0m       [35m0.8196[0m      0.8926        [94m0.2173[0m     +  0.0000  18.1728
     18      0.9711        0.1545       0.8196      [31m0.8934[0m        0.2176        0.0000  18.1690
     19      0.9700        0.1545       0.8191      0.8926        [94m0.2173[0m     +  0.0000  18.2333
     20      0.9701        0.1533       0.8184      0.8923        0.2175        0.0000  18.2016
     21      0.9705        0.1541       [35m0.8233[0m      [31m0.8953[0m        [94m0.2172[0m     +  0.0000  18.1507
     22      [36m0.9721[0m        0.1540       [35m0.8241[0m      [31m0.8962[0m        [94m0.2171[0m     +  0.0000  18.1844
     23      0.9716        0.1540       0.8238      0.8957        [94m0.2170[0m     +  0.0000  18.2134
     24      0.9715        0.1528       0.8229      0.8951        0.2171        0.0000  18.1097
     25      0.9697        0.1546       0.8231      0.8949        [94m0.2170[0m     +  0.0000  18.2189
     26      0.9718        [32m0.1523[0m       0.8236      0.8956        [94m0.2169[0m     +  0.0000  18.1721
     27      0.9718        0.1534       [35m0.8243[0m      0.8960        0.2170        0.0000  18.1404
     28      0.9716        0.1540       0.8240      0.8958        [94m0.2169[0m     +  0.0000  18.1554
     29      0.9714        0.1529       0.8240      0.8958        [94m0.2169[0m     +  0.0000  18.1900
     30      0.9717        0.1533       0.8236      0.8956        [94m0.2169[0m     +  0.0000  18.1719
     31      0.9693        0.1536       0.8240      0.8958        [94m0.2169[0m     +  0.0000  18.1715
     32      0.9717        0.1531       0.8240      0.8958        [94m0.2169[0m     +  0.0000  18.1245
     33      0.9705        0.1541       0.8241      0.8960        [94m0.2168[0m     +  0.0000  18.2049
     34      0.9710        0.1538       0.8241      0.8960        0.2168        0.0000  18.1836
     35      [36m0.9724[0m        0.1526       0.8241      0.8960        [94m0.2168[0m     +  0.0000  18.1565
     36      0.9717        0.1529       0.8241      0.8960        [94m0.2168[0m     +  0.0000  18.1719
     37      0.9714        0.1534       0.8241      0.8960        [94m0.2168[0m     +  0.0000  18.1873
     38      0.9702        0.1528       0.8241      0.8960        0.2168        0.0000  18.1724
     39      0.9713        0.1525       0.8241      0.8960        0.2168        0.0000  18.1618
     40      0.9709        0.1541       0.8241      0.8960        0.2168        0.0000  18.1397
     41      0.9709        0.1554       0.8241      0.8960        [94m0.2168[0m     +  0.0000  18.2029
     42      0.9719        0.1525       0.8243      0.8960        0.2168        0.0000  18.1879
     43      0.9711        0.1533       0.8241      0.8960        [94m0.2168[0m     +  0.0000  18.1756
     44      0.9715        [32m0.1516[0m       0.8243      0.8960        [94m0.2168[0m     +  0.0000  18.2622
     45      0.9721        0.1531       0.8243      0.8960        0.2168        0.0000  18.1869
     46      0.9718        0.1535       0.8241      0.8960        0.2168        0.0000  18.1915
     47      0.9712        0.1533       0.8241      0.8960        0.2168        0.0000  18.1857
     48      0.9706        0.1533       0.8241      0.8960        0.2168        0.0000  18.1857
     49      0.9715        0.1530       0.8241      0.8960        0.2168        0.0000  18.1994
     50      0.9716        0.1523       0.8241      0.8959        0.2168        0.0000  18.1856
     51      0.9719        0.1536       0.8241      0.8959        0.2168        0.0000  18.2000
Stopping since valid_loss has not improved in the last 11 epochs.
Iteration 9 Test Accuracy: 0.8116
Iteration 9 Test F1 Score (micro): 0.9070
Iteration 9 Test F1 Score (macro): 0.8872
Model checkpoint saved to C:\Users\localuserSKSG\Desktop\Shubham\ActiveLearning/Multilabel_from_multiclass/DinoS/uncertainty_sampling_seed45_test\model_checkpoint_iteration_8.pt

Query 10: Using images from iteration=11 (uncertainty sampling).
Re-initializing module.
Re-initializing criterion.
Re-initializing optimizer.
  epoch    train_f1    train_loss    valid_acc    valid_f1    valid_loss    cp      lr      dur
-------  ----------  ------------  -----------  ----------  ------------  ----  ------  -------
      1      [36m0.9482[0m        [32m0.1742[0m       [35m0.8134[0m      [31m0.8885[0m        [94m0.2121[0m     +  0.0000  26.3981
      2      [36m0.9629[0m        [32m0.1573[0m       0.8128      [31m0.8894[0m        [94m0.2109[0m     +  0.0000  26.4887
      3      [36m0.9655[0m        [32m0.1523[0m       [35m0.8191[0m      [31m0.8937[0m        [94m0.2077[0m     +  0.0000  26.4118
      4      [36m0.9680[0m        [32m0.1488[0m       0.8099      0.8851        0.2106        0.0000  26.4886
      5      [36m0.9690[0m        [32m0.1457[0m       [35m0.8215[0m      0.8917        [94m0.2053[0m     +  0.0000  26.4888
      6      [36m0.9717[0m        [32m0.1417[0m       [35m0.8361[0m      [31m0.9019[0m        [94m0.2013[0m     +  0.0000  26.4596
      7      [36m0.9726[0m        [32m0.1388[0m       0.8323      0.8982        0.2018        0.0000  26.4607
      8      [36m0.9737[0m        [32m0.1382[0m       0.8297      0.8931        0.2021        0.0000  26.4437
      9      [36m0.9743[0m        [32m0.1368[0m       0.8316      0.8970        0.2016        0.0000  26.5204
     10      [36m0.9750[0m        [32m0.1358[0m       0.8328      0.8966        0.2016        0.0000  26.4304
     11      [36m0.9750[0m        [32m0.1344[0m       [35m0.8373[0m      [31m0.9037[0m        [94m0.2012[0m     +  0.0000  26.4608
     12      0.9744        [32m0.1339[0m       0.8373      0.9034        [94m0.2010[0m     +  0.0000  26.3993
     13      0.9749        [32m0.1326[0m       0.8373      0.9024        [94m0.2006[0m     +  0.0000  26.3214
     14      [36m0.9751[0m        [32m0.1321[0m       0.8342      0.9014        0.2013        0.0000  26.4132
     15      [36m0.9761[0m        [32m0.1321[0m       0.8361      0.9018        0.2008        0.0000  26.4282
     16      0.9752        [32m0.1314[0m       0.8370      0.9035        0.2011        0.0000  26.4708
     17      0.9759        [32m0.1311[0m       [35m0.8375[0m      0.9034        0.2009        0.0000  26.4141
     18      [36m0.9764[0m        0.1317       0.8370      0.9033        0.2012        0.0000  26.3668
     19      [36m0.9770[0m        [32m0.1305[0m       0.8359      0.9028        0.2014        0.0000  26.6757
     20      0.9768        [32m0.1303[0m       0.8372      0.9031        0.2010        0.0000  26.8820
     21      0.9766        0.1305       [35m0.8391[0m      [31m0.9039[0m        [94m0.2005[0m     +  0.0000  26.5989
     22      0.9765        [32m0.1299[0m       0.8391      [31m0.9039[0m        0.2006        0.0000  26.4992
     23      [36m0.9772[0m        [32m0.1298[0m       0.8387      0.9036        [94m0.2004[0m     +  0.0000  26.7501
     24      [36m0.9775[0m        0.1301       0.8391      0.9038        0.2005        0.0000  26.6598
     25      0.9770        0.1301       0.8391      0.9038        0.2005        0.0000  26.5482
     26      0.9772        0.1306       0.8384      0.9033        [94m0.2003[0m     +  0.0000  26.5859
     27      0.9770        0.1299       0.8385      0.9034        [94m0.2003[0m     +  0.0000  26.5276
     28      0.9766        0.1304       0.8385      0.9034        0.2003        0.0000  26.3706
     29      [36m0.9778[0m        [32m0.1297[0m       0.8389      0.9038        0.2003        0.0000  26.4068
     30      0.9772        [32m0.1285[0m       0.8382      0.9033        0.2004        0.0000  26.5298
     31      0.9770        0.1297       0.8387      0.9034        0.2003        0.0000  26.4999
     32      0.9771        0.1298       0.8387      0.9033        [94m0.2003[0m     +  0.0000  26.3947
     33      0.9773        0.1300       0.8389      0.9035        0.2003        0.0000  26.4374
     34      0.9762        0.1301       0.8389      0.9035        [94m0.2003[0m     +  0.0000  26.4220
     35      0.9772        0.1291       0.8389      0.9035        0.2003        0.0000  26.5067
     36      0.9769        0.1294       0.8389      0.9035        [94m0.2002[0m     +  0.0000  26.3773
     37      0.9768        0.1303       0.8389      0.9035        [94m0.2002[0m     +  0.0000  26.5165
     38      0.9768        0.1292       0.8391      0.9035        [94m0.2002[0m     +  0.0000  26.5315
     39      0.9773        0.1300       0.8391      0.9035        [94m0.2002[0m     +  0.0000  26.4771
     40      0.9765        0.1300       0.8389      0.9035        0.2002        0.0000  26.3101
     41      0.9766        0.1298       0.8389      0.9035        0.2002        0.0000  26.3311
     42      0.9776        0.1292       0.8389      0.9035        0.2002        0.0000  26.4492
     43      0.9766        0.1305       0.8389      0.9035        0.2002        0.0000  26.4415
     44      0.9765        0.1300       0.8389      0.9035        0.2002        0.0000  26.4365
     45      0.9765        0.1297       0.8389      0.9035        0.2002        0.0000  26.4646
     46      [36m0.9778[0m        0.1303       0.8389      0.9035        0.2002        0.0000  26.4708
     47      0.9771        0.1306       0.8389      0.9035        0.2002        0.0000  26.4809
Stopping since valid_loss has not improved in the last 11 epochs.
Iteration 10 Test Accuracy: 0.8212
Iteration 10 Test F1 Score (micro): 0.9132
Iteration 10 Test F1 Score (macro): 0.8938
Model checkpoint saved to C:\Users\localuserSKSG\Desktop\Shubham\ActiveLearning/Multilabel_from_multiclass/DinoS/uncertainty_sampling_seed45_test\model_checkpoint_iteration_9.pt

Query 11: Using images from iteration=12 (uncertainty sampling).
Re-initializing module.
Re-initializing criterion.
Re-initializing optimizer.
  epoch    train_f1    train_loss    valid_acc    valid_f1    valid_loss    cp      lr      dur
-------  ----------  ------------  -----------  ----------  ------------  ----  ------  -------
      1      [36m0.9651[0m        [32m0.1453[0m       [35m0.8281[0m      [31m0.9009[0m        [94m0.2040[0m     +  0.0000  41.1514
      2      [36m0.9739[0m        [32m0.1320[0m       [35m0.8339[0m      [31m0.9034[0m        [94m0.2005[0m     +  0.0000  41.2659
      3      [36m0.9747[0m        [32m0.1277[0m       0.8302      0.9016        0.2017        0.0000  41.3119
      4      [36m0.9773[0m        [32m0.1235[0m       0.8109      0.8930        0.2140        0.0000  41.3129
      5      [36m0.9786[0m        [32m0.1196[0m       0.8109      0.8923        0.2150        0.0000  41.2982
      6      [36m0.9814[0m        [32m0.1153[0m       0.8264      0.8991        0.2024        0.0000  41.2657
      7      [36m0.9823[0m        [32m0.1131[0m       0.8227      0.8978        0.2033        0.0000  41.2815
      8      [36m0.9828[0m        [32m0.1113[0m       0.8276      0.8993        0.2018        0.0000  41.2498
      9      [36m0.9835[0m        [32m0.1101[0m       0.8304      0.8999        [94m0.1996[0m     +  0.0000  41.1875
     10      [36m0.9836[0m        [32m0.1087[0m       0.8238      0.8969        0.2021        0.0000  41.2804
     11      [36m0.9845[0m        [32m0.1071[0m       [35m0.8349[0m      0.8996        [94m0.1952[0m     +  0.0000  41.2324
     12      [36m0.9846[0m        [32m0.1066[0m       0.8342      0.9001        0.1963        0.0000  41.2776
     13      [36m0.9850[0m        [32m0.1060[0m       0.8326      0.8993        0.1976        0.0000  41.2666
     14      0.9847        [32m0.1053[0m       0.8323      0.8981        0.1963        0.0000  41.3145
     15      [36m0.9851[0m        [32m0.1050[0m       0.8332      0.8988        0.1967        0.0000  41.2343
     16      [36m0.9855[0m        [32m0.1041[0m       0.8332      0.8973        [94m0.1951[0m     +  0.0000  40.9847
     17      0.9850        0.1045       0.8328      0.8970        0.1954        0.0000  41.1597
     18      0.9853        [32m0.1038[0m       0.8328      0.8971        0.1957        0.0000  41.0948
     19      [36m0.9856[0m        [32m0.1034[0m       0.8328      0.8971        0.1960        0.0000  41.1695
     20      [36m0.9856[0m        [32m0.1033[0m       0.8323      0.8964        0.1954        0.0000  41.2743
     21      0.9854        [32m0.1030[0m       0.8321      0.8950        0.1952        0.0000  41.2519
     22      0.9856        0.1031       0.8326      0.8955        0.1952        0.0000  41.2921
     23      0.9853        0.1031       0.8323      0.8958        0.1955        0.0000  41.3197
     24      [36m0.9857[0m        [32m0.1021[0m       0.8325      0.8957        0.1954        0.0000  41.2489
     25      [36m0.9860[0m        0.1030       0.8321      0.8955        0.1954        0.0000  41.2041
     26      0.9857        0.1026       0.8325      0.8951        0.1952        0.0000  41.2949
Stopping since valid_loss has not improved in the last 11 epochs.
Iteration 11 Test Accuracy: 0.8323
Iteration 11 Test F1 Score (micro): 0.9167
Iteration 11 Test F1 Score (macro): 0.8988
Model checkpoint saved to C:\Users\localuserSKSG\Desktop\Shubham\ActiveLearning/Multilabel_from_multiclass/DinoS/uncertainty_sampling_seed45_test\model_checkpoint_iteration_10.pt

Query 12: Using images from iteration=13 (uncertainty sampling).
Re-initializing module.
Re-initializing criterion.
Re-initializing optimizer.
  epoch    train_f1    train_loss    valid_acc    valid_f1    valid_loss    cp      lr      dur
-------  ----------  ------------  -----------  ----------  ------------  ----  ------  -------
      1      [36m0.9760[0m        [32m0.1128[0m       [35m0.8523[0m      [31m0.9030[0m        [94m0.1850[0m     +  0.0000  67.3974
      2      [36m0.9811[0m        [32m0.1022[0m       [35m0.8526[0m      0.9018        [94m0.1833[0m     +  0.0000  67.4174
      3      [36m0.9826[0m        [32m0.0974[0m       0.8438      0.8979        0.1853        0.0000  67.2776
      4      [36m0.9829[0m        [32m0.0945[0m       0.8444      0.8976        0.1850        0.0000  67.3808
      5      0.9819        [32m0.0925[0m       0.8427      0.8980        0.1855        0.0000  67.3317
      6      [36m0.9857[0m        [32m0.0860[0m       0.8380      0.8955        0.1864        0.0000  67.3649
      7      [36m0.9862[0m        [32m0.0845[0m       0.8406      0.8969        0.1855        0.0000  67.3183
      8      [36m0.9867[0m        [32m0.0830[0m       0.8389      0.8968        0.1878        0.0000  67.3313
      9      [36m0.9871[0m        [32m0.0817[0m       0.8392      0.8948        0.1872        0.0000  67.3047
     10      [36m0.9875[0m        [32m0.0805[0m       0.8378      0.8960        0.1882        0.0000  67.2994
     11      [36m0.9883[0m        [32m0.0785[0m       0.8405      0.8953        0.1876        0.0000  67.3527
     12      [36m0.9883[0m        [32m0.0784[0m       0.8384      0.8950        0.1887        0.0000  67.3628
Stopping since valid_loss has not improved in the last 11 epochs.
Iteration 12 Test Accuracy: 0.8358
Iteration 12 Test F1 Score (micro): 0.9196
Iteration 12 Test F1 Score (macro): 0.9034
Model checkpoint saved to C:\Users\localuserSKSG\Desktop\Shubham\ActiveLearning/Multilabel_from_multiclass/DinoS/uncertainty_sampling_seed45_test\model_checkpoint_iteration_11.pt

Query 13: Using images from iteration=14 (uncertainty sampling).
Re-initializing module.
Re-initializing criterion.
Re-initializing optimizer.
  epoch    train_f1    train_loss    valid_acc    valid_f1    valid_loss    cp      lr      dur
-------  ----------  ------------  -----------  ----------  ------------  ----  ------  -------
      1      [36m0.9779[0m        [32m0.1020[0m       [35m0.8137[0m      [31m0.8933[0m        [94m0.2066[0m     +  0.0000  77.7014
      2      [36m0.9828[0m        [32m0.0922[0m       0.8128      0.8884        [94m0.2017[0m     +  0.0000  78.0453
      3      0.9819        [32m0.0904[0m       [35m0.8283[0m      [31m0.8970[0m        [94m0.1893[0m     +  0.0000  78.0626
      4      0.9823        [32m0.0865[0m       0.7932      0.8823        0.2327        0.0000  77.9077
      5      [36m0.9851[0m        [32m0.0815[0m       [35m0.8415[0m      0.8964        [94m0.1829[0m     +  0.0000  77.8270
      6      [36m0.9862[0m        [32m0.0776[0m       0.8299      0.8956        0.1895        0.0000  78.0207
      7      [36m0.9870[0m        [32m0.0762[0m       0.8319      0.8880        0.1864        0.0000  77.9010
      8      [36m0.9874[0m        [32m0.0743[0m       0.8278      0.8830        0.1882        0.0000  77.9179
      9      [36m0.9877[0m        [32m0.0732[0m       0.8207      0.8766        0.1897        0.0000  77.9329
     10      [36m0.9881[0m        [32m0.0718[0m       0.8384      [31m0.8980[0m        0.1862        0.0000  77.9432
     11      [36m0.9890[0m        [32m0.0703[0m       0.8410      0.8960        0.1856        0.0000  77.8110
     12      [36m0.9893[0m        [32m0.0692[0m       0.8399      0.8969        0.1870        0.0000  77.9085
     13      [36m0.9894[0m        [32m0.0685[0m       0.8405      0.8954        0.1863        0.0000  77.8712
     14      [36m0.9898[0m        [32m0.0684[0m       0.8394      0.8958        0.1868        0.0000  77.9347
     15      [36m0.9899[0m        [32m0.0677[0m       0.8373      0.8947        0.1873        0.0000  77.8701
Stopping since valid_loss has not improved in the last 11 epochs.
Iteration 13 Test Accuracy: 0.8439
Iteration 13 Test F1 Score (micro): 0.9234
Iteration 13 Test F1 Score (macro): 0.9074
Model checkpoint saved to C:\Users\localuserSKSG\Desktop\Shubham\ActiveLearning/Multilabel_from_multiclass/DinoS/uncertainty_sampling_seed45_test\model_checkpoint_iteration_12.pt

Best F1 score across all iterations: 0.9074
Pickle file saved to C:\Users\localuserSKSG\Desktop\Shubham\ActiveLearning/Multilabel_from_multiclass/DinoS/uncertainty_sampling_seed45_test\AL_uncertainty_sampling_results_for_multilabel_classification_s45_test.pickle
