Train set shape: (26880, 5)
Val set shape:   (5760, 5)
Test set shape:  (5760, 5)
Selected images DataFrame (Uncertainty Sampling):
   Iteration                                       Sample_Names
0          1  Spule035_Image0269.jpg,Spule020_Image0191.jpg,...
1          2  Spule036_Image0055.jpg,Spule016_Image0928.jpg,...
2          3  Spule016_Image0017.jpg,Spule026_Image0798.jpg,...
3          4  Spule008_Image0808.jpg,Spule005_Image0790.jpg,...
4          5  Spule036_Image0363.jpg,Spule040_Image0588.jpg,...
  epoch    train_f1    train_loss    valid_acc    valid_f1    valid_loss    cp      lr     dur
-------  ----------  ------------  -----------  ----------  ------------  ----  ------  ------
      1      [36m0.5397[0m        [32m0.7199[0m       [35m0.2366[0m      [31m0.4075[0m        [94m0.6918[0m     +  0.0000  7.8856
      2      [36m0.7685[0m        [32m0.6332[0m       [35m0.2977[0m      [31m0.4651[0m        [94m0.6737[0m     +  0.0000  7.3529
      3      0.7222        [32m0.6126[0m       0.2891      0.4490        0.6851        0.0000  7.3579
      4      0.7685        [32m0.5906[0m       0.2866      0.4126        [94m0.6720[0m     +  0.0000  7.4283
      5      [36m0.8214[0m        [32m0.5791[0m       [35m0.3149[0m      0.4194        0.6747        0.0000  7.4727
      6      [36m0.8333[0m        [32m0.5650[0m       0.3080      0.4270        0.6802        0.0000  7.5269
      7      0.7500        [32m0.5549[0m       0.3108      0.4356        0.6763        0.0000  7.5591
      8      0.8320        [32m0.5393[0m       0.3054      0.4401        0.6766        0.0000  7.6124
      9      [36m0.9259[0m        [32m0.4947[0m       0.3064      0.4353        0.6741        0.0000  7.6061
     10      0.8320        0.5007       0.3007      0.4438        0.6771        0.0000  7.6273
     11      0.9259        0.4997       0.3042      0.4434        0.6759        0.0000  7.6037
     12      0.8333        0.5083       0.3050      0.4436        0.6744        0.0000  7.6248
     13      0.8320        0.5050       0.2997      0.4446        0.6762        0.0000  7.6928
     14      0.8690        0.4999       0.3061      0.4481        0.6746        0.0000  7.6353
Stopping since valid_loss has not improved in the last 11 epochs.
Pre-training scores with initial data:
  F1 (macro) = 0.4708
  F1 (micro) = 0.4812
  Accuracy   = 0.3240

Query 1: Using images from iteration=2 (uncertainty sampling).
Re-initializing module.
Re-initializing criterion.
Re-initializing optimizer.
  epoch    train_f1    train_loss    valid_acc    valid_f1    valid_loss    cp      lr     dur
-------  ----------  ------------  -----------  ----------  ------------  ----  ------  ------
      1      [36m0.5667[0m        [32m0.6394[0m       [35m0.4606[0m      [31m0.3034[0m        [94m0.6376[0m     +  0.0000  7.6807
      2      [36m0.6667[0m        [32m0.5773[0m       0.4568      [31m0.6332[0m        [94m0.6267[0m     +  0.0000  7.7030
      3      [36m0.8375[0m        [32m0.5395[0m       0.4339      0.2298        0.6270        0.0000  7.7061
      4      0.5012        [32m0.5307[0m       [35m0.5050[0m      [31m0.6774[0m        [94m0.5967[0m     +  0.0000  7.7038
      5      [36m0.8911[0m        [32m0.4814[0m       0.4847      0.4145        0.5995        0.0000  7.6568
      6      0.8554        [32m0.4709[0m       [35m0.5208[0m      0.5701        [94m0.5738[0m     +  0.0000  7.6719
      7      0.8775        [32m0.4623[0m       [35m0.5417[0m      0.6729        [94m0.5618[0m     +  0.0000  7.6719
      8      [36m0.9628[0m        [32m0.4447[0m       [35m0.5675[0m      [31m0.7213[0m        [94m0.5542[0m     +  0.0000  7.6565
      9      0.9278        [32m0.4341[0m       [35m0.5719[0m      0.7205        [94m0.5527[0m     +  0.0000  7.6546
     10      0.9259        0.4489       [35m0.5828[0m      [31m0.7365[0m        [94m0.5459[0m     +  0.0000  7.6718
     11      0.9453        [32m0.4286[0m       [35m0.5882[0m      [31m0.7397[0m        [94m0.5436[0m     +  0.0000  7.7205
     12      0.9628        [32m0.4211[0m       [35m0.5917[0m      [31m0.7420[0m        [94m0.5419[0m     +  0.0000  7.7049
     13      0.9259        0.4299       [35m0.5920[0m      0.7387        [94m0.5414[0m     +  0.0000  7.6999
     14      [36m0.9630[0m        0.4216       [35m0.5924[0m      0.7388        [94m0.5407[0m     +  0.0000  7.6454
     15      [36m0.9825[0m        [32m0.4021[0m       [35m0.5957[0m      [31m0.7436[0m        [94m0.5391[0m     +  0.0000  7.6588
     16      0.9412        0.4215       [35m0.5967[0m      [31m0.7442[0m        [94m0.5387[0m     +  0.0000  7.6564
     17      0.9630        0.4089       [35m0.5981[0m      [31m0.7459[0m        [94m0.5380[0m     +  0.0000  7.6851
     18      0.9630        0.4218       [35m0.5991[0m      0.7449        [94m0.5376[0m     +  0.0000  7.6719
     19      0.9278        0.4318       [35m0.6002[0m      0.7452        [94m0.5371[0m     +  0.0000  7.6899
     20      0.9454        0.4195       [35m0.6016[0m      0.7458        [94m0.5365[0m     +  0.0000  7.6929
     21      0.9825        [32m0.3821[0m       [35m0.6023[0m      [31m0.7464[0m        [94m0.5363[0m     +  0.0000  7.6427
     22      0.9630        0.4128       0.6023      0.7463        [94m0.5361[0m     +  0.0000  7.6521
     23      0.9628        0.4190       0.6021      [31m0.7467[0m        [94m0.5359[0m     +  0.0000  7.6560
     24      0.9630        0.4080       [35m0.6031[0m      [31m0.7479[0m        [94m0.5356[0m     +  0.0000  7.6384
     25      0.9630        0.3992       [35m0.6036[0m      [31m0.7480[0m        [94m0.5355[0m     +  0.0000  7.6381
     26      0.9434        0.4109       0.6033      0.7478        [94m0.5354[0m     +  0.0000  7.6375
     27      0.9825        0.4235       0.6035      0.7479        [94m0.5353[0m     +  0.0000  7.6321
     28      0.9825        0.4038       0.6035      0.7479        [94m0.5352[0m     +  0.0000  7.6584
     29      0.9825        0.3888       0.6033      0.7478        [94m0.5352[0m     +  0.0000  7.7032
     30      0.9630        0.4152       0.6035      0.7480        [94m0.5351[0m     +  0.0000  7.6721
     31      0.9630        0.3945       0.6036      [31m0.7480[0m        [94m0.5351[0m     +  0.0000  7.6571
     32      0.9825        0.3897       0.6035      0.7480        [94m0.5351[0m     +  0.0000  7.7538
     33      0.9825        0.3961       0.6033      0.7479        [94m0.5350[0m     +  0.0000  7.7022
     34      0.9412        0.4136       0.6035      [31m0.7480[0m        [94m0.5350[0m     +  0.0000  7.7174
     35      0.9412        0.4050       0.6035      0.7480        [94m0.5350[0m     +  0.0000  7.6586
     36      0.9434        0.4084       0.6035      0.7480        [94m0.5350[0m     +  0.0000  7.6684
     37      0.9434        0.4165       0.6035      [31m0.7481[0m        [94m0.5349[0m     +  0.0000  7.6288
     38      0.9278        0.4216       0.6036      [31m0.7482[0m        [94m0.5349[0m     +  0.0000  7.6397
     39      0.9825        0.4122       [35m0.6038[0m      [31m0.7483[0m        [94m0.5349[0m     +  0.0000  7.6381
     40      0.9825        0.4004       0.6038      0.7483        [94m0.5349[0m     +  0.0000  7.6579
     41      0.9328        0.4261       0.6038      0.7483        [94m0.5349[0m     +  0.0000  7.6411
     42      0.9628        0.4235       0.6038      0.7483        [94m0.5349[0m     +  0.0000  7.6560
     43      0.9825        0.4000       0.6038      0.7483        [94m0.5349[0m     +  0.0000  7.6402
     44      0.9471        0.4247       0.6038      0.7483        [94m0.5349[0m     +  0.0000  7.6582
     45      0.9630        0.3948       0.6038      0.7483        [94m0.5349[0m     +  0.0000  7.6378
     46      0.9825        0.4123       0.6038      0.7483        [94m0.5349[0m     +  0.0000  7.6667
     47      0.9630        0.4095       0.6038      0.7483        [94m0.5349[0m     +  0.0000  7.7179
     48      0.9628        0.4012       0.6038      0.7483        [94m0.5349[0m     +  0.0000  7.6940
     49      0.9474        0.4077       0.6038      0.7483        [94m0.5349[0m     +  0.0000  7.6411
     50      0.9667        0.3907       0.6038      0.7483        [94m0.5349[0m     +  0.0000  7.6547
Stopping since valid_loss has not improved in the last 11 epochs.
Iteration 1 Test Accuracy: 0.6387
Iteration 1 Test F1 Score (micro): 0.7561
Iteration 1 Test F1 Score (macro): 0.7495
Model checkpoint saved to C:\Users\localuserSKSG\Desktop\Shubham\ActiveLearning/Multilabel_from_multiclass/DinoS/uncertainty_sampling_seed44_test\model_checkpoint_iteration_0.pt

Query 2: Using images from iteration=3 (uncertainty sampling).
Re-initializing module.
Re-initializing criterion.
Re-initializing optimizer.
  epoch    train_f1    train_loss    valid_acc    valid_f1    valid_loss    cp      lr     dur
-------  ----------  ------------  -----------  ----------  ------------  ----  ------  ------
      1      [36m0.8750[0m        [32m0.4665[0m       [35m0.6160[0m      [31m0.6817[0m        [94m0.4853[0m     +  0.0000  7.7804
      2      0.8352        [32m0.4403[0m       [35m0.6458[0m      [31m0.7937[0m        0.5078        0.0000  7.6875
      3      0.8491        0.4654       0.4483      0.0606        0.6078        0.0000  7.7338
      4      0.2526        0.5425       [35m0.6866[0m      [31m0.8175[0m        [94m0.4524[0m     +  0.0000  7.7044
      5      [36m0.9041[0m        [32m0.3952[0m       0.6644      0.7980        [94m0.4433[0m     +  0.0000  7.6730
      6      [36m0.9474[0m        [32m0.3817[0m       0.6674      0.8009        [94m0.4383[0m     +  0.0000  7.6916
      7      0.9397        [32m0.3700[0m       0.6682      0.8011        [94m0.4358[0m     +  0.0000  7.7010
      8      0.9290        0.3798       0.6752      0.8058        [94m0.4320[0m     +  0.0000  7.6748
      9      0.9290        [32m0.3671[0m       0.6722      0.8037        [94m0.4305[0m     +  0.0000  7.6825
     10      0.9290        [32m0.3646[0m       0.6720      0.8040        [94m0.4285[0m     +  0.0000  7.6875
     11      0.9380        [32m0.3642[0m       0.6715      0.8036        [94m0.4278[0m     +  0.0000  7.6709
     12      0.9143        0.3771       0.6727      0.8043        [94m0.4266[0m     +  0.0000  7.6698
     13      0.9290        [32m0.3516[0m       0.6740      0.8053        [94m0.4255[0m     +  0.0000  7.6886
     14      0.9397        0.3551       0.6729      0.8041        [94m0.4246[0m     +  0.0000  7.6747
     15      0.9328        0.3714       0.6733      0.8042        [94m0.4237[0m     +  0.0000  7.7055
     16      0.9290        0.3578       0.6729      0.8043        [94m0.4236[0m     +  0.0000  7.6806
     17      0.9394        0.3560       0.6726      0.8043        [94m0.4235[0m     +  0.0000  7.6871
     18      0.9427        0.3777       0.6726      0.8043        [94m0.4233[0m     +  0.0000  7.7195
     19      0.9290        0.3576       0.6733      0.8047        [94m0.4231[0m     +  0.0000  7.6874
     20      0.9397        [32m0.3487[0m       0.6738      0.8049        [94m0.4228[0m     +  0.0000  7.6873
     21      0.9409        0.3596       0.6738      0.8050        [94m0.4227[0m     +  0.0000  7.7035
     22      0.9397        0.3612       0.6738      0.8050        [94m0.4227[0m     +  0.0000  7.6955
     23      0.9380        0.3493       0.6740      0.8051        [94m0.4226[0m     +  0.0000  7.7205
     24      0.9320        0.3582       0.6740      0.8052        [94m0.4225[0m     +  0.0000  7.7650
     25      0.9323        0.3530       0.6740      0.8052        [94m0.4224[0m     +  0.0000  7.7032
     26      0.9316        0.3506       0.6738      0.8051        [94m0.4224[0m     +  0.0000  7.7179
     27      0.9415        [32m0.3471[0m       0.6740      0.8052        [94m0.4224[0m     +  0.0000  7.6867
     28      0.9062        0.3606       0.6738      0.8051        [94m0.4223[0m     +  0.0000  7.7029
     29      0.9290        0.3574       0.6738      0.8051        [94m0.4223[0m     +  0.0000  7.6729
     30      0.9464        0.3547       0.6738      0.8051        [94m0.4223[0m     +  0.0000  7.6850
     31      0.9387        0.3540       0.6738      0.8051        [94m0.4223[0m     +  0.0000  7.7342
     32      0.9290        0.3541       0.6738      0.8051        [94m0.4223[0m     +  0.0000  7.6615
     33      0.9380        [32m0.3454[0m       0.6738      0.8051        [94m0.4223[0m     +  0.0000  7.7371
     34      0.9416        0.3555       0.6740      0.8051        [94m0.4223[0m     +  0.0000  7.7647
     35      0.9128        0.3568       0.6740      0.8051        [94m0.4222[0m     +  0.0000  7.7022
     36      [36m0.9492[0m        0.3598       0.6740      0.8051        [94m0.4222[0m     +  0.0000  7.7201
     37      0.9290        0.3607       0.6740      0.8051        [94m0.4222[0m     +  0.0000  7.6829
     38      0.9302        0.3537       0.6740      0.8051        [94m0.4222[0m     +  0.0000  7.6963
     39      0.9213        [32m0.3446[0m       0.6740      0.8051        [94m0.4222[0m     +  0.0000  7.7229
     40      0.9046        0.3573       0.6740      0.8051        [94m0.4222[0m     +  0.0000  7.7479
     41      0.9177        0.3589       0.6740      0.8051        [94m0.4222[0m     +  0.0000  7.7002
     42      [36m0.9571[0m        0.3521       0.6740      0.8051        [94m0.4222[0m     +  0.0000  7.6917
     43      0.9397        0.3449       0.6740      0.8051        [94m0.4222[0m     +  0.0000  7.6885
     44      0.9309        0.3569       0.6740      0.8051        [94m0.4222[0m     +  0.0000  7.6999
     45      0.9486        0.3527       0.6740      0.8051        [94m0.4222[0m     +  0.0000  7.6941
     46      0.9124        0.3593       0.6740      0.8051        [94m0.4222[0m     +  0.0000  7.6880
     47      0.9486        0.3567       0.6740      0.8051        [94m0.4222[0m     +  0.0000  7.7075
     48      0.9385        [32m0.3416[0m       0.6740      0.8051        [94m0.4222[0m     +  0.0000  7.6906
Stopping since valid_loss has not improved in the last 11 epochs.
Iteration 2 Test Accuracy: 0.7059
Iteration 2 Test F1 Score (micro): 0.8407
Iteration 2 Test F1 Score (macro): 0.8283
Model checkpoint saved to C:\Users\localuserSKSG\Desktop\Shubham\ActiveLearning/Multilabel_from_multiclass/DinoS/uncertainty_sampling_seed44_test\model_checkpoint_iteration_1.pt

Query 3: Using images from iteration=4 (uncertainty sampling).
Re-initializing module.
Re-initializing criterion.
Re-initializing optimizer.
  epoch    train_f1    train_loss    valid_acc    valid_f1    valid_loss    cp      lr     dur
-------  ----------  ------------  -----------  ----------  ------------  ----  ------  ------
      1      [36m0.8898[0m        [32m0.3781[0m       [35m0.5325[0m      [31m0.4505[0m        [94m0.4795[0m     +  0.0000  8.0146
      2      0.6184        0.4183       [35m0.5554[0m      [31m0.7563[0m        0.4909        0.0000  7.8285
      3      0.7371        0.4959       [35m0.5970[0m      0.7108        [94m0.4340[0m     +  0.0000  7.8341
      4      0.8461        [32m0.3591[0m       [35m0.6767[0m      [31m0.8143[0m        [94m0.3856[0m     +  0.0000  7.8440
      5      [36m0.8962[0m        [32m0.3323[0m       0.6720      0.8142        [94m0.3817[0m     +  0.0000  7.8699
      6      0.8926        [32m0.3302[0m       0.6708      0.8135        [94m0.3808[0m     +  0.0000  7.9308
      7      [36m0.9068[0m        [32m0.3231[0m       0.6717      [31m0.8144[0m        [94m0.3797[0m     +  0.0000  7.9997
      8      [36m0.9079[0m        [32m0.3137[0m       0.6710      0.8134        [94m0.3780[0m     +  0.0000  8.0434
      9      0.8886        0.3140       0.6741      [31m0.8163[0m        [94m0.3758[0m     +  0.0000  7.9827
     10      0.8930        0.3250       0.6743      [31m0.8171[0m        [94m0.3751[0m     +  0.0000  7.9018
     11      0.9047        0.3148       0.6741      [31m0.8172[0m        [94m0.3745[0m     +  0.0000  7.9088
     12      0.8954        [32m0.3108[0m       0.6760      [31m0.8185[0m        [94m0.3737[0m     +  0.0000  8.0220
     13      0.9024        0.3242       [35m0.6773[0m      [31m0.8191[0m        [94m0.3732[0m     +  0.0000  7.9623
     14      0.9017        0.3152       [35m0.6778[0m      [31m0.8193[0m        [94m0.3726[0m     +  0.0000  7.9218
     15      0.9029        [32m0.3089[0m       0.6773      [31m0.8195[0m        [94m0.3724[0m     +  0.0000  7.9281
     16      0.8913        0.3210       0.6771      0.8194        [94m0.3723[0m     +  0.0000  7.9682
     17      0.9030        0.3181       0.6766      0.8191        [94m0.3722[0m     +  0.0000  7.9695
     18      0.9039        0.3104       0.6771      0.8195        [94m0.3720[0m     +  0.0000  7.9430
     19      [36m0.9098[0m        0.3219       0.6776      [31m0.8199[0m        [94m0.3717[0m     +  0.0000  7.9093
     20      0.8880        0.3123       0.6773      0.8197        [94m0.3715[0m     +  0.0000  7.8909
     21      0.9058        0.3100       0.6774      0.8199        [94m0.3715[0m     +  0.0000  7.8515
     22      0.8990        0.3096       0.6774      0.8199        [94m0.3714[0m     +  0.0000  7.9029
     23      0.9094        0.3176       0.6778      [31m0.8200[0m        [94m0.3713[0m     +  0.0000  7.8739
     24      0.8936        0.3179       0.6774      0.8198        [94m0.3713[0m     +  0.0000  7.8637
     25      0.9047        0.3099       0.6778      0.8200        [94m0.3712[0m     +  0.0000  7.9611
     26      0.9065        0.3114       0.6774      0.8198        [94m0.3712[0m     +  0.0000  7.9538
     27      0.8855        0.3136       0.6774      0.8198        [94m0.3711[0m     +  0.0000  7.8888
     28      0.8964        0.3100       0.6774      0.8198        [94m0.3711[0m     +  0.0000  7.8736
     29      [36m0.9155[0m        0.3117       0.6773      0.8197        [94m0.3711[0m     +  0.0000  7.8768
     30      0.8972        0.3188       0.6774      0.8198        0.3711        0.0000  7.9056
     31      0.8922        0.3210       0.6774      0.8198        [94m0.3711[0m     +  0.0000  7.8303
     32      0.8990        0.3161       0.6774      0.8198        [94m0.3711[0m     +  0.0000  7.8422
     33      0.9021        0.3116       0.6774      0.8198        [94m0.3711[0m     +  0.0000  7.8562
     34      0.8894        0.3157       0.6774      0.8198        [94m0.3710[0m     +  0.0000  7.8908
     35      0.8908        0.3192       0.6774      0.8198        [94m0.3710[0m     +  0.0000  7.8953
     36      0.9047        0.3202       0.6774      0.8198        [94m0.3710[0m     +  0.0000  7.8638
     37      0.8968        0.3177       0.6776      0.8199        [94m0.3710[0m     +  0.0000  7.8791
     38      0.9104        0.3189       0.6776      0.8199        [94m0.3710[0m     +  0.0000  7.8564
     39      0.9047        0.3147       0.6776      0.8199        [94m0.3710[0m     +  0.0000  7.8603
     40      0.8962        0.3096       0.6776      0.8199        0.3710        0.0000  7.8721
     41      0.8972        0.3140       0.6776      0.8199        [94m0.3710[0m     +  0.0000  7.9685
     42      0.9029        0.3171       0.6776      0.8199        0.3710        0.0000  7.8293
     43      0.9011        0.3141       0.6776      0.8199        0.3710        0.0000  7.8325
     44      0.9117        0.3180       0.6776      0.8199        [94m0.3710[0m     +  0.0000  7.8440
     45      0.9058        0.3104       0.6776      0.8199        [94m0.3710[0m     +  0.0000  7.8460
Stopping since valid_loss has not improved in the last 11 epochs.
Iteration 3 Test Accuracy: 0.7042
Iteration 3 Test F1 Score (micro): 0.8454
Iteration 3 Test F1 Score (macro): 0.8332
Model checkpoint saved to C:\Users\localuserSKSG\Desktop\Shubham\ActiveLearning/Multilabel_from_multiclass/DinoS/uncertainty_sampling_seed44_test\model_checkpoint_iteration_2.pt

Query 4: Using images from iteration=5 (uncertainty sampling).
Re-initializing module.
Re-initializing criterion.
Re-initializing optimizer.
  epoch    train_f1    train_loss    valid_acc    valid_f1    valid_loss    cp      lr     dur
-------  ----------  ------------  -----------  ----------  ------------  ----  ------  ------
      1      [36m0.8784[0m        [32m0.3442[0m       [35m0.4842[0m      [31m0.3236[0m        [94m0.5429[0m     +  0.0000  8.3119
      2      0.7393        0.4066       [35m0.7215[0m      [31m0.8383[0m        [94m0.3445[0m     +  0.0000  8.1094
      3      0.8770        [32m0.3168[0m       [35m0.7266[0m      [31m0.8429[0m        [94m0.3365[0m     +  0.0000  8.0952
      4      [36m0.8876[0m        [32m0.3156[0m       0.7252      [31m0.8464[0m        [94m0.3314[0m     +  0.0000  8.1212
      5      [36m0.8959[0m        [32m0.3013[0m       0.7220      0.8449        [94m0.3307[0m     +  0.0000  8.2024
      6      [36m0.8989[0m        0.3062       0.7155      0.8429        [94m0.3292[0m     +  0.0000  8.1250
      7      0.8930        [32m0.2980[0m       0.7170      0.8439        [94m0.3279[0m     +  0.0000  8.0911
      8      0.8913        [32m0.2910[0m       0.7144      0.8441        [94m0.3275[0m     +  0.0000  8.1027
      9      0.8876        0.2946       0.7161      0.8450        [94m0.3262[0m     +  0.0000  8.1210
     10      0.8967        0.2916       0.7167      0.8453        [94m0.3253[0m     +  0.0000  8.1413
     11      [36m0.9000[0m        0.2951       0.7165      0.8455        [94m0.3250[0m     +  0.0000  8.1482
     12      0.9000        0.2955       0.7165      0.8453        [94m0.3247[0m     +  0.0000  8.1565
     13      [36m0.9011[0m        0.2981       0.7168      0.8455        [94m0.3242[0m     +  0.0000  8.1260
     14      0.8892        0.2945       0.7174      0.8461        [94m0.3241[0m     +  0.0000  8.0797
     15      0.8888        0.2912       0.7168      0.8458        [94m0.3237[0m     +  0.0000  8.1064
     16      0.8970        [32m0.2874[0m       0.7167      0.8459        [94m0.3236[0m     +  0.0000  8.1060
     17      [36m0.9032[0m        0.2902       0.7165      0.8458        [94m0.3235[0m     +  0.0000  8.0830
     18      0.8923        0.2946       0.7170      0.8460        [94m0.3233[0m     +  0.0000  8.1235
     19      0.8940        0.2875       0.7174      [31m0.8464[0m        [94m0.3233[0m     +  0.0000  8.1593
     20      0.8977        0.2883       0.7179      [31m0.8466[0m        [94m0.3231[0m     +  0.0000  8.1260
     21      0.8965        0.2928       0.7181      0.8465        [94m0.3231[0m     +  0.0000  8.1251
     22      0.9024        [32m0.2872[0m       0.7182      [31m0.8466[0m        [94m0.3230[0m     +  0.0000  8.0979
     23      0.8981        0.2895       0.7181      0.8466        [94m0.3229[0m     +  0.0000  8.1428
     24      0.8965        0.2914       0.7181      0.8466        [94m0.3229[0m     +  0.0000  8.1277
     25      0.9029        0.2922       0.7179      0.8464        [94m0.3228[0m     +  0.0000  8.1416
     26      0.8922        0.2944       0.7179      0.8464        [94m0.3228[0m     +  0.0000  8.1081
     27      0.8900        0.2952       0.7182      [31m0.8467[0m        [94m0.3228[0m     +  0.0000  8.1377
     28      [36m0.9041[0m        0.2917       0.7179      0.8465        [94m0.3228[0m     +  0.0000  8.1398
     29      0.8991        [32m0.2861[0m       0.7179      0.8464        [94m0.3228[0m     +  0.0000  8.1260
     30      0.9025        0.2883       0.7179      0.8465        [94m0.3227[0m     +  0.0000  8.1094
     31      0.9015        0.2898       0.7179      0.8465        [94m0.3227[0m     +  0.0000  8.1077
     32      0.8998        0.2896       0.7181      0.8465        [94m0.3227[0m     +  0.0000  8.1262
     33      0.8947        0.2931       0.7181      0.8465        [94m0.3227[0m     +  0.0000  8.0902
     34      0.9018        0.2933       0.7182      0.8466        [94m0.3227[0m     +  0.0000  8.0959
     35      [36m0.9046[0m        [32m0.2852[0m       0.7182      0.8466        [94m0.3227[0m     +  0.0000  8.1406
     36      [36m0.9056[0m        [32m0.2851[0m       0.7182      0.8466        [94m0.3227[0m     +  0.0000  8.1718
     37      0.9032        0.2872       0.7182      0.8466        0.3227        0.0000  8.0938
     38      0.8974        0.2923       0.7182      0.8466        [94m0.3227[0m     +  0.0000  8.1391
     39      0.9024        0.2872       0.7182      0.8466        [94m0.3227[0m     +  0.0000  8.1580
     40      0.8990        0.2920       0.7182      0.8466        [94m0.3227[0m     +  0.0000  8.1227
     41      0.8970        0.2949       0.7182      0.8466        [94m0.3227[0m     +  0.0000  8.1114
     42      0.8947        0.2909       0.7182      0.8466        [94m0.3227[0m     +  0.0000  8.1425
     43      0.8945        0.2877       0.7182      0.8466        [94m0.3227[0m     +  0.0000  8.1583
     44      0.9041        0.2929       0.7182      0.8466        [94m0.3227[0m     +  0.0000  8.1091
Stopping since valid_loss has not improved in the last 11 epochs.
Iteration 4 Test Accuracy: 0.7309
Iteration 4 Test F1 Score (micro): 0.8615
Iteration 4 Test F1 Score (macro): 0.8470
Model checkpoint saved to C:\Users\localuserSKSG\Desktop\Shubham\ActiveLearning/Multilabel_from_multiclass/DinoS/uncertainty_sampling_seed44_test\model_checkpoint_iteration_3.pt

Query 5: Using images from iteration=6 (uncertainty sampling).
Re-initializing module.
Re-initializing criterion.
Re-initializing optimizer.
  epoch    train_f1    train_loss    valid_acc    valid_f1    valid_loss    cp      lr     dur
-------  ----------  ------------  -----------  ----------  ------------  ----  ------  ------
      1      [36m0.8555[0m        [32m0.3479[0m       [35m0.7031[0m      [31m0.8404[0m        [94m0.3301[0m     +  0.0000  8.7037
      2      [36m0.8893[0m        [32m0.2945[0m       [35m0.7285[0m      [31m0.8479[0m        [94m0.3218[0m     +  0.0000  8.5336
      3      [36m0.8927[0m        [32m0.2903[0m       [35m0.7347[0m      [31m0.8562[0m        [94m0.3103[0m     +  0.0000  8.5769
      4      0.8888        [32m0.2794[0m       0.7323      0.8556        0.3106        0.0000  8.5784
      5      [36m0.8994[0m        [32m0.2772[0m       [35m0.7403[0m      [31m0.8597[0m        [94m0.3046[0m     +  0.0000  8.6564
      6      [36m0.9008[0m        [32m0.2720[0m       0.7372      [31m0.8608[0m        [94m0.3017[0m     +  0.0000  8.5929
      7      0.8983        [32m0.2700[0m       0.7380      [31m0.8614[0m        [94m0.3009[0m     +  0.0000  8.5629
      8      0.9007        0.2720       0.7399      [31m0.8627[0m        [94m0.3006[0m     +  0.0000  8.5585
      9      0.8999        0.2739       [35m0.7408[0m      [31m0.8628[0m        [94m0.2991[0m     +  0.0000  8.5794
     10      [36m0.9097[0m        [32m0.2615[0m       0.7387      0.8616        [94m0.2984[0m     +  0.0000  8.5635
     11      0.9045        0.2664       0.7391      0.8620        [94m0.2981[0m     +  0.0000  8.6252
     12      0.9004        0.2664       0.7399      0.8623        [94m0.2978[0m     +  0.0000  8.5790
     13      0.9029        0.2697       [35m0.7425[0m      [31m0.8639[0m        [94m0.2977[0m     +  0.0000  8.6063
     14      0.9042        0.2661       0.7408      0.8624        [94m0.2971[0m     +  0.0000  8.5779
     15      [36m0.9130[0m        0.2643       0.7405      0.8626        [94m0.2967[0m     +  0.0000  8.6247
     16      0.9108        0.2629       0.7405      0.8627        [94m0.2966[0m     +  0.0000  8.5364
     17      0.9100        0.2674       0.7405      0.8626        [94m0.2966[0m     +  0.0000  8.6061
     18      [36m0.9167[0m        [32m0.2609[0m       0.7406      0.8626        [94m0.2964[0m     +  0.0000  8.5780
     19      0.9051        0.2629       0.7411      0.8631        [94m0.2964[0m     +  0.0000  8.5638
     20      0.9119        0.2634       0.7410      0.8628        [94m0.2963[0m     +  0.0000  8.5869
     21      0.9116        0.2691       0.7411      0.8630        [94m0.2963[0m     +  0.0000  8.6252
     22      0.9086        [32m0.2599[0m       0.7413      0.8631        [94m0.2962[0m     +  0.0000  8.5862
     23      0.9092        0.2654       0.7411      0.8631        [94m0.2961[0m     +  0.0000  8.5988
     24      [36m0.9174[0m        0.2628       0.7408      0.8625        [94m0.2960[0m     +  0.0000  8.5928
     25      0.9051        0.2693       0.7411      0.8629        [94m0.2960[0m     +  0.0000  8.6094
     26      0.9134        0.2640       0.7410      0.8629        [94m0.2960[0m     +  0.0000  8.5780
     27      0.9118        0.2652       0.7410      0.8629        [94m0.2959[0m     +  0.0000  8.6433
     28      0.9098        0.2658       0.7408      0.8625        [94m0.2959[0m     +  0.0000  8.6283
     29      0.8965        0.2690       0.7408      0.8625        [94m0.2959[0m     +  0.0000  8.6520
     30      0.9019        0.2670       0.7408      0.8625        [94m0.2959[0m     +  0.0000  8.5635
     31      0.9054        0.2662       0.7406      0.8624        [94m0.2959[0m     +  0.0000  8.5988
     32      0.9072        0.2640       0.7406      0.8624        [94m0.2959[0m     +  0.0000  8.5669
     33      0.9153        0.2614       0.7405      0.8623        [94m0.2959[0m     +  0.0000  8.5612
     34      0.9053        0.2635       0.7405      0.8623        [94m0.2959[0m     +  0.0000  8.5749
     35      0.9146        0.2617       0.7405      0.8623        [94m0.2959[0m     +  0.0000  8.5679
     36      0.9080        0.2651       0.7405      0.8623        [94m0.2959[0m     +  0.0000  8.5643
     37      0.9108        0.2638       0.7405      0.8623        [94m0.2958[0m     +  0.0000  8.5875
     38      0.9040        0.2650       0.7405      0.8623        [94m0.2958[0m     +  0.0000  8.6113
     39      0.9077        0.2600       0.7403      0.8621        [94m0.2958[0m     +  0.0000  8.5516
     40      [36m0.9179[0m        0.2634       0.7405      0.8623        0.2958        0.0000  8.5904
     41      0.9081        0.2608       0.7405      0.8623        [94m0.2958[0m     +  0.0000  8.5578
     42      0.8997        0.2674       0.7403      0.8622        [94m0.2958[0m     +  0.0000  8.5628
     43      0.9074        0.2601       0.7403      0.8622        [94m0.2958[0m     +  0.0000  8.5599
     44      0.9105        0.2655       0.7403      0.8622        [94m0.2958[0m     +  0.0000  8.5769
Stopping since valid_loss has not improved in the last 11 epochs.
Iteration 5 Test Accuracy: 0.7495
Iteration 5 Test F1 Score (micro): 0.8714
Iteration 5 Test F1 Score (macro): 0.8581
Model checkpoint saved to C:\Users\localuserSKSG\Desktop\Shubham\ActiveLearning/Multilabel_from_multiclass/DinoS/uncertainty_sampling_seed44_test\model_checkpoint_iteration_4.pt

Query 6: Using images from iteration=7 (uncertainty sampling).
Re-initializing module.
Re-initializing criterion.
Re-initializing optimizer.
  epoch    train_f1    train_loss    valid_acc    valid_f1    valid_loss    cp      lr     dur
-------  ----------  ------------  -----------  ----------  ------------  ----  ------  ------
      1      [36m0.8555[0m        [32m0.3206[0m       [35m0.7486[0m      [31m0.8689[0m        [94m0.2900[0m     +  0.0000  9.5834
      2      [36m0.8965[0m        [32m0.2716[0m       0.7446      0.8616        [94m0.2820[0m     +  0.0000  9.4237
      3      [36m0.9012[0m        [32m0.2630[0m       0.7377      0.8567        [94m0.2791[0m     +  0.0000  9.3747
      4      0.9004        [32m0.2613[0m       0.7399      0.8566        [94m0.2768[0m     +  0.0000  9.3691
      5      [36m0.9083[0m        [32m0.2586[0m       0.7387      0.8523        [94m0.2753[0m     +  0.0000  9.4001
      6      [36m0.9135[0m        [32m0.2517[0m       [35m0.7550[0m      0.8682        [94m0.2725[0m     +  0.0000  9.3949
      7      [36m0.9165[0m        [32m0.2500[0m       0.7497      0.8631        [94m0.2709[0m     +  0.0000  9.4142
      8      0.9126        [32m0.2479[0m       0.7514      0.8646        [94m0.2704[0m     +  0.0000  9.4359
      9      0.9136        [32m0.2471[0m       [35m0.7566[0m      0.8679        [94m0.2697[0m     +  0.0000  9.4052
     10      0.9123        [32m0.2456[0m       [35m0.7608[0m      [31m0.8694[0m        [94m0.2693[0m     +  0.0000  9.3735
     11      [36m0.9207[0m        [32m0.2417[0m       0.7535      0.8661        [94m0.2684[0m     +  0.0000  9.3755
     12      0.9141        0.2453       0.7561      0.8685        0.2686        0.0000  9.3928
     13      [36m0.9210[0m        0.2430       0.7524      0.8653        [94m0.2675[0m     +  0.0000  9.4227
     14      0.9182        [32m0.2409[0m       0.7536      0.8658        [94m0.2673[0m     +  0.0000  9.4740
     15      0.9127        0.2441       0.7538      0.8664        [94m0.2671[0m     +  0.0000  9.4230
     16      [36m0.9224[0m        0.2424       0.7543      0.8669        [94m0.2671[0m     +  0.0000  9.3887
     17      0.9214        0.2416       0.7542      0.8667        [94m0.2669[0m     +  0.0000  9.3756
     18      [36m0.9230[0m        [32m0.2361[0m       0.7545      0.8672        0.2669        0.0000  9.3895
     19      0.9210        0.2405       0.7545      0.8671        [94m0.2668[0m     +  0.0000  9.4113
     20      0.9209        0.2413       0.7547      0.8674        [94m0.2668[0m     +  0.0000  9.4996
     21      0.9200        0.2395       0.7547      0.8674        [94m0.2667[0m     +  0.0000  9.4236
     22      0.9191        0.2383       0.7545      0.8671        [94m0.2666[0m     +  0.0000  9.3936
     23      0.9211        0.2412       0.7545      0.8672        0.2667        0.0000  9.4365
     24      0.9182        0.2370       0.7547      0.8673        [94m0.2666[0m     +  0.0000  9.4230
     25      0.9210        0.2404       0.7547      0.8674        [94m0.2666[0m     +  0.0000  9.4227
     26      0.9197        0.2414       0.7540      0.8671        [94m0.2665[0m     +  0.0000  9.4696
     27      [36m0.9241[0m        0.2390       0.7540      0.8672        [94m0.2665[0m     +  0.0000  9.4736
     28      0.9209        0.2387       0.7542      0.8672        [94m0.2664[0m     +  0.0000  9.3999
     29      0.9195        0.2412       0.7540      0.8672        0.2664        0.0000  9.4175
     30      0.9191        0.2387       0.7540      0.8672        0.2664        0.0000  9.4259
     31      0.9172        0.2423       0.7540      0.8672        0.2664        0.0000  9.4366
     32      0.9208        0.2394       0.7540      0.8672        [94m0.2664[0m     +  0.0000  9.4178
     33      0.9198        0.2386       0.7538      0.8672        0.2664        0.0000  9.3961
     34      0.9186        0.2374       0.7543      0.8673        [94m0.2664[0m     +  0.0000  9.4237
     35      0.9204        0.2386       0.7545      0.8673        [94m0.2664[0m     +  0.0000  9.4478
     36      0.9216        0.2391       0.7545      0.8673        [94m0.2664[0m     +  0.0000  9.4972
     37      0.9217        0.2395       0.7545      0.8674        0.2664        0.0000  9.5215
     38      [36m0.9279[0m        0.2370       0.7545      0.8674        0.2664        0.0000  9.4302
     39      0.9199        0.2400       0.7542      0.8673        0.2664        0.0000  9.3904
     40      0.9210        0.2415       0.7540      0.8672        0.2664        0.0000  9.4062
     41      0.9191        0.2405       0.7540      0.8672        0.2664        0.0000  9.4233
     42      0.9276        [32m0.2360[0m       0.7538      0.8670        0.2664        0.0000  9.4529
     43      0.9158        0.2373       0.7538      0.8670        0.2664        0.0000  9.4208
     44      0.9178        0.2394       0.7538      0.8670        0.2664        0.0000  9.5485
     45      0.9201        0.2402       0.7538      0.8670        0.2664        0.0000  9.5346
Stopping since valid_loss has not improved in the last 11 epochs.
Iteration 6 Test Accuracy: 0.7649
Iteration 6 Test F1 Score (micro): 0.8813
Iteration 6 Test F1 Score (macro): 0.8658
Model checkpoint saved to C:\Users\localuserSKSG\Desktop\Shubham\ActiveLearning/Multilabel_from_multiclass/DinoS/uncertainty_sampling_seed44_test\model_checkpoint_iteration_5.pt

Query 7: Using images from iteration=8 (uncertainty sampling).
Re-initializing module.
Re-initializing criterion.
Re-initializing optimizer.
  epoch    train_f1    train_loss    valid_acc    valid_f1    valid_loss    cp      lr      dur
-------  ----------  ------------  -----------  ----------  ------------  ----  ------  -------
      1      [36m0.8901[0m        [32m0.2795[0m       [35m0.7538[0m      [31m0.8735[0m        [94m0.2662[0m     +  0.0000  11.2087
      2      [36m0.9167[0m        [32m0.2404[0m       [35m0.7646[0m      [31m0.8763[0m        [94m0.2574[0m     +  0.0000  10.8584
      3      [36m0.9194[0m        [32m0.2345[0m       [35m0.7684[0m      [31m0.8785[0m        [94m0.2543[0m     +  0.0000  10.8301
      4      [36m0.9222[0m        [32m0.2330[0m       [35m0.7773[0m      [31m0.8796[0m        [94m0.2496[0m     +  0.0000  10.8749
      5      [36m0.9300[0m        [32m0.2244[0m       [35m0.7823[0m      [31m0.8806[0m        [94m0.2471[0m     +  0.0000  10.8958
      6      0.9296        [32m0.2234[0m       [35m0.7906[0m      [31m0.8844[0m        [94m0.2449[0m     +  0.0000  10.8737
      7      [36m0.9333[0m        [32m0.2175[0m       [35m0.7944[0m      [31m0.8861[0m        [94m0.2437[0m     +  0.0000  10.8420
      8      0.9331        [32m0.2165[0m       [35m0.7967[0m      [31m0.8864[0m        [94m0.2426[0m     +  0.0000  10.8608
      9      [36m0.9423[0m        [32m0.2131[0m       0.7927      0.8857        0.2427        0.0000  10.8572
     10      0.9408        [32m0.2118[0m       [35m0.7970[0m      [31m0.8875[0m        [94m0.2414[0m     +  0.0000  10.8311
     11      0.9387        0.2121       [35m0.8019[0m      [31m0.8881[0m        [94m0.2404[0m     +  0.0000  10.8796
     12      [36m0.9429[0m        [32m0.2114[0m       0.8005      0.8880        [94m0.2403[0m     +  0.0000  10.8748
     13      0.9386        [32m0.2101[0m       0.8019      [31m0.8886[0m        [94m0.2399[0m     +  0.0000  10.8702
     14      0.9427        0.2107       [35m0.8036[0m      [31m0.8889[0m        [94m0.2394[0m     +  0.0000  10.8892
     15      [36m0.9437[0m        [32m0.2093[0m       [35m0.8047[0m      [31m0.8891[0m        [94m0.2392[0m     +  0.0000  10.8437
     16      [36m0.9445[0m        [32m0.2086[0m       0.8047      [31m0.8892[0m        [94m0.2391[0m     +  0.0000  10.8815
     17      0.9417        0.2112       0.8045      0.8887        [94m0.2390[0m     +  0.0000  10.8742
     18      0.9434        [32m0.2079[0m       0.8042      0.8886        [94m0.2389[0m     +  0.0000  10.8401
     19      0.9431        0.2096       0.8040      0.8884        [94m0.2388[0m     +  0.0000  10.8829
     20      0.9445        0.2080       [35m0.8049[0m      0.8887        [94m0.2387[0m     +  0.0000  10.9031
     21      0.9435        0.2090       [35m0.8056[0m      0.8891        [94m0.2387[0m     +  0.0000  10.8843
     22      [36m0.9455[0m        0.2088       0.8050      [31m0.8894[0m        0.2387        0.0000  10.8423
     23      0.9427        [32m0.2074[0m       0.8054      [31m0.8898[0m        [94m0.2386[0m     +  0.0000  10.8737
     24      0.9440        0.2091       0.8043      0.8888        [94m0.2386[0m     +  0.0000  10.9228
     25      [36m0.9465[0m        0.2082       0.8054      0.8896        [94m0.2385[0m     +  0.0000  10.9367
     26      0.9429        [32m0.2068[0m       0.8052      0.8895        [94m0.2385[0m     +  0.0000  10.9233
     27      0.9442        [32m0.2065[0m       0.8052      0.8895        [94m0.2385[0m     +  0.0000  10.9037
     28      0.9422        [32m0.2060[0m       0.8050      0.8895        [94m0.2385[0m     +  0.0000  10.9372
     29      0.9427        [32m0.2051[0m       0.8049      0.8893        [94m0.2385[0m     +  0.0000  10.9370
     30      0.9461        0.2098       0.8047      0.8891        [94m0.2385[0m     +  0.0000  10.8756
     31      0.9446        0.2069       0.8047      0.8891        [94m0.2385[0m     +  0.0000  10.9068
     32      0.9451        0.2084       0.8043      0.8889        0.2385        0.0000  10.9350
     33      0.9430        0.2071       0.8045      0.8890        0.2385        0.0000  11.0035
     34      0.9439        0.2084       0.8045      0.8890        [94m0.2385[0m     +  0.0000  10.8788
     35      0.9454        0.2065       0.8049      0.8892        [94m0.2384[0m     +  0.0000  10.8947
     36      [36m0.9477[0m        0.2076       0.8047      0.8891        [94m0.2384[0m     +  0.0000  10.7993
     37      0.9436        0.2088       0.8043      0.8890        [94m0.2384[0m     +  0.0000  10.8714
     38      0.9439        0.2084       0.8045      0.8890        [94m0.2384[0m     +  0.0000  10.8399
     39      0.9453        0.2070       0.8043      0.8890        0.2384        0.0000  10.8382
     40      0.9449        0.2079       0.8043      0.8890        [94m0.2384[0m     +  0.0000  10.8689
     41      [36m0.9479[0m        [32m0.2050[0m       0.8043      0.8890        [94m0.2384[0m     +  0.0000  10.8989
     42      0.9447        0.2085       0.8043      0.8890        [94m0.2384[0m     +  0.0000  10.8868
     43      0.9432        0.2077       0.8047      0.8891        0.2384        0.0000  10.8524
     44      [36m0.9485[0m        0.2073       0.8049      0.8892        0.2384        0.0000  10.8852
     45      0.9455        0.2092       0.8049      0.8892        [94m0.2384[0m     +  0.0000  10.8691
     46      0.9466        0.2083       0.8049      0.8892        [94m0.2384[0m     +  0.0000  10.8692
     47      0.9471        0.2090       0.8049      0.8892        [94m0.2384[0m     +  0.0000  10.8686
     48      0.9417        0.2071       0.8049      0.8892        [94m0.2384[0m     +  0.0000  10.8690
     49      [36m0.9488[0m        0.2066       0.8049      0.8892        [94m0.2384[0m     +  0.0000  10.8682
     50      0.9413        0.2088       0.8049      0.8892        [94m0.2384[0m     +  0.0000  10.8696
Stopping since valid_loss has not improved in the last 11 epochs.
Iteration 7 Test Accuracy: 0.7925
Iteration 7 Test F1 Score (micro): 0.9024
Iteration 7 Test F1 Score (macro): 0.8900
Model checkpoint saved to C:\Users\localuserSKSG\Desktop\Shubham\ActiveLearning/Multilabel_from_multiclass/DinoS/uncertainty_sampling_seed44_test\model_checkpoint_iteration_6.pt

Query 8: Using images from iteration=9 (uncertainty sampling).
Re-initializing module.
Re-initializing criterion.
Re-initializing optimizer.
  epoch    train_f1    train_loss    valid_acc    valid_f1    valid_loss    cp      lr      dur
-------  ----------  ------------  -----------  ----------  ------------  ----  ------  -------
      1      [36m0.9055[0m        [32m0.2434[0m       [35m0.8007[0m      [31m0.8865[0m        [94m0.2385[0m     +  0.0000  13.7303
      2      [36m0.9328[0m        [32m0.2104[0m       [35m0.8064[0m      [31m0.8900[0m        [94m0.2321[0m     +  0.0000  13.4175
      3      [36m0.9360[0m        [32m0.2049[0m       [35m0.8130[0m      [31m0.8932[0m        [94m0.2281[0m     +  0.0000  13.4199
      4      [36m0.9395[0m        [32m0.2001[0m       0.8108      0.8897        0.2295        0.0000  13.4500
      5      [36m0.9450[0m        [32m0.1952[0m       [35m0.8205[0m      [31m0.8939[0m        [94m0.2257[0m     +  0.0000  13.4637
      6      [36m0.9503[0m        [32m0.1926[0m       [35m0.8311[0m      [31m0.9004[0m        [94m0.2211[0m     +  0.0000  13.4661
      7      [36m0.9530[0m        [32m0.1895[0m       [35m0.8316[0m      [31m0.9015[0m        [94m0.2203[0m     +  0.0000  13.5271
      8      [36m0.9539[0m        [32m0.1865[0m       [35m0.8326[0m      [31m0.9024[0m        [94m0.2197[0m     +  0.0000  13.5293
      9      0.9518        [32m0.1841[0m       [35m0.8342[0m      [31m0.9025[0m        [94m0.2190[0m     +  0.0000  13.4980
     10      [36m0.9568[0m        [32m0.1831[0m       0.8342      0.9023        [94m0.2187[0m     +  0.0000  13.5267
     11      0.9556        0.1834       [35m0.8365[0m      0.9022        [94m0.2183[0m     +  0.0000  13.5746
     12      0.9560        [32m0.1809[0m       0.8365      [31m0.9027[0m        [94m0.2179[0m     +  0.0000  13.4962
     13      0.9566        0.1814       [35m0.8368[0m      [31m0.9028[0m        [94m0.2177[0m     +  0.0000  13.5288
     14      0.9559        [32m0.1809[0m       0.8361      0.9020        0.2178        0.0000  13.4954
     15      0.9566        [32m0.1805[0m       [35m0.8372[0m      0.9021        [94m0.2176[0m     +  0.0000  13.5109
     16      0.9559        [32m0.1796[0m       0.8370      0.9024        [94m0.2173[0m     +  0.0000  13.4980
     17      [36m0.9598[0m        0.1802       0.8372      [31m0.9031[0m        [94m0.2172[0m     +  0.0000  13.5406
     18      0.9582        [32m0.1784[0m       0.8366      0.9029        [94m0.2171[0m     +  0.0000  13.5106
     19      0.9562        0.1789       0.8372      [31m0.9032[0m        [94m0.2169[0m     +  0.0000  13.4640
     20      0.9597        [32m0.1780[0m       [35m0.8375[0m      0.9032        0.2169        0.0000  13.4811
     21      0.9587        0.1797       [35m0.8377[0m      [31m0.9037[0m        [94m0.2168[0m     +  0.0000  13.4803
     22      0.9564        0.1791       0.8377      0.9037        [94m0.2168[0m     +  0.0000  13.4666
     23      [36m0.9601[0m        0.1795       0.8375      0.9035        0.2168        0.0000  13.5285
     24      0.9596        [32m0.1766[0m       [35m0.8380[0m      [31m0.9038[0m        [94m0.2166[0m     +  0.0000  13.4798
     25      0.9572        0.1785       0.8373      0.9037        [94m0.2166[0m     +  0.0000  13.4511
     26      0.9593        0.1788       0.8377      [31m0.9039[0m        [94m0.2166[0m     +  0.0000  13.4947
     27      0.9564        0.1790       0.8373      0.9037        [94m0.2166[0m     +  0.0000  13.4331
     28      0.9593        0.1779       0.8375      0.9039        [94m0.2166[0m     +  0.0000  13.4329
     29      0.9597        0.1782       0.8375      [31m0.9039[0m        [94m0.2166[0m     +  0.0000  13.4346
     30      0.9579        0.1767       0.8372      0.9038        [94m0.2165[0m     +  0.0000  13.4824
     31      0.9584        0.1781       0.8373      0.9039        [94m0.2165[0m     +  0.0000  13.4638
     32      [36m0.9604[0m        0.1780       0.8372      0.9039        [94m0.2165[0m     +  0.0000  13.4810
     33      0.9595        0.1784       0.8372      0.9038        0.2165        0.0000  13.4667
     34      0.9600        0.1781       0.8375      [31m0.9041[0m        0.2165        0.0000  13.5275
     35      0.9600        0.1775       0.8372      0.9038        0.2165        0.0000  13.4487
     36      0.9578        [32m0.1764[0m       0.8375      0.9041        [94m0.2165[0m     +  0.0000  13.4962
     37      0.9594        0.1785       0.8372      0.9039        [94m0.2165[0m     +  0.0000  13.4949
     38      0.9596        0.1777       0.8372      0.9039        0.2165        0.0000  13.5307
     39      0.9577        0.1785       0.8372      0.9039        [94m0.2165[0m     +  0.0000  13.4479
     40      0.9587        0.1771       0.8372      0.9039        [94m0.2165[0m     +  0.0000  13.4946
     41      0.9601        0.1783       0.8372      0.9039        0.2165        0.0000  13.5111
     42      0.9592        0.1769       0.8372      0.9039        [94m0.2165[0m     +  0.0000  13.5133
Stopping since valid_loss has not improved in the last 11 epochs.
Iteration 8 Test Accuracy: 0.7991
Iteration 8 Test F1 Score (micro): 0.9046
Iteration 8 Test F1 Score (macro): 0.8926
Model checkpoint saved to C:\Users\localuserSKSG\Desktop\Shubham\ActiveLearning/Multilabel_from_multiclass/DinoS/uncertainty_sampling_seed44_test\model_checkpoint_iteration_7.pt

Query 9: Using images from iteration=10 (uncertainty sampling).
Re-initializing module.
Re-initializing criterion.
Re-initializing optimizer.
  epoch    train_f1    train_loss    valid_acc    valid_f1    valid_loss    cp      lr      dur
-------  ----------  ------------  -----------  ----------  ------------  ----  ------  -------
      1      [36m0.9326[0m        [32m0.2012[0m       [35m0.8257[0m      [31m0.9000[0m        [94m0.2139[0m     +  0.0000  18.2684
      2      [36m0.9497[0m        [32m0.1787[0m       [35m0.8269[0m      [31m0.9013[0m        [94m0.2121[0m     +  0.0000  18.0765
      3      [36m0.9549[0m        [32m0.1730[0m       [35m0.8288[0m      [31m0.9036[0m        [94m0.2098[0m     +  0.0000  18.1881
      4      [36m0.9583[0m        [32m0.1682[0m       [35m0.8347[0m      [31m0.9048[0m        [94m0.2063[0m     +  0.0000  18.1809
      5      0.9582        [32m0.1660[0m       0.8292      [31m0.9051[0m        0.2066        0.0000  18.1249
      6      [36m0.9623[0m        [32m0.1611[0m       [35m0.8436[0m      [31m0.9063[0m        [94m0.2031[0m     +  0.0000  18.0796
      7      [36m0.9636[0m        [32m0.1596[0m       0.8434      [31m0.9080[0m        [94m0.2027[0m     +  0.0000  18.0961
      8      [36m0.9648[0m        [32m0.1582[0m       [35m0.8458[0m      [31m0.9087[0m        [94m0.2019[0m     +  0.0000  18.0660
      9      [36m0.9649[0m        [32m0.1576[0m       0.8441      0.9085        [94m0.2013[0m     +  0.0000  18.1144
     10      [36m0.9662[0m        [32m0.1552[0m       0.8446      0.9077        [94m0.2006[0m     +  0.0000  18.0956
     11      [36m0.9663[0m        [32m0.1539[0m       0.8444      0.9072        [94m0.2002[0m     +  0.0000  18.0795
     12      [36m0.9676[0m        [32m0.1533[0m       0.8443      0.9066        0.2003        0.0000  18.0626
     13      0.9675        0.1535       0.8441      0.9076        [94m0.2001[0m     +  0.0000  18.0781
     14      0.9675        [32m0.1531[0m       0.8438      0.9073        [94m0.2000[0m     +  0.0000  18.1284
     15      [36m0.9687[0m        [32m0.1514[0m       0.8439      0.9071        [94m0.1997[0m     +  0.0000  18.0792
     16      0.9679        [32m0.1505[0m       0.8417      0.9064        0.1998        0.0000  18.0302
     17      0.9683        [32m0.1504[0m       0.8436      0.9070        0.1997        0.0000  18.0932
     18      0.9680        [32m0.1501[0m       0.8425      0.9066        [94m0.1997[0m     +  0.0000  18.1100
     19      0.9684        [32m0.1498[0m       0.8434      0.9070        [94m0.1996[0m     +  0.0000  18.0767
     20      [36m0.9694[0m        [32m0.1490[0m       0.8422      0.9067        [94m0.1996[0m     +  0.0000  18.1415
     21      0.9679        0.1496       0.8431      0.9068        [94m0.1996[0m     +  0.0000  18.0636
     22      0.9680        0.1507       0.8425      0.9066        0.1996        0.0000  18.0634
     23      0.9685        0.1499       0.8424      0.9064        [94m0.1995[0m     +  0.0000  18.1118
     24      0.9692        [32m0.1489[0m       0.8429      0.9065        0.1996        0.0000  18.1570
     25      0.9678        0.1493       0.8422      0.9061        [94m0.1995[0m     +  0.0000  18.1082
     26      0.9694        [32m0.1488[0m       0.8424      0.9064        [94m0.1994[0m     +  0.0000  18.1244
     27      [36m0.9695[0m        0.1499       0.8422      0.9062        [94m0.1994[0m     +  0.0000  18.1261
     28      0.9683        [32m0.1488[0m       0.8424      0.9062        0.1994        0.0000  18.1079
     29      0.9686        0.1497       0.8422      0.9063        0.1994        0.0000  18.0771
     30      [36m0.9700[0m        [32m0.1483[0m       0.8422      0.9063        [94m0.1994[0m     +  0.0000  18.1577
     31      0.9689        0.1484       0.8422      0.9064        [94m0.1994[0m     +  0.0000  18.0946
     32      0.9680        0.1487       0.8424      0.9064        [94m0.1994[0m     +  0.0000  18.0621
     33      0.9698        0.1489       0.8422      0.9062        [94m0.1994[0m     +  0.0000  18.1239
     34      0.9677        0.1494       0.8422      0.9062        [94m0.1994[0m     +  0.0000  18.1123
     35      0.9695        0.1498       0.8422      0.9062        0.1994        0.0000  18.1106
     36      0.9676        0.1492       0.8422      0.9062        0.1994        0.0000  18.1595
     37      0.9688        0.1487       0.8424      0.9064        [94m0.1994[0m     +  0.0000  18.0932
     38      0.9692        0.1498       0.8424      0.9064        [94m0.1994[0m     +  0.0000  18.1435
     39      [36m0.9702[0m        0.1496       0.8422      0.9063        [94m0.1994[0m     +  0.0000  18.1434
     40      0.9692        [32m0.1482[0m       0.8424      0.9063        [94m0.1994[0m     +  0.0000  18.1412
     41      0.9692        0.1490       0.8424      0.9063        [94m0.1994[0m     +  0.0000  18.1578
     42      0.9684        0.1490       0.8424      0.9063        [94m0.1994[0m     +  0.0000  18.1545
     43      0.9699        0.1487       0.8424      0.9063        0.1994        0.0000  18.1370
     44      0.9684        0.1493       0.8422      0.9063        [94m0.1994[0m     +  0.0000  18.1394
     45      0.9684        [32m0.1482[0m       0.8422      0.9063        [94m0.1994[0m     +  0.0000  18.1261
     46      0.9682        0.1491       0.8422      0.9062        0.1994        0.0000  18.1726
     47      0.9686        0.1491       0.8422      0.9062        0.1994        0.0000  18.1049
     48      0.9684        0.1500       0.8424      0.9063        0.1994        0.0000  18.1062
Stopping since valid_loss has not improved in the last 11 epochs.
Iteration 9 Test Accuracy: 0.8128
Iteration 9 Test F1 Score (micro): 0.9133
Iteration 9 Test F1 Score (macro): 0.9036
Model checkpoint saved to C:\Users\localuserSKSG\Desktop\Shubham\ActiveLearning/Multilabel_from_multiclass/DinoS/uncertainty_sampling_seed44_test\model_checkpoint_iteration_8.pt

Query 10: Using images from iteration=11 (uncertainty sampling).
Re-initializing module.
Re-initializing criterion.
Re-initializing optimizer.
  epoch    train_f1    train_loss    valid_acc    valid_f1    valid_loss    cp      lr      dur
-------  ----------  ------------  -----------  ----------  ------------  ----  ------  -------
      1      [36m0.9519[0m        [32m0.1668[0m       [35m0.8493[0m      [31m0.9021[0m        [94m0.1969[0m     +  0.0000  26.4843
      2      [36m0.9626[0m        [32m0.1517[0m       0.8413      0.8934        0.1979        0.0000  26.2444
      3      [36m0.9666[0m        [32m0.1453[0m       0.8417      0.8992        [94m0.1939[0m     +  0.0000  26.3178
      4      [36m0.9683[0m        [32m0.1409[0m       0.8370      0.8920        0.1950        0.0000  26.4306
      5      0.9681        [32m0.1374[0m       0.8401      [31m0.9025[0m        [94m0.1901[0m     +  0.0000  26.5049
      6      [36m0.9728[0m        [32m0.1335[0m       0.8333      0.8990        0.1905        0.0000  26.4934
      7      0.9719        [32m0.1317[0m       0.8319      0.8975        0.1901        0.0000  26.4898
      8      0.9724        [32m0.1300[0m       0.8307      0.8964        0.1903        0.0000  26.4944
      9      [36m0.9740[0m        [32m0.1299[0m       0.8295      0.8971        [94m0.1898[0m     +  0.0000  26.5210
     10      [36m0.9748[0m        [32m0.1280[0m       0.8274      0.8944        0.1899        0.0000  26.4755
     11      [36m0.9752[0m        [32m0.1271[0m       0.8264      0.8966        [94m0.1894[0m     +  0.0000  26.4604
     12      [36m0.9766[0m        [32m0.1261[0m       0.8255      0.8961        0.1895        0.0000  26.3936
     13      0.9755        [32m0.1257[0m       0.8248      0.8950        0.1896        0.0000  26.4135
     14      [36m0.9769[0m        [32m0.1246[0m       0.8255      0.8952        [94m0.1893[0m     +  0.0000  26.4459
     15      [36m0.9775[0m        [32m0.1245[0m       0.8241      0.8950        0.1896        0.0000  26.5074
     16      0.9765        [32m0.1240[0m       0.8240      0.8951        0.1894        0.0000  26.4585
     17      0.9772        [32m0.1237[0m       0.8231      0.8952        [94m0.1893[0m     +  0.0000  26.4268
     18      0.9771        [32m0.1236[0m       0.8241      0.8952        0.1893        0.0000  26.5075
     19      0.9765        [32m0.1228[0m       0.8229      0.8937        0.1893        0.0000  26.4155
     20      [36m0.9778[0m        [32m0.1219[0m       0.8220      0.8938        0.1895        0.0000  26.4919
     21      0.9773        0.1225       0.8233      0.8971        0.1895        0.0000  26.4289
     22      [36m0.9783[0m        [32m0.1218[0m       0.8234      0.8958        0.1894        0.0000  26.4597
     23      0.9778        0.1223       0.8240      0.8972        0.1894        0.0000  26.4261
     24      0.9782        0.1218       0.8236      0.8959        0.1893        0.0000  26.4719
     25      0.9771        0.1224       0.8240      0.8969        0.1893        0.0000  26.4414
     26      0.9778        0.1225       0.8238      0.8972        0.1894        0.0000  26.5703
     27      0.9779        0.1219       0.8243      0.8980        0.1893        0.0000  26.4429
Stopping since valid_loss has not improved in the last 11 epochs.
Iteration 10 Test Accuracy: 0.8106
Iteration 10 Test F1 Score (micro): 0.9132
Iteration 10 Test F1 Score (macro): 0.9040
Model checkpoint saved to C:\Users\localuserSKSG\Desktop\Shubham\ActiveLearning/Multilabel_from_multiclass/DinoS/uncertainty_sampling_seed44_test\model_checkpoint_iteration_9.pt

Query 11: Using images from iteration=12 (uncertainty sampling).
Re-initializing module.
Re-initializing criterion.
Re-initializing optimizer.
  epoch    train_f1    train_loss    valid_acc    valid_f1    valid_loss    cp      lr      dur
-------  ----------  ------------  -----------  ----------  ------------  ----  ------  -------
      1      [36m0.9675[0m        [32m0.1352[0m       [35m0.8300[0m      [31m0.8956[0m        [94m0.1847[0m     +  0.0000  41.0469
      2      [36m0.9747[0m        [32m0.1224[0m       0.8278      0.8928        [94m0.1839[0m     +  0.0000  41.0547
      3      [36m0.9767[0m        [32m0.1181[0m       [35m0.8351[0m      [31m0.8962[0m        [94m0.1797[0m     +  0.0000  41.1582
      4      [36m0.9778[0m        [32m0.1136[0m       0.8260      0.8914        0.1834        0.0000  41.2841
      5      [36m0.9788[0m        [32m0.1110[0m       0.8347      0.8939        0.1810        0.0000  41.1888
      6      [36m0.9804[0m        [32m0.1072[0m       0.8253      [31m0.9034[0m        0.1867        0.0000  41.2422
      7      [36m0.9811[0m        [32m0.1055[0m       0.8323      [31m0.9049[0m        0.1804        0.0000  41.2550
      8      [36m0.9816[0m        [32m0.1043[0m       0.8281      0.9036        0.1829        0.0000  41.2212
      9      [36m0.9821[0m        [32m0.1025[0m       0.8297      0.9038        0.1817        0.0000  41.2061
     10      [36m0.9823[0m        [32m0.1008[0m       0.8267      0.9034        0.1825        0.0000  41.2206
     11      [36m0.9827[0m        [32m0.0996[0m       0.8319      0.9036        [94m0.1786[0m     +  0.0000  41.1406
     12      [36m0.9836[0m        [32m0.0986[0m       0.8309      0.9038        0.1797        0.0000  41.1879
     13      0.9834        [32m0.0979[0m       0.8311      0.9034        0.1795        0.0000  41.1767
     14      [36m0.9842[0m        [32m0.0977[0m       0.8257      0.9016        0.1809        0.0000  41.1758
     15      0.9839        [32m0.0969[0m       0.8255      0.9016        0.1820        0.0000  41.1908
     16      0.9838        [32m0.0962[0m       0.8318      0.9023        [94m0.1780[0m     +  0.0000  41.1562
     17      [36m0.9845[0m        [32m0.0962[0m       0.8311      0.9030        0.1784        0.0000  41.2388
     18      0.9840        0.0962       0.8297      0.9026        0.1791        0.0000  41.2076
     19      [36m0.9852[0m        [32m0.0958[0m       0.8311      0.9027        0.1782        0.0000  41.1638
     20      0.9842        0.0958       0.8293      0.9011        0.1786        0.0000  40.9416
     21      0.9849        0.0958       0.8304      0.8998        0.1782        0.0000  40.8779
     22      0.9844        [32m0.0951[0m       0.8307      0.9015        0.1786        0.0000  41.0009
     23      0.9847        0.0955       0.8313      0.9011        0.1783        0.0000  41.1719
     24      0.9851        [32m0.0950[0m       0.8309      0.9005        0.1782        0.0000  41.1511
     25      0.9848        0.0951       0.8314      0.9012        0.1780        0.0000  41.3377
     26      0.9847        [32m0.0949[0m       0.8316      0.9011        0.1781        0.0000  41.1232
Stopping since valid_loss has not improved in the last 11 epochs.
Iteration 11 Test Accuracy: 0.8174
Iteration 11 Test F1 Score (micro): 0.9165
Iteration 11 Test F1 Score (macro): 0.9062
Model checkpoint saved to C:\Users\localuserSKSG\Desktop\Shubham\ActiveLearning/Multilabel_from_multiclass/DinoS/uncertainty_sampling_seed44_test\model_checkpoint_iteration_10.pt

Query 12: Using images from iteration=13 (uncertainty sampling).
Re-initializing module.
Re-initializing criterion.
Re-initializing optimizer.
  epoch    train_f1    train_loss    valid_acc    valid_f1    valid_loss    cp      lr      dur
-------  ----------  ------------  -----------  ----------  ------------  ----  ------  -------
      1      [36m0.9754[0m        [32m0.1067[0m       [35m0.8207[0m      [31m0.8890[0m        [94m0.1797[0m     +  0.0000  67.1424
      2      [36m0.9821[0m        [32m0.0951[0m       0.8198      0.8860        0.1806        0.0000  67.5615
      3      [36m0.9824[0m        [32m0.0917[0m       0.8189      0.8888        [94m0.1795[0m     +  0.0000  67.5637
      4      [36m0.9831[0m        [32m0.0888[0m       [35m0.8266[0m      [31m0.8903[0m        [94m0.1775[0m     +  0.0000  67.3796
      5      [36m0.9837[0m        [32m0.0844[0m       0.8207      0.8855        [94m0.1771[0m     +  0.0000  67.3675
      6      [36m0.9851[0m        [32m0.0806[0m       [35m0.8326[0m      [31m0.8950[0m        [94m0.1729[0m     +  0.0000  67.4497
      7      [36m0.9860[0m        [32m0.0782[0m       0.8326      0.8949        0.1735        0.0000  67.2832
      8      0.9859        [32m0.0771[0m       0.8306      0.8935        0.1744        0.0000  67.4232
      9      [36m0.9864[0m        [32m0.0754[0m       0.8319      0.8945        0.1746        0.0000  67.4448
     10      [36m0.9873[0m        [32m0.0738[0m       0.8316      [31m0.8964[0m        0.1753        0.0000  67.3198
     11      [36m0.9875[0m        [32m0.0727[0m       [35m0.8342[0m      [31m0.8977[0m        0.1735        0.0000  67.4354
     12      [36m0.9882[0m        [32m0.0719[0m       0.8340      0.8969        0.1744        0.0000  67.4288
     13      [36m0.9882[0m        [32m0.0714[0m       0.8328      [31m0.8982[0m        0.1749        0.0000  67.3206
     14      [36m0.9886[0m        [32m0.0706[0m       0.8326      0.8974        0.1743        0.0000  67.5562
     15      [36m0.9886[0m        [32m0.0701[0m       0.8309      0.8953        0.1749        0.0000  67.5224
     16      [36m0.9890[0m        [32m0.0689[0m       [35m0.8349[0m      0.8980        0.1740        0.0000  67.4582
Stopping since valid_loss has not improved in the last 11 epochs.
Iteration 12 Test Accuracy: 0.8170
Iteration 12 Test F1 Score (micro): 0.9161
Iteration 12 Test F1 Score (macro): 0.9053
Model checkpoint saved to C:\Users\localuserSKSG\Desktop\Shubham\ActiveLearning/Multilabel_from_multiclass/DinoS/uncertainty_sampling_seed44_test\model_checkpoint_iteration_11.pt

Query 13: Using images from iteration=14 (uncertainty sampling).
Re-initializing module.
Re-initializing criterion.
Re-initializing optimizer.
  epoch    train_f1    train_loss    valid_acc    valid_f1    valid_loss    cp      lr      dur
-------  ----------  ------------  -----------  ----------  ------------  ----  ------  -------
      1      [36m0.9815[0m        [32m0.0834[0m       [35m0.8172[0m      [31m0.8854[0m        [94m0.1794[0m     +  0.0000  77.8891
      2      [36m0.9841[0m        [32m0.0769[0m       [35m0.8214[0m      [31m0.8913[0m        [94m0.1783[0m     +  0.0000  78.1105
      3      [36m0.9847[0m        [32m0.0736[0m       0.8125      0.8805        0.1802        0.0000  77.9860
      4      [36m0.9847[0m        [32m0.0720[0m       [35m0.8229[0m      0.8877        0.1791        0.0000  77.8579
      5      [36m0.9866[0m        [32m0.0673[0m       0.8203      0.8817        [94m0.1769[0m     +  0.0000  77.7523
      6      [36m0.9874[0m        [32m0.0639[0m       [35m0.8351[0m      [31m0.8974[0m        [94m0.1733[0m     +  0.0000  77.7522
      7      [36m0.9880[0m        [32m0.0624[0m       0.8333      [31m0.8993[0m        0.1765        0.0000  77.8113
      8      [36m0.9886[0m        [32m0.0611[0m       0.8326      0.8964        0.1752        0.0000  77.8897
      9      [36m0.9887[0m        [32m0.0600[0m       [35m0.8352[0m      0.8964        [94m0.1733[0m     +  0.0000  77.7969
     10      [36m0.9892[0m        [32m0.0583[0m       0.8328      0.8959        0.1752        0.0000  77.8336
     11      [36m0.9898[0m        [32m0.0571[0m       [35m0.8372[0m      [31m0.8993[0m        0.1740        0.0000  77.8600
     12      [36m0.9899[0m        [32m0.0561[0m       0.8365      [31m0.8998[0m        0.1743        0.0000  77.8196
     13      [36m0.9904[0m        [32m0.0557[0m       0.8361      [31m0.9001[0m        0.1752        0.0000  77.8617
     14      0.9903        [32m0.0555[0m       0.8354      0.8977        0.1752        0.0000  77.8582
     15      [36m0.9905[0m        [32m0.0546[0m       0.8337      0.8987        0.1763        0.0000  77.8728
     16      [36m0.9911[0m        [32m0.0541[0m       0.8332      0.8992        0.1770        0.0000  77.8904
     17      0.9910        [32m0.0539[0m       0.8337      0.8996        0.1773        0.0000  77.3870
     18      [36m0.9914[0m        [32m0.0536[0m       0.8323      0.8990        0.1774        0.0000  77.0091
     19      0.9912        [32m0.0534[0m       0.8325      0.8989        0.1778        0.0000  76.9278
Stopping since valid_loss has not improved in the last 11 epochs.
Iteration 13 Test Accuracy: 0.8210
Iteration 13 Test F1 Score (micro): 0.9171
Iteration 13 Test F1 Score (macro): 0.9061
Model checkpoint saved to C:\Users\localuserSKSG\Desktop\Shubham\ActiveLearning/Multilabel_from_multiclass/DinoS/uncertainty_sampling_seed44_test\model_checkpoint_iteration_12.pt

Best F1 score across all iterations: 0.9062
Pickle file saved to C:\Users\localuserSKSG\Desktop\Shubham\ActiveLearning/Multilabel_from_multiclass/DinoS/uncertainty_sampling_seed44_test\AL_uncertainty_sampling_results_for_multilabel_classification_s44_test.pickle
