Adjusted shapes after loading:
X_initial_np: (8, 224, 224, 3), y_initial_np: (8, 3)
X_pool_np: (26872, 224, 224, 3), y_pool_np: (26872, 3)
X_test_np: (5760, 224, 224, 3), y_test_np: (5760, 3)
X_val_np: (5760, 224, 224, 3), y_val_np: (5760, 3)

Iteration 1: Using initial samples.
  epoch    train_f1    train_loss    valid_acc    valid_f1    valid_loss    cp      lr      dur
-------  ----------  ------------  -----------  ----------  ------------  ----  ------  -------
      1      [36m0.5152[0m        [32m0.7299[0m       [35m0.0769[0m      [31m0.4301[0m        [94m0.7166[0m     +  0.0001  12.3226
      2      [36m0.6829[0m        [32m0.6723[0m       [35m0.3358[0m      0.2320        [94m0.6690[0m     +  0.0001  10.6437
      3      0.5167        [32m0.6271[0m       0.1760      [31m0.4389[0m        0.6979        0.0001  10.5966
      4      [36m0.7833[0m        [32m0.6164[0m       0.2965      0.3396        [94m0.6651[0m     +  0.0001  10.7021
      5      0.6468        [32m0.5992[0m       0.2790      0.4261        0.6822        0.0001  10.6771
      6      [36m0.8333[0m        [32m0.5498[0m       0.2927      0.4177        0.6779        0.0000  10.7023
      7      0.7857        0.5693       0.2922      0.4116        0.6781        0.0000  10.8150
      8      0.7963        0.5755       0.2918      0.4151        0.6789        0.0000  10.7400
      9      0.7857        0.5544       0.2905      0.4268        0.6807        0.0000  10.8015
     10      0.7857        0.5861       0.2632      [31m0.4415[0m        0.6878        0.0000  10.7097
     11      0.7500        [32m0.5226[0m       0.2738      [31m0.4420[0m        0.6866        0.0000  10.7042
     12      0.7368        0.5485       0.2773      0.4404        0.6857        0.0000  10.7849
     13      0.7857        [32m0.5152[0m       0.2734      [31m0.4424[0m        0.6863        0.0000  10.8882
     14      0.7500        0.5497       0.2745      [31m0.4427[0m        0.6867        0.0000  10.9476
Stopping since valid_loss has not improved in the last 11 epochs.
Iteration 1: Test F1 Micro Score: 0.4625118173223766
Iteration 1: Test F1 Macro Score: 0.4613982624779358
Model checkpoint saved to C:\Users\localuserSKSG\Desktop\Shubham\RandomSampling/Multilabel/DinoS/seed_45_config2/model_checkpoint_iteration_0.pt

Iteration 2: Requesting 16 samples.
Re-initializing module.
Re-initializing criterion.
Re-initializing optimizer.
  epoch    train_f1    train_loss    valid_acc    valid_f1    valid_loss    cp      lr      dur
-------  ----------  ------------  -----------  ----------  ------------  ----  ------  -------
      1      [36m0.6427[0m        [32m0.6472[0m       [35m0.2915[0m      [31m0.3650[0m        [94m0.6217[0m     +  0.0001  10.9697
      2      0.5220        [32m0.6304[0m       [35m0.3255[0m      [31m0.4884[0m        [94m0.6169[0m     +  0.0001  10.8857
      3      [36m0.7296[0m        [32m0.5742[0m       [35m0.3819[0m      [31m0.5384[0m        [94m0.5959[0m     +  0.0001  10.7950
      4      0.6419        0.5868       [35m0.4259[0m      [31m0.6133[0m        [94m0.5873[0m     +  0.0001  10.8625
      5      [36m0.7378[0m        [32m0.5643[0m       [35m0.4479[0m      0.6088        [94m0.5601[0m     +  0.0001  10.9261
      6      [36m0.7889[0m        [32m0.5282[0m       [35m0.4547[0m      [31m0.6279[0m        [94m0.5517[0m     +  0.0000  10.9549
      7      [36m0.8361[0m        [32m0.4769[0m       [35m0.4620[0m      [31m0.6479[0m        [94m0.5459[0m     +  0.0000  10.8385
      8      0.7992        [32m0.4623[0m       [35m0.4684[0m      [31m0.6541[0m        [94m0.5370[0m     +  0.0000  11.0570
      9      0.8292        0.4853       [35m0.4783[0m      [31m0.6638[0m        0.5380        0.0000  10.9468
     10      0.8069        0.4715       [35m0.4802[0m      0.6576        [94m0.5249[0m     +  0.0000  10.8343
     11      0.8327        [32m0.4284[0m       [35m0.4837[0m      [31m0.6658[0m        [94m0.5238[0m     +  0.0000  10.9072
     12      [36m0.8424[0m        0.4627       [35m0.4847[0m      [31m0.6702[0m        [94m0.5230[0m     +  0.0000  10.9200
     13      0.8339        0.4302       [35m0.4849[0m      0.6692        [94m0.5197[0m     +  0.0000  11.0076
     14      [36m0.8643[0m        [32m0.4125[0m       [35m0.4851[0m      [31m0.6754[0m        [94m0.5194[0m     +  0.0000  10.9478
     15      [36m0.9106[0m        0.4224       [35m0.4870[0m      [31m0.6761[0m        [94m0.5163[0m     +  0.0000  10.9230
     16      0.8655        0.4246       [35m0.4875[0m      [31m0.6772[0m        [94m0.5157[0m     +  0.0000  10.9359
     17      0.8707        0.4148       0.4870      [31m0.6782[0m        [94m0.5155[0m     +  0.0000  10.9514
     18      0.8622        [32m0.4063[0m       [35m0.4892[0m      0.6776        [94m0.5140[0m     +  0.0000  10.9560
     19      0.8188        0.4496       [35m0.4898[0m      0.6778        [94m0.5133[0m     +  0.0000  10.9508
     20      0.8336        0.4338       [35m0.4915[0m      [31m0.6786[0m        [94m0.5120[0m     +  0.0000  10.8824
     21      0.8422        0.4222       0.4915      [31m0.6790[0m        [94m0.5117[0m     +  0.0000  10.9660
     22      0.8596        0.4195       [35m0.4917[0m      [31m0.6791[0m        [94m0.5112[0m     +  0.0000  10.9092
     23      0.8683        0.4330       [35m0.4920[0m      [31m0.6796[0m        [94m0.5110[0m     +  0.0000  10.9456
     24      0.8177        0.4386       [35m0.4924[0m      [31m0.6799[0m        [94m0.5104[0m     +  0.0000  10.9630
     25      0.8812        0.4301       [35m0.4932[0m      0.6793        [94m0.5099[0m     +  0.0000  10.7828
     26      0.8522        0.4373       0.4931      0.6793        [94m0.5098[0m     +  0.0000  10.8905
     27      0.8441        0.4273       0.4931      0.6792        [94m0.5097[0m     +  0.0000  10.9819
     28      0.8596        0.4196       0.4929      0.6794        [94m0.5096[0m     +  0.0000  10.9813
     29      0.8635        0.4096       [35m0.4936[0m      0.6798        0.5096        0.0000  10.9123
     30      0.9012        0.4252       0.4936      0.6797        [94m0.5095[0m     +  0.0000  10.8488
     31      0.8982        0.4267       0.4934      0.6797        [94m0.5094[0m     +  0.0000  10.8607
     32      0.8079        0.4183       0.4936      0.6797        [94m0.5094[0m     +  0.0000  10.9779
     33      0.8319        0.4143       0.4934      0.6797        0.5094        0.0000  10.8609
     34      0.8573        [32m0.4003[0m       0.4927      0.6792        [94m0.5094[0m     +  0.0000  10.8349
     35      0.9029        0.4126       0.4927      0.6792        [94m0.5093[0m     +  0.0000  11.0312
     36      0.8604        0.4108       0.4925      0.6792        [94m0.5093[0m     +  0.0000  10.8555
     37      0.8756        0.4227       0.4927      0.6793        [94m0.5093[0m     +  0.0000  10.8623
     38      0.8704        0.4120       0.4927      0.6793        [94m0.5093[0m     +  0.0000  10.8751
     39      0.8719        0.4048       0.4927      0.6793        [94m0.5092[0m     +  0.0000  10.8087
     40      0.8339        0.4405       0.4927      0.6793        [94m0.5092[0m     +  0.0000  10.9118
     41      [36m0.9188[0m        [32m0.3810[0m       0.4929      0.6794        [94m0.5092[0m     +  0.0000  10.9422
     42      0.8425        0.4155       0.4927      0.6793        [94m0.5092[0m     +  0.0000  10.9567
     43      0.8612        0.4220       0.4927      0.6794        [94m0.5092[0m     +  0.0000  10.9375
     44      0.8897        0.4021       0.4927      0.6794        [94m0.5092[0m     +  0.0000  10.8424
     45      0.8522        0.4079       0.4927      0.6793        [94m0.5092[0m     +  0.0000  10.7830
     46      0.8243        0.4312       0.4927      0.6793        [94m0.5092[0m     +  0.0000  10.9216
     47      0.8683        0.4178       0.4927      0.6793        [94m0.5092[0m     +  0.0000  10.9787
     48      0.8702        0.4117       0.4927      0.6793        [94m0.5092[0m     +  0.0000  10.8751
     49      0.8774        0.4087       0.4927      0.6793        [94m0.5092[0m     +  0.0000  10.8782
     50      0.8659        0.4287       0.4927      0.6793        0.5092        0.0000  10.9359
     51      0.8966        0.3973       0.4927      0.6793        0.5092        0.0000  10.9591
     52      0.8885        0.4079       0.4927      0.6793        [94m0.5092[0m     +  0.0000  10.9407
     53      0.8574        0.4109       0.4927      0.6793        [94m0.5092[0m     +  0.0000  10.9261
     54      0.8560        0.4145       0.4927      0.6793        [94m0.5092[0m     +  0.0000  10.9737
     55      0.8659        0.4025       0.4927      0.6793        [94m0.5092[0m     +  0.0000  10.9782
     56      0.8792        0.4119       0.4927      0.6793        [94m0.5092[0m     +  0.0000  10.9263
Stopping since valid_loss has not improved in the last 11 epochs.
Iteration 2: Test F1 Micro Score: 0.7080215504340018
Iteration 2: Test F1 Macro Score: 0.7118699061299574
Model checkpoint saved to C:\Users\localuserSKSG\Desktop\Shubham\RandomSampling/Multilabel/DinoS/seed_45_config2/model_checkpoint_iteration_1.pt

Iteration 3: Requesting 32 samples.
Re-initializing module.
Re-initializing criterion.
Re-initializing optimizer.
  epoch    train_f1    train_loss    valid_acc    valid_f1    valid_loss    cp      lr      dur
-------  ----------  ------------  -----------  ----------  ------------  ----  ------  -------
      1      [36m0.7480[0m        [32m0.5357[0m       [35m0.4299[0m      [31m0.6516[0m        [94m0.4798[0m     +  0.0001  11.0615
      2      [36m0.7607[0m        [32m0.4635[0m       [35m0.4925[0m      [31m0.7105[0m        [94m0.4358[0m     +  0.0001  11.0497
      3      [36m0.7911[0m        [32m0.4091[0m       [35m0.5186[0m      [31m0.7222[0m        [94m0.4137[0m     +  0.0001  11.1012
      4      [36m0.8291[0m        [32m0.3635[0m       [35m0.5561[0m      [31m0.7399[0m        [94m0.3966[0m     +  0.0001  11.0764
      5      0.8051        [32m0.3622[0m       [35m0.5568[0m      [31m0.7470[0m        [94m0.3918[0m     +  0.0001  11.1461
      6      [36m0.8546[0m        [32m0.3375[0m       [35m0.6141[0m      [31m0.7581[0m        [94m0.3749[0m     +  0.0000  10.9626
      7      [36m0.8615[0m        [32m0.3122[0m       [35m0.6200[0m      [31m0.7638[0m        [94m0.3711[0m     +  0.0000  10.9698
      8      0.8592        [32m0.3045[0m       [35m0.6340[0m      [31m0.7653[0m        [94m0.3653[0m     +  0.0000  10.9634
      9      [36m0.8616[0m        [32m0.2958[0m       0.6311      [31m0.7673[0m        [94m0.3627[0m     +  0.0000  10.8897
     10      [36m0.8676[0m        [32m0.2955[0m       0.6248      [31m0.7692[0m        [94m0.3610[0m     +  0.0000  11.0219
     11      [36m0.8858[0m        0.2978       [35m0.6345[0m      [31m0.7713[0m        [94m0.3588[0m     +  0.0000  11.0466
     12      0.8616        [32m0.2942[0m       [35m0.6394[0m      [31m0.7726[0m        [94m0.3569[0m     +  0.0000  11.0157
     13      0.8521        [32m0.2925[0m       [35m0.6411[0m      [31m0.7737[0m        [94m0.3551[0m     +  0.0000  10.9355
     14      0.8649        0.2961       [35m0.6446[0m      [31m0.7749[0m        [94m0.3537[0m     +  0.0000  11.0883
     15      [36m0.9054[0m        [32m0.2894[0m       0.6436      [31m0.7754[0m        [94m0.3525[0m     +  0.0000  10.9800
     16      0.8798        [32m0.2828[0m       [35m0.6448[0m      [31m0.7757[0m        [94m0.3519[0m     +  0.0000  10.9998
     17      0.8522        [32m0.2795[0m       [35m0.6451[0m      [31m0.7760[0m        [94m0.3515[0m     +  0.0000  11.0394
     18      0.8831        [32m0.2761[0m       [35m0.6464[0m      [31m0.7767[0m        [94m0.3511[0m     +  0.0000  11.0312
     19      0.8954        [32m0.2667[0m       [35m0.6477[0m      0.7766        [94m0.3505[0m     +  0.0000  11.0010
     20      0.8947        0.2812       0.6474      [31m0.7769[0m        [94m0.3502[0m     +  0.0000  11.0979
     21      0.8893        0.2694       [35m0.6481[0m      [31m0.7772[0m        [94m0.3501[0m     +  0.0000  10.9379
     22      0.8817        0.2793       0.6477      0.7772        [94m0.3500[0m     +  0.0000  11.0936
     23      0.8602        0.2938       [35m0.6483[0m      [31m0.7773[0m        [94m0.3498[0m     +  0.0000  11.0166
     24      0.8812        [32m0.2618[0m       [35m0.6488[0m      0.7772        [94m0.3496[0m     +  0.0000  11.0921
     25      0.8545        0.2849       [35m0.6495[0m      0.7772        [94m0.3494[0m     +  0.0000  10.9834
     26      0.8775        0.2740       0.6495      0.7769        [94m0.3493[0m     +  0.0000  10.9061
     27      0.8595        0.2722       [35m0.6497[0m      0.7771        [94m0.3493[0m     +  0.0000  10.9206
     28      0.8570        0.2805       0.6493      0.7771        [94m0.3492[0m     +  0.0000  11.0622
     29      0.8693        0.2657       0.6495      0.7771        [94m0.3492[0m     +  0.0000  10.8598
     30      0.8826        0.2706       0.6490      0.7772        [94m0.3492[0m     +  0.0000  10.9793
     31      0.8798        0.2628       0.6490      0.7772        [94m0.3491[0m     +  0.0000  11.1732
     32      0.8801        0.2969       0.6491      0.7772        [94m0.3491[0m     +  0.0000  10.9375
     33      0.8644        0.2794       0.6491      0.7773        [94m0.3491[0m     +  0.0000  10.9007
     34      0.8701        0.2880       0.6497      [31m0.7774[0m        [94m0.3490[0m     +  0.0000  11.0154
     35      0.8614        0.2818       [35m0.6502[0m      [31m0.7776[0m        [94m0.3490[0m     +  0.0000  11.0001
     36      0.8774        0.2707       0.6502      0.7776        [94m0.3490[0m     +  0.0000  10.8905
     37      0.8638        0.2817       [35m0.6503[0m      [31m0.7777[0m        [94m0.3490[0m     +  0.0000  10.8955
     38      0.8936        0.2798       0.6502      0.7776        [94m0.3490[0m     +  0.0000  11.0202
     39      0.8733        0.2784       [35m0.6505[0m      [31m0.7777[0m        [94m0.3490[0m     +  0.0000  11.1775
     40      0.8515        0.2789       [35m0.6507[0m      [31m0.7777[0m        [94m0.3490[0m     +  0.0000  10.8914
     41      0.8665        [32m0.2600[0m       0.6507      0.7777        [94m0.3490[0m     +  0.0000  11.1090
     42      0.8805        0.2614       0.6507      0.7777        [94m0.3490[0m     +  0.0000  10.9061
     43      0.8901        0.2634       0.6507      0.7777        [94m0.3489[0m     +  0.0000  11.0924
     44      0.8979        0.2772       0.6507      0.7777        [94m0.3489[0m     +  0.0000  11.0324
     45      0.8918        [32m0.2558[0m       0.6507      0.7777        [94m0.3489[0m     +  0.0000  10.9657
     46      0.8872        0.2692       0.6507      0.7777        [94m0.3489[0m     +  0.0000  11.1232
     47      0.8747        0.2774       0.6507      0.7777        [94m0.3489[0m     +  0.0000  10.9396
     48      0.8572        0.2773       0.6507      0.7777        [94m0.3489[0m     +  0.0000  10.8562
     49      0.8764        0.2737       0.6507      0.7777        [94m0.3489[0m     +  0.0000  10.9660
     50      0.8805        0.2727       0.6507      0.7777        [94m0.3489[0m     +  0.0000  11.0812
Stopping since valid_loss has not improved in the last 11 epochs.
Iteration 3: Test F1 Micro Score: 0.8306650246305419
Iteration 3: Test F1 Macro Score: 0.8172864569616887
Model checkpoint saved to C:\Users\localuserSKSG\Desktop\Shubham\RandomSampling/Multilabel/DinoS/seed_45_config2/model_checkpoint_iteration_2.pt

Iteration 4: Requesting 56 samples.
Re-initializing module.
Re-initializing criterion.
Re-initializing optimizer.
  epoch    train_f1    train_loss    valid_acc    valid_f1    valid_loss    cp      lr      dur
-------  ----------  ------------  -----------  ----------  ------------  ----  ------  -------
      1      [36m0.7838[0m        [32m0.3690[0m       [35m0.6278[0m      [31m0.7430[0m        [94m0.3449[0m     +  0.0001  11.1294
      2      [36m0.8342[0m        [32m0.2817[0m       [35m0.6510[0m      [31m0.7687[0m        [94m0.3229[0m     +  0.0001  11.2167
      3      [36m0.8714[0m        [32m0.2478[0m       [35m0.6837[0m      [31m0.8094[0m        [94m0.3029[0m     +  0.0001  11.1930
      4      [36m0.8923[0m        [32m0.2201[0m       [35m0.6984[0m      [31m0.8205[0m        [94m0.2888[0m     +  0.0001  11.1316
      5      [36m0.8997[0m        [32m0.2106[0m       [35m0.7061[0m      [31m0.8269[0m        [94m0.2870[0m     +  0.0001  11.0754
      6      0.8994        [32m0.1915[0m       [35m0.7132[0m      [31m0.8291[0m        [94m0.2789[0m     +  0.0000  11.0939
      7      [36m0.9279[0m        [32m0.1814[0m       [35m0.7134[0m      0.8283        [94m0.2765[0m     +  0.0000  11.2513
      8      0.9011        0.1877       0.7123      [31m0.8306[0m        0.2807        0.0000  11.2002
      9      0.9168        0.1832       [35m0.7144[0m      0.8303        0.2775        0.0000  11.0455
     10      [36m0.9350[0m        [32m0.1808[0m       [35m0.7165[0m      0.8303        [94m0.2757[0m     +  0.0000  11.1069
     11      0.9243        [32m0.1730[0m       [35m0.7167[0m      0.8300        [94m0.2740[0m     +  0.0000  11.2028
     12      [36m0.9393[0m        [32m0.1681[0m       0.7151      0.8299        0.2744        0.0000  11.1375
     13      0.9253        0.1832       0.7160      0.8303        0.2741        0.0000  11.2080
     14      0.9293        0.1704       [35m0.7175[0m      [31m0.8308[0m        [94m0.2731[0m     +  0.0000  11.0706
     15      0.9067        0.1757       [35m0.7201[0m      [31m0.8319[0m        [94m0.2725[0m     +  0.0000  11.1800
     16      [36m0.9451[0m        [32m0.1631[0m       0.7181      0.8303        [94m0.2716[0m     +  0.0000  11.1553
     17      0.9222        0.1643       0.7182      0.8303        0.2716        0.0000  11.2209
     18      0.9261        0.1695       0.7189      0.8308        0.2718        0.0000  11.1965
     19      0.9268        0.1662       0.7181      0.8301        [94m0.2713[0m     +  0.0000  10.9982
     20      0.9319        [32m0.1574[0m       0.7200      0.8314        0.2714        0.0000  11.1143
     21      0.9190        0.1586       0.7188      0.8305        [94m0.2712[0m     +  0.0000  11.0614
     22      0.9159        0.1659       0.7184      0.8303        [94m0.2708[0m     +  0.0000  11.1382
     23      0.9299        0.1631       0.7188      0.8301        [94m0.2705[0m     +  0.0000  11.2508
     24      0.9301        0.1632       0.7189      0.8306        [94m0.2702[0m     +  0.0000  11.0540
     25      0.9367        0.1653       0.7184      0.8298        0.2702        0.0000  11.0787
     26      0.9261        0.1750       0.7186      0.8298        0.2702        0.0000  11.1921
     27      0.9299        0.1719       0.7186      0.8298        0.2703        0.0000  11.1153
     28      0.9335        [32m0.1568[0m       0.7186      0.8298        0.2703        0.0000  11.2085
     29      0.9238        0.1647       0.7189      0.8302        0.2704        0.0000  11.0011
     30      0.9423        [32m0.1559[0m       0.7189      0.8302        0.2704        0.0000  11.2611
     31      0.9390        [32m0.1518[0m       0.7189      0.8302        0.2704        0.0000  11.2501
     32      [36m0.9452[0m        0.1651       0.7189      0.8301        0.2704        0.0000  11.0464
     33      0.9344        0.1614       0.7189      0.8301        0.2704        0.0000  11.1872
     34      0.9362        0.1674       0.7189      0.8301        0.2704        0.0000  11.1090
Stopping since valid_loss has not improved in the last 11 epochs.
Iteration 4: Test F1 Micro Score: 0.8583087735207435
Iteration 4: Test F1 Macro Score: 0.8441429898462758
Model checkpoint saved to C:\Users\localuserSKSG\Desktop\Shubham\RandomSampling/Multilabel/DinoS/seed_45_config2/model_checkpoint_iteration_3.pt

Iteration 5: Requesting 96 samples.
Re-initializing module.
Re-initializing criterion.
Re-initializing optimizer.
  epoch    train_f1    train_loss    valid_acc    valid_f1    valid_loss    cp      lr      dur
-------  ----------  ------------  -----------  ----------  ------------  ----  ------  -------
      1      [36m0.8658[0m        [32m0.2426[0m       [35m0.6717[0m      [31m0.7689[0m        [94m0.3000[0m     +  0.0001  11.3436
      2      [36m0.8940[0m        [32m0.1924[0m       0.6703      0.7680        0.3023        0.0001  11.3440
      3      [36m0.8993[0m        [32m0.1786[0m       [35m0.6908[0m      [31m0.7931[0m        [94m0.2779[0m     +  0.0001  11.2497
      4      [36m0.9028[0m        [32m0.1696[0m       [35m0.6929[0m      [31m0.7962[0m        0.2822        0.0001  11.3309
      5      [36m0.9028[0m        [32m0.1677[0m       [35m0.7024[0m      [31m0.8057[0m        [94m0.2752[0m     +  0.0001  11.3032
      6      [36m0.9085[0m        [32m0.1600[0m       [35m0.7194[0m      [31m0.8277[0m        [94m0.2528[0m     +  0.0000  11.2968
      7      [36m0.9209[0m        [32m0.1464[0m       0.7181      [31m0.8279[0m        0.2550        0.0000  11.2186
      8      [36m0.9211[0m        0.1498       0.7182      [31m0.8287[0m        [94m0.2526[0m     +  0.0000  11.3162
      9      [36m0.9301[0m        [32m0.1439[0m       0.7181      0.8278        [94m0.2522[0m     +  0.0000  11.2344
     10      0.9228        [32m0.1380[0m       0.7188      0.8280        [94m0.2502[0m     +  0.0000  11.3279
     11      0.9194        0.1386       [35m0.7200[0m      [31m0.8321[0m        [94m0.2492[0m     +  0.0000  10.9843
     12      0.9231        [32m0.1334[0m       0.7196      [31m0.8324[0m        0.2493        0.0000  11.2657
     13      0.9203        0.1340       [35m0.7212[0m      [31m0.8339[0m        [94m0.2490[0m     +  0.0000  11.2528
     14      [36m0.9325[0m        [32m0.1324[0m       0.7210      0.8324        0.2497        0.0000  11.3503
     15      0.9239        [32m0.1317[0m       0.7212      0.8326        0.2499        0.0000  11.3660
     16      [36m0.9392[0m        [32m0.1317[0m       [35m0.7226[0m      [31m0.8344[0m        0.2498        0.0000  11.3495
     17      0.9333        [32m0.1277[0m       0.7226      0.8343        0.2495        0.0000  11.1897
     18      0.9339        0.1310       0.7219      [31m0.8349[0m        0.2491        0.0000  11.4435
     19      0.9335        [32m0.1252[0m       0.7220      0.8348        0.2499        0.0000  11.2479
     20      0.9366        0.1312       0.7219      [31m0.8352[0m        0.2500        0.0000  11.3459
     21      [36m0.9425[0m        0.1267       0.7222      [31m0.8353[0m        0.2501        0.0000  11.2769
     22      0.9424        [32m0.1242[0m       0.7210      0.8350        0.2502        0.0000  11.2685
     23      0.9330        0.1289       0.7217      0.8351        0.2503        0.0000  11.3602
Stopping since valid_loss has not improved in the last 11 epochs.
Iteration 5: Test F1 Micro Score: 0.8658805629516927
Iteration 5: Test F1 Macro Score: 0.8494520979492934
Model checkpoint saved to C:\Users\localuserSKSG\Desktop\Shubham\RandomSampling/Multilabel/DinoS/seed_45_config2/model_checkpoint_iteration_4.pt

Iteration 6: Requesting 176 samples.
Re-initializing module.
Re-initializing criterion.
Re-initializing optimizer.
  epoch    train_f1    train_loss    valid_acc    valid_f1    valid_loss    cp      lr      dur
-------  ----------  ------------  -----------  ----------  ------------  ----  ------  -------
      1      [36m0.8596[0m        [32m0.2335[0m       [35m0.7493[0m      [31m0.8401[0m        [94m0.2326[0m     +  0.0001  11.5991
      2      [36m0.8826[0m        [32m0.1961[0m       0.7443      0.8345        [94m0.2308[0m     +  0.0001  11.6404
      3      [36m0.8884[0m        [32m0.1841[0m       0.7479      0.8382        [94m0.2266[0m     +  0.0001  11.6382
      4      0.8819        [32m0.1820[0m       [35m0.7516[0m      0.8401        0.2275        0.0001  11.7042
      5      [36m0.8898[0m        [32m0.1660[0m       [35m0.7556[0m      [31m0.8420[0m        0.2268        0.0001  11.7029
      6      [36m0.9027[0m        [32m0.1560[0m       0.7507      0.8416        [94m0.2264[0m     +  0.0000  11.7184
      7      0.8980        0.1568       0.7536      [31m0.8431[0m        [94m0.2246[0m     +  0.0000  11.5314
      8      [36m0.9061[0m        [32m0.1549[0m       0.7531      [31m0.8437[0m        [94m0.2229[0m     +  0.0000  11.7029
      9      [36m0.9081[0m        [32m0.1521[0m       [35m0.7569[0m      [31m0.8441[0m        0.2251        0.0000  11.7029
     10      [36m0.9175[0m        [32m0.1468[0m       0.7556      [31m0.8447[0m        0.2233        0.0000  11.6406
     11      0.9105        [32m0.1444[0m       0.7536      [31m0.8452[0m        0.2231        0.0000  11.6879
     12      0.9130        0.1477       0.7531      [31m0.8459[0m        [94m0.2225[0m     +  0.0000  11.5949
     13      [36m0.9218[0m        [32m0.1359[0m       0.7530      0.8459        0.2236        0.0000  11.6652
     14      [36m0.9263[0m        [32m0.1343[0m       0.7538      [31m0.8465[0m        0.2228        0.0000  11.7655
     15      0.9161        0.1351       0.7536      [31m0.8466[0m        0.2226        0.0000  11.6097
     16      [36m0.9270[0m        0.1387       0.7500      0.8459        0.2231        0.0000  11.6429
     17      [36m0.9334[0m        [32m0.1331[0m       0.7502      0.8461        0.2228        0.0000  11.6357
     18      0.9257        0.1360       0.7519      [31m0.8466[0m        [94m0.2218[0m     +  0.0000  11.6873
     19      0.9197        [32m0.1300[0m       0.7502      0.8462        0.2222        0.0000  11.6317
     20      0.9260        0.1330       0.7495      0.8460        0.2227        0.0000  11.5844
     21      0.9212        0.1317       0.7497      0.8459        0.2225        0.0000  11.6536
     22      0.9322        0.1353       0.7493      0.8459        0.2226        0.0000  11.6566
     23      0.9274        0.1349       0.7491      0.8460        0.2229        0.0000  11.6879
     24      0.9251        0.1310       0.7493      0.8460        0.2232        0.0000  11.7347
     25      0.9220        [32m0.1290[0m       0.7490      0.8459        0.2236        0.0000  11.6220
     26      0.9252        [32m0.1275[0m       0.7493      0.8460        0.2234        0.0000  11.7580
     27      0.9222        0.1336       0.7493      0.8461        0.2234        0.0000  11.6922
     28      0.9177        0.1368       0.7493      0.8460        0.2234        0.0000  11.7208
Stopping since valid_loss has not improved in the last 11 epochs.
Iteration 6: Test F1 Micro Score: 0.8841701801456496
Iteration 6: Test F1 Macro Score: 0.8677978265856088
Model checkpoint saved to C:\Users\localuserSKSG\Desktop\Shubham\RandomSampling/Multilabel/DinoS/seed_45_config2/model_checkpoint_iteration_5.pt

Iteration 7: Requesting 320 samples.
Re-initializing module.
Re-initializing criterion.
Re-initializing optimizer.
  epoch    train_f1    train_loss    valid_acc    valid_f1    valid_loss    cp      lr      dur
-------  ----------  ------------  -----------  ----------  ------------  ----  ------  -------
      1      [36m0.8777[0m        [32m0.1942[0m       [35m0.7510[0m      [31m0.8521[0m        [94m0.2294[0m     +  0.0001  12.2815
      2      [36m0.8909[0m        [32m0.1692[0m       [35m0.7559[0m      [31m0.8593[0m        [94m0.2236[0m     +  0.0001  12.4690
      3      [36m0.8954[0m        [32m0.1614[0m       0.7552      [31m0.8616[0m        [94m0.2210[0m     +  0.0001  12.2968
      4      [36m0.9080[0m        [32m0.1485[0m       [35m0.7597[0m      0.8591        [94m0.2205[0m     +  0.0001  12.3426
      5      0.9054        [32m0.1479[0m       0.7554      0.8607        0.2288        0.0001  12.0000
      6      [36m0.9197[0m        [32m0.1374[0m       [35m0.7606[0m      [31m0.8630[0m        [94m0.2203[0m     +  0.0000  12.2966
      7      [36m0.9219[0m        [32m0.1332[0m       [35m0.7682[0m      [31m0.8653[0m        [94m0.2130[0m     +  0.0000  12.3557
      8      0.9155        [32m0.1326[0m       0.7675      0.8640        [94m0.2123[0m     +  0.0000  12.2656
      9      [36m0.9221[0m        [32m0.1265[0m       0.7674      0.8646        0.2126        0.0000  12.2651
     10      0.9217        0.1288       0.7623      0.8651        0.2145        0.0000  12.3438
     11      [36m0.9284[0m        [32m0.1215[0m       0.7656      0.8642        [94m0.2110[0m     +  0.0000  12.3126
     12      [36m0.9294[0m        [32m0.1201[0m       0.7674      0.8643        [94m0.2099[0m     +  0.0000  12.1904
     13      0.9182        0.1208       [35m0.7684[0m      [31m0.8658[0m        0.2115        0.0000  12.3877
     14      [36m0.9337[0m        [32m0.1194[0m       0.7682      0.8653        [94m0.2092[0m     +  0.0000  12.2888
     15      0.9301        [32m0.1154[0m       [35m0.7686[0m      [31m0.8662[0m        0.2094        0.0000  12.2833
     16      0.9255        0.1171       0.7668      0.8653        0.2100        0.0000  12.3598
     17      0.9302        [32m0.1139[0m       0.7679      0.8645        0.2101        0.0000  12.3882
     18      0.9295        [32m0.1136[0m       0.7668      0.8654        0.2111        0.0000  12.3111
     19      0.9335        0.1149       0.7675      0.8648        0.2096        0.0000  12.3122
     20      0.9307        0.1158       0.7682      0.8658        0.2099        0.0000  12.3110
     21      0.9291        [32m0.1135[0m       0.7677      0.8657        0.2110        0.0000  12.4086
     22      [36m0.9358[0m        0.1149       0.7672      0.8651        0.2109        0.0000  12.2938
     23      [36m0.9380[0m        [32m0.1104[0m       [35m0.7691[0m      0.8657        0.2106        0.0000  12.3638
     24      0.9331        [32m0.1103[0m       0.7689      0.8656        0.2101        0.0000  12.2500
Stopping since valid_loss has not improved in the last 11 epochs.
Iteration 7: Test F1 Micro Score: 0.8894495412844038
Iteration 7: Test F1 Macro Score: 0.8730545613957762
Model checkpoint saved to C:\Users\localuserSKSG\Desktop\Shubham\RandomSampling/Multilabel/DinoS/seed_45_config2/model_checkpoint_iteration_6.pt

Iteration 8: Requesting 560 samples.
Re-initializing module.
Re-initializing criterion.
Re-initializing optimizer.
  epoch    train_f1    train_loss    valid_acc    valid_f1    valid_loss    cp      lr      dur
-------  ----------  ------------  -----------  ----------  ------------  ----  ------  -------
      1      [36m0.8794[0m        [32m0.1683[0m       [35m0.7658[0m      [31m0.8617[0m        [94m0.2190[0m     +  0.0001  13.3903
      2      [36m0.8906[0m        [32m0.1484[0m       0.7602      0.8601        0.2307        0.0001  13.4528
      3      [36m0.9062[0m        [32m0.1416[0m       0.7628      [31m0.8685[0m        0.2251        0.0001  13.4219
      4      [36m0.9134[0m        [32m0.1331[0m       0.7556      0.8637        0.2378        0.0001  13.4771
      5      [36m0.9145[0m        0.1341       0.7523      0.8630        0.2466        0.0001  13.4847
      6      [36m0.9221[0m        [32m0.1196[0m       0.7644      0.8640        [94m0.2113[0m     +  0.0000  13.3917
      7      [36m0.9222[0m        [32m0.1181[0m       0.7623      0.8668        0.2193        0.0000  13.3392
      8      [36m0.9266[0m        [32m0.1130[0m       0.7623      0.8666        0.2165        0.0000  13.4809
      9      [36m0.9288[0m        [32m0.1120[0m       0.7625      0.8675        0.2215        0.0000  13.2997
     10      [36m0.9327[0m        [32m0.1102[0m       0.7595      [31m0.8692[0m        0.2302        0.0000  13.2656
     11      [36m0.9334[0m        [32m0.1034[0m       0.7625      0.8637        0.2125        0.0000  13.4569
     12      0.9297        [32m0.1033[0m       0.7641      0.8629        [94m0.2106[0m     +  0.0000  13.4385
     13      [36m0.9376[0m        [32m0.1014[0m       [35m0.7681[0m      0.8629        [94m0.2088[0m     +  0.0000  13.4401
     14      [36m0.9407[0m        [32m0.0999[0m       0.7646      0.8627        0.2097        0.0000  13.5446
     15      0.9381        0.1013       0.7641      0.8645        0.2132        0.0000  13.4883
     16      0.9355        0.1019       [35m0.7694[0m      0.8621        [94m0.2086[0m     +  0.0000  13.6001
     17      0.9352        0.1018       [35m0.7710[0m      0.8625        [94m0.2082[0m     +  0.0000  13.4591
     18      0.9406        [32m0.0974[0m       0.7703      0.8646        0.2082        0.0000  13.3976
     19      0.9397        [32m0.0964[0m       0.7694      0.8623        0.2086        0.0000  13.5496
     20      0.9385        0.0969       0.7705      0.8638        0.2083        0.0000  13.4446
     21      0.9375        0.0973       0.7696      0.8631        0.2092        0.0000  13.6302
     22      0.9389        0.0978       0.7691      0.8620        0.2089        0.0000  13.3850
     23      0.9399        [32m0.0943[0m       0.7688      0.8633        0.2093        0.0000  13.3791
     24      0.9381        0.0978       0.7688      0.8618        0.2092        0.0000  13.5151
     25      0.9393        0.0967       0.7689      0.8633        0.2094        0.0000  13.4325
     26      0.9395        0.0955       0.7684      0.8634        0.2098        0.0000  13.4531
     27      0.9392        0.0962       0.7674      0.8630        0.2101        0.0000  13.4378
Stopping since valid_loss has not improved in the last 11 epochs.
Iteration 8: Test F1 Micro Score: 0.8990783410138249
Iteration 8: Test F1 Macro Score: 0.8842364155556116
Model checkpoint saved to C:\Users\localuserSKSG\Desktop\Shubham\RandomSampling/Multilabel/DinoS/seed_45_config2/model_checkpoint_iteration_7.pt

Iteration 9: Requesting 1000 samples.
Re-initializing module.
Re-initializing criterion.
Re-initializing optimizer.
  epoch    train_f1    train_loss    valid_acc    valid_f1    valid_loss    cp      lr      dur
-------  ----------  ------------  -----------  ----------  ------------  ----  ------  -------
      1      [36m0.9054[0m        [32m0.1465[0m       [35m0.7583[0m      [31m0.8648[0m        [94m0.2059[0m     +  0.0001  15.5886
      2      [36m0.9235[0m        [32m0.1245[0m       0.7528      0.8598        0.2180        0.0001  15.4810
      3      0.9225        [32m0.1223[0m       0.7550      0.8623        0.2192        0.0001  15.4727
      4      [36m0.9254[0m        [32m0.1163[0m       [35m0.7585[0m      0.8582        0.2173        0.0001  15.4731
      5      [36m0.9292[0m        [32m0.1134[0m       [35m0.7620[0m      0.8611        0.2207        0.0001  15.5698
      6      [36m0.9386[0m        [32m0.0981[0m       [35m0.7644[0m      [31m0.8656[0m        0.2272        0.0000  15.4595
      7      [36m0.9418[0m        [32m0.0952[0m       [35m0.7667[0m      0.8643        0.2255        0.0000  15.4408
      8      [36m0.9448[0m        [32m0.0915[0m       0.7634      0.8609        0.2280        0.0000  15.4742
      9      [36m0.9482[0m        [32m0.0885[0m       0.7627      0.8621        0.2356        0.0000  15.3127
     10      0.9459        0.0898       0.7653      0.8638        0.2433        0.0000  15.5606
     11      [36m0.9523[0m        [32m0.0834[0m       [35m0.7715[0m      [31m0.8660[0m        0.2310        0.0000  15.4699
Stopping since valid_loss has not improved in the last 11 epochs.
Iteration 9: Test F1 Micro Score: 0.8946500824216994
Iteration 9: Test F1 Macro Score: 0.8811397379635558
Model checkpoint saved to C:\Users\localuserSKSG\Desktop\Shubham\RandomSampling/Multilabel/DinoS/seed_45_config2/model_checkpoint_iteration_8.pt

Iteration 10: Requesting 1776 samples.
Re-initializing module.
Re-initializing criterion.
Re-initializing optimizer.
  epoch    train_f1    train_loss    valid_acc    valid_f1    valid_loss    cp      lr      dur
-------  ----------  ------------  -----------  ----------  ------------  ----  ------  -------
      1      [36m0.9067[0m        [32m0.1449[0m       [35m0.7753[0m      [31m0.8563[0m        [94m0.2032[0m     +  0.0001  19.1622
      2      [36m0.9190[0m        [32m0.1306[0m       [35m0.7849[0m      [31m0.8622[0m        0.2040        0.0001  19.1873
      3      [36m0.9216[0m        [32m0.1229[0m       0.7762      [31m0.8686[0m        0.2050        0.0001  19.1995
      4      [36m0.9279[0m        [32m0.1179[0m       0.7694      0.8599        0.2134        0.0001  19.3192
      5      0.9269        [32m0.1135[0m       0.7710      0.8585        0.2106        0.0001  19.2292
      6      [36m0.9407[0m        [32m0.0972[0m       0.7681      0.8556        0.2140        0.0000  19.2107
      7      [36m0.9449[0m        [32m0.0951[0m       0.7681      0.8576        0.2189        0.0000  19.2543
      8      [36m0.9452[0m        [32m0.0903[0m       0.7637      0.8457        0.2233        0.0000  19.1925
      9      [36m0.9480[0m        [32m0.0899[0m       0.7660      0.8522        0.2250        0.0000  19.0329
     10      0.9477        [32m0.0875[0m       0.7632      0.8526        0.2277        0.0000  19.1906
     11      [36m0.9554[0m        [32m0.0819[0m       0.7686      0.8528        0.2275        0.0000  19.1529
Stopping since valid_loss has not improved in the last 11 epochs.
Iteration 10: Test F1 Micro Score: 0.8942434337956147
Iteration 10: Test F1 Macro Score: 0.8785417033678727
Model checkpoint saved to C:\Users\localuserSKSG\Desktop\Shubham\RandomSampling/Multilabel/DinoS/seed_45_config2/model_checkpoint_iteration_9.pt

Iteration 11: Requesting 3160 samples.
Re-initializing module.
Re-initializing criterion.
Re-initializing optimizer.
  epoch    train_f1    train_loss    valid_acc    valid_f1    valid_loss    cp      lr      dur
-------  ----------  ------------  -----------  ----------  ------------  ----  ------  -------
      1      [36m0.9165[0m        [32m0.1383[0m       [35m0.7446[0m      [31m0.7825[0m        [94m0.2824[0m     +  0.0001  25.5439
      2      [36m0.9236[0m        [32m0.1248[0m       [35m0.7637[0m      [31m0.8111[0m        [94m0.2412[0m     +  0.0001  25.3889
      3      [36m0.9311[0m        [32m0.1146[0m       0.7556      0.7987        0.2535        0.0001  25.5657
      4      [36m0.9333[0m        [32m0.1100[0m       [35m0.7656[0m      [31m0.8166[0m        0.2427        0.0001  25.5519
      5      [36m0.9363[0m        [32m0.1059[0m       0.7535      0.8004        0.2611        0.0001  25.6494
      6      [36m0.9463[0m        [32m0.0904[0m       [35m0.7757[0m      [31m0.8451[0m        [94m0.2269[0m     +  0.0000  25.6948
      7      [36m0.9504[0m        [32m0.0880[0m       0.7757      0.8426        0.2277        0.0000  25.6746
      8      [36m0.9506[0m        [32m0.0856[0m       [35m0.7759[0m      0.8366        0.2333        0.0000  25.7623
      9      [36m0.9528[0m        [32m0.0826[0m       0.7731      0.8418        [94m0.2255[0m     +  0.0000  25.8448
     10      [36m0.9544[0m        [32m0.0800[0m       0.7722      0.8392        0.2292        0.0000  25.8099
     11      [36m0.9557[0m        [32m0.0767[0m       [35m0.7788[0m      [31m0.8600[0m        [94m0.2188[0m     +  0.0000  25.7678
     12      [36m0.9583[0m        [32m0.0752[0m       0.7762      0.8592        0.2202        0.0000  25.8442
     13      0.9579        [32m0.0740[0m       0.7764      0.8552        0.2226        0.0000  25.8499
     14      [36m0.9588[0m        [32m0.0718[0m       0.7741      0.8539        0.2229        0.0000  25.9056
     15      [36m0.9599[0m        [32m0.0715[0m       0.7748      0.8579        0.2250        0.0000  25.8111
     16      [36m0.9600[0m        [32m0.0705[0m       0.7726      0.8597        0.2279        0.0000  25.5485
     17      0.9584        0.0710       0.7719      0.8596        0.2278        0.0000  25.3552
     18      0.9597        [32m0.0703[0m       0.7720      0.8600        0.2280        0.0000  25.5773
     19      [36m0.9606[0m        [32m0.0697[0m       0.7734      [31m0.8606[0m        0.2295        0.0000  25.4953
     20      [36m0.9620[0m        [32m0.0692[0m       0.7729      0.8604        0.2295        0.0000  25.6843
     21      0.9609        [32m0.0688[0m       0.7693      0.8596        0.2326        0.0000  25.4256
Stopping since valid_loss has not improved in the last 11 epochs.
Iteration 11: Test F1 Micro Score: 0.8963884859128044
Iteration 11: Test F1 Macro Score: 0.882413690754854
Model checkpoint saved to C:\Users\localuserSKSG\Desktop\Shubham\RandomSampling/Multilabel/DinoS/seed_45_config2/model_checkpoint_iteration_10.pt

Iteration 12: Requesting 5624 samples.
Re-initializing module.
Re-initializing criterion.
Re-initializing optimizer.
  epoch    train_f1    train_loss    valid_acc    valid_f1    valid_loss    cp      lr      dur
-------  ----------  ------------  -----------  ----------  ------------  ----  ------  -------
      1      [36m0.9412[0m        [32m0.1001[0m       [35m0.7759[0m      [31m0.8660[0m        [94m0.2179[0m     +  0.0001  37.3279
      2      [36m0.9451[0m        [32m0.0933[0m       [35m0.7819[0m      [31m0.8669[0m        [94m0.2038[0m     +  0.0001  37.4373
      3      [36m0.9458[0m        [32m0.0912[0m       0.7759      [31m0.8697[0m        0.2211        0.0001  37.3282
      4      [36m0.9474[0m        [32m0.0862[0m       0.7806      0.8692        0.2196        0.0001  37.2570
      5      [36m0.9520[0m        [32m0.0839[0m       0.7778      0.8689        0.2123        0.0001  37.3126
      6      [36m0.9589[0m        [32m0.0709[0m       0.7733      0.8633        0.2224        0.0000  37.3750
      7      [36m0.9601[0m        [32m0.0697[0m       0.7689      0.8595        0.2258        0.0000  37.2809
      8      [36m0.9616[0m        [32m0.0675[0m       0.7672      0.8577        0.2240        0.0000  37.4066
      9      [36m0.9617[0m        [32m0.0664[0m       0.7615      0.8536        0.2411        0.0000  37.2346
     10      [36m0.9618[0m        [32m0.0652[0m       0.7656      0.8583        0.2321        0.0000  37.3440
     11      [36m0.9638[0m        [32m0.0614[0m       0.7661      0.8631        0.2362        0.0000  36.9867
     12      [36m0.9658[0m        [32m0.0595[0m       0.7655      0.8656        0.2499        0.0000  36.8591
Stopping since valid_loss has not improved in the last 11 epochs.
Iteration 12: Test F1 Micro Score: 0.898900591988929
Iteration 12: Test F1 Macro Score: 0.8855015201552051
Model checkpoint saved to C:\Users\localuserSKSG\Desktop\Shubham\RandomSampling/Multilabel/DinoS/seed_45_config2/model_checkpoint_iteration_11.pt

Iteration 13: Requesting 10000 samples.
Re-initializing module.
Re-initializing criterion.
Re-initializing optimizer.
  epoch    train_f1    train_loss    valid_acc    valid_f1    valid_loss    cp      lr      dur
-------  ----------  ------------  -----------  ----------  ------------  ----  ------  -------
      1      [36m0.9454[0m        [32m0.0932[0m       [35m0.7635[0m      [31m0.8698[0m        [94m0.2364[0m     +  0.0001  58.5735
      2      [36m0.9482[0m        [32m0.0872[0m       0.7582      0.8675        0.2381        0.0001  58.1119
      3      [36m0.9514[0m        [32m0.0829[0m       [35m0.7755[0m      [31m0.8724[0m        [94m0.1993[0m     +  0.0001  58.3438
      4      [36m0.9540[0m        [32m0.0798[0m       0.7653      0.8687        0.2274        0.0001  58.1858
      5      [36m0.9555[0m        [32m0.0771[0m       0.7604      0.8683        0.2240        0.0001  58.3583
      6      [36m0.9626[0m        [32m0.0645[0m       0.7589      0.8686        0.2502        0.0000  58.3299
      7      [36m0.9640[0m        [32m0.0625[0m       0.7562      0.8678        0.2535        0.0000  58.2621
      8      [36m0.9644[0m        [32m0.0607[0m       0.7523      0.8653        0.2570        0.0000  58.5091
      9      0.9638        [32m0.0605[0m       0.7536      0.8655        0.2550        0.0000  58.2558
     10      [36m0.9647[0m        [32m0.0602[0m       0.7549      0.8670        0.2607        0.0000  58.1560
     11      [36m0.9679[0m        [32m0.0550[0m       0.7533      0.8630        0.2580        0.0000  58.0998
     12      [36m0.9685[0m        [32m0.0545[0m       0.7502      0.8628        0.2661        0.0000  58.1692
     13      0.9680        0.0546       0.7514      0.8653        0.2677        0.0000  58.2635
Stopping since valid_loss has not improved in the last 11 epochs.
Iteration 13: Test F1 Micro Score: 0.8980084490042246
Iteration 13: Test F1 Macro Score: 0.8845071038231581
Model checkpoint saved to C:\Users\localuserSKSG\Desktop\Shubham\RandomSampling/Multilabel/DinoS/seed_45_config2/model_checkpoint_iteration_12.pt

Iteration 14: Requesting all remaining samples.
Re-initializing module.
Re-initializing criterion.
Re-initializing optimizer.
  epoch    train_f1    train_loss    valid_acc    valid_f1    valid_loss    cp      lr      dur
-------  ----------  ------------  -----------  ----------  ------------  ----  ------  -------
      1      [36m0.9524[0m        [32m0.0808[0m       [35m0.7476[0m      [31m0.8633[0m        [94m0.3100[0m     +  0.0001  66.5918
      2      [36m0.9547[0m        [32m0.0771[0m       [35m0.7495[0m      [31m0.8639[0m        0.3159        0.0001  66.5330
      3      [36m0.9570[0m        [32m0.0744[0m       [35m0.7503[0m      [31m0.8681[0m        [94m0.3037[0m     +  0.0001  66.8184
      4      [36m0.9591[0m        [32m0.0715[0m       [35m0.7540[0m      [31m0.8695[0m        0.3337        0.0001  66.6048
      5      0.9588        [32m0.0703[0m       [35m0.7568[0m      [31m0.8702[0m        [94m0.2921[0m     +  0.0001  66.6280
      6      [36m0.9658[0m        [32m0.0592[0m       0.7479      0.8651        0.3013        0.0000  66.4219
      7      [36m0.9663[0m        [32m0.0577[0m       0.7389      0.8593        0.3123        0.0000  66.4704
      8      [36m0.9670[0m        [32m0.0565[0m       0.7405      0.8569        0.3103        0.0000  66.5458
      9      [36m0.9672[0m        [32m0.0547[0m       0.7413      0.8583        0.3272        0.0000  66.5937
     10      [36m0.9682[0m        0.0550       0.7460      0.8616        0.3083        0.0000  66.5320
     11      [36m0.9705[0m        [32m0.0510[0m       0.7462      0.8605        0.2982        0.0000  66.5361
     12      0.9700        [32m0.0502[0m       0.7434      0.8573        0.2924        0.0000  66.6545
     13      [36m0.9710[0m        [32m0.0495[0m       0.7484      0.8612        0.3016        0.0000  65.7642
     14      0.9707        [32m0.0494[0m       0.7493      0.8611        [94m0.2915[0m     +  0.0000  62.2216
     15      0.9704        0.0498       0.7488      0.8591        [94m0.2842[0m     +  0.0000  62.0598
     16      [36m0.9720[0m        [32m0.0483[0m       0.7491      0.8600        [94m0.2776[0m     +  0.0000  61.5792
     17      0.9719        0.0484       0.7505      0.8615        0.2863        0.0000  62.0131
     18      0.9715        [32m0.0474[0m       0.7491      0.8583        [94m0.2731[0m     +  0.0000  61.7247
     19      [36m0.9726[0m        [32m0.0470[0m       0.7550      0.8636        0.2782        0.0000  62.7540
     20      0.9723        [32m0.0467[0m       0.7502      0.8593        0.2832        0.0000  62.9197
     21      0.9721        [32m0.0464[0m       0.7535      0.8614        0.2769        0.0000  62.9564
     22      0.9721        0.0470       0.7503      0.8587        [94m0.2727[0m     +  0.0000  63.0830
     23      [36m0.9728[0m        [32m0.0463[0m       0.7503      0.8586        0.2759        0.0000  62.7005
     24      0.9722        [32m0.0463[0m       0.7528      0.8605        0.2750        0.0000  62.7177
     25      0.9727        [32m0.0462[0m       0.7530      0.8607        0.2750        0.0000  62.9866
     26      0.9727        0.0462       0.7533      0.8602        [94m0.2719[0m     +  0.0000  65.2472
     27      0.9725        0.0463       0.7535      0.8610        [94m0.2714[0m     +  0.0000  65.2642
     28      0.9726        [32m0.0457[0m       0.7536      0.8607        [94m0.2705[0m     +  0.0000  65.3802
     29      0.9726        0.0461       0.7519      0.8603        0.2740        0.0000  65.3620
     30      0.9727        0.0461       0.7536      0.8612        0.2712        0.0000  65.5155
     31      0.9727        [32m0.0457[0m       0.7545      0.8617        0.2706        0.0000  64.9998
     32      [36m0.9731[0m        0.0457       0.7535      0.8605        [94m0.2700[0m     +  0.0000  65.2048
     33      [36m0.9731[0m        [32m0.0453[0m       0.7547      0.8613        [94m0.2696[0m     +  0.0000  65.2658
     34      0.9727        0.0455       0.7538      0.8610        0.2701        0.0000  65.2007
     35      0.9726        0.0453       0.7549      0.8615        0.2708        0.0000  65.5113
     36      0.9730        0.0458       0.7549      0.8613        [94m0.2689[0m     +  0.0000  65.2789
     37      [36m0.9732[0m        0.0457       0.7554      0.8614        [94m0.2687[0m     +  0.0000  65.2933
     38      0.9724        0.0455       0.7552      0.8610        [94m0.2678[0m     +  0.0000  65.3584
     39      0.9726        0.0461       0.7550      0.8611        0.2681        0.0000  65.3207
     40      0.9725        0.0459       0.7543      0.8606        [94m0.2674[0m     +  0.0000  65.4033
     41      0.9726        0.0458       0.7545      0.8607        0.2678        0.0000  65.6210
     42      0.9727        [32m0.0449[0m       0.7549      0.8609        0.2676        0.0000  65.4047
     43      0.9725        0.0458       0.7547      0.8608        0.2678        0.0000  65.4637
     44      0.9723        0.0459       0.7549      0.8609        0.2678        0.0000  65.1612
     45      0.9726        0.0459       0.7549      0.8607        0.2678        0.0000  65.6458
     46      0.9724        0.0457       0.7549      0.8607        0.2678        0.0000  65.2525
     47      0.9719        0.0460       0.7550      0.8607        0.2677        0.0000  65.2516
     48      0.9723        0.0459       0.7552      0.8610        0.2678        0.0000  65.3631
     49      0.9730        0.0453       0.7550      0.8609        0.2679        0.0000  65.3700
     50      0.9731        0.0454       0.7549      0.8607        0.2676        0.0000  65.0513
Stopping since valid_loss has not improved in the last 11 epochs.
Iteration 14: Test F1 Micro Score: 0.8972472889967391
Iteration 14: Test F1 Macro Score: 0.8837265581227888
Model checkpoint saved to C:\Users\localuserSKSG\Desktop\Shubham\RandomSampling/Multilabel/DinoS/seed_45_config2/model_checkpoint_iteration_13.pt
Pickle file saved to C:\Users\localuserSKSG\Desktop\Shubham\RandomSampling/Multilabel/DinoS/seed_45_config2\random_sampling_results_for_multiClass_classification.pickle
