Adjusted shapes after loading:
X_initial_np: (8, 224, 224, 3), y_initial_np: (8, 3)
X_pool_np: (26872, 224, 224, 3), y_pool_np: (26872, 3)
X_test_np: (5760, 224, 224, 3), y_test_np: (5760, 3)
X_val_np: (5760, 224, 224, 3), y_val_np: (5760, 3)

Iteration 1: Using initial samples.
  epoch    train_f1    train_loss    valid_acc    valid_f1    valid_loss    cp      lr      dur
-------  ----------  ------------  -----------  ----------  ------------  ----  ------  -------
      1      [36m0.6963[0m        [32m0.6694[0m       [35m0.0210[0m      [31m0.2447[0m        [94m0.7251[0m     +  0.0000  12.7225
      2      0.6035        [32m0.6429[0m       [35m0.1413[0m      [31m0.4842[0m        [94m0.7204[0m     +  0.0000  10.6603
      3      [36m0.7090[0m        0.6429       [35m0.2264[0m      0.4404        [94m0.6974[0m     +  0.0000  11.2038
      4      [36m0.8320[0m        [32m0.6066[0m       0.1587      0.4439        0.7094        0.0000  10.7700
      5      0.7389        [32m0.5923[0m       [35m0.2753[0m      0.4530        0.6996        0.0000  11.0157
      6      0.8320        [32m0.5545[0m       0.2490      0.4541        0.7084        0.0000  10.7680
      7      [36m0.8889[0m        [32m0.5539[0m       0.2568      0.4521        0.7083        0.0000  10.8259
      8      0.8333        [32m0.5391[0m       0.2441      0.4534        0.7119        0.0000  10.9542
      9      0.8333        [32m0.5271[0m       0.2625      0.4558        0.7121        0.0000  11.0003
     10      0.8333        [32m0.5047[0m       0.2462      0.4523        0.7132        0.0000  11.0937
     11      0.8333        0.5390       0.2391      0.4512        0.7137        0.0000  11.0338
     12      0.8796        0.5228       0.2403      0.4510        0.7143        0.0000  11.1056
     13      0.8796        0.5083       0.2385      0.4500        0.7141        0.0000  11.1863
Stopping since valid_loss has not improved in the last 11 epochs.
Iteration 1: Test F1 Micro Score: 0.4609229495757743
Iteration 1: Test F1 Macro Score: 0.4592394961696617
Model checkpoint saved to C:\Users\localuserSKSG\Desktop\Shubham\RandomSampling/Multilabel/DinoS/seed_42_config2_lowLR/model_checkpoint_iteration_0.pt

Iteration 2: Requesting 16 samples.
Re-initializing module.
Re-initializing criterion.
Re-initializing optimizer.
  epoch    train_f1    train_loss    valid_acc    valid_f1    valid_loss    cp      lr      dur
-------  ----------  ------------  -----------  ----------  ------------  ----  ------  -------
      1      [36m0.6566[0m        [32m0.6550[0m       [35m0.3160[0m      [31m0.3555[0m        [94m0.6531[0m     +  0.0000  11.0610
      2      [36m0.6855[0m        [32m0.6120[0m       [35m0.3566[0m      [31m0.3601[0m        [94m0.6319[0m     +  0.0000  11.0735
      3      [36m0.7162[0m        [32m0.5747[0m       [35m0.3984[0m      [31m0.4002[0m        [94m0.6208[0m     +  0.0000  11.1877
      4      [36m0.7462[0m        [32m0.5386[0m       [35m0.4017[0m      [31m0.4767[0m        [94m0.6159[0m     +  0.0000  10.9913
      5      [36m0.8190[0m        [32m0.5188[0m       [35m0.4035[0m      0.4502        [94m0.6017[0m     +  0.0000  11.0807
      6      0.7873        [32m0.4983[0m       [35m0.4102[0m      [31m0.5068[0m        0.6043        0.0000  11.0048
      7      0.8164        [32m0.4789[0m       0.4069      [31m0.5198[0m        [94m0.5984[0m     +  0.0000  11.0031
      8      0.8190        [32m0.4669[0m       [35m0.4189[0m      [31m0.5298[0m        [94m0.5953[0m     +  0.0000  11.1766
      9      [36m0.8790[0m        [32m0.4624[0m       0.4160      [31m0.5421[0m        [94m0.5930[0m     +  0.0000  10.9995
     10      0.8508        [32m0.4561[0m       [35m0.4224[0m      0.5356        [94m0.5902[0m     +  0.0000  11.1912
     11      0.8601        [32m0.4493[0m       [35m0.4238[0m      [31m0.5500[0m        [94m0.5900[0m     +  0.0000  10.9713
     12      0.8517        0.4541       [35m0.4248[0m      [31m0.5553[0m        [94m0.5896[0m     +  0.0000  10.8920
     13      0.8690        0.4563       0.4240      [31m0.5607[0m        [94m0.5881[0m     +  0.0000  11.2050
     14      [36m0.8952[0m        [32m0.4433[0m       [35m0.4297[0m      [31m0.5654[0m        0.5882        0.0000  10.9558
     15      0.8851        0.4448       [35m0.4330[0m      [31m0.5665[0m        [94m0.5871[0m     +  0.0000  11.1471
     16      0.8524        0.4497       [35m0.4345[0m      [31m0.5690[0m        [94m0.5867[0m     +  0.0000  11.0920
     17      [36m0.9073[0m        [32m0.4207[0m       [35m0.4351[0m      [31m0.5699[0m        [94m0.5864[0m     +  0.0000  10.9588
     18      [36m0.9297[0m        0.4307       [35m0.4365[0m      [31m0.5728[0m        [94m0.5863[0m     +  0.0000  11.0760
     19      0.8661        0.4532       [35m0.4366[0m      0.5710        [94m0.5861[0m     +  0.0000  10.9362
     20      0.8791        0.4350       0.4365      [31m0.5744[0m        [94m0.5857[0m     +  0.0000  11.0301
     21      0.8804        0.4301       [35m0.4370[0m      0.5741        [94m0.5856[0m     +  0.0000  11.0619
     22      0.8995        0.4354       [35m0.4373[0m      [31m0.5747[0m        [94m0.5856[0m     +  0.0000  10.8298
     23      0.8790        0.4300       [35m0.4375[0m      [31m0.5751[0m        [94m0.5855[0m     +  0.0000  11.1253
     24      0.9109        0.4382       0.4375      [31m0.5757[0m        [94m0.5854[0m     +  0.0000  10.9501
     25      0.8719        0.4322       [35m0.4382[0m      [31m0.5761[0m        [94m0.5853[0m     +  0.0000  10.9664
     26      0.8678        0.4253       [35m0.4385[0m      0.5761        [94m0.5852[0m     +  0.0000  10.9178
     27      0.8863        [32m0.4188[0m       [35m0.4387[0m      [31m0.5762[0m        [94m0.5852[0m     +  0.0000  11.0764
     28      0.8964        0.4239       0.4384      [31m0.5763[0m        [94m0.5852[0m     +  0.0000  10.9882
     29      0.8678        0.4429       0.4385      [31m0.5766[0m        [94m0.5851[0m     +  0.0000  10.9164
     30      0.8790        0.4401       0.4385      0.5766        [94m0.5851[0m     +  0.0000  10.9235
     31      0.8964        0.4441       0.4384      0.5766        [94m0.5851[0m     +  0.0000  11.0311
     32      0.9127        0.4329       0.4387      [31m0.5766[0m        [94m0.5851[0m     +  0.0000  10.9355
     33      0.8933        [32m0.4161[0m       0.4385      0.5765        [94m0.5851[0m     +  0.0000  10.9843
     34      0.9138        0.4380       0.4385      0.5765        0.5851        0.0000  11.0259
     35      0.8661        0.4373       [35m0.4389[0m      0.5766        [94m0.5850[0m     +  0.0000  11.0153
     36      0.9191        0.4298       0.4389      [31m0.5767[0m        [94m0.5850[0m     +  0.0000  10.9533
     37      0.8964        0.4239       0.4389      0.5767        [94m0.5850[0m     +  0.0000  10.9875
     38      0.8678        0.4574       0.4389      0.5766        [94m0.5850[0m     +  0.0000  10.9567
     39      0.8635        0.4323       0.4389      0.5767        [94m0.5850[0m     +  0.0000  10.9705
     40      0.9124        0.4345       [35m0.4392[0m      [31m0.5767[0m        [94m0.5850[0m     +  0.0000  10.9218
     41      0.8933        0.4341       0.4392      0.5767        [94m0.5850[0m     +  0.0000  10.9658
     42      0.8913        0.4269       0.4392      0.5767        [94m0.5850[0m     +  0.0000  11.1714
     43      0.8952        0.4227       0.4392      0.5767        [94m0.5850[0m     +  0.0000  11.1965
     44      0.8913        0.4231       [35m0.4394[0m      [31m0.5768[0m        [94m0.5850[0m     +  0.0000  11.0159
     45      0.9255        0.4263       0.4394      0.5768        [94m0.5850[0m     +  0.0000  10.9874
Stopping since valid_loss has not improved in the last 11 epochs.
Iteration 2: Test F1 Micro Score: 0.5558268229166666
Iteration 2: Test F1 Macro Score: 0.5634788820975936
Model checkpoint saved to C:\Users\localuserSKSG\Desktop\Shubham\RandomSampling/Multilabel/DinoS/seed_42_config2_lowLR/model_checkpoint_iteration_1.pt

Iteration 3: Requesting 32 samples.
Re-initializing module.
Re-initializing criterion.
Re-initializing optimizer.
  epoch    train_f1    train_loss    valid_acc    valid_f1    valid_loss    cp      lr      dur
-------  ----------  ------------  -----------  ----------  ------------  ----  ------  -------
      1      [36m0.6911[0m        [32m0.5558[0m       [35m0.5505[0m      [31m0.6780[0m        [94m0.5125[0m     +  0.0000  11.3275
      2      [36m0.8608[0m        [32m0.4585[0m       [35m0.6550[0m      [31m0.8039[0m        [94m0.4727[0m     +  0.0000  11.2500
      3      [36m0.8939[0m        [32m0.4197[0m       [35m0.6741[0m      [31m0.8168[0m        [94m0.4560[0m     +  0.0000  11.1380
      4      0.8887        [32m0.4071[0m       [35m0.6913[0m      [31m0.8225[0m        [94m0.4339[0m     +  0.0000  11.1563
      5      [36m0.9090[0m        [32m0.3797[0m       [35m0.6924[0m      [31m0.8231[0m        [94m0.4249[0m     +  0.0000  10.5311
      6      0.8921        [32m0.3624[0m       [35m0.6944[0m      0.8192        [94m0.4191[0m     +  0.0000  11.0945
      7      [36m0.9150[0m        0.3658       [35m0.6981[0m      [31m0.8235[0m        [94m0.4148[0m     +  0.0000  11.0802
      8      0.9016        [32m0.3575[0m       0.6981      0.8231        [94m0.4130[0m     +  0.0000  11.0780
      9      0.9111        [32m0.3457[0m       [35m0.6997[0m      0.8223        [94m0.4106[0m     +  0.0000  11.1379
     10      0.8923        0.3628       [35m0.7002[0m      [31m0.8244[0m        [94m0.4089[0m     +  0.0000  11.1581
     11      0.8988        [32m0.3406[0m       [35m0.7010[0m      [31m0.8254[0m        [94m0.4078[0m     +  0.0000  11.0488
     12      0.8996        [32m0.3379[0m       [35m0.7016[0m      0.8247        [94m0.4066[0m     +  0.0000  11.0206
     13      0.8996        0.3474       [35m0.7019[0m      0.8246        [94m0.4058[0m     +  0.0000  11.1444
     14      [36m0.9200[0m        0.3409       [35m0.7028[0m      [31m0.8256[0m        [94m0.4053[0m     +  0.0000  10.9507
     15      [36m0.9304[0m        0.3419       [35m0.7042[0m      0.8252        [94m0.4045[0m     +  0.0000  10.9532
     16      0.9244        0.3461       0.7036      0.8253        [94m0.4040[0m     +  0.0000  11.0686
     17      0.8897        0.3435       0.7040      [31m0.8262[0m        [94m0.4037[0m     +  0.0000  11.1432
     18      0.9081        0.3427       [35m0.7049[0m      [31m0.8270[0m        [94m0.4035[0m     +  0.0000  11.1564
     19      0.8900        0.3460       0.7045      0.8269        [94m0.4033[0m     +  0.0000  11.1577
     20      [36m0.9394[0m        0.3397       [35m0.7052[0m      [31m0.8272[0m        [94m0.4029[0m     +  0.0000  11.0713
     21      [36m0.9411[0m        [32m0.3299[0m       0.7050      0.8272        [94m0.4028[0m     +  0.0000  11.2036
     22      0.9149        0.3412       0.7050      [31m0.8277[0m        [94m0.4028[0m     +  0.0000  11.1098
     23      0.9177        0.3343       [35m0.7057[0m      [31m0.8281[0m        [94m0.4027[0m     +  0.0000  10.8317
     24      0.9120        0.3368       0.7050      0.8277        [94m0.4026[0m     +  0.0000  11.2017
     25      0.9102        0.3575       0.7056      0.8279        [94m0.4024[0m     +  0.0000  11.4259
     26      0.8964        0.3379       0.7056      0.8279        [94m0.4023[0m     +  0.0000  11.2827
     27      0.9374        0.3336       [35m0.7061[0m      [31m0.8282[0m        0.4023        0.0000  11.0928
     28      0.9036        0.3373       0.7061      [31m0.8283[0m        [94m0.4023[0m     +  0.0000  11.0043
     29      0.9163        0.3429       [35m0.7063[0m      0.8282        [94m0.4023[0m     +  0.0000  10.9652
     30      0.9075        0.3376       0.7063      [31m0.8283[0m        [94m0.4023[0m     +  0.0000  11.1390
     31      0.9160        [32m0.3289[0m       0.7063      [31m0.8284[0m        [94m0.4022[0m     +  0.0000  11.0635
     32      0.9081        0.3470       [35m0.7064[0m      [31m0.8285[0m        [94m0.4022[0m     +  0.0000  11.0451
     33      0.8985        0.3503       0.7064      [31m0.8285[0m        [94m0.4022[0m     +  0.0000  11.0386
     34      0.9221        0.3481       0.7061      0.8285        [94m0.4022[0m     +  0.0000  10.9975
     35      0.9300        0.3393       0.7061      0.8285        [94m0.4022[0m     +  0.0000  11.1874
     36      0.9089        0.3384       0.7061      0.8285        [94m0.4022[0m     +  0.0000  11.1278
     37      0.9177        0.3387       0.7064      [31m0.8286[0m        [94m0.4021[0m     +  0.0000  10.9210
     38      0.9277        [32m0.3195[0m       0.7064      0.8285        [94m0.4021[0m     +  0.0000  10.9315
     39      0.9096        0.3358       0.7064      0.8285        [94m0.4021[0m     +  0.0000  11.0046
     40      0.9240        0.3390       0.7064      0.8285        [94m0.4021[0m     +  0.0000  11.1092
     41      0.9197        0.3387       0.7064      0.8285        [94m0.4021[0m     +  0.0000  11.1146
     42      0.9330        0.3445       0.7064      0.8285        [94m0.4021[0m     +  0.0000  11.2039
     43      0.9225        0.3362       0.7064      0.8285        [94m0.4021[0m     +  0.0000  11.1407
     44      0.9191        0.3316       0.7064      0.8285        [94m0.4021[0m     +  0.0000  11.3074
     45      0.9200        0.3308       0.7064      0.8285        [94m0.4021[0m     +  0.0000  11.0689
     46      0.9096        0.3487       0.7064      0.8285        [94m0.4021[0m     +  0.0000  11.1764
     47      0.9209        0.3323       0.7063      0.8285        [94m0.4021[0m     +  0.0000  10.9524
     48      0.9289        0.3384       0.7063      0.8285        [94m0.4021[0m     +  0.0000  11.4414
     49      0.9274        0.3294       0.7061      0.8283        [94m0.4021[0m     +  0.0000  11.0783
     50      0.8989        0.3338       0.7061      0.8283        [94m0.4021[0m     +  0.0000  11.0595
     51      0.9029        0.3373       0.7061      0.8283        [94m0.4021[0m     +  0.0000  11.0005
     52      0.9237        0.3336       0.7061      0.8283        [94m0.4021[0m     +  0.0000  11.0467
     53      0.9237        0.3269       0.7061      0.8283        [94m0.4021[0m     +  0.0000  10.9322
Stopping since valid_loss has not improved in the last 11 epochs.
Iteration 3: Test F1 Micro Score: 0.8404760052889477
Iteration 3: Test F1 Macro Score: 0.8278757660136691
Model checkpoint saved to C:\Users\localuserSKSG\Desktop\Shubham\RandomSampling/Multilabel/DinoS/seed_42_config2_lowLR/model_checkpoint_iteration_2.pt

Iteration 4: Requesting 56 samples.
Re-initializing module.
Re-initializing criterion.
Re-initializing optimizer.
  epoch    train_f1    train_loss    valid_acc    valid_f1    valid_loss    cp      lr      dur
-------  ----------  ------------  -----------  ----------  ------------  ----  ------  -------
      1      [36m0.8446[0m        [32m0.3805[0m       [35m0.7080[0m      [31m0.8342[0m        [94m0.3632[0m     +  0.0000  11.2807
      2      [36m0.8905[0m        [32m0.3412[0m       0.6773      0.8120        [94m0.3550[0m     +  0.0000  11.3512
      3      0.8723        [32m0.3120[0m       0.6705      0.8107        [94m0.3459[0m     +  0.0000  11.2372
      4      0.8870        [32m0.3036[0m       0.6712      0.8086        [94m0.3429[0m     +  0.0000  11.2156
      5      [36m0.9150[0m        [32m0.2933[0m       0.6905      0.8214        [94m0.3353[0m     +  0.0000  11.4088
      6      0.9066        [32m0.2793[0m       0.6931      0.8256        [94m0.3324[0m     +  0.0000  11.3435
      7      [36m0.9315[0m        [32m0.2711[0m       0.7012      0.8299        [94m0.3300[0m     +  0.0000  11.3560
      8      0.9180        0.2719       0.6979      0.8279        [94m0.3296[0m     +  0.0000  11.4382
      9      0.9120        [32m0.2671[0m       0.6951      0.8271        [94m0.3288[0m     +  0.0000  11.4169
     10      0.9301        0.2686       0.6894      0.8198        [94m0.3286[0m     +  0.0000  11.1467
     11      [36m0.9371[0m        [32m0.2619[0m       [35m0.7123[0m      [31m0.8369[0m        [94m0.3243[0m     +  0.0000  11.3140
     12      [36m0.9425[0m        [32m0.2505[0m       [35m0.7127[0m      [31m0.8373[0m        [94m0.3237[0m     +  0.0000  11.2835
     13      [36m0.9545[0m        [32m0.2460[0m       [35m0.7160[0m      [31m0.8396[0m        [94m0.3229[0m     +  0.0000  11.2533
     14      0.9386        0.2561       0.7101      0.8355        0.3232        0.0000  11.1814
     15      0.9268        0.2576       0.7083      0.8347        0.3229        0.0000  11.2654
     16      0.9339        0.2537       0.7092      0.8348        [94m0.3226[0m     +  0.0000  11.3332
     17      0.9321        0.2544       0.7141      0.8377        [94m0.3220[0m     +  0.0000  11.4351
     18      0.9431        0.2527       0.7156      0.8387        [94m0.3218[0m     +  0.0000  11.3264
     19      0.9451        0.2584       [35m0.7174[0m      [31m0.8398[0m        [94m0.3215[0m     +  0.0000  11.1785
     20      0.9485        0.2463       0.7174      [31m0.8401[0m        [94m0.3214[0m     +  0.0000  11.2615
     21      [36m0.9548[0m        0.2562       [35m0.7186[0m      [31m0.8409[0m        [94m0.3212[0m     +  0.0000  11.2967
     22      0.9402        0.2498       0.7174      0.8402        0.3213        0.0000  11.2032
     23      0.9248        0.2610       [35m0.7200[0m      [31m0.8416[0m        [94m0.3210[0m     +  0.0000  11.3300
     24      [36m0.9556[0m        0.2502       0.7193      0.8413        [94m0.3210[0m     +  0.0000  11.3131
     25      [36m0.9585[0m        0.2501       [35m0.7208[0m      [31m0.8422[0m        [94m0.3208[0m     +  0.0000  11.2340
     26      0.9319        0.2530       0.7208      [31m0.8422[0m        0.3208        0.0000  11.2935
     27      0.9545        0.2482       [35m0.7210[0m      [31m0.8424[0m        [94m0.3208[0m     +  0.0000  11.2522
     28      0.9367        0.2487       0.7210      [31m0.8424[0m        [94m0.3207[0m     +  0.0000  11.2102
     29      0.9303        0.2561       [35m0.7222[0m      [31m0.8433[0m        [94m0.3206[0m     +  0.0000  11.2002
     30      0.9447        0.2499       [35m0.7227[0m      [31m0.8437[0m        [94m0.3206[0m     +  0.0000  11.1235
     31      0.9371        0.2511       [35m0.7229[0m      0.8437        [94m0.3205[0m     +  0.0000  11.1706
     32      0.9352        0.2503       0.7229      0.8437        [94m0.3205[0m     +  0.0000  11.3098
     33      [36m0.9614[0m        0.2524       [35m0.7233[0m      [31m0.8440[0m        [94m0.3205[0m     +  0.0000  11.3913
     34      0.9374        [32m0.2458[0m       0.7233      0.8440        [94m0.3205[0m     +  0.0000  11.2961
     35      0.9436        0.2474       0.7227      0.8436        0.3205        0.0000  11.1734
     36      0.9379        0.2593       0.7227      0.8436        0.3205        0.0000  11.5096
     37      0.9476        0.2537       0.7231      0.8439        0.3205        0.0000  11.2316
     38      0.9392        0.2493       0.7229      0.8438        0.3205        0.0000  11.3621
     39      0.9433        0.2514       0.7231      0.8439        [94m0.3205[0m     +  0.0000  11.1722
     40      0.9365        0.2538       0.7227      0.8436        0.3205        0.0000  11.2350
     41      0.9429        0.2555       0.7227      0.8436        0.3205        0.0000  11.4877
     42      0.9444        0.2484       0.7227      0.8436        0.3205        0.0000  11.2846
     43      0.9323        0.2505       0.7227      0.8436        [94m0.3205[0m     +  0.0000  11.1755
     44      0.9453        0.2559       0.7227      0.8436        [94m0.3205[0m     +  0.0000  11.1559
     45      0.9506        0.2529       0.7227      0.8436        0.3205        0.0000  11.4431
     46      0.9351        0.2482       0.7227      0.8436        0.3205        0.0000  11.1861
     47      0.9386        [32m0.2444[0m       0.7227      0.8436        0.3205        0.0000  11.2010
     48      0.9481        0.2505       0.7227      0.8436        0.3205        0.0000  11.1537
     49      [36m0.9671[0m        0.2485       0.7227      0.8436        0.3205        0.0000  11.2361
Stopping since valid_loss has not improved in the last 11 epochs.
Iteration 4: Test F1 Micro Score: 0.8731886895903501
Iteration 4: Test F1 Macro Score: 0.8584678135354954
Model checkpoint saved to C:\Users\localuserSKSG\Desktop\Shubham\RandomSampling/Multilabel/DinoS/seed_42_config2_lowLR/model_checkpoint_iteration_3.pt

Iteration 5: Requesting 96 samples.
Re-initializing module.
Re-initializing criterion.
Re-initializing optimizer.
  epoch    train_f1    train_loss    valid_acc    valid_f1    valid_loss    cp      lr      dur
-------  ----------  ------------  -----------  ----------  ------------  ----  ------  -------
      1      [36m0.8960[0m        [32m0.2898[0m       [35m0.6335[0m      [31m0.7841[0m        [94m0.3546[0m     +  0.0000  11.6293
      2      [36m0.9167[0m        [32m0.2630[0m       [35m0.6465[0m      [31m0.7944[0m        [94m0.3336[0m     +  0.0000  11.7375
      3      [36m0.9181[0m        [32m0.2430[0m       [35m0.6488[0m      0.7900        [94m0.3317[0m     +  0.0000  11.3933
      4      [36m0.9308[0m        [32m0.2387[0m       [35m0.6559[0m      0.7905        [94m0.3281[0m     +  0.0000  11.4191
      5      [36m0.9426[0m        [32m0.2319[0m       [35m0.6649[0m      [31m0.8025[0m        [94m0.3233[0m     +  0.0000  11.6551
      6      0.9311        [32m0.2262[0m       [35m0.7071[0m      [31m0.8269[0m        [94m0.2993[0m     +  0.0000  11.6702
      7      [36m0.9494[0m        [32m0.2221[0m       [35m0.7090[0m      [31m0.8312[0m        0.2993        0.0000  11.7113
      8      [36m0.9611[0m        [32m0.2148[0m       0.6991      0.8250        0.3021        0.0000  11.5340
      9      0.9513        0.2153       [35m0.7099[0m      0.8309        [94m0.2981[0m     +  0.0000  11.6554
     10      [36m0.9639[0m        [32m0.2111[0m       [35m0.7111[0m      0.8249        [94m0.2964[0m     +  0.0000  11.6326
     11      0.9616        [32m0.2050[0m       [35m0.7210[0m      [31m0.8324[0m        [94m0.2937[0m     +  0.0000  11.5936
     12      [36m0.9702[0m        0.2091       [35m0.7240[0m      [31m0.8349[0m        [94m0.2924[0m     +  0.0000  11.6555
     13      0.9596        0.2101       0.7227      0.8339        0.2925        0.0000  11.8295
     14      0.9672        0.2057       [35m0.7250[0m      [31m0.8377[0m        [94m0.2913[0m     +  0.0000  11.6425
     15      0.9644        [32m0.2027[0m       [35m0.7267[0m      [31m0.8391[0m        [94m0.2912[0m     +  0.0000  11.5609
     16      0.9671        [32m0.2023[0m       [35m0.7274[0m      0.8369        0.2913        0.0000  11.4675
     17      [36m0.9753[0m        0.2037       [35m0.7283[0m      0.8373        [94m0.2910[0m     +  0.0000  11.6101
     18      0.9677        [32m0.2016[0m       0.7278      0.8378        [94m0.2904[0m     +  0.0000  11.3550
     19      [36m0.9768[0m        0.2040       0.7278      0.8381        0.2904        0.0000  11.6393
     20      0.9686        0.2079       [35m0.7286[0m      [31m0.8392[0m        [94m0.2903[0m     +  0.0000  11.7956
     21      0.9632        0.2063       [35m0.7299[0m      [31m0.8397[0m        [94m0.2900[0m     +  0.0000  11.6613
     22      0.9672        0.2027       0.7288      0.8388        0.2901        0.0000  11.4688
     23      0.9649        0.2020       0.7283      0.8387        0.2902        0.0000  11.7011
     24      0.9763        0.2017       0.7285      0.8389        0.2901        0.0000  11.5326
     25      0.9763        [32m0.1991[0m       0.7292      0.8392        [94m0.2899[0m     +  0.0000  11.5152
     26      0.9722        0.2019       0.7286      0.8388        0.2899        0.0000  11.6277
     27      0.9591        0.2044       0.7293      0.8392        [94m0.2898[0m     +  0.0000  11.5598
     28      0.9717        [32m0.1990[0m       0.7297      0.8396        [94m0.2898[0m     +  0.0000  11.6894
     29      0.9758        0.2001       [35m0.7300[0m      [31m0.8399[0m        [94m0.2897[0m     +  0.0000  11.5370
     30      0.9716        0.2038       0.7300      [31m0.8399[0m        [94m0.2897[0m     +  0.0000  11.4480
     31      0.9734        0.2035       0.7299      0.8397        [94m0.2897[0m     +  0.0000  11.6705
     32      0.9687        0.2020       0.7299      0.8396        0.2897        0.0000  11.6434
     33      0.9732        0.1997       0.7297      0.8396        0.2897        0.0000  11.5252
     34      0.9758        [32m0.1980[0m       0.7299      0.8397        [94m0.2896[0m     +  0.0000  11.5914
     35      0.9717        0.2069       0.7299      0.8397        [94m0.2896[0m     +  0.0000  11.5803
     36      [36m0.9789[0m        0.1984       0.7300      0.8398        0.2896        0.0000  11.7211
     37      0.9755        [32m0.1967[0m       0.7299      0.8396        0.2896        0.0000  11.5788
     38      0.9768        0.1991       0.7299      0.8396        0.2896        0.0000  11.5949
     39      0.9645        0.2006       0.7299      0.8396        0.2896        0.0000  11.7195
     40      0.9723        0.2032       0.7299      0.8396        0.2896        0.0000  11.6848
     41      0.9706        [32m0.1964[0m       0.7299      0.8396        0.2896        0.0000  11.6266
     42      0.9706        0.2037       0.7299      0.8396        0.2896        0.0000  11.6905
     43      0.9720        0.1978       0.7299      0.8396        0.2896        0.0000  11.6853
     44      0.9664        0.2010       0.7299      0.8396        0.2896        0.0000  11.5628
     45      0.9789        0.2030       0.7299      0.8396        0.2896        0.0000  11.6665
Stopping since valid_loss has not improved in the last 11 epochs.
Iteration 5: Test F1 Micro Score: 0.8857929948839041
Iteration 5: Test F1 Macro Score: 0.8681978073403748
Model checkpoint saved to C:\Users\localuserSKSG\Desktop\Shubham\RandomSampling/Multilabel/DinoS/seed_42_config2_lowLR/model_checkpoint_iteration_4.pt

Iteration 6: Requesting 176 samples.
Re-initializing module.
Re-initializing criterion.
Re-initializing optimizer.
  epoch    train_f1    train_loss    valid_acc    valid_f1    valid_loss    cp      lr      dur
-------  ----------  ------------  -----------  ----------  ------------  ----  ------  -------
      1      [36m0.9222[0m        [32m0.2452[0m       [35m0.7733[0m      [31m0.8693[0m        [94m0.2764[0m     +  0.0000  12.2969
      2      [36m0.9503[0m        [32m0.2182[0m       [35m0.7769[0m      [31m0.8722[0m        [94m0.2707[0m     +  0.0000  12.4054
      3      0.9452        [32m0.2104[0m       0.7743      [31m0.8749[0m        [94m0.2669[0m     +  0.0000  12.3273
      4      [36m0.9559[0m        [32m0.2025[0m       [35m0.7825[0m      [31m0.8793[0m        [94m0.2631[0m     +  0.0000  12.3574
      5      0.9531        [32m0.1966[0m       [35m0.7934[0m      [31m0.8837[0m        [94m0.2609[0m     +  0.0000  12.3153
      6      [36m0.9709[0m        [32m0.1862[0m       0.7859      0.8809        [94m0.2584[0m     +  0.0000  12.4785
      7      [36m0.9785[0m        [32m0.1810[0m       0.7863      0.8817        [94m0.2574[0m     +  0.0000  12.3866
      8      0.9720        0.1837       0.7837      0.8805        [94m0.2564[0m     +  0.0000  12.2944
      9      [36m0.9817[0m        [32m0.1774[0m       0.7858      0.8814        0.2564        0.0000  12.2984
     10      [36m0.9817[0m        0.1792       0.7806      0.8803        [94m0.2558[0m     +  0.0000  12.4534
     11      [36m0.9843[0m        [32m0.1743[0m       0.7780      0.8795        [94m0.2548[0m     +  0.0000  12.3128
     12      0.9816        [32m0.1690[0m       0.7781      0.8798        [94m0.2541[0m     +  0.0000  12.4349
     13      0.9823        0.1731       0.7771      0.8789        [94m0.2541[0m     +  0.0000  12.3527
     14      [36m0.9897[0m        [32m0.1658[0m       0.7752      0.8784        0.2544        0.0000  12.4069
     15      [36m0.9925[0m        0.1707       0.7745      0.8780        [94m0.2540[0m     +  0.0000  12.3778
     16      0.9838        [32m0.1639[0m       0.7788      0.8800        [94m0.2531[0m     +  0.0000  12.3594
     17      0.9868        0.1653       0.7786      0.8799        [94m0.2529[0m     +  0.0000  12.4192
     18      0.9853        0.1699       0.7773      0.8794        0.2531        0.0000  12.5476
     19      0.9886        0.1661       0.7799      0.8804        [94m0.2524[0m     +  0.0000  12.3580
     20      0.9919        0.1692       0.7780      0.8799        0.2525        0.0000  12.3699
     21      0.9892        [32m0.1621[0m       0.7781      0.8796        [94m0.2522[0m     +  0.0000  12.3434
     22      0.9869        0.1625       0.7780      0.8793        0.2523        0.0000  12.3576
     23      0.9878        0.1657       0.7771      0.8791        0.2523        0.0000  12.3885
     24      0.9855        0.1672       0.7786      0.8796        [94m0.2520[0m     +  0.0000  12.4355
     25      0.9908        0.1644       0.7785      0.8799        0.2522        0.0000  12.2969
     26      0.9875        0.1686       0.7785      0.8799        0.2522        0.0000  12.4211
     27      0.9883        0.1634       0.7788      0.8800        0.2521        0.0000  12.4017
     28      0.9902        0.1647       0.7790      0.8800        0.2521        0.0000  12.3318
     29      0.9897        0.1649       0.7785      0.8799        0.2521        0.0000  12.6006
     30      0.9894        0.1649       0.7790      0.8800        0.2521        0.0000  12.3926
     31      [36m0.9928[0m        0.1679       0.7786      0.8798        0.2521        0.0000  12.2483
     32      0.9874        0.1630       0.7786      0.8798        0.2520        0.0000  12.3147
     33      0.9903        0.1626       0.7790      0.8799        0.2520        0.0000  12.3761
     34      0.9903        0.1642       0.7792      0.8802        0.2521        0.0000  12.4039
Stopping since valid_loss has not improved in the last 11 epochs.
Iteration 6: Test F1 Micro Score: 0.9011537262238851
Iteration 6: Test F1 Macro Score: 0.8848335942646678
Model checkpoint saved to C:\Users\localuserSKSG\Desktop\Shubham\RandomSampling/Multilabel/DinoS/seed_42_config2_lowLR/model_checkpoint_iteration_5.pt

Iteration 7: Requesting 320 samples.
Re-initializing module.
Re-initializing criterion.
Re-initializing optimizer.
  epoch    train_f1    train_loss    valid_acc    valid_f1    valid_loss    cp      lr      dur
-------  ----------  ------------  -----------  ----------  ------------  ----  ------  -------
      1      [36m0.9379[0m        [32m0.2095[0m       [35m0.7743[0m      [31m0.8771[0m        [94m0.2491[0m     +  0.0000  13.6401
      2      [36m0.9624[0m        [32m0.1814[0m       [35m0.7849[0m      [31m0.8825[0m        [94m0.2407[0m     +  0.0000  13.5717
      3      [36m0.9711[0m        [32m0.1717[0m       0.7802      0.8790        0.2418        0.0000  13.6899
      4      [36m0.9716[0m        [32m0.1656[0m       [35m0.7967[0m      [31m0.8854[0m        [94m0.2349[0m     +  0.0000  13.5440
      5      [36m0.9769[0m        [32m0.1602[0m       0.7896      0.8834        0.2361        0.0000  13.6027
      6      [36m0.9855[0m        [32m0.1484[0m       0.7955      0.8836        [94m0.2334[0m     +  0.0000  13.5763
      7      0.9852        0.1485       0.7872      0.8801        0.2372        0.0000  13.6094
      8      [36m0.9888[0m        [32m0.1474[0m       [35m0.7986[0m      0.8847        [94m0.2321[0m     +  0.0000  13.6239
      9      0.9846        [32m0.1433[0m       [35m0.8023[0m      [31m0.8865[0m        [94m0.2283[0m     +  0.0000  13.6313
     10      0.9888        [32m0.1405[0m       0.7995      0.8853        0.2295        0.0000  13.6754
     11      [36m0.9899[0m        [32m0.1392[0m       [35m0.8047[0m      [31m0.8869[0m        [94m0.2280[0m     +  0.0000  13.7745
     12      [36m0.9899[0m        0.1429       0.8019      0.8856        0.2292        0.0000  13.6253
     13      [36m0.9919[0m        [32m0.1384[0m       [35m0.8094[0m      [31m0.8878[0m        [94m0.2241[0m     +  0.0000  13.5955
     14      0.9914        [32m0.1349[0m       0.8052      0.8870        0.2256        0.0000  13.7168
     15      0.9915        0.1372       0.8054      0.8870        0.2249        0.0000  13.5226
     16      0.9908        0.1373       [35m0.8102[0m      [31m0.8889[0m        [94m0.2223[0m     +  0.0000  13.6471
     17      [36m0.9938[0m        [32m0.1345[0m       0.8102      [31m0.8890[0m        [94m0.2222[0m     +  0.0000  13.6936
     18      0.9935        [32m0.1326[0m       0.8080      0.8878        0.2230        0.0000  13.5919
     19      [36m0.9944[0m        0.1337       0.8064      0.8871        0.2234        0.0000  13.6398
     20      0.9944        [32m0.1321[0m       0.8097      0.8884        0.2223        0.0000  13.5480
     21      0.9929        [32m0.1299[0m       [35m0.8123[0m      [31m0.8898[0m        [94m0.2214[0m     +  0.0000  13.5587
     22      0.9935        0.1335       [35m0.8125[0m      0.8896        0.2216        0.0000  13.6597
     23      0.9924        0.1317       [35m0.8127[0m      [31m0.8900[0m        0.2214        0.0000  13.6715
     24      0.9935        0.1348       0.8123      [31m0.8904[0m        0.2214        0.0000  13.7362
     25      0.9941        0.1329       0.8102      0.8891        0.2218        0.0000  13.6189
     26      0.9941        0.1317       0.8125      [31m0.8906[0m        0.2214        0.0000  13.7971
     27      0.9935        0.1329       [35m0.8128[0m      [31m0.8906[0m        [94m0.2212[0m     +  0.0000  13.6655
     28      0.9924        0.1349       0.8125      0.8903        0.2212        0.0000  13.6709
     29      0.9924        0.1301       [35m0.8144[0m      [31m0.8912[0m        [94m0.2209[0m     +  0.0000  13.6646
     30      0.9927        0.1319       0.8134      0.8909        0.2211        0.0000  13.7748
     31      0.9924        0.1327       0.8135      0.8910        0.2210        0.0000  13.5348
     32      0.9921        0.1323       0.8142      [31m0.8914[0m        0.2210        0.0000  13.6246
     33      [36m0.9948[0m        0.1308       0.8139      0.8912        0.2210        0.0000  13.5784
     34      [36m0.9953[0m        0.1319       0.8141      0.8912        0.2209        0.0000  13.5961
     35      0.9944        [32m0.1283[0m       0.8137      0.8909        [94m0.2209[0m     +  0.0000  13.7286
     36      0.9933        0.1338       0.8144      0.8913        0.2209        0.0000  13.5944
     37      0.9910        0.1327       0.8142      0.8912        0.2209        0.0000  13.4615
     38      0.9930        0.1325       0.8139      0.8910        0.2209        0.0000  13.7814
     39      0.9919        0.1355       0.8142      0.8911        [94m0.2209[0m     +  0.0000  13.6110
     40      0.9939        0.1331       0.8137      0.8909        0.2209        0.0000  13.7637
     41      0.9914        0.1333       0.8135      0.8908        0.2209        0.0000  13.6707
     42      0.9921        0.1296       0.8135      0.8908        0.2209        0.0000  13.7614
     43      0.9930        0.1331       0.8135      0.8908        0.2209        0.0000  13.7494
     44      0.9935        0.1313       0.8134      0.8907        0.2209        0.0000  13.6250
     45      0.9953        0.1325       0.8134      0.8908        0.2209        0.0000  13.5154
Stopping since valid_loss has not improved in the last 11 epochs.
Iteration 7: Test F1 Micro Score: 0.9138473341004987
Iteration 7: Test F1 Macro Score: 0.9017890498251354
Model checkpoint saved to C:\Users\localuserSKSG\Desktop\Shubham\RandomSampling/Multilabel/DinoS/seed_42_config2_lowLR/model_checkpoint_iteration_6.pt

Iteration 8: Requesting 560 samples.
Re-initializing module.
Re-initializing criterion.
Re-initializing optimizer.
  epoch    train_f1    train_loss    valid_acc    valid_f1    valid_loss    cp      lr      dur
-------  ----------  ------------  -----------  ----------  ------------  ----  ------  -------
      1      [36m0.9580[0m        [32m0.1655[0m       [35m0.8163[0m      [31m0.8733[0m        [94m0.2188[0m     +  0.0000  15.8477
      2      [36m0.9676[0m        [32m0.1506[0m       [35m0.8276[0m      [31m0.8872[0m        [94m0.2100[0m     +  0.0000  15.8881
      3      [36m0.9723[0m        [32m0.1412[0m       0.8132      0.8755        0.2147        0.0000  15.7961
      4      [36m0.9774[0m        [32m0.1360[0m       0.8240      0.8794        [94m0.2096[0m     +  0.0000  15.8580
      5      [36m0.9827[0m        [32m0.1281[0m       0.7882      0.8328        0.2229        0.0000  15.5158
      6      [36m0.9877[0m        [32m0.1194[0m       0.8222      0.8779        [94m0.2071[0m     +  0.0000  15.6575
      7      0.9870        0.1206       0.8215      0.8768        [94m0.2060[0m     +  0.0000  15.7663
      8      [36m0.9888[0m        [32m0.1149[0m       0.8264      0.8812        [94m0.2044[0m     +  0.0000  15.8123
      9      [36m0.9910[0m        [32m0.1135[0m       0.8262      0.8870        [94m0.1996[0m     +  0.0000  15.7183
     10      [36m0.9917[0m        [32m0.1105[0m       0.8222      0.8841        0.2006        0.0000  15.7984
     11      [36m0.9925[0m        [32m0.1071[0m       0.8231      [31m0.8879[0m        [94m0.1976[0m     +  0.0000  15.7642
     12      0.9922        [32m0.1064[0m       0.8233      [31m0.8912[0m        [94m0.1971[0m     +  0.0000  15.6251
     13      [36m0.9938[0m        [32m0.1047[0m       0.8200      0.8878        [94m0.1970[0m     +  0.0000  15.7501
     14      0.9931        [32m0.1045[0m       0.8186      0.8865        0.1974        0.0000  15.9517
     15      [36m0.9940[0m        [32m0.1044[0m       0.8222      [31m0.8917[0m        [94m0.1958[0m     +  0.0000  15.8576
     16      0.9927        [32m0.1021[0m       0.8198      [31m0.8919[0m        0.1963        0.0000  15.8278
     17      [36m0.9943[0m        0.1022       0.8217      [31m0.8940[0m        0.1958        0.0000  15.7173
     18      [36m0.9946[0m        [32m0.1009[0m       0.8222      [31m0.8943[0m        [94m0.1957[0m     +  0.0000  15.7180
     19      0.9943        0.1018       0.8205      0.8929        0.1962        0.0000  15.6548
     20      [36m0.9957[0m        [32m0.1005[0m       0.8193      0.8913        0.1964        0.0000  15.7323
     21      [36m0.9959[0m        [32m0.0997[0m       0.8172      0.8924        0.1968        0.0000  15.7792
     22      0.9958        0.1008       0.8168      0.8921        0.1970        0.0000  15.9830
     23      0.9952        0.1007       0.8167      0.8922        0.1968        0.0000  15.7807
     24      0.9954        [32m0.0994[0m       0.8167      0.8920        0.1968        0.0000  15.4957
     25      [36m0.9959[0m        [32m0.0994[0m       0.8168      0.8917        0.1969        0.0000  15.7166
     26      [36m0.9964[0m        0.1003       0.8146      0.8906        0.1976        0.0000  15.6545
     27      0.9952        0.0996       0.8144      0.8904        0.1978        0.0000  15.7164
     28      0.9956        [32m0.0993[0m       0.8155      0.8912        0.1979        0.0000  15.7026
Stopping since valid_loss has not improved in the last 11 epochs.
Iteration 8: Test F1 Micro Score: 0.9084835301429459
Iteration 8: Test F1 Macro Score: 0.8977787897246784
Model checkpoint saved to C:\Users\localuserSKSG\Desktop\Shubham\RandomSampling/Multilabel/DinoS/seed_42_config2_lowLR/model_checkpoint_iteration_7.pt

Iteration 9: Requesting 1000 samples.
Re-initializing module.
Re-initializing criterion.
Re-initializing optimizer.
  epoch    train_f1    train_loss    valid_acc    valid_f1    valid_loss    cp      lr      dur
-------  ----------  ------------  -----------  ----------  ------------  ----  ------  -------
      1      [36m0.9624[0m        [32m0.1317[0m       [35m0.8132[0m      [31m0.8919[0m        [94m0.1933[0m     +  0.0000  19.8217
      2      [36m0.9752[0m        [32m0.1156[0m       [35m0.8161[0m      [31m0.8935[0m        [94m0.1897[0m     +  0.0000  19.4529
      3      [36m0.9817[0m        [32m0.1062[0m       [35m0.8187[0m      [31m0.8959[0m        0.1928        0.0000  19.5917
      4      [36m0.9843[0m        [32m0.1002[0m       0.8148      0.8950        0.1999        0.0000  18.9248
      5      [36m0.9857[0m        [32m0.0944[0m       [35m0.8247[0m      [31m0.8994[0m        [94m0.1846[0m     +  0.0000  18.3110
      6      [36m0.9899[0m        [32m0.0881[0m       0.8200      0.8978        0.1886        0.0000  18.3384
      7      [36m0.9909[0m        [32m0.0841[0m       0.8238      [31m0.8994[0m        0.1875        0.0000  18.2708
      8      [36m0.9933[0m        [32m0.0819[0m       [35m0.8271[0m      [31m0.9012[0m        0.1849        0.0000  18.2779
      9      [36m0.9942[0m        [32m0.0784[0m       0.8227      0.9001        0.1907        0.0000  18.2060
     10      [36m0.9946[0m        [32m0.0770[0m       [35m0.8299[0m      [31m0.9019[0m        [94m0.1797[0m     +  0.0000  18.2632
     11      [36m0.9962[0m        [32m0.0731[0m       [35m0.8302[0m      0.9011        [94m0.1778[0m     +  0.0000  18.3772
     12      0.9954        0.0739       0.8288      0.9002        [94m0.1773[0m     +  0.0000  18.4846
     13      0.9961        [32m0.0722[0m       0.8300      0.9016        0.1779        0.0000  18.5500
     14      0.9959        [32m0.0717[0m       0.8278      0.9006        0.1786        0.0000  18.4124
     15      [36m0.9972[0m        [32m0.0709[0m       0.8276      0.9003        0.1783        0.0000  18.3484
     16      [36m0.9979[0m        [32m0.0696[0m       0.8260      0.8999        0.1785        0.0000  18.4372
     17      0.9973        [32m0.0686[0m       0.8248      0.8988        0.1785        0.0000  18.9843
     18      0.9973        [32m0.0675[0m       0.8236      0.8974        0.1787        0.0000  19.0325
     19      0.9977        0.0682       0.8243      0.8978        0.1777        0.0000  19.1688
     20      0.9977        0.0678       0.8248      0.8979        0.1778        0.0000  19.0903
     21      0.9979        0.0675       0.8240      0.8983        0.1798        0.0000  19.2164
     22      0.9973        [32m0.0667[0m       0.8233      0.8974        0.1797        0.0000  18.9229
Stopping since valid_loss has not improved in the last 11 epochs.
Iteration 9: Test F1 Micro Score: 0.9168675635741504
Iteration 9: Test F1 Macro Score: 0.9074383586512882
Model checkpoint saved to C:\Users\localuserSKSG\Desktop\Shubham\RandomSampling/Multilabel/DinoS/seed_42_config2_lowLR/model_checkpoint_iteration_8.pt

Iteration 10: Requesting 1776 samples.
Re-initializing module.
Re-initializing criterion.
Re-initializing optimizer.
  epoch    train_f1    train_loss    valid_acc    valid_f1    valid_loss    cp      lr      dur
-------  ----------  ------------  -----------  ----------  ------------  ----  ------  -------
      1      [36m0.9755[0m        [32m0.0931[0m       [35m0.8373[0m      [31m0.8992[0m        [94m0.1669[0m     +  0.0000  25.6227
      2      [36m0.9809[0m        [32m0.0837[0m       0.8215      0.8934        0.1766        0.0000  25.6694
      3      [36m0.9834[0m        [32m0.0751[0m       0.8234      0.8930        0.1756        0.0000  25.7830
      4      [36m0.9860[0m        [32m0.0695[0m       0.8227      0.8940        0.1742        0.0000  25.8089
      5      [36m0.9870[0m        [32m0.0639[0m       0.8245      0.8939        0.1735        0.0000  25.9245
      6      [36m0.9898[0m        [32m0.0573[0m       0.8137      0.8890        0.1841        0.0000  25.7992
      7      [36m0.9921[0m        [32m0.0543[0m       0.8163      0.8895        0.1862        0.0000  25.8575
      8      [36m0.9930[0m        [32m0.0507[0m       0.8153      0.8871        0.1877        0.0000  25.5972
      9      [36m0.9938[0m        [32m0.0494[0m       0.8203      0.8911        0.1858        0.0000  25.7568
     10      [36m0.9949[0m        [32m0.0469[0m       0.8187      0.8897        0.1919        0.0000  25.5650
     11      [36m0.9960[0m        [32m0.0447[0m       0.8224      0.8914        0.1896        0.0000  25.7829
Stopping since valid_loss has not improved in the last 11 epochs.
Iteration 10: Test F1 Micro Score: 0.9121305760240869
Iteration 10: Test F1 Macro Score: 0.9023378788272369
Model checkpoint saved to C:\Users\localuserSKSG\Desktop\Shubham\RandomSampling/Multilabel/DinoS/seed_42_config2_lowLR/model_checkpoint_iteration_9.pt

Iteration 11: Requesting 3160 samples.
Re-initializing module.
Re-initializing criterion.
Re-initializing optimizer.
  epoch    train_f1    train_loss    valid_acc    valid_f1    valid_loss    cp      lr      dur
-------  ----------  ------------  -----------  ----------  ------------  ----  ------  -------
      1      [36m0.9731[0m        [32m0.0896[0m       [35m0.8444[0m      [31m0.9013[0m        [94m0.1634[0m     +  0.0000  37.6589
      2      [36m0.9773[0m        [32m0.0778[0m       0.8269      0.8960        0.1744        0.0000  37.7118
      3      [36m0.9812[0m        [32m0.0702[0m       0.8304      0.8897        0.1736        0.0000  38.4656
      4      [36m0.9833[0m        [32m0.0618[0m       0.8196      0.8915        0.1783        0.0000  38.7396
      5      [36m0.9847[0m        [32m0.0572[0m       [35m0.8531[0m      [31m0.9042[0m        [94m0.1569[0m     +  0.0000  38.4715
      6      [36m0.9881[0m        [32m0.0492[0m       0.8462      0.8997        0.1646        0.0000  38.6799
      7      [36m0.9902[0m        [32m0.0458[0m       0.8398      0.8966        0.1704        0.0000  39.0847
      8      [36m0.9905[0m        [32m0.0435[0m       0.8389      0.8967        0.1712        0.0000  38.5647
      9      [36m0.9920[0m        [32m0.0412[0m       0.8366      0.8954        0.1782        0.0000  38.4044
     10      [36m0.9924[0m        [32m0.0386[0m       0.8370      0.8945        0.1799        0.0000  38.7117
     11      [36m0.9942[0m        [32m0.0363[0m       0.8274      0.8896        0.1883        0.0000  38.7685
     12      [36m0.9948[0m        [32m0.0355[0m       0.8269      0.8913        0.1891        0.0000  38.7682
     13      [36m0.9950[0m        [32m0.0343[0m       0.8288      0.8919        0.1892        0.0000  38.4725
     14      [36m0.9960[0m        [32m0.0330[0m       0.8295      0.8926        0.1895        0.0000  38.5461
     15      0.9955        [32m0.0320[0m       0.8309      0.8944        0.1892        0.0000  38.8454
Stopping since valid_loss has not improved in the last 11 epochs.
Iteration 11: Test F1 Micro Score: 0.9184347006129185
Iteration 11: Test F1 Macro Score: 0.9101546899629901
Model checkpoint saved to C:\Users\localuserSKSG\Desktop\Shubham\RandomSampling/Multilabel/DinoS/seed_42_config2_lowLR/model_checkpoint_iteration_10.pt

Iteration 12: Requesting 5624 samples.
Re-initializing module.
Re-initializing criterion.
Re-initializing optimizer.
  epoch    train_f1    train_loss    valid_acc    valid_f1    valid_loss    cp      lr      dur
-------  ----------  ------------  -----------  ----------  ------------  ----  ------  -------
      1      [36m0.9780[0m        [32m0.0625[0m       [35m0.8311[0m      [31m0.8999[0m        [94m0.1734[0m     +  0.0000  59.9872
      2      [36m0.9803[0m        [32m0.0547[0m       [35m0.8366[0m      [31m0.9012[0m        [94m0.1727[0m     +  0.0000  60.2797
      3      [36m0.9829[0m        [32m0.0480[0m       0.8165      0.8948        0.1902        0.0000  59.8539
      4      [36m0.9843[0m        [32m0.0438[0m       0.8137      0.8931        0.2014        0.0000  60.4720
      5      [36m0.9866[0m        [32m0.0388[0m       0.8266      0.8961        0.1992        0.0000  60.5282
      6      [36m0.9882[0m        [32m0.0341[0m       [35m0.8540[0m      [31m0.9113[0m        [94m0.1654[0m     +  0.0000  60.6883
      7      [36m0.9910[0m        [32m0.0306[0m       [35m0.8547[0m      0.9099        0.1680        0.0000  60.5927
      8      [36m0.9915[0m        [32m0.0292[0m       0.8514      0.9078        0.1722        0.0000  60.6109
      9      [36m0.9927[0m        [32m0.0265[0m       0.8523      0.9082        0.1725        0.0000  60.5454
     10      [36m0.9931[0m        [32m0.0256[0m       0.8458      0.9049        0.1820        0.0000  60.7699
     11      [36m0.9945[0m        [32m0.0227[0m       0.8467      0.9058        0.1837        0.0000  60.4226
     12      [36m0.9959[0m        [32m0.0210[0m       0.8491      0.9050        0.1829        0.0000  60.2635
     13      0.9954        [32m0.0208[0m       0.8443      0.9048        0.1901        0.0000  60.3864
     14      [36m0.9961[0m        [32m0.0197[0m       0.8420      0.9025        0.1919        0.0000  60.3164
     15      [36m0.9967[0m        [32m0.0189[0m       0.8408      0.9005        0.1970        0.0000  60.1564
     16      [36m0.9969[0m        [32m0.0179[0m       0.8405      0.9001        0.1977        0.0000  60.5359
Stopping since valid_loss has not improved in the last 11 epochs.
Iteration 12: Test F1 Micro Score: 0.9150654850599953
Iteration 12: Test F1 Macro Score: 0.9025958944687623
Model checkpoint saved to C:\Users\localuserSKSG\Desktop\Shubham\RandomSampling/Multilabel/DinoS/seed_42_config2_lowLR/model_checkpoint_iteration_11.pt

Iteration 13: Requesting 10000 samples.
Re-initializing module.
Re-initializing criterion.
Re-initializing optimizer.
  epoch    train_f1    train_loss    valid_acc    valid_f1    valid_loss    cp      lr      dur
-------  ----------  ------------  -----------  ----------  ------------  ----  ------  -------
      1      [36m0.9799[0m        [32m0.0458[0m       [35m0.8227[0m      [31m0.8863[0m        [94m0.1882[0m     +  0.0000  98.6719
      2      [36m0.9821[0m        [32m0.0405[0m       0.8069      0.8718        0.1958        0.0000  99.3122
      3      [36m0.9841[0m        [32m0.0365[0m       [35m0.8262[0m      [31m0.8866[0m        [94m0.1796[0m     +  0.0000  99.4370
      4      [36m0.9857[0m        [32m0.0331[0m       0.8111      0.8763        0.1978        0.0000  98.9848
      5      [36m0.9876[0m        [32m0.0301[0m       0.8142      0.8761        0.1933        0.0000  99.0621
      6      [36m0.9902[0m        [32m0.0244[0m       [35m0.8309[0m      [31m0.8952[0m        0.1991        0.0000  98.9063
      7      [36m0.9919[0m        [32m0.0215[0m       0.8286      0.8921        0.2026        0.0000  98.7793
      8      [36m0.9930[0m        [32m0.0192[0m       [35m0.8354[0m      [31m0.8982[0m        0.2038        0.0000  98.6944
      9      [36m0.9942[0m        [32m0.0175[0m       0.8302      0.8939        0.2172        0.0000  98.9019
     10      [36m0.9949[0m        [32m0.0160[0m       0.8276      0.8927        0.2248        0.0000  99.0118
     11      [36m0.9953[0m        [32m0.0149[0m       0.8226      0.8916        0.2389        0.0000  98.8167
     12      [36m0.9968[0m        [32m0.0131[0m       0.8215      0.8908        0.2406        0.0000  98.8534
     13      [36m0.9972[0m        [32m0.0122[0m       0.8220      0.8911        0.2433        0.0000  99.4376
Stopping since valid_loss has not improved in the last 11 epochs.
Iteration 13: Test F1 Micro Score: 0.9226450405489707
Iteration 13: Test F1 Macro Score: 0.909381313680569
Model checkpoint saved to C:\Users\localuserSKSG\Desktop\Shubham\RandomSampling/Multilabel/DinoS/seed_42_config2_lowLR/model_checkpoint_iteration_12.pt

Iteration 14: Requesting all remaining samples.
Re-initializing module.
Re-initializing criterion.
Re-initializing optimizer.
  epoch    train_f1    train_loss    valid_acc    valid_f1    valid_loss    cp      lr       dur
-------  ----------  ------------  -----------  ----------  ------------  ----  ------  --------
      1      [36m0.9839[0m        [32m0.0350[0m       [35m0.8448[0m      [31m0.9022[0m        [94m0.1767[0m     +  0.0000  114.1608
      2      [36m0.9850[0m        [32m0.0319[0m       [35m0.8483[0m      [31m0.9022[0m        [94m0.1724[0m     +  0.0000  114.8393
      3      [36m0.9870[0m        [32m0.0280[0m       0.8292      0.8929        0.2084        0.0000  114.7331
      4      [36m0.9884[0m        [32m0.0257[0m       0.8290      0.8938        0.2152        0.0000  115.0645
      5      [36m0.9891[0m        [32m0.0237[0m       0.8208      0.8865        0.2270        0.0000  114.9787
      6      [36m0.9917[0m        [32m0.0191[0m       0.8436      [31m0.9026[0m        0.2177        0.0000  114.8890
      7      [36m0.9935[0m        [32m0.0161[0m       0.8387      0.9009        0.2301        0.0000  115.5611
      8      [36m0.9944[0m        [32m0.0144[0m       0.8384      0.9016        0.2318        0.0000  115.1037
      9      [36m0.9951[0m        [32m0.0133[0m       0.8307      0.8984        0.2522        0.0000  115.1377
     10      [36m0.9961[0m        [32m0.0118[0m       0.8311      0.8973        0.2540        0.0000  115.0008
     11      [36m0.9966[0m        [32m0.0108[0m       0.8325      0.8990        0.2458        0.0000  115.1875
     12      [36m0.9978[0m        [32m0.0094[0m       0.8335      0.8998        0.2523        0.0000  114.4388
Stopping since valid_loss has not improved in the last 11 epochs.
Iteration 14: Test F1 Micro Score: 0.9215185958400989
Iteration 14: Test F1 Macro Score: 0.9084292856840457
Model checkpoint saved to C:\Users\localuserSKSG\Desktop\Shubham\RandomSampling/Multilabel/DinoS/seed_42_config2_lowLR/model_checkpoint_iteration_13.pt
Pickle file saved to C:\Users\localuserSKSG\Desktop\Shubham\RandomSampling/Multilabel/DinoS/seed_42_config2_lowLR\random_sampling_results_for_multilabel_classification.pickle
