3
multiclass_train_df shape: (26880, 2)
multiclass_test_df shape: (5760, 2)
multiclass_val_df shape: (5760, 2)
Calculated train_size: 8

Iteration 1: Using initial samples.
  epoch    train_f1    train_loss    valid_acc    valid_f1    valid_loss    cp      lr      dur
-------  ----------  ------------  -----------  ----------  ------------  ----  ------  -------
      1      [36m0.2500[0m        [32m2.1566[0m       [35m0.0521[0m      [31m0.0521[0m        [94m2.0907[0m     +  0.0000  10.9376
      2      0.1250        [32m2.0046[0m       [35m0.2227[0m      [31m0.2227[0m        [94m2.0855[0m     +  0.0000  10.4806
      3      0.1250        [32m1.9192[0m       [35m0.3043[0m      [31m0.3043[0m        [94m2.0437[0m     +  0.0000  10.3433
      4      [36m0.5000[0m        [32m1.8037[0m       0.0095      0.0095        2.1493        0.0000  10.4235
      5      0.5000        [32m1.7943[0m       0.2667      0.2667        2.0469        0.0000  10.4222
      6      [36m0.6250[0m        [32m1.7228[0m       0.2422      0.2422        2.0583        0.0000  10.5167
      7      0.5000        [32m1.7174[0m       0.2024      0.2024        2.0671        0.0000  10.3502
      8      0.5000        [32m1.5976[0m       0.1783      0.1783        2.0723        0.0000  10.3924
      9      0.6250        1.6290       0.1965      0.1965        2.0685        0.0000  10.4734
     10      0.5000        1.6462       0.2286      0.2286        2.0617        0.0000  10.4216
     11      [36m0.8750[0m        [32m1.5189[0m       0.2274      0.2274        2.0622        0.0000  10.4094
     12      0.7500        1.6087       0.2236      0.2236        2.0637        0.0000  10.6091
     13      0.5000        1.7346       0.2219      0.2219        2.0638        0.0000  10.5004
Stopping since valid_loss has not improved in the last 11 epochs.
Iteration 1: Test F1 Micro Score: 0.2829861111111111
Iteration 1: Test F1 Macro Score: 0.12584617833428266
Model checkpoint saved to C:\Users\localuserSKSG\Desktop\Shubham\RandomSampling/Multiclass/DinoS/seed_50/model_checkpoint_iteration_0.pt

Iteration 2: Requesting 16 samples.
Re-initializing module.
Re-initializing criterion.
Re-initializing optimizer.
  epoch    train_f1    train_loss    valid_acc    valid_f1    valid_loss    cp      lr      dur
-------  ----------  ------------  -----------  ----------  ------------  ----  ------  -------
      1      [36m0.3750[0m        [32m1.9435[0m       [35m0.4260[0m      [31m0.4260[0m        [94m1.8880[0m     +  0.0000  10.6898
      2      [36m0.5417[0m        [32m1.7591[0m       [35m0.4479[0m      [31m0.4479[0m        [94m1.8017[0m     +  0.0000  10.7439
      3      0.3750        1.7708       [35m0.4490[0m      [31m0.4490[0m        [94m1.8013[0m     +  0.0000  10.6429
      4      0.4167        [32m1.6967[0m       [35m0.4505[0m      [31m0.4505[0m        [94m1.7688[0m     +  0.0000  10.6715
      5      [36m0.6250[0m        [32m1.6277[0m       0.4502      0.4502        [94m1.7447[0m     +  0.0000  10.7656
      6      0.5417        [32m1.4638[0m       [35m0.4535[0m      [31m0.4535[0m        1.7483        0.0000  10.7345
      7      [36m0.6667[0m        [32m1.4345[0m       0.4514      0.4514        1.7483        0.0000  10.6140
      8      0.6250        1.4624       0.4510      0.4510        1.7451        0.0000  10.7759
      9      0.5833        [32m1.3726[0m       0.4526      0.4526        [94m1.7352[0m     +  0.0000  10.7299
     10      0.6250        1.4083       0.4493      0.4493        1.7355        0.0000  10.5620
     11      0.5833        1.3835       0.4493      0.4493        [94m1.7348[0m     +  0.0000  10.4981
     12      0.6250        1.4069       0.4500      0.4500        [94m1.7326[0m     +  0.0000  10.7970
     13      [36m0.7083[0m        [32m1.3385[0m       0.4502      0.4502        [94m1.7319[0m     +  0.0000  11.0472
     14      0.6250        1.4447       0.4510      0.4510        [94m1.7303[0m     +  0.0000  10.7026
     15      0.5833        1.4865       0.4512      0.4512        [94m1.7290[0m     +  0.0000  10.7514
     16      0.6250        1.3683       0.4516      0.4516        [94m1.7286[0m     +  0.0000  10.7952
     17      0.5833        1.4380       0.4517      0.4517        [94m1.7284[0m     +  0.0000  10.5999
     18      0.6667        1.4239       0.4519      0.4519        [94m1.7281[0m     +  0.0000  10.5958
     19      0.5833        1.4018       0.4516      0.4516        1.7282        0.0000  10.5680
     20      0.6250        1.4119       0.4517      0.4517        [94m1.7279[0m     +  0.0000  10.5289
     21      0.6667        1.4008       0.4517      0.4517        [94m1.7279[0m     +  0.0000  10.7188
     22      0.5417        1.4328       0.4517      0.4517        [94m1.7278[0m     +  0.0000  10.5625
     23      0.6250        1.3977       0.4517      0.4517        [94m1.7278[0m     +  0.0000  10.4690
     24      0.6667        1.3972       0.4517      0.4517        [94m1.7277[0m     +  0.0000  10.4495
     25      0.6250        1.3740       0.4517      0.4517        [94m1.7277[0m     +  0.0000  10.5972
     26      0.6250        1.3998       0.4517      0.4517        [94m1.7277[0m     +  0.0000  10.7830
     27      0.5833        1.4085       0.4517      0.4517        1.7277        0.0000  10.4915
     28      0.6667        1.3831       0.4517      0.4517        1.7277        0.0000  10.9844
     29      0.6250        1.4100       0.4517      0.4517        [94m1.7277[0m     +  0.0000  10.5742
     30      0.7083        1.4181       0.4517      0.4517        [94m1.7277[0m     +  0.0000  10.4658
     31      0.5833        1.4476       0.4517      0.4517        1.7277        0.0000  10.5029
     32      0.5833        1.4172       0.4517      0.4517        [94m1.7277[0m     +  0.0000  10.6700
     33      0.6250        1.3872       0.4517      0.4517        [94m1.7277[0m     +  0.0000  10.5008
     34      0.6250        1.4203       0.4517      0.4517        [94m1.7277[0m     +  0.0000  10.5460
     35      0.6250        1.4142       0.4517      0.4517        [94m1.7277[0m     +  0.0000  10.4735
Stopping since valid_loss has not improved in the last 11 epochs.
Iteration 2: Test F1 Micro Score: 0.4798611111111111
Iteration 2: Test F1 Macro Score: 0.10975048010230795
Model checkpoint saved to C:\Users\localuserSKSG\Desktop\Shubham\RandomSampling/Multiclass/DinoS/seed_50/model_checkpoint_iteration_1.pt

Iteration 3: Requesting 32 samples.
Re-initializing module.
Re-initializing criterion.
Re-initializing optimizer.
  epoch    train_f1    train_loss    valid_acc    valid_f1    valid_loss    cp      lr      dur
-------  ----------  ------------  -----------  ----------  ------------  ----  ------  -------
      1      [36m0.5179[0m        [32m1.6832[0m       [35m0.4479[0m      [31m0.4479[0m        [94m1.6412[0m     +  0.0000  10.9553
      2      0.5000        [32m1.5089[0m       0.4479      0.4479        [94m1.6036[0m     +  0.0000  10.9862
      3      [36m0.5357[0m        [32m1.4500[0m       0.4474      0.4474        [94m1.5692[0m     +  0.0000  10.8127
      4      [36m0.5536[0m        [32m1.4363[0m       0.4366      0.4366        [94m1.5453[0m     +  0.0000  10.7346
      5      [36m0.6429[0m        [32m1.3266[0m       [35m0.4491[0m      [31m0.4491[0m        [94m1.5124[0m     +  0.0000  10.9703
      6      [36m0.6607[0m        [32m1.1970[0m       0.4483      0.4483        [94m1.5092[0m     +  0.0000  10.6719
      7      [36m0.6786[0m        [32m1.1777[0m       [35m0.4550[0m      [31m0.4550[0m        [94m1.5034[0m     +  0.0000  10.6710
      8      0.6429        1.1778       0.4540      0.4540        1.5040        0.0000  10.7526
      9      0.6607        1.1868       [35m0.4595[0m      [31m0.4595[0m        [94m1.5032[0m     +  0.0000  10.6967
     10      0.6786        [32m1.1512[0m       0.4573      0.4573        [94m1.4961[0m     +  0.0000  10.7861
     11      [36m0.6964[0m        1.1791       [35m0.4620[0m      [31m0.4620[0m        [94m1.4944[0m     +  0.0000  10.8490
     12      0.6964        [32m1.1357[0m       [35m0.4646[0m      [31m0.4646[0m        [94m1.4936[0m     +  0.0000  10.7084
     13      0.6429        1.1570       0.4642      0.4642        1.4943        0.0000  10.8847
     14      [36m0.7321[0m        [32m1.0765[0m       [35m0.4655[0m      [31m0.4655[0m        1.4944        0.0000  11.0475
     15      [36m0.7679[0m        [32m1.0738[0m       [35m0.4667[0m      [31m0.4667[0m        1.4941        0.0000  10.9674
     16      0.6964        1.1686       [35m0.4670[0m      [31m0.4670[0m        1.4941        0.0000  10.8399
     17      0.6964        1.1108       0.4668      0.4668        1.4941        0.0000  10.6852
     18      0.6964        1.1035       [35m0.4674[0m      [31m0.4674[0m        1.4939        0.0000  10.7996
     19      0.6607        1.0949       [35m0.4681[0m      [31m0.4681[0m        [94m1.4936[0m     +  0.0000  10.7699
     20      0.7321        1.0981       [35m0.4682[0m      [31m0.4682[0m        1.4936        0.0000  10.8755
     21      0.6964        1.1106       0.4682      0.4682        1.4936        0.0000  10.7951
     22      0.6607        1.1282       0.4682      0.4682        [94m1.4936[0m     +  0.0000  10.8511
Stopping since valid_loss has not improved in the last 11 epochs.
Iteration 3: Test F1 Micro Score: 0.5118055555555555
Iteration 3: Test F1 Macro Score: 0.12276279289986723
Model checkpoint saved to C:\Users\localuserSKSG\Desktop\Shubham\RandomSampling/Multiclass/DinoS/seed_50/model_checkpoint_iteration_2.pt

Iteration 4: Requesting 56 samples.
Re-initializing module.
Re-initializing criterion.
Re-initializing optimizer.
  epoch    train_f1    train_loss    valid_acc    valid_f1    valid_loss    cp      lr      dur
-------  ----------  ------------  -----------  ----------  ------------  ----  ------  -------
      1      [36m0.5625[0m        [32m1.3684[0m       [35m0.5337[0m      [31m0.5337[0m        [94m1.4455[0m     +  0.0000  11.0465
      2      [36m0.6964[0m        [32m1.2021[0m       [35m0.5792[0m      [31m0.5792[0m        [94m1.3698[0m     +  0.0000  11.0626
      3      [36m0.7679[0m        [32m1.0445[0m       [35m0.6045[0m      [31m0.6045[0m        [94m1.3527[0m     +  0.0000  11.0777
      4      [36m0.8304[0m        [32m0.9650[0m       [35m0.6321[0m      [31m0.6321[0m        [94m1.2982[0m     +  0.0000  11.1719
      5      [36m0.8750[0m        [32m0.9500[0m       [35m0.6509[0m      [31m0.6509[0m        [94m1.2636[0m     +  0.0000  11.2955
      6      [36m0.8839[0m        [32m0.8353[0m       0.6059      0.6059        1.2874        0.0000  10.3967
      7      [36m0.8929[0m        0.8464       0.6040      0.6040        1.2875        0.0000  10.3844
      8      [36m0.9018[0m        [32m0.7971[0m       0.6068      0.6068        1.2820        0.0000  10.5160
      9      0.8929        0.8159       0.6139      0.6139        1.2738        0.0000  10.4181
     10      [36m0.9375[0m        [32m0.7845[0m       0.6108      0.6108        1.2763        0.0000  10.4532
     11      0.9018        0.7876       0.6076      0.6076        1.2763        0.0000  10.3940
     12      0.8929        [32m0.7742[0m       0.6064      0.6064        1.2750        0.0000  10.4229
     13      0.8929        0.7908       0.6071      0.6071        1.2746        0.0000  10.4677
     14      0.9196        [32m0.7647[0m       0.6062      0.6062        1.2750        0.0000  10.4228
     15      0.9107        0.7796       0.6083      0.6083        1.2736        0.0000  10.3790
Stopping since valid_loss has not improved in the last 11 epochs.
Iteration 4: Test F1 Micro Score: 0.6689236111111111
Iteration 4: Test F1 Macro Score: 0.27593834086369096
Model checkpoint saved to C:\Users\localuserSKSG\Desktop\Shubham\RandomSampling/Multiclass/DinoS/seed_50/model_checkpoint_iteration_3.pt

Iteration 5: Requesting 96 samples.
Re-initializing module.
Re-initializing criterion.
Re-initializing optimizer.
  epoch    train_f1    train_loss    valid_acc    valid_f1    valid_loss    cp      lr      dur
-------  ----------  ------------  -----------  ----------  ------------  ----  ------  -------
      1      [36m0.7692[0m        [32m1.0481[0m       [35m0.6637[0m      [31m0.6637[0m        [94m1.2379[0m     +  0.0000  10.9386
      2      [36m0.8413[0m        [32m0.8868[0m       0.6627      0.6627        [94m1.2120[0m     +  0.0000  10.8910
      3      [36m0.8846[0m        [32m0.7861[0m       0.6264      0.6264        1.2391        0.0000  10.8448
      4      0.8846        [32m0.7429[0m       0.6097      0.6097        1.2307        0.0000  10.8570
      5      [36m0.9231[0m        [32m0.6894[0m       [35m0.6684[0m      [31m0.6684[0m        [94m1.1487[0m     +  0.0000  10.8387
      6      [36m0.9279[0m        [32m0.6368[0m       [35m0.6701[0m      [31m0.6701[0m        [94m1.1413[0m     +  0.0000  10.8922
      7      [36m0.9327[0m        [32m0.6290[0m       [35m0.6729[0m      [31m0.6729[0m        [94m1.1399[0m     +  0.0000  10.8751
      8      0.9231        [32m0.6231[0m       [35m0.6790[0m      [31m0.6790[0m        [94m1.1299[0m     +  0.0000  10.8952
      9      [36m0.9423[0m        [32m0.5975[0m       0.6703      0.6703        1.1372        0.0000  10.9218
     10      0.9423        [32m0.5878[0m       0.6660      0.6660        1.1411        0.0000  10.8394
     11      0.9423        [32m0.5701[0m       0.6745      0.6745        1.1338        0.0000  10.8487
     12      [36m0.9471[0m        0.5705       0.6753      0.6753        1.1304        0.0000  11.0483
     13      0.9471        0.5799       0.6757      0.6757        1.1307        0.0000  10.9968
     14      [36m0.9567[0m        0.5747       0.6769      0.6769        1.1307        0.0000  10.9211
     15      0.9567        [32m0.5684[0m       0.6766      0.6766        [94m1.1299[0m     +  0.0000  10.8293
     16      [36m0.9615[0m        [32m0.5636[0m       0.6769      0.6769        [94m1.1296[0m     +  0.0000  10.8916
     17      0.9519        0.5664       0.6774      0.6774        1.1298        0.0000  10.8740
     18      0.9519        [32m0.5609[0m       0.6774      0.6774        [94m1.1292[0m     +  0.0000  10.8460
     19      0.9567        0.5726       0.6773      0.6773        [94m1.1290[0m     +  0.0000  10.8911
     20      0.9567        0.5724       0.6767      0.6767        1.1300        0.0000  10.8788
     21      0.9567        0.5737       0.6769      0.6769        1.1299        0.0000  10.9110
     22      0.9615        0.5628       0.6769      0.6769        1.1301        0.0000  10.8381
     23      0.9615        [32m0.5592[0m       0.6769      0.6769        1.1301        0.0000  10.8569
     24      0.9567        0.5688       0.6769      0.6769        1.1300        0.0000  10.8458
     25      0.9567        [32m0.5524[0m       0.6769      0.6769        1.1298        0.0000  11.0051
     26      0.9567        0.5852       0.6769      0.6769        1.1298        0.0000  11.0178
     27      0.9567        0.5552       0.6771      0.6771        1.1297        0.0000  10.9687
     28      0.9423        0.5742       0.6769      0.6769        1.1297        0.0000  11.0091
     29      0.9567        0.5786       0.6771      0.6771        1.1297        0.0000  11.0320
Stopping since valid_loss has not improved in the last 11 epochs.
Iteration 5: Test F1 Micro Score: 0.7295138888888889
Iteration 5: Test F1 Macro Score: 0.33731691524166274
Model checkpoint saved to C:\Users\localuserSKSG\Desktop\Shubham\RandomSampling/Multiclass/DinoS/seed_50/model_checkpoint_iteration_4.pt

Iteration 6: Requesting 176 samples.
Re-initializing module.
Re-initializing criterion.
Re-initializing optimizer.
  epoch    train_f1    train_loss    valid_acc    valid_f1    valid_loss    cp      lr      dur
-------  ----------  ------------  -----------  ----------  ------------  ----  ------  -------
      1      [36m0.8255[0m        [32m0.8782[0m       [35m0.6773[0m      [31m0.6773[0m        [94m1.0407[0m     +  0.0000  12.1846
      2      [36m0.8724[0m        [32m0.6941[0m       [35m0.7134[0m      [31m0.7134[0m        [94m0.9716[0m     +  0.0000  12.2029
      3      [36m0.9036[0m        [32m0.6261[0m       0.7054      0.7054        0.9772        0.0000  12.0646
      4      [36m0.9245[0m        [32m0.5843[0m       0.6934      0.6934        0.9952        0.0000  12.1108
      5      [36m0.9453[0m        [32m0.5222[0m       0.7019      0.7019        [94m0.9648[0m     +  0.0000  12.0906
      6      [36m0.9635[0m        [32m0.4927[0m       [35m0.7321[0m      [31m0.7321[0m        [94m0.9042[0m     +  0.0000  12.1285
      7      0.9635        [32m0.4711[0m       0.7311      0.7311        0.9098        0.0000  12.0501
      8      [36m0.9740[0m        [32m0.4578[0m       [35m0.7325[0m      [31m0.7325[0m        0.9048        0.0000  12.1398
      9      0.9714        [32m0.4515[0m       [35m0.7337[0m      [31m0.7337[0m        [94m0.8988[0m     +  0.0000  12.0466
     10      0.9740        [32m0.4368[0m       [35m0.7370[0m      [31m0.7370[0m        [94m0.8958[0m     +  0.0000  12.1515
     11      [36m0.9766[0m        [32m0.4204[0m       0.7290      0.7290        0.9143        0.0000  12.1123
     12      0.9766        0.4253       0.7304      0.7304        0.9115        0.0000  12.2145
     13      [36m0.9792[0m        [32m0.4168[0m       0.7293      0.7293        0.9179        0.0000  12.0831
     14      0.9792        0.4233       0.7290      0.7290        0.9153        0.0000  12.1632
     15      0.9714        0.4371       0.7316      0.7316        0.9115        0.0000  12.1237
     16      0.9792        [32m0.4125[0m       0.7302      0.7302        0.9144        0.0000  12.0788
     17      0.9792        0.4295       0.7299      0.7299        0.9171        0.0000  12.2344
     18      [36m0.9818[0m        0.4129       0.7302      0.7302        0.9191        0.0000  12.0025
     19      0.9714        0.4199       0.7295      0.7295        0.9207        0.0000  12.1214
     20      0.9792        0.4242       0.7290      0.7290        0.9216        0.0000  12.0974
Stopping since valid_loss has not improved in the last 11 epochs.
Iteration 6: Test F1 Micro Score: 0.7621527777777778
Iteration 6: Test F1 Macro Score: 0.39223026819484935
Model checkpoint saved to C:\Users\localuserSKSG\Desktop\Shubham\RandomSampling/Multiclass/DinoS/seed_50/model_checkpoint_iteration_5.pt

Iteration 7: Requesting 320 samples.
Re-initializing module.
Re-initializing criterion.
Re-initializing optimizer.
  epoch    train_f1    train_loss    valid_acc    valid_f1    valid_loss    cp      lr      dur
-------  ----------  ------------  -----------  ----------  ------------  ----  ------  -------
      1      [36m0.8807[0m        [32m0.6209[0m       [35m0.7689[0m      [31m0.7689[0m        [94m0.8442[0m     +  0.0000  13.6931
      2      [36m0.9418[0m        [32m0.4771[0m       0.7590      0.7590        0.8614        0.0000  13.7181
      3      [36m0.9588[0m        [32m0.4268[0m       0.7439      0.7439        0.9032        0.0000  13.7475
      4      [36m0.9702[0m        [32m0.3672[0m       0.7599      0.7599        0.8640        0.0000  13.7158
      5      0.9702        [32m0.3490[0m       0.7682      0.7682        [94m0.8439[0m     +  0.0000  13.6250
      6      [36m0.9773[0m        [32m0.3214[0m       [35m0.7797[0m      [31m0.7797[0m        [94m0.8004[0m     +  0.0000  13.6677
      7      [36m0.9801[0m        [32m0.3104[0m       0.7743      0.7743        0.8087        0.0000  13.6356
      8      [36m0.9858[0m        [32m0.3030[0m       0.7773      0.7773        [94m0.7939[0m     +  0.0000  13.7188
      9      0.9858        0.3050       0.7783      0.7783        [94m0.7889[0m     +  0.0000  13.9894
     10      [36m0.9886[0m        [32m0.2852[0m       0.7722      0.7722        0.8122        0.0000  14.0848
     11      0.9858        0.2877       [35m0.7812[0m      [31m0.7812[0m        [94m0.7854[0m     +  0.0000  13.9533
     12      0.9886        [32m0.2755[0m       0.7792      0.7792        0.7921        0.0000  14.1140
     13      [36m0.9901[0m        0.2803       [35m0.7818[0m      [31m0.7818[0m        [94m0.7805[0m     +  0.0000  13.9681
     14      0.9886        0.2831       0.7795      0.7795        0.7913        0.0000  13.7938
     15      0.9872        0.2765       0.7790      0.7790        0.7915        0.0000  13.9353
     16      0.9886        0.2857       0.7804      0.7804        0.7866        0.0000  13.8907
     17      0.9886        0.2769       0.7800      0.7800        0.7877        0.0000  13.9847
     18      0.9858        0.2800       0.7809      0.7809        0.7857        0.0000  13.8911
     19      0.9872        0.2884       0.7795      0.7795        0.7851        0.0000  14.0291
     20      0.9901        0.2774       0.7797      0.7797        0.7882        0.0000  13.9537
     21      0.9872        0.2834       0.7799      0.7799        0.7882        0.0000  14.2650
     22      0.9901        [32m0.2735[0m       0.7800      0.7800        0.7882        0.0000  14.0752
     23      0.9886        0.2808       0.7800      0.7800        0.7882        0.0000  14.1695
Stopping since valid_loss has not improved in the last 11 epochs.
Iteration 7: Test F1 Micro Score: 0.7935763888888888
Iteration 7: Test F1 Macro Score: 0.4117287041242337
Model checkpoint saved to C:\Users\localuserSKSG\Desktop\Shubham\RandomSampling/Multiclass/DinoS/seed_50/model_checkpoint_iteration_6.pt

Iteration 8: Requesting 560 samples.
Re-initializing module.
Re-initializing criterion.
Re-initializing optimizer.
  epoch    train_f1    train_loss    valid_acc    valid_f1    valid_loss    cp      lr      dur
-------  ----------  ------------  -----------  ----------  ------------  ----  ------  -------
      1      [36m0.9122[0m        [32m0.4744[0m       [35m0.7875[0m      [31m0.7875[0m        [94m0.7482[0m     +  0.0000  16.7489
      2      [36m0.9438[0m        [32m0.3772[0m       [35m0.8148[0m      [31m0.8148[0m        [94m0.6943[0m     +  0.0000  16.6842
      3      [36m0.9676[0m        [32m0.3133[0m       [35m0.8201[0m      [31m0.8201[0m        [94m0.6804[0m     +  0.0000  16.9381
      4      [36m0.9691[0m        [32m0.2889[0m       0.8193      0.8193        [94m0.6457[0m     +  0.0000  16.7631
      5      [36m0.9747[0m        [32m0.2783[0m       0.7967      0.7967        0.7405        0.0000  16.7516
      6      [36m0.9850[0m        [32m0.2395[0m       0.7931      0.7931        0.7236        0.0000  16.7774
      7      [36m0.9858[0m        [32m0.2281[0m       0.8010      0.8010        0.7009        0.0000  16.5526
      8      [36m0.9897[0m        [32m0.2221[0m       0.8054      0.8054        0.6943        0.0000  16.6590
      9      [36m0.9913[0m        [32m0.2136[0m       0.7981      0.7981        0.7173        0.0000  16.7790
     10      [36m0.9921[0m        [32m0.2111[0m       0.7998      0.7998        0.7094        0.0000  16.8217
     11      [36m0.9937[0m        [32m0.2025[0m       0.8000      0.8000        0.7062        0.0000  16.8968
     12      [36m0.9945[0m        [32m0.1959[0m       0.8009      0.8009        0.7069        0.0000  16.7501
     13      0.9937        0.1976       0.8012      0.8012        0.7056        0.0000  16.7182
     14      0.9945        0.2019       0.8017      0.8017        0.7043        0.0000  17.0254
Stopping since valid_loss has not improved in the last 11 epochs.
Iteration 8: Test F1 Micro Score: 0.7965277777777777
Iteration 8: Test F1 Macro Score: 0.4451452614198387
Model checkpoint saved to C:\Users\localuserSKSG\Desktop\Shubham\RandomSampling/Multiclass/DinoS/seed_50/model_checkpoint_iteration_7.pt

Iteration 9: Requesting 1000 samples.
Re-initializing module.
Re-initializing criterion.
Re-initializing optimizer.
  epoch    train_f1    train_loss    valid_acc    valid_f1    valid_loss    cp      lr      dur
-------  ----------  ------------  -----------  ----------  ------------  ----  ------  -------
      1      [36m0.9351[0m        [32m0.3833[0m       [35m0.7979[0m      [31m0.7979[0m        [94m0.6629[0m     +  0.0000  21.9202
      2      [36m0.9572[0m        [32m0.3012[0m       0.7720      0.7720        0.7705        0.0000  21.7351
      3      [36m0.9673[0m        [32m0.2743[0m       [35m0.8562[0m      [31m0.8562[0m        [94m0.5325[0m     +  0.0000  21.7731
      4      [36m0.9744[0m        [32m0.2430[0m       0.8118      0.8118        0.6498        0.0000  21.7351
      5      [36m0.9779[0m        [32m0.2218[0m       0.8042      0.8042        0.6654        0.0000  21.6239
      6      [36m0.9823[0m        [32m0.1999[0m       0.8326      0.8326        0.5666        0.0000  21.7303
      7      [36m0.9841[0m        [32m0.1879[0m       0.8307      0.8307        0.5735        0.0000  21.5469
      8      [36m0.9885[0m        [32m0.1749[0m       0.8319      0.8319        0.5695        0.0000  21.5151
      9      [36m0.9907[0m        [32m0.1703[0m       0.8366      0.8366        0.5616        0.0000  21.8344
     10      [36m0.9912[0m        [32m0.1614[0m       0.8299      0.8299        0.5722        0.0000  21.5762
     11      [36m0.9916[0m        [32m0.1562[0m       0.8250      0.8250        0.5880        0.0000  21.5181
     12      [36m0.9934[0m        [32m0.1517[0m       0.8241      0.8241        0.5902        0.0000  21.6408
     13      0.9920        0.1563       0.8222      0.8222        0.5915        0.0000  21.7028
Stopping since valid_loss has not improved in the last 11 epochs.
Iteration 9: Test F1 Micro Score: 0.8401041666666667
Iteration 9: Test F1 Macro Score: 0.5120613308808192
Model checkpoint saved to C:\Users\localuserSKSG\Desktop\Shubham\RandomSampling/Multiclass/DinoS/seed_50/model_checkpoint_iteration_8.pt

Iteration 10: Requesting 1776 samples.
Re-initializing module.
Re-initializing criterion.
Re-initializing optimizer.
  epoch    train_f1    train_loss    valid_acc    valid_f1    valid_loss    cp      lr      dur
-------  ----------  ------------  -----------  ----------  ------------  ----  ------  -------
      1      [36m0.9512[0m        [32m0.3063[0m       [35m0.8245[0m      [31m0.8245[0m        [94m0.5977[0m     +  0.0000  30.4827
      2      [36m0.9631[0m        [32m0.2523[0m       0.8102      0.8102        0.6537        0.0000  30.5384
      3      [36m0.9666[0m        [32m0.2296[0m       0.8144      0.8144        0.6201        0.0000  30.5938
      4      [36m0.9733[0m        [32m0.1999[0m       0.8019      0.8019        0.6951        0.0000  30.2973
      5      [36m0.9765[0m        [32m0.1786[0m       [35m0.8250[0m      [31m0.8250[0m        [94m0.5725[0m     +  0.0000  30.3929
      6      [36m0.9822[0m        [32m0.1530[0m       0.8231      0.8231        0.5975        0.0000  30.4814
      7      [36m0.9861[0m        [32m0.1385[0m       [35m0.8253[0m      [31m0.8253[0m        0.5960        0.0000  30.5768
      8      [36m0.9879[0m        [32m0.1314[0m       [35m0.8285[0m      [31m0.8285[0m        0.5924        0.0000  30.7184
      9      [36m0.9901[0m        [32m0.1229[0m       0.8276      0.8276        0.6066        0.0000  30.5553
     10      [36m0.9916[0m        [32m0.1170[0m       0.8205      0.8205        0.6419        0.0000  30.5467
     11      0.9916        [32m0.1148[0m       [35m0.8319[0m      [31m0.8319[0m        0.5969        0.0000  30.3728
     12      [36m0.9933[0m        [32m0.1098[0m       0.8311      0.8311        0.6020        0.0000  30.6195
     13      0.9926        0.1099       0.8292      0.8292        0.6070        0.0000  30.4008
     14      0.9931        [32m0.1071[0m       0.8297      0.8297        0.6078        0.0000  30.3281
     15      [36m0.9938[0m        [32m0.1045[0m       0.8236      0.8236        0.6231        0.0000  30.4268
Stopping since valid_loss has not improved in the last 11 epochs.
Iteration 10: Test F1 Micro Score: 0.8388888888888889
Iteration 10: Test F1 Macro Score: 0.49478772415290423
Model checkpoint saved to C:\Users\localuserSKSG\Desktop\Shubham\RandomSampling/Multiclass/DinoS/seed_50/model_checkpoint_iteration_9.pt

Iteration 11: Requesting 3160 samples.
Re-initializing module.
Re-initializing criterion.
Re-initializing optimizer.
  epoch    train_f1    train_loss    valid_acc    valid_f1    valid_loss    cp      lr      dur
-------  ----------  ------------  -----------  ----------  ------------  ----  ------  -------
      1      [36m0.9644[0m        [32m0.2049[0m       [35m0.8217[0m      [31m0.8217[0m        [94m0.5874[0m     +  0.0000  45.9822
      2      [36m0.9692[0m        [32m0.1749[0m       0.8095      0.8095        0.6091        0.0000  46.2357
      3      [36m0.9758[0m        [32m0.1483[0m       0.8208      0.8208        [94m0.5854[0m     +  0.0000  46.2955
      4      [36m0.9774[0m        [32m0.1323[0m       0.7769      0.7769        0.7385        0.0000  46.0598
      5      [36m0.9808[0m        [32m0.1180[0m       [35m0.8262[0m      [31m0.8262[0m        [94m0.5748[0m     +  0.0000  45.8144
      6      [36m0.9864[0m        [32m0.0953[0m       [35m0.8462[0m      [31m0.8462[0m        [94m0.5273[0m     +  0.0000  46.4144
      7      [36m0.9904[0m        [32m0.0845[0m       0.8405      0.8405        0.5512        0.0000  46.4379
      8      [36m0.9912[0m        [32m0.0774[0m       0.8385      0.8385        0.5594        0.0000  46.4309
      9      [36m0.9924[0m        [32m0.0730[0m       0.8304      0.8304        0.6027        0.0000  46.5174
     10      [36m0.9936[0m        [32m0.0659[0m       0.8292      0.8292        0.6158        0.0000  46.3871
     11      [36m0.9951[0m        [32m0.0608[0m       0.8208      0.8208        0.6492        0.0000  46.3104
     12      [36m0.9960[0m        [32m0.0582[0m       0.8219      0.8219        0.6541        0.0000  46.0014
     13      0.9958        [32m0.0577[0m       0.8196      0.8196        0.6641        0.0000  46.3709
     14      [36m0.9964[0m        [32m0.0564[0m       0.8215      0.8215        0.6640        0.0000  46.8103
     15      0.9961        [32m0.0544[0m       0.8205      0.8205        0.6718        0.0000  46.7518
     16      [36m0.9969[0m        [32m0.0536[0m       0.8203      0.8203        0.6766        0.0000  46.6244
Stopping since valid_loss has not improved in the last 11 epochs.
Iteration 11: Test F1 Micro Score: 0.8506944444444444
Iteration 11: Test F1 Macro Score: 0.5075630006192029
Model checkpoint saved to C:\Users\localuserSKSG\Desktop\Shubham\RandomSampling/Multiclass/DinoS/seed_50/model_checkpoint_iteration_10.pt

Iteration 12: Requesting 5624 samples.
Re-initializing module.
Re-initializing criterion.
Re-initializing optimizer.
  epoch    train_f1    train_loss    valid_acc    valid_f1    valid_loss    cp      lr      dur
-------  ----------  ------------  -----------  ----------  ------------  ----  ------  -------
      1      [36m0.9655[0m        [32m0.1543[0m       [35m0.8299[0m      [31m0.8299[0m        [94m0.4994[0m     +  0.0000  74.8321
      2      [36m0.9709[0m        [32m0.1308[0m       [35m0.8547[0m      [31m0.8547[0m        [94m0.4481[0m     +  0.0000  75.1074
      3      [36m0.9734[0m        [32m0.1153[0m       0.8227      0.8227        0.5679        0.0000  74.3039
      4      [36m0.9782[0m        [32m0.1014[0m       0.8333      0.8333        0.5424        0.0000  75.5253
      5      [36m0.9810[0m        [32m0.0874[0m       0.8264      0.8264        0.5848        0.0000  75.2341
      6      [36m0.9869[0m        [32m0.0664[0m       0.8425      0.8425        0.5362        0.0000  74.9554
      7      [36m0.9906[0m        [32m0.0566[0m       0.8415      0.8415        0.5547        0.0000  75.5493
      8      [36m0.9927[0m        [32m0.0493[0m       0.8363      0.8363        0.5961        0.0000  75.1996
      9      [36m0.9932[0m        [32m0.0464[0m       0.8418      0.8418        0.5951        0.0000  75.3439
     10      [36m0.9946[0m        [32m0.0402[0m       0.8352      0.8352        0.6539        0.0000  75.1544
     11      [36m0.9960[0m        [32m0.0366[0m       0.8359      0.8359        0.6781        0.0000  74.1661
     12      [36m0.9967[0m        [32m0.0343[0m       0.8358      0.8358        0.6872        0.0000  75.4404
Stopping since valid_loss has not improved in the last 11 epochs.
Iteration 12: Test F1 Micro Score: 0.8444444444444444
Iteration 12: Test F1 Macro Score: 0.5102156402999265
Model checkpoint saved to C:\Users\localuserSKSG\Desktop\Shubham\RandomSampling/Multiclass/DinoS/seed_50/model_checkpoint_iteration_11.pt

Iteration 13: Requesting 10000 samples.
Re-initializing module.
Re-initializing criterion.
Re-initializing optimizer.
  epoch    train_f1    train_loss    valid_acc    valid_f1    valid_loss    cp      lr       dur
-------  ----------  ------------  -----------  ----------  ------------  ----  ------  --------
      1      [36m0.9635[0m        [32m0.1477[0m       [35m0.8389[0m      [31m0.8389[0m        [94m0.4757[0m     +  0.0000  125.7298
      2      [36m0.9670[0m        [32m0.1272[0m       0.8333      0.8333        0.5043        0.0000  126.0968
      3      [36m0.9713[0m        [32m0.1127[0m       0.8158      0.8158        0.6049        0.0000  126.2186
      4      [36m0.9756[0m        [32m0.0960[0m       0.8023      0.8023        0.6604        0.0000  125.4516
      5      [36m0.9777[0m        [32m0.0868[0m       0.8115      0.8115        0.6706        0.0000  126.9236
      6      [36m0.9846[0m        [32m0.0623[0m       0.8300      0.8300        0.5927        0.0000  127.6070
      7      [36m0.9885[0m        [32m0.0515[0m       0.8311      0.8311        0.6192        0.0000  126.6718
      8      [36m0.9917[0m        [32m0.0439[0m       0.8332      0.8332        0.6540        0.0000  126.4065
      9      [36m0.9932[0m        [32m0.0382[0m       0.8309      0.8309        0.6741        0.0000  124.8462
     10      [36m0.9944[0m        [32m0.0333[0m       0.8307      0.8307        0.7219        0.0000  127.5428
     11      [36m0.9959[0m        [32m0.0286[0m       0.8351      0.8351        0.7398        0.0000  128.0939
Stopping since valid_loss has not improved in the last 11 epochs.
Iteration 13: Test F1 Micro Score: 0.8394097222222222
Iteration 13: Test F1 Macro Score: 0.4859730265467457
Model checkpoint saved to C:\Users\localuserSKSG\Desktop\Shubham\RandomSampling/Multiclass/DinoS/seed_50/model_checkpoint_iteration_12.pt

Iteration 14: Requesting all remaining samples.
Re-initializing module.
Re-initializing criterion.
Re-initializing optimizer.
  epoch    train_f1    train_loss    valid_acc    valid_f1    valid_loss    cp      lr       dur
-------  ----------  ------------  -----------  ----------  ------------  ----  ------  --------
      1      [36m0.9663[0m        [32m0.1295[0m       [35m0.8571[0m      [31m0.8571[0m        [94m0.4483[0m     +  0.0000  148.1267
      2      [36m0.9708[0m        [32m0.1126[0m       0.8436      0.8436        0.4816        0.0000  148.0467
      3      [36m0.9734[0m        [32m0.0977[0m       0.8226      0.8226        0.5821        0.0000  147.3246
      4      [36m0.9773[0m        [32m0.0863[0m       0.8210      0.8210        0.6262        0.0000  148.7986
      5      [36m0.9787[0m        [32m0.0763[0m       0.8299      0.8299        0.6209        0.0000  147.2394
      6      [36m0.9852[0m        [32m0.0575[0m       0.8361      0.8361        0.6299        0.0000  148.0418
      7      [36m0.9896[0m        [32m0.0450[0m       0.8365      0.8365        0.6563        0.0000  147.6974
      8      [36m0.9928[0m        [32m0.0380[0m       0.8373      0.8373        0.6796        0.0000  148.3938
      9      [36m0.9942[0m        [32m0.0321[0m       0.8410      0.8410        0.6818        0.0000  149.3904
     10      [36m0.9953[0m        [32m0.0278[0m       0.8450      0.8450        0.6997        0.0000  148.3698
     11      [36m0.9968[0m        [32m0.0237[0m       0.8387      0.8387        0.7277        0.0000  149.5005
Stopping since valid_loss has not improved in the last 11 epochs.
Iteration 14: Test F1 Micro Score: 0.8548611111111111
Iteration 14: Test F1 Macro Score: 0.5517575517994499
Model checkpoint saved to C:\Users\localuserSKSG\Desktop\Shubham\RandomSampling/Multiclass/DinoS/seed_50/model_checkpoint_iteration_13.pt
Pickle file saved to C:\Users\localuserSKSG\Desktop\Shubham\RandomSampling/Multiclass/DinoS/seed_50\random_sampling_results_for_multilabel_classification_s50.pickle
