Train set shape: (26880, 5)
Val set shape:   (5760, 5)
Test set shape:  (5760, 5)
Selected images DataFrame (Uncertainty Sampling):
   Iteration                                       Sample_Names
0          1  Spule035_Image0269.jpg,Spule020_Image0191.jpg,...
1          2  Spule009_Image0485.jpg,Spule013_Image0666.jpg,...
2          3  Spule030_Image0034.jpg,Spule020_Image0913.jpg,...
3          4  Spule012_Image0440.jpg,Spule004_Image0258.jpg,...
4          5  Spule010_Image0403.jpg,Spule013_Image0954.jpg,...
  epoch    train_f1    train_loss    valid_acc    valid_f1    valid_loss    cp      lr     dur
-------  ----------  ------------  -----------  ----------  ------------  ----  ------  ------
      1      [36m0.5556[0m        [32m0.7207[0m       [35m0.0003[0m      [31m0.7915[0m        [94m0.7207[0m     +  0.0000  7.9422
      2      0.2222        [32m0.6679[0m       0.0003      0.5263        0.7225        0.0000  7.4538
      3      0.4444        0.6807       [35m0.0495[0m      0.3404        [94m0.7013[0m     +  0.0000  7.4515
      4      0.5111        [32m0.6316[0m       0.0266      0.3296        0.7143        0.0000  7.4743
      5      [36m0.6869[0m        [32m0.6097[0m       [35m0.0611[0m      0.3959        0.7159        0.0000  7.4990
      6      [36m0.7778[0m        0.6111       [35m0.0911[0m      0.4198        0.7036        0.0000  7.5660
      7      [36m0.8381[0m        [32m0.5775[0m       0.0882      0.4179        0.7057        0.0000  7.5996
      8      0.8381        0.5853       0.0894      0.4147        0.7081        0.0000  7.5669
      9      [36m0.8796[0m        0.5809       0.0816      0.4111        0.7117        0.0000  7.5828
     10      0.7407        [32m0.5489[0m       [35m0.0918[0m      0.4155        0.7097        0.0000  7.5623
     11      [36m0.8857[0m        0.5637       [35m0.0948[0m      0.4159        0.7084        0.0000  7.5791
     12      0.5979        0.5869       0.0936      0.4161        0.7100        0.0000  7.6085
     13      0.8024        0.5522       0.0941      0.4163        0.7094        0.0000  7.6176
Stopping since valid_loss has not improved in the last 11 epochs.
Pre-training scores with initial data:
  F1 (macro) = 0.4351
  F1 (micro) = 0.4440
  Accuracy   = 0.1142

Query 1: Using images from iteration=2 (uncertainty sampling).
Re-initializing module.
Re-initializing criterion.
Re-initializing optimizer.
  epoch    train_f1    train_loss    valid_acc    valid_f1    valid_loss    cp      lr     dur
-------  ----------  ------------  -----------  ----------  ------------  ----  ------  ------
      1      [36m0.5375[0m        [32m0.6693[0m       [35m0.3299[0m      [31m0.1538[0m        [94m0.6501[0m     +  0.0000  7.6795
      2      0.1254        [32m0.6370[0m       [35m0.4220[0m      0.1263        [94m0.6425[0m     +  0.0000  7.6252
      3      0.1250        [32m0.6126[0m       [35m0.4573[0m      0.0819        [94m0.6399[0m     +  0.0000  7.6469
      4      0.4353        [32m0.5859[0m       0.4556      0.0566        [94m0.6347[0m     +  0.0000  7.6268
      5      0.2088        [32m0.5831[0m       0.4512      0.0552        [94m0.6283[0m     +  0.0000  7.6593
      6      0.4148        [32m0.5673[0m       0.4491      0.0351        [94m0.6263[0m     +  0.0000  7.6099
      7      0.4481        [32m0.5602[0m       0.4503      0.0454        [94m0.6240[0m     +  0.0000  7.6594
      8      0.4929        [32m0.5497[0m       0.4477      0.0444        0.6250        0.0000  7.6307
      9      [36m0.6869[0m        [32m0.5150[0m       0.4486      0.0364        [94m0.6211[0m     +  0.0000  7.6568
     10      0.5945        0.5283       0.4500      0.0585        [94m0.6198[0m     +  0.0000  7.7234
     11      [36m0.7204[0m        0.5405       0.4502      0.0640        [94m0.6189[0m     +  0.0000  7.6350
     12      0.5434        0.5440       0.4516      0.0709        [94m0.6183[0m     +  0.0000  7.6408
     13      0.6294        0.5375       0.4497      0.0620        0.6185        0.0000  7.6585
     14      [36m0.7532[0m        0.5150       0.4500      0.0556        [94m0.6170[0m     +  0.0000  7.7035
     15      0.5688        0.5219       0.4502      0.0644        [94m0.6168[0m     +  0.0000  7.6376
     16      0.7051        [32m0.5099[0m       0.4497      0.0627        [94m0.6167[0m     +  0.0000  7.6987
     17      0.6551        0.5243       0.4498      0.0636        [94m0.6166[0m     +  0.0000  7.6294
     18      0.5333        0.5201       0.4498      0.0628        [94m0.6164[0m     +  0.0000  7.6378
     19      0.7110        0.5282       0.4500      0.0624        [94m0.6158[0m     +  0.0000  7.6881
     20      0.5521        0.5378       0.4500      0.0612        [94m0.6154[0m     +  0.0000  7.6394
     21      0.6313        0.5315       0.4500      0.0617        [94m0.6153[0m     +  0.0000  7.6905
     22      0.7350        0.5200       0.4498      0.0603        [94m0.6152[0m     +  0.0000  7.6945
     23      0.5809        0.5215       0.4500      0.0620        [94m0.6151[0m     +  0.0000  7.6534
     24      0.5296        0.5255       0.4500      0.0620        [94m0.6151[0m     +  0.0000  7.6179
     25      0.7204        0.5161       0.4500      0.0618        [94m0.6150[0m     +  0.0000  7.6641
     26      0.6996        0.5243       0.4500      0.0618        [94m0.6150[0m     +  0.0000  7.6155
     27      0.6818        0.5192       0.4500      0.0625        [94m0.6150[0m     +  0.0000  7.6518
     28      0.7051        0.5268       0.4500      0.0620        [94m0.6150[0m     +  0.0000  7.6442
     29      0.6263        0.5209       0.4500      0.0623        [94m0.6149[0m     +  0.0000  7.6981
     30      0.5570        0.5271       0.4500      0.0623        [94m0.6149[0m     +  0.0000  7.6298
     31      0.7051        [32m0.5057[0m       0.4500      0.0623        [94m0.6149[0m     +  0.0000  7.6717
     32      0.5296        0.5148       0.4500      0.0623        [94m0.6149[0m     +  0.0000  7.6489
     33      0.7350        0.5135       0.4500      0.0623        [94m0.6149[0m     +  0.0000  7.6322
     34      0.6538        0.5184       0.4498      0.0623        [94m0.6149[0m     +  0.0000  7.6244
     35      0.5571        0.5187       0.4498      0.0623        [94m0.6149[0m     +  0.0000  7.7455
     36      0.6313        0.5246       0.4498      0.0623        [94m0.6149[0m     +  0.0000  7.8615
     37      0.6041        0.5297       0.4498      0.0623        [94m0.6148[0m     +  0.0000  7.8660
     38      0.6698        0.5317       0.4498      0.0623        [94m0.6148[0m     +  0.0000  7.6989
     39      [36m0.8093[0m        0.5125       0.4498      0.0623        [94m0.6148[0m     +  0.0000  7.7586
     40      0.6020        0.5173       0.4498      0.0623        [94m0.6148[0m     +  0.0000  7.7800
     41      0.6501        0.5349       0.4498      0.0623        [94m0.6148[0m     +  0.0000  7.7094
     42      0.7802        0.5077       0.4498      0.0623        0.6148        0.0000  7.7198
     43      0.7222        0.5128       0.4498      0.0623        [94m0.6148[0m     +  0.0000  7.8072
     44      0.6434        0.5122       0.4498      0.0623        [94m0.6148[0m     +  0.0000  7.7712
Stopping since valid_loss has not improved in the last 11 epochs.
Iteration 1 Test Accuracy: 0.4818
Iteration 1 Test F1 Score (micro): 0.1554
Iteration 1 Test F1 Score (macro): 0.1542
Model checkpoint saved to C:\Users\localuserSKSG\Desktop\Shubham\ActiveLearning/Multilabel_from_multiclass/DinoS/uncertainty_sampling_seed42_test\model_checkpoint_iteration_0.pt

Query 2: Using images from iteration=3 (uncertainty sampling).
Re-initializing module.
Re-initializing criterion.
Re-initializing optimizer.
  epoch    train_f1    train_loss    valid_acc    valid_f1    valid_loss    cp      lr     dur
-------  ----------  ------------  -----------  ----------  ------------  ----  ------  ------
      1      [36m0.4744[0m        [32m0.5811[0m       [35m0.3642[0m      [31m0.5472[0m        [94m0.5998[0m     +  0.0000  7.9189
      2      [36m0.6487[0m        [32m0.5732[0m       [35m0.4503[0m      0.0283        [94m0.5970[0m     +  0.0000  7.7523
      3      0.1333        0.5774       [35m0.5186[0m      0.5252        [94m0.5748[0m     +  0.0000  7.7844
      4      [36m0.6845[0m        [32m0.5492[0m       0.4795      0.1847        [94m0.5564[0m     +  0.0000  7.7681
      5      0.5369        [32m0.5241[0m       [35m0.5733[0m      [31m0.6599[0m        [94m0.5275[0m     +  0.0000  7.7951
      6      [36m0.7779[0m        [32m0.5017[0m       0.5408      0.6170        [94m0.5200[0m     +  0.0000  7.7949
      7      0.7670        [32m0.4791[0m       0.5510      0.6347        [94m0.5152[0m     +  0.0000  7.7307
      8      [36m0.8045[0m        0.4844       [35m0.5825[0m      [31m0.6843[0m        [94m0.5111[0m     +  0.0000  7.6581
      9      [36m0.8150[0m        [32m0.4691[0m       0.5740      0.6678        [94m0.5068[0m     +  0.0000  7.7088
     10      [36m0.8151[0m        [32m0.4642[0m       [35m0.5979[0m      [31m0.7010[0m        [94m0.5028[0m     +  0.0000  7.7403
     11      [36m0.8324[0m        [32m0.4576[0m       0.5939      0.6960        [94m0.5013[0m     +  0.0000  7.7079
     12      [36m0.8500[0m        [32m0.4555[0m       0.5970      0.7009        [94m0.5001[0m     +  0.0000  7.7430
     13      0.7974        0.4635       [35m0.6035[0m      [31m0.7096[0m        [94m0.4988[0m     +  0.0000  7.7869
     14      0.8362        0.4607       [35m0.6049[0m      [31m0.7116[0m        [94m0.4975[0m     +  0.0000  7.6921
     15      0.8291        0.4598       [35m0.6142[0m      [31m0.7204[0m        [94m0.4961[0m     +  0.0000  7.7388
     16      0.8194        0.4565       0.6108      0.7176        [94m0.4957[0m     +  0.0000  7.7087
     17      0.8396        [32m0.4539[0m       0.6134      [31m0.7213[0m        [94m0.4954[0m     +  0.0000  7.7085
     18      [36m0.8523[0m        0.4553       [35m0.6163[0m      [31m0.7254[0m        [94m0.4949[0m     +  0.0000  7.7570
     19      0.8249        [32m0.4496[0m       0.6160      0.7245        [94m0.4945[0m     +  0.0000  7.7084
     20      0.8493        [32m0.4341[0m       0.6160      0.7249        [94m0.4941[0m     +  0.0000  7.6771
     21      0.8278        0.4515       0.6160      0.7249        [94m0.4939[0m     +  0.0000  7.7081
     22      [36m0.8839[0m        0.4436       0.6160      0.7244        [94m0.4938[0m     +  0.0000  7.6930
     23      [36m0.8901[0m        0.4487       0.6160      0.7242        [94m0.4936[0m     +  0.0000  7.7704
     24      0.8570        0.4431       [35m0.6174[0m      [31m0.7264[0m        [94m0.4935[0m     +  0.0000  7.7547
     25      0.8416        0.4435       [35m0.6175[0m      [31m0.7268[0m        [94m0.4933[0m     +  0.0000  7.8026
     26      0.8655        0.4514       0.6175      0.7268        [94m0.4932[0m     +  0.0000  7.6920
     27      [36m0.9012[0m        0.4441       0.6175      0.7267        [94m0.4932[0m     +  0.0000  7.7078
     28      [36m0.9015[0m        0.4427       [35m0.6182[0m      [31m0.7273[0m        [94m0.4931[0m     +  0.0000  7.7556
     29      0.8426        0.4509       0.6181      0.7272        [94m0.4930[0m     +  0.0000  7.6763
     30      0.8719        0.4377       [35m0.6191[0m      [31m0.7279[0m        [94m0.4930[0m     +  0.0000  7.6923
     31      0.8501        0.4548       0.6191      0.7279        [94m0.4929[0m     +  0.0000  7.7707
     32      0.8307        0.4610       [35m0.6193[0m      [31m0.7280[0m        [94m0.4929[0m     +  0.0000  7.7388
     33      0.8151        0.4527       0.6189      0.7278        [94m0.4929[0m     +  0.0000  7.7091
     34      0.8522        0.4568       0.6191      0.7279        [94m0.4929[0m     +  0.0000  7.6918
     35      0.8503        0.4465       0.6193      0.7279        [94m0.4929[0m     +  0.0000  7.7236
     36      0.8530        0.4527       0.6193      0.7279        [94m0.4928[0m     +  0.0000  7.7073
     37      0.8565        0.4433       0.6191      0.7280        [94m0.4928[0m     +  0.0000  7.7866
     38      0.8952        0.4502       0.6191      0.7280        [94m0.4928[0m     +  0.0000  7.7556
     39      0.8482        0.4459       0.6191      0.7280        [94m0.4928[0m     +  0.0000  7.7386
     40      0.8523        0.4528       0.6191      0.7279        [94m0.4928[0m     +  0.0000  7.6943
     41      0.8620        0.4505       0.6191      0.7279        [94m0.4928[0m     +  0.0000  7.7230
     42      0.8202        0.4586       [35m0.6194[0m      [31m0.7282[0m        [94m0.4928[0m     +  0.0000  7.7236
     43      0.8202        0.4516       0.6194      0.7282        [94m0.4928[0m     +  0.0000  7.6754
     44      0.8504        0.4540       0.6194      0.7282        [94m0.4928[0m     +  0.0000  7.7287
     45      0.8600        0.4499       0.6194      0.7282        [94m0.4928[0m     +  0.0000  7.6925
     46      0.8839        0.4553       0.6194      0.7282        [94m0.4928[0m     +  0.0000  7.7542
     47      0.8107        0.4653       0.6194      0.7282        [94m0.4928[0m     +  0.0000  7.7389
     48      0.8042        0.4528       0.6194      0.7282        [94m0.4928[0m     +  0.0000  7.7085
     49      0.8139        0.4535       0.6194      0.7282        [94m0.4928[0m     +  0.0000  7.7398
     50      0.8555        0.4550       0.6194      0.7282        [94m0.4928[0m     +  0.0000  7.6924
     51      0.8616        0.4481       0.6194      0.7282        [94m0.4928[0m     +  0.0000  7.7391
     52      0.8668        0.4527       0.6194      0.7282        [94m0.4928[0m     +  0.0000  7.7403
     53      0.8740        0.4503       0.6194      0.7282        [94m0.4928[0m     +  0.0000  7.6917
     54      0.8380        0.4455       0.6194      0.7282        [94m0.4928[0m     +  0.0000  7.7404
Stopping since valid_loss has not improved in the last 11 epochs.
Iteration 2 Test Accuracy: 0.7101
Iteration 2 Test F1 Score (micro): 0.8108
Iteration 2 Test F1 Score (macro): 0.7904
Model checkpoint saved to C:\Users\localuserSKSG\Desktop\Shubham\ActiveLearning/Multilabel_from_multiclass/DinoS/uncertainty_sampling_seed42_test\model_checkpoint_iteration_1.pt

Query 3: Using images from iteration=4 (uncertainty sampling).
Re-initializing module.
Re-initializing criterion.
Re-initializing optimizer.
  epoch    train_f1    train_loss    valid_acc    valid_f1    valid_loss    cp      lr     dur
-------  ----------  ------------  -----------  ----------  ------------  ----  ------  ------
      1      [36m0.8160[0m        [32m0.4818[0m       [35m0.6793[0m      [31m0.8141[0m        [94m0.4834[0m     +  0.0000  7.9900
      2      [36m0.8601[0m        [32m0.4732[0m       0.4903      0.2970        0.5211        0.0000  7.8813
      3      0.4940        0.5077       0.5609      0.7623        0.5405        0.0000  7.8634
      4      0.7814        0.5312       0.6542      0.7894        [94m0.4466[0m     +  0.0000  7.8635
      5      0.8519        [32m0.4388[0m       [35m0.7179[0m      [31m0.8432[0m        [94m0.4324[0m     +  0.0000  7.8644
      6      [36m0.8788[0m        [32m0.4180[0m       0.7132      0.8408        [94m0.4294[0m     +  0.0000  7.8968
      7      [36m0.8801[0m        [32m0.4121[0m       0.7094      0.8389        [94m0.4270[0m     +  0.0000  7.8942
      8      [36m0.8871[0m        [32m0.4071[0m       0.7059      0.8358        [94m0.4248[0m     +  0.0000  7.8957
      9      0.8737        0.4089       0.7095      0.8385        [94m0.4229[0m     +  0.0000  7.9416
     10      0.8847        [32m0.4056[0m       0.7080      0.8360        [94m0.4209[0m     +  0.0000  7.9117
     11      0.8559        0.4100       0.7102      0.8373        [94m0.4202[0m     +  0.0000  7.8806
     12      0.8596        0.4146       0.7099      0.8372        [94m0.4195[0m     +  0.0000  7.8961
     13      0.8714        0.4065       0.7120      0.8383        [94m0.4186[0m     +  0.0000  7.8955
     14      0.8823        [32m0.4027[0m       0.7102      0.8370        [94m0.4180[0m     +  0.0000  7.8661
     15      0.8722        [32m0.4012[0m       0.7101      0.8369        [94m0.4174[0m     +  0.0000  7.8781
     16      0.8823        [32m0.3919[0m       0.7106      0.8370        [94m0.4172[0m     +  0.0000  7.9275
     17      0.8841        0.4011       0.7108      0.8372        [94m0.4169[0m     +  0.0000  7.9426
     18      [36m0.8975[0m        0.4004       0.7104      0.8368        [94m0.4166[0m     +  0.0000  7.8950
     19      0.8812        0.4000       0.7109      0.8376        [94m0.4164[0m     +  0.0000  7.8636
     20      0.8801        0.3963       0.7106      0.8369        [94m0.4162[0m     +  0.0000  7.8947
     21      0.8919        [32m0.3914[0m       0.7106      0.8369        [94m0.4161[0m     +  0.0000  7.9131
     22      0.8970        0.3940       0.7106      0.8368        [94m0.4160[0m     +  0.0000  7.8790
     23      0.8713        0.3985       0.7106      0.8368        [94m0.4159[0m     +  0.0000  7.8806
     24      0.8870        0.3988       0.7116      0.8378        [94m0.4158[0m     +  0.0000  7.9273
     25      0.8857        0.3936       0.7118      0.8379        [94m0.4157[0m     +  0.0000  7.9269
     26      [36m0.8988[0m        0.3960       0.7118      0.8380        [94m0.4157[0m     +  0.0000  7.8634
     27      0.8874        0.3931       0.7118      0.8379        [94m0.4157[0m     +  0.0000  7.8807
     28      0.8762        0.3972       0.7118      0.8379        [94m0.4156[0m     +  0.0000  7.8955
     29      0.8608        0.4059       0.7120      0.8381        [94m0.4156[0m     +  0.0000  7.8948
     30      0.8835        0.3964       0.7120      0.8381        [94m0.4156[0m     +  0.0000  7.8622
     31      0.8851        0.3994       0.7120      0.8381        [94m0.4155[0m     +  0.0000  7.8634
     32      0.8683        0.3980       0.7120      0.8381        [94m0.4155[0m     +  0.0000  7.8941
     33      0.8891        0.3955       0.7120      0.8381        [94m0.4155[0m     +  0.0000  7.9101
     34      0.8937        0.3987       0.7120      0.8381        [94m0.4155[0m     +  0.0000  7.8638
     35      0.8835        0.3953       0.7120      0.8381        [94m0.4155[0m     +  0.0000  7.8641
     36      0.8797        0.4004       0.7120      0.8381        [94m0.4155[0m     +  0.0000  7.9263
     37      0.8725        0.3983       0.7120      0.8381        [94m0.4155[0m     +  0.0000  7.9276
     38      0.8782        0.4001       0.7120      0.8381        [94m0.4155[0m     +  0.0000  7.8647
     39      0.8727        0.3940       0.7120      0.8381        [94m0.4155[0m     +  0.0000  7.8966
     40      0.8757        0.4021       0.7122      0.8382        [94m0.4155[0m     +  0.0000  7.8801
     41      0.8894        0.3966       0.7122      0.8382        [94m0.4155[0m     +  0.0000  7.8485
     42      0.8745        0.4008       0.7122      0.8382        [94m0.4155[0m     +  0.0000  7.9422
     43      0.8723        0.4079       0.7122      0.8382        [94m0.4155[0m     +  0.0000  7.9264
     44      0.8949        [32m0.3911[0m       0.7122      0.8382        [94m0.4155[0m     +  0.0000  7.9427
     45      0.8753        0.4035       0.7122      0.8382        [94m0.4155[0m     +  0.0000  7.9120
Stopping since valid_loss has not improved in the last 11 epochs.
Iteration 3 Test Accuracy: 0.7233
Iteration 3 Test F1 Score (micro): 0.8602
Iteration 3 Test F1 Score (macro): 0.8476
Model checkpoint saved to C:\Users\localuserSKSG\Desktop\Shubham\ActiveLearning/Multilabel_from_multiclass/DinoS/uncertainty_sampling_seed42_test\model_checkpoint_iteration_2.pt

Query 4: Using images from iteration=5 (uncertainty sampling).
Re-initializing module.
Re-initializing criterion.
Re-initializing optimizer.
  epoch    train_f1    train_loss    valid_acc    valid_f1    valid_loss    cp      lr     dur
-------  ----------  ------------  -----------  ----------  ------------  ----  ------  ------
      1      [36m0.8477[0m        [32m0.4211[0m       [35m0.4608[0m      [31m0.1615[0m        [94m0.5487[0m     +  0.0000  8.1919
      2      0.5976        0.4786       [35m0.7365[0m      [31m0.8517[0m        [94m0.3915[0m     +  0.0000  8.0983
      3      [36m0.8684[0m        [32m0.3711[0m       0.7285      0.8444        [94m0.3842[0m     +  0.0000  8.1454
      4      [36m0.8837[0m        [32m0.3582[0m       0.7264      0.8405        [94m0.3794[0m     +  0.0000  8.1458
      5      0.8795        0.3594       0.7240      0.8379        [94m0.3757[0m     +  0.0000  8.1454
      6      [36m0.8945[0m        [32m0.3501[0m       0.7238      0.8381        [94m0.3739[0m     +  0.0000  8.1138
      7      0.8859        [32m0.3462[0m       0.7255      0.8390        [94m0.3723[0m     +  0.0000  8.1296
      8      0.8880        0.3481       0.7257      0.8393        [94m0.3710[0m     +  0.0000  8.0996
      9      [36m0.8961[0m        0.3498       0.7240      0.8389        [94m0.3700[0m     +  0.0000  8.0978
     10      [36m0.8961[0m        [32m0.3433[0m       0.7255      0.8399        [94m0.3687[0m     +  0.0000  8.1141
     11      0.8717        0.3486       0.7253      0.8399        [94m0.3682[0m     +  0.0000  8.1144
     12      0.8813        [32m0.3404[0m       0.7253      0.8398        [94m0.3677[0m     +  0.0000  8.1292
     13      0.8861        0.3405       0.7255      0.8404        [94m0.3673[0m     +  0.0000  8.1288
     14      0.8859        0.3439       0.7253      0.8409        [94m0.3668[0m     +  0.0000  8.1145
     15      0.8912        0.3416       0.7262      0.8415        [94m0.3663[0m     +  0.0000  8.1606
     16      0.8790        [32m0.3391[0m       0.7257      0.8412        [94m0.3661[0m     +  0.0000  8.1001
     17      0.8775        0.3405       0.7259      0.8414        [94m0.3660[0m     +  0.0000  8.1445
     18      0.8938        0.3405       0.7252      0.8415        [94m0.3658[0m     +  0.0000  8.1145
     19      0.8946        0.3425       0.7253      0.8415        [94m0.3657[0m     +  0.0000  8.1300
     20      0.8822        0.3391       0.7248      0.8413        [94m0.3654[0m     +  0.0000  8.1307
     21      0.8867        0.3454       0.7252      0.8416        [94m0.3654[0m     +  0.0000  8.1163
     22      0.8901        0.3415       0.7252      0.8415        [94m0.3653[0m     +  0.0000  8.1614
     23      0.8839        0.3442       0.7257      0.8417        [94m0.3652[0m     +  0.0000  8.1159
     24      0.8809        [32m0.3375[0m       0.7255      0.8416        [94m0.3652[0m     +  0.0000  8.1302
     25      [36m0.9006[0m        0.3406       0.7255      0.8416        [94m0.3651[0m     +  0.0000  8.1141
     26      0.8825        0.3388       0.7255      0.8416        [94m0.3651[0m     +  0.0000  8.1145
     27      0.8842        0.3397       0.7253      0.8415        [94m0.3650[0m     +  0.0000  8.1151
     28      0.8852        [32m0.3368[0m       0.7252      0.8414        [94m0.3650[0m     +  0.0000  8.1767
     29      0.8987        0.3384       0.7253      0.8415        [94m0.3650[0m     +  0.0000  8.1143
     30      0.8930        0.3412       0.7253      0.8416        [94m0.3650[0m     +  0.0000  8.1007
     31      [36m0.9021[0m        [32m0.3366[0m       0.7253      0.8415        [94m0.3650[0m     +  0.0000  8.1322
     32      0.9021        [32m0.3357[0m       0.7252      0.8414        [94m0.3649[0m     +  0.0000  8.1137
     33      [36m0.9034[0m        0.3372       0.7252      0.8414        [94m0.3649[0m     +  0.0000  8.0992
     34      0.8936        0.3440       0.7252      0.8414        [94m0.3649[0m     +  0.0000  8.1452
     35      0.8993        0.3396       0.7252      0.8414        [94m0.3649[0m     +  0.0000  8.0982
     36      0.8798        [32m0.3346[0m       0.7252      0.8414        [94m0.3649[0m     +  0.0000  8.1147
     37      0.8966        0.3400       0.7252      0.8414        [94m0.3649[0m     +  0.0000  8.1154
     38      0.8919        0.3394       0.7252      0.8415        [94m0.3649[0m     +  0.0000  8.1453
     39      0.8640        0.3441       0.7253      0.8416        [94m0.3649[0m     +  0.0000  8.1157
     40      0.8832        0.3474       0.7253      0.8416        [94m0.3649[0m     +  0.0000  8.1136
     41      0.8989        0.3401       0.7253      0.8416        [94m0.3649[0m     +  0.0000  8.1451
     42      0.8922        0.3414       0.7252      0.8415        [94m0.3649[0m     +  0.0000  8.1298
     43      0.8847        0.3354       0.7253      0.8416        [94m0.3649[0m     +  0.0000  8.1139
     44      0.8949        [32m0.3310[0m       0.7253      0.8416        [94m0.3649[0m     +  0.0000  8.1285
     45      0.8888        0.3397       0.7253      0.8416        [94m0.3649[0m     +  0.0000  8.1450
     46      0.8998        [32m0.3276[0m       0.7253      0.8416        [94m0.3649[0m     +  0.0000  8.1288
     47      0.8972        0.3395       0.7253      0.8416        [94m0.3649[0m     +  0.0000  8.0977
     48      0.9020        0.3396       0.7253      0.8416        [94m0.3649[0m     +  0.0000  8.1627
Stopping since valid_loss has not improved in the last 11 epochs.
Iteration 4 Test Accuracy: 0.7413
Iteration 4 Test F1 Score (micro): 0.8717
Iteration 4 Test F1 Score (macro): 0.8608
Model checkpoint saved to C:\Users\localuserSKSG\Desktop\Shubham\ActiveLearning/Multilabel_from_multiclass/DinoS/uncertainty_sampling_seed42_test\model_checkpoint_iteration_3.pt

Query 5: Using images from iteration=6 (uncertainty sampling).
Re-initializing module.
Re-initializing criterion.
Re-initializing optimizer.
  epoch    train_f1    train_loss    valid_acc    valid_f1    valid_loss    cp      lr     dur
-------  ----------  ------------  -----------  ----------  ------------  ----  ------  ------
      1      [36m0.8641[0m        [32m0.3769[0m       [35m0.6391[0m      [31m0.7863[0m        [94m0.4370[0m     +  0.0000  8.6935
      2      0.8631        [32m0.3745[0m       [35m0.7243[0m      [31m0.8483[0m        [94m0.3466[0m     +  0.0000  8.5993
      3      [36m0.8860[0m        [32m0.3322[0m       [35m0.7314[0m      [31m0.8527[0m        [94m0.3393[0m     +  0.0000  8.5829
      4      [36m0.8940[0m        [32m0.3313[0m       [35m0.7335[0m      [31m0.8547[0m        [94m0.3347[0m     +  0.0000  8.6146
      5      [36m0.9034[0m        [32m0.3191[0m       [35m0.7524[0m      [31m0.8668[0m        [94m0.3311[0m     +  0.0000  8.5823
      6      0.8929        [32m0.3184[0m       0.7384      0.8606        [94m0.3297[0m     +  0.0000  8.5836
      7      0.9003        [32m0.3136[0m       0.7406      0.8628        [94m0.3286[0m     +  0.0000  8.5991
      8      0.8986        [32m0.3116[0m       0.7396      0.8623        [94m0.3278[0m     +  0.0000  8.6303
      9      0.9031        [32m0.3089[0m       0.7424      0.8629        [94m0.3264[0m     +  0.0000  8.5827
     10      [36m0.9068[0m        [32m0.3059[0m       0.7441      0.8646        [94m0.3251[0m     +  0.0000  8.5842
     11      [36m0.9072[0m        [32m0.3042[0m       0.7434      0.8647        [94m0.3247[0m     +  0.0000  8.5825
     12      [36m0.9086[0m        0.3069       0.7417      0.8637        [94m0.3243[0m     +  0.0000  8.5751
     13      0.9072        0.3048       0.7427      0.8651        [94m0.3239[0m     +  0.0000  8.5667
     14      [36m0.9139[0m        0.3056       0.7434      0.8653        [94m0.3236[0m     +  0.0000  8.6146
     15      [36m0.9141[0m        [32m0.2983[0m       0.7429      0.8652        [94m0.3232[0m     +  0.0000  8.6776
     16      0.9096        0.3044       0.7432      0.8655        [94m0.3231[0m     +  0.0000  8.6153
     17      0.9081        0.3021       0.7425      0.8651        [94m0.3229[0m     +  0.0000  8.5833
     18      0.9122        0.2985       0.7405      0.8639        [94m0.3228[0m     +  0.0000  8.5997
     19      0.9050        0.3062       0.7401      0.8634        [94m0.3227[0m     +  0.0000  8.5515
     20      0.9041        0.3015       0.7415      0.8645        [94m0.3225[0m     +  0.0000  8.6461
     21      0.9118        [32m0.2957[0m       0.7422      0.8648        [94m0.3225[0m     +  0.0000  8.6150
     22      0.9092        0.2986       0.7410      0.8641        [94m0.3225[0m     +  0.0000  8.5830
     23      0.9044        0.3052       0.7410      0.8641        [94m0.3224[0m     +  0.0000  8.6149
     24      [36m0.9145[0m        0.3011       0.7406      0.8640        [94m0.3223[0m     +  0.0000  8.5512
     25      0.9144        0.2970       0.7406      0.8639        [94m0.3223[0m     +  0.0000  8.5829
     26      0.9080        0.2964       0.7408      0.8641        [94m0.3223[0m     +  0.0000  8.5829
     27      0.9055        0.3031       0.7410      0.8642        [94m0.3223[0m     +  0.0000  8.5833
     28      0.9084        0.2970       0.7410      0.8642        [94m0.3222[0m     +  0.0000  8.5994
     29      0.9124        0.3021       0.7408      0.8641        [94m0.3222[0m     +  0.0000  8.5983
     30      0.9095        0.3023       0.7406      0.8641        [94m0.3222[0m     +  0.0000  8.5999
     31      0.9088        0.3018       0.7406      0.8641        [94m0.3222[0m     +  0.0000  8.5986
     32      0.9124        0.2993       0.7406      0.8641        [94m0.3222[0m     +  0.0000  8.6461
     33      0.9063        0.2959       0.7408      0.8641        [94m0.3222[0m     +  0.0000  8.5995
     34      0.9085        0.3003       0.7410      0.8642        [94m0.3222[0m     +  0.0000  8.5821
     35      0.9061        0.3030       0.7410      0.8642        [94m0.3222[0m     +  0.0000  8.5993
     36      0.9106        0.3018       0.7410      0.8642        [94m0.3222[0m     +  0.0000  8.5675
     37      0.9142        0.2973       0.7410      0.8642        [94m0.3222[0m     +  0.0000  8.6150
     38      0.9121        0.3017       0.7408      0.8641        [94m0.3222[0m     +  0.0000  8.6471
     39      0.9142        0.3009       0.7408      0.8641        [94m0.3221[0m     +  0.0000  8.6139
     40      0.9118        0.3033       0.7408      0.8641        [94m0.3221[0m     +  0.0000  8.5521
     41      0.9140        0.2976       0.7408      0.8641        [94m0.3221[0m     +  0.0000  8.6609
     42      0.9127        0.3029       0.7408      0.8641        [94m0.3221[0m     +  0.0000  8.6312
     43      0.9084        0.2989       0.7408      0.8641        [94m0.3221[0m     +  0.0000  8.5842
     44      [36m0.9193[0m        0.2972       0.7408      0.8641        [94m0.3221[0m     +  0.0000  8.5828
     45      0.9135        0.2996       0.7408      0.8641        [94m0.3221[0m     +  0.0000  8.6147
Stopping since valid_loss has not improved in the last 11 epochs.
Iteration 5 Test Accuracy: 0.7594
Iteration 5 Test F1 Score (micro): 0.8867
Iteration 5 Test F1 Score (macro): 0.8760
Model checkpoint saved to C:\Users\localuserSKSG\Desktop\Shubham\ActiveLearning/Multilabel_from_multiclass/DinoS/uncertainty_sampling_seed42_test\model_checkpoint_iteration_4.pt

Query 6: Using images from iteration=7 (uncertainty sampling).
Re-initializing module.
Re-initializing criterion.
Re-initializing optimizer.
  epoch    train_f1    train_loss    valid_acc    valid_f1    valid_loss    cp      lr     dur
-------  ----------  ------------  -----------  ----------  ------------  ----  ------  ------
      1      [36m0.8368[0m        [32m0.3632[0m       [35m0.7352[0m      [31m0.8605[0m        [94m0.3160[0m     +  0.0000  9.5685
      2      [36m0.9086[0m        [32m0.2922[0m       [35m0.7431[0m      [31m0.8649[0m        [94m0.3095[0m     +  0.0000  9.3981
      3      0.9045        [32m0.2878[0m       [35m0.7464[0m      [31m0.8657[0m        [94m0.3048[0m     +  0.0000  9.3799
      4      [36m0.9104[0m        [32m0.2801[0m       [35m0.7470[0m      [31m0.8669[0m        [94m0.3016[0m     +  0.0000  9.4428
      5      [36m0.9144[0m        [32m0.2774[0m       0.7417      0.8615        [94m0.2985[0m     +  0.0000  9.4139
      6      [36m0.9172[0m        [32m0.2723[0m       [35m0.7493[0m      [31m0.8682[0m        [94m0.2967[0m     +  0.0000  9.3799
      7      0.9152        [32m0.2716[0m       [35m0.7524[0m      [31m0.8694[0m        [94m0.2952[0m     +  0.0000  9.3973
      8      [36m0.9225[0m        [32m0.2669[0m       0.7493      0.8673        [94m0.2946[0m     +  0.0000  9.4278
      9      [36m0.9237[0m        0.2709       0.7509      0.8685        [94m0.2932[0m     +  0.0000  9.4754
     10      [36m0.9244[0m        0.2674       [35m0.7535[0m      [31m0.8696[0m        [94m0.2922[0m     +  0.0000  9.4124
     11      [36m0.9281[0m        0.2670       0.7516      0.8689        [94m0.2919[0m     +  0.0000  9.4305
     12      0.9275        0.2678       0.7516      0.8686        [94m0.2915[0m     +  0.0000  9.4266
     13      0.9278        [32m0.2638[0m       0.7530      0.8694        [94m0.2911[0m     +  0.0000  9.4584
     14      0.9193        0.2650       0.7521      0.8687        [94m0.2910[0m     +  0.0000  9.3963
     15      [36m0.9286[0m        0.2681       0.7519      0.8685        [94m0.2906[0m     +  0.0000  9.4124
     16      [36m0.9308[0m        [32m0.2634[0m       0.7519      0.8684        [94m0.2904[0m     +  0.0000  9.3959
     17      0.9250        0.2645       0.7523      0.8685        [94m0.2903[0m     +  0.0000  9.4106
     18      0.9280        [32m0.2632[0m       0.7523      0.8684        [94m0.2902[0m     +  0.0000  9.3969
     19      0.9293        [32m0.2585[0m       0.7530      0.8688        [94m0.2900[0m     +  0.0000  9.4126
     20      0.9276        0.2637       0.7531      0.8689        [94m0.2898[0m     +  0.0000  9.4137
     21      0.9282        0.2639       0.7524      0.8683        [94m0.2898[0m     +  0.0000  9.4438
     22      0.9288        0.2602       0.7524      0.8683        [94m0.2897[0m     +  0.0000  9.3959
     23      0.9306        0.2615       0.7530      0.8685        [94m0.2897[0m     +  0.0000  9.3967
     24      0.9262        0.2607       0.7524      0.8683        [94m0.2896[0m     +  0.0000  9.3983
     25      0.9271        0.2622       0.7531      0.8687        [94m0.2896[0m     +  0.0000  9.4119
     26      0.9250        0.2597       0.7528      0.8686        [94m0.2896[0m     +  0.0000  9.3955
     27      0.9274        0.2629       0.7526      0.8685        [94m0.2895[0m     +  0.0000  9.4136
     28      0.9252        0.2599       0.7531      0.8687        [94m0.2895[0m     +  0.0000  9.4581
     29      0.9218        0.2637       0.7531      0.8687        [94m0.2895[0m     +  0.0000  9.4592
     30      0.9268        0.2600       0.7528      0.8684        [94m0.2895[0m     +  0.0000  9.4293
     31      0.9284        0.2629       0.7530      0.8685        [94m0.2895[0m     +  0.0000  9.4129
     32      0.9249        0.2630       0.7528      0.8684        [94m0.2895[0m     +  0.0000  9.4442
     33      [36m0.9320[0m        [32m0.2582[0m       0.7526      0.8684        [94m0.2895[0m     +  0.0000  9.3973
     34      0.9288        [32m0.2577[0m       0.7528      0.8684        [94m0.2895[0m     +  0.0000  9.3796
     35      0.9282        0.2631       0.7526      0.8685        [94m0.2895[0m     +  0.0000  9.4773
     36      [36m0.9330[0m        0.2630       0.7526      0.8685        [94m0.2895[0m     +  0.0000  9.4585
     37      0.9292        0.2601       0.7526      0.8685        [94m0.2894[0m     +  0.0000  9.3805
     38      0.9285        0.2612       0.7526      0.8685        [94m0.2894[0m     +  0.0000  9.3964
     39      0.9292        0.2626       0.7526      0.8685        [94m0.2894[0m     +  0.0000  9.4457
     40      [36m0.9334[0m        0.2596       0.7528      0.8686        [94m0.2894[0m     +  0.0000  9.4588
     41      0.9258        0.2617       0.7528      0.8686        [94m0.2894[0m     +  0.0000  9.4421
     42      0.9296        0.2620       0.7528      0.8686        [94m0.2894[0m     +  0.0000  9.4275
     43      [36m0.9354[0m        0.2623       0.7526      0.8685        [94m0.2894[0m     +  0.0000  9.4605
     44      0.9262        0.2603       0.7528      0.8686        [94m0.2894[0m     +  0.0000  9.4581
Stopping since valid_loss has not improved in the last 11 epochs.
Iteration 6 Test Accuracy: 0.7840
Iteration 6 Test F1 Score (micro): 0.8990
Iteration 6 Test F1 Score (macro): 0.8876
Model checkpoint saved to C:\Users\localuserSKSG\Desktop\Shubham\ActiveLearning/Multilabel_from_multiclass/DinoS/uncertainty_sampling_seed42_test\model_checkpoint_iteration_5.pt

Query 7: Using images from iteration=8 (uncertainty sampling).
Re-initializing module.
Re-initializing criterion.
Re-initializing optimizer.
  epoch    train_f1    train_loss    valid_acc    valid_f1    valid_loss    cp      lr      dur
-------  ----------  ------------  -----------  ----------  ------------  ----  ------  -------
      1      [36m0.8735[0m        [32m0.3071[0m       [35m0.7748[0m      [31m0.8741[0m        [94m0.2839[0m     +  0.0000  11.0232
      2      [36m0.9130[0m        [32m0.2636[0m       [35m0.7753[0m      [31m0.8745[0m        [94m0.2780[0m     +  0.0000  10.8961
      3      [36m0.9136[0m        [32m0.2567[0m       0.7740      [31m0.8755[0m        [94m0.2735[0m     +  0.0000  10.8977
      4      [36m0.9241[0m        [32m0.2511[0m       [35m0.7769[0m      [31m0.8766[0m        [94m0.2721[0m     +  0.0000  10.8677
      5      [36m0.9300[0m        [32m0.2458[0m       [35m0.7802[0m      [31m0.8792[0m        [94m0.2707[0m     +  0.0000  10.8655
      6      [36m0.9370[0m        [32m0.2432[0m       [35m0.7828[0m      0.8778        [94m0.2674[0m     +  0.0000  10.8648
      7      [36m0.9397[0m        [32m0.2420[0m       [35m0.7851[0m      [31m0.8796[0m        [94m0.2666[0m     +  0.0000  10.8804
      8      0.9369        [32m0.2417[0m       [35m0.7859[0m      [31m0.8801[0m        [94m0.2658[0m     +  0.0000  10.8974
      9      [36m0.9407[0m        [32m0.2382[0m       [35m0.7866[0m      [31m0.8806[0m        [94m0.2650[0m     +  0.0000  10.9284
     10      0.9392        0.2382       [35m0.7899[0m      0.8802        [94m0.2644[0m     +  0.0000  10.9229
     11      0.9404        0.2383       0.7887      0.8802        [94m0.2642[0m     +  0.0000  10.9190
     12      0.9396        [32m0.2354[0m       0.7891      0.8804        [94m0.2639[0m     +  0.0000  10.8526
     13      [36m0.9431[0m        [32m0.2350[0m       0.7891      0.8805        [94m0.2636[0m     +  0.0000  10.8655
     14      0.9400        [32m0.2340[0m       [35m0.7908[0m      [31m0.8811[0m        [94m0.2632[0m     +  0.0000  10.9290
     15      0.9404        0.2350       0.7908      [31m0.8812[0m        [94m0.2631[0m     +  0.0000  10.9302
     16      [36m0.9447[0m        [32m0.2331[0m       0.7894      [31m0.8815[0m        [94m0.2629[0m     +  0.0000  10.8987
     17      0.9402        0.2354       0.7896      0.8812        [94m0.2628[0m     +  0.0000  10.8810
     18      0.9402        0.2361       0.7899      0.8813        [94m0.2627[0m     +  0.0000  10.8656
     19      [36m0.9450[0m        0.2334       0.7894      0.8812        [94m0.2627[0m     +  0.0000  10.8984
     20      0.9449        0.2358       0.7898      [31m0.8816[0m        [94m0.2625[0m     +  0.0000  10.8832
     21      [36m0.9480[0m        [32m0.2324[0m       0.7892      0.8814        [94m0.2625[0m     +  0.0000  10.8816
     22      0.9445        0.2371       0.7899      [31m0.8817[0m        [94m0.2624[0m     +  0.0000  10.8814
     23      0.9465        [32m0.2321[0m       0.7898      0.8816        [94m0.2624[0m     +  0.0000  10.8686
     24      0.9451        0.2344       0.7896      0.8813        0.2624        0.0000  10.8834
     25      0.9473        [32m0.2319[0m       0.7899      [31m0.8817[0m        [94m0.2623[0m     +  0.0000  10.9132
     26      0.9454        0.2329       0.7899      0.8817        [94m0.2623[0m     +  0.0000  10.8981
     27      0.9447        0.2349       0.7901      0.8816        [94m0.2623[0m     +  0.0000  10.8817
     28      0.9437        0.2365       0.7903      0.8816        [94m0.2623[0m     +  0.0000  10.8654
     29      0.9460        0.2328       0.7901      [31m0.8817[0m        [94m0.2623[0m     +  0.0000  10.8669
     30      0.9444        0.2342       0.7905      [31m0.8819[0m        [94m0.2622[0m     +  0.0000  10.8821
     31      0.9428        0.2327       0.7906      [31m0.8820[0m        [94m0.2622[0m     +  0.0000  10.8365
     32      0.9445        0.2335       0.7905      0.8819        [94m0.2622[0m     +  0.0000  10.8975
     33      0.9423        [32m0.2316[0m       0.7905      0.8819        [94m0.2622[0m     +  0.0000  10.8685
     34      0.9471        0.2335       0.7906      0.8820        [94m0.2622[0m     +  0.0000  10.8491
     35      0.9443        0.2316       0.7906      0.8820        [94m0.2622[0m     +  0.0000  10.8820
     36      0.9437        [32m0.2314[0m       0.7906      0.8820        [94m0.2622[0m     +  0.0000  10.8819
     37      0.9433        0.2328       0.7906      0.8820        [94m0.2622[0m     +  0.0000  10.8674
     38      0.9447        0.2316       0.7906      0.8820        0.2622        0.0000  10.8840
     39      0.9474        0.2324       0.7905      0.8819        [94m0.2622[0m     +  0.0000  10.9138
     40      0.9459        0.2318       0.7906      0.8820        0.2622        0.0000  10.8524
     41      0.9455        [32m0.2298[0m       0.7906      0.8820        [94m0.2622[0m     +  0.0000  10.8808
     42      0.9464        0.2312       0.7906      0.8820        [94m0.2622[0m     +  0.0000  10.8990
     43      0.9470        0.2317       0.7905      0.8819        [94m0.2622[0m     +  0.0000  10.8979
     44      0.9405        0.2305       0.7905      0.8819        [94m0.2622[0m     +  0.0000  10.8813
     45      [36m0.9481[0m        0.2299       0.7905      0.8819        [94m0.2622[0m     +  0.0000  10.8356
Stopping since valid_loss has not improved in the last 11 epochs.
Iteration 7 Test Accuracy: 0.8043
Iteration 7 Test F1 Score (micro): 0.9100
Iteration 7 Test F1 Score (macro): 0.8973
Model checkpoint saved to C:\Users\localuserSKSG\Desktop\Shubham\ActiveLearning/Multilabel_from_multiclass/DinoS/uncertainty_sampling_seed42_test\model_checkpoint_iteration_6.pt

Query 8: Using images from iteration=9 (uncertainty sampling).
Re-initializing module.
Re-initializing criterion.
Re-initializing optimizer.
  epoch    train_f1    train_loss    valid_acc    valid_f1    valid_loss    cp      lr      dur
-------  ----------  ------------  -----------  ----------  ------------  ----  ------  -------
      1      [36m0.8954[0m        [32m0.2711[0m       [35m0.8040[0m      [31m0.8870[0m        [94m0.2571[0m     +  0.0000  13.7112
      2      [36m0.9428[0m        [32m0.2304[0m       [35m0.8170[0m      [31m0.8907[0m        [94m0.2546[0m     +  0.0000  13.4467
      3      [36m0.9481[0m        [32m0.2239[0m       [35m0.8273[0m      [31m0.8930[0m        [94m0.2508[0m     +  0.0000  13.4490
      4      0.9440        0.2241       [35m0.8278[0m      [31m0.8935[0m        [94m0.2487[0m     +  0.0000  13.4458
      5      [36m0.9497[0m        [32m0.2173[0m       [35m0.8335[0m      [31m0.8965[0m        [94m0.2456[0m     +  0.0000  13.4474
      6      [36m0.9573[0m        [32m0.2131[0m       0.8224      [31m0.8968[0m        [94m0.2428[0m     +  0.0000  13.4772
      7      0.9540        [32m0.2125[0m       0.8229      0.8965        [94m0.2416[0m     +  0.0000  13.5113
      8      0.9557        [32m0.2123[0m       0.8259      [31m0.8979[0m        [94m0.2408[0m     +  0.0000  13.4920
      9      [36m0.9591[0m        [32m0.2071[0m       0.8293      [31m0.8996[0m        [94m0.2398[0m     +  0.0000  13.4933
     10      [36m0.9593[0m        0.2098       0.8297      [31m0.8998[0m        [94m0.2390[0m     +  0.0000  13.4618
     11      0.9592        0.2072       0.8332      [31m0.9011[0m        [94m0.2387[0m     +  0.0000  13.5086
     12      0.9588        [32m0.2063[0m       0.8323      0.9006        [94m0.2384[0m     +  0.0000  13.5392
     13      0.9590        0.2066       0.8323      0.9009        [94m0.2380[0m     +  0.0000  13.5238
     14      [36m0.9596[0m        [32m0.2051[0m       0.8332      [31m0.9012[0m        [94m0.2376[0m     +  0.0000  13.4918
     15      0.9583        [32m0.2036[0m       0.8307      0.9003        [94m0.2373[0m     +  0.0000  13.5243
     16      [36m0.9607[0m        0.2042       0.8325      0.9009        [94m0.2371[0m     +  0.0000  13.5416
     17      0.9605        [32m0.2031[0m       0.8330      [31m0.9012[0m        [94m0.2370[0m     +  0.0000  13.4947
     18      0.9605        [32m0.2030[0m       0.8330      0.9009        [94m0.2368[0m     +  0.0000  13.5235
     19      [36m0.9630[0m        0.2033       0.8335      0.9010        [94m0.2367[0m     +  0.0000  13.4637
     20      0.9608        [32m0.2010[0m       [35m0.8342[0m      0.9012        [94m0.2366[0m     +  0.0000  13.5077
     21      [36m0.9634[0m        0.2016       0.8328      0.9009        [94m0.2366[0m     +  0.0000  13.5692
     22      0.9616        0.2029       0.8326      0.9007        [94m0.2365[0m     +  0.0000  13.4452
     23      0.9620        0.2022       0.8339      0.9011        [94m0.2364[0m     +  0.0000  13.4928
     24      0.9606        0.2024       [35m0.8347[0m      [31m0.9013[0m        [94m0.2364[0m     +  0.0000  13.5549
     25      0.9624        [32m0.2008[0m       0.8347      [31m0.9016[0m        [94m0.2363[0m     +  0.0000  13.4779
     26      0.9610        0.2027       0.8342      0.9013        [94m0.2363[0m     +  0.0000  13.4927
     27      0.9617        0.2026       0.8337      0.9010        [94m0.2363[0m     +  0.0000  13.4630
     28      0.9612        0.2011       0.8333      0.9009        [94m0.2363[0m     +  0.0000  13.5079
     29      [36m0.9635[0m        0.2021       0.8326      0.9008        [94m0.2363[0m     +  0.0000  13.4763
     30      [36m0.9648[0m        [32m0.2003[0m       0.8328      0.9008        [94m0.2363[0m     +  0.0000  13.4929
     31      0.9608        0.2015       0.8323      0.9006        [94m0.2362[0m     +  0.0000  13.5219
     32      0.9639        0.2012       0.8325      0.9007        [94m0.2362[0m     +  0.0000  13.4592
     33      0.9648        0.2021       0.8326      0.9007        [94m0.2362[0m     +  0.0000  13.5067
     34      0.9642        0.2007       0.8326      0.9007        [94m0.2362[0m     +  0.0000  13.5076
     35      0.9631        0.2017       0.8328      0.9008        [94m0.2362[0m     +  0.0000  13.4634
     36      0.9633        [32m0.2001[0m       0.8328      0.9008        [94m0.2362[0m     +  0.0000  13.4916
     37      0.9622        0.2011       0.8326      0.9007        [94m0.2362[0m     +  0.0000  13.5089
     38      0.9636        0.2003       0.8326      0.9007        [94m0.2362[0m     +  0.0000  13.4931
     39      0.9631        0.2002       0.8326      0.9007        [94m0.2362[0m     +  0.0000  13.5105
     40      0.9636        0.2021       0.8326      0.9007        [94m0.2362[0m     +  0.0000  13.5555
     41      0.9636        0.2019       0.8326      0.9007        [94m0.2362[0m     +  0.0000  13.5401
     42      0.9634        0.2012       0.8326      0.9007        [94m0.2362[0m     +  0.0000  13.5385
     43      0.9638        [32m0.1990[0m       0.8326      0.9007        [94m0.2362[0m     +  0.0000  13.4933
     44      0.9611        0.2015       0.8326      0.9007        0.2362        0.0000  13.5232
     45      0.9621        0.2029       0.8326      0.9007        0.2362        0.0000  13.5054
     46      0.9629        0.2011       0.8326      0.9007        0.2362        0.0000  13.5068
     47      0.9625        0.2023       0.8326      0.9007        0.2362        0.0000  13.5235
     48      0.9642        0.2010       0.8326      0.9007        0.2362        0.0000  13.5238
Stopping since valid_loss has not improved in the last 11 epochs.
Iteration 8 Test Accuracy: 0.8323
Iteration 8 Test F1 Score (micro): 0.9226
Iteration 8 Test F1 Score (macro): 0.9082
Model checkpoint saved to C:\Users\localuserSKSG\Desktop\Shubham\ActiveLearning/Multilabel_from_multiclass/DinoS/uncertainty_sampling_seed42_test\model_checkpoint_iteration_7.pt

Query 9: Using images from iteration=10 (uncertainty sampling).
Re-initializing module.
Re-initializing criterion.
Re-initializing optimizer.
  epoch    train_f1    train_loss    valid_acc    valid_f1    valid_loss    cp      lr      dur
-------  ----------  ------------  -----------  ----------  ------------  ----  ------  -------
      1      [36m0.9305[0m        [32m0.2307[0m       [35m0.8217[0m      [31m0.8961[0m        [94m0.2337[0m     +  0.0000  18.3102
      2      [36m0.9528[0m        [32m0.2044[0m       0.8175      0.8952        [94m0.2332[0m     +  0.0000  18.1505
      3      [36m0.9570[0m        [32m0.1997[0m       [35m0.8276[0m      [31m0.8997[0m        [94m0.2273[0m     +  0.0000  18.3402
      4      [36m0.9591[0m        [32m0.1941[0m       0.8135      0.8950        0.2356        0.0000  18.1851
      5      0.9585        [32m0.1897[0m       [35m0.8564[0m      [31m0.9108[0m        [94m0.2178[0m     +  0.0000  18.1716
      6      [36m0.9648[0m        [32m0.1848[0m       0.8413      0.9052        0.2184        0.0000  18.2484
      7      [36m0.9656[0m        [32m0.1809[0m       0.8465      0.9070        [94m0.2171[0m     +  0.0000  18.1672
      8      0.9652        [32m0.1803[0m       0.8446      0.9068        [94m0.2168[0m     +  0.0000  18.2008
      9      [36m0.9669[0m        [32m0.1783[0m       0.8439      0.9061        [94m0.2162[0m     +  0.0000  18.1838
     10      [36m0.9675[0m        [32m0.1762[0m       0.8436      0.9057        [94m0.2156[0m     +  0.0000  18.1818
     11      [36m0.9694[0m        [32m0.1752[0m       0.8535      0.9104        [94m0.2145[0m     +  0.0000  18.1381
     12      [36m0.9697[0m        [32m0.1747[0m       0.8535      0.9103        [94m0.2142[0m     +  0.0000  18.1844
     13      0.9692        [32m0.1745[0m       0.8530      0.9095        0.2142        0.0000  18.2129
     14      [36m0.9700[0m        [32m0.1727[0m       0.8493      0.9082        [94m0.2140[0m     +  0.0000  18.2156
     15      0.9699        0.1732       0.8530      0.9097        [94m0.2139[0m     +  0.0000  18.1362
     16      0.9696        [32m0.1715[0m       [35m0.8595[0m      [31m0.9130[0m        [94m0.2131[0m     +  0.0000  18.1672
     17      [36m0.9704[0m        0.1716       [35m0.8615[0m      [31m0.9134[0m        [94m0.2127[0m     +  0.0000  18.0890
     18      [36m0.9711[0m        [32m0.1715[0m       0.8594      0.9129        0.2129        0.0000  18.1851
     19      [36m0.9721[0m        [32m0.1709[0m       0.8602      0.9129        0.2128        0.0000  18.2220
     20      [36m0.9732[0m        [32m0.1709[0m       0.8597      0.9126        [94m0.2125[0m     +  0.0000  18.1736
     21      0.9713        [32m0.1698[0m       [35m0.8635[0m      [31m0.9145[0m        [94m0.2122[0m     +  0.0000  18.1988
     22      0.9710        0.1714       0.8632      0.9144        [94m0.2121[0m     +  0.0000  18.1862
     23      0.9705        0.1710       0.8630      0.9142        [94m0.2121[0m     +  0.0000  18.1839
     24      0.9717        0.1706       [35m0.8639[0m      [31m0.9147[0m        [94m0.2121[0m     +  0.0000  18.1989
     25      0.9726        [32m0.1697[0m       0.8630      0.9143        [94m0.2120[0m     +  0.0000  18.2170
     26      0.9714        0.1703       0.8637      0.9144        [94m0.2119[0m     +  0.0000  18.1511
     27      0.9718        0.1702       0.8639      0.9143        [94m0.2119[0m     +  0.0000  18.1703
     28      0.9708        0.1712       0.8639      0.9143        [94m0.2119[0m     +  0.0000  18.1371
     29      0.9719        0.1707       0.8639      0.9144        [94m0.2118[0m     +  0.0000  18.2006
     30      0.9707        [32m0.1692[0m       [35m0.8641[0m      0.9144        [94m0.2118[0m     +  0.0000  18.1530
     31      0.9719        0.1705       0.8641      0.9144        0.2118        0.0000  18.1508
     32      0.9712        0.1708       0.8639      0.9143        [94m0.2118[0m     +  0.0000  18.1846
     33      0.9705        0.1705       0.8639      0.9144        0.2118        0.0000  18.1827
     34      0.9710        0.1697       0.8639      0.9145        0.2118        0.0000  18.1993
     35      0.9729        0.1697       0.8639      0.9145        [94m0.2118[0m     +  0.0000  18.1390
     36      0.9707        0.1703       0.8639      0.9145        [94m0.2118[0m     +  0.0000  18.1678
     37      0.9717        0.1698       0.8639      0.9145        [94m0.2118[0m     +  0.0000  18.1988
     38      0.9706        0.1709       0.8639      0.9145        [94m0.2118[0m     +  0.0000  18.1676
     39      0.9726        0.1704       0.8639      0.9145        [94m0.2118[0m     +  0.0000  18.2155
     40      0.9703        [32m0.1691[0m       0.8639      0.9145        [94m0.2118[0m     +  0.0000  18.1833
     41      0.9719        0.1700       0.8639      0.9144        [94m0.2118[0m     +  0.0000  18.1507
     42      0.9732        [32m0.1687[0m       0.8639      0.9145        [94m0.2118[0m     +  0.0000  18.2153
     43      0.9724        0.1699       0.8639      0.9145        [94m0.2118[0m     +  0.0000  18.2311
     44      0.9705        0.1706       0.8637      0.9142        [94m0.2118[0m     +  0.0000  18.1682
     45      0.9718        0.1701       0.8637      0.9142        [94m0.2118[0m     +  0.0000  18.1823
     46      0.9715        0.1700       0.8637      0.9142        [94m0.2118[0m     +  0.0000  18.2463
     47      0.9719        0.1708       0.8637      0.9142        [94m0.2118[0m     +  0.0000  18.1852
     48      0.9720        [32m0.1682[0m       0.8637      0.9142        [94m0.2118[0m     +  0.0000  18.1692
Stopping since valid_loss has not improved in the last 11 epochs.
Iteration 9 Test Accuracy: 0.8370
Iteration 9 Test F1 Score (micro): 0.9260
Iteration 9 Test F1 Score (macro): 0.9117
Model checkpoint saved to C:\Users\localuserSKSG\Desktop\Shubham\ActiveLearning/Multilabel_from_multiclass/DinoS/uncertainty_sampling_seed42_test\model_checkpoint_iteration_8.pt

Query 10: Using images from iteration=11 (uncertainty sampling).
Re-initializing module.
Re-initializing criterion.
Re-initializing optimizer.
  epoch    train_f1    train_loss    valid_acc    valid_f1    valid_loss    cp      lr      dur
-------  ----------  ------------  -----------  ----------  ------------  ----  ------  -------
      1      [36m0.9518[0m        [32m0.1896[0m       [35m0.8382[0m      [31m0.9021[0m        [94m0.2148[0m     +  0.0000  26.4735
      2      [36m0.9664[0m        [32m0.1703[0m       [35m0.8477[0m      [31m0.9048[0m        [94m0.2079[0m     +  0.0000  26.3449
      3      [36m0.9690[0m        [32m0.1649[0m       [35m0.8503[0m      [31m0.9059[0m        [94m0.2069[0m     +  0.0000  26.4725
      4      [36m0.9708[0m        [32m0.1623[0m       0.8469      0.9057        [94m0.2050[0m     +  0.0000  26.5009
      5      0.9702        [32m0.1597[0m       [35m0.8562[0m      [31m0.9074[0m        [94m0.2020[0m     +  0.0000  26.5012
      6      [36m0.9748[0m        [32m0.1528[0m       [35m0.8599[0m      [31m0.9111[0m        [94m0.2001[0m     +  0.0000  26.5494
      7      0.9741        [32m0.1522[0m       [35m0.8609[0m      [31m0.9113[0m        [94m0.1992[0m     +  0.0000  26.3150
      8      [36m0.9752[0m        [32m0.1517[0m       0.8587      0.9112        [94m0.1990[0m     +  0.0000  26.4258
      9      0.9752        [32m0.1491[0m       0.8582      0.9103        [94m0.1985[0m     +  0.0000  26.4701
     10      [36m0.9754[0m        [32m0.1485[0m       0.8552      0.9099        0.1989        0.0000  26.3786
     11      [36m0.9766[0m        [32m0.1471[0m       0.8604      [31m0.9118[0m        [94m0.1972[0m     +  0.0000  26.4239
     12      [36m0.9776[0m        [32m0.1456[0m       0.8589      0.9115        0.1976        0.0000  26.4723
     13      0.9775        0.1456       [35m0.8646[0m      [31m0.9124[0m        [94m0.1964[0m     +  0.0000  26.3481
     14      0.9772        [32m0.1455[0m       0.8578      0.9109        0.1974        0.0000  26.4700
     15      [36m0.9784[0m        [32m0.1445[0m       0.8589      0.9113        0.1969        0.0000  26.3967
     16      [36m0.9787[0m        [32m0.1437[0m       0.8608      0.9119        [94m0.1964[0m     +  0.0000  26.4121
     17      [36m0.9789[0m        0.1442       0.8604      0.9118        0.1964        0.0000  26.3790
     18      0.9777        0.1440       0.8627      0.9123        [94m0.1961[0m     +  0.0000  26.3896
     19      0.9785        [32m0.1434[0m       0.8599      0.9117        0.1966        0.0000  26.4374
     20      [36m0.9795[0m        0.1435       0.8609      0.9116        0.1962        0.0000  26.4092
     21      0.9786        [32m0.1432[0m       0.8597      0.9115        0.1965        0.0000  26.4077
     22      0.9783        [32m0.1431[0m       0.8602      0.9118        0.1964        0.0000  26.4690
     23      0.9778        0.1440       0.8599      0.9115        0.1964        0.0000  26.4246
     24      0.9788        [32m0.1431[0m       0.8601      0.9120        0.1964        0.0000  26.4492
     25      0.9784        [32m0.1427[0m       0.8602      0.9116        0.1963        0.0000  26.5001
     26      0.9787        [32m0.1421[0m       0.8599      0.9117        0.1964        0.0000  26.4868
     27      0.9788        0.1429       0.8587      0.9111        0.1965        0.0000  26.4703
     28      0.9780        0.1429       0.8599      0.9117        0.1964        0.0000  26.4723
Stopping since valid_loss has not improved in the last 11 epochs.
Iteration 10 Test Accuracy: 0.8375
Iteration 10 Test F1 Score (micro): 0.9263
Iteration 10 Test F1 Score (macro): 0.9116
Model checkpoint saved to C:\Users\localuserSKSG\Desktop\Shubham\ActiveLearning/Multilabel_from_multiclass/DinoS/uncertainty_sampling_seed42_test\model_checkpoint_iteration_9.pt

Query 11: Using images from iteration=12 (uncertainty sampling).
Re-initializing module.
Re-initializing criterion.
Re-initializing optimizer.
  epoch    train_f1    train_loss    valid_acc    valid_f1    valid_loss    cp      lr      dur
-------  ----------  ------------  -----------  ----------  ------------  ----  ------  -------
      1      [36m0.9654[0m        [32m0.1593[0m       [35m0.8410[0m      [31m0.8805[0m        [94m0.2108[0m     +  0.0000  41.0765
      2      [36m0.9726[0m        [32m0.1461[0m       0.8396      [31m0.8825[0m        [94m0.2102[0m     +  0.0000  41.1989
      3      [36m0.9750[0m        [32m0.1418[0m       0.8339      0.8621        [94m0.2082[0m     +  0.0000  41.2941
      4      0.9746        [32m0.1381[0m       [35m0.8720[0m      [31m0.9032[0m        [94m0.1915[0m     +  0.0000  41.2510
      5      [36m0.9752[0m        [32m0.1355[0m       0.8509      0.8859        0.1956        0.0000  41.2189
      6      [36m0.9773[0m        [32m0.1298[0m       0.8701      [31m0.9048[0m        [94m0.1876[0m     +  0.0000  41.2144
      7      [36m0.9779[0m        [32m0.1284[0m       0.8691      0.9027        0.1880        0.0000  41.2321
      8      [36m0.9788[0m        [32m0.1273[0m       0.8587      0.8927        0.1925        0.0000  41.2489
      9      [36m0.9798[0m        [32m0.1261[0m       0.8639      0.8973        0.1891        0.0000  41.1672
     10      [36m0.9801[0m        [32m0.1238[0m       0.8599      0.8933        0.1914        0.0000  41.0129
     11      [36m0.9801[0m        [32m0.1224[0m       0.8720      [31m0.9100[0m        [94m0.1819[0m     +  0.0000  41.1478
     12      [36m0.9809[0m        [32m0.1219[0m       [35m0.8733[0m      0.9099        0.1821        0.0000  41.1343
     13      [36m0.9811[0m        [32m0.1207[0m       [35m0.8736[0m      [31m0.9108[0m        [94m0.1814[0m     +  0.0000  41.1399
     14      [36m0.9812[0m        [32m0.1204[0m       [35m0.8741[0m      [31m0.9111[0m        [94m0.1809[0m     +  0.0000  41.1427
     15      [36m0.9818[0m        [32m0.1200[0m       0.8738      0.9097        0.1818        0.0000  41.1423
     16      [36m0.9820[0m        [32m0.1191[0m       0.8694      0.9108        0.1812        0.0000  41.1112
     17      [36m0.9824[0m        0.1192       0.8694      0.9109        0.1813        0.0000  41.1236
     18      [36m0.9828[0m        [32m0.1185[0m       0.8694      0.9104        0.1811        0.0000  41.1556
     19      [36m0.9831[0m        0.1186       0.8691      0.9104        0.1814        0.0000  41.1222
     20      [36m0.9837[0m        [32m0.1184[0m       0.8693      0.9106        0.1810        0.0000  41.1693
     21      0.9831        [32m0.1175[0m       0.8656      0.9110        0.1823        0.0000  41.1091
     22      0.9832        0.1181       0.8660      [31m0.9111[0m        0.1821        0.0000  41.1389
     23      0.9834        0.1180       0.8646      0.9104        0.1823        0.0000  41.0746
     24      0.9836        0.1180       0.8644      0.9107        0.1824        0.0000  41.1366
Stopping since valid_loss has not improved in the last 11 epochs.
Iteration 11 Test Accuracy: 0.8319
Iteration 11 Test F1 Score (micro): 0.9239
Iteration 11 Test F1 Score (macro): 0.9082
Model checkpoint saved to C:\Users\localuserSKSG\Desktop\Shubham\ActiveLearning/Multilabel_from_multiclass/DinoS/uncertainty_sampling_seed42_test\model_checkpoint_iteration_10.pt

Query 12: Using images from iteration=13 (uncertainty sampling).
Re-initializing module.
Re-initializing criterion.
Re-initializing optimizer.
  epoch    train_f1    train_loss    valid_acc    valid_f1    valid_loss    cp      lr      dur
-------  ----------  ------------  -----------  ----------  ------------  ----  ------  -------
      1      [36m0.9732[0m        [32m0.1290[0m       [35m0.8639[0m      [31m0.9065[0m        [94m0.1797[0m     +  0.0000  67.0621
      2      [36m0.9802[0m        [32m0.1170[0m       [35m0.8665[0m      [31m0.9073[0m        [94m0.1774[0m     +  0.0000  67.4397
      3      [36m0.9809[0m        [32m0.1129[0m       0.8648      0.9063        [94m0.1770[0m     +  0.0000  67.4403
      4      [36m0.9818[0m        [32m0.1083[0m       0.8655      0.9057        [94m0.1747[0m     +  0.0000  67.3571
      5      [36m0.9828[0m        [32m0.1040[0m       0.8635      0.9032        [94m0.1737[0m     +  0.0000  67.2977
      6      [36m0.9845[0m        [32m0.1000[0m       0.8641      0.9040        [94m0.1737[0m     +  0.0000  67.4352
      7      [36m0.9850[0m        [32m0.0985[0m       0.8642      0.9037        0.1737        0.0000  67.3742
      8      [36m0.9858[0m        [32m0.0966[0m       0.8658      0.9044        [94m0.1725[0m     +  0.0000  67.4396
      9      [36m0.9860[0m        [32m0.0948[0m       0.8641      0.9030        0.1735        0.0000  67.1122
     10      0.9857        [32m0.0931[0m       0.8639      0.9037        0.1733        0.0000  67.2846
     11      [36m0.9860[0m        [32m0.0919[0m       0.8656      0.9054        [94m0.1720[0m     +  0.0000  67.3269
     12      [36m0.9867[0m        [32m0.0908[0m       0.8656      0.9046        0.1720        0.0000  67.4834
     13      [36m0.9873[0m        [32m0.0903[0m       0.8644      0.9036        [94m0.1720[0m     +  0.0000  67.3078
     14      [36m0.9873[0m        [32m0.0898[0m       0.8627      0.9031        0.1727        0.0000  67.2521
     15      0.9873        [32m0.0891[0m       0.8639      0.9034        0.1723        0.0000  67.2998
     16      [36m0.9877[0m        [32m0.0884[0m       0.8620      0.9036        0.1725        0.0000  67.2235
     17      [36m0.9878[0m        0.0885       0.8618      0.9036        0.1727        0.0000  67.2965
     18      [36m0.9880[0m        [32m0.0879[0m       0.8628      0.9038        0.1724        0.0000  67.2704
     19      [36m0.9881[0m        [32m0.0875[0m       0.8625      0.9039        0.1728        0.0000  67.2820
     20      0.9876        0.0880       0.8623      0.9039        0.1727        0.0000  67.3899
     21      0.9879        [32m0.0872[0m       0.8599      0.9033        0.1737        0.0000  67.2466
     22      0.9881        [32m0.0869[0m       0.8597      0.9031        0.1736        0.0000  67.2520
     23      [36m0.9884[0m        0.0869       0.8604      0.9036        0.1733        0.0000  67.2189
Stopping since valid_loss has not improved in the last 11 epochs.
Iteration 12 Test Accuracy: 0.8325
Iteration 12 Test F1 Score (micro): 0.9239
Iteration 12 Test F1 Score (macro): 0.9078
Model checkpoint saved to C:\Users\localuserSKSG\Desktop\Shubham\ActiveLearning/Multilabel_from_multiclass/DinoS/uncertainty_sampling_seed42_test\model_checkpoint_iteration_11.pt

Query 13: Using images from iteration=14 (uncertainty sampling).
Re-initializing module.
Re-initializing criterion.
Re-initializing optimizer.
  epoch    train_f1    train_loss    valid_acc    valid_f1    valid_loss    cp      lr      dur
-------  ----------  ------------  -----------  ----------  ------------  ----  ------  -------
      1      [36m0.9794[0m        [32m0.0983[0m       [35m0.8281[0m      [31m0.8948[0m        [94m0.1971[0m     +  0.0000  77.4613
      2      [36m0.9842[0m        [32m0.0891[0m       0.8101      0.8907        0.2292        0.0000  78.0864
      3      [36m0.9849[0m        [32m0.0862[0m       [35m0.8344[0m      0.8920        [94m0.1790[0m     +  0.0000  77.9258
      4      [36m0.9853[0m        [32m0.0829[0m       0.8240      0.8820        0.1870        0.0000  77.9699
      5      0.9841        [32m0.0824[0m       0.8194      0.8877        0.1983        0.0000  77.8557
      6      [36m0.9873[0m        [32m0.0765[0m       [35m0.8589[0m      [31m0.9009[0m        [94m0.1713[0m     +  0.0000  77.8369
      7      [36m0.9878[0m        [32m0.0748[0m       [35m0.8615[0m      [31m0.9021[0m        [94m0.1698[0m     +  0.0000  77.9164
      8      [36m0.9881[0m        [32m0.0735[0m       0.8601      0.9017        0.1701        0.0000  77.8673
      9      0.9881        [32m0.0721[0m       0.8606      0.9019        [94m0.1691[0m     +  0.0000  77.8849
     10      [36m0.9887[0m        [32m0.0708[0m       0.8589      0.9016        0.1695        0.0000  77.8865
     11      [36m0.9892[0m        [32m0.0694[0m       0.8536      0.8989        0.1719        0.0000  77.8972
     12      [36m0.9896[0m        [32m0.0688[0m       0.8582      0.9009        0.1704        0.0000  77.9121
     13      [36m0.9897[0m        [32m0.0686[0m       0.8576      0.9006        0.1702        0.0000  77.8682
     14      [36m0.9897[0m        [32m0.0679[0m       0.8521      0.8979        0.1736        0.0000  77.9305
     15      [36m0.9899[0m        [32m0.0672[0m       0.8552      0.8994        0.1721        0.0000  77.9096
     16      [36m0.9903[0m        [32m0.0663[0m       0.8552      0.8998        0.1717        0.0000  77.9971
     17      [36m0.9903[0m        0.0668       0.8549      0.8994        0.1713        0.0000  77.8707
     18      [36m0.9906[0m        [32m0.0661[0m       0.8559      0.9000        0.1712        0.0000  78.3596
     19      [36m0.9906[0m        [32m0.0659[0m       0.8535      0.8987        0.1724        0.0000  78.3990
Stopping since valid_loss has not improved in the last 11 epochs.
Iteration 13 Test Accuracy: 0.8352
Iteration 13 Test F1 Score (micro): 0.9228
Iteration 13 Test F1 Score (macro): 0.9065
Model checkpoint saved to C:\Users\localuserSKSG\Desktop\Shubham\ActiveLearning/Multilabel_from_multiclass/DinoS/uncertainty_sampling_seed42_test\model_checkpoint_iteration_12.pt

Best F1 score across all iterations: 0.9117
Pickle file saved to C:\Users\localuserSKSG\Desktop\Shubham\ActiveLearning/Multilabel_from_multiclass/DinoS/uncertainty_sampling_seed42_test\AL_uncertainty_sampling_results_for_multilabel_classification_s42_test.pickle
