Train set shape: (26880, 5)
Val set shape:   (5760, 5)
Test set shape:  (5760, 5)
Selected images DataFrame (Entropy Sampling):
   Iteration                                       Sample_Names
0          1  Spule035_Image0269.jpg,Spule020_Image0191.jpg,...
1          2  Spule006_Image0790.jpg,Spule003_Image0525.jpg,...
2          3  Spule036_Image0163.jpg,Spule028_Image0955.jpg,...
3          4  Spule015_Image0102.jpg,Spule010_Image0253.jpg,...
4          5  Spule004_Image0864.jpg,Spule006_Image0035.jpg,...
  epoch    train_f1    train_loss    valid_acc    valid_f1    valid_loss    cp      lr     dur
-------  ----------  ------------  -----------  ----------  ------------  ----  ------  ------
      1      [36m0.5556[0m        [32m0.7207[0m       [35m0.0003[0m      [31m0.7915[0m        [94m0.7207[0m     +  0.0000  7.8382
      2      0.2222        [32m0.6679[0m       0.0003      0.5263        0.7225        0.0000  7.4118
      3      0.4444        0.6807       [35m0.0495[0m      0.3404        [94m0.7013[0m     +  0.0000  7.4368
      4      0.5111        [32m0.6316[0m       0.0266      0.3296        0.7143        0.0000  7.4935
      5      [36m0.6869[0m        [32m0.6097[0m       [35m0.0611[0m      0.3959        0.7159        0.0000  7.5004
      6      [36m0.7778[0m        0.6111       [35m0.0911[0m      0.4198        0.7036        0.0000  7.5849
      7      [36m0.8381[0m        [32m0.5775[0m       0.0882      0.4179        0.7057        0.0000  7.6150
      8      0.8381        0.5853       0.0894      0.4147        0.7081        0.0000  7.5785
      9      [36m0.8796[0m        0.5809       0.0816      0.4111        0.7117        0.0000  7.6303
     10      0.7407        [32m0.5489[0m       [35m0.0918[0m      0.4155        0.7097        0.0000  7.6730
     11      [36m0.8857[0m        0.5637       [35m0.0948[0m      0.4159        0.7084        0.0000  7.6636
     12      0.5979        0.5869       0.0936      0.4161        0.7100        0.0000  7.7372
     13      0.8024        0.5522       0.0941      0.4163        0.7094        0.0000  7.6968
Stopping since valid_loss has not improved in the last 11 epochs.
Pre-training scores with initial data:
  F1 (macro) = 0.4351
  F1 (micro) = 0.4440
  Accuracy   = 0.1142

Query 1: Using images from iteration=2 (entropy sampling).
Re-initializing module.
Re-initializing criterion.
Re-initializing optimizer.
  epoch    train_f1    train_loss    valid_acc    valid_f1    valid_loss    cp      lr     dur
-------  ----------  ------------  -----------  ----------  ------------  ----  ------  ------
      1      [36m0.6190[0m        [32m0.6520[0m       [35m0.1970[0m      [31m0.3399[0m        [94m0.6613[0m     +  0.0000  7.8021
      2      0.5537        [32m0.6315[0m       0.1950      [31m0.3694[0m        0.6688        0.0000  7.7442
      3      [36m0.6951[0m        [32m0.6104[0m       0.1634      [31m0.4828[0m        0.6822        0.0000  7.7821
      4      [36m0.7276[0m        [32m0.5863[0m       0.1764      0.3716        [94m0.6575[0m     +  0.0000  7.8144
      5      0.6597        [32m0.5805[0m       0.1139      0.4599        0.6688        0.0000  7.7768
      6      [36m0.8130[0m        [32m0.5581[0m       0.1545      0.4589        0.6606        0.0000  7.8322
      7      0.8038        0.5594       0.1469      0.4357        0.6578        0.0000  7.8599
      8      [36m0.8495[0m        [32m0.5477[0m       0.1503      0.4772        0.6605        0.0000  7.8432
      9      [36m0.8609[0m        [32m0.5096[0m       0.1608      0.4719        [94m0.6564[0m     +  0.0000  7.8276
     10      0.8373        0.5107       0.1696      [31m0.4874[0m        0.6577        0.0000  7.8027
     11      0.8608        0.5333       0.1747      0.4848        [94m0.6553[0m     +  0.0000  7.7940
     12      0.8439        0.5345       0.1625      0.4708        [94m0.6531[0m     +  0.0000  7.7724
     13      0.8399        0.5252       0.1658      0.4764        0.6536        0.0000  7.7499
     14      0.8525        0.5108       0.1729      0.4765        [94m0.6518[0m     +  0.0000  7.7831
     15      0.8261        [32m0.5051[0m       0.1729      0.4859        0.6526        0.0000  7.7915
     16      [36m0.8815[0m        [32m0.5002[0m       0.1724      0.4858        0.6523        0.0000  7.8026
     17      0.8319        0.5148       0.1724      0.4856        0.6523        0.0000  7.8126
     18      0.8475        [32m0.4991[0m       0.1738      0.4859        0.6522        0.0000  7.7808
     19      [36m0.9001[0m        0.5204       0.1734      0.4854        [94m0.6517[0m     +  0.0000  7.8294
     20      0.8737        0.5072       0.1736      0.4839        [94m0.6512[0m     +  0.0000  7.7800
     21      0.8654        0.5086       0.1736      0.4841        [94m0.6511[0m     +  0.0000  7.7256
     22      0.8642        [32m0.4970[0m       0.1736      0.4840        [94m0.6510[0m     +  0.0000  7.7783
     23      0.8161        0.5162       0.1729      0.4846        [94m0.6510[0m     +  0.0000  7.6899
     24      0.8394        0.5122       0.1736      0.4847        0.6510        0.0000  7.7175
     25      0.8511        0.5132       0.1726      0.4849        0.6511        0.0000  7.7702
     26      0.8897        0.5029       0.1726      0.4844        0.6510        0.0000  7.7501
     27      0.8754        0.5082       0.1731      0.4842        [94m0.6509[0m     +  0.0000  7.7438
     28      0.8621        0.5056       0.1733      0.4842        [94m0.6508[0m     +  0.0000  7.7226
     29      0.8959        [32m0.4833[0m       0.1729      0.4841        0.6508        0.0000  7.6565
     30      0.8062        0.5412       0.1729      0.4841        [94m0.6508[0m     +  0.0000  7.7183
     31      0.8657        0.4930       0.1731      0.4842        0.6508        0.0000  7.7389
     32      0.8690        0.4983       0.1731      0.4842        0.6508        0.0000  7.7235
     33      0.8560        0.4950       0.1727      0.4841        0.6508        0.0000  7.7474
     34      0.8535        0.5032       0.1726      0.4841        [94m0.6508[0m     +  0.0000  7.7631
     35      0.8751        0.5183       0.1726      0.4841        [94m0.6508[0m     +  0.0000  7.7088
     36      0.8907        0.4967       0.1727      0.4841        [94m0.6508[0m     +  0.0000  7.7205
     37      0.8779        0.5049       0.1727      0.4842        [94m0.6508[0m     +  0.0000  7.6666
     38      0.8787        0.4989       0.1726      0.4842        0.6508        0.0000  7.7233
Stopping since valid_loss has not improved in the last 11 epochs.
Iteration 1 Test Accuracy: 0.2023
Iteration 1 Test F1 Score (micro): 0.5714
Iteration 1 Test F1 Score (macro): 0.5250
Model checkpoint saved to C:\Users\localuserSKSG\Desktop\Shubham\ActiveLearning/Multilabel_from_multiclass/DinoS/entropy_sampling_seed42_test\model_checkpoint_iteration_0.pt

Query 2: Using images from iteration=3 (entropy sampling).
Re-initializing module.
Re-initializing criterion.
Re-initializing optimizer.
  epoch    train_f1    train_loss    valid_acc    valid_f1    valid_loss    cp      lr     dur
-------  ----------  ------------  -----------  ----------  ------------  ----  ------  ------
      1      [36m0.7347[0m        [32m0.5773[0m       [35m0.3807[0m      [31m0.1814[0m        [94m0.6259[0m     +  0.0000  7.8736
      2      0.1630        0.6039       0.2833      [31m0.3362[0m        [94m0.6094[0m     +  0.0000  7.7660
      3      0.5934        [32m0.5480[0m       0.3641      [31m0.4227[0m        0.6214        0.0000  7.7736
      4      0.7085        [32m0.5264[0m       0.3566      0.3390        [94m0.5945[0m     +  0.0000  7.8105
      5      0.5932        [32m0.5100[0m       0.3738      [31m0.5811[0m        0.6018        0.0000  7.7916
      6      [36m0.8085[0m        0.5174       [35m0.4467[0m      0.4984        [94m0.5804[0m     +  0.0000  7.7964
      7      [36m0.8398[0m        [32m0.4708[0m       [35m0.4582[0m      0.4891        [94m0.5756[0m     +  0.0000  7.8017
      8      0.8124        [32m0.4699[0m       [35m0.4611[0m      0.5085        [94m0.5719[0m     +  0.0000  7.8133
      9      0.8108        [32m0.4573[0m       [35m0.4714[0m      0.5181        [94m0.5688[0m     +  0.0000  7.7700
     10      0.8299        0.4733       0.4705      0.5270        [94m0.5645[0m     +  0.0000  7.7504
     11      [36m0.8623[0m        [32m0.4501[0m       [35m0.4722[0m      0.5321        [94m0.5629[0m     +  0.0000  7.7547
     12      [36m0.8929[0m        [32m0.4442[0m       [35m0.4762[0m      0.5281        [94m0.5621[0m     +  0.0000  7.8241
     13      0.8147        0.4593       0.4726      0.5398        [94m0.5600[0m     +  0.0000  7.8432
     14      0.8446        0.4471       [35m0.4776[0m      0.5345        [94m0.5593[0m     +  0.0000  7.8135
     15      0.7917        0.4529       0.4773      0.5407        [94m0.5576[0m     +  0.0000  7.8113
     16      0.8424        0.4535       0.4774      0.5421        [94m0.5570[0m     +  0.0000  7.7956
     17      0.7940        0.4446       0.4771      0.5442        [94m0.5565[0m     +  0.0000  7.8029
     18      0.8751        [32m0.4370[0m       0.4773      0.5452        [94m0.5561[0m     +  0.0000  7.7663
     19      0.8351        0.4509       [35m0.4795[0m      0.5454        [94m0.5557[0m     +  0.0000  7.7861
     20      [36m0.9019[0m        [32m0.4360[0m       [35m0.4799[0m      0.5458        [94m0.5553[0m     +  0.0000  7.7805
     21      0.8295        0.4509       [35m0.4800[0m      0.5455        [94m0.5552[0m     +  0.0000  7.7711
     22      0.8314        0.4541       [35m0.4804[0m      0.5457        [94m0.5550[0m     +  0.0000  7.7945
     23      0.8496        0.4476       0.4802      0.5457        [94m0.5548[0m     +  0.0000  7.8118
     24      0.7989        0.4570       [35m0.4806[0m      0.5460        [94m0.5547[0m     +  0.0000  7.7633
     25      0.8355        0.4427       [35m0.4807[0m      0.5462        [94m0.5545[0m     +  0.0000  7.7797
     26      0.8534        0.4395       0.4806      0.5464        [94m0.5544[0m     +  0.0000  7.7658
     27      0.8342        0.4551       0.4806      0.5462        [94m0.5543[0m     +  0.0000  7.7904
     28      0.8481        0.4429       0.4807      0.5463        [94m0.5543[0m     +  0.0000  7.7813
     29      0.8244        0.4526       0.4807      0.5464        [94m0.5542[0m     +  0.0000  7.7774
     30      0.8486        0.4441       0.4807      0.5463        [94m0.5541[0m     +  0.0000  7.7992
     31      0.8521        0.4469       0.4807      0.5463        [94m0.5541[0m     +  0.0000  7.7814
     32      0.8668        0.4504       0.4807      0.5463        [94m0.5541[0m     +  0.0000  7.8344
     33      0.8370        0.4435       0.4807      0.5463        [94m0.5541[0m     +  0.0000  7.8188
     34      0.8739        0.4467       0.4806      0.5464        [94m0.5540[0m     +  0.0000  7.7566
     35      0.8366        0.4396       0.4807      0.5463        [94m0.5540[0m     +  0.0000  7.7814
     36      0.8546        [32m0.4346[0m       0.4807      0.5463        [94m0.5540[0m     +  0.0000  7.7813
     37      0.8138        0.4533       0.4806      0.5462        [94m0.5540[0m     +  0.0000  7.7712
     38      0.9017        [32m0.4297[0m       0.4807      0.5463        [94m0.5540[0m     +  0.0000  7.7998
     39      0.8644        0.4418       0.4807      0.5463        [94m0.5540[0m     +  0.0000  7.8125
     40      0.8681        0.4488       [35m0.4809[0m      0.5463        [94m0.5540[0m     +  0.0000  7.7816
     41      0.8288        0.4462       0.4807      0.5463        [94m0.5540[0m     +  0.0000  7.7956
     42      0.8130        0.4379       0.4809      0.5463        [94m0.5540[0m     +  0.0000  7.7720
     43      0.8322        0.4457       0.4809      0.5463        [94m0.5540[0m     +  0.0000  7.7500
     44      0.8100        0.4525       0.4807      0.5463        [94m0.5540[0m     +  0.0000  7.7969
     45      0.8611        0.4385       0.4807      0.5463        [94m0.5540[0m     +  0.0000  7.7810
     46      0.8225        0.4469       0.4807      0.5463        [94m0.5540[0m     +  0.0000  7.7798
     47      0.8426        0.4430       0.4807      0.5463        [94m0.5540[0m     +  0.0000  7.7836
     48      0.8555        0.4474       0.4807      0.5463        [94m0.5540[0m     +  0.0000  7.8114
     49      0.7951        0.4457       0.4807      0.5463        [94m0.5539[0m     +  0.0000  7.7972
     50      0.8597        0.4499       0.4807      0.5463        [94m0.5539[0m     +  0.0000  7.8015
     51      0.8455        0.4446       0.4807      0.5463        [94m0.5539[0m     +  0.0000  7.7868
     52      0.8292        0.4490       0.4807      0.5463        [94m0.5539[0m     +  0.0000  7.7793
     53      0.8431        0.4519       0.4807      0.5463        [94m0.5539[0m     +  0.0000  7.7863
Stopping since valid_loss has not improved in the last 11 epochs.
Iteration 2 Test Accuracy: 0.5519
Iteration 2 Test F1 Score (micro): 0.6753
Iteration 2 Test F1 Score (macro): 0.6253
Model checkpoint saved to C:\Users\localuserSKSG\Desktop\Shubham\ActiveLearning/Multilabel_from_multiclass/DinoS/entropy_sampling_seed42_test\model_checkpoint_iteration_1.pt

Query 3: Using images from iteration=4 (entropy sampling).
Re-initializing module.
Re-initializing criterion.
Re-initializing optimizer.
  epoch    train_f1    train_loss    valid_acc    valid_f1    valid_loss    cp      lr     dur
-------  ----------  ------------  -----------  ----------  ------------  ----  ------  ------
      1      [36m0.7663[0m        [32m0.4955[0m       [35m0.3144[0m      [31m0.6637[0m        [94m0.6173[0m     +  0.0000  8.0684
      2      0.7214        0.5888       [35m0.4870[0m      0.2440        [94m0.5740[0m     +  0.0000  7.9701
      3      0.3541        0.5538       [35m0.5707[0m      [31m0.7776[0m        [94m0.5066[0m     +  0.0000  7.9691
      4      [36m0.8362[0m        [32m0.4719[0m       0.5573      0.6197        [94m0.4899[0m     +  0.0000  7.9433
      5      [36m0.8400[0m        [32m0.4462[0m       [35m0.6618[0m      [31m0.7996[0m        [94m0.4711[0m     +  0.0000  7.9377
      6      [36m0.8652[0m        [32m0.4342[0m       0.6613      0.7896        [94m0.4670[0m     +  0.0000  7.9269
      7      [36m0.8759[0m        [32m0.4330[0m       0.6571      0.7818        [94m0.4644[0m     +  0.0000  7.9532
      8      0.8746        [32m0.4180[0m       0.6608      0.7845        [94m0.4613[0m     +  0.0000  8.0053
      9      0.8745        0.4242       [35m0.6637[0m      0.7887        [94m0.4582[0m     +  0.0000  7.9667
     10      [36m0.8978[0m        [32m0.4128[0m       [35m0.6660[0m      0.7901        [94m0.4555[0m     +  0.0000  7.9689
     11      0.8631        0.4183       [35m0.6674[0m      0.7909        [94m0.4546[0m     +  0.0000  7.9839
     12      0.8898        0.4173       0.6665      0.7892        [94m0.4536[0m     +  0.0000  7.9372
     13      0.8646        0.4149       [35m0.6682[0m      0.7918        [94m0.4527[0m     +  0.0000  7.9791
     14      0.8903        [32m0.4044[0m       [35m0.6686[0m      0.7914        [94m0.4517[0m     +  0.0000  7.9679
     15      0.8596        0.4124       0.6684      0.7924        [94m0.4511[0m     +  0.0000  7.9691
     16      0.8590        0.4099       0.6682      0.7923        [94m0.4508[0m     +  0.0000  7.9531
     17      0.8850        0.4075       0.6686      0.7928        [94m0.4504[0m     +  0.0000  7.9159
     18      0.8807        0.4065       0.6686      0.7926        [94m0.4501[0m     +  0.0000  8.0373
     19      0.8760        0.4123       [35m0.6689[0m      0.7928        [94m0.4499[0m     +  0.0000  7.9750
     20      0.8760        [32m0.4035[0m       0.6684      0.7923        [94m0.4496[0m     +  0.0000  8.0828
     21      0.8844        0.4104       0.6686      0.7921        [94m0.4495[0m     +  0.0000  8.0314
     22      0.8728        0.4109       0.6687      0.7922        [94m0.4494[0m     +  0.0000  7.9527
     23      0.8427        0.4098       0.6687      0.7925        [94m0.4492[0m     +  0.0000  7.9827
     24      0.8750        0.4038       0.6687      0.7927        [94m0.4491[0m     +  0.0000  8.0496
     25      0.8837        [32m0.4028[0m       0.6689      0.7926        [94m0.4490[0m     +  0.0000  8.1074
     26      0.8805        0.4058       0.6689      0.7926        [94m0.4490[0m     +  0.0000  7.9712
     27      [36m0.9166[0m        [32m0.3948[0m       [35m0.6693[0m      0.7929        [94m0.4489[0m     +  0.0000  8.0316
     28      0.8842        0.4002       0.6691      0.7927        [94m0.4488[0m     +  0.0000  8.1445
     29      0.8758        0.4102       [35m0.6694[0m      0.7930        [94m0.4488[0m     +  0.0000  8.0661
     30      0.8786        0.4051       0.6694      0.7930        [94m0.4487[0m     +  0.0000  8.0047
     31      0.8695        0.3971       0.6694      0.7932        [94m0.4487[0m     +  0.0000  8.0218
     32      0.8892        0.4016       0.6694      0.7932        [94m0.4487[0m     +  0.0000  7.9874
     33      0.8806        0.4064       0.6694      0.7930        [94m0.4487[0m     +  0.0000  7.9873
     34      0.8645        0.4048       0.6694      0.7930        [94m0.4487[0m     +  0.0000  7.9723
     35      0.8808        0.4057       [35m0.6696[0m      0.7933        [94m0.4486[0m     +  0.0000  7.9526
     36      0.8806        0.4069       0.6696      0.7933        [94m0.4486[0m     +  0.0000  7.9646
     37      0.8793        0.4020       0.6696      0.7934        [94m0.4486[0m     +  0.0000  7.9846
     38      0.8713        0.4027       0.6696      0.7934        [94m0.4486[0m     +  0.0000  7.9372
     39      0.8885        0.3979       0.6696      0.7934        [94m0.4486[0m     +  0.0000  7.9483
     40      0.8622        0.4016       0.6696      0.7934        [94m0.4486[0m     +  0.0000  7.9689
     41      0.8996        0.3986       0.6696      0.7934        [94m0.4486[0m     +  0.0000  7.9360
     42      0.8837        0.3997       0.6696      0.7934        [94m0.4486[0m     +  0.0000  7.9714
     43      0.8825        0.4067       0.6696      0.7934        [94m0.4486[0m     +  0.0000  7.9499
     44      0.8834        [32m0.3948[0m       0.6696      0.7934        [94m0.4486[0m     +  0.0000  7.9378
     45      0.8842        0.4047       [35m0.6698[0m      0.7935        [94m0.4486[0m     +  0.0000  7.9999
     46      0.8639        0.3973       0.6698      0.7935        [94m0.4486[0m     +  0.0000  7.9533
     47      0.8811        0.4082       0.6698      0.7935        [94m0.4486[0m     +  0.0000  7.9534
     48      0.8778        0.4043       0.6698      0.7935        [94m0.4486[0m     +  0.0000  7.9528
     49      0.8790        0.4098       0.6698      0.7935        [94m0.4486[0m     +  0.0000  7.9610
     50      0.8986        0.4048       0.6698      0.7935        [94m0.4486[0m     +  0.0000  7.9868
     51      0.8899        0.4065       0.6698      0.7935        [94m0.4486[0m     +  0.0000  7.9054
     52      0.8733        0.4042       0.6698      0.7935        [94m0.4486[0m     +  0.0000  7.9341
     53      0.8860        0.4013       0.6698      0.7935        [94m0.4486[0m     +  0.0000  7.9862
Stopping since valid_loss has not improved in the last 11 epochs.
Iteration 3 Test Accuracy: 0.7170
Iteration 3 Test F1 Score (micro): 0.8389
Iteration 3 Test F1 Score (macro): 0.8268
Model checkpoint saved to C:\Users\localuserSKSG\Desktop\Shubham\ActiveLearning/Multilabel_from_multiclass/DinoS/entropy_sampling_seed42_test\model_checkpoint_iteration_2.pt

Query 4: Using images from iteration=5 (entropy sampling).
Re-initializing module.
Re-initializing criterion.
Re-initializing optimizer.
  epoch    train_f1    train_loss    valid_acc    valid_f1    valid_loss    cp      lr     dur
-------  ----------  ------------  -----------  ----------  ------------  ----  ------  ------
      1      [36m0.8312[0m        [32m0.4239[0m       [35m0.4479[0m      [31m0.0013[0m        [94m0.6503[0m     +  0.0000  8.2838
      2      0.4096        0.5567       [35m0.7073[0m      [31m0.8238[0m        [94m0.4066[0m     +  0.0000  8.2366
      3      [36m0.8726[0m        [32m0.3781[0m       0.6592      0.7900        0.4084        0.0000  8.2453
      4      0.8722        [32m0.3729[0m       0.6540      0.7787        [94m0.4051[0m     +  0.0000  8.2189
      5      0.8537        0.3746       0.6625      0.7974        [94m0.3994[0m     +  0.0000  8.2398
      6      0.8653        [32m0.3584[0m       0.6946      0.8224        [94m0.3849[0m     +  0.0000  8.2214
      7      [36m0.8771[0m        [32m0.3544[0m       0.6995      [31m0.8256[0m        [94m0.3819[0m     +  0.0000  8.2299
      8      [36m0.8886[0m        [32m0.3502[0m       0.6960      0.8232        [94m0.3812[0m     +  0.0000  8.1938
      9      0.8839        [32m0.3493[0m       0.6988      0.8253        [94m0.3792[0m     +  0.0000  8.1930
     10      0.8788        [32m0.3439[0m       0.6988      0.8253        [94m0.3782[0m     +  0.0000  8.1910
     11      [36m0.8896[0m        [32m0.3428[0m       0.6977      0.8244        [94m0.3779[0m     +  0.0000  8.1510
     12      [36m0.8925[0m        0.3462       0.6991      [31m0.8260[0m        [94m0.3770[0m     +  0.0000  8.2186
     13      0.8849        [32m0.3409[0m       0.6988      0.8260        [94m0.3768[0m     +  0.0000  8.1747
     14      0.8768        0.3440       0.6988      [31m0.8260[0m        [94m0.3764[0m     +  0.0000  8.1980
     15      0.8773        0.3434       0.6976      0.8255        [94m0.3761[0m     +  0.0000  8.1858
     16      0.8826        0.3413       0.6995      [31m0.8264[0m        [94m0.3758[0m     +  0.0000  8.1943
     17      0.8784        0.3416       0.6997      [31m0.8267[0m        [94m0.3756[0m     +  0.0000  8.2790
     18      0.8889        0.3430       0.7005      [31m0.8271[0m        [94m0.3754[0m     +  0.0000  8.1876
     19      0.8900        [32m0.3388[0m       0.7000      0.8269        [94m0.3753[0m     +  0.0000  8.1826
     20      0.8773        0.3443       0.7005      0.8270        [94m0.3750[0m     +  0.0000  8.1875
     21      0.8791        0.3389       0.7003      0.8270        [94m0.3749[0m     +  0.0000  8.1670
     22      0.8843        0.3409       0.7003      0.8270        [94m0.3748[0m     +  0.0000  8.2035
     23      0.8804        0.3419       0.7005      0.8271        [94m0.3747[0m     +  0.0000  8.1546
     24      0.8834        [32m0.3364[0m       0.7005      0.8271        [94m0.3746[0m     +  0.0000  8.2325
     25      0.8793        [32m0.3362[0m       0.7009      [31m0.8272[0m        [94m0.3745[0m     +  0.0000  8.2157
     26      0.8769        0.3431       0.7012      [31m0.8274[0m        [94m0.3745[0m     +  0.0000  8.1872
     27      0.8858        0.3421       0.7012      0.8274        [94m0.3745[0m     +  0.0000  8.1844
     28      0.8735        0.3445       0.7010      [31m0.8275[0m        [94m0.3744[0m     +  0.0000  8.1682
     29      [36m0.8935[0m        0.3388       0.7010      [31m0.8275[0m        [94m0.3744[0m     +  0.0000  8.1876
     30      0.8753        0.3381       0.7010      0.8274        [94m0.3744[0m     +  0.0000  8.2355
     31      0.8725        0.3394       0.7010      0.8275        [94m0.3744[0m     +  0.0000  8.1907
     32      0.8906        0.3370       0.7010      0.8275        [94m0.3744[0m     +  0.0000  8.2312
     33      [36m0.8937[0m        [32m0.3340[0m       0.7014      [31m0.8277[0m        [94m0.3743[0m     +  0.0000  8.2939
     34      0.8875        0.3378       0.7010      0.8275        [94m0.3743[0m     +  0.0000  8.2300
     35      0.8810        0.3385       0.7010      0.8275        [94m0.3743[0m     +  0.0000  8.2043
     36      0.8661        0.3413       0.7010      0.8275        [94m0.3743[0m     +  0.0000  8.2329
     37      0.8897        0.3398       0.7010      0.8275        [94m0.3743[0m     +  0.0000  8.2557
     38      0.8899        0.3381       0.7010      0.8275        [94m0.3743[0m     +  0.0000  8.1871
     39      0.8894        0.3407       0.7010      0.8275        [94m0.3743[0m     +  0.0000  8.2359
     40      0.8798        0.3410       0.7010      0.8275        [94m0.3743[0m     +  0.0000  8.2161
     41      0.8780        0.3391       0.7010      0.8275        [94m0.3743[0m     +  0.0000  8.2344
     42      0.8847        0.3351       0.7010      0.8275        [94m0.3743[0m     +  0.0000  8.2191
     43      0.8843        0.3370       0.7010      0.8275        [94m0.3743[0m     +  0.0000  8.2353
     44      0.8702        0.3412       0.7010      0.8275        [94m0.3743[0m     +  0.0000  8.2202
     45      0.8846        0.3379       0.7010      0.8275        [94m0.3743[0m     +  0.0000  8.2485
     46      0.8904        0.3385       0.7010      0.8275        [94m0.3743[0m     +  0.0000  8.2146
     47      0.8846        0.3396       0.7010      0.8275        [94m0.3743[0m     +  0.0000  8.1875
     48      0.8925        0.3416       0.7010      0.8275        0.3743        0.0000  8.1970
     49      0.8898        0.3359       0.7010      0.8275        0.3743        0.0000  8.1782
     50      0.8796        0.3421       0.7010      0.8275        [94m0.3743[0m     +  0.0000  8.1717
     51      0.8773        0.3425       0.7010      0.8275        [94m0.3743[0m     +  0.0000  8.1891
     52      0.8887        0.3416       0.7010      0.8275        [94m0.3743[0m     +  0.0000  8.2316
     53      0.8890        0.3449       0.7010      0.8275        [94m0.3743[0m     +  0.0000  8.2979
Stopping since valid_loss has not improved in the last 11 epochs.
Iteration 4 Test Accuracy: 0.7451
Iteration 4 Test F1 Score (micro): 0.8687
Iteration 4 Test F1 Score (macro): 0.8608
Model checkpoint saved to C:\Users\localuserSKSG\Desktop\Shubham\ActiveLearning/Multilabel_from_multiclass/DinoS/entropy_sampling_seed42_test\model_checkpoint_iteration_3.pt

Query 5: Using images from iteration=6 (entropy sampling).
Re-initializing module.
Re-initializing criterion.
Re-initializing optimizer.
  epoch    train_f1    train_loss    valid_acc    valid_f1    valid_loss    cp      lr     dur
-------  ----------  ------------  -----------  ----------  ------------  ----  ------  ------
      1      [36m0.7670[0m        [32m0.4352[0m       [35m0.7083[0m      [31m0.8423[0m        [94m0.3722[0m     +  0.0000  8.8441
      2      [36m0.8560[0m        [32m0.3401[0m       [35m0.7111[0m      0.8386        [94m0.3567[0m     +  0.0000  8.6735
      3      [36m0.8797[0m        [32m0.3287[0m       [35m0.7139[0m      0.8408        [94m0.3509[0m     +  0.0000  8.6376
      4      0.8732        [32m0.3229[0m       0.7135      0.8397        [94m0.3467[0m     +  0.0000  8.6699
      5      0.8781        [32m0.3225[0m       [35m0.7184[0m      [31m0.8453[0m        [94m0.3433[0m     +  0.0000  8.6833
      6      0.8785        [32m0.3141[0m       [35m0.7233[0m      [31m0.8502[0m        [94m0.3412[0m     +  0.0000  8.7064
      7      [36m0.8920[0m        [32m0.3107[0m       [35m0.7247[0m      [31m0.8504[0m        [94m0.3399[0m     +  0.0000  8.6594
      8      0.8678        0.3132       [35m0.7280[0m      [31m0.8526[0m        [94m0.3385[0m     +  0.0000  8.6717
      9      0.8813        0.3110       [35m0.7302[0m      [31m0.8558[0m        [94m0.3372[0m     +  0.0000  8.6526
     10      0.8851        [32m0.3037[0m       0.7267      0.8524        [94m0.3363[0m     +  0.0000  8.7005
     11      0.8862        [32m0.3021[0m       0.7285      0.8535        [94m0.3358[0m     +  0.0000  8.6721
     12      0.8838        0.3068       0.7283      0.8535        [94m0.3353[0m     +  0.0000  8.6684
     13      0.8810        0.3034       0.7295      0.8546        [94m0.3349[0m     +  0.0000  8.6868
     14      0.8866        [32m0.3011[0m       0.7302      0.8551        [94m0.3344[0m     +  0.0000  8.7308
     15      0.8788        0.3107       [35m0.7306[0m      0.8553        [94m0.3340[0m     +  0.0000  8.6586
     16      0.8803        0.3027       0.7299      0.8553        [94m0.3338[0m     +  0.0000  8.6888
     17      0.8824        0.3025       0.7306      0.8555        [94m0.3336[0m     +  0.0000  8.6370
     18      0.8920        0.3017       0.7300      0.8554        [94m0.3336[0m     +  0.0000  8.6767
     19      [36m0.8950[0m        0.3034       0.7300      0.8553        [94m0.3334[0m     +  0.0000  8.6385
     20      0.8821        [32m0.2983[0m       0.7306      0.8556        [94m0.3333[0m     +  0.0000  8.7040
     21      [36m0.8997[0m        [32m0.2944[0m       0.7302      0.8553        [94m0.3332[0m     +  0.0000  8.7246
     22      0.8968        0.2984       0.7302      0.8554        [94m0.3332[0m     +  0.0000  8.6543
     23      0.8852        0.3011       0.7304      0.8555        [94m0.3331[0m     +  0.0000  8.6905
     24      0.8881        0.3003       [35m0.7307[0m      0.8557        [94m0.3330[0m     +  0.0000  8.7306
     25      [36m0.9018[0m        0.3022       0.7307      0.8557        [94m0.3330[0m     +  0.0000  8.6724
     26      0.8901        0.3045       0.7307      0.8557        [94m0.3330[0m     +  0.0000  8.6500
     27      0.8796        0.3022       0.7307      [31m0.8558[0m        [94m0.3329[0m     +  0.0000  8.6874
     28      0.8906        0.2990       0.7307      0.8558        [94m0.3329[0m     +  0.0000  8.6814
     29      0.8896        0.2975       0.7307      [31m0.8558[0m        [94m0.3329[0m     +  0.0000  8.6521
     30      0.8860        0.2989       0.7307      0.8558        [94m0.3329[0m     +  0.0000  8.6431
     31      0.8930        0.3050       0.7307      0.8558        [94m0.3329[0m     +  0.0000  8.7133
     32      0.8814        0.3066       [35m0.7309[0m      [31m0.8559[0m        [94m0.3329[0m     +  0.0000  8.6872
     33      0.8897        0.3028       0.7309      0.8559        [94m0.3328[0m     +  0.0000  8.6095
     34      0.8880        0.3055       0.7309      0.8559        [94m0.3328[0m     +  0.0000  8.7025
     35      0.8970        0.3020       0.7309      0.8559        [94m0.3328[0m     +  0.0000  8.6411
     36      0.8850        0.3028       0.7309      0.8559        [94m0.3328[0m     +  0.0000  8.6721
     37      0.8936        0.3013       0.7309      0.8559        [94m0.3328[0m     +  0.0000  8.6083
     38      0.8962        0.2952       0.7309      0.8559        [94m0.3328[0m     +  0.0000  8.7061
     39      0.8857        0.3048       0.7309      0.8559        [94m0.3328[0m     +  0.0000  8.6534
     40      0.8994        0.3024       0.7309      0.8559        [94m0.3328[0m     +  0.0000  8.6722
     41      0.8939        0.3043       0.7309      0.8559        [94m0.3328[0m     +  0.0000  8.6415
     42      0.8941        0.3067       0.7309      0.8559        [94m0.3328[0m     +  0.0000  8.6849
     43      0.8822        0.3058       0.7309      0.8559        [94m0.3328[0m     +  0.0000  8.6916
     44      0.8852        0.2992       0.7309      0.8559        [94m0.3328[0m     +  0.0000  8.6346
     45      0.8877        0.3022       0.7309      0.8559        [94m0.3328[0m     +  0.0000  8.6845
     46      0.8912        0.2987       0.7309      0.8559        [94m0.3328[0m     +  0.0000  8.6626
     47      0.8890        0.2982       0.7309      0.8559        [94m0.3328[0m     +  0.0000  8.6749
Stopping since valid_loss has not improved in the last 11 epochs.
Iteration 5 Test Accuracy: 0.7679
Iteration 5 Test F1 Score (micro): 0.8901
Iteration 5 Test F1 Score (macro): 0.8813
Model checkpoint saved to C:\Users\localuserSKSG\Desktop\Shubham\ActiveLearning/Multilabel_from_multiclass/DinoS/entropy_sampling_seed42_test\model_checkpoint_iteration_4.pt

Query 6: Using images from iteration=7 (entropy sampling).
Re-initializing module.
Re-initializing criterion.
Re-initializing optimizer.
  epoch    train_f1    train_loss    valid_acc    valid_f1    valid_loss    cp      lr     dur
-------  ----------  ------------  -----------  ----------  ------------  ----  ------  ------
      1      [36m0.8180[0m        [32m0.3657[0m       [35m0.7321[0m      [31m0.8657[0m        [94m0.3265[0m     +  0.0000  9.6770
      2      [36m0.8873[0m        [32m0.2980[0m       [35m0.7439[0m      [31m0.8705[0m        [94m0.3165[0m     +  0.0000  9.4809
      3      [36m0.8957[0m        [32m0.2914[0m       0.7436      0.8691        [94m0.3117[0m     +  0.0000  9.4852
      4      [36m0.9010[0m        [32m0.2852[0m       [35m0.7472[0m      0.8694        [94m0.3067[0m     +  0.0000  9.4713
      5      [36m0.9053[0m        [32m0.2798[0m       0.7429      0.8621        [94m0.3026[0m     +  0.0000  9.4867
      6      [36m0.9103[0m        [32m0.2720[0m       0.7460      0.8585        [94m0.3015[0m     +  0.0000  9.5292
      7      [36m0.9105[0m        [32m0.2709[0m       [35m0.7479[0m      0.8592        [94m0.3000[0m     +  0.0000  9.5071
      8      [36m0.9176[0m        [32m0.2683[0m       0.7476      0.8599        [94m0.2994[0m     +  0.0000  9.4846
      9      [36m0.9182[0m        0.2701       [35m0.7493[0m      0.8602        [94m0.2981[0m     +  0.0000  9.5053
     10      [36m0.9203[0m        0.2691       [35m0.7503[0m      0.8605        [94m0.2969[0m     +  0.0000  9.5343
     11      [36m0.9243[0m        [32m0.2664[0m       [35m0.7528[0m      0.8616        [94m0.2961[0m     +  0.0000  9.4870
     12      0.9187        0.2681       [35m0.7540[0m      0.8623        [94m0.2955[0m     +  0.0000  9.5546
     13      0.9203        [32m0.2647[0m       [35m0.7547[0m      0.8634        [94m0.2949[0m     +  0.0000  9.5287
     14      0.9232        [32m0.2614[0m       [35m0.7566[0m      0.8652        [94m0.2944[0m     +  0.0000  9.5492
     15      0.9239        0.2655       [35m0.7571[0m      0.8639        [94m0.2940[0m     +  0.0000  9.5471
     16      0.9217        0.2627       [35m0.7573[0m      0.8641        [94m0.2938[0m     +  0.0000  9.5632
     17      [36m0.9246[0m        0.2637       0.7571      0.8638        [94m0.2938[0m     +  0.0000  9.5782
     18      0.9212        0.2647       [35m0.7575[0m      0.8638        [94m0.2936[0m     +  0.0000  9.5941
     19      [36m0.9272[0m        0.2623       [35m0.7580[0m      0.8640        [94m0.2934[0m     +  0.0000  9.5782
     20      0.9265        [32m0.2593[0m       [35m0.7583[0m      0.8639        [94m0.2932[0m     +  0.0000  9.5780
     21      0.9227        0.2635       [35m0.7589[0m      0.8646        [94m0.2931[0m     +  0.0000  9.5863
     22      0.9271        0.2617       0.7589      0.8647        [94m0.2930[0m     +  0.0000  9.4993
     23      0.9254        0.2632       0.7585      0.8645        [94m0.2929[0m     +  0.0000  9.5464
     24      [36m0.9281[0m        0.2606       [35m0.7592[0m      0.8650        [94m0.2928[0m     +  0.0000  9.5459
     25      0.9250        0.2652       0.7590      0.8648        [94m0.2927[0m     +  0.0000  9.5957
     26      0.9269        0.2649       0.7592      0.8649        [94m0.2927[0m     +  0.0000  9.4794
     27      0.9271        0.2621       0.7587      0.8646        [94m0.2927[0m     +  0.0000  9.5384
     28      [36m0.9302[0m        0.2613       0.7589      0.8647        [94m0.2927[0m     +  0.0000  9.5000
     29      [36m0.9319[0m        0.2605       0.7589      0.8647        [94m0.2927[0m     +  0.0000  9.5416
     30      0.9210        0.2667       0.7590      0.8648        [94m0.2926[0m     +  0.0000  9.6098
     31      0.9268        0.2594       0.7592      0.8649        [94m0.2926[0m     +  0.0000  9.5309
     32      0.9276        0.2610       0.7590      0.8648        [94m0.2926[0m     +  0.0000  9.5616
     33      0.9256        0.2631       0.7590      0.8648        [94m0.2926[0m     +  0.0000  9.5314
     34      0.9222        0.2654       0.7590      0.8648        [94m0.2926[0m     +  0.0000  9.5030
     35      0.9268        0.2611       0.7589      0.8647        [94m0.2926[0m     +  0.0000  9.5627
     36      0.9267        0.2629       0.7589      0.8647        [94m0.2926[0m     +  0.0000  9.5626
     37      0.9288        [32m0.2593[0m       0.7589      0.8647        [94m0.2926[0m     +  0.0000  9.5517
     38      0.9268        0.2604       0.7589      0.8647        [94m0.2926[0m     +  0.0000  9.5647
     39      [36m0.9323[0m        0.2609       0.7589      0.8647        [94m0.2926[0m     +  0.0000  9.5789
     40      0.9298        0.2627       0.7589      0.8647        [94m0.2926[0m     +  0.0000  9.5298
     41      0.9215        0.2620       0.7587      0.8646        [94m0.2925[0m     +  0.0000  9.5181
     42      [36m0.9336[0m        0.2625       0.7587      0.8646        [94m0.2925[0m     +  0.0000  9.5466
     43      0.9336        0.2621       0.7587      0.8646        [94m0.2925[0m     +  0.0000  9.5769
     44      0.9248        0.2623       0.7587      0.8646        [94m0.2925[0m     +  0.0000  9.5631
     45      0.9263        0.2596       0.7587      0.8646        [94m0.2925[0m     +  0.0000  9.5424
     46      0.9272        0.2617       0.7587      0.8646        [94m0.2925[0m     +  0.0000  9.5032
     47      0.9331        0.2616       0.7587      0.8646        [94m0.2925[0m     +  0.0000  9.5430
     48      [36m0.9354[0m        0.2613       0.7587      0.8646        [94m0.2925[0m     +  0.0000  9.5536
     49      0.9242        0.2617       0.7587      0.8646        [94m0.2925[0m     +  0.0000  9.5316
     50      0.9293        0.2634       0.7587      0.8646        [94m0.2925[0m     +  0.0000  9.5150
     51      0.9218        0.2636       0.7587      0.8646        [94m0.2925[0m     +  0.0000  9.5323
     52      0.9326        [32m0.2590[0m       0.7587      0.8646        [94m0.2925[0m     +  0.0000  9.5466
Stopping since valid_loss has not improved in the last 11 epochs.
Iteration 6 Test Accuracy: 0.7828
Iteration 6 Test F1 Score (micro): 0.8987
Iteration 6 Test F1 Score (macro): 0.8865
Model checkpoint saved to C:\Users\localuserSKSG\Desktop\Shubham\ActiveLearning/Multilabel_from_multiclass/DinoS/entropy_sampling_seed42_test\model_checkpoint_iteration_5.pt

Query 7: Using images from iteration=8 (entropy sampling).
Re-initializing module.
Re-initializing criterion.
Re-initializing optimizer.
  epoch    train_f1    train_loss    valid_acc    valid_f1    valid_loss    cp      lr      dur
-------  ----------  ------------  -----------  ----------  ------------  ----  ------  -------
      1      [36m0.8719[0m        [32m0.3096[0m       [35m0.7628[0m      [31m0.8640[0m        [94m0.2903[0m     +  0.0000  11.3238
      2      [36m0.9177[0m        [32m0.2648[0m       [35m0.7717[0m      0.8638        [94m0.2850[0m     +  0.0000  10.9807
      3      [36m0.9204[0m        [32m0.2582[0m       0.7686      [31m0.8674[0m        [94m0.2819[0m     +  0.0000  10.9540
      4      [36m0.9275[0m        [32m0.2535[0m       [35m0.7821[0m      [31m0.8702[0m        [94m0.2763[0m     +  0.0000  10.9983
      5      [36m0.9276[0m        [32m0.2489[0m       [35m0.7832[0m      [31m0.8712[0m        [94m0.2744[0m     +  0.0000  10.9830
      6      [36m0.9368[0m        [32m0.2451[0m       [35m0.7887[0m      [31m0.8752[0m        [94m0.2712[0m     +  0.0000  10.9968
      7      0.9348        [32m0.2423[0m       [35m0.7905[0m      [31m0.8755[0m        [94m0.2707[0m     +  0.0000  11.0283
      8      0.9323        [32m0.2419[0m       0.7896      [31m0.8758[0m        [94m0.2697[0m     +  0.0000  10.9853
      9      [36m0.9376[0m        0.2432       0.7905      [31m0.8762[0m        [94m0.2690[0m     +  0.0000  11.0000
     10      [36m0.9377[0m        [32m0.2403[0m       [35m0.7944[0m      [31m0.8770[0m        [94m0.2685[0m     +  0.0000  11.0349
     11      [36m0.9407[0m        [32m0.2367[0m       0.7937      [31m0.8774[0m        [94m0.2669[0m     +  0.0000  10.9840
     12      [36m0.9460[0m        0.2403       0.7939      0.8771        [94m0.2666[0m     +  0.0000  11.0302
     13      0.9392        0.2374       0.7944      [31m0.8777[0m        [94m0.2665[0m     +  0.0000  11.0622
     14      0.9442        [32m0.2343[0m       0.7941      0.8773        [94m0.2663[0m     +  0.0000  10.9985
     15      0.9418        0.2358       [35m0.7953[0m      0.8774        [94m0.2658[0m     +  0.0000  11.0194
     16      0.9454        0.2367       [35m0.7958[0m      [31m0.8782[0m        [94m0.2655[0m     +  0.0000  11.0493
     17      [36m0.9482[0m        [32m0.2339[0m       [35m0.7969[0m      [31m0.8788[0m        [94m0.2653[0m     +  0.0000  11.0406
     18      0.9451        0.2355       0.7958      0.8782        0.2653        0.0000  11.0737
     19      0.9465        0.2343       [35m0.7972[0m      0.8786        [94m0.2652[0m     +  0.0000  10.9644
     20      0.9458        [32m0.2323[0m       0.7965      0.8784        [94m0.2652[0m     +  0.0000  10.9605
     21      0.9472        0.2346       0.7972      0.8786        [94m0.2651[0m     +  0.0000  10.9921
     22      0.9442        0.2335       [35m0.7974[0m      0.8786        [94m0.2650[0m     +  0.0000  10.9608
     23      0.9450        0.2367       [35m0.7976[0m      0.8787        [94m0.2649[0m     +  0.0000  10.9476
     24      0.9463        0.2328       0.7972      0.8786        [94m0.2649[0m     +  0.0000  11.0089
     25      0.9431        0.2362       [35m0.7977[0m      [31m0.8788[0m        [94m0.2649[0m     +  0.0000  11.0079
     26      0.9443        0.2364       0.7972      0.8786        [94m0.2648[0m     +  0.0000  10.9302
     27      0.9446        [32m0.2312[0m       0.7977      0.8788        [94m0.2648[0m     +  0.0000  10.9613
     28      0.9472        0.2324       0.7972      0.8786        [94m0.2648[0m     +  0.0000  10.9923
     29      0.9436        0.2327       0.7972      0.8787        [94m0.2648[0m     +  0.0000  11.0074
     30      [36m0.9525[0m        0.2332       0.7972      0.8788        [94m0.2647[0m     +  0.0000  10.9439
     31      0.9456        0.2330       0.7974      [31m0.8789[0m        [94m0.2647[0m     +  0.0000  10.9606
     32      0.9425        0.2333       0.7972      0.8787        0.2647        0.0000  11.0237
     33      0.9455        0.2328       0.7974      0.8789        [94m0.2647[0m     +  0.0000  10.9297
     34      0.9485        0.2316       0.7974      [31m0.8789[0m        [94m0.2647[0m     +  0.0000  10.9612
     35      0.9429        0.2325       0.7972      0.8787        [94m0.2647[0m     +  0.0000  10.9915
     36      0.9467        0.2328       0.7974      0.8789        [94m0.2647[0m     +  0.0000  10.9773
     37      0.9461        0.2343       0.7974      0.8789        [94m0.2647[0m     +  0.0000  10.9596
     38      0.9436        0.2329       0.7974      0.8789        [94m0.2647[0m     +  0.0000  10.9919
     39      0.9480        0.2323       0.7974      0.8789        [94m0.2647[0m     +  0.0000  10.9674
     40      0.9456        0.2332       0.7970      0.8786        0.2647        0.0000  11.0249
     41      0.9459        0.2357       0.7970      0.8786        0.2647        0.0000  10.9611
     42      0.9486        [32m0.2312[0m       0.7970      0.8786        0.2647        0.0000  10.9608
     43      0.9447        0.2326       0.7970      0.8786        0.2647        0.0000  10.9777
     44      0.9457        0.2317       0.7970      0.8786        0.2647        0.0000  10.9920
     45      0.9460        0.2345       0.7970      0.8786        [94m0.2647[0m     +  0.0000  10.9755
     46      0.9504        0.2326       0.7970      0.8786        [94m0.2647[0m     +  0.0000  11.0381
Stopping since valid_loss has not improved in the last 11 epochs.
Iteration 7 Test Accuracy: 0.8181
Iteration 7 Test F1 Score (micro): 0.9163
Iteration 7 Test F1 Score (macro): 0.9021
Model checkpoint saved to C:\Users\localuserSKSG\Desktop\Shubham\ActiveLearning/Multilabel_from_multiclass/DinoS/entropy_sampling_seed42_test\model_checkpoint_iteration_6.pt

Query 8: Using images from iteration=9 (entropy sampling).
Re-initializing module.
Re-initializing criterion.
Re-initializing optimizer.
  epoch    train_f1    train_loss    valid_acc    valid_f1    valid_loss    cp      lr      dur
-------  ----------  ------------  -----------  ----------  ------------  ----  ------  -------
      1      [36m0.9097[0m        [32m0.2652[0m       [35m0.8116[0m      [31m0.8753[0m        [94m0.2649[0m     +  0.0000  13.7454
      2      [36m0.9402[0m        [32m0.2347[0m       [35m0.8259[0m      [31m0.8845[0m        [94m0.2581[0m     +  0.0000  13.4630
      3      [36m0.9465[0m        [32m0.2268[0m       0.8238      0.8833        [94m0.2538[0m     +  0.0000  13.5415
      4      [36m0.9508[0m        [32m0.2204[0m       [35m0.8337[0m      [31m0.8866[0m        [94m0.2524[0m     +  0.0000  13.5569
      5      0.9503        [32m0.2195[0m       0.8328      [31m0.8889[0m        [94m0.2485[0m     +  0.0000  13.5876
      6      [36m0.9563[0m        [32m0.2120[0m       0.8290      0.8879        [94m0.2460[0m     +  0.0000  13.6193
      7      0.9542        [32m0.2107[0m       0.8293      0.8883        [94m0.2449[0m     +  0.0000  13.7119
      8      [36m0.9566[0m        [32m0.2098[0m       0.8319      0.8874        0.2453        0.0000  13.6357
      9      [36m0.9589[0m        [32m0.2084[0m       0.8326      0.8887        [94m0.2439[0m     +  0.0000  13.6358
     10      [36m0.9608[0m        [32m0.2060[0m       0.8325      0.8875        0.2440        0.0000  13.6344
     11      [36m0.9619[0m        [32m0.2048[0m       0.8318      [31m0.8911[0m        [94m0.2424[0m     +  0.0000  13.6042
     12      0.9597        0.2050       0.8319      0.8902        0.2424        0.0000  13.6195
     13      0.9615        [32m0.2038[0m       0.8316      0.8908        [94m0.2421[0m     +  0.0000  13.6324
     14      [36m0.9623[0m        [32m0.2025[0m       0.8318      0.8898        [94m0.2419[0m     +  0.0000  13.6169
     15      [36m0.9631[0m        0.2028       0.8330      0.8910        [94m0.2415[0m     +  0.0000  13.6193
     16      0.9630        [32m0.2014[0m       0.8316      [31m0.8914[0m        [94m0.2411[0m     +  0.0000  13.6169
     17      [36m0.9657[0m        0.2018       0.8319      [31m0.8915[0m        [94m0.2410[0m     +  0.0000  13.6359
     18      [36m0.9664[0m        [32m0.2008[0m       0.8321      0.8915        [94m0.2410[0m     +  0.0000  13.6031
     19      0.9647        0.2015       0.8321      [31m0.8916[0m        [94m0.2408[0m     +  0.0000  13.6039
     20      0.9647        [32m0.2004[0m       0.8326      [31m0.8917[0m        [94m0.2407[0m     +  0.0000  13.6503
     21      0.9660        0.2016       0.8314      0.8912        [94m0.2406[0m     +  0.0000  13.5724
     22      0.9649        [32m0.2002[0m       0.8316      0.8914        [94m0.2406[0m     +  0.0000  13.6494
     23      0.9664        [32m0.1995[0m       0.8309      0.8910        [94m0.2406[0m     +  0.0000  13.6034
     24      0.9659        0.2002       0.8313      0.8912        [94m0.2405[0m     +  0.0000  13.6341
     25      0.9640        0.2010       0.8316      0.8915        0.2405        0.0000  13.6190
     26      0.9657        0.2004       0.8311      0.8912        [94m0.2405[0m     +  0.0000  13.6182
     27      0.9653        0.1996       0.8311      0.8912        [94m0.2405[0m     +  0.0000  13.6511
     28      0.9635        0.2007       0.8311      0.8912        [94m0.2405[0m     +  0.0000  13.6033
     29      0.9651        [32m0.1992[0m       0.8311      0.8912        [94m0.2405[0m     +  0.0000  13.6516
     30      0.9649        0.2009       0.8311      0.8913        [94m0.2404[0m     +  0.0000  13.6353
     31      0.9658        [32m0.1982[0m       0.8311      0.8913        0.2404        0.0000  13.6499
     32      0.9656        0.1992       0.8311      0.8913        [94m0.2404[0m     +  0.0000  13.6653
     33      0.9661        0.1996       0.8311      0.8913        [94m0.2404[0m     +  0.0000  13.6194
     34      [36m0.9665[0m        0.2005       0.8311      0.8913        [94m0.2404[0m     +  0.0000  13.6355
     35      [36m0.9666[0m        0.1983       0.8313      0.8914        [94m0.2404[0m     +  0.0000  13.6176
     36      0.9666        0.1990       0.8313      0.8914        [94m0.2404[0m     +  0.0000  13.6500
     37      0.9649        0.1983       0.8313      0.8914        [94m0.2404[0m     +  0.0000  13.6808
     38      [36m0.9667[0m        0.1984       0.8313      0.8914        [94m0.2404[0m     +  0.0000  13.6041
     39      [36m0.9676[0m        0.1997       0.8311      0.8913        [94m0.2404[0m     +  0.0000  13.6191
     40      0.9653        0.1998       0.8311      0.8913        [94m0.2404[0m     +  0.0000  13.6347
     41      0.9662        0.1993       0.8311      0.8913        0.2404        0.0000  13.6182
     42      0.9669        0.2005       0.8311      0.8913        [94m0.2404[0m     +  0.0000  13.6019
     43      0.9675        0.1987       0.8311      0.8913        [94m0.2404[0m     +  0.0000  13.6342
     44      0.9642        0.2000       0.8311      0.8913        0.2404        0.0000  13.6181
     45      [36m0.9677[0m        0.1990       0.8311      0.8913        0.2404        0.0000  13.6708
     46      0.9651        0.1987       0.8311      0.8913        0.2404        0.0000  13.6033
     47      0.9669        0.1997       0.8311      0.8913        0.2404        0.0000  13.6308
     48      0.9656        0.1988       0.8311      0.8913        0.2404        0.0000  13.5569
     49      0.9656        0.1996       0.8311      0.8913        0.2404        0.0000  13.5580
Stopping since valid_loss has not improved in the last 11 epochs.
Iteration 8 Test Accuracy: 0.8224
Iteration 8 Test F1 Score (micro): 0.9179
Iteration 8 Test F1 Score (macro): 0.9028
Model checkpoint saved to C:\Users\localuserSKSG\Desktop\Shubham\ActiveLearning/Multilabel_from_multiclass/DinoS/entropy_sampling_seed42_test\model_checkpoint_iteration_7.pt

Query 9: Using images from iteration=10 (entropy sampling).
Re-initializing module.
Re-initializing criterion.
Re-initializing optimizer.
  epoch    train_f1    train_loss    valid_acc    valid_f1    valid_loss    cp      lr      dur
-------  ----------  ------------  -----------  ----------  ------------  ----  ------  -------
      1      [36m0.9333[0m        [32m0.2259[0m       [35m0.8309[0m      [31m0.8827[0m        [94m0.2418[0m     +  0.0000  18.4037
      2      [36m0.9571[0m        [32m0.2010[0m       0.8278      0.8765        0.2428        0.0000  18.0788
      3      [36m0.9607[0m        [32m0.1943[0m       0.8273      0.8703        0.2429        0.0000  18.2485
      4      [36m0.9650[0m        [32m0.1910[0m       [35m0.8439[0m      [31m0.8923[0m        [94m0.2335[0m     +  0.0000  18.3109
      5      [36m0.9663[0m        [32m0.1862[0m       0.8436      0.8883        0.2345        0.0000  18.2951
      6      [36m0.9690[0m        [32m0.1816[0m       0.8398      [31m0.8983[0m        [94m0.2265[0m     +  0.0000  18.2798
      7      [36m0.9702[0m        [32m0.1813[0m       0.8387      0.8977        [94m0.2257[0m     +  0.0000  18.3564
      8      0.9702        [32m0.1795[0m       0.8342      0.8966        0.2265        0.0000  18.2944
      9      0.9698        [32m0.1784[0m       0.8365      0.8970        0.2257        0.0000  18.3405
     10      [36m0.9732[0m        [32m0.1767[0m       0.8394      0.8970        [94m0.2249[0m     +  0.0000  18.2481
     11      0.9724        [32m0.1750[0m       0.8372      0.8970        [94m0.2246[0m     +  0.0000  18.2334
     12      0.9724        0.1751       0.8385      0.8973        [94m0.2241[0m     +  0.0000  18.2958
     13      [36m0.9736[0m        [32m0.1740[0m       0.8385      0.8974        [94m0.2240[0m     +  0.0000  18.2653
     14      [36m0.9741[0m        [32m0.1737[0m       0.8373      0.8968        0.2241        0.0000  18.3245
     15      0.9735        [32m0.1721[0m       0.8339      0.8958        0.2245        0.0000  18.2964
     16      0.9730        0.1733       0.8399      0.8979        [94m0.2234[0m     +  0.0000  18.3101
     17      0.9738        0.1722       0.8399      0.8981        [94m0.2233[0m     +  0.0000  18.2027
     18      0.9738        [32m0.1698[0m       0.8406      0.8982        [94m0.2233[0m     +  0.0000  18.2355
     19      [36m0.9746[0m        0.1711       0.8408      0.8983        [94m0.2232[0m     +  0.0000  18.3108
     20      0.9746        0.1722       0.8396      0.8978        [94m0.2231[0m     +  0.0000  18.2941
     21      0.9745        0.1713       0.8417      0.8976        [94m0.2229[0m     +  0.0000  18.2164
     22      [36m0.9758[0m        0.1701       0.8417      0.8977        0.2229        0.0000  18.2340
     23      0.9751        0.1713       0.8415      0.8971        [94m0.2229[0m     +  0.0000  18.3419
     24      0.9742        0.1701       0.8417      0.8972        [94m0.2229[0m     +  0.0000  18.2773
     25      0.9747        0.1702       0.8422      0.8978        [94m0.2228[0m     +  0.0000  18.3105
     26      [36m0.9758[0m        0.1705       0.8420      0.8973        [94m0.2228[0m     +  0.0000  18.2172
     27      0.9743        0.1717       0.8420      0.8972        [94m0.2228[0m     +  0.0000  18.2611
     28      0.9739        0.1710       0.8418      0.8970        [94m0.2228[0m     +  0.0000  18.2941
     29      0.9738        0.1722       0.8418      0.8971        [94m0.2228[0m     +  0.0000  18.2315
     30      0.9746        0.1713       0.8420      0.8972        [94m0.2228[0m     +  0.0000  18.2472
     31      0.9738        0.1710       0.8420      0.8972        [94m0.2228[0m     +  0.0000  18.3101
     32      0.9751        0.1706       0.8420      0.8972        [94m0.2228[0m     +  0.0000  18.2805
     33      0.9742        0.1699       0.8422      0.8973        [94m0.2228[0m     +  0.0000  18.2781
     34      0.9734        0.1706       0.8420      0.8972        0.2228        0.0000  18.2946
     35      0.9747        0.1706       0.8422      0.8972        [94m0.2227[0m     +  0.0000  18.2956
     36      0.9751        0.1711       0.8422      0.8972        [94m0.2227[0m     +  0.0000  18.4379
     37      0.9755        0.1704       0.8422      0.8972        [94m0.2227[0m     +  0.0000  18.2776
     38      0.9747        0.1705       0.8424      0.8973        [94m0.2227[0m     +  0.0000  18.1872
     39      0.9747        0.1698       0.8424      0.8973        [94m0.2227[0m     +  0.0000  18.2320
     40      [36m0.9759[0m        0.1699       0.8425      0.8974        [94m0.2227[0m     +  0.0000  18.2639
     41      0.9754        [32m0.1690[0m       0.8425      0.8974        [94m0.2227[0m     +  0.0000  18.2770
     42      0.9753        0.1704       0.8424      0.8974        0.2227        0.0000  18.3097
     43      0.9753        0.1697       0.8425      0.8974        [94m0.2227[0m     +  0.0000  18.3081
Stopping since valid_loss has not improved in the last 11 epochs.
Iteration 9 Test Accuracy: 0.8332
Iteration 9 Test F1 Score (micro): 0.9224
Iteration 9 Test F1 Score (macro): 0.9087
Model checkpoint saved to C:\Users\localuserSKSG\Desktop\Shubham\ActiveLearning/Multilabel_from_multiclass/DinoS/entropy_sampling_seed42_test\model_checkpoint_iteration_8.pt

Query 10: Using images from iteration=11 (entropy sampling).
Re-initializing module.
Re-initializing criterion.
Re-initializing optimizer.
  epoch    train_f1    train_loss    valid_acc    valid_f1    valid_loss    cp      lr      dur
-------  ----------  ------------  -----------  ----------  ------------  ----  ------  -------
      1      [36m0.9541[0m        [32m0.1906[0m       [35m0.8443[0m      [31m0.8851[0m        [94m0.2259[0m     +  0.0000  26.5999
      2      [36m0.9673[0m        [32m0.1729[0m       [35m0.8498[0m      [31m0.8967[0m        [94m0.2168[0m     +  0.0000  26.4147
      3      [36m0.9698[0m        [32m0.1681[0m       0.8455      0.8886        0.2194        0.0000  26.6444
      4      [36m0.9702[0m        [32m0.1645[0m       [35m0.8547[0m      [31m0.9029[0m        [94m0.2116[0m     +  0.0000  26.5276
      5      [36m0.9720[0m        [32m0.1612[0m       [35m0.8561[0m      [31m0.9061[0m        [94m0.2101[0m     +  0.0000  26.6276
      6      [36m0.9745[0m        [32m0.1580[0m       0.8486      0.9031        [94m0.2092[0m     +  0.0000  26.5211
      7      [36m0.9759[0m        [32m0.1552[0m       0.8484      0.9030        [94m0.2081[0m     +  0.0000  26.6641
      8      0.9754        [32m0.1538[0m       0.8503      0.9037        [94m0.2076[0m     +  0.0000  26.6289
      9      [36m0.9761[0m        [32m0.1530[0m       0.8434      0.9014        0.2092        0.0000  26.5968
     10      0.9755        [32m0.1517[0m       0.8453      0.9013        0.2081        0.0000  26.5800
     11      0.9750        [32m0.1511[0m       0.8470      0.9027        [94m0.2075[0m     +  0.0000  26.4875
     12      0.9759        0.1511       0.8464      0.9023        0.2076        0.0000  26.5684
     13      [36m0.9762[0m        [32m0.1500[0m       0.8470      0.9027        [94m0.2068[0m     +  0.0000  26.5320
     14      [36m0.9766[0m        [32m0.1489[0m       0.8453      0.9020        0.2077        0.0000  26.5208
     15      [36m0.9773[0m        0.1495       0.8474      0.9028        0.2070        0.0000  26.4573
     16      [36m0.9778[0m        [32m0.1486[0m       0.8474      0.9028        [94m0.2066[0m     +  0.0000  26.5524
     17      0.9767        [32m0.1483[0m       0.8472      0.9026        [94m0.2065[0m     +  0.0000  26.5956
     18      0.9777        0.1483       0.8481      0.9030        0.2067        0.0000  26.5181
     19      [36m0.9785[0m        [32m0.1476[0m       0.8476      0.9028        [94m0.2064[0m     +  0.0000  26.5988
     20      0.9766        0.1476       0.8469      0.9024        0.2068        0.0000  26.4861
     21      0.9773        0.1481       0.8474      0.9027        0.2067        0.0000  26.5052
     22      0.9777        [32m0.1472[0m       0.8462      0.9021        0.2070        0.0000  26.5500
     23      0.9783        0.1475       0.8467      0.9024        0.2067        0.0000  26.5947
     24      0.9781        0.1477       0.8464      0.9021        0.2067        0.0000  26.5023
     25      0.9783        0.1473       0.8470      0.9024        0.2069        0.0000  26.5176
     26      0.9771        0.1477       0.8467      0.9023        0.2069        0.0000  26.5834
     27      0.9781        [32m0.1469[0m       0.8464      0.9019        0.2068        0.0000  26.5005
     28      0.9783        [32m0.1464[0m       0.8465      0.9022        0.2069        0.0000  26.5372
     29      0.9768        0.1472       0.8467      0.9022        0.2068        0.0000  26.6265
Stopping since valid_loss has not improved in the last 11 epochs.
Iteration 10 Test Accuracy: 0.8306
Iteration 10 Test F1 Score (micro): 0.9214
Iteration 10 Test F1 Score (macro): 0.9080
Model checkpoint saved to C:\Users\localuserSKSG\Desktop\Shubham\ActiveLearning/Multilabel_from_multiclass/DinoS/entropy_sampling_seed42_test\model_checkpoint_iteration_9.pt

Query 11: Using images from iteration=12 (entropy sampling).
Re-initializing module.
Re-initializing criterion.
Re-initializing optimizer.
  epoch    train_f1    train_loss    valid_acc    valid_f1    valid_loss    cp      lr      dur
-------  ----------  ------------  -----------  ----------  ------------  ----  ------  -------
      1      [36m0.9663[0m        [32m0.1613[0m       [35m0.8378[0m      [31m0.8879[0m        [94m0.2120[0m     +  0.0000  41.0898
      2      [36m0.9734[0m        [32m0.1487[0m       [35m0.8394[0m      0.8867        [94m0.2090[0m     +  0.0000  41.3963
      3      [36m0.9752[0m        [32m0.1451[0m       0.8352      0.8866        0.2100        0.0000  41.5558
      4      [36m0.9753[0m        [32m0.1412[0m       [35m0.8554[0m      [31m0.9038[0m        [94m0.1953[0m     +  0.0000  41.4095
      5      [36m0.9757[0m        [32m0.1379[0m       0.8519      0.9031        [94m0.1941[0m     +  0.0000  41.4057
      6      [36m0.9783[0m        [32m0.1321[0m       0.8538      0.9025        [94m0.1940[0m     +  0.0000  41.2644
      7      [36m0.9800[0m        [32m0.1305[0m       0.8536      0.9017        0.1941        0.0000  41.4096
      8      [36m0.9807[0m        [32m0.1291[0m       0.8542      0.9016        0.1942        0.0000  41.3780
      9      [36m0.9807[0m        [32m0.1276[0m       0.8519      0.8992        0.1954        0.0000  41.4538
     10      [36m0.9823[0m        [32m0.1261[0m       0.8517      0.9005        0.1949        0.0000  41.2194
     11      0.9822        [32m0.1244[0m       0.8451      0.8997        0.1944        0.0000  41.3211
     12      [36m0.9827[0m        0.1245       0.8448      0.8998        0.1943        0.0000  41.2379
     13      [36m0.9834[0m        [32m0.1232[0m       0.8455      0.8995        0.1945        0.0000  41.2489
     14      [36m0.9839[0m        [32m0.1224[0m       0.8444      0.8990        0.1945        0.0000  41.4532
     15      0.9834        [32m0.1221[0m       0.8439      0.8990        0.1945        0.0000  41.2330
     16      0.9838        [32m0.1213[0m       0.8413      0.8990        0.1954        0.0000  41.3429
Stopping since valid_loss has not improved in the last 11 epochs.
Iteration 11 Test Accuracy: 0.8281
Iteration 11 Test F1 Score (micro): 0.9199
Iteration 11 Test F1 Score (macro): 0.9065
Model checkpoint saved to C:\Users\localuserSKSG\Desktop\Shubham\ActiveLearning/Multilabel_from_multiclass/DinoS/entropy_sampling_seed42_test\model_checkpoint_iteration_10.pt

Query 12: Using images from iteration=13 (entropy sampling).
Re-initializing module.
Re-initializing criterion.
Re-initializing optimizer.
  epoch    train_f1    train_loss    valid_acc    valid_f1    valid_loss    cp      lr      dur
-------  ----------  ------------  -----------  ----------  ------------  ----  ------  -------
      1      [36m0.9739[0m        [32m0.1353[0m       [35m0.8498[0m      [31m0.9003[0m        [94m0.1894[0m     +  0.0000  67.3026
      2      [36m0.9789[0m        [32m0.1256[0m       0.8470      [31m0.9012[0m        [94m0.1877[0m     +  0.0000  67.6422
      3      [36m0.9810[0m        [32m0.1201[0m       0.8443      0.8993        0.1877        0.0000  67.7422
      4      [36m0.9825[0m        [32m0.1151[0m       0.8436      0.8983        [94m0.1853[0m     +  0.0000  67.7046
      5      [36m0.9827[0m        [32m0.1112[0m       0.8398      0.8965        0.1872        0.0000  67.4994
      6      [36m0.9851[0m        [32m0.1058[0m       0.8405      0.8978        0.1864        0.0000  67.5158
      7      [36m0.9852[0m        [32m0.1047[0m       0.8413      0.8992        0.1859        0.0000  67.5021
      8      [36m0.9856[0m        [32m0.1023[0m       0.8405      0.8964        [94m0.1845[0m     +  0.0000  67.4054
      9      [36m0.9857[0m        [32m0.1007[0m       0.8375      0.8967        0.1874        0.0000  67.4369
     10      [36m0.9863[0m        [32m0.0994[0m       0.8406      0.8967        [94m0.1843[0m     +  0.0000  67.7245
     11      [36m0.9869[0m        [32m0.0971[0m       0.8415      0.8969        0.1854        0.0000  67.7816
     12      [36m0.9871[0m        [32m0.0963[0m       0.8394      0.8966        0.1860        0.0000  67.7300
     13      0.9870        [32m0.0960[0m       0.8403      0.8970        0.1856        0.0000  67.6316
     14      0.9868        [32m0.0954[0m       0.8396      0.8970        0.1856        0.0000  67.8029
     15      [36m0.9876[0m        [32m0.0947[0m       0.8403      0.8969        0.1863        0.0000  67.6151
     16      [36m0.9876[0m        [32m0.0937[0m       0.8396      0.8973        0.1871        0.0000  67.4765
     17      0.9874        0.0941       0.8398      0.8973        0.1869        0.0000  67.6332
     18      [36m0.9879[0m        [32m0.0934[0m       0.8396      0.8971        0.1868        0.0000  67.4650
     19      0.9877        [32m0.0932[0m       0.8398      0.8974        0.1873        0.0000  67.5052
     20      0.9878        0.0934       0.8394      0.8968        0.1874        0.0000  67.7103
Stopping since valid_loss has not improved in the last 11 epochs.
Iteration 12 Test Accuracy: 0.8372
Iteration 12 Test F1 Score (micro): 0.9240
Iteration 12 Test F1 Score (macro): 0.9116
Model checkpoint saved to C:\Users\localuserSKSG\Desktop\Shubham\ActiveLearning/Multilabel_from_multiclass/DinoS/entropy_sampling_seed42_test\model_checkpoint_iteration_11.pt

Query 13: Using images from iteration=14 (entropy sampling).
Re-initializing module.
Re-initializing criterion.
Re-initializing optimizer.
  epoch    train_f1    train_loss    valid_acc    valid_f1    valid_loss    cp      lr      dur
-------  ----------  ------------  -----------  ----------  ------------  ----  ------  -------
      1      [36m0.9795[0m        [32m0.1063[0m       [35m0.8302[0m      [31m0.8963[0m        [94m0.1872[0m     +  0.0000  78.2354
      2      [36m0.9849[0m        [32m0.0951[0m       0.8212      0.8910        0.1926        0.0000  78.3739
      3      [36m0.9854[0m        [32m0.0920[0m       [35m0.8307[0m      0.8938        0.1913        0.0000  78.0866
      4      0.9852        [32m0.0892[0m       0.8135      0.8898        0.1992        0.0000  78.3247
      5      0.9852        [32m0.0855[0m       [35m0.8347[0m      0.8959        [94m0.1835[0m     +  0.0000  78.0057
      6      [36m0.9876[0m        [32m0.0811[0m       [35m0.8405[0m      [31m0.8979[0m        [94m0.1799[0m     +  0.0000  78.1837
      7      [36m0.9880[0m        [32m0.0795[0m       0.8378      [31m0.8982[0m        0.1844        0.0000  77.9228
      8      [36m0.9882[0m        [32m0.0785[0m       0.8332      [31m0.8993[0m        0.1868        0.0000  78.0684
      9      [36m0.9887[0m        [32m0.0772[0m       0.8280      0.8979        0.1914        0.0000  78.0442
     10      0.9884        [32m0.0759[0m       0.8372      [31m0.9006[0m        0.1849        0.0000  78.1083
     11      [36m0.9892[0m        [32m0.0746[0m       0.8391      0.8980        0.1807        0.0000  78.1834
     12      0.9891        [32m0.0738[0m       0.8391      0.8974        [94m0.1799[0m     +  0.0000  78.1830
     13      [36m0.9899[0m        [32m0.0728[0m       0.8382      0.8983        0.1808        0.0000  78.0615
     14      0.9897        [32m0.0725[0m       0.8384      0.8986        0.1811        0.0000  78.1698
     15      [36m0.9900[0m        [32m0.0720[0m       0.8380      0.8978        0.1812        0.0000  78.0733
     16      [36m0.9901[0m        [32m0.0715[0m       0.8372      0.8976        0.1820        0.0000  78.1220
     17      [36m0.9903[0m        [32m0.0714[0m       0.8361      0.8973        0.1824        0.0000  78.0090
     18      [36m0.9906[0m        [32m0.0706[0m       0.8351      0.8967        0.1822        0.0000  78.1982
     19      0.9905        [32m0.0703[0m       0.8368      0.8983        0.1824        0.0000  77.9411
     20      [36m0.9907[0m        0.0706       0.8352      0.8976        0.1827        0.0000  78.2632
     21      0.9906        [32m0.0702[0m       0.8365      0.8979        0.1827        0.0000  78.3013
     22      0.9906        0.0702       0.8359      0.8981        0.1833        0.0000  78.1738
Stopping since valid_loss has not improved in the last 11 epochs.
Iteration 13 Test Accuracy: 0.8380
Iteration 13 Test F1 Score (micro): 0.9241
Iteration 13 Test F1 Score (macro): 0.9127
Model checkpoint saved to C:\Users\localuserSKSG\Desktop\Shubham\ActiveLearning/Multilabel_from_multiclass/DinoS/entropy_sampling_seed42_test\model_checkpoint_iteration_12.pt

Best F1 score across all iterations: 0.9127
Pickle file saved to C:\Users\localuserSKSG\Desktop\Shubham\ActiveLearning/Multilabel_from_multiclass/DinoS/entropy_sampling_seed42_test\AL_margin_sampling_results_for_multilabel_classification_s42.pickle
