(26880, 5)
(5760, 5)
(5760, 5)
3
multiclass_train_df shape: (26880, 2)
multiclass_test_df shape: (5760, 2)
multiclass_val_df shape: (5760, 2)
Calculated train_size: 8
  epoch    train_f1    train_loss    valid_acc    valid_f1    valid_loss    cp      lr      dur
-------  ----------  ------------  -----------  ----------  ------------  ----  ------  -------
      1      [36m0.1250[0m        [32m2.1358[0m       [35m0.2384[0m      [31m0.2384[0m        [94m2.0094[0m     +  0.0000  10.2983
      2      [36m0.2500[0m        [32m2.0043[0m       [35m0.3585[0m      [31m0.3585[0m        [94m1.9509[0m     +  0.0000  9.7144
      3      [36m0.3750[0m        [32m1.9354[0m       0.3106      0.3106        2.0158        0.0000  9.6558
      4      [36m0.5000[0m        [32m1.9216[0m       0.2099      0.2099        2.0556        0.0000  9.6267
      5      0.5000        [32m1.7965[0m       0.1589      0.1589        2.0920        0.0000  9.6217
      6      [36m0.6250[0m        [32m1.6012[0m       0.1780      0.1780        2.0924        0.0000  9.7370
      7      [36m0.8750[0m        [32m1.5436[0m       0.1892      0.1892        2.0797        0.0000  10.1372
      8      0.8750        [32m1.4628[0m       0.1943      0.1943        2.0763        0.0000  9.7197
      9      0.8750        1.5776       0.1979      0.1979        2.0742        0.0000  9.7315
     10      0.8750        1.4729       0.1910      0.1910        2.0771        0.0000  10.2965
     11      0.6250        [32m1.4077[0m       0.1898      0.1898        2.0782        0.0000  9.9991
     12      0.5000        1.5915       0.1920      0.1920        2.0775        0.0000  10.0234
Stopping since valid_loss has not improved in the last 11 epochs.
Pre F1 micro score = 0.2128
Pre F1 macro score = 0.1279

Iteration:  1
Selecting 16 informative samples: 

Training started with 24 samples:

Re-initializing module.
Re-initializing criterion.
Re-initializing optimizer.
  epoch    train_f1    train_loss    valid_acc    valid_f1    valid_loss    cp      lr      dur
-------  ----------  ------------  -----------  ----------  ------------  ----  ------  -------
      1      [36m0.6250[0m        [32m1.5681[0m       [35m0.4774[0m      [31m0.4774[0m        [94m1.7967[0m     +  0.0000  10.0510
      2      [36m0.7917[0m        [32m1.1371[0m       0.4689      0.4689        [94m1.7935[0m     +  0.0000  9.9684
      3      [36m0.8333[0m        [32m0.9644[0m       0.4575      0.4575        [94m1.7932[0m     +  0.0000  10.1833
      4      [36m0.8750[0m        [32m0.8276[0m       0.4300      0.4300        [94m1.7847[0m     +  0.0000  10.0310
      5      [36m0.9167[0m        [32m0.7347[0m       0.4573      0.4573        [94m1.7797[0m     +  0.0000  10.1695
      6      0.9167        [32m0.6418[0m       0.4465      0.4465        [94m1.7792[0m     +  0.0000  10.0311
      7      0.9167        [32m0.5835[0m       0.4436      0.4436        1.7813        0.0000  10.0003
      8      0.9167        0.6235       0.4458      0.4458        1.7802        0.0000  9.9433
      9      [36m0.9583[0m        0.6279       0.4389      0.4389        1.7848        0.0000  10.2034
     10      0.9167        0.5937       0.4431      0.4431        1.7823        0.0000  10.3318
     11      0.9583        [32m0.5516[0m       0.4437      0.4437        1.7827        0.0000  10.2305
     12      0.9583        0.6004       0.4432      0.4432        1.7824        0.0000  10.0348
     13      0.9583        [32m0.5168[0m       0.4429      0.4429        1.7831        0.0000  9.9860
     14      0.9167        0.5369       0.4431      0.4431        1.7829        0.0000  10.0509
     15      0.9167        0.5639       0.4431      0.4431        1.7827        0.0000  10.0937
     16      0.9583        0.5433       0.4429      0.4429        1.7828        0.0000  10.3055
Stopping since valid_loss has not improved in the last 11 epochs.
[8, 24]
F1 Micro Score after query 1: 0.4498263888888889
F1 Macro Score after query 1: 0.15600126165757905
Number of samples used for retraining: 24
Number of samples in pool after training and deleting samples: 26856
Model checkpoint saved to C:\Users\localuserSKSG\Desktop\Shubham\ActiveLearning/Multiclass/DinoS/entropy_sampling_seed49\model_checkpoint_iteration_0.pt

Iteration:  2
Selecting 32 informative samples: 

Training started with 56 samples:

Re-initializing module.
Re-initializing criterion.
Re-initializing optimizer.
  epoch    train_f1    train_loss    valid_acc    valid_f1    valid_loss    cp      lr      dur
-------  ----------  ------------  -----------  ----------  ------------  ----  ------  -------
      1      [36m0.6786[0m        [32m1.1878[0m       [35m0.3727[0m      [31m0.3727[0m        [94m1.7253[0m     +  0.0000  10.8342
      2      [36m0.7857[0m        [32m0.9511[0m       [35m0.3970[0m      [31m0.3970[0m        1.7320        0.0000  10.6928
      3      [36m0.8571[0m        [32m0.8144[0m       0.3812      0.3812        1.7760        0.0000  10.8844
      4      [36m0.9643[0m        [32m0.6787[0m       0.3712      0.3712        1.7629        0.0000  10.7806
      5      0.9643        [32m0.6250[0m       0.3773      0.3773        1.7670        0.0000  10.7635
      6      0.9643        [32m0.5582[0m       0.3814      0.3814        1.7769        0.0000  10.7246
      7      0.9643        [32m0.5311[0m       0.3807      0.3807        1.7737        0.0000  10.9836
      8      0.9643        0.5414       0.3826      0.3826        1.7806        0.0000  10.7172
      9      [36m0.9821[0m        [32m0.4803[0m       0.3819      0.3819        1.7778        0.0000  10.5985
     10      0.9643        0.4986       0.3811      0.3811        1.7832        0.0000  10.5947
     11      0.9821        [32m0.4596[0m       0.3819      0.3819        1.7835        0.0000  10.6100
Stopping since valid_loss has not improved in the last 11 epochs.
[8, 24, 56]
F1 Micro Score after query 2: 0.40312499999999996
F1 Macro Score after query 2: 0.18745722019493188
Number of samples used for retraining: 56
Number of samples in pool after training and deleting samples: 26824
Model checkpoint saved to C:\Users\localuserSKSG\Desktop\Shubham\ActiveLearning/Multiclass/DinoS/entropy_sampling_seed49\model_checkpoint_iteration_1.pt

Iteration:  3
Selecting 56 informative samples: 

Training started with 112 samples:

Re-initializing module.
Re-initializing criterion.
Re-initializing optimizer.
  epoch    train_f1    train_loss    valid_acc    valid_f1    valid_loss    cp      lr      dur
-------  ----------  ------------  -----------  ----------  ------------  ----  ------  -------
      1      [36m0.5982[0m        [32m1.2471[0m       [35m0.4378[0m      [31m0.4378[0m        [94m1.6884[0m     +  0.0000  11.0494
      2      [36m0.7589[0m        [32m0.9088[0m       0.4196      0.4196        [94m1.6125[0m     +  0.0000  11.1075
      3      [36m0.8571[0m        [32m0.7849[0m       0.4194      0.4194        [94m1.6019[0m     +  0.0000  11.1097
      4      [36m0.8750[0m        [32m0.6763[0m       0.4229      0.4229        [94m1.5987[0m     +  0.0000  11.0805
      5      [36m0.8929[0m        [32m0.6346[0m       0.4174      0.4174        1.6051        0.0000  10.9819
      6      [36m0.9286[0m        [32m0.5429[0m       0.4191      0.4191        1.5996        0.0000  10.9510
      7      [36m0.9732[0m        [32m0.5119[0m       0.4198      0.4198        [94m1.5985[0m     +  0.0000  10.9064
      8      0.9107        0.5376       0.4207      0.4207        [94m1.5948[0m     +  0.0000  10.8885
      9      0.9464        [32m0.5064[0m       0.4189      0.4189        1.5949        0.0000  10.9583
     10      0.9464        0.5306       0.4188      0.4188        1.5970        0.0000  11.4677
     11      0.9554        [32m0.4969[0m       0.4188      0.4188        1.5967        0.0000  11.2993
     12      0.9286        0.5138       0.4182      0.4182        1.5966        0.0000  11.2657
     13      0.9286        [32m0.4914[0m       0.4184      0.4184        1.5976        0.0000  11.2390
     14      0.9643        [32m0.4779[0m       0.4182      0.4182        1.5969        0.0000  11.1389
     15      0.9643        0.4797       0.4184      0.4184        1.5958        0.0000  11.1415
     16      0.9286        0.4848       0.4184      0.4184        1.5961        0.0000  11.3570
     17      0.9554        [32m0.4676[0m       0.4184      0.4184        1.5963        0.0000  11.1564
     18      0.9554        0.4948       0.4184      0.4184        1.5961        0.0000  11.0471
Stopping since valid_loss has not improved in the last 11 epochs.
[8, 24, 56, 112]
F1 Micro Score after query 3: 0.44461805555555556
F1 Macro Score after query 3: 0.1704048847233708
Number of samples used for retraining: 112
Number of samples in pool after training and deleting samples: 26768
Model checkpoint saved to C:\Users\localuserSKSG\Desktop\Shubham\ActiveLearning/Multiclass/DinoS/entropy_sampling_seed49\model_checkpoint_iteration_2.pt

Iteration:  4
Selecting 96 informative samples: 

Training started with 208 samples:

Re-initializing module.
Re-initializing criterion.
Re-initializing optimizer.
  epoch    train_f1    train_loss    valid_acc    valid_f1    valid_loss    cp      lr      dur
-------  ----------  ------------  -----------  ----------  ------------  ----  ------  -------
      1      [36m0.8654[0m        [32m0.6416[0m       [35m0.5724[0m      [31m0.5724[0m        [94m1.3409[0m     +  0.0000  11.7338
      2      [36m0.9327[0m        [32m0.4275[0m       0.5637      0.5637        [94m1.3390[0m     +  0.0000  11.7342
      3      [36m0.9567[0m        [32m0.3738[0m       [35m0.5769[0m      [31m0.5769[0m        [94m1.3336[0m     +  0.0000  11.8719
      4      0.9519        [32m0.3397[0m       0.5753      0.5753        1.3373        0.0000  11.6515
      5      0.9567        [32m0.3311[0m       0.5658      0.5658        1.3510        0.0000  11.5020
      6      [36m0.9712[0m        [32m0.3111[0m       0.5727      0.5727        1.3397        0.0000  11.7344
      7      0.9712        [32m0.2993[0m       0.5769      0.5769        1.3366        0.0000  11.7188
      8      [36m0.9856[0m        [32m0.2826[0m       [35m0.5780[0m      [31m0.5780[0m        1.3343        0.0000  11.7818
      9      [36m0.9904[0m        [32m0.2822[0m       [35m0.5790[0m      [31m0.5790[0m        [94m1.3335[0m     +  0.0000  11.6692
     10      0.9808        [32m0.2722[0m       [35m0.5804[0m      [31m0.5804[0m        [94m1.3303[0m     +  0.0000  11.7028
     11      0.9856        0.2744       0.5793      0.5793        1.3321        0.0000  11.8202
     12      0.9856        [32m0.2604[0m       0.5786      0.5786        1.3324        0.0000  11.6552
     13      0.9904        0.2836       0.5788      0.5788        1.3324        0.0000  11.7745
     14      0.9808        0.2697       0.5788      0.5788        1.3319        0.0000  11.7184
     15      0.9856        0.2642       0.5792      0.5792        1.3319        0.0000  11.8125
     16      0.9904        0.2736       0.5790      0.5790        1.3321        0.0000  11.6563
     17      0.9856        0.2651       0.5792      0.5792        1.3318        0.0000  11.6562
     18      0.9856        0.2607       0.5790      0.5790        1.3314        0.0000  11.7965
     19      0.9856        0.2610       0.5790      0.5790        1.3315        0.0000  11.8040
     20      0.9760        0.2813       0.5792      0.5792        1.3312        0.0000  11.6613
Stopping since valid_loss has not improved in the last 11 epochs.
[8, 24, 56, 112, 208]
F1 Micro Score after query 4: 0.6128472222222222
F1 Macro Score after query 4: 0.2197917613982659
Number of samples used for retraining: 208
Number of samples in pool after training and deleting samples: 26672
Model checkpoint saved to C:\Users\localuserSKSG\Desktop\Shubham\ActiveLearning/Multiclass/DinoS/entropy_sampling_seed49\model_checkpoint_iteration_3.pt

Iteration:  5
Selecting 176 informative samples: 

Training started with 384 samples:

Re-initializing module.
Re-initializing criterion.
Re-initializing optimizer.
  epoch    train_f1    train_loss    valid_acc    valid_f1    valid_loss    cp      lr      dur
-------  ----------  ------------  -----------  ----------  ------------  ----  ------  -------
      1      [36m0.8490[0m        [32m0.7360[0m       [35m0.5715[0m      [31m0.5715[0m        [94m1.2253[0m     +  0.0000  12.7564
      2      [36m0.9115[0m        [32m0.5596[0m       [35m0.6276[0m      [31m0.6276[0m        [94m1.1611[0m     +  0.0000  12.6584
      3      [36m0.9479[0m        [32m0.4660[0m       0.6243      0.6243        1.1681        0.0000  12.9158
      4      [36m0.9557[0m        [32m0.4135[0m       [35m0.6457[0m      [31m0.6457[0m        [94m1.1277[0m     +  0.0000  12.9131
      5      [36m0.9714[0m        [32m0.3742[0m       0.6405      0.6405        1.1417        0.0000  12.9847
      6      0.9688        [32m0.3518[0m       0.6326      0.6326        1.1359        0.0000  12.8874
      7      [36m0.9792[0m        [32m0.3366[0m       0.6332      0.6332        1.1320        0.0000  12.8076
      8      0.9792        [32m0.3287[0m       0.6319      0.6319        1.1347        0.0000  12.7731
      9      [36m0.9818[0m        [32m0.3182[0m       0.6342      0.6342        1.1329        0.0000  12.8941
     10      [36m0.9870[0m        [32m0.3033[0m       0.6321      0.6321        1.1332        0.0000  12.7119
     11      0.9844        [32m0.3000[0m       0.6309      0.6309        1.1361        0.0000  12.8548
     12      0.9818        [32m0.2999[0m       0.6299      0.6299        1.1376        0.0000  12.7999
     13      0.9818        0.3049       0.6304      0.6304        1.1382        0.0000  12.7824
     14      0.9818        0.3044       0.6297      0.6297        1.1383        0.0000  12.7634
Stopping since valid_loss has not improved in the last 11 epochs.
[8, 24, 56, 112, 208, 384]
F1 Micro Score after query 5: 0.6595486111111111
F1 Macro Score after query 5: 0.25514036007357543
Number of samples used for retraining: 384
Number of samples in pool after training and deleting samples: 26496
Model checkpoint saved to C:\Users\localuserSKSG\Desktop\Shubham\ActiveLearning/Multiclass/DinoS/entropy_sampling_seed49\model_checkpoint_iteration_4.pt

Iteration:  6
Selecting 320 informative samples: 

Training started with 704 samples:

Re-initializing module.
Re-initializing criterion.
Re-initializing optimizer.
  epoch    train_f1    train_loss    valid_acc    valid_f1    valid_loss    cp      lr      dur
-------  ----------  ------------  -----------  ----------  ------------  ----  ------  -------
      1      [36m0.8168[0m        [32m0.8334[0m       [35m0.5016[0m      [31m0.5016[0m        [94m1.3951[0m     +  0.0000  14.6444
      2      [36m0.9077[0m        [32m0.6136[0m       [35m0.5330[0m      [31m0.5330[0m        [94m1.2521[0m     +  0.0000  14.7938
      3      [36m0.9375[0m        [32m0.5159[0m       0.5306      0.5306        [94m1.2394[0m     +  0.0000  14.2165
      4      [36m0.9517[0m        [32m0.4643[0m       [35m0.5583[0m      [31m0.5583[0m        [94m1.2027[0m     +  0.0000  14.6878
      5      [36m0.9574[0m        [32m0.4083[0m       [35m0.5731[0m      [31m0.5731[0m        [94m1.1746[0m     +  0.0000  14.7655
      6      [36m0.9631[0m        [32m0.3896[0m       [35m0.5986[0m      [31m0.5986[0m        [94m1.1415[0m     +  0.0000  14.8743
      7      [36m0.9673[0m        [32m0.3691[0m       0.5922      0.5922        1.1523        0.0000  14.6065
      8      [36m0.9688[0m        [32m0.3446[0m       0.5943      0.5943        1.1483        0.0000  14.7095
      9      [36m0.9702[0m        0.3553       [35m0.6012[0m      [31m0.6012[0m        [94m1.1371[0m     +  0.0000  14.6788
     10      0.9702        0.3456       0.5972      0.5972        1.1456        0.0000  14.5302
     11      [36m0.9730[0m        [32m0.3347[0m       0.5998      0.5998        1.1410        0.0000  14.6540
     12      0.9716        [32m0.3308[0m       0.5993      0.5993        1.1419        0.0000  14.7381
     13      0.9716        0.3340       0.5979      0.5979        1.1455        0.0000  14.7498
     14      [36m0.9744[0m        0.3339       0.5998      0.5998        1.1421        0.0000  14.6998
     15      0.9744        [32m0.3224[0m       0.5986      0.5986        1.1461        0.0000  14.5306
     16      0.9730        [32m0.3200[0m       0.6012      0.6012        1.1415        0.0000  14.5804
     17      0.9716        0.3293       [35m0.6026[0m      [31m0.6026[0m        1.1389        0.0000  14.6276
     18      0.9744        0.3358       [35m0.6042[0m      [31m0.6042[0m        [94m1.1363[0m     +  0.0000  14.8134
     19      0.9730        0.3267       0.6030      0.6030        1.1373        0.0000  14.6717
     20      0.9730        0.3313       0.6033      0.6033        1.1376        0.0000  14.6722
     21      0.9730        0.3257       0.6035      0.6035        1.1372        0.0000  14.7045
     22      [36m0.9773[0m        0.3266       0.6026      0.6026        1.1375        0.0000  14.6280
     23      0.9730        0.3235       0.6030      0.6030        1.1374        0.0000  14.6921
     24      0.9716        [32m0.3178[0m       0.6028      0.6028        1.1375        0.0000  14.6237
     25      0.9759        0.3279       0.6031      0.6031        1.1375        0.0000  14.5155
     26      0.9773        0.3231       0.6031      0.6031        1.1375        0.0000  14.6904
     27      0.9730        0.3282       0.6031      0.6031        1.1374        0.0000  14.5622
     28      0.9716        0.3332       0.6031      0.6031        1.1374        0.0000  14.5808
Stopping since valid_loss has not improved in the last 11 epochs.
[8, 24, 56, 112, 208, 384, 704]
F1 Micro Score after query 6: 0.6109375
F1 Macro Score after query 6: 0.34560748872282643
Number of samples used for retraining: 704
Number of samples in pool after training and deleting samples: 26176
Model checkpoint saved to C:\Users\localuserSKSG\Desktop\Shubham\ActiveLearning/Multiclass/DinoS/entropy_sampling_seed49\model_checkpoint_iteration_5.pt

Iteration:  7
Selecting 560 informative samples: 

Training started with 1264 samples:

Re-initializing module.
Re-initializing criterion.
Re-initializing optimizer.
  epoch    train_f1    train_loss    valid_acc    valid_f1    valid_loss    cp      lr      dur
-------  ----------  ------------  -----------  ----------  ------------  ----  ------  -------
      1      [36m0.8774[0m        [32m0.5768[0m       [35m0.6455[0m      [31m0.6455[0m        [94m0.9795[0m     +  0.0000  17.8770
      2      [36m0.9193[0m        [32m0.4451[0m       [35m0.6476[0m      [31m0.6476[0m        1.0149        0.0000  17.8862
      3      [36m0.9351[0m        [32m0.3957[0m       [35m0.6708[0m      [31m0.6708[0m        1.0135        0.0000  17.8281
      4      [36m0.9399[0m        [32m0.3645[0m       0.6354      0.6354        1.0301        0.0000  17.9334
      5      [36m0.9446[0m        [32m0.3451[0m       0.6472      0.6472        0.9902        0.0000  17.9063
      6      [36m0.9581[0m        [32m0.3137[0m       0.6352      0.6352        0.9951        0.0000  17.9379
      7      [36m0.9636[0m        [32m0.2927[0m       0.6373      0.6373        1.0044        0.0000  17.9221
      8      0.9612        [32m0.2816[0m       0.6198      0.6198        1.0259        0.0000  17.8936
      9      0.9636        [32m0.2746[0m       0.6219      0.6219        1.0272        0.0000  18.0168
     10      [36m0.9668[0m        [32m0.2666[0m       0.6352      0.6352        1.0172        0.0000  17.9528
     11      [36m0.9731[0m        [32m0.2609[0m       0.6540      0.6540        0.9815        0.0000  18.1085
Stopping since valid_loss has not improved in the last 11 epochs.
[8, 24, 56, 112, 208, 384, 704, 1264]
F1 Micro Score after query 7: 0.6989583333333333
F1 Macro Score after query 7: 0.4169756512263818
Number of samples used for retraining: 1264
Number of samples in pool after training and deleting samples: 25616
Model checkpoint saved to C:\Users\localuserSKSG\Desktop\Shubham\ActiveLearning/Multiclass/DinoS/entropy_sampling_seed49\model_checkpoint_iteration_6.pt

Iteration:  8
Selecting 1000 informative samples: 

Training started with 2264 samples:

Re-initializing module.
Re-initializing criterion.
Re-initializing optimizer.
  epoch    train_f1    train_loss    valid_acc    valid_f1    valid_loss    cp      lr      dur
-------  ----------  ------------  -----------  ----------  ------------  ----  ------  -------
      1      [36m0.8905[0m        [32m0.5107[0m       [35m0.7472[0m      [31m0.7472[0m        [94m0.7496[0m     +  0.0000  23.7876
      2      [36m0.9289[0m        [32m0.3910[0m       [35m0.7689[0m      [31m0.7689[0m        [94m0.7038[0m     +  0.0000  23.8177
      3      [36m0.9373[0m        [32m0.3459[0m       0.7668      0.7668        0.7399        0.0000  23.8437
      4      [36m0.9452[0m        [32m0.3177[0m       [35m0.7852[0m      [31m0.7852[0m        [94m0.6843[0m     +  0.0000  24.0651
      5      [36m0.9510[0m        [32m0.2908[0m       0.7726      0.7726        0.7199        0.0000  24.3721
      6      [36m0.9651[0m        [32m0.2578[0m       0.7701      0.7701        0.7316        0.0000  23.8555
      7      [36m0.9695[0m        [32m0.2399[0m       0.7691      0.7691        0.7282        0.0000  24.0669
      8      0.9695        [32m0.2341[0m       0.7694      0.7694        0.7383        0.0000  24.0295
      9      [36m0.9713[0m        [32m0.2241[0m       0.7705      0.7705        0.7397        0.0000  23.9652
     10      [36m0.9757[0m        [32m0.2188[0m       0.7698      0.7698        0.7395        0.0000  24.0818
     11      [36m0.9779[0m        [32m0.2086[0m       0.7665      0.7665        0.7395        0.0000  23.9488
     12      0.9779        0.2091       0.7634      0.7634        0.7504        0.0000  23.9297
     13      [36m0.9806[0m        [32m0.2011[0m       0.7634      0.7634        0.7432        0.0000  23.9630
     14      0.9775        0.2023       0.7635      0.7635        0.7473        0.0000  24.0788
Stopping since valid_loss has not improved in the last 11 epochs.
[8, 24, 56, 112, 208, 384, 704, 1264, 2264]
F1 Micro Score after query 8: 0.7710069444444444
F1 Macro Score after query 8: 0.463832784641127
Number of samples used for retraining: 2264
Number of samples in pool after training and deleting samples: 24616
Model checkpoint saved to C:\Users\localuserSKSG\Desktop\Shubham\ActiveLearning/Multiclass/DinoS/entropy_sampling_seed49\model_checkpoint_iteration_7.pt

Iteration:  9
Selecting 1776 informative samples: 

Training started with 4040 samples:

Re-initializing module.
Re-initializing criterion.
Re-initializing optimizer.
  epoch    train_f1    train_loss    valid_acc    valid_f1    valid_loss    cp      lr      dur
-------  ----------  ------------  -----------  ----------  ------------  ----  ------  -------
      1      [36m0.8906[0m        [32m0.4640[0m       [35m0.7929[0m      [31m0.7929[0m        [94m0.6266[0m     +  0.0000  34.1066
      2      [36m0.9215[0m        [32m0.3611[0m       0.7835      0.7835        0.6425        0.0000  34.2987
      3      [36m0.9354[0m        [32m0.3100[0m       [35m0.8054[0m      [31m0.8054[0m        [94m0.6177[0m     +  0.0000  34.6213
      4      [36m0.9448[0m        [32m0.2677[0m       0.8043      0.8043        0.6187        0.0000  34.3736
      5      [36m0.9515[0m        [32m0.2484[0m       0.7951      0.7951        0.6693        0.0000  34.4214
      6      [36m0.9639[0m        [32m0.2126[0m       0.7972      0.7972        0.6586        0.0000  34.5109
      7      [36m0.9683[0m        [32m0.1936[0m       0.8010      0.8010        0.6496        0.0000  34.5174
      8      [36m0.9733[0m        [32m0.1861[0m       0.7965      0.7965        0.6701        0.0000  34.5721
      9      [36m0.9755[0m        [32m0.1746[0m       0.8003      0.8003        0.6605        0.0000  33.9353
     10      [36m0.9765[0m        [32m0.1683[0m       0.8002      0.8002        0.6666        0.0000  34.0948
     11      [36m0.9802[0m        [32m0.1603[0m       0.7995      0.7995        0.6792        0.0000  34.5820
     12      [36m0.9839[0m        [32m0.1564[0m       0.7984      0.7984        0.6815        0.0000  34.5170
     13      0.9827        [32m0.1525[0m       0.7991      0.7991        0.6856        0.0000  34.7309
Stopping since valid_loss has not improved in the last 11 epochs.
[8, 24, 56, 112, 208, 384, 704, 1264, 2264, 4040]
F1 Micro Score after query 9: 0.8152777777777778
F1 Macro Score after query 9: 0.5032834433532094
Number of samples used for retraining: 4040
Number of samples in pool after training and deleting samples: 22840
Model checkpoint saved to C:\Users\localuserSKSG\Desktop\Shubham\ActiveLearning/Multiclass/DinoS/entropy_sampling_seed49\model_checkpoint_iteration_8.pt

Iteration:  10
Selecting 3160 informative samples: 

Training started with 7200 samples:

Re-initializing module.
Re-initializing criterion.
Re-initializing optimizer.
  epoch    train_f1    train_loss    valid_acc    valid_f1    valid_loss    cp      lr      dur
-------  ----------  ------------  -----------  ----------  ------------  ----  ------  -------
      1      [36m0.9025[0m        [32m0.3796[0m       [35m0.8049[0m      [31m0.8049[0m        [94m0.5861[0m     +  0.0000  53.2287
      2      [36m0.9229[0m        [32m0.3088[0m       [35m0.8113[0m      [31m0.8113[0m        0.5981        0.0000  53.3896
      3      [36m0.9372[0m        [32m0.2680[0m       0.7995      0.7995        0.6544        0.0000  52.7392
      4      [36m0.9467[0m        [32m0.2339[0m       0.8043      0.8043        0.7034        0.0000  53.2981
      5      [36m0.9537[0m        [32m0.2086[0m       0.7983      0.7983        0.6997        0.0000  53.5655
      6      [36m0.9656[0m        [32m0.1689[0m       [35m0.8125[0m      [31m0.8125[0m        0.6709        0.0000  53.7148
      7      [36m0.9726[0m        [32m0.1531[0m       0.8083      0.8083        0.7065        0.0000  53.7473
      8      [36m0.9746[0m        [32m0.1444[0m       0.8104      0.8104        0.7117        0.0000  53.2016
      9      [36m0.9775[0m        [32m0.1333[0m       0.8115      0.8115        0.7103        0.0000  53.3429
     10      [36m0.9806[0m        [32m0.1262[0m       0.8116      0.8116        0.7188        0.0000  53.5947
     11      [36m0.9843[0m        [32m0.1172[0m       [35m0.8128[0m      [31m0.8128[0m        0.7028        0.0000  53.6600
Stopping since valid_loss has not improved in the last 11 epochs.
[8, 24, 56, 112, 208, 384, 704, 1264, 2264, 4040, 7200]
F1 Micro Score after query 10: 0.815625
F1 Macro Score after query 10: 0.5108104719379605
Number of samples used for retraining: 7200
Number of samples in pool after training and deleting samples: 19680
Model checkpoint saved to C:\Users\localuserSKSG\Desktop\Shubham\ActiveLearning/Multiclass/DinoS/entropy_sampling_seed49\model_checkpoint_iteration_9.pt

Iteration:  11
Selecting 5624 informative samples: 

Training started with 12824 samples:

Re-initializing module.
Re-initializing criterion.
Re-initializing optimizer.
  epoch    train_f1    train_loss    valid_acc    valid_f1    valid_loss    cp      lr      dur
-------  ----------  ------------  -----------  ----------  ------------  ----  ------  -------
      1      [36m0.9325[0m        [32m0.2853[0m       [35m0.7970[0m      [31m0.7970[0m        [94m0.6255[0m     +  0.0000  86.7598
      2      [36m0.9414[0m        [32m0.2363[0m       0.7863      0.7863        0.6417        0.0000  87.5634
      3      [36m0.9517[0m        [32m0.2050[0m       [35m0.8075[0m      [31m0.8075[0m        [94m0.6055[0m     +  0.0000  86.1666
      4      [36m0.9587[0m        [32m0.1750[0m       0.8009      0.8009        0.6220        0.0000  87.4701
      5      [36m0.9623[0m        [32m0.1561[0m       0.7998      0.7998        0.6885        0.0000  87.3560
      6      [36m0.9719[0m        [32m0.1240[0m       [35m0.8097[0m      [31m0.8097[0m        0.6970        0.0000  87.4684
      7      [36m0.9776[0m        [32m0.1110[0m       0.8095      0.8095        0.7154        0.0000  87.5815
      8      [36m0.9811[0m        [32m0.1010[0m       [35m0.8156[0m      [31m0.8156[0m        0.7172        0.0000  87.6735
      9      [36m0.9818[0m        [32m0.0945[0m       0.8144      0.8144        0.7353        0.0000  86.9334
     10      [36m0.9849[0m        [32m0.0857[0m       0.8132      0.8132        0.7417        0.0000  87.5920
     11      [36m0.9864[0m        [32m0.0795[0m       0.8092      0.8092        0.7378        0.0000  87.6884
     12      [36m0.9884[0m        [32m0.0754[0m       0.8101      0.8101        0.7452        0.0000  87.4051
     13      [36m0.9895[0m        [32m0.0744[0m       0.8094      0.8094        0.7488        0.0000  87.5006
Stopping since valid_loss has not improved in the last 11 epochs.
[8, 24, 56, 112, 208, 384, 704, 1264, 2264, 4040, 7200, 12824]
F1 Micro Score after query 11: 0.8300347222222222
F1 Macro Score after query 11: 0.545747886490989
Number of samples used for retraining: 12824
Number of samples in pool after training and deleting samples: 14056
Model checkpoint saved to C:\Users\localuserSKSG\Desktop\Shubham\ActiveLearning/Multiclass/DinoS/entropy_sampling_seed49\model_checkpoint_iteration_10.pt

Iteration:  12
Selecting 10000 informative samples: 

Training started with 22824 samples:

Re-initializing module.
Re-initializing criterion.
Re-initializing optimizer.
  epoch    train_f1    train_loss    valid_acc    valid_f1    valid_loss    cp      lr       dur
-------  ----------  ------------  -----------  ----------  ------------  ----  ------  --------
      1      [36m0.9681[0m        [32m0.1413[0m       [35m0.7819[0m      [31m0.7819[0m        [94m0.8503[0m     +  0.0000  146.1574
      2      [36m0.9714[0m        [32m0.1202[0m       0.7727      0.7727        [94m0.8033[0m     +  0.0000  148.6689
      3      [36m0.9736[0m        [32m0.1058[0m       [35m0.7964[0m      [31m0.7964[0m        [94m0.7211[0m     +  0.0000  148.5460
      4      [36m0.9764[0m        [32m0.0917[0m       0.7658      0.7658        0.9244        0.0000  148.5939
      5      [36m0.9783[0m        [32m0.0825[0m       0.7634      0.7634        0.8715        0.0000  148.4532
      6      [36m0.9837[0m        [32m0.0649[0m       [35m0.8009[0m      [31m0.8009[0m        0.7622        0.0000  148.7017
      7      [36m0.9881[0m        [32m0.0523[0m       [35m0.8035[0m      [31m0.8035[0m        0.7849        0.0000  147.8653
      8      [36m0.9904[0m        [32m0.0451[0m       0.7990      0.7990        0.8269        0.0000  146.8593
      9      [36m0.9923[0m        [32m0.0393[0m       0.7988      0.7988        0.8551        0.0000  148.4355
     10      [36m0.9937[0m        [32m0.0349[0m       0.7977      0.7977        0.8717        0.0000  148.5510
     11      [36m0.9944[0m        [32m0.0307[0m       0.7967      0.7967        0.8844        0.0000  149.1733
     12      [36m0.9960[0m        [32m0.0273[0m       0.7970      0.7970        0.8936        0.0000  148.2603
     13      [36m0.9966[0m        [32m0.0257[0m       0.7960      0.7960        0.9021        0.0000  148.5012
Stopping since valid_loss has not improved in the last 11 epochs.
[8, 24, 56, 112, 208, 384, 704, 1264, 2264, 4040, 7200, 12824, 22824]
F1 Micro Score after query 12: 0.8276041666666667
F1 Macro Score after query 12: 0.5222732152198638
Number of samples used for retraining: 22824
Number of samples in pool after training and deleting samples: 4056
Model checkpoint saved to C:\Users\localuserSKSG\Desktop\Shubham\ActiveLearning/Multiclass/DinoS/entropy_sampling_seed49\model_checkpoint_iteration_11.pt

Iteration:  13
Selecting 4056 informative samples: 

Training started with 26880 samples:

Re-initializing module.
Re-initializing criterion.
Re-initializing optimizer.
  epoch    train_f1    train_loss    valid_acc    valid_f1    valid_loss    cp      lr       dur
-------  ----------  ------------  -----------  ----------  ------------  ----  ------  --------
      1      [36m0.9791[0m        [32m0.0802[0m       [35m0.7675[0m      [31m0.7675[0m        [94m0.9398[0m     +  0.0000  171.5624
      2      [36m0.9816[0m        [32m0.0701[0m       [35m0.7705[0m      [31m0.7705[0m        1.0146        0.0000  172.9073
      3      [36m0.9837[0m        [32m0.0620[0m       0.7536      0.7536        1.1169        0.0000  173.1742
      4      [36m0.9851[0m        [32m0.0570[0m       [35m0.7727[0m      [31m0.7727[0m        0.9811        0.0000  172.6522
      5      0.9851        [32m0.0533[0m       0.7307      0.7307        1.2657        0.0000  172.8152
      6      [36m0.9898[0m        [32m0.0376[0m       [35m0.7918[0m      [31m0.7918[0m        [94m0.9346[0m     +  0.0000  171.7224
      7      [36m0.9934[0m        [32m0.0291[0m       0.7910      0.7910        0.9736        0.0000  173.1742
      8      [36m0.9949[0m        [32m0.0247[0m       0.7880      0.7880        1.0323        0.0000  173.2782
      9      [36m0.9961[0m        [32m0.0211[0m       0.7774      0.7774        1.0828        0.0000  172.6672
     10      [36m0.9971[0m        [32m0.0180[0m       0.7826      0.7826        1.0864        0.0000  172.8431
     11      [36m0.9974[0m        [32m0.0159[0m       [35m0.7948[0m      [31m0.7948[0m        1.0477        0.0000  173.2493
     12      [36m0.9986[0m        [32m0.0133[0m       0.7903      0.7903        1.0707        0.0000  173.3449
     13      0.9986        [32m0.0127[0m       0.7925      0.7925        1.0760        0.0000  173.1037
     14      [36m0.9989[0m        [32m0.0119[0m       0.7913      0.7913        1.0826        0.0000  173.4716
     15      [36m0.9990[0m        [32m0.0116[0m       0.7917      0.7917        1.0949        0.0000  172.3908
     16      0.9990        [32m0.0110[0m       0.7929      0.7929        1.0804        0.0000  170.1214
Stopping since valid_loss has not improved in the last 11 epochs.
[8, 24, 56, 112, 208, 384, 704, 1264, 2264, 4040, 7200, 12824, 22824, 26880]
F1 Micro Score after query 13: 0.8307291666666666
F1 Macro Score after query 13: 0.5418163472986064
Number of samples used for retraining: 26880
Number of samples in pool after training and deleting samples: 0
Model checkpoint saved to C:\Users\localuserSKSG\Desktop\Shubham\ActiveLearning/Multiclass/DinoS/entropy_sampling_seed49\model_checkpoint_iteration_12.pt
Pickle file saved to C:\Users\localuserSKSG\Desktop\Shubham\ActiveLearning/Multiclass/DinoS/entropy_sampling_seed49\AL_entropy_sampling_results_for_multiclass_classification_s49.pickle
