3
multiclass_train_df shape: (26880, 2)
multiclass_test_df shape: (5760, 2)
multiclass_val_df shape: (5760, 2)
Calculated train_size: 8

Iteration 1: Using initial samples.
  epoch    train_f1    train_loss    valid_acc    valid_f1    valid_loss    cp      lr      dur
-------  ----------  ------------  -----------  ----------  ------------  ----  ------  -------
      1      [36m0.2500[0m        [32m2.0239[0m       [35m0.3233[0m      [31m0.3233[0m        [94m1.9518[0m     +  0.0000  11.3341
      2      0.2500        2.0520       0.1965      0.1965        1.9794        0.0000  10.5246
      3      [36m0.3750[0m        [32m1.7789[0m       0.2443      0.2443        1.9609        0.0000  10.5087
      4      0.3750        [32m1.6955[0m       0.2712      0.2712        1.9824        0.0000  10.4610
      5      [36m0.5000[0m        [32m1.6955[0m       0.1828      0.1828        2.0405        0.0000  10.5683
      6      [36m0.6250[0m        [32m1.6262[0m       0.2477      0.2477        2.0203        0.0000  10.6017
      7      [36m0.7500[0m        [32m1.4494[0m       0.2788      0.2788        2.0094        0.0000  10.7085
      8      0.7500        1.4731       0.2892      0.2892        2.0019        0.0000  10.7103
      9      0.7500        [32m1.4338[0m       0.2870      0.2870        2.0048        0.0000  10.6326
     10      0.7500        1.4902       0.3016      0.3016        1.9939        0.0000  10.7245
     11      [36m1.0000[0m        [32m1.3427[0m       0.3005      0.3005        1.9949        0.0000  10.5698
Stopping since valid_loss has not improved in the last 11 epochs.
Iteration 1: Test F1 Micro Score: 0.3298611111111111
Iteration 1: Test F1 Macro Score: 0.15874552745251613
Model checkpoint saved to C:\Users\localuserSKSG\Desktop\Shubham\RandomSampling/Multiclass/DinoS/seed_42/model_checkpoint_iteration_0.pt

Iteration 2: Requesting 16 samples.
Re-initializing module.
Re-initializing criterion.
Re-initializing optimizer.
  epoch    train_f1    train_loss    valid_acc    valid_f1    valid_loss    cp      lr      dur
-------  ----------  ------------  -----------  ----------  ------------  ----  ------  -------
      1      [36m0.3333[0m        [32m1.9684[0m       [35m0.3974[0m      [31m0.3974[0m        [94m1.8584[0m     +  0.0000  10.9237
      2      [36m0.4167[0m        [32m1.7739[0m       0.3957      0.3957        [94m1.8321[0m     +  0.0000  10.8654
      3      [36m0.5000[0m        [32m1.5822[0m       [35m0.4394[0m      [31m0.4394[0m        [94m1.7734[0m     +  0.0000  10.8704
      4      [36m0.5417[0m        [32m1.5346[0m       [35m0.4502[0m      [31m0.4502[0m        [94m1.7312[0m     +  0.0000  10.8657
      5      [36m0.5833[0m        [32m1.4117[0m       0.4181      0.4181        [94m1.7192[0m     +  0.0000  10.9448
      6      [36m0.6667[0m        [32m1.3535[0m       0.4238      0.4238        1.7210        0.0000  10.8358
      7      0.6250        [32m1.3057[0m       0.4285      0.4285        [94m1.7181[0m     +  0.0000  10.9440
      8      0.6250        1.3104       0.4269      0.4269        [94m1.7069[0m     +  0.0000  10.8677
      9      [36m0.7500[0m        [32m1.2559[0m       0.4314      0.4314        1.7110        0.0000  10.9143
     10      0.6667        1.2942       0.4333      0.4333        1.7075        0.0000  10.9626
     11      0.7500        [32m1.2138[0m       0.4337      0.4337        [94m1.7067[0m     +  0.0000  10.8955
     12      0.7083        1.3415       0.4333      0.4333        [94m1.7053[0m     +  0.0000  10.8201
     13      [36m0.7917[0m        [32m1.1575[0m       0.4339      0.4339        [94m1.7042[0m     +  0.0000  10.8838
     14      0.6667        1.2464       0.4339      0.4339        [94m1.7036[0m     +  0.0000  11.0078
     15      0.7917        1.2226       0.4342      0.4342        [94m1.7026[0m     +  0.0000  10.7643
     16      0.7083        1.2342       0.4344      0.4344        [94m1.7025[0m     +  0.0000  10.8664
     17      0.7917        1.2247       0.4342      0.4342        [94m1.7022[0m     +  0.0000  10.9454
     18      0.7083        [32m1.1522[0m       0.4344      0.4344        [94m1.7022[0m     +  0.0000  10.8821
     19      0.7083        1.2233       0.4344      0.4344        [94m1.7018[0m     +  0.0000  10.7730
     20      0.7500        1.2510       0.4344      0.4344        1.7019        0.0000  10.8683
     21      0.7500        1.2573       0.4344      0.4344        [94m1.7018[0m     +  0.0000  10.8811
     22      0.7083        1.2339       0.4344      0.4344        [94m1.7017[0m     +  0.0000  10.8340
     23      0.6667        1.1887       0.4344      0.4344        [94m1.7017[0m     +  0.0000  10.8974
     24      0.7500        1.2555       0.4344      0.4344        1.7017        0.0000  10.8671
     25      0.7500        1.3031       0.4344      0.4344        [94m1.7017[0m     +  0.0000  10.8984
     26      0.7917        1.2100       0.4344      0.4344        [94m1.7017[0m     +  0.0000  11.3051
     27      0.7500        1.1929       0.4344      0.4344        [94m1.7016[0m     +  0.0000  10.8661
     28      0.7500        1.1847       0.4344      0.4344        [94m1.7016[0m     +  0.0000  10.9615
     29      0.6667        1.2626       0.4344      0.4344        [94m1.7016[0m     +  0.0000  10.8510
     30      0.7917        1.2148       0.4344      0.4344        [94m1.7016[0m     +  0.0000  10.8988
     31      0.7917        1.2655       0.4344      0.4344        [94m1.7016[0m     +  0.0000  10.8984
     32      0.6667        1.3063       0.4344      0.4344        1.7016        0.0000  10.9271
     33      0.6250        1.2476       0.4344      0.4344        [94m1.7016[0m     +  0.0000  10.9287
     34      0.7917        1.2294       0.4344      0.4344        [94m1.7016[0m     +  0.0000  10.8977
     35      0.7083        1.2645       0.4344      0.4344        [94m1.7016[0m     +  0.0000  10.8518
     36      0.7500        1.1870       0.4344      0.4344        [94m1.7016[0m     +  0.0000  10.8806
     37      0.6667        1.2633       0.4344      0.4344        [94m1.7016[0m     +  0.0000  10.8667
Stopping since valid_loss has not improved in the last 11 epochs.
Iteration 2: Test F1 Micro Score: 0.4467013888888889
Iteration 2: Test F1 Macro Score: 0.1239218529088866
Model checkpoint saved to C:\Users\localuserSKSG\Desktop\Shubham\RandomSampling/Multiclass/DinoS/seed_42/model_checkpoint_iteration_1.pt

Iteration 3: Requesting 32 samples.
Re-initializing module.
Re-initializing criterion.
Re-initializing optimizer.
  epoch    train_f1    train_loss    valid_acc    valid_f1    valid_loss    cp      lr      dur
-------  ----------  ------------  -----------  ----------  ------------  ----  ------  -------
      1      [36m0.6250[0m        [32m1.4120[0m       [35m0.5951[0m      [31m0.5951[0m        [94m1.5576[0m     +  0.0000  11.0440
      2      [36m0.6964[0m        [32m1.2035[0m       0.5703      0.5703        [94m1.5264[0m     +  0.0000  10.8510
      3      [36m0.7143[0m        [32m1.0854[0m       [35m0.6144[0m      [31m0.6144[0m        [94m1.4408[0m     +  0.0000  11.0692
      4      [36m0.8214[0m        [32m0.9613[0m       0.5967      0.5967        [94m1.4158[0m     +  0.0000  10.8967
      5      [36m0.8571[0m        [32m0.8861[0m       0.5925      0.5925        [94m1.3850[0m     +  0.0000  10.9601
      6      [36m0.8750[0m        [32m0.8500[0m       0.5804      0.5804        1.3910        0.0000  11.0391
      7      0.8750        [32m0.8137[0m       0.5672      0.5672        1.3962        0.0000  11.0842
      8      [36m0.9107[0m        [32m0.7881[0m       0.5675      0.5675        1.3966        0.0000  10.8475
      9      0.8929        0.8179       0.5608      0.5608        1.4007        0.0000  11.0514
     10      0.8750        0.8244       0.5615      0.5615        1.3987        0.0000  11.0054
     11      [36m0.9286[0m        [32m0.7426[0m       0.5608      0.5608        1.3975        0.0000  10.9904
     12      0.9286        0.7549       0.5602      0.5602        1.3970        0.0000  11.0371
     13      0.8750        0.7763       0.5594      0.5594        1.3982        0.0000  11.0214
     14      0.9286        [32m0.7146[0m       0.5592      0.5592        1.3984        0.0000  11.1632
     15      0.8929        0.7395       0.5587      0.5587        1.3990        0.0000  11.5071
Stopping since valid_loss has not improved in the last 11 epochs.
Iteration 3: Test F1 Micro Score: 0.6041666666666666
Iteration 3: Test F1 Macro Score: 0.2023431540190672
Model checkpoint saved to C:\Users\localuserSKSG\Desktop\Shubham\RandomSampling/Multiclass/DinoS/seed_42/model_checkpoint_iteration_2.pt

Iteration 4: Requesting 56 samples.
Re-initializing module.
Re-initializing criterion.
Re-initializing optimizer.
  epoch    train_f1    train_loss    valid_acc    valid_f1    valid_loss    cp      lr      dur
-------  ----------  ------------  -----------  ----------  ------------  ----  ------  -------
      1      [36m0.7143[0m        [32m1.1356[0m       [35m0.6012[0m      [31m0.6012[0m        [94m1.2950[0m     +  0.0000  11.3584
      2      [36m0.7857[0m        [32m0.9774[0m       0.5733      0.5733        [94m1.2739[0m     +  0.0000  11.3669
      3      [36m0.7946[0m        [32m0.8891[0m       0.5984      0.5984        [94m1.2172[0m     +  0.0000  11.3206
      4      [36m0.8125[0m        [32m0.8193[0m       0.5967      0.5967        [94m1.2035[0m     +  0.0000  11.3849
      5      [36m0.8482[0m        [32m0.7731[0m       0.5783      0.5783        1.2359        0.0000  11.4463
      6      [36m0.8750[0m        [32m0.7062[0m       [35m0.6283[0m      [31m0.6283[0m        [94m1.1603[0m     +  0.0000  11.3679
      7      [36m0.9018[0m        [32m0.6634[0m       [35m0.6311[0m      [31m0.6311[0m        [94m1.1585[0m     +  0.0000  11.3975
      8      0.9018        0.6648       0.6300      0.6300        1.1617        0.0000  11.4287
      9      0.8929        0.6661       0.6288      0.6288        1.1611        0.0000  11.2906
     10      [36m0.9196[0m        0.6837       0.6293      0.6293        [94m1.1582[0m     +  0.0000  11.3679
     11      [36m0.9286[0m        [32m0.6380[0m       0.6290      0.6290        1.1595        0.0000  11.3516
     12      0.9018        0.6536       0.6297      0.6297        [94m1.1580[0m     +  0.0000  11.6477
     13      0.9286        [32m0.6235[0m       0.6295      0.6295        1.1591        0.0000  11.3675
     14      0.9286        0.6323       0.6264      0.6264        1.1627        0.0000  11.3849
     15      [36m0.9375[0m        [32m0.6183[0m       0.6262      0.6262        1.1630        0.0000  11.3201
     16      0.9196        0.6575       0.6264      0.6264        1.1628        0.0000  11.3814
     17      0.9196        0.6438       0.6260      0.6260        1.1632        0.0000  11.3968
     18      0.9107        0.6536       0.6255      0.6255        1.1634        0.0000  11.3968
     19      0.9018        0.6628       0.6255      0.6255        1.1635        0.0000  11.4011
     20      0.9286        [32m0.6173[0m       0.6255      0.6255        1.1636        0.0000  11.3530
     21      0.9286        [32m0.6115[0m       0.6257      0.6257        1.1637        0.0000  11.6480
     22      0.8929        0.6214       0.6253      0.6253        1.1636        0.0000  11.2417
Stopping since valid_loss has not improved in the last 11 epochs.
Iteration 4: Test F1 Micro Score: 0.6557291666666667
Iteration 4: Test F1 Macro Score: 0.23172482300134292
Model checkpoint saved to C:\Users\localuserSKSG\Desktop\Shubham\RandomSampling/Multiclass/DinoS/seed_42/model_checkpoint_iteration_3.pt

Iteration 5: Requesting 96 samples.
Re-initializing module.
Re-initializing criterion.
Re-initializing optimizer.
  epoch    train_f1    train_loss    valid_acc    valid_f1    valid_loss    cp      lr      dur
-------  ----------  ------------  -----------  ----------  ------------  ----  ------  -------
      1      [36m0.7981[0m        [32m0.8652[0m       [35m0.6583[0m      [31m0.6583[0m        [94m1.0159[0m     +  0.0000  12.0043
      2      [36m0.8413[0m        [32m0.6833[0m       [35m0.6964[0m      [31m0.6964[0m        [94m0.9653[0m     +  0.0000  11.9419
      3      [36m0.9135[0m        [32m0.6170[0m       [35m0.7028[0m      [31m0.7028[0m        [94m0.9315[0m     +  0.0000  11.9777
      4      [36m0.9423[0m        [32m0.5507[0m       [35m0.7189[0m      [31m0.7189[0m        [94m0.9202[0m     +  0.0000  11.9148
      5      [36m0.9471[0m        [32m0.5022[0m       [35m0.7297[0m      [31m0.7297[0m        [94m0.9029[0m     +  0.0000  11.9791
      6      [36m0.9663[0m        [32m0.4680[0m       0.7087      0.7087        [94m0.8992[0m     +  0.0000  11.9002
      7      0.9567        0.4746       0.7076      0.7076        [94m0.8990[0m     +  0.0000  11.9289
      8      0.9567        [32m0.4537[0m       0.7026      0.7026        0.9033        0.0000  11.8834
      9      0.9615        0.4576       0.7042      0.7042        0.9007        0.0000  11.9156
     10      0.9567        [32m0.4318[0m       0.7050      0.7050        [94m0.8973[0m     +  0.0000  12.1172
     11      [36m0.9760[0m        0.4342       0.6998      0.6998        0.9029        0.0000  11.9935
     12      0.9712        [32m0.4220[0m       0.6991      0.6991        0.9031        0.0000  11.9478
     13      0.9712        0.4280       0.6979      0.6979        0.9031        0.0000  12.0846
     14      [36m0.9808[0m        0.4259       0.6979      0.6979        0.9026        0.0000  11.8826
     15      0.9663        0.4360       0.6990      0.6990        0.9022        0.0000  12.0085
     16      0.9712        [32m0.4210[0m       0.6976      0.6976        0.9033        0.0000  11.9456
     17      0.9712        [32m0.4116[0m       0.6962      0.6962        0.9040        0.0000  12.0542
     18      0.9615        0.4341       0.6962      0.6962        0.9049        0.0000  12.1177
     19      0.9663        [32m0.4067[0m       0.6967      0.6967        0.9050        0.0000  12.2522
     20      0.9712        0.4211       0.6962      0.6962        0.9052        0.0000  12.1098
Stopping since valid_loss has not improved in the last 11 epochs.
Iteration 5: Test F1 Micro Score: 0.6842013888888889
Iteration 5: Test F1 Macro Score: 0.25145732965989825
Model checkpoint saved to C:\Users\localuserSKSG\Desktop\Shubham\RandomSampling/Multiclass/DinoS/seed_42/model_checkpoint_iteration_4.pt

Iteration 6: Requesting 176 samples.
Re-initializing module.
Re-initializing criterion.
Re-initializing optimizer.
  epoch    train_f1    train_loss    valid_acc    valid_f1    valid_loss    cp      lr      dur
-------  ----------  ------------  -----------  ----------  ------------  ----  ------  -------
      1      [36m0.8490[0m        [32m0.6843[0m       [35m0.7481[0m      [31m0.7481[0m        [94m0.8365[0m     +  0.0000  13.0165
      2      [36m0.9036[0m        [32m0.5250[0m       0.7198      0.7198        0.8714        0.0000  12.9623
      3      [36m0.9427[0m        [32m0.4775[0m       [35m0.7495[0m      [31m0.7495[0m        [94m0.8057[0m     +  0.0000  13.0095
      4      [36m0.9688[0m        [32m0.3984[0m       [35m0.7576[0m      [31m0.7576[0m        [94m0.7664[0m     +  0.0000  13.0837
      5      [36m0.9740[0m        [32m0.3639[0m       [35m0.7691[0m      [31m0.7691[0m        [94m0.7496[0m     +  0.0000  12.9780
      6      [36m0.9766[0m        [32m0.3303[0m       0.7663      0.7663        0.7601        0.0000  13.0102
      7      [36m0.9792[0m        [32m0.3290[0m       0.7656      0.7656        0.7625        0.0000  13.1188
      8      [36m0.9818[0m        [32m0.3220[0m       0.7684      0.7684        0.7555        0.0000  13.2136
      9      0.9818        [32m0.3076[0m       [35m0.7715[0m      [31m0.7715[0m        [94m0.7469[0m     +  0.0000  13.0699
     10      0.9818        0.3199       [35m0.7736[0m      [31m0.7736[0m        [94m0.7458[0m     +  0.0000  13.0401
     11      0.9792        [32m0.2995[0m       [35m0.7743[0m      [31m0.7743[0m        [94m0.7440[0m     +  0.0000  13.0876
     12      [36m0.9844[0m        0.3166       0.7738      0.7738        0.7453        0.0000  13.1331
     13      [36m0.9870[0m        [32m0.2929[0m       0.7731      0.7731        0.7454        0.0000  13.0704
     14      0.9870        0.3052       0.7740      0.7740        [94m0.7433[0m     +  0.0000  13.0702
     15      0.9766        0.3087       [35m0.7753[0m      [31m0.7753[0m        [94m0.7395[0m     +  0.0000  12.9802
     16      0.9844        0.3024       [35m0.7757[0m      [31m0.7757[0m        [94m0.7393[0m     +  0.0000  13.0249
     17      0.9792        0.3082       [35m0.7760[0m      [31m0.7760[0m        [94m0.7391[0m     +  0.0000  12.9921
     18      0.9870        0.3009       0.7750      0.7750        0.7399        0.0000  13.1502
     19      0.9844        0.2976       0.7753      0.7753        0.7404        0.0000  13.0402
     20      0.9818        [32m0.2922[0m       0.7750      0.7750        0.7410        0.0000  13.1197
     21      0.9792        [32m0.2823[0m       0.7750      0.7750        0.7408        0.0000  12.8984
     22      [36m0.9896[0m        0.3024       0.7748      0.7748        0.7409        0.0000  13.0547
     23      0.9792        0.3074       0.7747      0.7747        0.7411        0.0000  13.2734
     24      0.9896        0.2934       0.7747      0.7747        0.7412        0.0000  13.0540
     25      0.9870        0.2863       0.7747      0.7747        0.7412        0.0000  13.1105
     26      0.9870        0.2877       0.7747      0.7747        0.7413        0.0000  13.0075
     27      0.9870        0.2978       0.7747      0.7747        0.7412        0.0000  12.9676
Stopping since valid_loss has not improved in the last 11 epochs.
Iteration 6: Test F1 Micro Score: 0.7043402777777777
Iteration 6: Test F1 Macro Score: 0.27917017812438905
Model checkpoint saved to C:\Users\localuserSKSG\Desktop\Shubham\RandomSampling/Multiclass/DinoS/seed_42/model_checkpoint_iteration_5.pt

Iteration 7: Requesting 320 samples.
Re-initializing module.
Re-initializing criterion.
Re-initializing optimizer.
  epoch    train_f1    train_loss    valid_acc    valid_f1    valid_loss    cp      lr      dur
-------  ----------  ------------  -----------  ----------  ------------  ----  ------  -------
      1      [36m0.8949[0m        [32m0.5292[0m       [35m0.7406[0m      [31m0.7406[0m        [94m0.7897[0m     +  0.0000  14.9667
      2      [36m0.9489[0m        [32m0.4042[0m       [35m0.7759[0m      [31m0.7759[0m        [94m0.7069[0m     +  0.0000  14.9121
      3      [36m0.9631[0m        [32m0.3509[0m       0.7639      0.7639        0.7628        0.0000  14.9892
      4      [36m0.9716[0m        [32m0.3065[0m       [35m0.7776[0m      [31m0.7776[0m        [94m0.7053[0m     +  0.0000  14.9400
      5      [36m0.9744[0m        [32m0.2892[0m       [35m0.7790[0m      [31m0.7790[0m        [94m0.6944[0m     +  0.0000  14.9141
      6      [36m0.9815[0m        [32m0.2584[0m       [35m0.8130[0m      [31m0.8130[0m        [94m0.6234[0m     +  0.0000  15.0082
      7      [36m0.9830[0m        [32m0.2555[0m       0.8104      0.8104        0.6299        0.0000  15.0225
      8      0.9773        [32m0.2462[0m       0.7960      0.7960        0.6533        0.0000  14.9336
      9      0.9815        [32m0.2439[0m       0.7986      0.7986        0.6677        0.0000  15.0458
     10      [36m0.9844[0m        [32m0.2384[0m       0.8021      0.8021        0.6504        0.0000  15.0558
     11      [36m0.9886[0m        [32m0.2362[0m       0.8097      0.8097        0.6293        0.0000  14.9176
     12      0.9844        [32m0.2267[0m       0.8120      0.8120        0.6279        0.0000  14.5645
     13      0.9844        0.2311       0.8101      0.8101        0.6273        0.0000  14.9963
     14      0.9872        [32m0.2263[0m       0.8127      0.8127        0.6266        0.0000  15.0169
     15      0.9844        [32m0.2263[0m       0.8108      0.8108        0.6282        0.0000  15.1212
     16      [36m0.9901[0m        [32m0.2260[0m       0.8113      0.8113        0.6277        0.0000  15.0341
Stopping since valid_loss has not improved in the last 11 epochs.
Iteration 7: Test F1 Micro Score: 0.7782986111111112
Iteration 7: Test F1 Macro Score: 0.3608325471428899
Model checkpoint saved to C:\Users\localuserSKSG\Desktop\Shubham\RandomSampling/Multiclass/DinoS/seed_42/model_checkpoint_iteration_6.pt

Iteration 8: Requesting 560 samples.
Re-initializing module.
Re-initializing criterion.
Re-initializing optimizer.
  epoch    train_f1    train_loss    valid_acc    valid_f1    valid_loss    cp      lr      dur
-------  ----------  ------------  -----------  ----------  ------------  ----  ------  -------
      1      [36m0.9169[0m        [32m0.4128[0m       [35m0.7934[0m      [31m0.7934[0m        [94m0.6413[0m     +  0.0000  18.2503
      2      [36m0.9494[0m        [32m0.3313[0m       [35m0.8076[0m      [31m0.8076[0m        [94m0.6214[0m     +  0.0000  18.2810
      3      [36m0.9620[0m        [32m0.2872[0m       [35m0.8238[0m      [31m0.8238[0m        [94m0.5866[0m     +  0.0000  18.3468
      4      [36m0.9676[0m        [32m0.2637[0m       [35m0.8330[0m      [31m0.8330[0m        0.5917        0.0000  16.3777
      5      [36m0.9763[0m        [32m0.2329[0m       0.8260      0.8260        0.5959        0.0000  15.9182
      6      [36m0.9810[0m        [32m0.2182[0m       0.8267      0.8267        [94m0.5720[0m     +  0.0000  15.9835
      7      [36m0.9826[0m        [32m0.2065[0m       0.8259      0.8259        [94m0.5704[0m     +  0.0000  15.8742
      8      0.9818        [32m0.1958[0m       0.8266      0.8266        [94m0.5642[0m     +  0.0000  15.8871
      9      [36m0.9842[0m        0.1963       0.8271      0.8271        0.5686        0.0000  15.9642
     10      [36m0.9850[0m        [32m0.1842[0m       0.8253      0.8253        0.5670        0.0000  15.8597
     11      [36m0.9873[0m        [32m0.1818[0m       0.8226      0.8226        0.5737        0.0000  15.8704
     12      [36m0.9905[0m        [32m0.1752[0m       0.8231      0.8231        0.5758        0.0000  15.8754
     13      0.9897        [32m0.1727[0m       0.8215      0.8215        0.5791        0.0000  15.8990
     14      0.9881        0.1750       0.8207      0.8207        0.5791        0.0000  15.9379
     15      0.9897        0.1750       0.8215      0.8215        0.5778        0.0000  15.9059
     16      [36m0.9913[0m        [32m0.1695[0m       0.8215      0.8215        0.5784        0.0000  15.9127
     17      0.9913        [32m0.1686[0m       0.8212      0.8212        0.5805        0.0000  15.8928
     18      0.9913        0.1753       0.8203      0.8203        0.5811        0.0000  15.8482
Stopping since valid_loss has not improved in the last 11 epochs.
Iteration 8: Test F1 Micro Score: 0.8116319444444444
Iteration 8: Test F1 Macro Score: 0.45958810782613185
Model checkpoint saved to C:\Users\localuserSKSG\Desktop\Shubham\RandomSampling/Multiclass/DinoS/seed_42/model_checkpoint_iteration_7.pt

Iteration 9: Requesting 1000 samples.
Re-initializing module.
Re-initializing criterion.
Re-initializing optimizer.
  epoch    train_f1    train_loss    valid_acc    valid_f1    valid_loss    cp      lr      dur
-------  ----------  ------------  -----------  ----------  ------------  ----  ------  -------
      1      [36m0.9457[0m        [32m0.2984[0m       [35m0.8194[0m      [31m0.8194[0m        [94m0.5954[0m     +  0.0000  21.3002
      2      [36m0.9602[0m        [32m0.2434[0m       0.8090      0.8090        0.6229        0.0000  20.8727
      3      [36m0.9722[0m        [32m0.1988[0m       0.8040      0.8040        0.6322        0.0000  20.7560
      4      [36m0.9748[0m        [32m0.1862[0m       0.7729      0.7729        0.7846        0.0000  21.0742
      5      [36m0.9784[0m        [32m0.1664[0m       0.7736      0.7736        0.7766        0.0000  20.7315
      6      [36m0.9881[0m        [32m0.1416[0m       [35m0.8240[0m      [31m0.8240[0m        [94m0.5924[0m     +  0.0000  20.6320
      7      [36m0.9907[0m        [32m0.1296[0m       0.8231      0.8231        0.6006        0.0000  20.8371
      8      [36m0.9929[0m        [32m0.1247[0m       0.8219      0.8219        0.5996        0.0000  20.9528
      9      [36m0.9938[0m        [32m0.1203[0m       0.8226      0.8226        0.5978        0.0000  20.9531
     10      [36m0.9947[0m        [32m0.1173[0m       0.8238      0.8238        [94m0.5869[0m     +  0.0000  21.0782
     11      [36m0.9960[0m        [32m0.1094[0m       [35m0.8274[0m      [31m0.8274[0m        [94m0.5766[0m     +  0.0000  20.7571
     12      0.9956        0.1115       0.8252      0.8252        0.5802        0.0000  20.6463
     13      0.9956        [32m0.1054[0m       0.8264      0.8264        0.5766        0.0000  20.6748
     14      0.9960        0.1090       0.8259      0.8259        0.5787        0.0000  20.7918
     15      0.9960        0.1104       [35m0.8285[0m      [31m0.8285[0m        0.5781        0.0000  20.6930
     16      0.9956        0.1073       0.8264      0.8264        0.5805        0.0000  20.6638
     17      [36m0.9965[0m        0.1072       0.8269      0.8269        0.5824        0.0000  21.0913
     18      0.9956        0.1096       0.8266      0.8266        0.5832        0.0000  21.2685
     19      [36m0.9973[0m        [32m0.1036[0m       0.8274      0.8274        0.5832        0.0000  20.9742
     20      0.9960        0.1044       0.8274      0.8274        0.5842        0.0000  20.9148
     21      0.9960        0.1067       0.8276      0.8276        0.5848        0.0000  21.2477
Stopping since valid_loss has not improved in the last 11 epochs.
Iteration 9: Test F1 Micro Score: 0.8201388888888889
Iteration 9: Test F1 Macro Score: 0.4864629322401144
Model checkpoint saved to C:\Users\localuserSKSG\Desktop\Shubham\RandomSampling/Multiclass/DinoS/seed_42/model_checkpoint_iteration_8.pt

Iteration 10: Requesting 1776 samples.
Re-initializing module.
Re-initializing criterion.
Re-initializing optimizer.
  epoch    train_f1    train_loss    valid_acc    valid_f1    valid_loss    cp      lr      dur
-------  ----------  ------------  -----------  ----------  ------------  ----  ------  -------
      1      [36m0.9601[0m        [32m0.2152[0m       [35m0.7950[0m      [31m0.7950[0m        [94m0.6831[0m     +  0.0000  30.8799
      2      [36m0.9683[0m        [32m0.1851[0m       0.7906      0.7906        0.7288        0.0000  34.3401
      3      [36m0.9730[0m        [32m0.1591[0m       [35m0.8214[0m      [31m0.8214[0m        [94m0.6097[0m     +  0.0000  34.1742
      4      [36m0.9804[0m        [32m0.1330[0m       0.8125      0.8125        0.6484        0.0000  33.9778
      5      [36m0.9812[0m        [32m0.1231[0m       0.8139      0.8139        0.6419        0.0000  34.0625
      6      [36m0.9884[0m        [32m0.0976[0m       [35m0.8259[0m      [31m0.8259[0m        0.6211        0.0000  34.1561
      7      [36m0.9913[0m        [32m0.0886[0m       [35m0.8271[0m      [31m0.8271[0m        [94m0.6027[0m     +  0.0000  34.1094
      8      [36m0.9928[0m        [32m0.0852[0m       [35m0.8276[0m      [31m0.8276[0m        0.6048        0.0000  34.1106
      9      [36m0.9946[0m        [32m0.0772[0m       0.8273      0.8273        [94m0.6008[0m     +  0.0000  33.4334
     10      [36m0.9955[0m        [32m0.0740[0m       [35m0.8302[0m      [31m0.8302[0m        [94m0.5860[0m     +  0.0000  33.7541
     11      [36m0.9963[0m        [32m0.0711[0m       [35m0.8318[0m      [31m0.8318[0m        [94m0.5820[0m     +  0.0000  33.9323
     12      [36m0.9965[0m        [32m0.0687[0m       0.8304      0.8304        0.5847        0.0000  34.1356
     13      0.9965        [32m0.0675[0m       0.8306      0.8306        0.5847        0.0000  33.9265
     14      [36m0.9973[0m        0.0683       0.8293      0.8293        0.5912        0.0000  34.0731
     15      [36m0.9975[0m        [32m0.0654[0m       0.8304      0.8304        0.5902        0.0000  34.1423
     16      0.9975        [32m0.0644[0m       [35m0.8326[0m      [31m0.8326[0m        0.5900        0.0000  34.3752
     17      0.9973        0.0653       0.8326      0.8326        0.5924        0.0000  34.7518
     18      [36m0.9978[0m        [32m0.0616[0m       0.8323      0.8323        0.5915        0.0000  34.7003
     19      0.9975        0.0629       [35m0.8328[0m      [31m0.8328[0m        0.5920        0.0000  34.5349
     20      0.9975        0.0637       [35m0.8337[0m      [31m0.8337[0m        0.5927        0.0000  34.4048
     21      0.9978        0.0641       0.8326      0.8326        0.5936        0.0000  34.6823
Stopping since valid_loss has not improved in the last 11 epochs.
Iteration 10: Test F1 Micro Score: 0.83125
Iteration 10: Test F1 Macro Score: 0.520873819157108
Model checkpoint saved to C:\Users\localuserSKSG\Desktop\Shubham\RandomSampling/Multiclass/DinoS/seed_42/model_checkpoint_iteration_9.pt

Iteration 11: Requesting 3160 samples.
Re-initializing module.
Re-initializing criterion.
Re-initializing optimizer.
  epoch    train_f1    train_loss    valid_acc    valid_f1    valid_loss    cp      lr      dur
-------  ----------  ------------  -----------  ----------  ------------  ----  ------  -------
      1      [36m0.9679[0m        [32m0.1535[0m       [35m0.8259[0m      [31m0.8259[0m        [94m0.5915[0m     +  0.0000  53.4029
      2      [36m0.9747[0m        [32m0.1279[0m       0.8193      0.8193        0.6099        0.0000  53.4683
      3      [36m0.9778[0m        [32m0.1116[0m       0.8186      0.8186        0.6174        0.0000  53.5190
      4      [36m0.9811[0m        [32m0.1001[0m       0.8201      0.8201        0.6248        0.0000  53.9636
      5      [36m0.9850[0m        [32m0.0828[0m       [35m0.8264[0m      [31m0.8264[0m        0.6104        0.0000  53.6901
      6      [36m0.9897[0m        [32m0.0631[0m       [35m0.8326[0m      [31m0.8326[0m        [94m0.5839[0m     +  0.0000  53.6823
      7      [36m0.9936[0m        [32m0.0526[0m       [35m0.8333[0m      [31m0.8333[0m        0.6026        0.0000  53.3130
      8      [36m0.9951[0m        [32m0.0487[0m       [35m0.8366[0m      [31m0.8366[0m        0.5874        0.0000  53.3290
      9      [36m0.9957[0m        [32m0.0445[0m       0.8356      0.8356        0.6281        0.0000  53.2328
     10      [36m0.9960[0m        [32m0.0412[0m       [35m0.8438[0m      [31m0.8438[0m        0.5854        0.0000  53.3440
     11      [36m0.9967[0m        [32m0.0374[0m       0.8415      0.8415        0.6061        0.0000  53.6348
     12      [36m0.9971[0m        [32m0.0359[0m       0.8384      0.8384        0.6232        0.0000  53.4524
     13      [36m0.9979[0m        [32m0.0350[0m       0.8384      0.8384        0.6223        0.0000  53.0532
     14      [36m0.9983[0m        [32m0.0348[0m       0.8410      0.8410        0.6215        0.0000  53.1573
     15      0.9982        [32m0.0340[0m       0.8411      0.8411        0.6235        0.0000  53.7045
     16      [36m0.9985[0m        [32m0.0324[0m       0.8401      0.8401        0.6316        0.0000  53.6116
Stopping since valid_loss has not improved in the last 11 epochs.
Iteration 11: Test F1 Micro Score: 0.8225694444444444
Iteration 11: Test F1 Macro Score: 0.522333172999581
Model checkpoint saved to C:\Users\localuserSKSG\Desktop\Shubham\RandomSampling/Multiclass/DinoS/seed_42/model_checkpoint_iteration_10.pt

Iteration 12: Requesting 5624 samples.
Re-initializing module.
Re-initializing criterion.
Re-initializing optimizer.
  epoch    train_f1    train_loss    valid_acc    valid_f1    valid_loss    cp      lr      dur
-------  ----------  ------------  -----------  ----------  ------------  ----  ------  -------
      1      [36m0.9686[0m        [32m0.1353[0m       [35m0.8273[0m      [31m0.8273[0m        [94m0.5611[0m     +  0.0000  86.8031
      2      [36m0.9733[0m        [32m0.1131[0m       [35m0.8340[0m      [31m0.8340[0m        [94m0.5213[0m     +  0.0000  87.7617
      3      [36m0.9762[0m        [32m0.1018[0m       [35m0.8474[0m      [31m0.8474[0m        [94m0.4600[0m     +  0.0000  87.4184
      4      [36m0.9785[0m        [32m0.0911[0m       0.8332      0.8332        0.5743        0.0000  87.5092
      5      [36m0.9839[0m        [32m0.0734[0m       0.8389      0.8389        0.5522        0.0000  87.5783
      6      [36m0.9879[0m        [32m0.0550[0m       0.8351      0.8351        0.5406        0.0000  87.5383
      7      [36m0.9927[0m        [32m0.0437[0m       0.8368      0.8368        0.5875        0.0000  87.4749
      8      [36m0.9950[0m        [32m0.0375[0m       0.8356      0.8356        0.6286        0.0000  87.4058
      9      [36m0.9956[0m        [32m0.0332[0m       0.8314      0.8314        0.6677        0.0000  87.9684
     10      [36m0.9960[0m        [32m0.0298[0m       0.8384      0.8384        0.6615        0.0000  87.1415
     11      [36m0.9977[0m        [32m0.0262[0m       0.8403      0.8403        0.6547        0.0000  87.3298
     12      [36m0.9982[0m        [32m0.0238[0m       0.8375      0.8375        0.6666        0.0000  87.2031
     13      0.9981        [32m0.0229[0m       0.8389      0.8389        0.6751        0.0000  87.7189
Stopping since valid_loss has not improved in the last 11 epochs.
Iteration 12: Test F1 Micro Score: 0.8265625
Iteration 12: Test F1 Macro Score: 0.5383352632509336
Model checkpoint saved to C:\Users\localuserSKSG\Desktop\Shubham\RandomSampling/Multiclass/DinoS/seed_42/model_checkpoint_iteration_11.pt

Iteration 13: Requesting 10000 samples.
Re-initializing module.
Re-initializing criterion.
Re-initializing optimizer.
  epoch    train_f1    train_loss    valid_acc    valid_f1    valid_loss    cp      lr       dur
-------  ----------  ------------  -----------  ----------  ------------  ----  ------  --------
      1      [36m0.9672[0m        [32m0.1221[0m       [35m0.8144[0m      [31m0.8144[0m        [94m0.5849[0m     +  0.0000  147.2267
      2      [36m0.9730[0m        [32m0.1033[0m       [35m0.8148[0m      [31m0.8148[0m        [94m0.5639[0m     +  0.0000  148.7877
      3      [36m0.9765[0m        [32m0.0868[0m       [35m0.8375[0m      [31m0.8375[0m        [94m0.5583[0m     +  0.0000  148.2397
      4      [36m0.9791[0m        [32m0.0750[0m       [35m0.8439[0m      [31m0.8439[0m        [94m0.5238[0m     +  0.0000  147.2423
      5      [36m0.9827[0m        [32m0.0637[0m       0.8314      0.8314        0.5862        0.0000  148.0472
      6      [36m0.9896[0m        [32m0.0452[0m       [35m0.8550[0m      [31m0.8550[0m        0.5746        0.0000  148.0178
      7      [36m0.9933[0m        [32m0.0328[0m       0.8441      0.8441        0.6572        0.0000  148.5724
      8      [36m0.9952[0m        [32m0.0274[0m       0.8417      0.8417        0.7075        0.0000  148.0154
      9      [36m0.9969[0m        [32m0.0225[0m       0.8410      0.8410        0.7402        0.0000  148.1525
     10      [36m0.9972[0m        [32m0.0196[0m       0.8462      0.8462        0.7386        0.0000  149.5404
     11      [36m0.9979[0m        [32m0.0170[0m       0.8446      0.8446        0.7200        0.0000  148.7278
     12      [36m0.9988[0m        [32m0.0149[0m       0.8431      0.8431        0.7308        0.0000  147.3887
     13      [36m0.9992[0m        [32m0.0137[0m       0.8446      0.8446        0.7494        0.0000  148.7943
     14      [36m0.9993[0m        [32m0.0133[0m       0.8470      0.8470        0.7358        0.0000  148.5582
Stopping since valid_loss has not improved in the last 11 epochs.
Iteration 13: Test F1 Micro Score: 0.8232638888888889
Iteration 13: Test F1 Macro Score: 0.5377392000357148
Model checkpoint saved to C:\Users\localuserSKSG\Desktop\Shubham\RandomSampling/Multiclass/DinoS/seed_42/model_checkpoint_iteration_12.pt

Iteration 14: Requesting all remaining samples.
Re-initializing module.
Re-initializing criterion.
Re-initializing optimizer.
  epoch    train_f1    train_loss    valid_acc    valid_f1    valid_loss    cp      lr       dur
-------  ----------  ------------  -----------  ----------  ------------  ----  ------  --------
      1      [36m0.9794[0m        [32m0.0755[0m       [35m0.8306[0m      [31m0.8306[0m        [94m0.4992[0m     +  0.0000  172.3666
      2      [36m0.9830[0m        [32m0.0636[0m       [35m0.8330[0m      [31m0.8330[0m        0.5436        0.0000  173.0856
      3      [36m0.9851[0m        [32m0.0557[0m       0.8288      0.8288        0.5168        0.0000  172.8746
      4      [36m0.9876[0m        [32m0.0478[0m       0.8243      0.8243        0.6079        0.0000  173.1501
      5      0.9874        [32m0.0443[0m       [35m0.8373[0m      [31m0.8373[0m        0.5741        0.0000  173.5060
      6      [36m0.9915[0m        [32m0.0321[0m       [35m0.8417[0m      [31m0.8417[0m        0.6573        0.0000  173.9956
      7      [36m0.9961[0m        [32m0.0207[0m       0.8405      0.8405        0.6817        0.0000  174.1131
      8      [36m0.9974[0m        [32m0.0157[0m       0.8344      0.8344        0.7608        0.0000  173.1760
      9      [36m0.9984[0m        [32m0.0132[0m       0.8391      0.8391        0.7960        0.0000  174.2416
     10      [36m0.9985[0m        [32m0.0115[0m       0.8387      0.8387        0.8490        0.0000  173.5531
     11      [36m0.9988[0m        [32m0.0103[0m       0.8373      0.8373        0.8700        0.0000  173.5235
Stopping since valid_loss has not improved in the last 11 epochs.
Iteration 14: Test F1 Micro Score: 0.8246527777777778
Iteration 14: Test F1 Macro Score: 0.5635406734957107
Model checkpoint saved to C:\Users\localuserSKSG\Desktop\Shubham\RandomSampling/Multiclass/DinoS/seed_42/model_checkpoint_iteration_13.pt
Pickle file saved to C:\Users\localuserSKSG\Desktop\Shubham\RandomSampling/Multiclass/DinoS/seed_42\random_sampling_results_for_multilabel_classification_s42.pickle
