3
multiclass_train_df shape: (26880, 2)
multiclass_test_df shape: (5760, 2)
multiclass_val_df shape: (5760, 2)
Calculated train_size: 8

Iteration 1: Using initial samples.
  epoch    train_f1    train_loss    valid_acc    valid_f1    valid_loss    cp      lr      dur
-------  ----------  ------------  -----------  ----------  ------------  ----  ------  -------
      1      [36m0.1250[0m        [32m2.1358[0m       [35m0.2384[0m      [31m0.2384[0m        [94m2.0094[0m     +  0.0000  10.9796
      2      [36m0.2500[0m        [32m2.0043[0m       [35m0.3585[0m      [31m0.3585[0m        [94m1.9509[0m     +  0.0000  10.0980
      3      [36m0.3750[0m        [32m1.9354[0m       0.3106      0.3106        2.0158        0.0000  10.2204
      4      [36m0.5000[0m        [32m1.9216[0m       0.2099      0.2099        2.0556        0.0000  10.1368
      5      0.5000        [32m1.7965[0m       0.1589      0.1589        2.0920        0.0000  10.2548
      6      [36m0.6250[0m        [32m1.6012[0m       0.1780      0.1780        2.0924        0.0000  10.2647
      7      [36m0.8750[0m        [32m1.5436[0m       0.1892      0.1892        2.0797        0.0000  10.1947
      8      0.8750        [32m1.4628[0m       0.1943      0.1943        2.0763        0.0000  10.2903
      9      0.8750        1.5776       0.1979      0.1979        2.0742        0.0000  10.2831
     10      0.8750        1.4729       0.1910      0.1910        2.0771        0.0000  10.2434
     11      0.6250        [32m1.4077[0m       0.1898      0.1898        2.0782        0.0000  10.3401
     12      0.5000        1.5915       0.1920      0.1920        2.0775        0.0000  10.2544
Stopping since valid_loss has not improved in the last 11 epochs.
Iteration 1: Test F1 Micro Score: 0.21284722222222222
Iteration 1: Test F1 Macro Score: 0.12786088674175766
Model checkpoint saved to C:\Users\localuserSKSG\Desktop\Shubham\RandomSampling/Multiclass/DinoS/seed_49/model_checkpoint_iteration_0.pt

Iteration 2: Requesting 16 samples.
Re-initializing module.
Re-initializing criterion.
Re-initializing optimizer.
  epoch    train_f1    train_loss    valid_acc    valid_f1    valid_loss    cp      lr      dur
-------  ----------  ------------  -----------  ----------  ------------  ----  ------  -------
      1      [36m0.2917[0m        [32m2.0666[0m       [35m0.5030[0m      [31m0.5030[0m        [94m1.8777[0m     +  0.0000  10.8466
      2      0.2917        [32m1.8870[0m       0.4698      0.4698        [94m1.7931[0m     +  0.0000  11.0377
      3      [36m0.4167[0m        [32m1.7473[0m       [35m0.5097[0m      [31m0.5097[0m        [94m1.7827[0m     +  0.0000  10.9095
      4      0.3333        [32m1.6654[0m       0.4845      0.4845        [94m1.7669[0m     +  0.0000  10.9066
      5      [36m0.5833[0m        [32m1.6183[0m       0.4530      0.4530        1.7745        0.0000  10.8802
      6      [36m0.7083[0m        [32m1.4354[0m       0.4648      0.4648        1.7691        0.0000  10.9863
      7      0.6667        [32m1.4132[0m       0.4717      0.4717        1.7692        0.0000  10.9191
      8      [36m0.7917[0m        [32m1.3465[0m       0.4745      0.4745        [94m1.7661[0m     +  0.0000  11.0753
      9      0.7917        [32m1.3222[0m       0.4766      0.4766        [94m1.7660[0m     +  0.0000  10.8640
     10      [36m0.8333[0m        1.3480       0.4747      0.4747        [94m1.7654[0m     +  0.0000  11.2190
     11      0.7500        1.3253       0.4733      0.4733        1.7665        0.0000  10.9313
     12      0.7917        [32m1.2965[0m       0.4736      0.4736        1.7675        0.0000  10.7210
     13      0.8333        1.3251       0.4740      0.4740        1.7687        0.0000  10.9135
     14      0.7500        1.3466       0.4748      0.4748        1.7679        0.0000  10.9009
     15      [36m0.8750[0m        [32m1.2415[0m       0.4743      0.4743        1.7665        0.0000  10.9640
     16      0.8333        1.2419       0.4745      0.4745        1.7665        0.0000  10.8574
     17      0.8333        1.3344       0.4750      0.4750        1.7668        0.0000  10.7855
     18      0.8333        1.2720       0.4750      0.4750        1.7667        0.0000  10.7322
     19      0.8333        1.3031       0.4748      0.4748        1.7663        0.0000  11.0349
     20      0.8333        1.2671       0.4748      0.4748        1.7661        0.0000  10.7855
Stopping since valid_loss has not improved in the last 11 epochs.
Iteration 2: Test F1 Micro Score: 0.47430555555555554
Iteration 2: Test F1 Macro Score: 0.1858006577102343
Model checkpoint saved to C:\Users\localuserSKSG\Desktop\Shubham\RandomSampling/Multiclass/DinoS/seed_49/model_checkpoint_iteration_1.pt

Iteration 3: Requesting 32 samples.
Re-initializing module.
Re-initializing criterion.
Re-initializing optimizer.
  epoch    train_f1    train_loss    valid_acc    valid_f1    valid_loss    cp      lr      dur
-------  ----------  ------------  -----------  ----------  ------------  ----  ------  -------
      1      [36m0.5357[0m        [32m1.5899[0m       [35m0.6189[0m      [31m0.6189[0m        [94m1.5517[0m     +  0.0000  11.1558
      2      [36m0.6964[0m        [32m1.4119[0m       [35m0.6316[0m      [31m0.6316[0m        [94m1.4599[0m     +  0.0000  11.1534
      3      [36m0.7321[0m        [32m1.2621[0m       [35m0.6490[0m      [31m0.6490[0m        [94m1.4179[0m     +  0.0000  11.1097
      4      [36m0.8036[0m        [32m1.0769[0m       0.6483      0.6483        [94m1.3720[0m     +  0.0000  10.9667
      5      [36m0.8571[0m        [32m1.0220[0m       [35m0.6545[0m      [31m0.6545[0m        [94m1.3529[0m     +  0.0000  10.8415
      6      0.8036        [32m0.9334[0m       [35m0.6589[0m      [31m0.6589[0m        [94m1.3433[0m     +  0.0000  11.1132
      7      0.8571        [32m0.9300[0m       [35m0.6601[0m      [31m0.6601[0m        [94m1.3388[0m     +  0.0000  10.9053
      8      [36m0.9107[0m        [32m0.8966[0m       [35m0.6613[0m      [31m0.6613[0m        1.3398        0.0000  11.0760
      9      0.9107        0.9084       [35m0.6616[0m      [31m0.6616[0m        1.3393        0.0000  10.9690
     10      0.8750        0.8987       0.6599      0.6599        [94m1.3339[0m     +  0.0000  11.1892
     11      0.8750        [32m0.8526[0m       0.6611      0.6611        [94m1.3327[0m     +  0.0000  11.0795
     12      0.8750        [32m0.8241[0m       0.6613      0.6613        [94m1.3315[0m     +  0.0000  11.1701
     13      [36m0.9286[0m        0.8315       0.6611      0.6611        [94m1.3302[0m     +  0.0000  11.1241
     14      0.9107        0.8378       0.6608      0.6608        [94m1.3297[0m     +  0.0000  10.9840
     15      0.8750        0.8765       0.6616      0.6616        [94m1.3280[0m     +  0.0000  11.1108
     16      [36m0.9464[0m        0.8842       [35m0.6618[0m      [31m0.6618[0m        [94m1.3277[0m     +  0.0000  11.0618
     17      0.9107        0.8355       0.6618      0.6618        [94m1.3272[0m     +  0.0000  10.8975
     18      0.8929        0.8311       0.6618      0.6618        [94m1.3269[0m     +  0.0000  11.1376
     19      0.8929        0.9271       0.6618      0.6618        1.3270        0.0000  11.0798
     20      0.9107        0.8319       [35m0.6620[0m      [31m0.6620[0m        [94m1.3269[0m     +  0.0000  10.8905
     21      0.9107        [32m0.8240[0m       0.6620      0.6620        [94m1.3269[0m     +  0.0000  11.1885
     22      0.8214        0.8804       0.6620      0.6620        1.3269        0.0000  11.0625
     23      0.9464        0.8396       0.6620      0.6620        1.3269        0.0000  11.1893
     24      0.9464        0.8363       0.6620      0.6620        [94m1.3269[0m     +  0.0000  11.2644
     25      0.9464        [32m0.8174[0m       0.6620      0.6620        [94m1.3267[0m     +  0.0000  11.0351
     26      0.8571        0.8682       0.6620      0.6620        [94m1.3267[0m     +  0.0000  11.0603
     27      0.9286        [32m0.7960[0m       0.6620      0.6620        [94m1.3267[0m     +  0.0000  11.1092
     28      0.9107        0.8152       0.6620      0.6620        [94m1.3267[0m     +  0.0000  11.1872
     29      0.9107        0.8003       0.6620      0.6620        [94m1.3267[0m     +  0.0000  11.0461
     30      0.9286        0.8443       0.6620      0.6620        [94m1.3267[0m     +  0.0000  11.2813
     31      0.9107        0.8228       0.6620      0.6620        [94m1.3267[0m     +  0.0000  11.2362
     32      0.9107        0.8450       0.6620      0.6620        [94m1.3267[0m     +  0.0000  11.0454
     33      0.9286        [32m0.7834[0m       0.6620      0.6620        [94m1.3267[0m     +  0.0000  11.3135
     34      0.8929        0.8513       0.6620      0.6620        1.3267        0.0000  11.1105
     35      0.8750        0.8340       0.6620      0.6620        1.3267        0.0000  11.0444
Stopping since valid_loss has not improved in the last 11 epochs.
Iteration 3: Test F1 Micro Score: 0.6934027777777778
Iteration 3: Test F1 Macro Score: 0.24841621458910132
Model checkpoint saved to C:\Users\localuserSKSG\Desktop\Shubham\RandomSampling/Multiclass/DinoS/seed_49/model_checkpoint_iteration_2.pt

Iteration 4: Requesting 56 samples.
Re-initializing module.
Re-initializing criterion.
Re-initializing optimizer.
  epoch    train_f1    train_loss    valid_acc    valid_f1    valid_loss    cp      lr      dur
-------  ----------  ------------  -----------  ----------  ------------  ----  ------  -------
      1      [36m0.7232[0m        [32m1.2169[0m       [35m0.6266[0m      [31m0.6266[0m        [94m1.2419[0m     +  0.0000  11.3488
      2      [36m0.8125[0m        [32m0.9439[0m       [35m0.6510[0m      [31m0.6510[0m        [94m1.2068[0m     +  0.0000  11.1858
      3      [36m0.8929[0m        [32m0.8241[0m       [35m0.6675[0m      [31m0.6675[0m        [94m1.1342[0m     +  0.0000  11.3493
      4      [36m0.9018[0m        [32m0.7705[0m       0.6670      0.6670        [94m1.1161[0m     +  0.0000  11.4170
      5      [36m0.9286[0m        [32m0.6711[0m       [35m0.6901[0m      [31m0.6901[0m        [94m1.0772[0m     +  0.0000  11.1661
      6      [36m0.9375[0m        [32m0.6313[0m       [35m0.7038[0m      [31m0.7038[0m        [94m1.0698[0m     +  0.0000  11.4001
      7      0.9286        [32m0.6253[0m       [35m0.7049[0m      [31m0.7049[0m        1.0775        0.0000  11.4862
      8      [36m0.9464[0m        0.6304       0.7030      0.7030        [94m1.0693[0m     +  0.0000  11.2482
      9      [36m0.9643[0m        [32m0.6011[0m       0.7019      0.7019        [94m1.0651[0m     +  0.0000  11.2675
     10      0.9554        [32m0.5903[0m       0.7005      0.7005        [94m1.0617[0m     +  0.0000  11.2188
     11      0.9643        0.6035       0.7021      0.7021        [94m1.0577[0m     +  0.0000  11.2160
     12      0.9554        0.5914       0.7026      0.7026        1.0578        0.0000  11.3138
     13      0.9643        [32m0.5779[0m       0.7023      0.7023        [94m1.0570[0m     +  0.0000  11.3301
     14      0.9554        [32m0.5520[0m       0.7028      0.7028        [94m1.0565[0m     +  0.0000  11.4855
     15      0.9643        0.5670       0.7019      0.7019        [94m1.0557[0m     +  0.0000  11.5472
     16      0.9464        0.5730       0.7021      0.7021        [94m1.0556[0m     +  0.0000  11.2300
     17      0.9554        0.5652       0.7014      0.7014        [94m1.0551[0m     +  0.0000  11.3892
     18      0.9375        0.5727       0.7012      0.7012        [94m1.0550[0m     +  0.0000  11.1474
     19      0.9375        [32m0.5511[0m       0.7012      0.7012        1.0550        0.0000  11.4950
     20      0.9286        0.5949       0.7014      0.7014        [94m1.0549[0m     +  0.0000  11.3933
     21      0.9554        0.5733       0.7012      0.7012        1.0549        0.0000  11.2972
     22      0.9464        0.5547       0.7010      0.7010        1.0550        0.0000  11.2533
     23      0.9554        0.5670       0.7009      0.7009        1.0549        0.0000  11.2510
     24      0.9643        0.5757       0.7010      0.7010        1.0549        0.0000  11.3701
     25      [36m0.9732[0m        0.5728       0.7010      0.7010        [94m1.0549[0m     +  0.0000  11.3803
     26      0.9554        0.5582       0.7010      0.7010        1.0549        0.0000  11.5623
     27      0.9554        [32m0.5488[0m       0.7010      0.7010        [94m1.0548[0m     +  0.0000  11.0791
     28      0.9732        0.5719       0.7010      0.7010        [94m1.0548[0m     +  0.0000  11.3774
     29      0.9643        0.5888       0.7010      0.7010        1.0548        0.0000  11.3292
     30      0.9643        0.5800       0.7010      0.7010        [94m1.0548[0m     +  0.0000  11.4173
Stopping since valid_loss has not improved in the last 11 epochs.
Iteration 4: Test F1 Micro Score: 0.7244791666666667
Iteration 4: Test F1 Macro Score: 0.2995296402447504
Model checkpoint saved to C:\Users\localuserSKSG\Desktop\Shubham\RandomSampling/Multiclass/DinoS/seed_49/model_checkpoint_iteration_3.pt

Iteration 5: Requesting 96 samples.
Re-initializing module.
Re-initializing criterion.
Re-initializing optimizer.
  epoch    train_f1    train_loss    valid_acc    valid_f1    valid_loss    cp      lr      dur
-------  ----------  ------------  -----------  ----------  ------------  ----  ------  -------
      1      [36m0.8317[0m        [32m0.8234[0m       [35m0.6760[0m      [31m0.6760[0m        [94m1.0285[0m     +  0.0000  11.6430
      2      [36m0.8702[0m        [32m0.6617[0m       [35m0.6991[0m      [31m0.6991[0m        [94m0.9570[0m     +  0.0000  11.6441
      3      [36m0.9279[0m        [32m0.5654[0m       0.6981      0.6981        [94m0.9378[0m     +  0.0000  11.6204
      4      [36m0.9519[0m        [32m0.4989[0m       0.6898      0.6898        0.9392        0.0000  11.8162
      5      0.9519        [32m0.4641[0m       [35m0.7083[0m      [31m0.7083[0m        [94m0.8934[0m     +  0.0000  11.8933
      6      [36m0.9615[0m        [32m0.4368[0m       [35m0.7276[0m      [31m0.7276[0m        [94m0.8680[0m     +  0.0000  11.7787
      7      [36m0.9712[0m        0.4485       [35m0.7300[0m      [31m0.7300[0m        [94m0.8628[0m     +  0.0000  11.7604
      8      0.9615        [32m0.4109[0m       0.7276      0.7276        [94m0.8594[0m     +  0.0000  11.8409
      9      [36m0.9760[0m        [32m0.3960[0m       [35m0.7337[0m      [31m0.7337[0m        [94m0.8527[0m     +  0.0000  11.6109
     10      0.9615        0.4005       0.7321      0.7321        0.8564        0.0000  11.8159
     11      [36m0.9856[0m        [32m0.3935[0m       0.7325      0.7325        0.8551        0.0000  11.5516
     12      0.9808        [32m0.3852[0m       0.7337      0.7337        0.8533        0.0000  11.7678
     13      0.9808        0.3875       [35m0.7347[0m      [31m0.7347[0m        [94m0.8522[0m     +  0.0000  11.9520
     14      0.9760        [32m0.3770[0m       0.7323      0.7323        0.8536        0.0000  11.8949
     15      0.9712        [32m0.3648[0m       0.7333      0.7333        0.8533        0.0000  11.8124
     16      0.9712        0.3974       0.7330      0.7330        0.8531        0.0000  11.8474
     17      0.9808        0.3967       0.7333      0.7333        0.8529        0.0000  11.9994
     18      0.9712        0.3784       0.7332      0.7332        0.8526        0.0000  11.7798
     19      0.9760        0.3872       0.7335      0.7335        0.8524        0.0000  11.7954
     20      0.9808        0.3919       0.7335      0.7335        0.8528        0.0000  11.7975
     21      0.9760        0.3790       0.7335      0.7335        0.8527        0.0000  11.9701
     22      0.9760        0.4031       0.7337      0.7337        0.8525        0.0000  11.5928
     23      0.9760        0.4133       0.7339      0.7339        0.8524        0.0000  11.8440
Stopping since valid_loss has not improved in the last 11 epochs.
Iteration 5: Test F1 Micro Score: 0.7477430555555555
Iteration 5: Test F1 Macro Score: 0.3168427389539197
Model checkpoint saved to C:\Users\localuserSKSG\Desktop\Shubham\RandomSampling/Multiclass/DinoS/seed_49/model_checkpoint_iteration_4.pt

Iteration 6: Requesting 176 samples.
Re-initializing module.
Re-initializing criterion.
Re-initializing optimizer.
  epoch    train_f1    train_loss    valid_acc    valid_f1    valid_loss    cp      lr      dur
-------  ----------  ------------  -----------  ----------  ------------  ----  ------  -------
      1      [36m0.8672[0m        [32m0.6550[0m       [35m0.7675[0m      [31m0.7675[0m        [94m0.7598[0m     +  0.0000  12.6779
      2      [36m0.9141[0m        [32m0.4944[0m       [35m0.7736[0m      [31m0.7736[0m        [94m0.7515[0m     +  0.0000  12.4695
      3      [36m0.9505[0m        [32m0.4122[0m       [35m0.7793[0m      [31m0.7793[0m        [94m0.7250[0m     +  0.0000  12.5039
      4      [36m0.9688[0m        [32m0.3652[0m       [35m0.7852[0m      [31m0.7852[0m        [94m0.7003[0m     +  0.0000  12.6095
      5      0.9688        [32m0.3377[0m       0.7812      0.7812        [94m0.6984[0m     +  0.0000  12.4843
      6      [36m0.9740[0m        [32m0.3005[0m       0.7715      0.7715        0.7296        0.0000  12.5981
      7      [36m0.9844[0m        0.3012       0.7714      0.7714        0.7297        0.0000  12.8747
      8      0.9844        [32m0.2809[0m       0.7715      0.7715        0.7352        0.0000  12.6554
      9      0.9818        0.2968       0.7752      0.7752        0.7245        0.0000  12.7016
     10      [36m0.9896[0m        [32m0.2741[0m       0.7740      0.7740        0.7275        0.0000  12.5411
     11      0.9870        0.2798       0.7719      0.7719        0.7309        0.0000  12.6226
     12      0.9844        0.2787       0.7701      0.7701        0.7359        0.0000  12.6875
     13      0.9844        [32m0.2714[0m       0.7682      0.7682        0.7400        0.0000  12.9557
     14      0.9896        0.2747       0.7696      0.7696        0.7359        0.0000  12.4578
     15      [36m0.9922[0m        [32m0.2658[0m       0.7722      0.7722        0.7310        0.0000  12.4247
Stopping since valid_loss has not improved in the last 11 epochs.
Iteration 6: Test F1 Micro Score: 0.7678819444444445
Iteration 6: Test F1 Macro Score: 0.3199422940441562
Model checkpoint saved to C:\Users\localuserSKSG\Desktop\Shubham\RandomSampling/Multiclass/DinoS/seed_49/model_checkpoint_iteration_5.pt

Iteration 7: Requesting 320 samples.
Re-initializing module.
Re-initializing criterion.
Re-initializing optimizer.
  epoch    train_f1    train_loss    valid_acc    valid_f1    valid_loss    cp      lr      dur
-------  ----------  ------------  -----------  ----------  ------------  ----  ------  -------
      1      [36m0.8849[0m        [32m0.5021[0m       [35m0.7429[0m      [31m0.7429[0m        [94m0.7628[0m     +  0.0000  13.9840
      2      [36m0.9460[0m        [32m0.3717[0m       [35m0.7608[0m      [31m0.7608[0m        [94m0.7406[0m     +  0.0000  14.1818
      3      [36m0.9602[0m        [32m0.3144[0m       0.7599      0.7599        [94m0.7349[0m     +  0.0000  14.1463
      4      [36m0.9730[0m        [32m0.2876[0m       [35m0.7845[0m      [31m0.7845[0m        [94m0.6621[0m     +  0.0000  14.1253
      5      [36m0.9830[0m        [32m0.2584[0m       0.7674      0.7674        0.6959        0.0000  14.0780
      6      [36m0.9872[0m        [32m0.2246[0m       0.7729      0.7729        0.6916        0.0000  13.9746
      7      [36m0.9886[0m        [32m0.2142[0m       0.7781      0.7781        0.6864        0.0000  14.1235
      8      0.9830        0.2176       0.7781      0.7781        0.6914        0.0000  14.4579
      9      [36m0.9901[0m        0.2200       0.7762      0.7762        0.6927        0.0000  14.1651
     10      0.9872        [32m0.2128[0m       0.7684      0.7684        0.7189        0.0000  14.1252
     11      0.9901        [32m0.2044[0m       0.7774      0.7774        0.6879        0.0000  13.9785
     12      0.9872        [32m0.2026[0m       0.7780      0.7780        0.6889        0.0000  14.1689
     13      [36m0.9929[0m        [32m0.2012[0m       0.7766      0.7766        0.6895        0.0000  14.0064
     14      0.9901        0.2029       0.7783      0.7783        0.6841        0.0000  14.1274
Stopping since valid_loss has not improved in the last 11 epochs.
Iteration 7: Test F1 Micro Score: 0.7800347222222223
Iteration 7: Test F1 Macro Score: 0.357296378524948
Model checkpoint saved to C:\Users\localuserSKSG\Desktop\Shubham\RandomSampling/Multiclass/DinoS/seed_49/model_checkpoint_iteration_6.pt

Iteration 8: Requesting 560 samples.
Re-initializing module.
Re-initializing criterion.
Re-initializing optimizer.
  epoch    train_f1    train_loss    valid_acc    valid_f1    valid_loss    cp      lr      dur
-------  ----------  ------------  -----------  ----------  ------------  ----  ------  -------
      1      [36m0.9304[0m        [32m0.3792[0m       [35m0.7483[0m      [31m0.7483[0m        [94m0.7460[0m     +  0.0000  16.8227
      2      [36m0.9565[0m        [32m0.2909[0m       [35m0.7816[0m      [31m0.7816[0m        [94m0.6812[0m     +  0.0000  16.9092
      3      [36m0.9715[0m        [32m0.2521[0m       [35m0.7866[0m      [31m0.7866[0m        0.6967        0.0000  17.0487
      4      [36m0.9763[0m        [32m0.2144[0m       0.7858      0.7858        0.6923        0.0000  16.8898
      5      [36m0.9810[0m        [32m0.2003[0m       0.7845      0.7845        0.7073        0.0000  17.2436
      6      [36m0.9842[0m        [32m0.1769[0m       0.7833      0.7833        0.7045        0.0000  16.8737
      7      [36m0.9850[0m        [32m0.1676[0m       0.7858      0.7858        0.6948        0.0000  16.9198
      8      [36m0.9866[0m        [32m0.1612[0m       [35m0.7882[0m      [31m0.7882[0m        0.6954        0.0000  16.9686
      9      [36m0.9873[0m        [32m0.1602[0m       0.7856      0.7856        0.7193        0.0000  16.8606
     10      [36m0.9889[0m        [32m0.1557[0m       0.7858      0.7858        0.7061        0.0000  17.0203
     11      [36m0.9897[0m        [32m0.1474[0m       0.7856      0.7856        0.6982        0.0000  16.8099
     12      [36m0.9913[0m        [32m0.1435[0m       0.7872      0.7872        0.6963        0.0000  17.0337
Stopping since valid_loss has not improved in the last 11 epochs.
Iteration 8: Test F1 Micro Score: 0.8008680555555555
Iteration 8: Test F1 Macro Score: 0.44007506011742703
Model checkpoint saved to C:\Users\localuserSKSG\Desktop\Shubham\RandomSampling/Multiclass/DinoS/seed_49/model_checkpoint_iteration_7.pt

Iteration 9: Requesting 1000 samples.
Re-initializing module.
Re-initializing criterion.
Re-initializing optimizer.
  epoch    train_f1    train_loss    valid_acc    valid_f1    valid_loss    cp      lr      dur
-------  ----------  ------------  -----------  ----------  ------------  ----  ------  -------
      1      [36m0.9364[0m        [32m0.3277[0m       [35m0.8035[0m      [31m0.8035[0m        [94m0.6314[0m     +  0.0000  21.5446
      2      [36m0.9563[0m        [32m0.2564[0m       [35m0.8038[0m      [31m0.8038[0m        [94m0.5807[0m     +  0.0000  21.9656
      3      [36m0.9664[0m        [32m0.2224[0m       [35m0.8156[0m      [31m0.8156[0m        [94m0.5764[0m     +  0.0000  21.8290
      4      [36m0.9757[0m        [32m0.1936[0m       0.8066      0.8066        0.6380        0.0000  21.8555
      5      0.9753        [32m0.1739[0m       0.8054      0.8054        0.6126        0.0000  21.6073
      6      [36m0.9814[0m        [32m0.1545[0m       0.8128      0.8128        0.6303        0.0000  21.9219
      7      [36m0.9841[0m        [32m0.1436[0m       0.8099      0.8099        0.6428        0.0000  21.7498
      8      [36m0.9859[0m        [32m0.1353[0m       0.8101      0.8101        0.6519        0.0000  21.9223
      9      [36m0.9881[0m        [32m0.1286[0m       0.8118      0.8118        0.6423        0.0000  21.9393
     10      [36m0.9885[0m        [32m0.1235[0m       0.8141      0.8141        0.6291        0.0000  21.9031
     11      [36m0.9907[0m        [32m0.1208[0m       [35m0.8160[0m      [31m0.8160[0m        0.6190        0.0000  21.6573
     12      0.9898        [32m0.1207[0m       0.8148      0.8148        0.6282        0.0000  21.7784
     13      [36m0.9920[0m        [32m0.1169[0m       0.8144      0.8144        0.6289        0.0000  21.8160
Stopping since valid_loss has not improved in the last 11 epochs.
Iteration 9: Test F1 Micro Score: 0.8236111111111111
Iteration 9: Test F1 Macro Score: 0.47389095961561856
Model checkpoint saved to C:\Users\localuserSKSG\Desktop\Shubham\RandomSampling/Multiclass/DinoS/seed_49/model_checkpoint_iteration_8.pt

Iteration 10: Requesting 1776 samples.
Re-initializing module.
Re-initializing criterion.
Re-initializing optimizer.
  epoch    train_f1    train_loss    valid_acc    valid_f1    valid_loss    cp      lr      dur
-------  ----------  ------------  -----------  ----------  ------------  ----  ------  -------
      1      [36m0.9537[0m        [32m0.2422[0m       [35m0.8014[0m      [31m0.8014[0m        [94m0.5592[0m     +  0.0000  30.3123
      2      [36m0.9666[0m        [32m0.2034[0m       [35m0.8069[0m      [31m0.8069[0m        0.5684        0.0000  30.8612
      3      [36m0.9733[0m        [32m0.1697[0m       [35m0.8281[0m      [31m0.8281[0m        0.5614        0.0000  30.8451
      4      [36m0.9735[0m        [32m0.1570[0m       0.8135      0.8135        0.5735        0.0000  30.5311
      5      [36m0.9795[0m        [32m0.1376[0m       0.8156      0.8156        0.5948        0.0000  30.9361
      6      [36m0.9842[0m        [32m0.1162[0m       0.8187      0.8187        0.6029        0.0000  30.5778
      7      [36m0.9876[0m        [32m0.1035[0m       0.8215      0.8215        0.6159        0.0000  30.7344
      8      [36m0.9903[0m        [32m0.0959[0m       0.8191      0.8191        0.6100        0.0000  30.5331
      9      [36m0.9911[0m        [32m0.0923[0m       0.8168      0.8168        0.6348        0.0000  30.4377
     10      [36m0.9936[0m        [32m0.0850[0m       0.8191      0.8191        0.6274        0.0000  30.4087
     11      0.9936        [32m0.0818[0m       0.8231      0.8231        0.6154        0.0000  30.5337
Stopping since valid_loss has not improved in the last 11 epochs.
Iteration 10: Test F1 Micro Score: 0.8303819444444445
Iteration 10: Test F1 Macro Score: 0.5263700008449533
Model checkpoint saved to C:\Users\localuserSKSG\Desktop\Shubham\RandomSampling/Multiclass/DinoS/seed_49/model_checkpoint_iteration_9.pt

Iteration 11: Requesting 3160 samples.
Re-initializing module.
Re-initializing criterion.
Re-initializing optimizer.
  epoch    train_f1    train_loss    valid_acc    valid_f1    valid_loss    cp      lr      dur
-------  ----------  ------------  -----------  ----------  ------------  ----  ------  -------
      1      [36m0.9554[0m        [32m0.2229[0m       [35m0.8269[0m      [31m0.8269[0m        [94m0.5395[0m     +  0.0000  46.0014
      2      [36m0.9624[0m        [32m0.1894[0m       0.8255      0.8255        0.5568        0.0000  46.7078
      3      [36m0.9696[0m        [32m0.1573[0m       [35m0.8316[0m      [31m0.8316[0m        0.5897        0.0000  46.2510
      4      [36m0.9735[0m        [32m0.1357[0m       [35m0.8333[0m      [31m0.8333[0m        0.5943        0.0000  46.0902
      5      [36m0.9754[0m        [32m0.1210[0m       [35m0.8370[0m      [31m0.8370[0m        0.5595        0.0000  46.0608
      6      [36m0.9832[0m        [32m0.0960[0m       [35m0.8472[0m      [31m0.8472[0m        [94m0.5279[0m     +  0.0000  46.2511
      7      [36m0.9871[0m        [32m0.0837[0m       [35m0.8486[0m      [31m0.8486[0m        0.5407        0.0000  46.6075
      8      [36m0.9899[0m        [32m0.0764[0m       0.8427      0.8427        0.5583        0.0000  46.1535
      9      [36m0.9907[0m        [32m0.0737[0m       0.8429      0.8429        0.5614        0.0000  46.9073
     10      [36m0.9924[0m        [32m0.0684[0m       0.8448      0.8448        0.5559        0.0000  46.3553
     11      [36m0.9944[0m        [32m0.0611[0m       0.8448      0.8448        0.5656        0.0000  46.8570
     12      [36m0.9953[0m        [32m0.0600[0m       0.8462      0.8462        0.5656        0.0000  46.2938
     13      0.9953        [32m0.0581[0m       0.8432      0.8432        0.5749        0.0000  46.7962
     14      [36m0.9962[0m        [32m0.0564[0m       0.8453      0.8453        0.5723        0.0000  46.3525
     15      0.9962        [32m0.0557[0m       0.8469      0.8469        0.5677        0.0000  46.4946
     16      [36m0.9965[0m        [32m0.0545[0m       0.8470      0.8470        0.5721        0.0000  46.2657
Stopping since valid_loss has not improved in the last 11 epochs.
Iteration 11: Test F1 Micro Score: 0.845486111111111
Iteration 11: Test F1 Macro Score: 0.5343189016128285
Model checkpoint saved to C:\Users\localuserSKSG\Desktop\Shubham\RandomSampling/Multiclass/DinoS/seed_49/model_checkpoint_iteration_10.pt

Iteration 12: Requesting 5624 samples.
Re-initializing module.
Re-initializing criterion.
Re-initializing optimizer.
  epoch    train_f1    train_loss    valid_acc    valid_f1    valid_loss    cp      lr      dur
-------  ----------  ------------  -----------  ----------  ------------  ----  ------  -------
      1      [36m0.9640[0m        [32m0.1513[0m       [35m0.8479[0m      [31m0.8479[0m        [94m0.4584[0m     +  0.0000  73.8661
      2      [36m0.9708[0m        [32m0.1271[0m       0.8359      0.8359        0.5203        0.0000  74.5412
      3      [36m0.9750[0m        [32m0.1088[0m       0.8398      0.8398        0.5339        0.0000  74.5019
      4      [36m0.9795[0m        [32m0.0939[0m       0.8345      0.8345        0.5278        0.0000  74.9376
      5      [36m0.9821[0m        [32m0.0841[0m       0.8238      0.8238        0.6737        0.0000  74.3772
      6      [36m0.9872[0m        [32m0.0628[0m       0.8476      0.8476        0.5776        0.0000  74.8422
      7      [36m0.9914[0m        [32m0.0536[0m       [35m0.8502[0m      [31m0.8502[0m        0.5742        0.0000  74.5619
      8      [36m0.9938[0m        [32m0.0471[0m       [35m0.8557[0m      [31m0.8557[0m        0.5778        0.0000  74.2318
      9      [36m0.9948[0m        [32m0.0424[0m       0.8507      0.8507        0.6035        0.0000  74.9376
     10      [36m0.9958[0m        [32m0.0390[0m       0.8531      0.8531        0.6042        0.0000  75.0295
     11      [36m0.9963[0m        [32m0.0344[0m       0.8458      0.8458        0.6441        0.0000  73.7830
Stopping since valid_loss has not improved in the last 11 epochs.
Iteration 12: Test F1 Micro Score: 0.84375
Iteration 12: Test F1 Macro Score: 0.557159357236487
Model checkpoint saved to C:\Users\localuserSKSG\Desktop\Shubham\RandomSampling/Multiclass/DinoS/seed_49/model_checkpoint_iteration_11.pt

Iteration 13: Requesting 10000 samples.
Re-initializing module.
Re-initializing criterion.
Re-initializing optimizer.
  epoch    train_f1    train_loss    valid_acc    valid_f1    valid_loss    cp      lr       dur
-------  ----------  ------------  -----------  ----------  ------------  ----  ------  --------
      1      [36m0.9627[0m        [32m0.1491[0m       [35m0.8641[0m      [31m0.8641[0m        [94m0.4191[0m     +  0.0000  124.6133
      2      [36m0.9682[0m        [32m0.1259[0m       0.8533      0.8533        0.4399        0.0000  125.0894
      3      [36m0.9723[0m        [32m0.1082[0m       0.8370      0.8370        0.5596        0.0000  125.2824
      4      [36m0.9747[0m        [32m0.0951[0m       0.8345      0.8345        0.5759        0.0000  125.1508
      5      [36m0.9782[0m        [32m0.0820[0m       0.8391      0.8391        0.5833        0.0000  125.2983
      6      [36m0.9835[0m        [32m0.0641[0m       0.8457      0.8457        0.5981        0.0000  125.8966
      7      [36m0.9888[0m        [32m0.0517[0m       0.8436      0.8436        0.6436        0.0000  124.7328
      8      [36m0.9915[0m        [32m0.0441[0m       0.8469      0.8469        0.6465        0.0000  124.9495
      9      [36m0.9933[0m        [32m0.0387[0m       0.8457      0.8457        0.6568        0.0000  125.0200
     10      [36m0.9945[0m        [32m0.0349[0m       0.8458      0.8458        0.6570        0.0000  125.2743
     11      [36m0.9961[0m        [32m0.0290[0m       0.8493      0.8493        0.6590        0.0000  125.5360
Stopping since valid_loss has not improved in the last 11 epochs.
Iteration 13: Test F1 Micro Score: 0.8397569444444445
Iteration 13: Test F1 Macro Score: 0.5776592854791023
Model checkpoint saved to C:\Users\localuserSKSG\Desktop\Shubham\RandomSampling/Multiclass/DinoS/seed_49/model_checkpoint_iteration_12.pt

Iteration 14: Requesting all remaining samples.
Re-initializing module.
Re-initializing criterion.
Re-initializing optimizer.
  epoch    train_f1    train_loss    valid_acc    valid_f1    valid_loss    cp      lr       dur
-------  ----------  ------------  -----------  ----------  ------------  ----  ------  --------
      1      [36m0.9655[0m        [32m0.1320[0m       [35m0.8122[0m      [31m0.8122[0m        [94m0.6449[0m     +  0.0000  144.3134
      2      [36m0.9696[0m        [32m0.1117[0m       0.8109      0.8109        0.7213        0.0000  146.2146
      3      [36m0.9734[0m        [32m0.0973[0m       [35m0.8354[0m      [31m0.8354[0m        [94m0.6119[0m     +  0.0000  146.2956
      4      [36m0.9771[0m        [32m0.0842[0m       0.8233      0.8233        0.7642        0.0000  145.6563
      5      [36m0.9798[0m        [32m0.0735[0m       0.8174      0.8174        0.7760        0.0000  146.1692
      6      [36m0.9866[0m        [32m0.0543[0m       [35m0.8413[0m      [31m0.8413[0m        0.6797        0.0000  146.2527
      7      [36m0.9902[0m        [32m0.0434[0m       0.8378      0.8378        0.7222        0.0000  145.8494
      8      [36m0.9927[0m        [32m0.0372[0m       0.8378      0.8378        0.7472        0.0000  146.4746
      9      [36m0.9943[0m        [32m0.0319[0m       0.8354      0.8354        0.7778        0.0000  145.8401
     10      [36m0.9956[0m        [32m0.0275[0m       0.8375      0.8375        0.7755        0.0000  145.7968
     11      [36m0.9969[0m        [32m0.0238[0m       [35m0.8448[0m      [31m0.8448[0m        0.7354        0.0000  144.7505
     12      [36m0.9973[0m        [32m0.0214[0m       0.8417      0.8417        0.7584        0.0000  146.3927
     13      [36m0.9981[0m        [32m0.0201[0m       0.8432      0.8432        0.7589        0.0000  146.8187
Stopping since valid_loss has not improved in the last 11 epochs.
Iteration 14: Test F1 Micro Score: 0.8458333333333333
Iteration 14: Test F1 Macro Score: 0.5718780782483365
Model checkpoint saved to C:\Users\localuserSKSG\Desktop\Shubham\RandomSampling/Multiclass/DinoS/seed_49/model_checkpoint_iteration_13.pt
Pickle file saved to C:\Users\localuserSKSG\Desktop\Shubham\RandomSampling/Multiclass/DinoS/seed_49\random_sampling_results_for_multilabel_classification_s49.pickle
