3
multiclass_train_df shape: (26880, 2)
multiclass_test_df shape: (5760, 2)
multiclass_val_df shape: (5760, 2)
Calculated train_size: 8

Iteration 1: Using initial samples.
  epoch    train_f1    train_loss    valid_acc    valid_f1    valid_loss    cp      lr      dur
-------  ----------  ------------  -----------  ----------  ------------  ----  ------  -------
      1      [36m0.1250[0m        [32m2.3066[0m       [35m0.1903[0m      [31m0.1903[0m        [94m2.0700[0m     +  0.0000  11.5461
      2      0.1250        [32m2.0493[0m       [35m0.2160[0m      [31m0.2160[0m        2.0935        0.0000  10.4717
      3      0.1250        [32m1.9417[0m       [35m0.2642[0m      [31m0.2642[0m        [94m2.0373[0m     +  0.0000  10.7260
      4      [36m0.3750[0m        [32m1.8097[0m       0.2458      0.2458        2.0832        0.0000  10.6701
      5      0.3750        1.8271       [35m0.3099[0m      [31m0.3099[0m        [94m2.0203[0m     +  0.0000  10.6854
      6      [36m0.6250[0m        [32m1.5837[0m       0.2814      0.2814        2.0302        0.0000  10.5784
      7      [36m0.7500[0m        1.6243       0.2812      0.2812        2.0275        0.0000  10.6026
      8      0.6250        1.6901       0.2780      0.2780        2.0236        0.0000  10.6884
      9      0.6250        [32m1.5773[0m       0.2776      0.2776        2.0253        0.0000  10.7369
     10      0.5000        1.7114       0.2802      0.2802        2.0278        0.0000  10.7790
     11      0.7500        1.6301       0.2809      0.2809        2.0269        0.0000  10.8128
     12      0.6250        1.6136       0.2851      0.2851        2.0255        0.0000  10.6745
     13      0.7500        1.6053       0.2861      0.2861        2.0244        0.0000  10.7345
     14      0.6250        1.6241       0.2875      0.2875        2.0237        0.0000  10.9578
     15      0.6250        1.6527       0.2894      0.2894        2.0225        0.0000  10.9656
Stopping since valid_loss has not improved in the last 11 epochs.
Iteration 1: Test F1 Micro Score: 0.30572916666666666
Iteration 1: Test F1 Macro Score: 0.1273492292727055
Model checkpoint saved to C:\Users\localuserSKSG\Desktop\Shubham\RandomSampling/Multiclass/DinoS/seed_47/model_checkpoint_iteration_0.pt

Iteration 2: Requesting 16 samples.
Re-initializing module.
Re-initializing criterion.
Re-initializing optimizer.
  epoch    train_f1    train_loss    valid_acc    valid_f1    valid_loss    cp      lr      dur
-------  ----------  ------------  -----------  ----------  ------------  ----  ------  -------
      1      [36m0.2917[0m        [32m1.9451[0m       [35m0.5012[0m      [31m0.5012[0m        [94m1.9068[0m     +  0.0000  10.9618
      2      [36m0.4583[0m        [32m1.7051[0m       0.4477      0.4477        [94m1.7631[0m     +  0.0000  10.9289
      3      0.4583        [32m1.6491[0m       0.4675      0.4675        [94m1.7364[0m     +  0.0000  11.0408
      4      [36m0.5417[0m        [32m1.6173[0m       0.4385      0.4385        [94m1.7025[0m     +  0.0000  10.9095
      5      [36m0.5833[0m        [32m1.4654[0m       0.4146      0.4146        [94m1.6902[0m     +  0.0000  10.9629
      6      [36m0.7500[0m        [32m1.4291[0m       0.4050      0.4050        [94m1.6804[0m     +  0.0000  10.8686
      7      [36m0.7917[0m        [32m1.3105[0m       0.4167      0.4167        [94m1.6769[0m     +  0.0000  10.9198
      8      0.7917        1.3196       0.4023      0.4023        [94m1.6739[0m     +  0.0000  11.0728
      9      0.6667        1.3952       0.4009      0.4009        [94m1.6698[0m     +  0.0000  10.9725
     10      0.7083        1.3907       0.4179      0.4179        [94m1.6650[0m     +  0.0000  10.7827
     11      [36m0.8333[0m        [32m1.2944[0m       0.4130      0.4130        [94m1.6644[0m     +  0.0000  11.1055
     12      [36m0.8750[0m        [32m1.2355[0m       0.4174      0.4174        [94m1.6628[0m     +  0.0000  11.0295
     13      0.8333        1.2870       0.4155      0.4155        1.6630        0.0000  11.0027
     14      0.8750        1.2802       0.4165      0.4165        [94m1.6615[0m     +  0.0000  11.0278
     15      0.8333        1.2915       0.4153      0.4153        [94m1.6608[0m     +  0.0000  10.8122
     16      0.7083        1.3235       0.4156      0.4156        1.6609        0.0000  10.9452
     17      0.7500        1.3189       0.4160      0.4160        1.6609        0.0000  10.9837
     18      0.7500        1.3501       0.4167      0.4167        [94m1.6607[0m     +  0.0000  10.8995
     19      0.6667        1.3222       0.4172      0.4172        [94m1.6606[0m     +  0.0000  10.9921
     20      0.8750        1.2935       0.4170      0.4170        [94m1.6605[0m     +  0.0000  10.8704
     21      0.7083        1.2893       0.4167      0.4167        [94m1.6605[0m     +  0.0000  10.9123
     22      0.8750        1.3395       0.4168      0.4168        [94m1.6605[0m     +  0.0000  10.9096
     23      0.6667        1.3312       0.4172      0.4172        [94m1.6604[0m     +  0.0000  11.0153
     24      0.8333        1.3537       0.4170      0.4170        1.6604        0.0000  10.9209
     25      0.6667        1.3207       0.4170      0.4170        [94m1.6604[0m     +  0.0000  11.0102
     26      0.8333        1.3113       0.4170      0.4170        [94m1.6604[0m     +  0.0000  10.9782
     27      0.7500        1.3176       0.4170      0.4170        [94m1.6604[0m     +  0.0000  10.9759
     28      0.7917        1.3458       0.4170      0.4170        [94m1.6604[0m     +  0.0000  11.0313
     29      0.8333        1.2704       0.4170      0.4170        [94m1.6604[0m     +  0.0000  10.7994
     30      0.7500        1.3669       0.4170      0.4170        [94m1.6604[0m     +  0.0000  10.8270
     31      0.7917        1.2833       0.4170      0.4170        [94m1.6604[0m     +  0.0000  10.8917
     32      0.8333        1.2781       0.4170      0.4170        [94m1.6604[0m     +  0.0000  10.9512
Stopping since valid_loss has not improved in the last 11 epochs.
Iteration 2: Test F1 Micro Score: 0.5199652777777778
Iteration 2: Test F1 Macro Score: 0.1580894310478417
Model checkpoint saved to C:\Users\localuserSKSG\Desktop\Shubham\RandomSampling/Multiclass/DinoS/seed_47/model_checkpoint_iteration_1.pt

Iteration 3: Requesting 32 samples.
Re-initializing module.
Re-initializing criterion.
Re-initializing optimizer.
  epoch    train_f1    train_loss    valid_acc    valid_f1    valid_loss    cp      lr      dur
-------  ----------  ------------  -----------  ----------  ------------  ----  ------  -------
      1      [36m0.6250[0m        [32m1.5983[0m       [35m0.4479[0m      [31m0.4479[0m        [94m1.5930[0m     +  0.0000  11.3443
      2      0.5714        [32m1.5116[0m       [35m0.4649[0m      [31m0.4649[0m        [94m1.4845[0m     +  0.0000  11.0723
      3      [36m0.6429[0m        [32m1.3486[0m       [35m0.4682[0m      [31m0.4682[0m        [94m1.4396[0m     +  0.0000  11.0647
      4      [36m0.7321[0m        [32m1.2217[0m       [35m0.5002[0m      [31m0.5002[0m        [94m1.3940[0m     +  0.0000  11.1540
      5      0.6786        [32m1.2032[0m       0.4658      0.4658        1.4009        0.0000  11.0601
      6      0.6607        [32m1.1380[0m       0.4970      0.4970        [94m1.3644[0m     +  0.0000  10.9943
      7      [36m0.7679[0m        [32m1.0624[0m       [35m0.5073[0m      [31m0.5073[0m        [94m1.3607[0m     +  0.0000  10.9973
      8      [36m0.7857[0m        [32m1.0345[0m       [35m0.5116[0m      [31m0.5116[0m        1.3607        0.0000  11.0950
      9      [36m0.8393[0m        [32m1.0201[0m       0.5113      0.5113        [94m1.3571[0m     +  0.0000  11.0610
     10      0.8393        [32m1.0017[0m       [35m0.5168[0m      [31m0.5168[0m        [94m1.3563[0m     +  0.0000  10.9847
     11      [36m0.8750[0m        1.0089       [35m0.5172[0m      [31m0.5172[0m        [94m1.3558[0m     +  0.0000  11.1271
     12      0.8393        [32m0.9882[0m       [35m0.5181[0m      [31m0.5181[0m        [94m1.3546[0m     +  0.0000  11.1639
     13      0.8750        [32m0.9682[0m       0.5170      0.5170        [94m1.3543[0m     +  0.0000  11.0102
     14      0.8393        0.9922       0.5175      0.5175        [94m1.3541[0m     +  0.0000  10.9899
     15      0.8393        0.9820       0.5170      0.5170        1.3543        0.0000  10.9220
     16      0.8393        0.9893       [35m0.5186[0m      [31m0.5186[0m        [94m1.3541[0m     +  0.0000  11.0227
     17      0.8571        1.0002       [35m0.5193[0m      [31m0.5193[0m        [94m1.3538[0m     +  0.0000  11.0395
     18      0.8750        1.0039       [35m0.5196[0m      [31m0.5196[0m        1.3540        0.0000  10.9489
     19      0.8750        0.9837       0.5196      0.5196        [94m1.3537[0m     +  0.0000  10.9842
     20      0.8571        0.9712       0.5194      0.5194        [94m1.3536[0m     +  0.0000  11.0063
     21      0.8036        [32m0.9627[0m       0.5194      0.5194        [94m1.3535[0m     +  0.0000  10.9940
     22      0.8214        0.9931       0.5194      0.5194        1.3536        0.0000  11.0321
     23      0.8750        1.0105       0.5194      0.5194        1.3536        0.0000  11.1154
     24      0.8571        0.9930       0.5194      0.5194        1.3535        0.0000  10.9872
     25      0.8571        0.9724       0.5194      0.5194        [94m1.3535[0m     +  0.0000  11.1391
     26      0.8571        0.9716       0.5194      0.5194        1.3535        0.0000  11.0187
     27      0.8036        0.9843       0.5194      0.5194        [94m1.3535[0m     +  0.0000  11.0828
     28      0.7321        1.0018       0.5194      0.5194        1.3535        0.0000  11.0395
     29      0.8214        0.9950       0.5194      0.5194        1.3535        0.0000  11.0140
     30      0.8571        1.0008       0.5194      0.5194        [94m1.3535[0m     +  0.0000  11.2366
     31      0.8571        1.0074       0.5194      0.5194        [94m1.3535[0m     +  0.0000  11.0169
     32      0.8571        [32m0.9611[0m       0.5194      0.5194        1.3535        0.0000  11.1245
     33      0.8571        0.9972       0.5194      0.5194        [94m1.3535[0m     +  0.0000  10.9556
     34      0.8036        0.9828       0.5194      0.5194        1.3535        0.0000  11.0716
     35      0.8393        0.9905       0.5194      0.5194        [94m1.3535[0m     +  0.0000  11.0903
Stopping since valid_loss has not improved in the last 11 epochs.
Iteration 3: Test F1 Micro Score: 0.5838541666666667
Iteration 3: Test F1 Macro Score: 0.19697796832978376
Model checkpoint saved to C:\Users\localuserSKSG\Desktop\Shubham\RandomSampling/Multiclass/DinoS/seed_47/model_checkpoint_iteration_2.pt

Iteration 4: Requesting 56 samples.
Re-initializing module.
Re-initializing criterion.
Re-initializing optimizer.
  epoch    train_f1    train_loss    valid_acc    valid_f1    valid_loss    cp      lr      dur
-------  ----------  ------------  -----------  ----------  ------------  ----  ------  -------
      1      [36m0.5982[0m        [32m1.2956[0m       [35m0.5965[0m      [31m0.5965[0m        [94m1.2855[0m     +  0.0000  11.2999
      2      [36m0.7500[0m        [32m1.1020[0m       [35m0.6280[0m      [31m0.6280[0m        [94m1.2015[0m     +  0.0000  11.4139
      3      [36m0.8125[0m        [32m0.9884[0m       [35m0.6443[0m      [31m0.6443[0m        [94m1.1526[0m     +  0.0000  11.3523
      4      [36m0.8571[0m        [32m0.9113[0m       0.6302      0.6302        [94m1.1408[0m     +  0.0000  11.3217
      5      0.8482        [32m0.8549[0m       0.6321      0.6321        [94m1.1267[0m     +  0.0000  11.2510
      6      [36m0.8929[0m        [32m0.8053[0m       0.6259      0.6259        1.1360        0.0000  11.2452
      7      0.8839        0.8067       0.6189      0.6189        1.1407        0.0000  11.3280
      8      [36m0.9107[0m        [32m0.7778[0m       0.6233      0.6233        1.1366        0.0000  11.2492
      9      0.8839        [32m0.7606[0m       0.6179      0.6179        1.1444        0.0000  11.3438
     10      0.8929        0.7873       0.6241      0.6241        1.1356        0.0000  11.2500
     11      0.9107        0.7673       0.6217      0.6217        1.1374        0.0000  11.3469
     12      [36m0.9286[0m        0.7879       0.6208      0.6208        1.1380        0.0000  11.4096
     13      0.9107        [32m0.7570[0m       0.6220      0.6220        1.1365        0.0000  11.4176
     14      0.9107        [32m0.7490[0m       0.6224      0.6224        1.1356        0.0000  11.3144
     15      [36m0.9375[0m        0.7731       0.6220      0.6220        1.1367        0.0000  11.3551
Stopping since valid_loss has not improved in the last 11 epochs.
Iteration 4: Test F1 Micro Score: 0.6895833333333333
Iteration 4: Test F1 Macro Score: 0.28086235700340473
Model checkpoint saved to C:\Users\localuserSKSG\Desktop\Shubham\RandomSampling/Multiclass/DinoS/seed_47/model_checkpoint_iteration_3.pt

Iteration 5: Requesting 96 samples.
Re-initializing module.
Re-initializing criterion.
Re-initializing optimizer.
  epoch    train_f1    train_loss    valid_acc    valid_f1    valid_loss    cp      lr      dur
-------  ----------  ------------  -----------  ----------  ------------  ----  ------  -------
      1      [36m0.7500[0m        [32m1.0337[0m       [35m0.6587[0m      [31m0.6587[0m        [94m1.0338[0m     +  0.0000  11.8745
      2      [36m0.8606[0m        [32m0.8424[0m       [35m0.6738[0m      [31m0.6738[0m        [94m0.9926[0m     +  0.0000  11.7859
      3      [36m0.8702[0m        [32m0.7585[0m       [35m0.6781[0m      [31m0.6781[0m        [94m0.9736[0m     +  0.0000  11.8204
      4      [36m0.9087[0m        [32m0.7236[0m       0.6734      0.6734        [94m0.9620[0m     +  0.0000  11.9220
      5      [36m0.9375[0m        [32m0.6788[0m       0.6750      0.6750        0.9627        0.0000  11.7725
      6      0.9087        [32m0.6308[0m       0.6740      0.6740        0.9634        0.0000  11.8969
      7      [36m0.9423[0m        [32m0.6147[0m       0.6694      0.6694        0.9673        0.0000  11.7976
      8      [36m0.9519[0m        [32m0.6083[0m       0.6668      0.6668        0.9707        0.0000  11.8583
      9      0.9471        [32m0.6061[0m       0.6687      0.6687        0.9671        0.0000  11.7515
     10      [36m0.9567[0m        [32m0.5843[0m       0.6675      0.6675        0.9691        0.0000  11.7488
     11      0.9567        [32m0.5744[0m       0.6687      0.6687        0.9690        0.0000  11.8066
     12      0.9567        0.5835       0.6682      0.6682        0.9691        0.0000  11.7243
     13      0.9519        [32m0.5691[0m       0.6689      0.6689        0.9690        0.0000  11.8436
     14      [36m0.9615[0m        0.5926       0.6696      0.6696        0.9674        0.0000  11.7590
Stopping since valid_loss has not improved in the last 11 epochs.
Iteration 5: Test F1 Micro Score: 0.7256944444444444
Iteration 5: Test F1 Macro Score: 0.3018506892484863
Model checkpoint saved to C:\Users\localuserSKSG\Desktop\Shubham\RandomSampling/Multiclass/DinoS/seed_47/model_checkpoint_iteration_4.pt

Iteration 6: Requesting 176 samples.
Re-initializing module.
Re-initializing criterion.
Re-initializing optimizer.
  epoch    train_f1    train_loss    valid_acc    valid_f1    valid_loss    cp      lr      dur
-------  ----------  ------------  -----------  ----------  ------------  ----  ------  -------
      1      [36m0.7943[0m        [32m0.8546[0m       [35m0.6780[0m      [31m0.6780[0m        [94m0.9432[0m     +  0.0000  12.7519
      2      [36m0.8594[0m        [32m0.7272[0m       [35m0.7099[0m      [31m0.7099[0m        [94m0.8667[0m     +  0.0000  12.7028
      3      [36m0.8958[0m        [32m0.6570[0m       0.7043      0.7043        0.8827        0.0000  12.6306
      4      [36m0.9245[0m        [32m0.5980[0m       0.7094      0.7094        [94m0.8659[0m     +  0.0000  12.6067
      5      [36m0.9297[0m        [32m0.5525[0m       [35m0.7316[0m      [31m0.7316[0m        [94m0.8525[0m     +  0.0000  12.5439
      6      [36m0.9557[0m        [32m0.5159[0m       [35m0.7372[0m      [31m0.7372[0m        [94m0.8329[0m     +  0.0000  12.5902
      7      [36m0.9661[0m        [32m0.4988[0m       0.7366      0.7366        0.8344        0.0000  12.6860
      8      0.9635        [32m0.4813[0m       [35m0.7417[0m      [31m0.7417[0m        [94m0.8314[0m     +  0.0000  12.6681
      9      [36m0.9740[0m        [32m0.4774[0m       0.7405      0.7405        [94m0.8308[0m     +  0.0000  12.5899
     10      0.9583        [32m0.4724[0m       0.7410      0.7410        [94m0.8298[0m     +  0.0000  12.5750
     11      0.9688        [32m0.4681[0m       0.7389      0.7389        0.8313        0.0000  12.5417
     12      0.9661        0.4687       0.7391      0.7391        0.8315        0.0000  12.6535
     13      0.9635        [32m0.4602[0m       0.7392      0.7392        0.8306        0.0000  12.6519
     14      0.9661        0.4685       0.7396      0.7396        0.8319        0.0000  12.6066
     15      0.9583        [32m0.4588[0m       0.7415      0.7415        [94m0.8287[0m     +  0.0000  12.4571
     16      0.9714        0.4664       0.7411      0.7411        0.8294        0.0000  12.6676
     17      0.9661        [32m0.4447[0m       0.7403      0.7403        0.8300        0.0000  12.7008
     18      0.9688        0.4514       0.7406      0.7406        0.8304        0.0000  12.7030
     19      0.9714        0.4497       0.7401      0.7401        0.8306        0.0000  12.8399
     20      0.9714        [32m0.4400[0m       0.7403      0.7403        0.8303        0.0000  12.6536
     21      0.9714        0.4463       0.7401      0.7401        0.8306        0.0000  12.5281
     22      0.9714        0.4480       0.7398      0.7398        0.8308        0.0000  12.6680
     23      0.9661        0.4512       0.7394      0.7394        0.8309        0.0000  12.4669
     24      0.9688        0.4445       0.7392      0.7392        0.8310        0.0000  12.6540
     25      0.9740        [32m0.4340[0m       0.7394      0.7394        0.8310        0.0000  12.6851
Stopping since valid_loss has not improved in the last 11 epochs.
Iteration 6: Test F1 Micro Score: 0.7496527777777777
Iteration 6: Test F1 Macro Score: 0.31442956243828085
Model checkpoint saved to C:\Users\localuserSKSG\Desktop\Shubham\RandomSampling/Multiclass/DinoS/seed_47/model_checkpoint_iteration_5.pt

Iteration 7: Requesting 320 samples.
Re-initializing module.
Re-initializing criterion.
Re-initializing optimizer.
  epoch    train_f1    train_loss    valid_acc    valid_f1    valid_loss    cp      lr      dur
-------  ----------  ------------  -----------  ----------  ------------  ----  ------  -------
      1      [36m0.8807[0m        [32m0.6198[0m       [35m0.6894[0m      [31m0.6894[0m        [94m0.9092[0m     +  0.0000  14.1694
      2      [36m0.9290[0m        [32m0.4998[0m       [35m0.7257[0m      [31m0.7257[0m        [94m0.8334[0m     +  0.0000  14.2172
      3      [36m0.9432[0m        [32m0.4408[0m       [35m0.7377[0m      [31m0.7377[0m        [94m0.7979[0m     +  0.0000  14.0434
      4      [36m0.9588[0m        [32m0.3965[0m       [35m0.7431[0m      [31m0.7431[0m        [94m0.7770[0m     +  0.0000  14.2325
      5      [36m0.9631[0m        [32m0.3673[0m       [35m0.7500[0m      [31m0.7500[0m        [94m0.7695[0m     +  0.0000  14.1100
      6      [36m0.9844[0m        [32m0.3234[0m       [35m0.7675[0m      [31m0.7675[0m        [94m0.7579[0m     +  0.0000  14.2319
      7      0.9801        [32m0.3228[0m       0.7648      0.7648        [94m0.7552[0m     +  0.0000  14.2481
      8      0.9844        [32m0.3051[0m       0.7641      0.7641        0.7595        0.0000  14.0623
      9      [36m0.9858[0m        [32m0.3049[0m       [35m0.7753[0m      [31m0.7753[0m        [94m0.7466[0m     +  0.0000  14.1542
     10      0.9858        [32m0.2971[0m       0.7686      0.7686        0.7605        0.0000  14.2638
     11      [36m0.9886[0m        0.2990       0.7748      0.7748        0.7505        0.0000  14.2630
     12      0.9872        [32m0.2902[0m       [35m0.7773[0m      [31m0.7773[0m        [94m0.7455[0m     +  0.0000  14.2958
     13      [36m0.9915[0m        [32m0.2896[0m       [35m0.7790[0m      [31m0.7790[0m        [94m0.7409[0m     +  0.0000  14.1525
     14      [36m0.9929[0m        0.2941       0.7780      0.7780        0.7432        0.0000  14.1707
     15      0.9886        [32m0.2821[0m       0.7767      0.7767        0.7435        0.0000  14.2642
     16      0.9915        0.2845       [35m0.7792[0m      [31m0.7792[0m        [94m0.7408[0m     +  0.0000  14.1372
     17      [36m0.9943[0m        0.2821       [35m0.7795[0m      [31m0.7795[0m        [94m0.7405[0m     +  0.0000  14.2316
     18      0.9929        [32m0.2742[0m       [35m0.7800[0m      [31m0.7800[0m        [94m0.7396[0m     +  0.0000  14.2002
     19      0.9929        0.2898       0.7799      0.7799        0.7397        0.0000  14.1379
     20      0.9901        0.2855       0.7800      0.7800        [94m0.7391[0m     +  0.0000  14.1708
     21      0.9915        0.2812       [35m0.7804[0m      [31m0.7804[0m        0.7392        0.0000  14.2404
     22      0.9901        0.2847       0.7800      0.7800        [94m0.7386[0m     +  0.0000  14.3578
     23      0.9929        0.2849       0.7800      0.7800        0.7390        0.0000  14.3283
     24      0.9901        0.2818       0.7799      0.7799        0.7390        0.0000  14.3591
     25      0.9915        0.2795       0.7802      0.7802        0.7387        0.0000  14.1528
     26      0.9901        0.2891       0.7802      0.7802        0.7388        0.0000  14.2919
     27      0.9929        0.2950       0.7804      0.7804        0.7387        0.0000  14.1688
     28      0.9886        0.2807       0.7804      0.7804        [94m0.7386[0m     +  0.0000  14.3083
     29      0.9915        0.2857       0.7802      0.7802        0.7386        0.0000  14.2778
     30      0.9943        [32m0.2741[0m       0.7804      0.7804        [94m0.7385[0m     +  0.0000  14.1382
     31      0.9901        0.2803       0.7804      0.7804        [94m0.7385[0m     +  0.0000  14.2788
     32      0.9886        0.2784       0.7804      0.7804        [94m0.7385[0m     +  0.0000  14.1550
     33      0.9915        0.2798       0.7804      0.7804        0.7385        0.0000  13.9672
     34      0.9915        0.2846       0.7804      0.7804        0.7385        0.0000  14.1869
     35      0.9929        0.2833       0.7804      0.7804        [94m0.7385[0m     +  0.0000  14.2326
     36      0.9915        0.2779       0.7804      0.7804        [94m0.7385[0m     +  0.0000  14.2631
     37      0.9943        [32m0.2724[0m       0.7804      0.7804        [94m0.7385[0m     +  0.0000  14.3714
     38      0.9929        0.2801       0.7804      0.7804        0.7385        0.0000  14.2022
     39      0.9915        0.2761       0.7804      0.7804        [94m0.7385[0m     +  0.0000  14.1536
     40      0.9915        0.2828       0.7804      0.7804        [94m0.7385[0m     +  0.0000  14.2357
Stopping since valid_loss has not improved in the last 11 epochs.
Iteration 7: Test F1 Micro Score: 0.7817708333333333
Iteration 7: Test F1 Macro Score: 0.4029919568833116
Model checkpoint saved to C:\Users\localuserSKSG\Desktop\Shubham\RandomSampling/Multiclass/DinoS/seed_47/model_checkpoint_iteration_6.pt

Iteration 8: Requesting 560 samples.
Re-initializing module.
Re-initializing criterion.
Re-initializing optimizer.
  epoch    train_f1    train_loss    valid_acc    valid_f1    valid_loss    cp      lr      dur
-------  ----------  ------------  -----------  ----------  ------------  ----  ------  -------
      1      [36m0.9233[0m        [32m0.4219[0m       [35m0.7613[0m      [31m0.7613[0m        [94m0.7679[0m     +  0.0000  16.8017
      2      [36m0.9549[0m        [32m0.3502[0m       0.7547      0.7547        [94m0.7547[0m     +  0.0000  16.9085
      3      [36m0.9676[0m        [32m0.3012[0m       [35m0.7701[0m      [31m0.7701[0m        [94m0.7279[0m     +  0.0000  16.9569
      4      [36m0.9707[0m        [32m0.2811[0m       [35m0.7741[0m      [31m0.7741[0m        0.7389        0.0000  16.9536
      5      [36m0.9755[0m        [32m0.2615[0m       0.7731      0.7731        0.7319        0.0000  16.8476
      6      [36m0.9834[0m        [32m0.2358[0m       [35m0.7877[0m      [31m0.7877[0m        [94m0.6893[0m     +  0.0000  16.8224
      7      [36m0.9873[0m        [32m0.2199[0m       [35m0.7885[0m      [31m0.7885[0m        0.6901        0.0000  16.9380
      8      0.9866        [32m0.2186[0m       0.7882      0.7882        0.6905        0.0000  16.9722
      9      [36m0.9905[0m        [32m0.2094[0m       [35m0.7896[0m      [31m0.7896[0m        [94m0.6859[0m     +  0.0000  16.7816
     10      0.9905        [32m0.2051[0m       [35m0.7898[0m      [31m0.7898[0m        [94m0.6821[0m     +  0.0000  17.1409
     11      0.9897        0.2061       [35m0.7941[0m      [31m0.7941[0m        0.6908        0.0000  17.1109
     12      [36m0.9929[0m        [32m0.1953[0m       0.7927      0.7927        0.6957        0.0000  17.0017
     13      [36m0.9937[0m        [32m0.1925[0m       0.7910      0.7910        0.7033        0.0000  16.7356
     14      0.9921        0.1929       0.7917      0.7917        0.6982        0.0000  16.8143
     15      0.9921        0.1929       0.7939      0.7939        0.6974        0.0000  17.0474
     16      0.9929        [32m0.1887[0m       0.7937      0.7937        0.6981        0.0000  17.1098
     17      0.9921        0.1920       0.7922      0.7922        0.7006        0.0000  16.8298
     18      0.9929        0.1937       0.7917      0.7917        0.7019        0.0000  16.8144
     19      0.9913        0.1914       0.7915      0.7915        0.7017        0.0000  16.9380
     20      0.9937        [32m0.1882[0m       0.7913      0.7913        0.7011        0.0000  17.1867
Stopping since valid_loss has not improved in the last 11 epochs.
Iteration 8: Test F1 Micro Score: 0.8121527777777777
Iteration 8: Test F1 Macro Score: 0.46223188071743104
Model checkpoint saved to C:\Users\localuserSKSG\Desktop\Shubham\RandomSampling/Multiclass/DinoS/seed_47/model_checkpoint_iteration_7.pt

Iteration 9: Requesting 1000 samples.
Re-initializing module.
Re-initializing criterion.
Re-initializing optimizer.
  epoch    train_f1    train_loss    valid_acc    valid_f1    valid_loss    cp      lr      dur
-------  ----------  ------------  -----------  ----------  ------------  ----  ------  -------
      1      [36m0.9408[0m        [32m0.3259[0m       [35m0.8000[0m      [31m0.8000[0m        [94m0.6142[0m     +  0.0000  21.7251
      2      [36m0.9629[0m        [32m0.2613[0m       0.7974      0.7974        0.6575        0.0000  21.7878
      3      [36m0.9669[0m        [32m0.2374[0m       [35m0.8106[0m      [31m0.8106[0m        [94m0.6106[0m     +  0.0000  21.7721
      4      [36m0.9739[0m        [32m0.2065[0m       0.7943      0.7943        0.6520        0.0000  21.8357
      5      [36m0.9744[0m        [32m0.1940[0m       0.7918      0.7918        0.6444        0.0000  21.7260
      6      [36m0.9837[0m        [32m0.1680[0m       0.8094      0.8094        [94m0.6033[0m     +  0.0000  21.8260
      7      [36m0.9885[0m        [32m0.1569[0m       0.8083      0.8083        0.6165        0.0000  21.7561
      8      [36m0.9890[0m        [32m0.1499[0m       0.8054      0.8054        0.6291        0.0000  21.7265
      9      [36m0.9907[0m        [32m0.1424[0m       0.8073      0.8073        0.6308        0.0000  21.8984
     10      [36m0.9916[0m        [32m0.1378[0m       0.8036      0.8036        0.6402        0.0000  21.9126
     11      0.9916        [32m0.1375[0m       0.8033      0.8033        0.6364        0.0000  21.6790
     12      0.9907        [32m0.1339[0m       0.8024      0.8024        0.6398        0.0000  21.8318
     13      [36m0.9938[0m        [32m0.1318[0m       0.8049      0.8049        0.6339        0.0000  21.9304
     14      0.9929        0.1319       0.8026      0.8026        0.6365        0.0000  21.8361
     15      0.9934        [32m0.1288[0m       0.8012      0.8012        0.6394        0.0000  21.8001
     16      0.9929        [32m0.1281[0m       0.8009      0.8009        0.6395        0.0000  21.9472
Stopping since valid_loss has not improved in the last 11 epochs.
Iteration 9: Test F1 Micro Score: 0.8246527777777778
Iteration 9: Test F1 Macro Score: 0.508005993213488
Model checkpoint saved to C:\Users\localuserSKSG\Desktop\Shubham\RandomSampling/Multiclass/DinoS/seed_47/model_checkpoint_iteration_8.pt

Iteration 10: Requesting 1776 samples.
Re-initializing module.
Re-initializing criterion.
Re-initializing optimizer.
  epoch    train_f1    train_loss    valid_acc    valid_f1    valid_loss    cp      lr      dur
-------  ----------  ------------  -----------  ----------  ------------  ----  ------  -------
      1      [36m0.9594[0m        [32m0.2323[0m       [35m0.8111[0m      [31m0.8111[0m        [94m0.5844[0m     +  0.0000  30.2497
      2      [36m0.9696[0m        [32m0.1908[0m       [35m0.8115[0m      [31m0.8115[0m        0.5882        0.0000  30.4064
      3      [36m0.9743[0m        [32m0.1685[0m       0.7970      0.7970        0.6347        0.0000  30.4529
      4      [36m0.9775[0m        [32m0.1549[0m       0.8071      0.8071        0.5877        0.0000  30.4981
      5      [36m0.9800[0m        [32m0.1357[0m       0.8101      0.8101        0.6281        0.0000  30.5132
      6      [36m0.9871[0m        [32m0.1119[0m       0.8108      0.8108        0.6410        0.0000  30.4821
      7      [36m0.9908[0m        [32m0.1005[0m       0.8092      0.8092        0.6469        0.0000  30.5072
      8      [36m0.9931[0m        [32m0.0955[0m       0.8049      0.8049        0.6540        0.0000  30.2522
      9      [36m0.9941[0m        [32m0.0903[0m       0.8050      0.8050        0.6702        0.0000  30.5598
     10      [36m0.9946[0m        [32m0.0868[0m       0.8076      0.8076        0.6789        0.0000  30.4827
     11      [36m0.9960[0m        [32m0.0793[0m       0.8073      0.8073        0.6708        0.0000  30.6397
Stopping since valid_loss has not improved in the last 11 epochs.
Iteration 10: Test F1 Micro Score: 0.8354166666666667
Iteration 10: Test F1 Macro Score: 0.5334278043562544
Model checkpoint saved to C:\Users\localuserSKSG\Desktop\Shubham\RandomSampling/Multiclass/DinoS/seed_47/model_checkpoint_iteration_9.pt

Iteration 11: Requesting 3160 samples.
Re-initializing module.
Re-initializing criterion.
Re-initializing optimizer.
  epoch    train_f1    train_loss    valid_acc    valid_f1    valid_loss    cp      lr      dur
-------  ----------  ------------  -----------  ----------  ------------  ----  ------  -------
      1      [36m0.9558[0m        [32m0.2290[0m       [35m0.7799[0m      [31m0.7799[0m        [94m0.7094[0m     +  0.0000  45.7944
      2      [36m0.9639[0m        [32m0.1922[0m       [35m0.8035[0m      [31m0.8035[0m        [94m0.6333[0m     +  0.0000  45.9842
      3      [36m0.9692[0m        [32m0.1677[0m       0.8002      0.8002        0.6957        0.0000  46.2071
      4      [36m0.9733[0m        [32m0.1434[0m       [35m0.8113[0m      [31m0.8113[0m        0.6727        0.0000  46.0455
      5      [36m0.9757[0m        [32m0.1325[0m       [35m0.8137[0m      [31m0.8137[0m        0.6587        0.0000  46.1877
      6      [36m0.9840[0m        [32m0.1038[0m       0.8120      0.8120        0.6467        0.0000  46.1820
      7      [36m0.9876[0m        [32m0.0908[0m       0.8109      0.8109        0.6518        0.0000  46.1579
      8      [36m0.9904[0m        [32m0.0847[0m       0.8061      0.8061        0.6638        0.0000  46.1726
      9      [36m0.9914[0m        [32m0.0780[0m       [35m0.8148[0m      [31m0.8148[0m        0.6736        0.0000  46.2032
     10      [36m0.9935[0m        [32m0.0729[0m       0.8002      0.8002        0.6891        0.0000  46.2613
     11      [36m0.9950[0m        [32m0.0679[0m       0.8120      0.8120        0.6664        0.0000  46.4040
     12      [36m0.9953[0m        [32m0.0658[0m       0.8115      0.8115        0.6688        0.0000  45.9253
Stopping since valid_loss has not improved in the last 11 epochs.
Iteration 11: Test F1 Micro Score: 0.84375
Iteration 11: Test F1 Macro Score: 0.5570183405325437
Model checkpoint saved to C:\Users\localuserSKSG\Desktop\Shubham\RandomSampling/Multiclass/DinoS/seed_47/model_checkpoint_iteration_10.pt

Iteration 12: Requesting 5624 samples.
Re-initializing module.
Re-initializing criterion.
Re-initializing optimizer.
  epoch    train_f1    train_loss    valid_acc    valid_f1    valid_loss    cp      lr      dur
-------  ----------  ------------  -----------  ----------  ------------  ----  ------  -------
      1      [36m0.9595[0m        [32m0.1887[0m       [35m0.8181[0m      [31m0.8181[0m        [94m0.5853[0m     +  0.0000  73.3679
      2      [36m0.9663[0m        [32m0.1571[0m       0.8023      0.8023        0.6055        0.0000  73.9966
      3      [36m0.9694[0m        [32m0.1368[0m       0.8177      0.8177        0.6175        0.0000  73.8179
      4      [36m0.9743[0m        [32m0.1201[0m       [35m0.8205[0m      [31m0.8205[0m        0.6122        0.0000  73.9002
      5      [36m0.9767[0m        [32m0.1052[0m       0.7911      0.7911        0.8207        0.0000  73.9758
      6      [36m0.9836[0m        [32m0.0799[0m       0.8082      0.8082        0.6999        0.0000  73.8660
      7      [36m0.9873[0m        [32m0.0708[0m       0.8111      0.8111        0.7262        0.0000  74.0648
      8      [36m0.9899[0m        [32m0.0634[0m       0.7998      0.7998        0.7837        0.0000  73.9420
      9      [36m0.9910[0m        [32m0.0576[0m       0.8170      0.8170        0.7479        0.0000  73.8330
     10      [36m0.9931[0m        [32m0.0531[0m       0.8168      0.8168        0.7684        0.0000  73.8668
     11      [36m0.9951[0m        [32m0.0468[0m       [35m0.8224[0m      [31m0.8224[0m        0.7408        0.0000  73.9492
Stopping since valid_loss has not improved in the last 11 epochs.
Iteration 12: Test F1 Micro Score: 0.8397569444444445
Iteration 12: Test F1 Macro Score: 0.5802162740065129
Model checkpoint saved to C:\Users\localuserSKSG\Desktop\Shubham\RandomSampling/Multiclass/DinoS/seed_47/model_checkpoint_iteration_11.pt

Iteration 13: Requesting 10000 samples.
Re-initializing module.
Re-initializing criterion.
Re-initializing optimizer.
  epoch    train_f1    train_loss    valid_acc    valid_f1    valid_loss    cp      lr       dur
-------  ----------  ------------  -----------  ----------  ------------  ----  ------  --------
      1      [36m0.9607[0m        [32m0.1715[0m       [35m0.8127[0m      [31m0.8127[0m        [94m0.5567[0m     +  0.0000  122.3630
      2      [36m0.9653[0m        [32m0.1452[0m       [35m0.8194[0m      [31m0.8194[0m        0.6205        0.0000  123.4316
      3      [36m0.9696[0m        [32m0.1229[0m       0.8125      0.8125        0.6231        0.0000  123.7336
      4      [36m0.9728[0m        [32m0.1092[0m       [35m0.8210[0m      [31m0.8210[0m        0.5744        0.0000  123.9313
      5      [36m0.9769[0m        [32m0.0919[0m       0.8104      0.8104        0.7207        0.0000  123.8878
      6      [36m0.9820[0m        [32m0.0735[0m       0.8196      0.8196        0.6965        0.0000  123.7287
      7      [36m0.9865[0m        [32m0.0613[0m       0.8144      0.8144        0.7414        0.0000  123.6793
      8      [36m0.9892[0m        [32m0.0536[0m       0.8118      0.8118        0.7796        0.0000  123.9407
      9      [36m0.9913[0m        [32m0.0473[0m       0.8064      0.8064        0.8263        0.0000  123.6610
     10      [36m0.9936[0m        [32m0.0407[0m       0.8059      0.8059        0.8479        0.0000  123.8504
     11      [36m0.9948[0m        [32m0.0354[0m       0.8196      0.8196        0.7955        0.0000  123.5337
Stopping since valid_loss has not improved in the last 11 epochs.
Iteration 13: Test F1 Micro Score: 0.8423611111111111
Iteration 13: Test F1 Macro Score: 0.5656255558458894
Model checkpoint saved to C:\Users\localuserSKSG\Desktop\Shubham\RandomSampling/Multiclass/DinoS/seed_47/model_checkpoint_iteration_12.pt

Iteration 14: Requesting all remaining samples.
Re-initializing module.
Re-initializing criterion.
Re-initializing optimizer.
  epoch    train_f1    train_loss    valid_acc    valid_f1    valid_loss    cp      lr       dur
-------  ----------  ------------  -----------  ----------  ------------  ----  ------  --------
      1      [36m0.9644[0m        [32m0.1489[0m       [35m0.8220[0m      [31m0.8220[0m        [94m0.6045[0m     +  0.0000  143.3245
      2      [36m0.9681[0m        [32m0.1282[0m       0.8203      0.8203        0.6576        0.0000  143.8573
      3      [36m0.9719[0m        [32m0.1115[0m       0.8134      0.8134        0.6695        0.0000  143.5124
      4      [36m0.9753[0m        [32m0.0940[0m       0.7946      0.7946        0.7586        0.0000  143.3422
      5      [36m0.9774[0m        [32m0.0842[0m       0.8142      0.8142        0.7021        0.0000  143.7766
      6      [36m0.9839[0m        [32m0.0640[0m       [35m0.8224[0m      [31m0.8224[0m        0.7143        0.0000  143.5606
      7      [36m0.9889[0m        [32m0.0515[0m       [35m0.8253[0m      [31m0.8253[0m        0.7112        0.0000  143.9817
      8      [36m0.9909[0m        [32m0.0449[0m       [35m0.8255[0m      [31m0.8255[0m        0.7247        0.0000  143.8387
      9      [36m0.9930[0m        [32m0.0379[0m       [35m0.8280[0m      [31m0.8280[0m        0.7535        0.0000  143.9046
     10      [36m0.9953[0m        [32m0.0317[0m       [35m0.8300[0m      [31m0.8300[0m        0.7806        0.0000  143.8771
     11      [36m0.9964[0m        [32m0.0278[0m       [35m0.8311[0m      [31m0.8311[0m        0.7774        0.0000  143.8291
Stopping since valid_loss has not improved in the last 11 epochs.
Iteration 14: Test F1 Micro Score: 0.8232638888888889
Iteration 14: Test F1 Macro Score: 0.546918901026532
Model checkpoint saved to C:\Users\localuserSKSG\Desktop\Shubham\RandomSampling/Multiclass/DinoS/seed_47/model_checkpoint_iteration_13.pt
Pickle file saved to C:\Users\localuserSKSG\Desktop\Shubham\RandomSampling/Multiclass/DinoS/seed_47\random_sampling_results_for_multilabel_classification_s47.pickle
