Train set shape: (26880, 5)
Val set shape:   (5760, 5)
Test set shape:  (5760, 5)
Selected images DataFrame (Margin Sampling):
   Iteration                                       Sample_Names
0          1  Spule035_Image0269.jpg,Spule020_Image0191.jpg,...
1          2  Spule004_Image0717.jpg,Spule030_Image0021.jpg,...
2          3  Spule026_Image0886.jpg,Spule032_Image0956.jpg,...
3          4  Spule016_Image0419.jpg,Spule010_Image0252.jpg,...
4          5  Spule027_Image0003.jpg,Spule008_Image0487.jpg,...
  epoch    train_f1    train_loss    valid_acc    valid_f1    valid_loss    cp      lr     dur
-------  ----------  ------------  -----------  ----------  ------------  ----  ------  ------
      1      [36m0.5556[0m        [32m0.7207[0m       [35m0.0003[0m      [31m0.7915[0m        [94m0.7207[0m     +  0.0000  7.9557
      2      0.2222        [32m0.6679[0m       0.0003      0.5263        0.7225        0.0000  7.4868
      3      0.4444        0.6807       [35m0.0495[0m      0.3404        [94m0.7013[0m     +  0.0000  7.4768
      4      0.5111        [32m0.6316[0m       0.0266      0.3296        0.7143        0.0000  7.5187
      5      [36m0.6869[0m        [32m0.6097[0m       [35m0.0611[0m      0.3959        0.7159        0.0000  7.5461
      6      [36m0.7778[0m        0.6111       [35m0.0911[0m      0.4198        0.7036        0.0000  7.5960
      7      [36m0.8381[0m        [32m0.5775[0m       0.0882      0.4179        0.7057        0.0000  7.5259
      8      0.8381        0.5853       0.0894      0.4147        0.7081        0.0000  7.5444
      9      [36m0.8796[0m        0.5809       0.0816      0.4111        0.7117        0.0000  7.5915
     10      0.7407        [32m0.5489[0m       [35m0.0918[0m      0.4155        0.7097        0.0000  7.5961
     11      [36m0.8857[0m        0.5637       [35m0.0948[0m      0.4159        0.7084        0.0000  7.5938
     12      0.5979        0.5869       0.0936      0.4161        0.7100        0.0000  7.6319
     13      0.8024        0.5522       0.0941      0.4163        0.7094        0.0000  7.6804
Stopping since valid_loss has not improved in the last 11 epochs.
Pre-training scores with initial data:
  F1 (macro) = 0.4351
  F1 (micro) = 0.4440
  Accuracy   = 0.1142

Query 1: Using images from iteration=2 (margin sampling).
Re-initializing module.
Re-initializing criterion.
Re-initializing optimizer.
  epoch    train_f1    train_loss    valid_acc    valid_f1    valid_loss    cp      lr     dur
-------  ----------  ------------  -----------  ----------  ------------  ----  ------  ------
      1      [36m0.5829[0m        [32m0.6666[0m       [35m0.3196[0m      [31m0.2369[0m        [94m0.6484[0m     +  0.0000  7.7009
      2      0.4091        [32m0.6430[0m       0.2569      [31m0.4252[0m        0.6567        0.0000  7.7074
      3      [36m0.5866[0m        [32m0.6209[0m       [35m0.4033[0m      0.2522        [94m0.6382[0m     +  0.0000  7.7051
      4      0.5348        [32m0.5962[0m       0.2410      [31m0.5797[0m        0.6579        0.0000  7.7032
      5      [36m0.7749[0m        0.5988       0.3759      0.2793        [94m0.6237[0m     +  0.0000  7.6871
      6      0.7121        [32m0.5747[0m       0.3941      0.3563        0.6240        0.0000  7.6822
      7      0.7278        [32m0.5717[0m       0.3851      0.4376        0.6239        0.0000  7.7203
      8      0.6882        [32m0.5635[0m       0.3852      0.4507        [94m0.6204[0m     +  0.0000  7.7807
      9      0.6699        [32m0.5532[0m       0.3983      0.5103        0.6210        0.0000  7.7123
     10      [36m0.8396[0m        [32m0.5418[0m       0.3878      0.4907        [94m0.6164[0m     +  0.0000  7.7405
     11      [36m0.8492[0m        0.5439       0.3941      0.5133        [94m0.6164[0m     +  0.0000  7.7015
     12      0.8339        [32m0.5346[0m       0.3960      0.5331        0.6164        0.0000  7.7498
     13      0.8293        0.5517       0.3955      0.5412        [94m0.6158[0m     +  0.0000  7.7058
     14      0.8134        0.5377       0.3988      0.5533        [94m0.6150[0m     +  0.0000  7.7571
     15      0.8161        0.5468       0.4033      0.5487        [94m0.6134[0m     +  0.0000  7.6779
     16      0.7842        [32m0.5171[0m       0.4028      0.5468        [94m0.6129[0m     +  0.0000  7.6801
     17      0.8360        0.5387       0.4019      0.5461        [94m0.6124[0m     +  0.0000  7.7180
     18      [36m0.8763[0m        0.5242       0.4014      0.5434        [94m0.6124[0m     +  0.0000  7.7077
     19      0.8533        0.5425       0.4016      0.5434        [94m0.6118[0m     +  0.0000  7.7383
     20      0.7732        0.5428       0.4026      0.5414        [94m0.6112[0m     +  0.0000  7.7412
     21      0.8573        0.5374       0.4021      0.5427        [94m0.6111[0m     +  0.0000  7.7104
     22      0.8216        0.5364       0.4021      0.5427        [94m0.6110[0m     +  0.0000  7.6873
     23      0.8140        0.5184       0.4028      0.5441        [94m0.6109[0m     +  0.0000  7.6907
     24      0.8194        0.5387       0.4033      0.5454        0.6110        0.0000  7.6735
     25      0.7963        0.5306       [35m0.4035[0m      0.5458        [94m0.6108[0m     +  0.0000  7.6863
     26      [36m0.9261[0m        0.5337       [35m0.4036[0m      0.5460        [94m0.6108[0m     +  0.0000  7.7415
     27      0.7981        0.5344       0.4036      0.5464        [94m0.6107[0m     +  0.0000  7.6976
     28      0.8723        0.5225       0.4035      0.5462        [94m0.6106[0m     +  0.0000  7.6834
     29      0.8024        0.5231       [35m0.4038[0m      0.5465        [94m0.6106[0m     +  0.0000  7.6707
     30      0.8212        0.5329       [35m0.4040[0m      0.5471        [94m0.6106[0m     +  0.0000  7.6875
     31      0.8699        0.5376       0.4040      0.5477        0.6106        0.0000  7.6977
     32      0.8577        0.5287       [35m0.4042[0m      0.5475        [94m0.6106[0m     +  0.0000  7.7393
     33      0.9138        [32m0.5132[0m       [35m0.4043[0m      0.5483        [94m0.6105[0m     +  0.0000  7.8831
     34      0.8859        0.5256       0.4042      0.5481        [94m0.6105[0m     +  0.0000  7.9250
     35      0.8711        0.5253       0.4042      0.5482        [94m0.6105[0m     +  0.0000  7.9773
     36      0.8027        0.5344       0.4042      0.5479        [94m0.6105[0m     +  0.0000  7.7087
     37      0.8533        0.5233       0.4042      0.5481        [94m0.6105[0m     +  0.0000  7.8419
     38      0.8140        0.5298       0.4042      0.5479        [94m0.6105[0m     +  0.0000  7.8176
     39      0.8415        0.5215       0.4042      0.5482        [94m0.6105[0m     +  0.0000  7.8319
     40      0.8434        0.5233       0.4043      0.5481        [94m0.6105[0m     +  0.0000  7.8448
     41      0.8234        0.5453       0.4043      0.5481        [94m0.6105[0m     +  0.0000  7.7656
     42      0.8793        [32m0.5105[0m       0.4043      0.5481        [94m0.6105[0m     +  0.0000  7.7375
     43      0.9246        0.5178       0.4043      0.5481        [94m0.6105[0m     +  0.0000  7.7436
     44      0.7787        0.5253       0.4043      0.5481        [94m0.6105[0m     +  0.0000  7.8021
     45      0.8707        0.5222       0.4043      0.5481        [94m0.6105[0m     +  0.0000  7.8081
     46      0.8355        0.5231       0.4043      0.5481        [94m0.6105[0m     +  0.0000  7.7433
     47      0.8565        0.5145       0.4043      0.5481        [94m0.6105[0m     +  0.0000  7.7271
     48      0.8487        0.5348       0.4043      0.5484        [94m0.6105[0m     +  0.0000  7.7091
     49      0.8306        0.5310       0.4043      0.5481        [94m0.6105[0m     +  0.0000  7.7658
     50      0.8235        0.5306       0.4043      0.5481        [94m0.6105[0m     +  0.0000  7.7503
     51      0.8074        0.5293       0.4043      0.5481        [94m0.6105[0m     +  0.0000  7.7454
     52      0.8071        0.5312       0.4043      0.5481        [94m0.6105[0m     +  0.0000  7.6423
     53      0.8467        0.5453       0.4043      0.5481        0.6105        0.0000  7.6581
Stopping since valid_loss has not improved in the last 11 epochs.
Iteration 1 Test Accuracy: 0.4773
Iteration 1 Test F1 Score (micro): 0.5992
Iteration 1 Test F1 Score (macro): 0.5996
Model checkpoint saved to C:\Users\localuserSKSG\Desktop\Shubham\ActiveLearning/Multilabel_from_multiclass/DinoS/margin_sampling_seed42_test\model_checkpoint_iteration_0.pt

Query 2: Using images from iteration=3 (margin sampling).
Re-initializing module.
Re-initializing criterion.
Re-initializing optimizer.
  epoch    train_f1    train_loss    valid_acc    valid_f1    valid_loss    cp      lr     dur
-------  ----------  ------------  -----------  ----------  ------------  ----  ------  ------
      1      [36m0.6827[0m        [32m0.5821[0m       [35m0.4189[0m      [31m0.1965[0m        [94m0.6084[0m     +  0.0000  7.8600
      2      0.3175        0.5901       0.3233      [31m0.4806[0m        [94m0.5892[0m     +  0.0000  7.8035
      3      0.4873        [32m0.5646[0m       [35m0.4649[0m      0.1556        0.5955        0.0000  7.7394
      4      0.2800        0.5739       0.3639      [31m0.5106[0m        [94m0.5672[0m     +  0.0000  7.7860
      5      0.6593        [32m0.5356[0m       [35m0.4710[0m      0.2974        0.5692        0.0000  7.7234
      6      0.4627        [32m0.5165[0m       0.4484      0.4372        [94m0.5496[0m     +  0.0000  7.7883
      7      0.5812        [32m0.5078[0m       0.4411      0.4845        [94m0.5402[0m     +  0.0000  7.7552
      8      0.6537        [32m0.4961[0m       0.4479      0.4942        [94m0.5363[0m     +  0.0000  7.7405
      9      [36m0.7185[0m        0.5024       0.4545      [31m0.5244[0m        [94m0.5310[0m     +  0.0000  7.7864
     10      [36m0.7386[0m        [32m0.4795[0m       [35m0.4774[0m      [31m0.5570[0m        [94m0.5281[0m     +  0.0000  7.7552
     11      [36m0.7590[0m        0.4864       [35m0.4814[0m      [31m0.5743[0m        [94m0.5259[0m     +  0.0000  7.7709
     12      [36m0.7922[0m        [32m0.4724[0m       [35m0.4880[0m      [31m0.5747[0m        [94m0.5248[0m     +  0.0000  7.7855
     13      0.7586        0.4860       [35m0.4920[0m      [31m0.5838[0m        [94m0.5235[0m     +  0.0000  7.7719
     14      [36m0.8382[0m        0.4736       [35m0.4972[0m      0.5830        [94m0.5228[0m     +  0.0000  7.7543
     15      0.8116        [32m0.4714[0m       [35m0.4993[0m      0.5829        [94m0.5215[0m     +  0.0000  7.7555
     16      0.7941        0.4831       [35m0.5016[0m      [31m0.5864[0m        [94m0.5210[0m     +  0.0000  7.7710
     17      0.8027        0.4868       [35m0.5036[0m      [31m0.5942[0m        [94m0.5202[0m     +  0.0000  7.7714
     18      0.8309        [32m0.4552[0m       [35m0.5049[0m      0.5923        [94m0.5200[0m     +  0.0000  7.7386
     19      0.7877        0.4765       0.5049      [31m0.5947[0m        [94m0.5194[0m     +  0.0000  7.7711
     20      [36m0.8662[0m        0.4702       [35m0.5071[0m      [31m0.5962[0m        [94m0.5190[0m     +  0.0000  7.8171
     21      0.7735        0.4703       [35m0.5082[0m      [31m0.5972[0m        [94m0.5188[0m     +  0.0000  7.7401
     22      0.8407        0.4645       [35m0.5089[0m      [31m0.5975[0m        [94m0.5187[0m     +  0.0000  7.7393
     23      0.8444        0.4646       [35m0.5090[0m      [31m0.5983[0m        [94m0.5185[0m     +  0.0000  7.8014
     24      0.8253        0.4598       [35m0.5099[0m      [31m0.5988[0m        [94m0.5183[0m     +  0.0000  7.7548
     25      0.8202        0.4707       0.5097      0.5985        [94m0.5183[0m     +  0.0000  7.7550
     26      0.7683        0.4687       0.5099      0.5986        [94m0.5182[0m     +  0.0000  7.7392
     27      0.8084        0.4685       [35m0.5102[0m      [31m0.5990[0m        [94m0.5181[0m     +  0.0000  7.7705
     28      0.8252        0.4681       0.5102      [31m0.5993[0m        [94m0.5181[0m     +  0.0000  7.7248
     29      0.8294        0.4678       [35m0.5106[0m      [31m0.5997[0m        [94m0.5180[0m     +  0.0000  7.7388
     30      0.8424        0.4621       0.5106      [31m0.6004[0m        [94m0.5179[0m     +  0.0000  7.7389
     31      0.8164        0.4652       [35m0.5109[0m      [31m0.6007[0m        [94m0.5179[0m     +  0.0000  7.7391
     32      0.7941        0.4831       0.5109      [31m0.6008[0m        [94m0.5178[0m     +  0.0000  7.8027
     33      0.8004        0.4785       [35m0.5111[0m      0.6007        [94m0.5178[0m     +  0.0000  7.7578
     34      0.7696        0.4720       0.5111      [31m0.6008[0m        [94m0.5178[0m     +  0.0000  7.7556
     35      0.8145        0.4660       0.5111      [31m0.6009[0m        [94m0.5178[0m     +  0.0000  7.8163
     36      0.7793        0.4664       0.5111      0.6009        [94m0.5178[0m     +  0.0000  7.7718
     37      0.7343        0.4685       [35m0.5113[0m      [31m0.6010[0m        [94m0.5178[0m     +  0.0000  7.8018
     38      0.7702        0.4814       0.5113      0.6010        [94m0.5178[0m     +  0.0000  7.7705
     39      0.7703        0.4700       0.5113      0.6010        [94m0.5177[0m     +  0.0000  7.7556
     40      0.7626        0.4746       0.5113      [31m0.6011[0m        [94m0.5177[0m     +  0.0000  7.7865
     41      0.8065        0.4801       0.5113      [31m0.6015[0m        [94m0.5177[0m     +  0.0000  7.7709
     42      [36m0.8905[0m        0.4586       0.5113      0.6015        [94m0.5177[0m     +  0.0000  7.7702
     43      0.8276        0.4704       0.5113      0.6015        [94m0.5177[0m     +  0.0000  7.8010
     44      0.8252        0.4608       0.5113      0.6015        [94m0.5177[0m     +  0.0000  7.7546
     45      0.7586        0.4601       0.5113      0.6014        [94m0.5177[0m     +  0.0000  7.7546
     46      0.8006        0.4666       0.5113      0.6014        [94m0.5177[0m     +  0.0000  7.7270
     47      0.8061        [32m0.4536[0m       0.5113      0.6015        [94m0.5177[0m     +  0.0000  7.7722
     48      0.7835        0.4701       0.5113      0.6015        [94m0.5177[0m     +  0.0000  7.7389
     49      0.8182        0.4643       0.5113      0.6015        [94m0.5177[0m     +  0.0000  7.7540
     50      0.8116        0.4555       0.5113      0.6015        [94m0.5177[0m     +  0.0000  7.7544
     51      0.8555        [32m0.4531[0m       0.5113      0.6015        [94m0.5177[0m     +  0.0000  7.7711
     52      0.8245        0.4634       0.5113      0.6015        [94m0.5177[0m     +  0.0000  7.8003
     53      0.7430        0.4622       0.5113      0.6015        [94m0.5177[0m     +  0.0000  7.7553
Stopping since valid_loss has not improved in the last 11 epochs.
Iteration 2 Test Accuracy: 0.5944
Iteration 2 Test F1 Score (micro): 0.7419
Iteration 2 Test F1 Score (macro): 0.6667
Model checkpoint saved to C:\Users\localuserSKSG\Desktop\Shubham\ActiveLearning/Multilabel_from_multiclass/DinoS/margin_sampling_seed42_test\model_checkpoint_iteration_1.pt

Query 3: Using images from iteration=4 (margin sampling).
Re-initializing module.
Re-initializing criterion.
Re-initializing optimizer.
  epoch    train_f1    train_loss    valid_acc    valid_f1    valid_loss    cp      lr     dur
-------  ----------  ------------  -----------  ----------  ------------  ----  ------  ------
      1      [36m0.6921[0m        [32m0.4871[0m       [35m0.3851[0m      [31m0.6446[0m        [94m0.6432[0m     +  0.0000  7.9986
      2      0.6442        0.6452       [35m0.5304[0m      0.4797        [94m0.5094[0m     +  0.0000  7.8950
      3      0.6358        0.4892       [35m0.6384[0m      [31m0.8050[0m        [94m0.4842[0m     +  0.0000  7.8971
      4      [36m0.8679[0m        [32m0.4666[0m       0.5939      0.6869        [94m0.4737[0m     +  0.0000  7.8796
      5      0.7888        [32m0.4477[0m       [35m0.6773[0m      [31m0.8207[0m        [94m0.4607[0m     +  0.0000  7.9119
      6      [36m0.8954[0m        [32m0.4381[0m       0.6453      0.7822        [94m0.4543[0m     +  0.0000  7.9413
      7      [36m0.8979[0m        [32m0.4308[0m       0.6408      0.7766        [94m0.4535[0m     +  0.0000  7.9274
      8      0.8852        [32m0.4264[0m       0.6446      0.7810        [94m0.4506[0m     +  0.0000  7.9254
      9      [36m0.8980[0m        0.4316       0.6457      0.7840        [94m0.4485[0m     +  0.0000  7.8964
     10      [36m0.9311[0m        [32m0.4144[0m       0.6434      0.7778        [94m0.4474[0m     +  0.0000  7.9291
     11      0.8976        [32m0.4140[0m       0.6476      0.7827        [94m0.4464[0m     +  0.0000  7.9577
     12      0.9062        0.4170       0.6490      0.7845        [94m0.4455[0m     +  0.0000  7.9271
     13      0.9158        [32m0.4109[0m       0.6479      0.7837        [94m0.4450[0m     +  0.0000  7.9577
     14      0.8910        0.4231       0.6484      0.7844        [94m0.4443[0m     +  0.0000  7.9572
     15      0.8931        0.4162       0.6495      0.7859        [94m0.4435[0m     +  0.0000  7.9104
     16      0.8745        0.4265       0.6495      0.7863        [94m0.4431[0m     +  0.0000  7.9421
     17      0.8845        [32m0.4103[0m       0.6495      0.7863        [94m0.4429[0m     +  0.0000  7.9434
     18      0.8916        0.4143       0.6500      0.7871        [94m0.4425[0m     +  0.0000  7.9255
     19      0.8876        0.4113       0.6498      0.7870        [94m0.4423[0m     +  0.0000  7.8939
     20      0.8982        [32m0.3986[0m       0.6497      0.7867        [94m0.4420[0m     +  0.0000  7.9106
     21      0.8807        0.4176       0.6500      0.7871        [94m0.4419[0m     +  0.0000  7.9416
     22      0.9081        0.4121       0.6498      0.7870        [94m0.4418[0m     +  0.0000  7.9728
     23      0.9051        0.4147       0.6502      0.7872        [94m0.4417[0m     +  0.0000  7.9112
     24      0.8927        0.4179       0.6502      0.7873        [94m0.4416[0m     +  0.0000  7.8947
     25      0.9034        0.4063       0.6503      0.7876        [94m0.4415[0m     +  0.0000  7.9278
     26      0.8861        0.4142       0.6503      0.7876        [94m0.4414[0m     +  0.0000  7.9579
     27      0.8908        0.4134       0.6503      0.7876        [94m0.4414[0m     +  0.0000  7.9745
     28      0.8889        0.4100       0.6503      0.7875        [94m0.4414[0m     +  0.0000  7.9435
     29      0.9194        0.4074       0.6503      0.7876        [94m0.4413[0m     +  0.0000  7.9580
     30      0.9113        0.4150       0.6507      0.7878        [94m0.4413[0m     +  0.0000  7.9269
     31      0.8970        0.4122       0.6507      0.7878        [94m0.4413[0m     +  0.0000  7.9570
     32      0.8914        0.4106       0.6507      0.7878        [94m0.4413[0m     +  0.0000  7.9580
     33      0.8732        0.4240       0.6507      0.7878        [94m0.4412[0m     +  0.0000  7.9591
     34      0.9167        0.4214       0.6507      0.7878        [94m0.4412[0m     +  0.0000  7.9585
     35      0.9201        0.4111       0.6507      0.7878        [94m0.4412[0m     +  0.0000  7.9259
     36      0.8930        0.4097       0.6507      0.7878        [94m0.4412[0m     +  0.0000  7.9107
     37      0.8798        0.4182       0.6507      0.7878        [94m0.4412[0m     +  0.0000  7.9249
     38      0.9165        0.4065       0.6507      0.7878        [94m0.4412[0m     +  0.0000  7.9167
     39      0.8831        0.4053       0.6507      0.7878        [94m0.4412[0m     +  0.0000  7.9421
     40      0.8979        0.4107       0.6507      0.7879        [94m0.4412[0m     +  0.0000  7.9421
     41      0.9090        0.4070       0.6507      0.7879        [94m0.4412[0m     +  0.0000  7.9253
     42      0.8908        0.4094       0.6507      0.7879        [94m0.4412[0m     +  0.0000  7.9588
     43      0.9019        0.4184       0.6507      0.7879        [94m0.4412[0m     +  0.0000  7.9254
     44      0.9073        0.4091       0.6507      0.7879        [94m0.4412[0m     +  0.0000  7.8965
     45      0.9101        0.4094       0.6507      0.7879        [94m0.4412[0m     +  0.0000  7.9261
     46      0.8909        0.4076       0.6507      0.7879        [94m0.4412[0m     +  0.0000  7.8949
     47      0.8848        0.4139       0.6507      0.7879        [94m0.4412[0m     +  0.0000  7.9110
     48      0.8771        0.4297       0.6507      0.7879        [94m0.4412[0m     +  0.0000  7.9109
     49      0.8831        0.4132       0.6507      0.7879        [94m0.4412[0m     +  0.0000  7.9577
     50      0.9074        0.4067       0.6507      0.7879        [94m0.4412[0m     +  0.0000  7.9105
Stopping since valid_loss has not improved in the last 11 epochs.
Iteration 3 Test Accuracy: 0.7413
Iteration 3 Test F1 Score (micro): 0.8645
Iteration 3 Test F1 Score (macro): 0.8521
Model checkpoint saved to C:\Users\localuserSKSG\Desktop\Shubham\ActiveLearning/Multilabel_from_multiclass/DinoS/margin_sampling_seed42_test\model_checkpoint_iteration_2.pt

Query 4: Using images from iteration=5 (margin sampling).
Re-initializing module.
Re-initializing criterion.
Re-initializing optimizer.
  epoch    train_f1    train_loss    valid_acc    valid_f1    valid_loss    cp      lr     dur
-------  ----------  ------------  -----------  ----------  ------------  ----  ------  ------
      1      [36m0.8744[0m        [32m0.4179[0m       [35m0.4635[0m      [31m0.2625[0m        [94m0.5453[0m     +  0.0000  8.2970
      2      0.5831        0.5070       [35m0.6276[0m      [31m0.7570[0m        [94m0.4224[0m     +  0.0000  8.1754
      3      0.8680        [32m0.3983[0m       [35m0.6825[0m      [31m0.8299[0m        [94m0.3942[0m     +  0.0000  8.2250
      4      [36m0.8872[0m        [32m0.3807[0m       [35m0.6957[0m      [31m0.8387[0m        [94m0.3871[0m     +  0.0000  8.1452
      5      [36m0.9022[0m        [32m0.3718[0m       [35m0.7043[0m      [31m0.8454[0m        [94m0.3828[0m     +  0.0000  8.1947
      6      [36m0.9041[0m        [32m0.3683[0m       0.6962      0.8380        [94m0.3805[0m     +  0.0000  8.2090
      7      0.8964        [32m0.3608[0m       0.6944      0.8368        [94m0.3788[0m     +  0.0000  8.1635
      8      [36m0.9181[0m        [32m0.3607[0m       0.6951      0.8376        [94m0.3777[0m     +  0.0000  8.1918
      9      0.9052        [32m0.3592[0m       0.6885      0.8309        [94m0.3772[0m     +  0.0000  8.1769
     10      0.8971        [32m0.3568[0m       0.6953      0.8375        [94m0.3754[0m     +  0.0000  8.1605
     11      0.8980        [32m0.3526[0m       0.6948      0.8366        [94m0.3747[0m     +  0.0000  8.1306
     12      0.9159        [32m0.3526[0m       0.6943      0.8362        [94m0.3742[0m     +  0.0000  8.2094
     13      0.9137        [32m0.3525[0m       0.6998      0.8392        [94m0.3732[0m     +  0.0000  8.1766
     14      0.9086        [32m0.3486[0m       0.6995      0.8393        [94m0.3725[0m     +  0.0000  8.1624
     15      0.9071        [32m0.3472[0m       0.6977      0.8370        [94m0.3721[0m     +  0.0000  8.1626
     16      0.9082        0.3533       0.6979      0.8376        [94m0.3719[0m     +  0.0000  8.1776
     17      0.8943        0.3532       0.6984      0.8382        [94m0.3717[0m     +  0.0000  8.1758
     18      0.8993        0.3556       0.6990      0.8387        [94m0.3714[0m     +  0.0000  8.1939
     19      0.9053        0.3509       0.6995      0.8390        [94m0.3713[0m     +  0.0000  8.1456
     20      0.8950        0.3531       0.7003      0.8395        [94m0.3710[0m     +  0.0000  8.2073
     21      0.9144        0.3488       0.7003      0.8395        [94m0.3709[0m     +  0.0000  8.1457
     22      0.8990        0.3527       0.7005      0.8396        [94m0.3709[0m     +  0.0000  8.1939
     23      0.8926        0.3528       0.7000      0.8390        [94m0.3708[0m     +  0.0000  8.2093
     24      0.9084        [32m0.3395[0m       0.7002      0.8391        [94m0.3708[0m     +  0.0000  8.1606
     25      0.9074        0.3436       0.7003      0.8393        [94m0.3707[0m     +  0.0000  8.2081
     26      0.8970        0.3467       0.7002      0.8391        [94m0.3707[0m     +  0.0000  8.1763
     27      0.9159        0.3477       0.7002      0.8394        [94m0.3706[0m     +  0.0000  8.1446
     28      0.9077        0.3428       0.7000      0.8394        [94m0.3706[0m     +  0.0000  8.1754
     29      [36m0.9182[0m        0.3412       0.6997      0.8392        [94m0.3705[0m     +  0.0000  8.1920
     30      0.9017        0.3475       0.6997      0.8392        [94m0.3705[0m     +  0.0000  8.1600
     31      0.9004        0.3476       0.6997      0.8392        [94m0.3705[0m     +  0.0000  8.1606
     32      0.9156        0.3442       0.7000      0.8394        [94m0.3705[0m     +  0.0000  8.2085
     33      [36m0.9203[0m        0.3436       0.6998      0.8394        [94m0.3705[0m     +  0.0000  8.1766
     34      [36m0.9288[0m        0.3474       0.7000      0.8395        [94m0.3705[0m     +  0.0000  8.1471
     35      0.9146        0.3453       0.7000      0.8395        [94m0.3704[0m     +  0.0000  8.2066
     36      0.9130        [32m0.3339[0m       0.7000      0.8395        [94m0.3704[0m     +  0.0000  8.1868
     37      0.9183        0.3435       0.7000      0.8395        [94m0.3704[0m     +  0.0000  8.1933
     38      0.9013        0.3450       0.6998      0.8394        [94m0.3704[0m     +  0.0000  8.1611
     39      0.9247        0.3439       0.6998      0.8394        [94m0.3704[0m     +  0.0000  8.2405
     40      0.9092        0.3485       0.6998      0.8394        [94m0.3704[0m     +  0.0000  8.1761
     41      0.9062        0.3484       0.6998      0.8394        [94m0.3704[0m     +  0.0000  8.1762
     42      0.9110        0.3508       0.6998      0.8394        0.3704        0.0000  8.1922
     43      0.9137        0.3516       0.6998      0.8394        [94m0.3704[0m     +  0.0000  8.2085
     44      0.9162        0.3521       0.6998      0.8394        [94m0.3704[0m     +  0.0000  8.2233
Stopping since valid_loss has not improved in the last 11 epochs.
Iteration 4 Test Accuracy: 0.7599
Iteration 4 Test F1 Score (micro): 0.8819
Iteration 4 Test F1 Score (macro): 0.8719
Model checkpoint saved to C:\Users\localuserSKSG\Desktop\Shubham\ActiveLearning/Multilabel_from_multiclass/DinoS/margin_sampling_seed42_test\model_checkpoint_iteration_3.pt

Query 5: Using images from iteration=6 (margin sampling).
Re-initializing module.
Re-initializing criterion.
Re-initializing optimizer.
  epoch    train_f1    train_loss    valid_acc    valid_f1    valid_loss    cp      lr     dur
-------  ----------  ------------  -----------  ----------  ------------  ----  ------  ------
      1      [36m0.8179[0m        [32m0.3950[0m       [35m0.6184[0m      [31m0.7331[0m        [94m0.4125[0m     +  0.0000  8.7238
      2      [36m0.8620[0m        [32m0.3580[0m       [35m0.7241[0m      [31m0.8503[0m        [94m0.3492[0m     +  0.0000  8.6144
      3      [36m0.8888[0m        [32m0.3290[0m       0.7000      0.8124        [94m0.3483[0m     +  0.0000  8.7086
      4      [36m0.9009[0m        0.3313       [35m0.7273[0m      [31m0.8535[0m        [94m0.3374[0m     +  0.0000  8.6621
      5      [36m0.9017[0m        [32m0.3216[0m       0.7111      0.8191        0.3385        0.0000  8.6619
      6      [36m0.9197[0m        [32m0.3139[0m       0.7172      0.8399        [94m0.3338[0m     +  0.0000  8.6307
      7      0.9139        [32m0.3043[0m       0.7193      0.8432        [94m0.3322[0m     +  0.0000  8.6921
      8      0.9073        0.3069       0.7189      0.8415        [94m0.3307[0m     +  0.0000  8.6149
      9      0.9172        0.3044       0.7222      0.8444        [94m0.3292[0m     +  0.0000  8.6618
     10      0.9103        0.3054       0.7217      0.8417        [94m0.3284[0m     +  0.0000  8.6766
     11      [36m0.9211[0m        [32m0.3031[0m       0.7245      0.8462        [94m0.3274[0m     +  0.0000  8.6455
     12      0.9160        [32m0.2969[0m       0.7264      0.8485        [94m0.3266[0m     +  0.0000  8.6623
     13      [36m0.9263[0m        [32m0.2956[0m       [35m0.7278[0m      0.8497        [94m0.3261[0m     +  0.0000  8.6298
     14      0.9252        0.2979       0.7248      0.8473        0.3261        0.0000  8.6301
     15      0.9213        [32m0.2936[0m       0.7271      0.8496        [94m0.3253[0m     +  0.0000  8.6312
     16      0.9241        0.2948       0.7274      0.8499        [94m0.3251[0m     +  0.0000  8.6139
     17      [36m0.9290[0m        0.3005       0.7276      0.8500        [94m0.3250[0m     +  0.0000  8.6619
     18      0.9243        0.2972       [35m0.7283[0m      0.8506        [94m0.3247[0m     +  0.0000  8.6307
     19      0.9258        0.2967       [35m0.7285[0m      0.8509        [94m0.3245[0m     +  0.0000  8.5836
     20      0.9197        0.2976       [35m0.7286[0m      0.8508        [94m0.3245[0m     +  0.0000  8.6931
     21      0.9089        0.3012       [35m0.7290[0m      0.8512        [94m0.3243[0m     +  0.0000  8.6458
     22      0.9209        0.2998       0.7290      0.8512        [94m0.3243[0m     +  0.0000  8.6155
     23      [36m0.9333[0m        [32m0.2931[0m       [35m0.7292[0m      0.8513        [94m0.3243[0m     +  0.0000  8.5979
     24      0.9185        [32m0.2921[0m       0.7290      0.8512        [94m0.3242[0m     +  0.0000  8.6456
     25      0.9240        0.2963       0.7288      0.8511        [94m0.3242[0m     +  0.0000  8.6304
     26      0.9231        0.2934       0.7288      0.8511        [94m0.3242[0m     +  0.0000  8.6773
     27      0.9182        0.2924       0.7290      0.8513        [94m0.3241[0m     +  0.0000  8.6163
     28      0.9246        0.2965       0.7286      0.8511        [94m0.3241[0m     +  0.0000  8.6600
     29      0.9166        0.2947       0.7290      0.8513        [94m0.3241[0m     +  0.0000  8.6142
     30      0.9163        0.2977       0.7288      0.8512        [94m0.3240[0m     +  0.0000  8.6941
     31      0.9135        0.3008       0.7286      0.8511        [94m0.3240[0m     +  0.0000  8.6463
     32      0.9176        0.2991       0.7285      0.8510        [94m0.3240[0m     +  0.0000  8.6307
     33      0.9242        0.2950       0.7285      0.8510        [94m0.3240[0m     +  0.0000  8.6133
     34      0.9180        0.2940       0.7285      0.8510        [94m0.3240[0m     +  0.0000  8.6472
     35      0.9305        0.2948       0.7286      0.8511        [94m0.3240[0m     +  0.0000  8.6461
     36      0.9202        0.2943       0.7285      0.8510        [94m0.3240[0m     +  0.0000  8.6459
     37      0.9142        0.2986       0.7285      0.8510        [94m0.3240[0m     +  0.0000  8.6504
     38      0.9132        0.2985       0.7285      0.8510        [94m0.3240[0m     +  0.0000  8.6471
     39      0.9224        0.2944       0.7285      0.8510        [94m0.3240[0m     +  0.0000  8.5999
     40      0.9202        0.2973       0.7285      0.8510        [94m0.3240[0m     +  0.0000  8.6618
     41      0.9179        0.2967       0.7285      0.8510        0.3240        0.0000  8.6446
     42      0.9261        0.2926       0.7285      0.8510        [94m0.3240[0m     +  0.0000  8.6639
     43      0.9145        0.2941       0.7285      0.8510        [94m0.3240[0m     +  0.0000  8.6293
     44      0.9212        0.2972       0.7285      0.8510        [94m0.3240[0m     +  0.0000  8.6159
     45      0.9195        0.2970       0.7285      0.8510        [94m0.3240[0m     +  0.0000  8.6140
Stopping since valid_loss has not improved in the last 11 epochs.
Iteration 5 Test Accuracy: 0.7635
Iteration 5 Test F1 Score (micro): 0.8866
Iteration 5 Test F1 Score (macro): 0.8748
Model checkpoint saved to C:\Users\localuserSKSG\Desktop\Shubham\ActiveLearning/Multilabel_from_multiclass/DinoS/margin_sampling_seed42_test\model_checkpoint_iteration_4.pt

Query 6: Using images from iteration=7 (margin sampling).
Re-initializing module.
Re-initializing criterion.
Re-initializing optimizer.
  epoch    train_f1    train_loss    valid_acc    valid_f1    valid_loss    cp      lr     dur
-------  ----------  ------------  -----------  ----------  ------------  ----  ------  ------
      1      [36m0.8645[0m        [32m0.3367[0m       [35m0.7293[0m      [31m0.8551[0m        [94m0.3166[0m     +  0.0000  9.6777
      2      [36m0.9049[0m        [32m0.2927[0m       [35m0.7470[0m      [31m0.8632[0m        [94m0.3148[0m     +  0.0000  9.5221
      3      0.9018        [32m0.2887[0m       [35m0.7514[0m      [31m0.8656[0m        [94m0.3073[0m     +  0.0000  9.4424
      4      [36m0.9054[0m        [32m0.2831[0m       [35m0.7524[0m      0.8613        [94m0.3015[0m     +  0.0000  9.4891
      5      [36m0.9276[0m        [32m0.2726[0m       [35m0.7613[0m      [31m0.8692[0m        [94m0.2995[0m     +  0.0000  9.4900
      6      0.9227        [32m0.2722[0m       0.7535      0.8610        [94m0.2952[0m     +  0.0000  9.4260
      7      [36m0.9321[0m        [32m0.2676[0m       0.7549      0.8617        [94m0.2943[0m     +  0.0000  9.5229
      8      [36m0.9351[0m        [32m0.2596[0m       0.7583      0.8652        [94m0.2934[0m     +  0.0000  9.4272
      9      0.9345        [32m0.2593[0m       0.7597      0.8643        [94m0.2923[0m     +  0.0000  9.4916
     10      0.9342        [32m0.2587[0m       0.7592      0.8631        [94m0.2910[0m     +  0.0000  9.5224
     11      [36m0.9378[0m        0.2602       0.7594      0.8637        [94m0.2907[0m     +  0.0000  9.5212
     12      [36m0.9393[0m        [32m0.2587[0m       0.7589      0.8630        [94m0.2905[0m     +  0.0000  9.5368
     13      0.9354        [32m0.2583[0m       0.7599      0.8641        [94m0.2900[0m     +  0.0000  9.4922
     14      0.9386        [32m0.2574[0m       0.7606      0.8638        [94m0.2897[0m     +  0.0000  9.5217
     15      [36m0.9406[0m        0.2589       [35m0.7622[0m      0.8654        [94m0.2892[0m     +  0.0000  9.5202
     16      [36m0.9411[0m        [32m0.2544[0m       0.7620      0.8651        [94m0.2891[0m     +  0.0000  9.5531
     17      0.9376        [32m0.2533[0m       0.7622      0.8651        [94m0.2890[0m     +  0.0000  9.4740
     18      0.9385        0.2534       0.7622      0.8651        [94m0.2889[0m     +  0.0000  9.5837
     19      0.9407        0.2564       0.7609      0.8641        [94m0.2888[0m     +  0.0000  9.4913
     20      0.9340        0.2567       0.7613      0.8642        [94m0.2886[0m     +  0.0000  9.5067
     21      0.9374        0.2534       0.7611      0.8642        [94m0.2886[0m     +  0.0000  9.5070
     22      0.9390        [32m0.2530[0m       0.7615      0.8645        [94m0.2886[0m     +  0.0000  9.5227
     23      [36m0.9434[0m        0.2542       [35m0.7627[0m      0.8653        [94m0.2885[0m     +  0.0000  9.5528
     24      0.9433        0.2534       0.7622      0.8650        [94m0.2884[0m     +  0.0000  9.5057
     25      0.9342        0.2552       0.7623      0.8652        [94m0.2884[0m     +  0.0000  9.5537
     26      0.9375        0.2545       0.7622      0.8650        [94m0.2884[0m     +  0.0000  9.4898
     27      0.9338        0.2578       0.7623      0.8651        [94m0.2883[0m     +  0.0000  9.4898
     28      0.9409        0.2552       0.7620      0.8649        [94m0.2883[0m     +  0.0000  9.5715
     29      0.9408        0.2547       0.7620      0.8649        0.2883        0.0000  9.4897
     30      0.9413        0.2541       0.7613      0.8646        0.2883        0.0000  9.5519
     31      [36m0.9441[0m        0.2533       0.7615      0.8646        [94m0.2883[0m     +  0.0000  9.4579
     32      0.9418        [32m0.2527[0m       0.7616      0.8648        [94m0.2883[0m     +  0.0000  9.4920
     33      0.9433        [32m0.2510[0m       0.7616      0.8648        [94m0.2883[0m     +  0.0000  9.5211
     34      0.9437        [32m0.2500[0m       0.7618      0.8648        [94m0.2883[0m     +  0.0000  9.4900
     35      0.9375        0.2576       0.7620      0.8649        [94m0.2883[0m     +  0.0000  9.5843
     36      0.9424        0.2547       0.7620      0.8649        [94m0.2883[0m     +  0.0000  9.5262
     37      0.9420        0.2532       0.7622      0.8651        [94m0.2883[0m     +  0.0000  9.4913
     38      0.9388        0.2515       0.7620      0.8649        0.2883        0.0000  9.5209
     39      0.9419        0.2541       0.7620      0.8649        [94m0.2883[0m     +  0.0000  9.5220
     40      0.9378        0.2557       0.7620      0.8649        [94m0.2883[0m     +  0.0000  9.5222
     41      [36m0.9463[0m        0.2535       0.7620      0.8649        [94m0.2883[0m     +  0.0000  9.5063
     42      0.9370        0.2562       0.7620      0.8649        [94m0.2883[0m     +  0.0000  9.5216
     43      0.9437        0.2536       0.7622      0.8651        [94m0.2883[0m     +  0.0000  9.5048
     44      0.9411        0.2546       0.7622      0.8651        [94m0.2883[0m     +  0.0000  9.5204
     45      0.9388        0.2548       0.7622      0.8651        [94m0.2883[0m     +  0.0000  9.4898
Stopping since valid_loss has not improved in the last 11 epochs.
Iteration 6 Test Accuracy: 0.8144
Iteration 6 Test F1 Score (micro): 0.9132
Iteration 6 Test F1 Score (macro): 0.8997
Model checkpoint saved to C:\Users\localuserSKSG\Desktop\Shubham\ActiveLearning/Multilabel_from_multiclass/DinoS/margin_sampling_seed42_test\model_checkpoint_iteration_5.pt

Query 7: Using images from iteration=8 (margin sampling).
Re-initializing module.
Re-initializing criterion.
Re-initializing optimizer.
  epoch    train_f1    train_loss    valid_acc    valid_f1    valid_loss    cp      lr      dur
-------  ----------  ------------  -----------  ----------  ------------  ----  ------  -------
      1      [36m0.8893[0m        [32m0.2979[0m       [35m0.7557[0m      [31m0.8467[0m        [94m0.2848[0m     +  0.0000  11.1476
      2      [36m0.9212[0m        [32m0.2590[0m       [35m0.7707[0m      [31m0.8502[0m        [94m0.2791[0m     +  0.0000  10.9138
      3      [36m0.9267[0m        [32m0.2507[0m       [35m0.7804[0m      [31m0.8568[0m        [94m0.2750[0m     +  0.0000  10.9140
      4      [36m0.9298[0m        [32m0.2462[0m       [35m0.7906[0m      [31m0.8611[0m        [94m0.2729[0m     +  0.0000  10.9288
      5      [36m0.9339[0m        [32m0.2439[0m       [35m0.7915[0m      [31m0.8644[0m        [94m0.2687[0m     +  0.0000  10.9294
      6      [36m0.9429[0m        [32m0.2359[0m       0.7899      [31m0.8692[0m        [94m0.2667[0m     +  0.0000  11.0074
      7      0.9419        [32m0.2329[0m       0.7894      0.8650        [94m0.2665[0m     +  0.0000  10.9910
      8      0.9427        0.2338       [35m0.7920[0m      [31m0.8702[0m        [94m0.2648[0m     +  0.0000  10.9130
      9      [36m0.9443[0m        [32m0.2328[0m       [35m0.7955[0m      [31m0.8703[0m        [94m0.2641[0m     +  0.0000  11.0062
     10      0.9422        [32m0.2309[0m       0.7944      0.8692        [94m0.2635[0m     +  0.0000  10.9773
     11      0.9429        0.2313       0.7943      [31m0.8737[0m        [94m0.2626[0m     +  0.0000  10.9447
     12      [36m0.9479[0m        [32m0.2275[0m       0.7953      0.8736        [94m0.2624[0m     +  0.0000  10.9606
     13      0.9437        0.2287       [35m0.7964[0m      [31m0.8744[0m        [94m0.2620[0m     +  0.0000  10.9915
     14      [36m0.9487[0m        0.2280       0.7957      [31m0.8747[0m        [94m0.2614[0m     +  0.0000  10.9934
     15      [36m0.9537[0m        0.2275       [35m0.7967[0m      [31m0.8747[0m        [94m0.2612[0m     +  0.0000  11.0077
     16      0.9519        [32m0.2275[0m       0.7958      [31m0.8752[0m        [94m0.2610[0m     +  0.0000  10.9595
     17      0.9525        0.2287       0.7960      [31m0.8754[0m        [94m0.2609[0m     +  0.0000  10.9748
     18      [36m0.9550[0m        [32m0.2259[0m       0.7953      0.8751        [94m0.2606[0m     +  0.0000  10.9443
     19      0.9520        0.2263       0.7962      [31m0.8754[0m        [94m0.2605[0m     +  0.0000  11.0088
     20      0.9549        [32m0.2230[0m       0.7955      0.8751        [94m0.2604[0m     +  0.0000  10.9448
     21      0.9499        0.2260       0.7962      [31m0.8758[0m        0.2604        0.0000  10.9758
     22      0.9506        0.2255       0.7964      [31m0.8758[0m        [94m0.2603[0m     +  0.0000  10.9923
     23      0.9487        0.2266       0.7964      0.8757        [94m0.2603[0m     +  0.0000  10.9310
     24      0.9510        0.2248       [35m0.7969[0m      0.8758        [94m0.2602[0m     +  0.0000  10.9450
     25      0.9510        0.2232       [35m0.7974[0m      [31m0.8763[0m        [94m0.2602[0m     +  0.0000  10.9753
     26      0.9485        0.2273       [35m0.7976[0m      [31m0.8764[0m        [94m0.2601[0m     +  0.0000  10.9293
     27      0.9533        0.2264       0.7972      0.8760        0.2602        0.0000  10.9472
     28      0.9516        0.2251       0.7972      0.8760        [94m0.2601[0m     +  0.0000  10.9927
     29      0.9539        0.2251       0.7970      0.8759        [94m0.2601[0m     +  0.0000  10.9609
     30      0.9542        0.2240       0.7969      0.8760        [94m0.2601[0m     +  0.0000  10.9926
     31      0.9515        0.2261       0.7974      0.8763        0.2601        0.0000  10.9302
     32      0.9524        0.2244       0.7974      0.8763        [94m0.2601[0m     +  0.0000  10.9919
     33      0.9521        0.2265       0.7976      0.8764        [94m0.2601[0m     +  0.0000  10.9290
     34      0.9539        [32m0.2224[0m       0.7974      0.8763        [94m0.2600[0m     +  0.0000  10.9444
     35      0.9505        0.2264       0.7976      0.8764        [94m0.2600[0m     +  0.0000  10.9431
     36      0.9521        0.2261       0.7974      0.8763        [94m0.2600[0m     +  0.0000  10.9598
     37      [36m0.9556[0m        0.2264       0.7976      0.8764        [94m0.2600[0m     +  0.0000  10.9637
     38      0.9543        0.2237       0.7976      0.8764        [94m0.2600[0m     +  0.0000  10.9289
     39      0.9494        0.2254       0.7976      0.8764        [94m0.2600[0m     +  0.0000  10.9612
     40      [36m0.9559[0m        0.2232       0.7974      0.8764        [94m0.2600[0m     +  0.0000  10.9605
     41      0.9505        0.2242       0.7974      0.8763        0.2600        0.0000  10.9625
     42      0.9548        0.2251       0.7976      0.8764        0.2600        0.0000  10.9751
     43      0.9528        0.2229       0.7976      0.8764        [94m0.2600[0m     +  0.0000  10.8976
     44      0.9514        0.2236       0.7976      0.8764        [94m0.2600[0m     +  0.0000  10.9145
     45      0.9533        0.2256       0.7976      0.8764        0.2600        0.0000  10.9446
     46      0.9539        0.2248       0.7976      0.8764        0.2600        0.0000  10.9772
     47      0.9498        0.2236       0.7976      0.8764        0.2600        0.0000  10.9288
     48      0.9527        0.2229       0.7976      0.8764        0.2600        0.0000  10.8971
     49      0.9540        0.2243       0.7976      0.8764        0.2600        0.0000  10.9298
     50      0.9525        0.2264       0.7976      0.8764        0.2600        0.0000  10.9294
     51      0.9540        0.2262       0.7976      0.8764        0.2600        0.0000  10.9594
     52      0.9518        0.2242       0.7976      0.8764        0.2600        0.0000  10.9426
     53      0.9533        0.2228       0.7976      0.8764        0.2600        0.0000  10.9453
     54      0.9504        0.2276       0.7976      0.8764        0.2600        0.0000  10.9445
Stopping since valid_loss has not improved in the last 11 epochs.
Iteration 7 Test Accuracy: 0.8422
Iteration 7 Test F1 Score (micro): 0.9279
Iteration 7 Test F1 Score (macro): 0.9149
Model checkpoint saved to C:\Users\localuserSKSG\Desktop\Shubham\ActiveLearning/Multilabel_from_multiclass/DinoS/margin_sampling_seed42_test\model_checkpoint_iteration_6.pt

Query 8: Using images from iteration=9 (margin sampling).
Re-initializing module.
Re-initializing criterion.
Re-initializing optimizer.
  epoch    train_f1    train_loss    valid_acc    valid_f1    valid_loss    cp      lr      dur
-------  ----------  ------------  -----------  ----------  ------------  ----  ------  -------
      1      [36m0.9147[0m        [32m0.2595[0m       [35m0.7788[0m      [31m0.8319[0m        [94m0.2645[0m     +  0.0000  13.7759
      2      [36m0.9352[0m        [32m0.2303[0m       [35m0.8109[0m      [31m0.8775[0m        [94m0.2505[0m     +  0.0000  13.5085
      3      [36m0.9448[0m        [32m0.2225[0m       [35m0.8151[0m      0.8751        [94m0.2494[0m     +  0.0000  13.4923
      4      [36m0.9489[0m        [32m0.2179[0m       0.8139      0.8753        [94m0.2491[0m     +  0.0000  13.5233
      5      [36m0.9502[0m        [32m0.2147[0m       [35m0.8196[0m      [31m0.8796[0m        [94m0.2465[0m     +  0.0000  13.5567
      6      [36m0.9506[0m        [32m0.2096[0m       [35m0.8253[0m      [31m0.8937[0m        [94m0.2403[0m     +  0.0000  13.5855
      7      [36m0.9568[0m        [32m0.2082[0m       [35m0.8274[0m      [31m0.8963[0m        [94m0.2396[0m     +  0.0000  13.6347
      8      [36m0.9569[0m        [32m0.2078[0m       [35m0.8299[0m      0.8938        [94m0.2389[0m     +  0.0000  13.6169
      9      0.9554        [32m0.2050[0m       [35m0.8313[0m      [31m0.8969[0m        [94m0.2379[0m     +  0.0000  13.6655
     10      [36m0.9593[0m        0.2050       [35m0.8323[0m      [31m0.8980[0m        [94m0.2371[0m     +  0.0000  13.6181
     11      0.9583        [32m0.2040[0m       [35m0.8326[0m      0.8969        [94m0.2366[0m     +  0.0000  13.6688
     12      0.9584        [32m0.2026[0m       0.8323      0.8963        [94m0.2364[0m     +  0.0000  13.5871
     13      [36m0.9604[0m        [32m0.2018[0m       0.8326      0.8968        [94m0.2362[0m     +  0.0000  13.6326
     14      0.9597        [32m0.2006[0m       [35m0.8344[0m      0.8978        [94m0.2359[0m     +  0.0000  13.6335
     15      0.9584        0.2006       [35m0.8352[0m      0.8979        [94m0.2355[0m     +  0.0000  13.5688
     16      [36m0.9608[0m        [32m0.1998[0m       0.8337      0.8965        [94m0.2354[0m     +  0.0000  13.5843
     17      [36m0.9627[0m        0.2014       0.8344      0.8973        [94m0.2353[0m     +  0.0000  13.6161
     18      0.9617        0.2004       0.8344      0.8972        [94m0.2352[0m     +  0.0000  13.5544
     19      0.9616        0.2000       0.8340      0.8974        [94m0.2351[0m     +  0.0000  13.6196
     20      0.9611        [32m0.1994[0m       0.8342      0.8967        [94m0.2350[0m     +  0.0000  13.6162
     21      0.9623        [32m0.1991[0m       0.8339      0.8966        0.2350        0.0000  13.5260
     22      0.9617        0.2007       0.8339      0.8966        [94m0.2349[0m     +  0.0000  13.6337
     23      [36m0.9633[0m        0.1994       0.8337      0.8970        [94m0.2349[0m     +  0.0000  13.5726
     24      0.9601        [32m0.1987[0m       0.8339      0.8971        [94m0.2348[0m     +  0.0000  13.5555
     25      0.9606        0.1999       0.8339      0.8967        [94m0.2348[0m     +  0.0000  13.5401
     26      [36m0.9638[0m        [32m0.1980[0m       0.8339      0.8968        [94m0.2348[0m     +  0.0000  13.6322
     27      0.9616        [32m0.1976[0m       0.8339      0.8967        [94m0.2348[0m     +  0.0000  13.5720
     28      0.9623        0.1987       0.8339      0.8967        [94m0.2348[0m     +  0.0000  13.6322
     29      0.9622        0.1980       0.8339      0.8968        [94m0.2348[0m     +  0.0000  13.6003
     30      0.9614        0.1982       0.8340      0.8967        [94m0.2348[0m     +  0.0000  13.6162
     31      0.9622        [32m0.1973[0m       0.8339      0.8967        [94m0.2348[0m     +  0.0000  13.5542
     32      0.9614        0.1986       0.8337      0.8965        0.2348        0.0000  13.6807
     33      [36m0.9644[0m        0.1985       0.8339      0.8967        [94m0.2347[0m     +  0.0000  13.5835
     34      0.9616        [32m0.1967[0m       0.8337      0.8967        [94m0.2347[0m     +  0.0000  13.6393
     35      0.9626        0.1994       0.8339      0.8968        [94m0.2347[0m     +  0.0000  13.6326
     36      [36m0.9652[0m        0.1973       0.8339      0.8968        [94m0.2347[0m     +  0.0000  13.5887
     37      0.9593        0.1998       0.8337      0.8967        [94m0.2347[0m     +  0.0000  13.5396
     38      0.9637        0.1975       0.8337      0.8967        [94m0.2347[0m     +  0.0000  13.6257
     39      [36m0.9653[0m        0.1979       0.8337      0.8967        [94m0.2347[0m     +  0.0000  13.6724
     40      0.9633        0.1986       0.8337      0.8967        [94m0.2347[0m     +  0.0000  13.6357
     41      0.9607        0.1991       0.8337      0.8967        [94m0.2347[0m     +  0.0000  13.5874
     42      0.9611        0.1970       0.8337      0.8967        [94m0.2347[0m     +  0.0000  13.5410
     43      0.9631        0.1980       0.8337      0.8967        [94m0.2347[0m     +  0.0000  13.5880
     44      0.9637        0.1976       0.8337      0.8967        0.2347        0.0000  13.6326
     45      0.9596        0.1982       0.8337      0.8967        0.2347        0.0000  13.5880
     46      0.9617        0.2001       0.8337      0.8967        [94m0.2347[0m     +  0.0000  13.5571
     47      0.9608        0.1979       0.8337      0.8967        [94m0.2347[0m     +  0.0000  13.6178
     48      0.9607        0.2001       0.8337      0.8967        [94m0.2347[0m     +  0.0000  13.5542
     49      0.9628        0.1973       0.8339      0.8968        [94m0.2347[0m     +  0.0000  13.5255
Stopping since valid_loss has not improved in the last 11 epochs.
Iteration 8 Test Accuracy: 0.8554
Iteration 8 Test F1 Score (micro): 0.9341
Iteration 8 Test F1 Score (macro): 0.9220
Model checkpoint saved to C:\Users\localuserSKSG\Desktop\Shubham\ActiveLearning/Multilabel_from_multiclass/DinoS/margin_sampling_seed42_test\model_checkpoint_iteration_7.pt

Query 9: Using images from iteration=10 (margin sampling).
Re-initializing module.
Re-initializing criterion.
Re-initializing optimizer.
  epoch    train_f1    train_loss    valid_acc    valid_f1    valid_loss    cp      lr      dur
-------  ----------  ------------  -----------  ----------  ------------  ----  ------  -------
      1      [36m0.9399[0m        [32m0.2239[0m       [35m0.8281[0m      [31m0.8948[0m        [94m0.2306[0m     +  0.0000  18.4646
      2      [36m0.9580[0m        [32m0.1982[0m       [35m0.8307[0m      [31m0.8978[0m        [94m0.2272[0m     +  0.0000  18.2312
      3      [36m0.9621[0m        [32m0.1931[0m       0.8283      [31m0.8992[0m        [94m0.2263[0m     +  0.0000  18.1985
      4      [36m0.9635[0m        [32m0.1882[0m       [35m0.8332[0m      [31m0.9000[0m        [94m0.2239[0m     +  0.0000  18.4014
      5      [36m0.9648[0m        [32m0.1856[0m       [35m0.8384[0m      0.8994        [94m0.2231[0m     +  0.0000  18.3088
      6      [36m0.9662[0m        [32m0.1819[0m       0.8347      [31m0.9034[0m        [94m0.2210[0m     +  0.0000  18.2856
      7      0.9661        [32m0.1800[0m       0.8370      0.9032        [94m0.2193[0m     +  0.0000  18.3307
      8      [36m0.9679[0m        [32m0.1786[0m       0.8359      [31m0.9041[0m        0.2198        0.0000  18.2609
      9      [36m0.9695[0m        [32m0.1777[0m       0.8344      0.9033        [94m0.2189[0m     +  0.0000  18.2329
     10      0.9684        [32m0.1746[0m       0.8373      0.9037        [94m0.2179[0m     +  0.0000  18.1998
     11      [36m0.9710[0m        [32m0.1736[0m       [35m0.8451[0m      [31m0.9072[0m        [94m0.2170[0m     +  0.0000  18.1364
     12      [36m0.9715[0m        [32m0.1736[0m       0.8446      0.9067        [94m0.2169[0m     +  0.0000  18.2164
     13      0.9702        [32m0.1726[0m       0.8396      0.9048        0.2173        0.0000  18.1982
     14      0.9709        [32m0.1722[0m       0.8438      0.9064        [94m0.2166[0m     +  0.0000  18.2792
     15      0.9710        [32m0.1715[0m       0.8446      0.9064        [94m0.2163[0m     +  0.0000  18.3402
     16      [36m0.9722[0m        0.1717       0.8450      0.9064        [94m0.2160[0m     +  0.0000  18.2791
     17      [36m0.9724[0m        [32m0.1712[0m       [35m0.8460[0m      0.9068        [94m0.2158[0m     +  0.0000  18.1999
     18      [36m0.9725[0m        [32m0.1703[0m       0.8455      0.9065        [94m0.2158[0m     +  0.0000  18.1815
     19      0.9715        0.1703       0.8457      0.9068        [94m0.2157[0m     +  0.0000  18.2795
     20      0.9705        0.1708       0.8451      0.9064        [94m0.2156[0m     +  0.0000  18.1983
     21      0.9720        0.1712       [35m0.8469[0m      0.9071        [94m0.2155[0m     +  0.0000  18.3405
     22      [36m0.9729[0m        [32m0.1692[0m       [35m0.8474[0m      [31m0.9073[0m        [94m0.2154[0m     +  0.0000  18.3265
     23      0.9723        0.1696       [35m0.8477[0m      [31m0.9074[0m        [94m0.2154[0m     +  0.0000  18.2152
     24      0.9727        0.1704       0.8472      0.9072        [94m0.2154[0m     +  0.0000  18.2458
     25      [36m0.9735[0m        0.1695       [35m0.8479[0m      [31m0.9075[0m        [94m0.2153[0m     +  0.0000  18.3560
     26      0.9729        0.1694       0.8474      0.9069        [94m0.2153[0m     +  0.0000  18.2620
     27      0.9723        0.1692       0.8474      0.9067        [94m0.2153[0m     +  0.0000  18.1996
     28      0.9726        0.1696       0.8472      0.9066        [94m0.2153[0m     +  0.0000  18.1976
     29      0.9724        0.1703       0.8474      0.9069        0.2153        0.0000  18.2310
     30      0.9726        0.1697       0.8472      0.9066        [94m0.2152[0m     +  0.0000  18.2789
     31      0.9728        [32m0.1691[0m       0.8479      0.9068        [94m0.2152[0m     +  0.0000  18.1990
     32      [36m0.9736[0m        0.1699       [35m0.8483[0m      0.9069        [94m0.2152[0m     +  0.0000  18.2142
     33      [36m0.9736[0m        [32m0.1687[0m       0.8481      0.9069        0.2152        0.0000  18.2311
     34      0.9722        0.1698       0.8477      0.9062        [94m0.2152[0m     +  0.0000  18.2634
     35      [36m0.9745[0m        0.1689       0.8481      0.9066        0.2152        0.0000  18.2162
     36      0.9738        0.1688       0.8479      0.9064        0.2152        0.0000  18.3235
     37      0.9740        [32m0.1684[0m       0.8481      0.9066        [94m0.2152[0m     +  0.0000  18.2815
     38      0.9736        0.1693       0.8481      0.9067        0.2152        0.0000  18.3243
     39      0.9723        0.1691       0.8477      0.9063        [94m0.2152[0m     +  0.0000  18.3098
     40      0.9738        0.1688       0.8479      0.9064        [94m0.2152[0m     +  0.0000  18.2342
     41      0.9729        0.1692       0.8479      0.9064        0.2152        0.0000  18.3386
     42      0.9734        0.1688       0.8481      0.9065        [94m0.2152[0m     +  0.0000  18.2320
     43      [36m0.9746[0m        0.1696       0.8481      0.9065        [94m0.2152[0m     +  0.0000  18.2322
     44      0.9740        0.1696       0.8481      0.9065        [94m0.2152[0m     +  0.0000  18.3087
Stopping since valid_loss has not improved in the last 11 epochs.
Iteration 9 Test Accuracy: 0.8550
Iteration 9 Test F1 Score (micro): 0.9348
Iteration 9 Test F1 Score (macro): 0.9235
Model checkpoint saved to C:\Users\localuserSKSG\Desktop\Shubham\ActiveLearning/Multilabel_from_multiclass/DinoS/margin_sampling_seed42_test\model_checkpoint_iteration_8.pt

Query 10: Using images from iteration=11 (margin sampling).
Re-initializing module.
Re-initializing criterion.
Re-initializing optimizer.
  epoch    train_f1    train_loss    valid_acc    valid_f1    valid_loss    cp      lr      dur
-------  ----------  ------------  -----------  ----------  ------------  ----  ------  -------
      1      [36m0.9555[0m        [32m0.1882[0m       [35m0.8283[0m      [31m0.8977[0m        [94m0.2136[0m     +  0.0000  26.5326
      2      [36m0.9685[0m        [32m0.1703[0m       [35m0.8439[0m      [31m0.9044[0m        [94m0.2107[0m     +  0.0000  26.4097
      3      [36m0.9704[0m        [32m0.1657[0m       [35m0.8609[0m      [31m0.9087[0m        [94m0.2071[0m     +  0.0000  26.4865
      4      [36m0.9725[0m        [32m0.1620[0m       0.8592      [31m0.9089[0m        [94m0.2037[0m     +  0.0000  26.5042
      5      [36m0.9742[0m        [32m0.1584[0m       0.8602      [31m0.9090[0m        [94m0.2035[0m     +  0.0000  26.5000
      6      [36m0.9762[0m        [32m0.1533[0m       [35m0.8653[0m      0.9083        [94m0.2022[0m     +  0.0000  26.6299
      7      [36m0.9767[0m        [32m0.1519[0m       0.8648      0.9059        0.2022        0.0000  26.5031
      8      [36m0.9772[0m        [32m0.1513[0m       0.8641      0.9079        [94m0.2011[0m     +  0.0000  26.4702
      9      [36m0.9773[0m        [32m0.1501[0m       0.8637      0.9072        [94m0.2008[0m     +  0.0000  26.5846
     10      [36m0.9782[0m        [32m0.1488[0m       0.8653      0.9066        0.2009        0.0000  26.5522
     11      [36m0.9795[0m        [32m0.1472[0m       [35m0.8679[0m      [31m0.9104[0m        [94m0.1981[0m     +  0.0000  26.5496
     12      [36m0.9796[0m        [32m0.1456[0m       0.8661      0.9090        [94m0.1980[0m     +  0.0000  26.5179
     13      [36m0.9800[0m        0.1460       0.8674      0.9086        [94m0.1979[0m     +  0.0000  26.4827
     14      0.9794        0.1460       0.8651      0.9092        [94m0.1974[0m     +  0.0000  26.5972
     15      0.9795        0.1459       0.8668      0.9094        [94m0.1971[0m     +  0.0000  26.5482
     16      0.9798        [32m0.1450[0m       0.8655      [31m0.9118[0m        [94m0.1960[0m     +  0.0000  26.5157
     17      [36m0.9800[0m        [32m0.1449[0m       0.8661      [31m0.9120[0m        0.1961        0.0000  26.5662
     18      0.9792        0.1450       0.8651      0.9116        0.1961        0.0000  26.5120
     19      0.9799        [32m0.1441[0m       0.8653      0.9116        0.1961        0.0000  26.5024
     20      [36m0.9803[0m        0.1441       0.8642      0.9112        0.1961        0.0000  26.5003
     21      0.9803        0.1444       0.8606      0.9109        [94m0.1956[0m     +  0.0000  26.4854
     22      0.9803        [32m0.1434[0m       0.8604      0.9112        [94m0.1956[0m     +  0.0000  26.4733
     23      0.9803        0.1442       0.8609      0.9113        0.1956        0.0000  26.5478
     24      0.9802        [32m0.1430[0m       0.8608      0.9112        [94m0.1955[0m     +  0.0000  26.6394
     25      [36m0.9806[0m        0.1436       0.8608      0.9112        [94m0.1955[0m     +  0.0000  26.5626
     26      0.9803        0.1438       0.8613      [31m0.9135[0m        0.1956        0.0000  26.5040
     27      [36m0.9807[0m        0.1431       0.8602      0.9129        0.1956        0.0000  26.4735
     28      0.9801        [32m0.1429[0m       0.8590      0.9122        0.1956        0.0000  26.4836
     29      0.9801        0.1441       0.8590      0.9122        0.1956        0.0000  26.6284
     30      [36m0.9809[0m        [32m0.1421[0m       0.8597      0.9126        0.1956        0.0000  26.5509
     31      [36m0.9811[0m        0.1430       0.8587      0.9124        0.1956        0.0000  26.5511
     32      0.9802        0.1432       0.8585      0.9125        0.1957        0.0000  26.5841
     33      0.9810        0.1430       0.8585      0.9125        0.1957        0.0000  26.5342
     34      0.9798        0.1425       0.8583      0.9124        0.1957        0.0000  26.5331
     35      0.9805        0.1433       0.8585      0.9125        0.1956        0.0000  26.4886
Stopping since valid_loss has not improved in the last 11 epochs.
Iteration 10 Test Accuracy: 0.8582
Iteration 10 Test F1 Score (micro): 0.9361
Iteration 10 Test F1 Score (macro): 0.9249
Model checkpoint saved to C:\Users\localuserSKSG\Desktop\Shubham\ActiveLearning/Multilabel_from_multiclass/DinoS/margin_sampling_seed42_test\model_checkpoint_iteration_9.pt

Query 11: Using images from iteration=12 (margin sampling).
Re-initializing module.
Re-initializing criterion.
Re-initializing optimizer.
  epoch    train_f1    train_loss    valid_acc    valid_f1    valid_loss    cp      lr      dur
-------  ----------  ------------  -----------  ----------  ------------  ----  ------  -------
      1      [36m0.9681[0m        [32m0.1581[0m       [35m0.8540[0m      [31m0.8884[0m        [94m0.1985[0m     +  0.0000  41.1822
      2      [36m0.9757[0m        [32m0.1438[0m       0.8424      0.8696        0.2035        0.0000  41.1989
      3      [36m0.9768[0m        [32m0.1404[0m       0.8333      0.8620        0.2032        0.0000  41.2744
      4      [36m0.9771[0m        [32m0.1367[0m       0.8438      0.8772        [94m0.1960[0m     +  0.0000  41.4172
      5      [36m0.9777[0m        [32m0.1339[0m       0.8472      0.8872        [94m0.1913[0m     +  0.0000  41.4715
      6      [36m0.9802[0m        [32m0.1290[0m       [35m0.8587[0m      [31m0.9034[0m        [94m0.1848[0m     +  0.0000  41.4549
      7      [36m0.9809[0m        [32m0.1274[0m       [35m0.8589[0m      [31m0.9038[0m        [94m0.1837[0m     +  0.0000  41.3141
      8      [36m0.9809[0m        [32m0.1254[0m       0.8568      0.9037        0.1838        0.0000  41.3456
      9      0.9807        [32m0.1246[0m       0.8573      0.9003        0.1848        0.0000  41.3585
     10      [36m0.9818[0m        [32m0.1230[0m       0.8552      0.9028        [94m0.1837[0m     +  0.0000  41.2624
     11      [36m0.9822[0m        [32m0.1213[0m       0.8554      [31m0.9042[0m        [94m0.1827[0m     +  0.0000  41.3075
     12      [36m0.9829[0m        [32m0.1210[0m       0.8552      [31m0.9056[0m        [94m0.1823[0m     +  0.0000  41.2962
     13      0.9825        [32m0.1203[0m       0.8554      0.9053        [94m0.1822[0m     +  0.0000  41.2977
     14      [36m0.9836[0m        [32m0.1197[0m       0.8543      0.9051        0.1828        0.0000  41.3247
     15      0.9833        [32m0.1191[0m       0.8543      0.9050        0.1828        0.0000  41.3570
     16      [36m0.9839[0m        [32m0.1189[0m       0.8542      [31m0.9070[0m        [94m0.1821[0m     +  0.0000  41.2123
     17      [36m0.9840[0m        [32m0.1182[0m       0.8538      0.9066        0.1822        0.0000  41.5309
     18      [36m0.9840[0m        [32m0.1180[0m       0.8528      0.9064        0.1825        0.0000  41.5090
     19      [36m0.9845[0m        [32m0.1175[0m       0.8543      0.9069        [94m0.1821[0m     +  0.0000  41.3994
     20      0.9837        0.1183       0.8542      0.9066        0.1821        0.0000  41.4370
     21      0.9842        0.1181       0.8538      [31m0.9082[0m        0.1822        0.0000  41.3275
     22      0.9842        [32m0.1171[0m       0.8542      [31m0.9087[0m        0.1822        0.0000  41.2956
     23      0.9844        [32m0.1171[0m       0.8535      0.9084        0.1822        0.0000  41.3605
     24      0.9841        0.1173       0.8535      0.9080        0.1821        0.0000  41.3877
     25      0.9841        0.1171       0.8543      [31m0.9097[0m        0.1822        0.0000  41.2124
     26      [36m0.9848[0m        [32m0.1165[0m       0.8533      0.9096        0.1824        0.0000  41.3601
     27      0.9843        0.1167       0.8530      0.9094        0.1824        0.0000  41.2457
     28      0.9843        0.1167       0.8533      0.9096        0.1824        0.0000  41.2613
     29      0.9841        0.1168       0.8526      0.9093        0.1825        0.0000  41.4196
Stopping since valid_loss has not improved in the last 11 epochs.
Iteration 11 Test Accuracy: 0.8599
Iteration 11 Test F1 Score (micro): 0.9365
Iteration 11 Test F1 Score (macro): 0.9251
Model checkpoint saved to C:\Users\localuserSKSG\Desktop\Shubham\ActiveLearning/Multilabel_from_multiclass/DinoS/margin_sampling_seed42_test\model_checkpoint_iteration_10.pt

Query 12: Using images from iteration=13 (margin sampling).
Re-initializing module.
Re-initializing criterion.
Re-initializing optimizer.
  epoch    train_f1    train_loss    valid_acc    valid_f1    valid_loss    cp      lr      dur
-------  ----------  ------------  -----------  ----------  ------------  ----  ------  -------
      1      [36m0.9762[0m        [32m0.1244[0m       [35m0.8352[0m      [31m0.9050[0m        [94m0.1829[0m     +  0.0000  67.4365
      2      [36m0.9800[0m        [32m0.1149[0m       [35m0.8512[0m      [31m0.9075[0m        [94m0.1767[0m     +  0.0000  67.5323
      3      [36m0.9808[0m        [32m0.1110[0m       [35m0.8538[0m      0.9062        [94m0.1754[0m     +  0.0000  67.7248
      4      [36m0.9814[0m        [32m0.1070[0m       0.8427      0.9020        0.1776        0.0000  67.5885
      5      [36m0.9820[0m        [32m0.1033[0m       0.8431      0.9013        0.1762        0.0000  67.7361
      6      [36m0.9840[0m        [32m0.0982[0m       0.8491      0.9041        [94m0.1737[0m     +  0.0000  67.6582
      7      [36m0.9846[0m        [32m0.0968[0m       0.8476      0.9035        0.1739        0.0000  67.4570
      8      [36m0.9850[0m        [32m0.0953[0m       0.8495      0.9036        [94m0.1733[0m     +  0.0000  67.6217
      9      [36m0.9858[0m        [32m0.0935[0m       0.8498      0.9051        [94m0.1729[0m     +  0.0000  67.4246
     10      [36m0.9863[0m        [32m0.0918[0m       0.8505      0.9041        [94m0.1727[0m     +  0.0000  67.4554
     11      [36m0.9871[0m        [32m0.0903[0m       0.8465      0.9023        0.1733        0.0000  67.4714
     12      [36m0.9880[0m        [32m0.0894[0m       0.8458      0.9031        0.1741        0.0000  67.3867
     13      [36m0.9882[0m        [32m0.0888[0m       0.8458      0.9029        0.1740        0.0000  67.5924
     14      [36m0.9883[0m        [32m0.0880[0m       0.8467      0.9035        0.1744        0.0000  67.5648
     15      [36m0.9883[0m        [32m0.0874[0m       0.8472      0.9038        0.1740        0.0000  67.5648
     16      [36m0.9885[0m        [32m0.0864[0m       0.8441      0.9023        0.1746        0.0000  67.7583
     17      [36m0.9889[0m        [32m0.0861[0m       0.8432      0.9023        0.1753        0.0000  67.7281
     18      0.9887        [32m0.0860[0m       0.8399      0.9013        0.1759        0.0000  67.6287
     19      [36m0.9890[0m        [32m0.0859[0m       0.8411      0.9017        0.1759        0.0000  67.6232
     20      [36m0.9891[0m        [32m0.0854[0m       0.8451      0.9030        0.1749        0.0000  67.3263
Stopping since valid_loss has not improved in the last 11 epochs.
Iteration 12 Test Accuracy: 0.8623
Iteration 12 Test F1 Score (micro): 0.9359
Iteration 12 Test F1 Score (macro): 0.9249
Model checkpoint saved to C:\Users\localuserSKSG\Desktop\Shubham\ActiveLearning/Multilabel_from_multiclass/DinoS/margin_sampling_seed42_test\model_checkpoint_iteration_11.pt

Query 13: Using images from iteration=14 (margin sampling).
Re-initializing module.
Re-initializing criterion.
Re-initializing optimizer.
  epoch    train_f1    train_loss    valid_acc    valid_f1    valid_loss    cp      lr      dur
-------  ----------  ------------  -----------  ----------  ------------  ----  ------  -------
      1      [36m0.9817[0m        [32m0.0954[0m       [35m0.8156[0m      [31m0.8890[0m        [94m0.1947[0m     +  0.0000  77.9965
      2      [36m0.9849[0m        [32m0.0879[0m       [35m0.8226[0m      [31m0.8974[0m        [94m0.1853[0m     +  0.0000  78.1658
      3      [36m0.9856[0m        [32m0.0838[0m       [35m0.8394[0m      [31m0.8993[0m        [94m0.1710[0m     +  0.0000  77.8963
      4      0.9847        [32m0.0829[0m       0.7696      0.8705        0.2355        0.0000  78.0608
      5      [36m0.9867[0m        [32m0.0782[0m       0.8240      0.8986        0.1881        0.0000  78.0260
      6      [36m0.9881[0m        [32m0.0747[0m       [35m0.8509[0m      [31m0.9020[0m        [94m0.1677[0m     +  0.0000  77.8817
      7      [36m0.9886[0m        [32m0.0729[0m       0.8377      0.8973        0.1733        0.0000  78.0561
      8      [36m0.9892[0m        [32m0.0716[0m       0.8479      0.9007        0.1708        0.0000  77.9572
      9      [36m0.9894[0m        [32m0.0703[0m       0.8472      0.9010        0.1699        0.0000  78.0883
     10      [36m0.9900[0m        [32m0.0692[0m       0.8484      0.9014        0.1716        0.0000  78.3146
     11      [36m0.9906[0m        [32m0.0674[0m       0.8413      0.8984        0.1736        0.0000  78.2293
     12      [36m0.9908[0m        [32m0.0666[0m       0.8424      0.8979        0.1735        0.0000  78.0705
     13      0.9907        [32m0.0661[0m       0.8411      0.8978        0.1747        0.0000  78.1077
     14      [36m0.9909[0m        [32m0.0655[0m       0.8382      0.8965        0.1758        0.0000  78.6557
     15      [36m0.9911[0m        [32m0.0651[0m       0.8425      0.8977        0.1743        0.0000  78.5819
     16      [36m0.9915[0m        [32m0.0645[0m       0.8415      0.8978        0.1753        0.0000  78.7144
Stopping since valid_loss has not improved in the last 11 epochs.
Iteration 13 Test Accuracy: 0.8538
Iteration 13 Test F1 Score (micro): 0.9319
Iteration 13 Test F1 Score (macro): 0.9205
Model checkpoint saved to C:\Users\localuserSKSG\Desktop\Shubham\ActiveLearning/Multilabel_from_multiclass/DinoS/margin_sampling_seed42_test\model_checkpoint_iteration_12.pt

Best F1 score across all iterations: 0.9251
Pickle file saved to C:\Users\localuserSKSG\Desktop\Shubham\ActiveLearning/Multilabel_from_multiclass/DinoS/margin_sampling_seed42_test\AL_margin_sampling_results_for_multilabel_classification_s42.pickle
