Train set shape: (26880, 5)
Val set shape:   (5760, 5)
Test set shape:  (5760, 5)
Selected images DataFrame (Random Sampling):
   Query_Iteration                                     Selected_Image
0                1  Spule035_Image0269.jpg,Spule020_Image0191.jpg,...
1                2  Spule015_Image0480.jpg,Spule025_Image0609.jpg,...
2                3  Spule013_Image0443.jpg,Spule025_Image0034.jpg,...
3                4  Spule009_Image0309.jpg,Spule032_Image0074.jpg,...
4                5  Spule007_Image0378.jpg,Spule009_Image0132.jpg,...

Query 1: Using the exact images and labels from the CSV for this iteration.

Query 1: Using images from iteration=1 (random sampling).
Number of samples used for training in Query 1 is 8
  epoch    train_f1    train_loss    valid_acc    valid_f1    valid_loss    cp      lr     dur
-------  ----------  ------------  -----------  ----------  ------------  ----  ------  ------
      1      [36m0.3535[0m        [32m0.6743[0m       [35m0.2219[0m      [31m0.6712[0m        [94m0.6724[0m     +  0.0000  7.8579
      2      [36m0.6415[0m        [32m0.6580[0m       0.1997      [31m0.7026[0m        0.6876        0.0000  7.3559
      3      [36m0.6796[0m        [32m0.6159[0m       [35m0.2753[0m      0.2984        0.6780        0.0000  7.4254
      4      [36m0.7222[0m        0.6164       [35m0.2872[0m      0.3195        0.6872        0.0000  7.4376
      5      0.7222        [32m0.5965[0m       [35m0.3036[0m      0.4068        0.6840        0.0000  7.4804
      6      [36m0.8426[0m        [32m0.5903[0m       0.3023      0.4010        0.6850        0.0000  7.4988
      7      0.6333        [32m0.5746[0m       [35m0.3087[0m      0.4587        0.6882        0.0000  7.5069
      8      [36m0.8783[0m        [32m0.5166[0m       0.2988      0.4779        0.6887        0.0000  7.5609
      9      0.8320        0.5479       0.3002      0.4798        0.6897        0.0000  7.5685
     10      0.8783        [32m0.5115[0m       0.3042      0.4731        0.6917        0.0000  7.5940
     11      0.7222        0.5467       0.2986      0.4719        0.6922        0.0000  7.5783
Stopping since valid_loss has not improved in the last 11 epochs.
Iteration 1 Test Accuracy: 0.3358
Iteration 1 Test F1 Score (micro): 0.5364
Iteration 1 Test F1 Score (macro): 0.5318
Model checkpoint saved to C:\Users\localuserSKSG\Desktop\Shubham\RandomSampling/Multilabel_from_multiclass/DinoS/random_sampling_seed46_test\model_checkpoint_iteration_0.pt

Query 2: Using the exact images and labels from the CSV for this iteration.

Query 2: Using images from iteration=2 (random sampling).
Number of samples used for training in Query 2 is 24
Re-initializing module.
Re-initializing criterion.
Re-initializing optimizer.
  epoch    train_f1    train_loss    valid_acc    valid_f1    valid_loss    cp      lr     dur
-------  ----------  ------------  -----------  ----------  ------------  ----  ------  ------
      1      [36m0.5673[0m        [32m0.6674[0m       [35m0.1351[0m      [31m0.4096[0m        [94m0.6663[0m     +  0.0000  7.7062
      2      [36m0.8444[0m        [32m0.6376[0m       0.1306      [31m0.4163[0m        0.6733        0.0000  7.7033
      3      0.6236        [32m0.6077[0m       [35m0.1882[0m      [31m0.4447[0m        [94m0.6622[0m     +  0.0000  7.6738
      4      0.6522        [32m0.6056[0m       0.1250      0.4174        0.6743        0.0000  7.6732
      5      0.5846        [32m0.5839[0m       [35m0.3102[0m      [31m0.4480[0m        [94m0.6368[0m     +  0.0000  7.7512
      6      0.6160        [32m0.5691[0m       0.2347      [31m0.4508[0m        0.6436        0.0000  7.6432
      7      0.6987        [32m0.5534[0m       0.2359      [31m0.4664[0m        0.6428        0.0000  7.7153
      8      0.7804        [32m0.5365[0m       0.2344      [31m0.4773[0m        0.6430        0.0000  7.6900
      9      0.6854        [32m0.5130[0m       0.2462      [31m0.5159[0m        0.6439        0.0000  7.6856
     10      0.8296        [32m0.5038[0m       0.2502      0.5086        0.6375        0.0000  7.6738
     11      0.7130        0.5206       0.2401      [31m0.5173[0m        0.6398        0.0000  7.7003
     12      0.7485        0.5276       0.2378      [31m0.5183[0m        0.6382        0.0000  7.7066
     13      0.8046        [32m0.4845[0m       0.2396      [31m0.5291[0m        0.6392        0.0000  7.6682
     14      0.8381        0.4989       0.2408      [31m0.5319[0m        0.6375        0.0000  7.6751
     15      0.7481        0.4903       0.2413      [31m0.5333[0m        [94m0.6367[0m     +  0.0000  7.8237
     16      0.7613        0.4989       0.2417      [31m0.5359[0m        [94m0.6367[0m     +  0.0000  7.7033
     17      0.7664        0.4975       0.2446      [31m0.5423[0m        0.6370        0.0000  7.7212
     18      0.8260        [32m0.4777[0m       0.2455      [31m0.5435[0m        [94m0.6363[0m     +  0.0000  7.7476
     19      0.7614        0.4944       0.2467      [31m0.5445[0m        [94m0.6354[0m     +  0.0000  7.7083
     20      0.7931        [32m0.4707[0m       0.2479      [31m0.5466[0m        [94m0.6351[0m     +  0.0000  7.6790
     21      0.7926        0.4917       0.2465      0.5463        [94m0.6350[0m     +  0.0000  7.6681
     22      0.7030        0.5120       0.2470      0.5463        [94m0.6349[0m     +  0.0000  7.6726
     23      [36m0.8471[0m        0.4735       0.2472      [31m0.5474[0m        [94m0.6347[0m     +  0.0000  7.7026
     24      0.7804        0.4785       0.2483      [31m0.5481[0m        0.6350        0.0000  7.6727
     25      0.7836        0.5068       0.2486      [31m0.5486[0m        0.6349        0.0000  7.7045
     26      0.7677        0.4740       0.2490      [31m0.5490[0m        0.6349        0.0000  7.7510
     27      0.7857        0.5138       0.2488      0.5488        0.6349        0.0000  7.7237
     28      0.8242        0.4790       0.2488      0.5486        0.6348        0.0000  7.7971
     29      0.8080        0.4838       0.2490      0.5489        0.6349        0.0000  7.7970
     30      0.8260        [32m0.4691[0m       0.2491      [31m0.5498[0m        0.6349        0.0000  7.6885
     31      0.7686        0.4828       0.2493      [31m0.5499[0m        0.6349        0.0000  7.6862
     32      0.8370        0.4844       0.2490      0.5497        0.6349        0.0000  7.7284
     33      0.8439        0.4822       0.2491      0.5498        0.6349        0.0000  7.7695
Stopping since valid_loss has not improved in the last 11 epochs.
Iteration 2 Test Accuracy: 0.2573
Iteration 2 Test F1 Score (micro): 0.6058
Iteration 2 Test F1 Score (macro): 0.5297
Model checkpoint saved to C:\Users\localuserSKSG\Desktop\Shubham\RandomSampling/Multilabel_from_multiclass/DinoS/random_sampling_seed46_test\model_checkpoint_iteration_1.pt

Query 3: Using the exact images and labels from the CSV for this iteration.

Query 3: Using images from iteration=3 (random sampling).
Number of samples used for training in Query 3 is 56
Re-initializing module.
Re-initializing criterion.
Re-initializing optimizer.
  epoch    train_f1    train_loss    valid_acc    valid_f1    valid_loss    cp      lr     dur
-------  ----------  ------------  -----------  ----------  ------------  ----  ------  ------
      1      [36m0.6908[0m        [32m0.5832[0m       [35m0.4595[0m      [31m0.0690[0m        [94m0.6184[0m     +  0.0000  7.8626
      2      0.2531        0.6074       0.3665      [31m0.6577[0m        [94m0.6180[0m     +  0.0000  7.7202
      3      [36m0.7817[0m        [32m0.5590[0m       0.3736      0.3372        [94m0.5798[0m     +  0.0000  7.7677
      4      0.4715        0.5639       0.4528      [31m0.6844[0m        [94m0.5599[0m     +  0.0000  7.8199
      5      [36m0.7903[0m        [32m0.5018[0m       [35m0.5139[0m      [31m0.7099[0m        [94m0.5293[0m     +  0.0000  7.7058
      6      [36m0.8035[0m        [32m0.4835[0m       [35m0.5286[0m      [31m0.7312[0m        [94m0.5222[0m     +  0.0000  7.7195
      7      [36m0.8481[0m        [32m0.4648[0m       [35m0.5413[0m      [31m0.7398[0m        [94m0.5146[0m     +  0.0000  7.8186
      8      0.8202        [32m0.4514[0m       [35m0.5630[0m      [31m0.7499[0m        [94m0.5066[0m     +  0.0000  7.7308
      9      0.8287        0.4535       [35m0.5747[0m      [31m0.7538[0m        [94m0.5023[0m     +  0.0000  7.7210
     10      [36m0.8594[0m        [32m0.4332[0m       [35m0.5908[0m      [31m0.7637[0m        [94m0.4959[0m     +  0.0000  7.8105
     11      0.8211        0.4404       [35m0.6005[0m      [31m0.7679[0m        [94m0.4938[0m     +  0.0000  7.7167
     12      [36m0.8727[0m        [32m0.4263[0m       0.6000      [31m0.7703[0m        [94m0.4919[0m     +  0.0000  7.7195
     13      0.8491        0.4301       [35m0.6052[0m      [31m0.7754[0m        [94m0.4905[0m     +  0.0000  7.8049
     14      [36m0.9083[0m        0.4341       [35m0.6095[0m      [31m0.7759[0m        [94m0.4885[0m     +  0.0000  7.7447
     15      0.8386        0.4296       [35m0.6141[0m      [31m0.7801[0m        [94m0.4867[0m     +  0.0000  7.7484
     16      0.8925        [32m0.4198[0m       [35m0.6155[0m      0.7800        [94m0.4860[0m     +  0.0000  7.7642
     17      0.8373        0.4402       [35m0.6161[0m      0.7796        [94m0.4852[0m     +  0.0000  7.7346
     18      0.8551        0.4268       [35m0.6165[0m      [31m0.7805[0m        [94m0.4847[0m     +  0.0000  7.7854
     19      0.8829        [32m0.4157[0m       [35m0.6174[0m      0.7804        [94m0.4839[0m     +  0.0000  7.8111
     20      0.8482        0.4267       [35m0.6201[0m      [31m0.7817[0m        [94m0.4832[0m     +  0.0000  7.7222
     21      0.8691        0.4197       [35m0.6207[0m      [31m0.7827[0m        [94m0.4830[0m     +  0.0000  7.7365
     22      0.8822        0.4252       [35m0.6215[0m      0.7824        [94m0.4827[0m     +  0.0000  7.7675
     23      0.8287        0.4274       [35m0.6220[0m      [31m0.7829[0m        [94m0.4824[0m     +  0.0000  7.7335
     24      0.8747        0.4176       [35m0.6227[0m      [31m0.7838[0m        [94m0.4822[0m     +  0.0000  7.7707
     25      0.8692        0.4249       [35m0.6234[0m      [31m0.7843[0m        [94m0.4820[0m     +  0.0000  7.7519
     26      0.8573        [32m0.4124[0m       [35m0.6236[0m      [31m0.7845[0m        [94m0.4819[0m     +  0.0000  7.7438
     27      0.8997        0.4228       0.6236      0.7845        [94m0.4818[0m     +  0.0000  7.7525
     28      0.8833        0.4237       0.6236      0.7845        [94m0.4817[0m     +  0.0000  7.7630
     29      0.9077        0.4163       [35m0.6241[0m      [31m0.7849[0m        [94m0.4816[0m     +  0.0000  7.7477
     30      0.8457        0.4234       0.6238      0.7847        [94m0.4815[0m     +  0.0000  7.7813
     31      0.8710        [32m0.4094[0m       0.6236      0.7847        [94m0.4815[0m     +  0.0000  7.7512
     32      0.8759        0.4161       0.6238      0.7848        [94m0.4815[0m     +  0.0000  7.7454
     33      0.8916        0.4220       0.6238      0.7848        [94m0.4814[0m     +  0.0000  7.7820
     34      0.8909        0.4131       0.6238      0.7848        [94m0.4814[0m     +  0.0000  7.7957
     35      0.8822        0.4139       0.6238      0.7848        [94m0.4814[0m     +  0.0000  7.7343
     36      0.8941        0.4142       0.6238      [31m0.7849[0m        [94m0.4814[0m     +  0.0000  7.7793
     37      0.8701        0.4174       0.6238      0.7849        [94m0.4813[0m     +  0.0000  7.7342
     38      0.8663        0.4174       0.6240      0.7849        [94m0.4813[0m     +  0.0000  7.7854
     39      0.8727        0.4152       0.6240      [31m0.7850[0m        [94m0.4813[0m     +  0.0000  7.7658
     40      0.8661        0.4276       0.6240      0.7850        [94m0.4813[0m     +  0.0000  7.7485
     41      0.8527        0.4186       0.6240      0.7850        [94m0.4813[0m     +  0.0000  7.7364
     42      0.9045        0.4135       0.6240      0.7850        [94m0.4813[0m     +  0.0000  7.7333
     43      [36m0.9167[0m        0.4105       0.6240      0.7850        [94m0.4813[0m     +  0.0000  7.7420
     44      0.8846        0.4157       0.6240      0.7850        [94m0.4813[0m     +  0.0000  7.7262
     45      0.8778        0.4232       0.6240      0.7850        [94m0.4813[0m     +  0.0000  7.7387
     46      0.8573        0.4151       0.6240      0.7850        [94m0.4813[0m     +  0.0000  7.7526
     47      0.8909        0.4170       0.6240      0.7850        [94m0.4813[0m     +  0.0000  7.7814
     48      0.8622        0.4203       0.6240      0.7850        [94m0.4813[0m     +  0.0000  7.7690
     49      0.8762        0.4227       0.6240      0.7850        [94m0.4813[0m     +  0.0000  7.7468
     50      0.8900        0.4185       0.6240      0.7850        [94m0.4813[0m     +  0.0000  7.8082
     51      0.8244        0.4211       0.6240      0.7850        [94m0.4813[0m     +  0.0000  7.7541
Stopping since valid_loss has not improved in the last 11 epochs.
Iteration 3 Test Accuracy: 0.5889
Iteration 3 Test F1 Score (micro): 0.7834
Iteration 3 Test F1 Score (macro): 0.7575
Model checkpoint saved to C:\Users\localuserSKSG\Desktop\Shubham\RandomSampling/Multilabel_from_multiclass/DinoS/random_sampling_seed46_test\model_checkpoint_iteration_2.pt

Query 4: Using the exact images and labels from the CSV for this iteration.

Query 4: Using images from iteration=4 (random sampling).
Number of samples used for training in Query 4 is 112
Re-initializing module.
Re-initializing criterion.
Re-initializing optimizer.
  epoch    train_f1    train_loss    valid_acc    valid_f1    valid_loss    cp      lr     dur
-------  ----------  ------------  -----------  ----------  ------------  ----  ------  ------
      1      [36m0.8595[0m        [32m0.4529[0m       [35m0.6582[0m      [31m0.7746[0m        [94m0.4554[0m     +  0.0000  8.0142
      2      0.8309        [32m0.4407[0m       0.5747      0.5561        0.4855        0.0000  7.8740
      3      0.6722        0.4741       0.3948      0.6812        0.5894        0.0000  7.8885
      4      0.7475        0.5490       0.6431      0.7686        [94m0.4210[0m     +  0.0000  7.8895
      5      [36m0.8627[0m        [32m0.3998[0m       [35m0.7193[0m      [31m0.8457[0m        [94m0.3991[0m     +  0.0000  7.9830
      6      [36m0.9122[0m        [32m0.3665[0m       0.7158      0.8437        [94m0.3954[0m     +  0.0000  7.8734
      7      0.9009        0.3699       0.7156      0.8429        [94m0.3929[0m     +  0.0000  7.9080
      8      0.8842        0.3708       0.7135      0.8403        [94m0.3905[0m     +  0.0000  7.9533
      9      0.8902        [32m0.3617[0m       0.7137      0.8403        [94m0.3886[0m     +  0.0000  7.8916
     10      0.8922        [32m0.3588[0m       0.7127      0.8394        [94m0.3866[0m     +  0.0000  7.9046
     11      0.8732        0.3701       0.7130      0.8395        [94m0.3859[0m     +  0.0000  7.9210
     12      0.8925        0.3662       0.7130      0.8394        [94m0.3854[0m     +  0.0000  7.9066
     13      0.8919        0.3638       0.7130      0.8396        [94m0.3848[0m     +  0.0000  7.8877
     14      0.9004        [32m0.3512[0m       0.7123      0.8389        [94m0.3841[0m     +  0.0000  7.9284
     15      0.9030        0.3576       0.7122      0.8389        [94m0.3836[0m     +  0.0000  7.9348
     16      0.8834        0.3649       0.7123      0.8389        [94m0.3834[0m     +  0.0000  7.8869
     17      0.9052        0.3544       0.7125      0.8390        [94m0.3832[0m     +  0.0000  7.8892
     18      0.8912        0.3522       0.7122      0.8390        [94m0.3829[0m     +  0.0000  7.9178
     19      0.9004        0.3521       0.7122      0.8392        [94m0.3827[0m     +  0.0000  8.0196
     20      0.8811        0.3624       0.7122      0.8391        [94m0.3825[0m     +  0.0000  7.9070
     21      0.9016        0.3569       0.7123      0.8394        [94m0.3824[0m     +  0.0000  7.8729
     22      0.9053        0.3519       0.7125      0.8394        [94m0.3823[0m     +  0.0000  7.9305
     23      0.8879        0.3585       0.7123      0.8392        [94m0.3822[0m     +  0.0000  7.9185
     24      0.8990        0.3560       0.7125      0.8393        [94m0.3821[0m     +  0.0000  7.9102
     25      0.8988        0.3598       0.7125      0.8393        [94m0.3821[0m     +  0.0000  7.9093
     26      0.8950        0.3564       0.7125      0.8393        [94m0.3820[0m     +  0.0000  7.9257
     27      0.8951        0.3518       0.7125      0.8393        [94m0.3820[0m     +  0.0000  7.9516
     28      0.8916        [32m0.3506[0m       0.7123      0.8391        [94m0.3820[0m     +  0.0000  7.9244
     29      0.9118        0.3575       0.7123      0.8391        [94m0.3819[0m     +  0.0000  7.9166
     30      0.9106        [32m0.3448[0m       0.7120      0.8389        [94m0.3819[0m     +  0.0000  7.9817
     31      0.8962        0.3531       0.7120      0.8389        [94m0.3819[0m     +  0.0000  7.8726
     32      0.8912        0.3523       0.7120      0.8389        [94m0.3819[0m     +  0.0000  7.8796
     33      0.8974        0.3505       0.7120      0.8389        [94m0.3819[0m     +  0.0000  7.9203
     34      0.8998        0.3504       0.7120      0.8389        [94m0.3819[0m     +  0.0000  7.9498
     35      0.8913        0.3505       0.7120      0.8389        [94m0.3819[0m     +  0.0000  7.9185
     36      0.8955        0.3532       0.7120      0.8389        [94m0.3819[0m     +  0.0000  7.9092
     37      0.8938        0.3551       0.7120      0.8389        [94m0.3818[0m     +  0.0000  7.9142
     38      0.8883        0.3524       0.7120      0.8389        [94m0.3818[0m     +  0.0000  7.8908
     39      0.8922        0.3523       0.7120      0.8389        [94m0.3818[0m     +  0.0000  7.9374
     40      0.8975        0.3565       0.7120      0.8389        [94m0.3818[0m     +  0.0000  7.9259
     41      0.8807        0.3489       0.7120      0.8389        [94m0.3818[0m     +  0.0000  7.9030
     42      0.8981        0.3490       0.7120      0.8389        [94m0.3818[0m     +  0.0000  7.9224
     43      0.9065        0.3579       0.7120      0.8389        [94m0.3818[0m     +  0.0000  7.9577
     44      0.8900        0.3575       0.7120      0.8389        [94m0.3818[0m     +  0.0000  7.9052
     45      [36m0.9183[0m        0.3509       0.7120      0.8389        [94m0.3818[0m     +  0.0000  7.9512
Stopping since valid_loss has not improved in the last 11 epochs.
Iteration 4 Test Accuracy: 0.7332
Iteration 4 Test F1 Score (micro): 0.8558
Iteration 4 Test F1 Score (macro): 0.8323
Model checkpoint saved to C:\Users\localuserSKSG\Desktop\Shubham\RandomSampling/Multilabel_from_multiclass/DinoS/random_sampling_seed46_test\model_checkpoint_iteration_3.pt

Query 5: Using the exact images and labels from the CSV for this iteration.

Query 5: Using images from iteration=5 (random sampling).
Number of samples used for training in Query 5 is 208
Re-initializing module.
Re-initializing criterion.
Re-initializing optimizer.
  epoch    train_f1    train_loss    valid_acc    valid_f1    valid_loss    cp      lr     dur
-------  ----------  ------------  -----------  ----------  ------------  ----  ------  ------
      1      [36m0.8769[0m        [32m0.3617[0m       [35m0.4698[0m      [31m0.2021[0m        [94m0.5578[0m     +  0.0000  8.2690
      2      0.6409        0.4693       [35m0.7172[0m      [31m0.8517[0m        [94m0.3565[0m     +  0.0000  8.1638
      3      0.8741        [32m0.3277[0m       [35m0.7186[0m      [31m0.8531[0m        [94m0.3501[0m     +  0.0000  8.1410
      4      [36m0.8801[0m        [32m0.3241[0m       [35m0.7188[0m      [31m0.8546[0m        [94m0.3451[0m     +  0.0000  8.1445
      5      [36m0.8953[0m        [32m0.3175[0m       [35m0.7208[0m      [31m0.8564[0m        [94m0.3396[0m     +  0.0000  8.1353
      6      0.8870        [32m0.3146[0m       [35m0.7238[0m      [31m0.8574[0m        [94m0.3373[0m     +  0.0000  8.1403
      7      0.8764        0.3166       0.7233      0.8567        [94m0.3349[0m     +  0.0000  8.1372
      8      [36m0.8976[0m        [32m0.3087[0m       [35m0.7243[0m      [31m0.8577[0m        [94m0.3331[0m     +  0.0000  8.1637
      9      0.8857        [32m0.3087[0m       [35m0.7252[0m      [31m0.8583[0m        [94m0.3322[0m     +  0.0000  8.1520
     10      0.8867        0.3132       [35m0.7266[0m      [31m0.8591[0m        [94m0.3308[0m     +  0.0000  8.1393
     11      0.8876        0.3124       [35m0.7273[0m      [31m0.8594[0m        [94m0.3299[0m     +  0.0000  8.1513
     12      [36m0.8981[0m        [32m0.3032[0m       0.7273      [31m0.8595[0m        [94m0.3293[0m     +  0.0000  8.1586
     13      0.8930        0.3124       0.7267      0.8594        [94m0.3293[0m     +  0.0000  8.1411
     14      0.8916        0.3069       [35m0.7276[0m      [31m0.8598[0m        [94m0.3284[0m     +  0.0000  8.1705
     15      [36m0.8984[0m        0.3057       [35m0.7278[0m      [31m0.8600[0m        [94m0.3280[0m     +  0.0000  8.1924
     16      0.8790        [32m0.3021[0m       0.7278      [31m0.8603[0m        [94m0.3279[0m     +  0.0000  8.1531
     17      0.8937        0.3038       0.7276      0.8601        [94m0.3277[0m     +  0.0000  8.1913
     18      0.8907        [32m0.3020[0m       0.7276      0.8601        [94m0.3275[0m     +  0.0000  8.1630
     19      0.8921        0.3028       0.7274      0.8601        [94m0.3273[0m     +  0.0000  8.1631
     20      0.8921        0.3075       0.7271      0.8599        [94m0.3272[0m     +  0.0000  8.1274
     21      0.8877        0.3072       0.7273      0.8600        [94m0.3271[0m     +  0.0000  8.1476
     22      0.8881        0.3020       0.7271      0.8599        [94m0.3270[0m     +  0.0000  8.1512
     23      0.8862        [32m0.2975[0m       0.7271      0.8599        [94m0.3270[0m     +  0.0000  8.1103
     24      0.8903        0.3020       0.7271      0.8599        [94m0.3269[0m     +  0.0000  8.2038
     25      0.8828        0.3080       0.7273      0.8600        [94m0.3268[0m     +  0.0000  8.1336
     26      0.8880        0.3028       0.7273      0.8600        [94m0.3268[0m     +  0.0000  8.2339
     27      0.8903        0.3050       0.7273      0.8601        [94m0.3268[0m     +  0.0000  8.1412
     28      0.8870        0.3072       0.7273      0.8601        [94m0.3267[0m     +  0.0000  8.1399
     29      0.8912        0.3051       0.7274      0.8601        [94m0.3267[0m     +  0.0000  8.1450
     30      0.8970        0.3004       0.7274      0.8601        [94m0.3267[0m     +  0.0000  8.1272
     31      0.8939        0.3025       0.7274      0.8601        [94m0.3266[0m     +  0.0000  8.1222
     32      0.8890        0.3038       0.7274      0.8601        [94m0.3266[0m     +  0.0000  8.2216
     33      0.8940        0.3020       0.7274      0.8601        [94m0.3266[0m     +  0.0000  8.1868
     34      0.8965        0.3079       0.7274      0.8601        [94m0.3266[0m     +  0.0000  8.1601
     35      [36m0.9028[0m        0.3016       0.7274      0.8601        [94m0.3266[0m     +  0.0000  8.1290
     36      [36m0.9038[0m        0.3012       0.7274      0.8601        [94m0.3266[0m     +  0.0000  8.1737
     37      0.8963        [32m0.2963[0m       0.7274      0.8601        [94m0.3266[0m     +  0.0000  8.1385
     38      0.8838        0.3059       0.7274      0.8601        [94m0.3266[0m     +  0.0000  8.1571
     39      0.8882        0.3017       0.7274      0.8601        [94m0.3266[0m     +  0.0000  8.1735
     40      0.8989        0.2973       0.7274      0.8601        [94m0.3266[0m     +  0.0000  8.1907
     41      0.8905        0.3002       0.7274      0.8601        [94m0.3266[0m     +  0.0000  8.1709
     42      [36m0.9054[0m        0.2981       0.7274      0.8601        [94m0.3266[0m     +  0.0000  8.1708
     43      0.8923        0.3045       0.7274      0.8601        [94m0.3266[0m     +  0.0000  8.0822
     44      0.8867        0.3040       0.7274      0.8601        [94m0.3266[0m     +  0.0000  8.1537
     45      0.8886        0.3047       0.7276      0.8602        [94m0.3266[0m     +  0.0000  8.1268
     46      0.8950        0.2991       0.7276      0.8602        [94m0.3266[0m     +  0.0000  8.2187
     47      0.8963        0.3019       0.7276      0.8602        0.3266        0.0000  8.1580
     48      0.8867        [32m0.2941[0m       0.7276      0.8602        [94m0.3266[0m     +  0.0000  8.1265
     49      0.8829        0.2996       0.7276      0.8602        [94m0.3266[0m     +  0.0000  8.1754
     50      0.8959        0.2985       0.7276      0.8602        [94m0.3266[0m     +  0.0000  8.1535
     51      0.8926        0.3032       0.7276      0.8602        [94m0.3266[0m     +  0.0000  8.1721
     52      0.9023        0.3017       0.7276      0.8602        [94m0.3266[0m     +  0.0000  8.1560
     53      0.8877        0.3044       0.7276      0.8602        [94m0.3266[0m     +  0.0000  8.1253
     54      0.9015        0.3017       0.7276      0.8602        [94m0.3266[0m     +  0.0000  8.1563
     55      0.9002        0.2980       0.7276      0.8602        [94m0.3266[0m     +  0.0000  8.1947
Stopping since valid_loss has not improved in the last 11 epochs.
Iteration 5 Test Accuracy: 0.7615
Iteration 5 Test F1 Score (micro): 0.8766
Iteration 5 Test F1 Score (macro): 0.8560
Model checkpoint saved to C:\Users\localuserSKSG\Desktop\Shubham\RandomSampling/Multilabel_from_multiclass/DinoS/random_sampling_seed46_test\model_checkpoint_iteration_4.pt

Query 6: Using the exact images and labels from the CSV for this iteration.

Query 6: Using images from iteration=6 (random sampling).
Number of samples used for training in Query 6 is 384
Re-initializing module.
Re-initializing criterion.
Re-initializing optimizer.
  epoch    train_f1    train_loss    valid_acc    valid_f1    valid_loss    cp      lr     dur
-------  ----------  ------------  -----------  ----------  ------------  ----  ------  ------
      1      [36m0.7770[0m        [32m0.3853[0m       [35m0.6901[0m      [31m0.8275[0m        [94m0.3396[0m     +  0.0000  8.7654
      2      [36m0.8829[0m        [32m0.3066[0m       [35m0.7269[0m      [31m0.8559[0m        [94m0.3118[0m     +  0.0000  8.6068
      3      [36m0.8854[0m        [32m0.2912[0m       [35m0.7288[0m      0.8537        [94m0.3069[0m     +  0.0000  8.6114
      4      [36m0.8885[0m        [32m0.2881[0m       [35m0.7342[0m      [31m0.8577[0m        [94m0.3030[0m     +  0.0000  8.6875
      5      [36m0.8899[0m        [32m0.2828[0m       [35m0.7382[0m      [31m0.8580[0m        [94m0.2991[0m     +  0.0000  8.6291
      6      [36m0.9028[0m        0.2836       [35m0.7392[0m      [31m0.8603[0m        [94m0.2981[0m     +  0.0000  8.6117
      7      [36m0.9056[0m        [32m0.2765[0m       0.7385      0.8594        [94m0.2974[0m     +  0.0000  8.6401
      8      0.8937        0.2810       [35m0.7406[0m      [31m0.8613[0m        [94m0.2963[0m     +  0.0000  8.6097
      9      0.9032        [32m0.2756[0m       [35m0.7451[0m      [31m0.8625[0m        [94m0.2947[0m     +  0.0000  8.6236
     10      [36m0.9062[0m        [32m0.2741[0m       0.7450      [31m0.8626[0m        [94m0.2937[0m     +  0.0000  8.6990
     11      0.9029        [32m0.2727[0m       [35m0.7453[0m      [31m0.8632[0m        [94m0.2934[0m     +  0.0000  8.5953
     12      0.9013        0.2729       [35m0.7455[0m      0.8630        [94m0.2931[0m     +  0.0000  8.6083
     13      [36m0.9097[0m        [32m0.2692[0m       [35m0.7462[0m      [31m0.8635[0m        [94m0.2927[0m     +  0.0000  8.6108
     14      0.8962        0.2723       0.7457      0.8632        [94m0.2925[0m     +  0.0000  8.6459
     15      0.9066        [32m0.2690[0m       [35m0.7467[0m      [31m0.8636[0m        [94m0.2921[0m     +  0.0000  8.6066
     16      0.9028        0.2757       0.7467      [31m0.8638[0m        [94m0.2919[0m     +  0.0000  8.6423
     17      0.9016        [32m0.2684[0m       [35m0.7472[0m      [31m0.8639[0m        [94m0.2917[0m     +  0.0000  8.6107
     18      0.8967        0.2713       0.7470      [31m0.8641[0m        [94m0.2916[0m     +  0.0000  8.5997
     19      0.9062        0.2703       0.7467      0.8637        [94m0.2915[0m     +  0.0000  8.6548
     20      0.9049        [32m0.2650[0m       0.7467      0.8637        [94m0.2913[0m     +  0.0000  8.5809
     21      0.8949        0.2698       0.7465      0.8636        [94m0.2913[0m     +  0.0000  8.7081
     22      0.9003        0.2727       0.7469      0.8640        [94m0.2912[0m     +  0.0000  8.6069
     23      0.9078        0.2692       0.7469      0.8638        [94m0.2911[0m     +  0.0000  8.6093
     24      0.9006        0.2718       0.7469      0.8640        [94m0.2911[0m     +  0.0000  8.6455
     25      0.9014        0.2707       0.7469      0.8640        [94m0.2910[0m     +  0.0000  8.5968
     26      0.9002        0.2731       0.7469      0.8640        [94m0.2910[0m     +  0.0000  8.6561
     27      0.9005        0.2717       0.7469      0.8640        [94m0.2910[0m     +  0.0000  8.6138
     28      0.9015        0.2720       0.7469      0.8640        [94m0.2910[0m     +  0.0000  8.6410
     29      0.9072        0.2700       0.7469      0.8640        [94m0.2910[0m     +  0.0000  8.7053
     30      0.9082        0.2686       0.7467      0.8638        [94m0.2909[0m     +  0.0000  8.6085
     31      0.8990        0.2719       0.7467      0.8639        [94m0.2909[0m     +  0.0000  8.5919
     32      0.9065        0.2721       0.7469      0.8640        [94m0.2909[0m     +  0.0000  8.6224
     33      0.9088        0.2703       0.7470      0.8641        [94m0.2909[0m     +  0.0000  8.6256
     34      0.8990        0.2683       0.7470      0.8641        [94m0.2909[0m     +  0.0000  8.6683
     35      0.9092        0.2741       0.7470      0.8641        [94m0.2909[0m     +  0.0000  8.5949
     36      [36m0.9131[0m        0.2672       0.7470      0.8641        [94m0.2909[0m     +  0.0000  8.6540
     37      0.9050        0.2686       [35m0.7474[0m      [31m0.8643[0m        [94m0.2909[0m     +  0.0000  8.5945
     38      0.9084        0.2677       0.7470      0.8641        [94m0.2909[0m     +  0.0000  8.6407
     39      [36m0.9157[0m        0.2669       0.7470      0.8641        [94m0.2909[0m     +  0.0000  8.6252
     40      0.9052        0.2733       0.7470      0.8641        [94m0.2909[0m     +  0.0000  8.6095
     41      0.9018        0.2702       0.7470      0.8641        [94m0.2909[0m     +  0.0000  8.6305
     42      0.8964        0.2741       0.7470      0.8641        [94m0.2909[0m     +  0.0000  8.5807
     43      0.9044        0.2713       0.7470      0.8641        [94m0.2909[0m     +  0.0000  8.6869
     44      0.9079        0.2744       0.7470      0.8641        [94m0.2909[0m     +  0.0000  8.6406
     45      0.9024        0.2704       0.7470      0.8641        [94m0.2909[0m     +  0.0000  8.6288
Stopping since valid_loss has not improved in the last 11 epochs.
Iteration 6 Test Accuracy: 0.7701
Iteration 6 Test F1 Score (micro): 0.8797
Iteration 6 Test F1 Score (macro): 0.8610
Model checkpoint saved to C:\Users\localuserSKSG\Desktop\Shubham\RandomSampling/Multilabel_from_multiclass/DinoS/random_sampling_seed46_test\model_checkpoint_iteration_5.pt

Query 7: Using the exact images and labels from the CSV for this iteration.

Query 7: Using images from iteration=7 (random sampling).
Number of samples used for training in Query 7 is 704
Re-initializing module.
Re-initializing criterion.
Re-initializing optimizer.
  epoch    train_f1    train_loss    valid_acc    valid_f1    valid_loss    cp      lr     dur
-------  ----------  ------------  -----------  ----------  ------------  ----  ------  ------
      1      [36m0.8462[0m        [32m0.3177[0m       [35m0.7543[0m      [31m0.8771[0m        [94m0.2840[0m     +  0.0000  9.6473
      2      [36m0.8959[0m        [32m0.2614[0m       [35m0.7604[0m      [31m0.8796[0m        [94m0.2791[0m     +  0.0000  9.4657
      3      0.8930        [32m0.2589[0m       [35m0.7655[0m      [31m0.8811[0m        [94m0.2729[0m     +  0.0000  9.4732
      4      0.8938        [32m0.2534[0m       [35m0.7703[0m      [31m0.8816[0m        [94m0.2691[0m     +  0.0000  9.4524
      5      [36m0.9088[0m        [32m0.2480[0m       0.7703      [31m0.8835[0m        [94m0.2689[0m     +  0.0000  9.4661
      6      0.9037        [32m0.2435[0m       [35m0.7783[0m      0.8819        [94m0.2631[0m     +  0.0000  9.4703
      7      0.9039        0.2447       0.7755      0.8792        [94m0.2616[0m     +  0.0000  9.4051
      8      [36m0.9141[0m        [32m0.2397[0m       [35m0.7792[0m      0.8819        [94m0.2609[0m     +  0.0000  9.4553
      9      0.9128        [32m0.2372[0m       [35m0.7802[0m      0.8806        [94m0.2597[0m     +  0.0000  9.4144
     10      [36m0.9235[0m        [32m0.2353[0m       [35m0.7807[0m      0.8816        [94m0.2589[0m     +  0.0000  9.4714
     11      0.9157        0.2369       0.7778      0.8822        [94m0.2588[0m     +  0.0000  9.4043
     12      0.9145        [32m0.2351[0m       [35m0.7812[0m      0.8828        [94m0.2584[0m     +  0.0000  9.5168
     13      0.9139        [32m0.2340[0m       [35m0.7826[0m      0.8833        [94m0.2581[0m     +  0.0000  9.3883
     14      0.9126        0.2376       0.7826      [31m0.8837[0m        [94m0.2579[0m     +  0.0000  9.4844
     15      0.9205        [32m0.2334[0m       0.7826      0.8834        [94m0.2574[0m     +  0.0000  9.4529
     16      0.9159        0.2352       [35m0.7830[0m      [31m0.8843[0m        [94m0.2574[0m     +  0.0000  9.4692
     17      0.9192        [32m0.2329[0m       0.7823      [31m0.8845[0m        [94m0.2574[0m     +  0.0000  9.4512
     18      0.9184        [32m0.2324[0m       0.7811      0.8837        [94m0.2571[0m     +  0.0000  9.4502
     19      0.9176        0.2352       0.7814      0.8837        [94m0.2570[0m     +  0.0000  9.5000
     20      0.9187        0.2353       0.7818      0.8837        [94m0.2567[0m     +  0.0000  9.4389
     21      0.9203        0.2329       0.7812      0.8837        0.2567        0.0000  9.4540
     22      0.9147        [32m0.2313[0m       0.7811      0.8837        [94m0.2567[0m     +  0.0000  9.4604
     23      0.9195        0.2344       0.7814      0.8840        [94m0.2567[0m     +  0.0000  9.4519
     24      0.9194        0.2323       0.7825      0.8845        [94m0.2566[0m     +  0.0000  9.4075
     25      0.9212        0.2318       0.7825      0.8844        [94m0.2566[0m     +  0.0000  9.5459
     26      0.9224        [32m0.2306[0m       0.7826      [31m0.8845[0m        [94m0.2565[0m     +  0.0000  9.4420
     27      0.9157        [32m0.2303[0m       0.7821      0.8842        [94m0.2565[0m     +  0.0000  9.4733
     28      0.9167        0.2332       0.7825      0.8845        [94m0.2565[0m     +  0.0000  9.4044
     29      0.9153        0.2312       0.7826      [31m0.8845[0m        [94m0.2565[0m     +  0.0000  9.4770
     30      0.9187        0.2359       0.7826      0.8844        [94m0.2564[0m     +  0.0000  9.4187
     31      0.9216        [32m0.2293[0m       0.7825      0.8843        0.2564        0.0000  9.4831
     32      0.9234        0.2322       0.7826      0.8845        0.2564        0.0000  9.4206
     33      0.9184        0.2312       0.7828      [31m0.8846[0m        [94m0.2564[0m     +  0.0000  9.4680
     34      0.9231        0.2310       0.7826      0.8844        [94m0.2564[0m     +  0.0000  9.4535
     35      0.9162        0.2315       0.7823      0.8844        [94m0.2564[0m     +  0.0000  9.4690
     36      0.9119        0.2336       0.7825      0.8844        [94m0.2564[0m     +  0.0000  9.4177
     37      0.9196        0.2317       0.7825      0.8844        [94m0.2564[0m     +  0.0000  9.5156
     38      0.9185        0.2329       0.7825      0.8844        [94m0.2564[0m     +  0.0000  9.4240
     39      0.9168        0.2328       0.7825      0.8844        [94m0.2564[0m     +  0.0000  9.4532
     40      0.9203        0.2343       0.7825      0.8844        [94m0.2564[0m     +  0.0000  9.3937
     41      [36m0.9254[0m        0.2335       0.7825      0.8844        [94m0.2564[0m     +  0.0000  9.4558
     42      0.9223        0.2310       0.7825      0.8844        [94m0.2564[0m     +  0.0000  9.4026
     43      0.9158        0.2349       0.7825      0.8844        [94m0.2564[0m     +  0.0000  9.4666
     44      0.9204        0.2322       0.7825      0.8844        [94m0.2564[0m     +  0.0000  9.4712
     45      0.9226        0.2314       0.7825      0.8844        [94m0.2564[0m     +  0.0000  9.4360
Stopping since valid_loss has not improved in the last 11 epochs.
Iteration 7 Test Accuracy: 0.8161
Iteration 7 Test F1 Score (micro): 0.9027
Iteration 7 Test F1 Score (macro): 0.8826
Model checkpoint saved to C:\Users\localuserSKSG\Desktop\Shubham\RandomSampling/Multilabel_from_multiclass/DinoS/random_sampling_seed46_test\model_checkpoint_iteration_6.pt

Query 8: Using the exact images and labels from the CSV for this iteration.

Query 8: Using images from iteration=8 (random sampling).
Number of samples used for training in Query 8 is 1264
Re-initializing module.
Re-initializing criterion.
Re-initializing optimizer.
  epoch    train_f1    train_loss    valid_acc    valid_f1    valid_loss    cp      lr      dur
-------  ----------  ------------  -----------  ----------  ------------  ----  ------  -------
      1      [36m0.8725[0m        [32m0.2748[0m       [35m0.7670[0m      [31m0.8593[0m        [94m0.2631[0m     +  0.0000  11.2626
      2      [36m0.9039[0m        [32m0.2377[0m       [35m0.7679[0m      [31m0.8595[0m        [94m0.2564[0m     +  0.0000  10.9369
      3      [36m0.9088[0m        [32m0.2349[0m       [35m0.7776[0m      [31m0.8658[0m        [94m0.2520[0m     +  0.0000  10.8439
      4      [36m0.9186[0m        [32m0.2245[0m       [35m0.7821[0m      [31m0.8686[0m        [94m0.2497[0m     +  0.0000  10.9051
      5      [36m0.9217[0m        [32m0.2212[0m       [35m0.7913[0m      [31m0.8786[0m        [94m0.2448[0m     +  0.0000  10.8708
      6      [36m0.9290[0m        [32m0.2143[0m       [35m0.8009[0m      [31m0.8812[0m        [94m0.2428[0m     +  0.0000  10.9313
      7      0.9282        0.2162       0.7990      0.8803        [94m0.2424[0m     +  0.0000  10.9639
      8      0.9287        0.2157       [35m0.8012[0m      [31m0.8817[0m        [94m0.2413[0m     +  0.0000  10.9050
      9      [36m0.9345[0m        [32m0.2124[0m       0.7984      0.8798        [94m0.2411[0m     +  0.0000  10.9549
     10      0.9310        [32m0.2100[0m       [35m0.8016[0m      0.8812        [94m0.2402[0m     +  0.0000  10.9619
     11      0.9334        [32m0.2095[0m       [35m0.8019[0m      [31m0.8881[0m        [94m0.2383[0m     +  0.0000  10.9996
     12      [36m0.9366[0m        [32m0.2077[0m       [35m0.8045[0m      [31m0.8899[0m        [94m0.2377[0m     +  0.0000  11.6594
     13      [36m0.9409[0m        0.2080       [35m0.8056[0m      [31m0.8904[0m        [94m0.2374[0m     +  0.0000  11.2834
     14      0.9360        0.2106       [35m0.8059[0m      0.8901        [94m0.2372[0m     +  0.0000  10.9667
     15      0.9377        0.2083       [35m0.8066[0m      0.8901        [94m0.2371[0m     +  0.0000  10.9227
     16      0.9387        [32m0.2055[0m       [35m0.8082[0m      [31m0.8931[0m        [94m0.2368[0m     +  0.0000  10.8920
     17      0.9374        0.2059       0.8076      0.8926        [94m0.2368[0m     +  0.0000  10.9083
     18      0.9405        0.2094       0.8080      [31m0.8936[0m        [94m0.2366[0m     +  0.0000  10.9141
     19      0.9369        0.2067       0.8080      [31m0.8937[0m        [94m0.2365[0m     +  0.0000  10.8661
     20      0.9343        0.2073       0.8080      [31m0.8938[0m        0.2365        0.0000  10.9275
     21      0.9406        0.2090       0.8080      [31m0.8939[0m        [94m0.2365[0m     +  0.0000  10.9385
     22      0.9398        [32m0.2051[0m       0.8076      [31m0.8942[0m        [94m0.2364[0m     +  0.0000  10.9657
     23      [36m0.9454[0m        0.2055       0.8076      0.8942        [94m0.2364[0m     +  0.0000  10.8678
     24      0.9367        0.2073       0.8078      [31m0.8943[0m        [94m0.2363[0m     +  0.0000  10.8518
     25      0.9365        0.2062       0.8080      [31m0.8944[0m        [94m0.2363[0m     +  0.0000  10.8844
     26      [36m0.9455[0m        0.2057       0.8073      0.8941        [94m0.2363[0m     +  0.0000  10.8360
     27      0.9398        [32m0.2048[0m       0.8075      0.8941        [94m0.2363[0m     +  0.0000  10.8236
     28      0.9407        [32m0.2039[0m       0.8075      0.8941        [94m0.2362[0m     +  0.0000  10.8214
     29      0.9386        0.2063       0.8075      0.8941        [94m0.2362[0m     +  0.0000  10.9163
     30      0.9382        0.2044       0.8076      0.8941        [94m0.2362[0m     +  0.0000  10.8529
     31      0.9389        0.2042       0.8075      0.8941        [94m0.2362[0m     +  0.0000  10.8220
     32      0.9398        0.2039       0.8076      0.8942        [94m0.2362[0m     +  0.0000  10.9015
     33      0.9376        0.2049       0.8076      0.8942        [94m0.2362[0m     +  0.0000  10.8219
     34      0.9383        0.2074       0.8073      0.8940        [94m0.2362[0m     +  0.0000  10.9003
     35      0.9394        0.2057       0.8075      0.8941        [94m0.2362[0m     +  0.0000  10.8686
     36      0.9408        0.2047       0.8075      0.8941        [94m0.2362[0m     +  0.0000  10.8855
     37      0.9445        0.2057       0.8073      0.8940        0.2362        0.0000  10.9160
     38      0.9404        0.2046       0.8073      0.8940        [94m0.2362[0m     +  0.0000  10.8204
     39      0.9387        0.2052       0.8073      0.8940        [94m0.2362[0m     +  0.0000  10.9028
     40      0.9378        0.2050       0.8073      0.8940        [94m0.2362[0m     +  0.0000  10.8987
     41      0.9391        0.2052       0.8073      0.8940        [94m0.2362[0m     +  0.0000  10.9012
     42      0.9406        0.2048       0.8073      0.8940        [94m0.2362[0m     +  0.0000  10.8697
     43      0.9396        0.2060       0.8073      0.8940        [94m0.2362[0m     +  0.0000  10.8381
     44      0.9362        0.2054       0.8073      0.8940        [94m0.2362[0m     +  0.0000  10.8991
     45      0.9370        0.2087       0.8073      0.8940        [94m0.2362[0m     +  0.0000  10.8515
     46      0.9407        0.2042       0.8073      0.8940        0.2362        0.0000  10.9766
     47      0.9389        0.2051       0.8073      0.8940        0.2362        0.0000  10.8514
     48      0.9410        0.2067       0.8073      0.8940        0.2362        0.0000  10.8843
     49      [36m0.9457[0m        0.2051       0.8073      0.8940        [94m0.2362[0m     +  0.0000  10.9269
Stopping since valid_loss has not improved in the last 11 epochs.
Iteration 8 Test Accuracy: 0.8345
Iteration 8 Test F1 Score (micro): 0.9108
Iteration 8 Test F1 Score (macro): 0.8923
Model checkpoint saved to C:\Users\localuserSKSG\Desktop\Shubham\RandomSampling/Multilabel_from_multiclass/DinoS/random_sampling_seed46_test\model_checkpoint_iteration_7.pt

Query 9: Using the exact images and labels from the CSV for this iteration.

Query 9: Using images from iteration=9 (random sampling).
Number of samples used for training in Query 9 is 2264
Re-initializing module.
Re-initializing criterion.
Re-initializing optimizer.
  epoch    train_f1    train_loss    valid_acc    valid_f1    valid_loss    cp      lr      dur
-------  ----------  ------------  -----------  ----------  ------------  ----  ------  -------
      1      [36m0.9099[0m        [32m0.2306[0m       [35m0.7937[0m      [31m0.8925[0m        [94m0.2393[0m     +  0.0000  13.7921
      2      [36m0.9351[0m        [32m0.2046[0m       0.7866      0.8904        0.2449        0.0000  13.3701
      3      [36m0.9435[0m        [32m0.1983[0m       [35m0.7950[0m      [31m0.8946[0m        [94m0.2390[0m     +  0.0000  13.4505
      4      [36m0.9498[0m        [32m0.1940[0m       [35m0.7988[0m      [31m0.8956[0m        [94m0.2380[0m     +  0.0000  13.4638
      5      0.9483        [32m0.1871[0m       [35m0.8033[0m      [31m0.8968[0m        [94m0.2354[0m     +  0.0000  13.4947
      6      0.9491        [32m0.1851[0m       [35m0.8139[0m      [31m0.8981[0m        [94m0.2240[0m     +  0.0000  13.4970
      7      [36m0.9520[0m        [32m0.1827[0m       0.8125      0.8977        [94m0.2236[0m     +  0.0000  13.4950
      8      [36m0.9554[0m        0.1827       [35m0.8177[0m      [31m0.9007[0m        [94m0.2228[0m     +  0.0000  13.4802
      9      [36m0.9560[0m        [32m0.1800[0m       0.8153      0.8996        [94m0.2222[0m     +  0.0000  13.5255
     10      0.9549        [32m0.1797[0m       [35m0.8193[0m      [31m0.9021[0m        [94m0.2219[0m     +  0.0000  13.4637
     11      [36m0.9589[0m        [32m0.1768[0m       [35m0.8203[0m      0.9012        [94m0.2204[0m     +  0.0000  13.5294
     12      0.9578        0.1771       0.8196      0.9003        [94m0.2197[0m     +  0.0000  13.5246
     13      0.9568        0.1773       [35m0.8212[0m      0.9009        [94m0.2194[0m     +  0.0000  13.5600
     14      0.9571        [32m0.1754[0m       [35m0.8220[0m      0.9017        [94m0.2191[0m     +  0.0000  13.5121
     15      [36m0.9610[0m        [32m0.1745[0m       0.8217      0.9014        [94m0.2190[0m     +  0.0000  13.5100
     16      0.9570        0.1751       [35m0.8252[0m      [31m0.9028[0m        [94m0.2185[0m     +  0.0000  13.5106
     17      0.9607        0.1749       [35m0.8253[0m      0.9026        [94m0.2183[0m     +  0.0000  13.5140
     18      0.9591        0.1753       [35m0.8257[0m      [31m0.9032[0m        0.2184        0.0000  13.4184
     19      [36m0.9611[0m        [32m0.1739[0m       0.8257      0.9030        [94m0.2182[0m     +  0.0000  13.5099
     20      0.9595        [32m0.1736[0m       [35m0.8264[0m      [31m0.9038[0m        [94m0.2182[0m     +  0.0000  13.4477
     21      [36m0.9617[0m        [32m0.1731[0m       0.8264      0.9035        [94m0.2180[0m     +  0.0000  13.4651
     22      0.9607        0.1743       [35m0.8266[0m      0.9035        [94m0.2179[0m     +  0.0000  13.4331
     23      0.9595        0.1743       0.8266      0.9036        [94m0.2179[0m     +  0.0000  13.4801
     24      0.9586        0.1734       [35m0.8267[0m      0.9036        [94m0.2179[0m     +  0.0000  13.4656
     25      0.9576        [32m0.1730[0m       0.8262      0.9032        [94m0.2178[0m     +  0.0000  13.4977
     26      0.9587        0.1732       0.8264      0.9034        0.2178        0.0000  13.4013
     27      [36m0.9628[0m        [32m0.1716[0m       0.8267      0.9035        [94m0.2177[0m     +  0.0000  13.4952
     28      0.9609        0.1734       0.8267      0.9035        [94m0.2177[0m     +  0.0000  13.4359
     29      0.9586        0.1735       0.8267      0.9036        0.2177        0.0000  13.4186
     30      0.9591        0.1725       0.8264      0.9033        [94m0.2177[0m     +  0.0000  13.5111
     31      0.9599        0.1731       0.8260      0.9031        0.2177        0.0000  13.4952
     32      0.9607        0.1728       0.8264      0.9034        0.2177        0.0000  13.5583
     33      0.9614        0.1722       0.8264      0.9033        0.2177        0.0000  13.5057
     34      0.9583        0.1746       [35m0.8269[0m      0.9035        [94m0.2177[0m     +  0.0000  13.4135
     35      0.9605        0.1721       [35m0.8273[0m      0.9036        [94m0.2176[0m     +  0.0000  13.4169
     36      0.9602        0.1722       0.8273      0.9036        0.2176        0.0000  13.4650
     37      0.9594        0.1748       0.8271      0.9035        0.2176        0.0000  13.5271
     38      0.9611        0.1721       0.8271      0.9035        0.2176        0.0000  13.5653
     39      0.9615        0.1725       0.8271      0.9035        0.2176        0.0000  13.7141
     40      0.9596        0.1728       0.8271      0.9035        0.2176        0.0000  14.6836
     41      0.9606        0.1732       0.8271      0.9035        0.2176        0.0000  14.6821
     42      0.9608        0.1729       0.8271      0.9035        [94m0.2176[0m     +  0.0000  13.3990
     43      0.9597        0.1736       0.8271      0.9035        0.2176        0.0000  13.4015
     44      0.9617        0.1726       0.8271      0.9035        0.2176        0.0000  13.4957
     45      0.9596        0.1739       0.8271      0.9035        0.2176        0.0000  13.4951
Stopping since valid_loss has not improved in the last 11 epochs.
Iteration 9 Test Accuracy: 0.8451
Iteration 9 Test F1 Score (micro): 0.9225
Iteration 9 Test F1 Score (macro): 0.9087
Model checkpoint saved to C:\Users\localuserSKSG\Desktop\Shubham\RandomSampling/Multilabel_from_multiclass/DinoS/random_sampling_seed46_test\model_checkpoint_iteration_8.pt

Query 10: Using the exact images and labels from the CSV for this iteration.

Query 10: Using images from iteration=10 (random sampling).
Number of samples used for training in Query 10 is 4040
Re-initializing module.
Re-initializing criterion.
Re-initializing optimizer.
  epoch    train_f1    train_loss    valid_acc    valid_f1    valid_loss    cp      lr      dur
-------  ----------  ------------  -----------  ----------  ------------  ----  ------  -------
      1      [36m0.9285[0m        [32m0.2000[0m       [35m0.8399[0m      [31m0.9046[0m        [94m0.2123[0m     +  0.0000  18.2488
      2      [36m0.9485[0m        [32m0.1767[0m       0.8387      [31m0.9051[0m        [94m0.2109[0m     +  0.0000  18.1237
      3      [36m0.9535[0m        [32m0.1706[0m       [35m0.8417[0m      [31m0.9068[0m        [94m0.2088[0m     +  0.0000  18.4175
      4      [36m0.9551[0m        [32m0.1668[0m       [35m0.8451[0m      0.9048        [94m0.2083[0m     +  0.0000  18.4015
      5      [36m0.9586[0m        [32m0.1639[0m       [35m0.8530[0m      [31m0.9099[0m        [94m0.2055[0m     +  0.0000  18.4684
      6      [36m0.9598[0m        [32m0.1589[0m       0.8470      [31m0.9116[0m        [94m0.2041[0m     +  0.0000  18.4016
      7      [36m0.9635[0m        [32m0.1559[0m       0.8510      [31m0.9124[0m        [94m0.2040[0m     +  0.0000  18.2792
      8      [36m0.9636[0m        0.1562       0.8491      0.9122        [94m0.2035[0m     +  0.0000  18.3649
      9      [36m0.9639[0m        [32m0.1548[0m       0.8505      0.9123        [94m0.2029[0m     +  0.0000  18.2687
     10      [36m0.9659[0m        [32m0.1525[0m       0.8503      0.9124        [94m0.2025[0m     +  0.0000  18.1667
     11      [36m0.9665[0m        [32m0.1508[0m       0.8507      [31m0.9132[0m        [94m0.2020[0m     +  0.0000  18.2168
     12      [36m0.9668[0m        [32m0.1498[0m       0.8512      [31m0.9134[0m        [94m0.2017[0m     +  0.0000  18.2210
     13      [36m0.9677[0m        [32m0.1497[0m       0.8510      0.9133        [94m0.2015[0m     +  0.0000  18.2499
     14      [36m0.9689[0m        [32m0.1496[0m       0.8524      [31m0.9140[0m        [94m0.2013[0m     +  0.0000  18.2677
     15      0.9673        0.1498       0.8523      0.9138        [94m0.2011[0m     +  0.0000  18.1580
     16      [36m0.9699[0m        [32m0.1473[0m       0.8507      0.9136        0.2014        0.0000  18.1540
     17      0.9680        0.1487       0.8519      0.9140        0.2012        0.0000  18.2092
     18      0.9696        [32m0.1471[0m       0.8524      0.9140        [94m0.2010[0m     +  0.0000  18.1901
     19      0.9698        0.1472       0.8517      [31m0.9141[0m        0.2011        0.0000  18.2634
     20      0.9695        0.1479       0.8514      0.9138        0.2011        0.0000  18.1875
     21      0.9688        [32m0.1470[0m       0.8516      [31m0.9143[0m        0.2013        0.0000  18.1432
     22      0.9696        [32m0.1463[0m       0.8519      [31m0.9146[0m        0.2013        0.0000  18.2358
     23      0.9698        0.1467       0.8517      0.9142        0.2011        0.0000  18.1882
     24      [36m0.9703[0m        0.1472       0.8519      0.9143        0.2010        0.0000  18.2760
     25      0.9685        0.1464       0.8524      [31m0.9148[0m        0.2011        0.0000  18.2176
     26      [36m0.9707[0m        0.1472       0.8526      [31m0.9149[0m        0.2011        0.0000  18.2653
     27      0.9694        [32m0.1458[0m       0.8524      0.9146        [94m0.2009[0m     +  0.0000  18.2339
     28      0.9687        0.1467       0.8526      0.9147        0.2010        0.0000  18.1627
     29      0.9691        0.1465       0.8526      0.9147        0.2010        0.0000  18.2308
     30      0.9701        0.1464       0.8526      0.9148        0.2011        0.0000  18.1450
     31      0.9691        0.1464       0.8528      [31m0.9150[0m        0.2011        0.0000  18.2347
     32      0.9684        0.1472       0.8526      [31m0.9150[0m        0.2011        0.0000  18.1556
     33      0.9689        0.1473       0.8523      0.9148        0.2011        0.0000  18.2631
     34      0.9697        [32m0.1457[0m       0.8523      0.9148        0.2011        0.0000  18.1411
     35      0.9693        0.1471       0.8524      0.9149        0.2012        0.0000  18.1748
     36      [36m0.9711[0m        0.1468       0.8523      0.9148        0.2011        0.0000  18.2285
     37      0.9700        [32m0.1449[0m       0.8521      0.9147        0.2011        0.0000  18.1895
Stopping since valid_loss has not improved in the last 11 epochs.
Iteration 10 Test Accuracy: 0.8462
Iteration 10 Test F1 Score (micro): 0.9231
Iteration 10 Test F1 Score (macro): 0.9095
Model checkpoint saved to C:\Users\localuserSKSG\Desktop\Shubham\RandomSampling/Multilabel_from_multiclass/DinoS/random_sampling_seed46_test\model_checkpoint_iteration_9.pt

Query 11: Using the exact images and labels from the CSV for this iteration.

Query 11: Using images from iteration=11 (random sampling).
Number of samples used for training in Query 11 is 7200
Re-initializing module.
Re-initializing criterion.
Re-initializing optimizer.
  epoch    train_f1    train_loss    valid_acc    valid_f1    valid_loss    cp      lr      dur
-------  ----------  ------------  -----------  ----------  ------------  ----  ------  -------
      1      [36m0.9503[0m        [32m0.1637[0m       [35m0.8083[0m      [31m0.8974[0m        [94m0.2099[0m     +  0.0000  26.5020
      2      [36m0.9648[0m        [32m0.1446[0m       [35m0.8394[0m      [31m0.9096[0m        [94m0.2000[0m     +  0.0000  26.5153
      3      [36m0.9681[0m        [32m0.1395[0m       0.8047      0.8953        0.2159        0.0000  26.6016
      4      [36m0.9689[0m        [32m0.1367[0m       0.8266      0.9048        0.2012        0.0000  26.6897
      5      [36m0.9716[0m        [32m0.1324[0m       0.8238      0.9037        0.2032        0.0000  27.6092
      6      [36m0.9744[0m        [32m0.1268[0m       [35m0.8417[0m      [31m0.9100[0m        [94m0.1959[0m     +  0.0000  28.6057
      7      0.9739        [32m0.1258[0m       [35m0.8464[0m      [31m0.9123[0m        [94m0.1941[0m     +  0.0000  27.9044
      8      [36m0.9750[0m        [32m0.1243[0m       0.8460      [31m0.9124[0m        [94m0.1930[0m     +  0.0000  26.4858
      9      [36m0.9756[0m        [32m0.1235[0m       0.8444      0.9116        0.1941        0.0000  26.5258
     10      0.9756        [32m0.1221[0m       [35m0.8477[0m      [31m0.9131[0m        0.1937        0.0000  26.4991
     11      [36m0.9770[0m        [32m0.1205[0m       [35m0.8549[0m      [31m0.9154[0m        [94m0.1893[0m     +  0.0000  26.5767
     12      [36m0.9782[0m        0.1205       0.8545      0.9150        [94m0.1891[0m     +  0.0000  26.5611
     13      0.9765        [32m0.1190[0m       [35m0.8550[0m      0.9153        [94m0.1883[0m     +  0.0000  26.5020
     14      0.9776        [32m0.1186[0m       0.8543      0.9150        0.1889        0.0000  26.5361
     15      0.9781        [32m0.1186[0m       0.8531      0.9150        0.1900        0.0000  26.6240
     16      [36m0.9794[0m        [32m0.1176[0m       0.8543      0.9145        [94m0.1883[0m     +  0.0000  26.6261
     17      0.9783        0.1184       0.8538      0.9148        0.1885        0.0000  26.5321
     18      0.9786        [32m0.1172[0m       0.8531      0.9144        0.1886        0.0000  26.5925
     19      [36m0.9798[0m        [32m0.1169[0m       0.8535      0.9143        [94m0.1882[0m     +  0.0000  26.5670
     20      0.9784        [32m0.1169[0m       0.8542      0.9148        [94m0.1880[0m     +  0.0000  26.5463
     21      0.9789        0.1169       0.8536      0.9146        [94m0.1879[0m     +  0.0000  26.5580
     22      0.9792        0.1170       0.8536      0.9144        [94m0.1877[0m     +  0.0000  26.5310
     23      [36m0.9798[0m        [32m0.1165[0m       0.8536      0.9144        [94m0.1876[0m     +  0.0000  26.5674
     24      0.9797        0.1165       0.8536      0.9144        0.1878        0.0000  26.5599
     25      0.9789        [32m0.1165[0m       0.8538      0.9146        0.1877        0.0000  26.4964
     26      0.9797        0.1166       0.8536      0.9145        0.1876        0.0000  26.5631
     27      0.9792        [32m0.1158[0m       0.8536      0.9144        [94m0.1876[0m     +  0.0000  26.6168
     28      0.9790        0.1162       0.8535      0.9144        0.1876        0.0000  26.5471
     29      0.9794        0.1159       0.8535      0.9143        [94m0.1876[0m     +  0.0000  26.5169
     30      0.9791        0.1158       0.8536      0.9144        [94m0.1875[0m     +  0.0000  26.8574
     31      0.9793        [32m0.1156[0m       0.8535      0.9142        [94m0.1875[0m     +  0.0000  26.6573
     32      0.9794        0.1165       0.8535      0.9143        0.1875        0.0000  26.5566
     33      0.9791        0.1161       0.8535      0.9142        [94m0.1874[0m     +  0.0000  26.4533
     34      0.9788        0.1165       0.8536      0.9144        0.1875        0.0000  26.5351
     35      [36m0.9799[0m        0.1159       0.8533      0.9142        [94m0.1874[0m     +  0.0000  26.4884
     36      0.9783        0.1160       0.8535      0.9143        [94m0.1874[0m     +  0.0000  26.4920
     37      0.9797        [32m0.1154[0m       0.8533      0.9141        [94m0.1874[0m     +  0.0000  26.4970
     38      0.9791        0.1157       0.8533      0.9141        0.1874        0.0000  26.6370
     39      0.9789        0.1163       0.8533      0.9141        0.1874        0.0000  27.5768
     40      0.9789        0.1159       0.8533      0.9141        0.1874        0.0000  26.4641
     41      0.9791        0.1156       0.8533      0.9141        [94m0.1874[0m     +  0.0000  26.3918
     42      [36m0.9801[0m        0.1159       0.8533      0.9141        0.1874        0.0000  26.4184
     43      0.9796        0.1166       0.8533      0.9141        0.1874        0.0000  26.5835
     44      0.9799        0.1162       0.8533      0.9141        0.1874        0.0000  26.4902
     45      0.9795        0.1163       0.8533      0.9141        0.1874        0.0000  26.4618
     46      0.9798        0.1163       0.8533      0.9141        0.1874        0.0000  26.4637
     47      0.9793        0.1161       0.8533      0.9141        [94m0.1874[0m     +  0.0000  26.5252
Stopping since valid_loss has not improved in the last 11 epochs.
Iteration 11 Test Accuracy: 0.8432
Iteration 11 Test F1 Score (micro): 0.9227
Iteration 11 Test F1 Score (macro): 0.9109
Model checkpoint saved to C:\Users\localuserSKSG\Desktop\Shubham\RandomSampling/Multilabel_from_multiclass/DinoS/random_sampling_seed46_test\model_checkpoint_iteration_10.pt

Query 12: Using the exact images and labels from the CSV for this iteration.

Query 12: Using images from iteration=12 (random sampling).
Number of samples used for training in Query 12 is 12824
Re-initializing module.
Re-initializing criterion.
Re-initializing optimizer.
  epoch    train_f1    train_loss    valid_acc    valid_f1    valid_loss    cp      lr      dur
-------  ----------  ------------  -----------  ----------  ------------  ----  ------  -------
      1      [36m0.9662[0m        [32m0.1285[0m       [35m0.8549[0m      [31m0.9078[0m        [94m0.1818[0m     +  0.0000  41.1117
      2      [36m0.9746[0m        [32m0.1146[0m       0.8549      0.9066        [94m0.1812[0m     +  0.0000  41.3925
      3      [36m0.9760[0m        [32m0.1103[0m       0.8490      0.9031        [94m0.1789[0m     +  0.0000  41.3366
      4      [36m0.9779[0m        [32m0.1070[0m       0.8490      0.9027        [94m0.1784[0m     +  0.0000  41.3752
      5      [36m0.9785[0m        [32m0.1037[0m       0.8479      0.9002        [94m0.1779[0m     +  0.0000  41.3006
      6      [36m0.9803[0m        [32m0.0999[0m       0.8470      0.9036        0.1791        0.0000  41.2922
      7      [36m0.9804[0m        [32m0.0983[0m       0.8523      0.9049        0.1783        0.0000  41.3120
      8      [36m0.9811[0m        [32m0.0965[0m       0.8497      0.9030        0.1785        0.0000  41.6347
      9      [36m0.9812[0m        [32m0.0957[0m       0.8472      0.9017        0.1787        0.0000  41.4621
     10      0.9808        [32m0.0938[0m       0.8479      0.9032        0.1793        0.0000  41.2683
     11      [36m0.9828[0m        [32m0.0929[0m       0.8495      0.9059        0.1790        0.0000  41.2931
     12      0.9828        [32m0.0924[0m       0.8483      0.9052        0.1791        0.0000  41.3592
     13      0.9826        [32m0.0919[0m       0.8490      0.9054        0.1794        0.0000  41.5638
     14      [36m0.9833[0m        [32m0.0914[0m       0.8500      0.9062        0.1788        0.0000  41.3745
     15      0.9827        [32m0.0908[0m       0.8488      0.9052        0.1795        0.0000  41.2758
Stopping since valid_loss has not improved in the last 11 epochs.
Iteration 12 Test Accuracy: 0.8500
Iteration 12 Test F1 Score (micro): 0.9261
Iteration 12 Test F1 Score (macro): 0.9139
Model checkpoint saved to C:\Users\localuserSKSG\Desktop\Shubham\RandomSampling/Multilabel_from_multiclass/DinoS/random_sampling_seed46_test\model_checkpoint_iteration_11.pt

Query 13: Using the exact images and labels from the CSV for this iteration.

Query 13: Using images from iteration=13 (random sampling).
Number of samples used for training in Query 13 is 22824
Re-initializing module.
Re-initializing criterion.
Re-initializing optimizer.
  epoch    train_f1    train_loss    valid_acc    valid_f1    valid_loss    cp      lr      dur
-------  ----------  ------------  -----------  ----------  ------------  ----  ------  -------
      1      [36m0.9725[0m        [32m0.1065[0m       [35m0.8477[0m      [31m0.8970[0m        [94m0.1787[0m     +  0.0000  67.6948
      2      [36m0.9766[0m        [32m0.0971[0m       0.8368      0.8853        0.1821        0.0000  67.5352
      3      [36m0.9773[0m        [32m0.0926[0m       0.8457      [31m0.8972[0m        [94m0.1736[0m     +  0.0000  67.6878
      4      [36m0.9786[0m        [32m0.0887[0m       0.8477      [31m0.8979[0m        [94m0.1721[0m     +  0.0000  68.7644
      5      [36m0.9795[0m        [32m0.0848[0m       0.8413      0.8901        0.1772        0.0000  67.8500
      6      [36m0.9810[0m        [32m0.0806[0m       0.8418      [31m0.8999[0m        [94m0.1702[0m     +  0.0000  67.9497
      7      [36m0.9811[0m        [32m0.0793[0m       0.8424      0.8995        [94m0.1695[0m     +  0.0000  67.9696
      8      [36m0.9812[0m        [32m0.0777[0m       0.8415      0.8990        [94m0.1694[0m     +  0.0000  67.9564
      9      [36m0.9816[0m        [32m0.0764[0m       0.8408      0.8989        0.1705        0.0000  67.9489
     10      [36m0.9826[0m        [32m0.0750[0m       0.8394      0.8971        0.1711        0.0000  67.7173
     11      [36m0.9829[0m        [32m0.0731[0m       0.8408      0.8999        0.1717        0.0000  67.7984
     12      0.9827        [32m0.0727[0m       0.8389      0.8988        0.1719        0.0000  67.9228
     13      [36m0.9833[0m        [32m0.0721[0m       0.8391      0.8987        0.1718        0.0000  67.6723
     14      0.9832        [32m0.0715[0m       0.8398      0.8989        0.1720        0.0000  67.7734
     15      0.9832        [32m0.0709[0m       0.8398      0.8988        0.1719        0.0000  67.7975
     16      [36m0.9838[0m        [32m0.0705[0m       0.8406      0.8991        0.1713        0.0000  67.7331
     17      0.9837        [32m0.0700[0m       0.8413      0.8996        0.1715        0.0000  67.6855
     18      [36m0.9839[0m        0.0701       0.8408      0.8989        0.1718        0.0000  67.6806
Stopping since valid_loss has not improved in the last 11 epochs.
Iteration 13 Test Accuracy: 0.8583
Iteration 13 Test F1 Score (micro): 0.9304
Iteration 13 Test F1 Score (macro): 0.9197
Model checkpoint saved to C:\Users\localuserSKSG\Desktop\Shubham\RandomSampling/Multilabel_from_multiclass/DinoS/random_sampling_seed46_test\model_checkpoint_iteration_12.pt

Query 14: Using the exact images and labels from the CSV for this iteration.

Query 14: Using images from iteration=14 (random sampling).
Number of samples used for training in Query 14 is 26880
Re-initializing module.
Re-initializing criterion.
Re-initializing optimizer.
  epoch    train_f1    train_loss    valid_acc    valid_f1    valid_loss    cp      lr      dur
-------  ----------  ------------  -----------  ----------  ------------  ----  ------  -------
      1      [36m0.9779[0m        [32m0.0807[0m       [35m0.8439[0m      [31m0.9030[0m        [94m0.1703[0m     +  0.0000  78.4055
      2      [36m0.9798[0m        [32m0.0743[0m       0.8387      0.9002        0.1729        0.0000  78.4844
      3      [36m0.9803[0m        [32m0.0707[0m       0.8415      0.9019        0.1726        0.0000  78.6369
      4      [36m0.9818[0m        [32m0.0674[0m       0.8411      0.9019        0.1729        0.0000  78.3611
      5      [36m0.9818[0m        [32m0.0648[0m       0.8398      0.9002        0.1710        0.0000  78.3435
      6      [36m0.9833[0m        [32m0.0614[0m       0.8377      0.8953        [94m0.1663[0m     +  0.0000  78.3873
      7      0.9833        [32m0.0600[0m       0.8356      0.8950        0.1678        0.0000  78.2525
      8      [36m0.9842[0m        [32m0.0587[0m       0.8377      0.8965        0.1675        0.0000  78.4042
      9      0.9840        [32m0.0575[0m       0.8365      0.8942        0.1682        0.0000  78.3894
     10      [36m0.9844[0m        [32m0.0561[0m       0.8380      0.8953        0.1689        0.0000  78.4037
     11      [36m0.9852[0m        [32m0.0549[0m       0.8366      0.8950        0.1699        0.0000  78.2481
     12      [36m0.9855[0m        [32m0.0545[0m       0.8358      0.8938        0.1699        0.0000  78.3267
     13      [36m0.9857[0m        [32m0.0539[0m       0.8366      0.8938        0.1697        0.0000  78.2788
     14      0.9856        [32m0.0532[0m       0.8363      0.8934        0.1700        0.0000  78.3410
     15      [36m0.9860[0m        [32m0.0526[0m       0.8368      0.8935        0.1707        0.0000  78.3172
     16      [36m0.9861[0m        [32m0.0522[0m       0.8358      0.8954        0.1718        0.0000  78.1157
Stopping since valid_loss has not improved in the last 11 epochs.
Iteration 14 Test Accuracy: 0.8601
Iteration 14 Test F1 Score (micro): 0.9308
Iteration 14 Test F1 Score (macro): 0.9198
Model checkpoint saved to C:\Users\localuserSKSG\Desktop\Shubham\RandomSampling/Multilabel_from_multiclass/DinoS/random_sampling_seed46_test\model_checkpoint_iteration_13.pt

Best F1 score across all iterations: 0.9198
Pickle file saved to C:\Users\localuserSKSG\Desktop\Shubham\RandomSampling/Multilabel_from_multiclass/DinoS/random_sampling_seed46_test\random_sampling_results_for_multilabel_classification_s46.pickle
