Adjusted shapes after loading:
X_initial_np: (8, 224, 224, 3), y_initial_np: (8, 3)
X_pool_np: (26872, 224, 224, 3), y_pool_np: (26872, 3)
X_test_np: (5760, 224, 224, 3), y_test_np: (5760, 3)
X_val_np: (5760, 224, 224, 3), y_val_np: (5760, 3)

Iteration 1: Using initial samples.
  epoch    train_f1    train_loss    valid_acc    valid_f1    valid_loss    cp      lr      dur
-------  ----------  ------------  -----------  ----------  ------------  ----  ------  -------
      1      [36m0.5460[0m        [32m0.7305[0m       [35m0.0606[0m      [31m0.1748[0m        [94m0.6982[0m     +  0.0001  11.8665
      2      0.5000        [32m0.6546[0m       [35m0.3118[0m      [31m0.5036[0m        [94m0.6765[0m     +  0.0001  10.4159
      3      [36m0.6984[0m        [32m0.6165[0m       0.3059      [31m0.5187[0m        [94m0.6743[0m     +  0.0001  10.7042
      4      0.5675        0.6462       [35m0.3158[0m      0.4720        0.6783        0.0001  10.6444
      5      [36m0.8214[0m        [32m0.5715[0m       0.2073      0.4845        0.6887        0.0001  10.6220
      6      0.7667        [32m0.5593[0m       0.2906      0.4912        0.6802        0.0000  10.7749
      7      [36m0.8320[0m        [32m0.5395[0m       0.2708      0.4806        0.6846        0.0000  10.7805
      8      0.7667        0.5659       0.2970      0.4869        0.6792        0.0000  10.6233
      9      0.7667        0.5557       0.3035      0.4821        0.6774        0.0000  10.8261
     10      0.7963        [32m0.5302[0m       0.3089      0.4837        0.6771        0.0000  10.6999
     11      0.7857        [32m0.5224[0m       0.3080      0.4812        0.6779        0.0000  10.9236
     12      [36m0.8519[0m        [32m0.5205[0m       0.3073      0.4780        0.6762        0.0000  10.7812
     13      0.8333        [32m0.5047[0m       0.3082      0.4801        0.6753        0.0000  10.8368
Stopping since valid_loss has not improved in the last 11 epochs.
Iteration 1: Test F1 Micro Score: 0.49354789737361465
Iteration 1: Test F1 Macro Score: 0.506253492980194
Model checkpoint saved to C:\Users\localuserSKSG\Desktop\Shubham\RandomSampling/Multilabel/DinoS/seed_44_config2/model_checkpoint_iteration_0.pt

Iteration 2: Requesting 16 samples.
Re-initializing module.
Re-initializing criterion.
Re-initializing optimizer.
  epoch    train_f1    train_loss    valid_acc    valid_f1    valid_loss    cp      lr      dur
-------  ----------  ------------  -----------  ----------  ------------  ----  ------  -------
      1      [36m0.4901[0m        [32m0.6630[0m       [35m0.2205[0m      [31m0.3792[0m        [94m0.6148[0m     +  0.0001  10.8801
      2      0.4148        [32m0.5971[0m       [35m0.3036[0m      0.3625        [94m0.5967[0m     +  0.0001  11.0465
      3      0.4799        [32m0.5642[0m       [35m0.3089[0m      [31m0.3822[0m        [94m0.5856[0m     +  0.0001  10.8474
      4      0.4483        [32m0.5572[0m       [35m0.3193[0m      [31m0.4295[0m        [94m0.5773[0m     +  0.0001  10.9708
      5      [36m0.6839[0m        [32m0.5011[0m       [35m0.3519[0m      [31m0.4526[0m        [94m0.5627[0m     +  0.0001  10.8496
      6      [36m0.7745[0m        [32m0.4955[0m       [35m0.3646[0m      [31m0.4548[0m        [94m0.5566[0m     +  0.0000  10.7945
      7      0.6722        [32m0.4571[0m       0.3625      [31m0.4659[0m        [94m0.5512[0m     +  0.0000  10.7628
      8      0.6975        0.4660       [35m0.3767[0m      0.4657        [94m0.5480[0m     +  0.0000  10.9302
      9      0.6716        [32m0.4545[0m       0.3736      [31m0.4733[0m        [94m0.5431[0m     +  0.0000  11.0186
     10      0.6878        0.4731       [35m0.3800[0m      [31m0.4896[0m        [94m0.5401[0m     +  0.0000  10.8574
     11      0.6864        [32m0.4459[0m       [35m0.3814[0m      [31m0.4922[0m        [94m0.5385[0m     +  0.0000  10.9211
     12      0.7294        [32m0.4310[0m       [35m0.3830[0m      [31m0.5017[0m        [94m0.5369[0m     +  0.0000  10.9347
     13      0.7190        0.4529       [35m0.3882[0m      [31m0.5106[0m        [94m0.5351[0m     +  0.0000  10.8877
     14      0.7294        [32m0.4272[0m       [35m0.3887[0m      0.5078        [94m0.5330[0m     +  0.0000  10.9040
     15      0.7383        [32m0.4221[0m       [35m0.3941[0m      0.5086        [94m0.5312[0m     +  0.0000  10.9042
     16      0.7434        0.4420       [35m0.3955[0m      0.5102        [94m0.5304[0m     +  0.0000  11.0099
     17      0.7190        0.4228       [35m0.3974[0m      [31m0.5157[0m        [94m0.5299[0m     +  0.0000  10.9454
     18      0.7396        0.4382       [35m0.3977[0m      [31m0.5197[0m        [94m0.5294[0m     +  0.0000  10.9061
     19      0.7333        [32m0.4065[0m       [35m0.4002[0m      [31m0.5250[0m        [94m0.5288[0m     +  0.0000  10.8957
     20      0.7635        0.4119       [35m0.4023[0m      [31m0.5298[0m        [94m0.5282[0m     +  0.0000  10.8286
     21      0.7745        0.4133       [35m0.4033[0m      [31m0.5309[0m        [94m0.5280[0m     +  0.0000  10.9692
     22      [36m0.8156[0m        0.4112       [35m0.4042[0m      [31m0.5313[0m        [94m0.5277[0m     +  0.0000  10.6907
     23      0.7109        0.4246       0.4040      [31m0.5315[0m        [94m0.5275[0m     +  0.0000  10.9689
     24      0.7481        0.4116       [35m0.4050[0m      [31m0.5325[0m        [94m0.5272[0m     +  0.0000  10.8904
     25      0.7635        0.4119       0.4050      [31m0.5333[0m        [94m0.5271[0m     +  0.0000  11.0038
     26      0.7294        0.4150       0.4050      [31m0.5333[0m        [94m0.5270[0m     +  0.0000  10.7446
     27      0.7745        0.4127       [35m0.4054[0m      [31m0.5336[0m        [94m0.5269[0m     +  0.0000  10.9356
     28      0.7080        0.4073       0.4054      [31m0.5337[0m        [94m0.5268[0m     +  0.0000  10.7941
     29      0.7635        0.4219       [35m0.4059[0m      [31m0.5340[0m        [94m0.5267[0m     +  0.0000  10.9235
     30      0.7413        [32m0.4056[0m       0.4059      0.5339        [94m0.5267[0m     +  0.0000  10.8460
     31      0.7628        0.4247       0.4059      0.5340        [94m0.5266[0m     +  0.0000  10.9230
     32      0.7635        0.4288       0.4059      0.5339        [94m0.5266[0m     +  0.0000  10.6660
     33      0.7379        0.4321       [35m0.4061[0m      [31m0.5343[0m        [94m0.5266[0m     +  0.0000  11.0218
     34      0.7716        [32m0.3974[0m       0.4061      0.5343        [94m0.5265[0m     +  0.0000  10.7939
     35      0.7648        0.4156       0.4061      [31m0.5344[0m        [94m0.5265[0m     +  0.0000  10.8594
     36      0.7294        0.4011       0.4061      0.5344        [94m0.5265[0m     +  0.0000  10.7041
     37      0.7850        0.4039       0.4061      0.5344        [94m0.5265[0m     +  0.0000  10.8886
     38      0.7745        0.4021       0.4061      0.5344        [94m0.5265[0m     +  0.0000  10.9213
     39      0.7850        0.3989       0.4061      0.5344        [94m0.5265[0m     +  0.0000  10.7802
     40      0.7696        0.4211       0.4061      0.5344        [94m0.5264[0m     +  0.0000  10.9210
     41      0.7080        0.4101       0.4061      0.5344        [94m0.5264[0m     +  0.0000  10.8713
     42      0.7307        0.4228       0.4061      0.5344        [94m0.5264[0m     +  0.0000  11.0090
     43      0.7745        0.4119       0.4061      0.5344        [94m0.5264[0m     +  0.0000  10.8421
     44      0.7635        0.4101       0.4061      0.5344        [94m0.5264[0m     +  0.0000  10.7782
     45      0.7745        0.4343       0.4061      0.5344        [94m0.5264[0m     +  0.0000  11.0375
     46      0.7371        0.4154       0.4061      0.5344        [94m0.5264[0m     +  0.0000  10.8283
     47      0.7745        0.4327       0.4061      0.5344        [94m0.5264[0m     +  0.0000  11.0344
     48      0.7748        0.4104       0.4061      0.5344        [94m0.5264[0m     +  0.0000  11.0414
     49      0.7508        0.4065       0.4061      0.5344        [94m0.5264[0m     +  0.0000  10.8630
     50      0.7745        0.4127       0.4061      0.5344        [94m0.5264[0m     +  0.0000  10.9263
     51      0.7080        0.4228       0.4061      [31m0.5345[0m        [94m0.5264[0m     +  0.0000  10.9492
     52      0.7251        0.4186       0.4061      0.5344        [94m0.5264[0m     +  0.0000  10.7970
Stopping since valid_loss has not improved in the last 11 epochs.
Iteration 2: Test F1 Micro Score: 0.5955518254301301
Iteration 2: Test F1 Macro Score: 0.5280660860981743
Model checkpoint saved to C:\Users\localuserSKSG\Desktop\Shubham\RandomSampling/Multilabel/DinoS/seed_44_config2/model_checkpoint_iteration_1.pt

Iteration 3: Requesting 32 samples.
Re-initializing module.
Re-initializing criterion.
Re-initializing optimizer.
  epoch    train_f1    train_loss    valid_acc    valid_f1    valid_loss    cp      lr      dur
-------  ----------  ------------  -----------  ----------  ------------  ----  ------  -------
      1      [36m0.6173[0m        [32m0.5417[0m       [35m0.4877[0m      [31m0.6531[0m        [94m0.4763[0m     +  0.0001  10.9401
      2      [36m0.6820[0m        [32m0.4688[0m       [35m0.5115[0m      [31m0.7253[0m        [94m0.4427[0m     +  0.0001  10.9511
      3      [36m0.6960[0m        [32m0.4289[0m       [35m0.5479[0m      0.7248        [94m0.4034[0m     +  0.0001  10.9216
      4      [36m0.8413[0m        [32m0.3771[0m       [35m0.5811[0m      [31m0.7505[0m        [94m0.3811[0m     +  0.0001  10.9163
      5      [36m0.8472[0m        [32m0.3628[0m       [35m0.6092[0m      [31m0.7582[0m        [94m0.3673[0m     +  0.0001  10.9237
      6      [36m0.8750[0m        [32m0.3179[0m       [35m0.6240[0m      0.7501        [94m0.3584[0m     +  0.0000  10.9003
      7      0.8588        [32m0.3021[0m       [35m0.6259[0m      0.7515        [94m0.3536[0m     +  0.0000  10.9879
      8      [36m0.8812[0m        [32m0.2953[0m       [35m0.6432[0m      [31m0.7596[0m        [94m0.3486[0m     +  0.0000  10.9386
      9      0.8614        [32m0.2872[0m       [35m0.6436[0m      0.7570        [94m0.3460[0m     +  0.0000  11.0672
     10      [36m0.8946[0m        [32m0.2862[0m       [35m0.6490[0m      [31m0.7613[0m        [94m0.3418[0m     +  0.0000  11.0852
     11      0.8785        [32m0.2706[0m       [35m0.6517[0m      [31m0.7628[0m        [94m0.3403[0m     +  0.0000  10.9533
     12      0.8931        0.2727       [35m0.6535[0m      0.7623        [94m0.3397[0m     +  0.0000  10.7955
     13      [36m0.9161[0m        [32m0.2524[0m       0.6526      0.7627        [94m0.3388[0m     +  0.0000  10.9340
     14      0.9146        0.2588       0.6535      0.7621        [94m0.3381[0m     +  0.0000  10.9221
     15      0.8899        0.2545       [35m0.6552[0m      0.7625        [94m0.3373[0m     +  0.0000  10.6645
     16      0.8786        0.2594       [35m0.6568[0m      [31m0.7650[0m        [94m0.3366[0m     +  0.0000  10.9075
     17      0.9040        [32m0.2491[0m       0.6566      0.7645        [94m0.3363[0m     +  0.0000  11.0068
     18      0.9002        0.2651       0.6568      0.7643        [94m0.3361[0m     +  0.0000  10.9665
     19      [36m0.9187[0m        0.2601       [35m0.6575[0m      [31m0.7650[0m        [94m0.3359[0m     +  0.0000  11.1304
     20      0.8909        0.2586       [35m0.6583[0m      [31m0.7664[0m        [94m0.3352[0m     +  0.0000  11.1106
     21      0.8888        0.2586       0.6582      [31m0.7666[0m        [94m0.3351[0m     +  0.0000  11.0616
     22      0.8872        0.2690       [35m0.6587[0m      [31m0.7670[0m        [94m0.3349[0m     +  0.0000  11.0460
     23      0.8894        0.2578       [35m0.6589[0m      [31m0.7671[0m        [94m0.3348[0m     +  0.0000  11.0463
     24      0.8931        0.2594       [35m0.6590[0m      0.7669        [94m0.3347[0m     +  0.0000  11.0501
     25      0.8738        0.2515       [35m0.6592[0m      0.7669        [94m0.3346[0m     +  0.0000  11.0063
     26      0.8825        0.2677       [35m0.6594[0m      0.7667        [94m0.3346[0m     +  0.0000  10.9859
     27      0.8919        0.2598       [35m0.6597[0m      0.7670        [94m0.3345[0m     +  0.0000  10.9546
     28      0.8981        0.2510       [35m0.6599[0m      [31m0.7672[0m        [94m0.3345[0m     +  0.0000  10.9182
     29      0.8802        0.2617       0.6592      0.7668        [94m0.3344[0m     +  0.0000  11.0629
     30      0.8914        0.2605       0.6597      [31m0.7674[0m        [94m0.3343[0m     +  0.0000  11.0469
     31      0.8930        0.2529       0.6597      0.7674        [94m0.3343[0m     +  0.0000  10.9664
     32      0.8936        0.2521       0.6597      0.7673        [94m0.3343[0m     +  0.0000  11.1089
     33      0.8931        [32m0.2480[0m       0.6597      0.7673        [94m0.3342[0m     +  0.0000  10.9048
     34      0.9007        0.2501       0.6599      0.7674        [94m0.3342[0m     +  0.0000  10.8472
     35      0.8861        0.2587       [35m0.6601[0m      [31m0.7675[0m        0.3342        0.0000  10.9763
     36      0.8824        0.2635       0.6601      0.7675        [94m0.3342[0m     +  0.0000  11.1541
     37      0.8987        [32m0.2475[0m       0.6601      0.7673        [94m0.3342[0m     +  0.0000  11.0074
     38      0.9074        0.2572       0.6601      0.7673        [94m0.3342[0m     +  0.0000  10.9579
     39      0.8953        [32m0.2464[0m       0.6601      0.7673        [94m0.3342[0m     +  0.0000  10.9367
     40      0.9039        0.2544       0.6601      0.7673        [94m0.3342[0m     +  0.0000  10.9678
     41      0.8921        0.2597       0.6601      0.7673        [94m0.3342[0m     +  0.0000  11.1002
     42      0.8899        0.2541       0.6601      0.7673        [94m0.3342[0m     +  0.0000  10.9393
     43      0.8873        0.2573       [35m0.6602[0m      [31m0.7675[0m        [94m0.3342[0m     +  0.0000  10.9832
     44      0.8734        0.2679       0.6602      0.7675        [94m0.3342[0m     +  0.0000  11.0345
     45      0.9115        0.2536       0.6602      0.7675        [94m0.3342[0m     +  0.0000  10.8432
     46      0.8920        0.2579       0.6602      0.7675        0.3342        0.0000  11.0005
     47      0.8919        0.2490       0.6602      0.7675        [94m0.3342[0m     +  0.0000  11.0703
     48      0.9057        0.2674       0.6602      0.7675        [94m0.3342[0m     +  0.0000  10.9821
     49      0.8847        0.2628       0.6602      0.7675        [94m0.3342[0m     +  0.0000  11.0788
     50      0.9114        0.2529       0.6602      0.7675        [94m0.3342[0m     +  0.0000  10.9758
Stopping since valid_loss has not improved in the last 11 epochs.
Iteration 3: Test F1 Micro Score: 0.8006702840727736
Iteration 3: Test F1 Macro Score: 0.7719381746858494
Model checkpoint saved to C:\Users\localuserSKSG\Desktop\Shubham\RandomSampling/Multilabel/DinoS/seed_44_config2/model_checkpoint_iteration_2.pt

Iteration 4: Requesting 56 samples.
Re-initializing module.
Re-initializing criterion.
Re-initializing optimizer.
  epoch    train_f1    train_loss    valid_acc    valid_f1    valid_loss    cp      lr      dur
-------  ----------  ------------  -----------  ----------  ------------  ----  ------  -------
      1      [36m0.7790[0m        [32m0.3761[0m       [35m0.6826[0m      [31m0.8077[0m        [94m0.3499[0m     +  0.0001  11.0114
      2      [36m0.8573[0m        [32m0.2849[0m       [35m0.6832[0m      0.8022        [94m0.3245[0m     +  0.0001  11.1523
      3      [36m0.8672[0m        [32m0.2627[0m       [35m0.6906[0m      0.8065        [94m0.3149[0m     +  0.0001  11.0508
      4      [36m0.8776[0m        [32m0.2557[0m       0.6885      0.8041        0.3184        0.0001  11.2625
      5      [36m0.8920[0m        [32m0.2418[0m       [35m0.6970[0m      [31m0.8107[0m        0.3162        0.0001  11.0770
      6      [36m0.8955[0m        [32m0.2267[0m       0.6929      0.8028        [94m0.3054[0m     +  0.0000  11.1210
      7      0.8927        [32m0.2102[0m       [35m0.6976[0m      0.8036        [94m0.3032[0m     +  0.0000  11.1040
      8      [36m0.8991[0m        0.2152       0.6967      0.8039        0.3050        0.0000  11.1073
      9      [36m0.9022[0m        [32m0.2065[0m       0.6941      0.8003        0.3057        0.0000  10.9873
     10      0.8840        0.2073       0.6965      0.8028        0.3062        0.0000  10.9384
     11      [36m0.9059[0m        [32m0.1979[0m       0.6924      0.7975        0.3044        0.0000  10.8160
     12      [36m0.9114[0m        [32m0.1946[0m       0.6898      0.7950        0.3043        0.0000  10.8466
     13      0.8999        [32m0.1919[0m       0.6917      0.7965        0.3043        0.0000  10.9002
     14      0.9108        0.1933       0.6922      0.7972        0.3046        0.0000  11.0949
     15      0.8983        [32m0.1882[0m       0.6915      0.7961        0.3041        0.0000  11.0298
     16      0.9009        0.1889       0.6910      0.7958        0.3042        0.0000  10.8271
     17      0.9071        [32m0.1841[0m       0.6906      0.7956        0.3043        0.0000  10.8433
Stopping since valid_loss has not improved in the last 11 epochs.
Iteration 4: Test F1 Micro Score: 0.82723934216829
Iteration 4: Test F1 Macro Score: 0.7993383259118344
Model checkpoint saved to C:\Users\localuserSKSG\Desktop\Shubham\RandomSampling/Multilabel/DinoS/seed_44_config2/model_checkpoint_iteration_3.pt

Iteration 5: Requesting 96 samples.
Re-initializing module.
Re-initializing criterion.
Re-initializing optimizer.
  epoch    train_f1    train_loss    valid_acc    valid_f1    valid_loss    cp      lr      dur
-------  ----------  ------------  -----------  ----------  ------------  ----  ------  -------
      1      [36m0.8411[0m        [32m0.2728[0m       [35m0.6799[0m      [31m0.7852[0m        [94m0.2969[0m     +  0.0001  11.3610
      2      [36m0.8613[0m        [32m0.2354[0m       [35m0.6813[0m      [31m0.7903[0m        [94m0.2906[0m     +  0.0001  11.2789
      3      [36m0.8693[0m        [32m0.2186[0m       0.6771      0.7820        0.2941        0.0001  11.0942
      4      [36m0.8744[0m        [32m0.2144[0m       [35m0.6849[0m      [31m0.7975[0m        [94m0.2904[0m     +  0.0001  11.3714
      5      0.8723        [32m0.2039[0m       0.6840      0.7922        [94m0.2864[0m     +  0.0001  11.3835
      6      [36m0.8833[0m        [32m0.1933[0m       [35m0.6901[0m      [31m0.7981[0m        [94m0.2848[0m     +  0.0000  11.2836
      7      [36m0.8860[0m        [32m0.1917[0m       [35m0.6906[0m      [31m0.8002[0m        [94m0.2830[0m     +  0.0000  11.1161
      8      [36m0.8878[0m        [32m0.1828[0m       [35m0.6932[0m      [31m0.8024[0m        0.2832        0.0000  11.1373
      9      [36m0.8951[0m        [32m0.1778[0m       [35m0.6955[0m      [31m0.8060[0m        [94m0.2813[0m     +  0.0000  11.2181
     10      0.8849        [32m0.1769[0m       0.6937      0.8025        [94m0.2792[0m     +  0.0000  11.2309
     11      0.8849        [32m0.1666[0m       [35m0.6960[0m      0.8051        0.2808        0.0000  11.2172
     12      0.8870        0.1685       0.6955      0.8042        0.2802        0.0000  11.3278
     13      [36m0.8959[0m        [32m0.1649[0m       0.6951      0.8043        0.2808        0.0000  11.3117
     14      0.8937        [32m0.1603[0m       [35m0.6965[0m      0.8049        0.2812        0.0000  11.3417
     15      0.8941        0.1704       0.6948      0.8045        0.2809        0.0000  11.1531
     16      0.8827        0.1678       0.6958      0.8052        0.2817        0.0000  11.3724
     17      0.8859        0.1645       [35m0.6970[0m      [31m0.8062[0m        0.2813        0.0000  11.4283
     18      [36m0.8959[0m        0.1650       0.6957      0.8048        0.2808        0.0000  11.2008
     19      0.8922        0.1729       0.6965      0.8057        0.2805        0.0000  11.3646
     20      0.8889        0.1656       0.6962      0.8056        0.2802        0.0000  11.1879
Stopping since valid_loss has not improved in the last 11 epochs.
Iteration 5: Test F1 Micro Score: 0.8369259606373008
Iteration 5: Test F1 Macro Score: 0.8098556865963925
Model checkpoint saved to C:\Users\localuserSKSG\Desktop\Shubham\RandomSampling/Multilabel/DinoS/seed_44_config2/model_checkpoint_iteration_4.pt

Iteration 6: Requesting 176 samples.
Re-initializing module.
Re-initializing criterion.
Re-initializing optimizer.
  epoch    train_f1    train_loss    valid_acc    valid_f1    valid_loss    cp      lr      dur
-------  ----------  ------------  -----------  ----------  ------------  ----  ------  -------
      1      [36m0.8676[0m        [32m0.2369[0m       [35m0.7042[0m      [31m0.8179[0m        [94m0.2527[0m     +  0.0001  11.7502
      2      [36m0.8803[0m        [32m0.2089[0m       0.7009      0.8165        0.2541        0.0001  11.8721
      3      [36m0.8870[0m        [32m0.1967[0m       [35m0.7075[0m      [31m0.8214[0m        [94m0.2498[0m     +  0.0001  11.6018
      4      0.8805        0.1971       [35m0.7155[0m      [31m0.8276[0m        0.2512        0.0001  11.6732
      5      0.8841        [32m0.1918[0m       [35m0.7160[0m      [31m0.8299[0m        [94m0.2436[0m     +  0.0001  11.7517
      6      0.8860        [32m0.1740[0m       0.7142      [31m0.8322[0m        0.2464        0.0000  11.6666
      7      [36m0.8999[0m        [32m0.1718[0m       0.7151      0.8303        0.2465        0.0000  11.5771
      8      0.8970        [32m0.1692[0m       [35m0.7201[0m      [31m0.8387[0m        0.2519        0.0000  11.3311
      9      [36m0.9030[0m        [32m0.1634[0m       [35m0.7231[0m      0.8354        0.2471        0.0000  11.7969
     10      0.8880        0.1668       0.7217      [31m0.8407[0m        0.2520        0.0000  11.6263
     11      [36m0.9037[0m        [32m0.1579[0m       0.7205      0.8381        0.2504        0.0000  11.7043
     12      [36m0.9100[0m        0.1579       0.7193      0.8385        0.2514        0.0000  11.6099
     13      0.8999        [32m0.1551[0m       0.7181      0.8358        0.2503        0.0000  11.6245
     14      0.8997        0.1593       0.7196      0.8383        0.2497        0.0000  11.6549
     15      0.9040        [32m0.1535[0m       0.7193      0.8388        0.2511        0.0000  11.5405
Stopping since valid_loss has not improved in the last 11 epochs.
Iteration 6: Test F1 Micro Score: 0.8540382244143033
Iteration 6: Test F1 Macro Score: 0.8299217400182641
Model checkpoint saved to C:\Users\localuserSKSG\Desktop\Shubham\RandomSampling/Multilabel/DinoS/seed_44_config2/model_checkpoint_iteration_5.pt

Iteration 7: Requesting 320 samples.
Re-initializing module.
Re-initializing criterion.
Re-initializing optimizer.
  epoch    train_f1    train_loss    valid_acc    valid_f1    valid_loss    cp      lr      dur
-------  ----------  ------------  -----------  ----------  ------------  ----  ------  -------
      1      [36m0.8768[0m        [32m0.2209[0m       [35m0.7398[0m      [31m0.8444[0m        [94m0.2482[0m     +  0.0001  12.3610
      2      [36m0.8823[0m        [32m0.1927[0m       [35m0.7399[0m      0.8439        [94m0.2474[0m     +  0.0001  12.1875
      3      [36m0.8974[0m        [32m0.1757[0m       [35m0.7427[0m      [31m0.8469[0m        0.2527        0.0001  12.4163
      4      [36m0.9022[0m        [32m0.1703[0m       [35m0.7434[0m      [31m0.8494[0m        0.2515        0.0001  12.4375
      5      [36m0.9030[0m        0.1727       0.7394      0.8494        0.2629        0.0001  12.3291
      6      [36m0.9093[0m        [32m0.1568[0m       0.7330      [31m0.8523[0m        0.2529        0.0000  12.3043
      7      [36m0.9095[0m        [32m0.1535[0m       0.7403      [31m0.8576[0m        [94m0.2458[0m     +  0.0000  12.2379
      8      [36m0.9186[0m        [32m0.1480[0m       0.7427      0.8567        0.2462        0.0000  12.2030
      9      [36m0.9201[0m        [32m0.1451[0m       0.7396      [31m0.8579[0m        0.2471        0.0000  12.3907
     10      [36m0.9243[0m        [32m0.1420[0m       0.7408      0.8567        0.2483        0.0000  12.3747
     11      0.9161        0.1443       [35m0.7484[0m      [31m0.8595[0m        [94m0.2379[0m     +  0.0000  12.3325
     12      0.9215        [32m0.1357[0m       [35m0.7545[0m      [31m0.8624[0m        [94m0.2356[0m     +  0.0000  12.1875
     13      [36m0.9258[0m        [32m0.1313[0m       0.7497      0.8619        0.2398        0.0000  12.1897
     14      [36m0.9310[0m        0.1328       0.7526      [31m0.8634[0m        0.2387        0.0000  12.4581
     15      0.9299        [32m0.1287[0m       0.7486      0.8622        0.2406        0.0000  12.1591
     16      0.9290        [32m0.1282[0m       [35m0.7556[0m      0.8632        [94m0.2352[0m     +  0.0000  12.5007
     17      [36m0.9336[0m        [32m0.1252[0m       [35m0.7559[0m      [31m0.8637[0m        [94m0.2349[0m     +  0.0000  12.3338
     18      0.9318        0.1280       0.7545      [31m0.8639[0m        0.2360        0.0000  12.3516
     19      0.9285        0.1321       0.7552      [31m0.8643[0m        [94m0.2342[0m     +  0.0000  12.2802
     20      [36m0.9374[0m        0.1262       0.7542      0.8643        0.2347        0.0000  12.2706
     21      0.9287        [32m0.1251[0m       [35m0.7569[0m      0.8643        [94m0.2333[0m     +  0.0000  12.1562
     22      [36m0.9378[0m        [32m0.1238[0m       0.7568      [31m0.8647[0m        0.2341        0.0000  12.3937
     23      0.9303        0.1258       0.7568      [31m0.8654[0m        0.2343        0.0000  12.4187
     24      0.9295        0.1250       0.7562      [31m0.8654[0m        0.2345        0.0000  12.1676
     25      0.9308        [32m0.1237[0m       0.7562      0.8651        0.2343        0.0000  12.2652
     26      0.9280        0.1263       0.7566      0.8653        0.2342        0.0000  12.2543
     27      0.9274        0.1276       [35m0.7585[0m      [31m0.8656[0m        0.2335        0.0000  12.2748
     28      0.9277        0.1241       0.7573      [31m0.8658[0m        0.2340        0.0000  12.1394
     29      0.9331        [32m0.1235[0m       0.7580      [31m0.8661[0m        0.2338        0.0000  12.0648
     30      0.9265        0.1254       0.7575      0.8660        0.2338        0.0000  12.0431
     31      [36m0.9381[0m        [32m0.1231[0m       0.7583      0.8659        0.2335        0.0000  12.2768
Stopping since valid_loss has not improved in the last 11 epochs.
Iteration 7: Test F1 Micro Score: 0.8640814123814663
Iteration 7: Test F1 Macro Score: 0.8428458964416324
Model checkpoint saved to C:\Users\localuserSKSG\Desktop\Shubham\RandomSampling/Multilabel/DinoS/seed_44_config2/model_checkpoint_iteration_6.pt

Iteration 8: Requesting 560 samples.
Re-initializing module.
Re-initializing criterion.
Re-initializing optimizer.
  epoch    train_f1    train_loss    valid_acc    valid_f1    valid_loss    cp      lr      dur
-------  ----------  ------------  -----------  ----------  ------------  ----  ------  -------
      1      [36m0.8916[0m        [32m0.1835[0m       [35m0.7439[0m      [31m0.8633[0m        [94m0.2309[0m     +  0.0001  13.4197
      2      [36m0.9098[0m        [32m0.1618[0m       [35m0.7453[0m      [31m0.8641[0m        0.2316        0.0001  13.3716
      3      [36m0.9128[0m        [32m0.1543[0m       0.7410      0.8624        0.2362        0.0001  13.5045
      4      [36m0.9154[0m        [32m0.1504[0m       [35m0.7474[0m      [31m0.8645[0m        0.2328        0.0001  13.4902
      5      [36m0.9159[0m        [32m0.1466[0m       [35m0.7531[0m      [31m0.8690[0m        [94m0.2281[0m     +  0.0001  13.5461
      6      [36m0.9248[0m        [32m0.1302[0m       [35m0.7559[0m      [31m0.8726[0m        [94m0.2243[0m     +  0.0000  13.4687
      7      [36m0.9296[0m        [32m0.1301[0m       [35m0.7580[0m      [31m0.8748[0m        0.2245        0.0000  13.3924
      8      [36m0.9328[0m        [32m0.1233[0m       [35m0.7606[0m      [31m0.8756[0m        0.2270        0.0000  13.4375
      9      [36m0.9334[0m        [32m0.1222[0m       0.7599      0.8743        [94m0.2204[0m     +  0.0000  13.4367
     10      0.9326        [32m0.1208[0m       0.7592      0.8742        0.2240        0.0000  13.4409
     11      0.9332        [32m0.1154[0m       [35m0.7632[0m      [31m0.8759[0m        0.2209        0.0000  13.3887
     12      [36m0.9381[0m        0.1172       [35m0.7639[0m      [31m0.8769[0m        0.2232        0.0000  13.4743
     13      0.9366        [32m0.1136[0m       0.7620      0.8760        0.2246        0.0000  13.4221
     14      0.9371        0.1147       0.7639      0.8769        0.2220        0.0000  13.3426
     15      0.9351        [32m0.1123[0m       [35m0.7651[0m      [31m0.8770[0m        0.2213        0.0000  13.3275
     16      [36m0.9405[0m        [32m0.1103[0m       [35m0.7674[0m      0.8764        [94m0.2182[0m     +  0.0000  13.2589
     17      [36m0.9415[0m        [32m0.1097[0m       [35m0.7675[0m      [31m0.8773[0m        0.2190        0.0000  13.4904
     18      [36m0.9419[0m        [32m0.1072[0m       [35m0.7689[0m      0.8770        [94m0.2179[0m     +  0.0000  13.2657
     19      0.9416        0.1086       0.7675      [31m0.8774[0m        0.2195        0.0000  13.2855
     20      [36m0.9428[0m        [32m0.1067[0m       0.7688      [31m0.8777[0m        0.2190        0.0000  13.4789
     21      [36m0.9443[0m        0.1074       [35m0.7707[0m      [31m0.8780[0m        [94m0.2168[0m     +  0.0000  13.3751
     22      0.9381        0.1090       0.7707      [31m0.8782[0m        0.2174        0.0000  13.2662
     23      0.9398        0.1076       0.7701      0.8777        0.2168        0.0000  13.3965
     24      0.9382        0.1081       0.7705      [31m0.8785[0m        0.2173        0.0000  13.2465
     25      0.9406        0.1085       [35m0.7708[0m      0.8774        [94m0.2164[0m     +  0.0000  13.1875
     26      0.9418        [32m0.1029[0m       0.7703      0.8776        0.2172        0.0000  13.4374
     27      0.9410        0.1074       0.7708      0.8776        0.2170        0.0000  13.4756
     28      0.9386        0.1061       0.7707      0.8773        0.2167        0.0000  13.3597
     29      0.9395        0.1070       0.7707      0.8774        0.2168        0.0000  13.3351
     30      0.9414        0.1044       0.7705      0.8776        0.2170        0.0000  13.3178
     31      0.9405        [32m0.1024[0m       0.7703      0.8775        0.2171        0.0000  13.0336
     32      0.9422        0.1047       0.7708      0.8781        0.2172        0.0000  13.1050
     33      0.9369        0.1050       0.7707      0.8782        0.2171        0.0000  13.2658
     34      0.9411        0.1040       0.7705      0.8781        0.2171        0.0000  13.2974
     35      0.9403        0.1045       [35m0.7710[0m      0.8782        0.2168        0.0000  13.3097
Stopping since valid_loss has not improved in the last 11 epochs.
Iteration 8: Test F1 Micro Score: 0.876592478894858
Iteration 8: Test F1 Macro Score: 0.8566108126664657
Model checkpoint saved to C:\Users\localuserSKSG\Desktop\Shubham\RandomSampling/Multilabel/DinoS/seed_44_config2/model_checkpoint_iteration_7.pt

Iteration 9: Requesting 1000 samples.
Re-initializing module.
Re-initializing criterion.
Re-initializing optimizer.
  epoch    train_f1    train_loss    valid_acc    valid_f1    valid_loss    cp      lr      dur
-------  ----------  ------------  -----------  ----------  ------------  ----  ------  -------
      1      [36m0.9178[0m        [32m0.1502[0m       [35m0.7465[0m      [31m0.8682[0m        [94m0.2230[0m     +  0.0001  15.4483
      2      [36m0.9266[0m        [32m0.1329[0m       [35m0.7597[0m      [31m0.8749[0m        [94m0.2203[0m     +  0.0001  15.4528
      3      [36m0.9303[0m        [32m0.1244[0m       0.7413      0.8612        0.2294        0.0001  15.4519
      4      [36m0.9321[0m        [32m0.1216[0m       0.7590      0.8692        0.2223        0.0001  15.2180
      5      [36m0.9350[0m        [32m0.1187[0m       [35m0.7637[0m      0.8712        0.2254        0.0001  15.2653
      6      [36m0.9430[0m        [32m0.1058[0m       0.7547      0.8637        0.2234        0.0000  15.3395
      7      [36m0.9466[0m        [32m0.1026[0m       0.7556      0.8660        0.2251        0.0000  15.2993
      8      [36m0.9484[0m        [32m0.0982[0m       0.7538      0.8608        0.2240        0.0000  15.2022
      9      0.9457        [32m0.0960[0m       0.7547      0.8605        0.2230        0.0000  15.3902
     10      [36m0.9486[0m        [32m0.0939[0m       0.7582      0.8571        0.2243        0.0000  15.1556
     11      [36m0.9522[0m        [32m0.0891[0m       0.7564      0.8612        0.2261        0.0000  15.6102
     12      0.9521        0.0895       0.7569      0.8583        0.2255        0.0000  15.4335
Stopping since valid_loss has not improved in the last 11 epochs.
Iteration 9: Test F1 Micro Score: 0.887273851863306
Iteration 9: Test F1 Macro Score: 0.870249232737604
Model checkpoint saved to C:\Users\localuserSKSG\Desktop\Shubham\RandomSampling/Multilabel/DinoS/seed_44_config2/model_checkpoint_iteration_8.pt

Iteration 10: Requesting 1776 samples.
Re-initializing module.
Re-initializing criterion.
Re-initializing optimizer.
  epoch    train_f1    train_loss    valid_acc    valid_f1    valid_loss    cp      lr      dur
-------  ----------  ------------  -----------  ----------  ------------  ----  ------  -------
      1      [36m0.9197[0m        [32m0.1418[0m       [35m0.7632[0m      [31m0.8775[0m        [94m0.2279[0m     +  0.0001  18.9850
      2      [36m0.9266[0m        [32m0.1280[0m       0.7609      0.8733        0.2430        0.0001  19.0329
      3      [36m0.9298[0m        [32m0.1235[0m       0.7606      0.8737        0.2480        0.0001  18.9478
      4      [36m0.9306[0m        [32m0.1164[0m       [35m0.7682[0m      0.8731        0.2379        0.0001  18.9632
      5      [36m0.9351[0m        [32m0.1119[0m       0.7623      0.8707        0.2565        0.0001  19.0780
      6      [36m0.9456[0m        [32m0.0989[0m       [35m0.7726[0m      0.8710        0.2326        0.0000  19.0000
      7      0.9444        [32m0.0954[0m       [35m0.7731[0m      0.8732        0.2365        0.0000  19.2604
      8      [36m0.9471[0m        [32m0.0928[0m       [35m0.7736[0m      0.8711        0.2318        0.0000  19.0465
      9      [36m0.9501[0m        [32m0.0902[0m       0.7701      0.8680        0.2352        0.0000  18.9374
     10      0.9491        [32m0.0897[0m       0.7689      0.8694        0.2438        0.0000  19.3544
     11      [36m0.9536[0m        [32m0.0832[0m       [35m0.7773[0m      0.8687        [94m0.2256[0m     +  0.0000  19.0279
     12      [36m0.9538[0m        0.0835       0.7743      0.8675        0.2280        0.0000  19.1250
     13      [36m0.9562[0m        [32m0.0824[0m       0.7769      0.8663        [94m0.2235[0m     +  0.0000  19.1560
     14      0.9541        [32m0.0812[0m       0.7715      0.8655        0.2293        0.0000  18.9516
     15      [36m0.9582[0m        [32m0.0790[0m       0.7773      0.8678        0.2263        0.0000  19.1094
     16      0.9569        [32m0.0780[0m       0.7755      0.8661        0.2276        0.0000  19.0485
     17      0.9557        [32m0.0769[0m       0.7760      0.8661        0.2272        0.0000  18.7787
     18      0.9569        [32m0.0765[0m       0.7769      0.8667        0.2280        0.0000  19.0354
     19      [36m0.9583[0m        [32m0.0758[0m       0.7727      0.8649        0.2302        0.0000  19.0185
     20      0.9571        0.0763       0.7760      0.8652        0.2284        0.0000  18.9826
     21      [36m0.9593[0m        0.0760       0.7722      0.8648        0.2324        0.0000  18.9070
     22      0.9545        [32m0.0756[0m       0.7722      0.8640        0.2308        0.0000  18.9249
     23      [36m0.9596[0m        [32m0.0741[0m       0.7734      0.8649        0.2314        0.0000  19.2799
Stopping since valid_loss has not improved in the last 11 epochs.
Iteration 10: Test F1 Micro Score: 0.8931262494233432
Iteration 10: Test F1 Macro Score: 0.8770101051097505
Model checkpoint saved to C:\Users\localuserSKSG\Desktop\Shubham\RandomSampling/Multilabel/DinoS/seed_44_config2/model_checkpoint_iteration_9.pt

Iteration 11: Requesting 3160 samples.
Re-initializing module.
Re-initializing criterion.
Re-initializing optimizer.
  epoch    train_f1    train_loss    valid_acc    valid_f1    valid_loss    cp      lr      dur
-------  ----------  ------------  -----------  ----------  ------------  ----  ------  -------
      1      [36m0.9338[0m        [32m0.1138[0m       [35m0.7773[0m      [31m0.8637[0m        [94m0.2120[0m     +  0.0001  25.4709
      2      [36m0.9405[0m        [32m0.1035[0m       [35m0.7837[0m      [31m0.8661[0m        0.2170        0.0001  25.3692
      3      [36m0.9436[0m        [32m0.0996[0m       [35m0.7840[0m      0.8631        0.2181        0.0001  25.3578
      4      [36m0.9456[0m        [32m0.0936[0m       [35m0.7845[0m      0.8656        0.2123        0.0001  25.5957
      5      [36m0.9461[0m        [32m0.0932[0m       0.7764      0.8604        0.2317        0.0001  25.4418
      6      [36m0.9560[0m        [32m0.0789[0m       0.7731      0.8562        0.2295        0.0000  25.3637
      7      0.9560        [32m0.0761[0m       0.7710      0.8544        0.2342        0.0000  25.2976
      8      [36m0.9583[0m        [32m0.0747[0m       0.7616      0.8464        0.2459        0.0000  25.4243
      9      0.9576        [32m0.0734[0m       0.7656      0.8494        0.2385        0.0000  25.5145
     10      0.9574        [32m0.0730[0m       0.7649      0.8531        0.2404        0.0000  25.5954
     11      [36m0.9610[0m        [32m0.0674[0m       0.7597      0.8543        0.2500        0.0000  25.4789
Stopping since valid_loss has not improved in the last 11 epochs.
Iteration 11: Test F1 Micro Score: 0.8928984501503586
Iteration 11: Test F1 Macro Score: 0.8741234998252302
Model checkpoint saved to C:\Users\localuserSKSG\Desktop\Shubham\RandomSampling/Multilabel/DinoS/seed_44_config2/model_checkpoint_iteration_10.pt

Iteration 12: Requesting 5624 samples.
Re-initializing module.
Re-initializing criterion.
Re-initializing optimizer.
  epoch    train_f1    train_loss    valid_acc    valid_f1    valid_loss    cp      lr      dur
-------  ----------  ------------  -----------  ----------  ------------  ----  ------  -------
      1      [36m0.9340[0m        [32m0.1107[0m       [35m0.7307[0m      [31m0.8560[0m        [94m0.3055[0m     +  0.0001  36.5007
      2      [36m0.9411[0m        [32m0.1021[0m       [35m0.7366[0m      [31m0.8598[0m        [94m0.3023[0m     +  0.0001  36.6887
      3      [36m0.9436[0m        [32m0.0964[0m       [35m0.7438[0m      [31m0.8606[0m        [94m0.2980[0m     +  0.0001  37.0028
      4      [36m0.9453[0m        [32m0.0926[0m       0.7413      [31m0.8607[0m        0.3035        0.0001  36.9867
      5      [36m0.9485[0m        [32m0.0886[0m       [35m0.7474[0m      [31m0.8633[0m        [94m0.2977[0m     +  0.0001  36.9049
      6      [36m0.9562[0m        [32m0.0760[0m       [35m0.7479[0m      [31m0.8633[0m        0.2989        0.0000  36.9532
      7      [36m0.9583[0m        [32m0.0740[0m       [35m0.7507[0m      [31m0.8644[0m        [94m0.2860[0m     +  0.0000  37.0140
      8      [36m0.9591[0m        [32m0.0719[0m       0.7411      0.8601        0.3244        0.0000  37.0432
      9      [36m0.9597[0m        [32m0.0705[0m       0.7403      0.8589        0.3224        0.0000  37.0939
     10      [36m0.9602[0m        [32m0.0701[0m       [35m0.7524[0m      0.8628        [94m0.2796[0m     +  0.0000  37.0962
     11      [36m0.9621[0m        [32m0.0649[0m       0.7467      0.8608        [94m0.2794[0m     +  0.0000  37.2515
     12      [36m0.9640[0m        [32m0.0645[0m       0.7472      0.8601        [94m0.2780[0m     +  0.0000  36.5149
     13      0.9637        [32m0.0633[0m       0.7425      0.8570        0.2794        0.0000  36.6620
     14      0.9639        [32m0.0632[0m       0.7436      0.8591        0.2784        0.0000  36.6221
     15      0.9640        [32m0.0621[0m       0.7408      0.8578        0.2881        0.0000  37.2714
     16      [36m0.9650[0m        [32m0.0599[0m       [35m0.7556[0m      0.8606        [94m0.2634[0m     +  0.0000  37.4189
     17      [36m0.9665[0m        [32m0.0595[0m       0.7531      0.8592        0.2668        0.0000  37.1754
     18      0.9656        0.0599       0.7493      0.8578        0.2704        0.0000  37.2650
     19      0.9650        [32m0.0592[0m       0.7516      0.8585        0.2653        0.0000  37.3778
     20      0.9657        0.0593       0.7533      0.8587        [94m0.2612[0m     +  0.0000  37.4672
     21      [36m0.9669[0m        [32m0.0583[0m       0.7519      0.8573        0.2637        0.0000  37.3647
     22      [36m0.9671[0m        0.0585       0.7550      0.8571        [94m0.2597[0m     +  0.0000  37.2970
     23      0.9664        [32m0.0580[0m       0.7509      0.8555        0.2633        0.0000  37.3258
     24      0.9670        [32m0.0576[0m       0.7510      0.8556        0.2671        0.0000  36.9216
     25      [36m0.9671[0m        [32m0.0571[0m       0.7543      0.8568        0.2640        0.0000  36.8071
     26      [36m0.9673[0m        [32m0.0571[0m       0.7510      0.8552        0.2676        0.0000  36.6414
     27      0.9659        0.0581       0.7512      0.8556        0.2673        0.0000  37.7679
     28      0.9672        0.0577       0.7512      0.8550        0.2667        0.0000  37.7659
     29      0.9668        0.0579       0.7493      0.8548        0.2667        0.0000  37.7187
     30      [36m0.9692[0m        [32m0.0566[0m       0.7510      0.8547        0.2666        0.0000  37.7540
     31      0.9677        0.0574       0.7500      0.8539        0.2681        0.0000  37.7109
     32      0.9684        [32m0.0561[0m       0.7497      0.8540        0.2686        0.0000  37.6043
Stopping since valid_loss has not improved in the last 11 epochs.
Iteration 12: Test F1 Micro Score: 0.8985838282320696
Iteration 12: Test F1 Macro Score: 0.8837370946850064
Model checkpoint saved to C:\Users\localuserSKSG\Desktop\Shubham\RandomSampling/Multilabel/DinoS/seed_44_config2/model_checkpoint_iteration_11.pt

Iteration 13: Requesting 10000 samples.
Re-initializing module.
Re-initializing criterion.
Re-initializing optimizer.
  epoch    train_f1    train_loss    valid_acc    valid_f1    valid_loss    cp      lr      dur
-------  ----------  ------------  -----------  ----------  ------------  ----  ------  -------
      1      [36m0.9516[0m        [32m0.0832[0m       [35m0.7660[0m      [31m0.8630[0m        [94m0.2247[0m     +  0.0001  58.3207
      2      [36m0.9541[0m        [32m0.0791[0m       0.7627      0.8597        0.2389        0.0001  58.3222
      3      [36m0.9556[0m        [32m0.0758[0m       0.7660      0.8615        0.2311        0.0001  57.9377
      4      [36m0.9574[0m        [32m0.0735[0m       0.7599      0.8581        0.2306        0.0001  58.0263
      5      [36m0.9591[0m        [32m0.0718[0m       0.7561      0.8555        0.2325        0.0001  57.7736
      6      [36m0.9653[0m        [32m0.0606[0m       0.7469      0.8494        0.2586        0.0000  57.7453
      7      [36m0.9665[0m        [32m0.0596[0m       0.7396      0.8434        0.2713        0.0000  56.3544
      8      [36m0.9667[0m        [32m0.0591[0m       0.7368      0.8409        0.2663        0.0000  58.2199
      9      [36m0.9667[0m        [32m0.0569[0m       0.7436      0.8451        0.2650        0.0000  58.0466
     10      [36m0.9671[0m        [32m0.0563[0m       0.7465      0.8486        0.2631        0.0000  58.1381
     11      [36m0.9698[0m        [32m0.0521[0m       0.7434      0.8449        0.2756        0.0000  57.8753
Stopping since valid_loss has not improved in the last 11 epochs.
Iteration 13: Test F1 Micro Score: 0.8976269103755471
Iteration 13: Test F1 Macro Score: 0.8822892186059864
Model checkpoint saved to C:\Users\localuserSKSG\Desktop\Shubham\RandomSampling/Multilabel/DinoS/seed_44_config2/model_checkpoint_iteration_12.pt

Iteration 14: Requesting all remaining samples.
Re-initializing module.
Re-initializing criterion.
Re-initializing optimizer.
  epoch    train_f1    train_loss    valid_acc    valid_f1    valid_loss    cp      lr      dur
-------  ----------  ------------  -----------  ----------  ------------  ----  ------  -------
      1      [36m0.9548[0m        [32m0.0795[0m       [35m0.7517[0m      [31m0.8504[0m        [94m0.2529[0m     +  0.0001  66.7027
      2      [36m0.9568[0m        [32m0.0760[0m       0.7457      [31m0.8546[0m        0.2623        0.0001  66.3308
      3      [36m0.9575[0m        [32m0.0738[0m       [35m0.7524[0m      [31m0.8556[0m        [94m0.2512[0m     +  0.0001  66.4908
      4      [36m0.9587[0m        [32m0.0719[0m       0.7396      0.8535        0.2948        0.0001  66.6439
      5      [36m0.9603[0m        [32m0.0698[0m       [35m0.7573[0m      0.8553        [94m0.2417[0m     +  0.0001  66.3928
      6      [36m0.9667[0m        [32m0.0583[0m       0.7490      0.8541        0.2534        0.0000  66.6983
      7      [36m0.9667[0m        [32m0.0575[0m       0.7521      [31m0.8609[0m        0.2816        0.0000  64.8246
      8      [36m0.9677[0m        [32m0.0562[0m       0.7470      0.8551        0.2818        0.0000  66.2333
      9      [36m0.9680[0m        [32m0.0555[0m       0.7382      0.8454        0.2853        0.0000  66.5469
     10      [36m0.9682[0m        [32m0.0545[0m       0.7453      0.8525        0.2885        0.0000  66.4218
     11      [36m0.9703[0m        [32m0.0506[0m       0.7443      0.8474        0.2729        0.0000  66.7471
     12      [36m0.9705[0m        [32m0.0502[0m       0.7424      0.8494        0.2793        0.0000  66.7486
     13      [36m0.9708[0m        [32m0.0495[0m       0.7431      0.8473        0.2841        0.0000  67.0009
     14      [36m0.9709[0m        [32m0.0490[0m       0.7432      0.8479        0.2820        0.0000  67.0491
     15      [36m0.9713[0m        0.0490       0.7424      0.8455        0.2820        0.0000  67.0456
Stopping since valid_loss has not improved in the last 11 epochs.
Iteration 14: Test F1 Micro Score: 0.8973146170277694
Iteration 14: Test F1 Macro Score: 0.8834652988335279
Model checkpoint saved to C:\Users\localuserSKSG\Desktop\Shubham\RandomSampling/Multilabel/DinoS/seed_44_config2/model_checkpoint_iteration_13.pt
Pickle file saved to C:\Users\localuserSKSG\Desktop\Shubham\RandomSampling/Multilabel/DinoS/seed_44_config2\random_sampling_results_for_multiClass_classification.pickle
