3
multiclass_train_df shape: (26880, 2)
multiclass_test_df shape: (5760, 2)
multiclass_val_df shape: (5760, 2)
Calculated train_size: 16

Iteration 1: Using initial samples.
  epoch    train_f1    train_loss    valid_acc    valid_f1    valid_loss    cp      lr      dur
-------  ----------  ------------  -----------  ----------  ------------  ----  ------  -------
      1      [36m1.0000[0m        [32m2.2493[0m       [35m0.1559[0m      [31m0.1559[0m        [94m2.0774[0m     +  0.0000  24.6483
      2      0.5000        [32m1.5295[0m       0.0587      0.0587        2.1161        0.0000  23.2172
      3      0.8750        [32m1.3080[0m       0.1408      0.1408        [94m2.0734[0m     +  0.0000  23.3609
      4      1.0000        [32m1.0106[0m       0.0757      0.0757        2.1026        0.0000  23.2391
      5      0.8750        [32m0.9081[0m       0.1153      0.1153        2.0736        0.0000  23.8869
      6      1.0000        [32m0.7363[0m       [35m0.1741[0m      [31m0.1741[0m        [94m2.0444[0m     +  0.0000  23.6723
      7      0.8750        0.8869       [35m0.2068[0m      [31m0.2068[0m        [94m2.0256[0m     +  0.0000  23.9556
      8      1.0000        [32m0.5914[0m       [35m0.2215[0m      [31m0.2215[0m        [94m2.0173[0m     +  0.0000  23.2655
      9      1.0000        [32m0.4875[0m       0.2191      0.2191        2.0199        0.0000  23.1027
     10      1.0000        0.6878       0.2116      0.2116        2.0282        0.0000  23.3562
     11      1.0000        [32m0.4122[0m       0.2120      0.2120        2.0348        0.0000  23.6246
     12      1.0000        0.6120       0.2071      0.2071        2.0510        0.0000  23.3929
     13      1.0000        [32m0.3978[0m       0.2017      0.2017        2.0635        0.0000  24.0008
     14      1.0000        [32m0.3400[0m       0.1944      0.1944        2.0793        0.0000  23.2359
     15      1.0000        0.5829       0.2148      0.2148        2.0802        0.0000  23.1232
     16      1.0000        0.4328       0.2057      0.2057        2.0957        0.0000  23.3123
     17      1.0000        [32m0.2343[0m       0.1984      0.1984        2.1065        0.0000  23.4842
     18      0.8750        0.6312       0.1696      0.1696        2.1325        0.0000  23.2039
Stopping since valid_loss has not improved in the last 11 epochs.
Iteration 1: Test F1 Micro Score: 0.16319444444444445
Iteration 1: Test F1 Macro Score: 0.1198646169818906
Model checkpoint saved to C:\Users\localuserSKSG\Desktop\Shubham\RandomSampling/Multiclass/EfficientNet/seed_42/model_checkpoint_iteration_0.pt

Iteration 2: Requesting 16 samples.
Re-initializing module.
Re-initializing criterion.
Re-initializing optimizer.
  epoch    train_f1    train_loss    valid_acc    valid_f1    valid_loss    cp      lr      dur
-------  ----------  ------------  -----------  ----------  ------------  ----  ------  -------
      1      [36m0.3333[0m        [32m1.6942[0m       [35m0.3108[0m      [31m0.3108[0m        [94m1.9097[0m     +  0.0000  23.8736
      2      [36m0.7500[0m        [32m1.1629[0m       [35m0.3563[0m      [31m0.3563[0m        [94m1.8457[0m     +  0.0000  23.8575
      3      [36m0.9167[0m        [32m0.9293[0m       [35m0.3882[0m      [31m0.3882[0m        [94m1.8062[0m     +  0.0000  23.8002
      4      0.9167        [32m0.8213[0m       [35m0.4113[0m      [31m0.4113[0m        [94m1.7589[0m     +  0.0000  24.2763
      5      [36m0.9583[0m        [32m0.8201[0m       [35m0.4160[0m      [31m0.4160[0m        [94m1.7285[0m     +  0.0000  24.8303
      6      0.9583        [32m0.6278[0m       [35m0.4372[0m      [31m0.4372[0m        [94m1.6868[0m     +  0.0000  20.0461
      7      0.9583        0.6379       [35m0.4859[0m      [31m0.4859[0m        [94m1.6306[0m     +  0.0000  19.5779
      8      0.9167        0.6342       [35m0.5179[0m      [31m0.5179[0m        [94m1.5832[0m     +  0.0000  19.1882
      9      [36m1.0000[0m        [32m0.5421[0m       [35m0.5380[0m      [31m0.5380[0m        [94m1.5440[0m     +  0.0000  19.6485
     10      1.0000        [32m0.4984[0m       [35m0.5542[0m      [31m0.5542[0m        [94m1.4913[0m     +  0.0000  18.9270
     11      1.0000        [32m0.4055[0m       [35m0.5630[0m      [31m0.5630[0m        [94m1.4632[0m     +  0.0000  18.7969
     12      0.9583        0.5171       [35m0.5821[0m      [31m0.5821[0m        [94m1.4337[0m     +  0.0000  18.7830
     13      1.0000        [32m0.3902[0m       0.5781      0.5781        [94m1.4139[0m     +  0.0000  19.9492
     14      0.9583        0.4911       0.5668      0.5668        [94m1.3997[0m     +  0.0000  19.4654
     15      1.0000        [32m0.2944[0m       0.5627      0.5627        [94m1.3859[0m     +  0.0000  18.7496
     16      1.0000        0.4331       0.5609      0.5609        [94m1.3766[0m     +  0.0000  18.7475
     17      0.9583        0.3689       0.5649      0.5649        [94m1.3690[0m     +  0.0000  19.6691
     18      1.0000        0.3646       0.5609      0.5609        [94m1.3671[0m     +  0.0000  18.8403
     19      1.0000        0.3694       0.5679      0.5679        [94m1.3575[0m     +  0.0000  19.0278
     20      0.9583        0.3472       0.5663      0.5663        [94m1.3550[0m     +  0.0000  19.0575
     21      1.0000        [32m0.2848[0m       0.5526      0.5526        1.3612        0.0000  18.8888
     22      0.9583        0.3733       0.5502      0.5502        1.3688        0.0000  18.5270
     23      1.0000        0.3113       0.5564      0.5564        1.3657        0.0000  18.8148
     24      1.0000        0.3268       0.5479      0.5479        1.3763        0.0000  18.8436
     25      1.0000        [32m0.2696[0m       0.5439      0.5439        1.3756        0.0000  19.1656
     26      0.9167        0.3890       0.5462      0.5462        1.3714        0.0000  19.6207
     27      1.0000        0.3538       0.5378      0.5378        1.3817        0.0000  19.0764
     28      0.9583        0.3418       0.5349      0.5349        1.3793        0.0000  19.9342
     29      1.0000        0.2919       0.5366      0.5366        1.3804        0.0000  19.0585
     30      1.0000        [32m0.2598[0m       0.5422      0.5422        1.3761        0.0000  18.8584
Stopping since valid_loss has not improved in the last 11 epochs.
Iteration 2: Test F1 Micro Score: 0.6095486111111111
Iteration 2: Test F1 Macro Score: 0.2655731063044936
Model checkpoint saved to C:\Users\localuserSKSG\Desktop\Shubham\RandomSampling/Multiclass/EfficientNet/seed_42/model_checkpoint_iteration_1.pt

Iteration 3: Requesting 32 samples.
Re-initializing module.
Re-initializing criterion.
Re-initializing optimizer.
  epoch    train_f1    train_loss    valid_acc    valid_f1    valid_loss    cp      lr      dur
-------  ----------  ------------  -----------  ----------  ------------  ----  ------  -------
      1      [36m0.6964[0m        [32m0.9684[0m       [35m0.6623[0m      [31m0.6623[0m        [94m1.1221[0m     +  0.0000  19.7000
      2      [36m0.8036[0m        [32m0.7269[0m       [35m0.6764[0m      [31m0.6764[0m        [94m1.0676[0m     +  0.0000  19.8268
      3      [36m0.8929[0m        [32m0.5383[0m       0.6743      0.6743        [94m1.0438[0m     +  0.0000  20.2312
      4      [36m0.9286[0m        [32m0.4174[0m       0.6726      0.6726        [94m1.0335[0m     +  0.0000  20.0288
      5      0.9286        0.4447       [35m0.6826[0m      [31m0.6826[0m        [94m1.0157[0m     +  0.0000  20.4989
      6      [36m0.9643[0m        [32m0.3794[0m       0.6792      0.6792        [94m1.0062[0m     +  0.0000  19.6560
      7      0.9464        0.3828       [35m0.6854[0m      [31m0.6854[0m        [94m0.9874[0m     +  0.0000  20.5937
      8      0.9464        [32m0.3277[0m       0.6745      0.6745        [94m0.9771[0m     +  0.0000  20.0458
      9      0.9464        [32m0.3266[0m       0.6740      0.6740        [94m0.9653[0m     +  0.0000  20.2652
     10      0.9643        [32m0.2621[0m       0.6750      0.6750        [94m0.9612[0m     +  0.0000  21.3145
     11      [36m0.9821[0m        [32m0.2515[0m       0.6734      0.6734        [94m0.9586[0m     +  0.0000  19.7958
     12      0.9643        0.3082       0.6741      0.6741        [94m0.9558[0m     +  0.0000  19.7492
     13      [36m1.0000[0m        [32m0.1889[0m       0.6755      0.6755        [94m0.9511[0m     +  0.0000  20.1600
     14      1.0000        0.2261       0.6773      0.6773        0.9565        0.0000  20.3889
     15      1.0000        0.2137       0.6780      0.6780        0.9533        0.0000  21.3167
     16      1.0000        0.1946       0.6766      0.6766        [94m0.9490[0m     +  0.0000  21.8449
     17      0.9821        0.2114       0.6726      0.6726        0.9503        0.0000  20.1374
     18      0.9821        0.2328       0.6720      0.6720        0.9531        0.0000  19.6049
     19      0.9821        0.2261       0.6672      0.6672        0.9511        0.0000  21.0482
     20      0.9643        0.2033       0.6642      0.6642        0.9566        0.0000  19.8245
     21      0.9821        0.2197       0.6639      0.6639        0.9569        0.0000  19.7611
     22      1.0000        [32m0.1782[0m       0.6655      0.6655        0.9559        0.0000  19.8401
     23      0.9821        0.2018       0.6686      0.6686        0.9495        0.0000  20.4017
     24      0.9821        0.1976       0.6674      0.6674        [94m0.9426[0m     +  0.0000  19.5891
     25      1.0000        [32m0.1765[0m       0.6719      0.6719        [94m0.9390[0m     +  0.0000  20.0191
     26      1.0000        [32m0.1712[0m       0.6717      0.6717        0.9447        0.0000  19.8591
     27      1.0000        [32m0.1302[0m       0.6703      0.6703        0.9461        0.0000  20.6559
     28      1.0000        0.1644       0.6698      0.6698        0.9433        0.0000  19.6245
     29      1.0000        [32m0.1279[0m       0.6714      0.6714        0.9481        0.0000  19.7954
     30      1.0000        0.1485       0.6715      0.6715        0.9485        0.0000  20.0002
     31      1.0000        0.1835       0.6720      0.6720        0.9506        0.0000  21.2635
     32      1.0000        0.1585       0.6719      0.6719        0.9484        0.0000  20.6235
     33      1.0000        0.1894       0.6719      0.6719        0.9520        0.0000  19.7015
     34      0.9821        0.1630       0.6715      0.6715        0.9467        0.0000  20.4335
     35      0.9821        0.2047       0.6722      0.6722        0.9420        0.0000  19.9311
Stopping since valid_loss has not improved in the last 11 epochs.
Iteration 3: Test F1 Micro Score: 0.6975694444444445
Iteration 3: Test F1 Macro Score: 0.2743038983492678
Model checkpoint saved to C:\Users\localuserSKSG\Desktop\Shubham\RandomSampling/Multiclass/EfficientNet/seed_42/model_checkpoint_iteration_2.pt

Iteration 4: Requesting 64 samples.
Re-initializing module.
Re-initializing criterion.
Re-initializing optimizer.
  epoch    train_f1    train_loss    valid_acc    valid_f1    valid_loss    cp      lr      dur
-------  ----------  ------------  -----------  ----------  ------------  ----  ------  -------
      1      [36m0.8750[0m        [32m0.5311[0m       [35m0.7189[0m      [31m0.7189[0m        [94m0.7719[0m     +  0.0000  21.7971
      2      [36m0.9250[0m        [32m0.3097[0m       [35m0.7306[0m      [31m0.7306[0m        [94m0.7600[0m     +  0.0000  22.1423
      3      [36m0.9750[0m        [32m0.2365[0m       [35m0.7479[0m      [31m0.7479[0m        [94m0.7137[0m     +  0.0000  22.1896
      4      [36m0.9917[0m        [32m0.1917[0m       0.7460      0.7460        0.7306        0.0000  22.2203
      5      0.9833        [32m0.1758[0m       [35m0.7512[0m      [31m0.7512[0m        [94m0.7084[0m     +  0.0000  22.0621
      6      0.9917        [32m0.1437[0m       [35m0.7514[0m      [31m0.7514[0m        0.7129        0.0000  22.2201
      7      0.9833        0.1762       0.7415      0.7415        0.7498        0.0000  21.7360
      8      0.9917        [32m0.1003[0m       0.7391      0.7391        0.7592        0.0000  21.8424
      9      0.9917        0.1144       0.7488      0.7488        0.7654        0.0000  22.4399
     10      0.9833        0.1046       [35m0.7517[0m      [31m0.7517[0m        0.7251        0.0000  21.9811
     11      [36m1.0000[0m        [32m0.0945[0m       0.7517      0.7517        0.7320        0.0000  21.6099
     12      0.9917        0.1098       0.7497      0.7497        0.7343        0.0000  21.9657
     13      1.0000        0.1070       0.7486      0.7486        0.7387        0.0000  23.1877
     14      1.0000        [32m0.0691[0m       0.7495      0.7495        0.7342        0.0000  22.4374
     15      0.9917        0.0939       0.7510      0.7510        0.7284        0.0000  22.1531
Stopping since valid_loss has not improved in the last 11 epochs.
Iteration 4: Test F1 Micro Score: 0.7383680555555554
Iteration 4: Test F1 Macro Score: 0.29760092713746616
Model checkpoint saved to C:\Users\localuserSKSG\Desktop\Shubham\RandomSampling/Multiclass/EfficientNet/seed_42/model_checkpoint_iteration_3.pt

Iteration 5: Requesting 96 samples.
Re-initializing module.
Re-initializing criterion.
Re-initializing optimizer.
  epoch    train_f1    train_loss    valid_acc    valid_f1    valid_loss    cp      lr      dur
-------  ----------  ------------  -----------  ----------  ------------  ----  ------  -------
      1      [36m0.8611[0m        [32m0.4427[0m       [35m0.7406[0m      [31m0.7406[0m        [94m0.7156[0m     +  0.0000  25.0026
      2      [36m0.9444[0m        [32m0.2542[0m       [35m0.7668[0m      [31m0.7668[0m        [94m0.6412[0m     +  0.0000  26.5330
      3      [36m0.9769[0m        [32m0.1839[0m       0.7667      0.7667        0.6509        0.0000  24.6564
      4      0.9769        [32m0.1490[0m       0.7651      0.7651        0.6526        0.0000  25.4858
      5      0.9769        [32m0.1111[0m       [35m0.7674[0m      [31m0.7674[0m        0.6470        0.0000  24.8128
      6      [36m0.9815[0m        0.1174       [35m0.7700[0m      [31m0.7700[0m        0.6444        0.0000  24.7023
      7      [36m0.9907[0m        [32m0.1089[0m       [35m0.7703[0m      [31m0.7703[0m        0.6530        0.0000  24.9860
      8      0.9861        [32m0.0961[0m       [35m0.7745[0m      [31m0.7745[0m        0.6543        0.0000  24.7637
      9      [36m0.9954[0m        [32m0.0783[0m       0.7729      0.7729        0.6674        0.0000  24.7802
     10      0.9815        0.0823       [35m0.7762[0m      [31m0.7762[0m        0.6553        0.0000  24.8895
     11      0.9954        [32m0.0689[0m       [35m0.7818[0m      [31m0.7818[0m        0.6640        0.0000  24.5464
     12      0.9954        [32m0.0660[0m       [35m0.7849[0m      [31m0.7849[0m        0.6615        0.0000  25.0768
Stopping since valid_loss has not improved in the last 11 epochs.
Iteration 5: Test F1 Micro Score: 0.7694444444444445
Iteration 5: Test F1 Macro Score: 0.31411597122445845
Model checkpoint saved to C:\Users\localuserSKSG\Desktop\Shubham\RandomSampling/Multiclass/EfficientNet/seed_42/model_checkpoint_iteration_4.pt

Iteration 6: Requesting 176 samples.
Re-initializing module.
Re-initializing criterion.
Re-initializing optimizer.
  epoch    train_f1    train_loss    valid_acc    valid_f1    valid_loss    cp      lr      dur
-------  ----------  ------------  -----------  ----------  ------------  ----  ------  -------
      1      [36m0.8750[0m        [32m0.4150[0m       [35m0.7446[0m      [31m0.7446[0m        [94m0.7522[0m     +  0.0000  30.9752
      2      [36m0.9337[0m        [32m0.2472[0m       [35m0.7651[0m      [31m0.7651[0m        [94m0.6839[0m     +  0.0000  31.4891
      3      [36m0.9566[0m        [32m0.1770[0m       [35m0.7863[0m      [31m0.7863[0m        [94m0.6265[0m     +  0.0000  30.2368
      4      [36m0.9592[0m        [32m0.1671[0m       0.7832      0.7832        0.6631        0.0000  30.4752
      5      [36m0.9745[0m        [32m0.1279[0m       0.7776      0.7776        0.6678        0.0000  29.8480
      6      [36m0.9796[0m        [32m0.1096[0m       0.7806      0.7806        0.6688        0.0000  30.1732
      7      [36m0.9847[0m        [32m0.1005[0m       0.7828      0.7828        0.6666        0.0000  30.5504
      8      0.9847        [32m0.0930[0m       [35m0.7865[0m      [31m0.7865[0m        0.6504        0.0000  31.6298
      9      0.9847        [32m0.0835[0m       [35m0.7910[0m      [31m0.7910[0m        0.6937        0.0000  30.0512
     10      0.9821        [32m0.0834[0m       0.7799      0.7799        0.7384        0.0000  30.3300
     11      [36m0.9949[0m        [32m0.0647[0m       0.7780      0.7780        0.7431        0.0000  30.2036
     12      0.9898        0.0664       0.7799      0.7799        0.7459        0.0000  30.4230
     13      [36m0.9974[0m        [32m0.0544[0m       0.7759      0.7759        0.7809        0.0000  29.9842
Stopping since valid_loss has not improved in the last 11 epochs.
Iteration 6: Test F1 Micro Score: 0.7866319444444444
Iteration 6: Test F1 Macro Score: 0.3296621087115612
Model checkpoint saved to C:\Users\localuserSKSG\Desktop\Shubham\RandomSampling/Multiclass/EfficientNet/seed_42/model_checkpoint_iteration_5.pt

Iteration 7: Requesting 320 samples.
Re-initializing module.
Re-initializing criterion.
Re-initializing optimizer.
  epoch    train_f1    train_loss    valid_acc    valid_f1    valid_loss    cp      lr      dur
-------  ----------  ------------  -----------  ----------  ------------  ----  ------  -------
      1      [36m0.8989[0m        [32m0.3564[0m       [35m0.7389[0m      [31m0.7389[0m        [94m0.7592[0m     +  0.0000  40.6373
      2      [36m0.9522[0m        [32m0.2043[0m       [35m0.7502[0m      [31m0.7502[0m        [94m0.6942[0m     +  0.0000  39.7350
      3      [36m0.9607[0m        [32m0.1498[0m       0.7484      0.7484        0.7148        0.0000  40.0372
      4      [36m0.9733[0m        [32m0.1354[0m       [35m0.7615[0m      [31m0.7615[0m        0.7033        0.0000  40.2621
      5      [36m0.9775[0m        [32m0.1123[0m       0.7590      0.7590        0.7034        0.0000  39.7926
      6      [36m0.9789[0m        [32m0.0947[0m       0.7566      0.7566        0.7452        0.0000  40.6134
      7      [36m0.9874[0m        [32m0.0740[0m       [35m0.7668[0m      [31m0.7668[0m        0.7597        0.0000  39.6399
      8      0.9874        [32m0.0642[0m       0.7474      0.7474        0.7973        0.0000  39.9364
      9      0.9874        0.0669       0.7500      0.7500        0.8161        0.0000  40.9694
     10      [36m0.9944[0m        [32m0.0435[0m       0.7651      0.7651        0.7966        0.0000  40.4807
     11      0.9930        0.0479       0.7573      0.7573        0.8117        0.0000  39.8888
     12      0.9916        0.0463       [35m0.7724[0m      [31m0.7724[0m        0.7623        0.0000  39.8535
Stopping since valid_loss has not improved in the last 11 epochs.
Iteration 7: Test F1 Micro Score: 0.7888888888888889
Iteration 7: Test F1 Macro Score: 0.33538481258473063
Model checkpoint saved to C:\Users\localuserSKSG\Desktop\Shubham\RandomSampling/Multiclass/EfficientNet/seed_42/model_checkpoint_iteration_6.pt

Iteration 8: Requesting 560 samples.
Re-initializing module.
Re-initializing criterion.
Re-initializing optimizer.
  epoch    train_f1    train_loss    valid_acc    valid_f1    valid_loss    cp      lr      dur
-------  ----------  ------------  -----------  ----------  ------------  ----  ------  -------
      1      [36m0.9025[0m        [32m0.3507[0m       [35m0.7208[0m      [31m0.7208[0m        [94m0.8098[0m     +  0.0000  57.1660
      2      [36m0.9395[0m        [32m0.2257[0m       [35m0.7413[0m      [31m0.7413[0m        [94m0.7440[0m     +  0.0000  57.0268
      3      [36m0.9520[0m        [32m0.1755[0m       [35m0.7550[0m      [31m0.7550[0m        [94m0.7343[0m     +  0.0000  56.8912
      4      [36m0.9536[0m        [32m0.1560[0m       [35m0.7635[0m      [31m0.7635[0m        [94m0.7173[0m     +  0.0000  56.4446
      5      [36m0.9670[0m        [32m0.1257[0m       [35m0.7691[0m      [31m0.7691[0m        [94m0.7043[0m     +  0.0000  56.7130
      6      [36m0.9741[0m        [32m0.1046[0m       [35m0.7786[0m      [31m0.7786[0m        0.7070        0.0000  56.8347
      7      [36m0.9756[0m        [32m0.0920[0m       0.7714      0.7714        0.7911        0.0000  56.6547
      8      [36m0.9843[0m        [32m0.0747[0m       [35m0.7819[0m      [31m0.7819[0m        0.7519        0.0000  56.9653
      9      [36m0.9866[0m        [32m0.0636[0m       [35m0.7835[0m      [31m0.7835[0m        0.7275        0.0000  56.6305
     10      0.9843        [32m0.0584[0m       [35m0.7844[0m      [31m0.7844[0m        0.7902        0.0000  56.7698
     11      [36m0.9961[0m        [32m0.0389[0m       [35m0.7852[0m      [31m0.7852[0m        0.8160        0.0000  56.7863
     12      0.9921        0.0414       0.7799      0.7799        0.8843        0.0000  56.5836
     13      0.9921        0.0426       0.7809      0.7809        0.8439        0.0000  57.9266
     14      [36m0.9969[0m        [32m0.0347[0m       0.7823      0.7823        0.8591        0.0000  57.7364
     15      0.9921        0.0382       0.7769      0.7769        0.8468        0.0000  57.7794
Stopping since valid_loss has not improved in the last 11 epochs.
Iteration 8: Test F1 Micro Score: 0.7888888888888889
Iteration 8: Test F1 Macro Score: 0.38202053225782096
Model checkpoint saved to C:\Users\localuserSKSG\Desktop\Shubham\RandomSampling/Multiclass/EfficientNet/seed_42/model_checkpoint_iteration_7.pt

Iteration 9: Requesting 992 samples.
Re-initializing module.
Re-initializing criterion.
Re-initializing optimizer.
  epoch    train_f1    train_loss    valid_acc    valid_f1    valid_loss    cp      lr      dur
-------  ----------  ------------  -----------  ----------  ------------  ----  ------  -------
      1      [36m0.9183[0m        [32m0.2666[0m       [35m0.7623[0m      [31m0.7623[0m        [94m0.8743[0m     +  0.0000  87.8761
      2      [36m0.9514[0m        [32m0.1624[0m       [35m0.7722[0m      [31m0.7722[0m        [94m0.8051[0m     +  0.0000  88.3246
      3      [36m0.9611[0m        [32m0.1278[0m       [35m0.7774[0m      [31m0.7774[0m        0.8100        0.0000  88.4060
      4      [36m0.9713[0m        [32m0.1116[0m       [35m0.7920[0m      [31m0.7920[0m        [94m0.7281[0m     +  0.0000  87.9636
      5      [36m0.9775[0m        [32m0.0850[0m       0.7632      0.7632        0.8640        0.0000  89.2032
      6      [36m0.9810[0m        [32m0.0742[0m       0.7835      0.7835        0.8145        0.0000  93.4925
      7      [36m0.9837[0m        [32m0.0649[0m       0.7819      0.7819        0.8423        0.0000  92.7386
      8      [36m0.9872[0m        [32m0.0538[0m       0.7818      0.7818        0.8766        0.0000  92.0256
      9      [36m0.9890[0m        [32m0.0487[0m       0.7868      0.7868        0.8843        0.0000  91.9172
     10      [36m0.9929[0m        [32m0.0396[0m       [35m0.7953[0m      [31m0.7953[0m        0.8986        0.0000  92.0417
     11      0.9916        [32m0.0358[0m       0.7866      0.7866        0.9363        0.0000  91.9113
     12      [36m0.9943[0m        [32m0.0279[0m       0.7929      0.7929        0.8636        0.0000  91.9660
     13      [36m0.9947[0m        [32m0.0260[0m       0.7873      0.7873        0.9264        0.0000  91.8419
     14      [36m0.9956[0m        [32m0.0218[0m       0.7927      0.7927        0.8706        0.0000  91.8235
Stopping since valid_loss has not improved in the last 11 epochs.
Iteration 9: Test F1 Micro Score: 0.8239583333333333
Iteration 9: Test F1 Macro Score: 0.5052669655704429
Model checkpoint saved to C:\Users\localuserSKSG\Desktop\Shubham\RandomSampling/Multiclass/EfficientNet/seed_42/model_checkpoint_iteration_8.pt

Iteration 10: Requesting 1776 samples.
Re-initializing module.
Re-initializing criterion.
Re-initializing optimizer.
  epoch    train_f1    train_loss    valid_acc    valid_f1    valid_loss    cp      lr       dur
-------  ----------  ------------  -----------  ----------  ------------  ----  ------  --------
      1      [36m0.9443[0m        [32m0.1797[0m       [35m0.7927[0m      [31m0.7927[0m        [94m0.7240[0m     +  0.0000  146.6665
      2      [36m0.9653[0m        [32m0.1211[0m       0.7842      0.7842        0.7415        0.0000  146.2308
      3      [36m0.9743[0m        [32m0.0913[0m       0.7918      0.7918        0.7298        0.0000  146.1735
      4      [36m0.9792[0m        [32m0.0715[0m       0.7896      0.7896        0.7569        0.0000  145.9804
      5      [36m0.9839[0m        [32m0.0569[0m       [35m0.8003[0m      [31m0.8003[0m        [94m0.7196[0m     +  0.0000  147.1687
      6      [36m0.9876[0m        [32m0.0480[0m       0.7868      0.7868        0.7935        0.0000  146.3750
      7      [36m0.9913[0m        [32m0.0364[0m       0.7953      0.7953        0.8106        0.0000  146.0578
      8      0.9881        0.0397       [35m0.8024[0m      [31m0.8024[0m        0.7566        0.0000  145.7751
      9      [36m0.9916[0m        [32m0.0325[0m       0.8017      0.8017        0.7850        0.0000  145.5415
     10      0.9916        [32m0.0312[0m       0.7833      0.7833        0.8472        0.0000  145.7909
     11      [36m0.9928[0m        [32m0.0237[0m       0.7957      0.7957        0.8486        0.0000  146.4126
     12      [36m0.9960[0m        [32m0.0189[0m       0.8003      0.8003        0.8295        0.0000  147.9213
     13      [36m0.9970[0m        [32m0.0162[0m       0.7953      0.7953        0.8487        0.0000  147.4223
     14      0.9943        0.0169       0.7960      0.7960        0.8312        0.0000  147.6494
     15      [36m0.9973[0m        [32m0.0141[0m       0.7932      0.7932        0.8376        0.0000  145.6612
Stopping since valid_loss has not improved in the last 11 epochs.
Iteration 10: Test F1 Micro Score: 0.8211805555555555
Iteration 10: Test F1 Macro Score: 0.4903448555515619
Model checkpoint saved to C:\Users\localuserSKSG\Desktop\Shubham\RandomSampling/Multiclass/EfficientNet/seed_42/model_checkpoint_iteration_9.pt

Iteration 11: Requesting 3168 samples.
Re-initializing module.
Re-initializing criterion.
Re-initializing optimizer.
  epoch    train_f1    train_loss    valid_acc    valid_f1    valid_loss    cp      lr       dur
-------  ----------  ------------  -----------  ----------  ------------  ----  ------  --------
      1      [36m0.9587[0m        [32m0.1361[0m       [35m0.7849[0m      [31m0.7849[0m        [94m0.7405[0m     +  0.0000  242.2007
      2      [36m0.9716[0m        [32m0.0951[0m       [35m0.7927[0m      [31m0.7927[0m        [94m0.7014[0m     +  0.0000  242.1368
      3      [36m0.9792[0m        [32m0.0745[0m       [35m0.7974[0m      [31m0.7974[0m        [94m0.6615[0m     +  0.0000  242.0084
      4      [36m0.9815[0m        [32m0.0565[0m       [35m0.8014[0m      [31m0.8014[0m        0.6638        0.0000  242.1904
      5      [36m0.9863[0m        [32m0.0466[0m       0.7965      0.7965        0.7287        0.0000  241.6809
      6      0.9856        [32m0.0418[0m       0.7958      0.7958        0.7663        0.0000  242.2404
      7      [36m0.9906[0m        [32m0.0338[0m       0.7910      0.7910        0.8271        0.0000  241.7019
      8      0.9903        [32m0.0325[0m       0.7911      0.7911        0.8197        0.0000  241.8382
      9      [36m0.9931[0m        [32m0.0283[0m       0.7752      0.7752        0.8715        0.0000  241.5083
     10      0.9931        [32m0.0225[0m       0.7960      0.7960        0.7981        0.0000  241.9369
     11      [36m0.9954[0m        [32m0.0169[0m       0.7974      0.7974        0.8564        0.0000  243.1260
     12      [36m0.9975[0m        [32m0.0128[0m       [35m0.8102[0m      [31m0.8102[0m        0.7903        0.0000  241.4155
     13      0.9963        0.0150       0.8049      0.8049        0.8091        0.0000  241.1255
Stopping since valid_loss has not improved in the last 11 epochs.
Iteration 11: Test F1 Micro Score: 0.85
Iteration 11: Test F1 Macro Score: 0.5974926829282083
Model checkpoint saved to C:\Users\localuserSKSG\Desktop\Shubham\RandomSampling/Multiclass/EfficientNet/seed_42/model_checkpoint_iteration_10.pt

Iteration 12: Requesting 5632 samples.
Re-initializing module.
Re-initializing criterion.
Re-initializing optimizer.
  epoch    train_f1    train_loss    valid_acc    valid_f1    valid_loss    cp      lr       dur
-------  ----------  ------------  -----------  ----------  ------------  ----  ------  --------
      1      [36m0.9610[0m        [32m0.1220[0m       [35m0.7967[0m      [31m0.7967[0m        [94m0.6889[0m     +  0.0000  412.1960
      2      [36m0.9716[0m        [32m0.0882[0m       [35m0.7976[0m      [31m0.7976[0m        [94m0.6286[0m     +  0.0000  412.7331
      3      [36m0.9792[0m        [32m0.0699[0m       0.7936      0.7936        0.7220        0.0000  412.0108
      4      [36m0.9824[0m        [32m0.0556[0m       [35m0.8137[0m      [31m0.8137[0m        0.6404        0.0000  411.7533
      5      [36m0.9832[0m        [32m0.0484[0m       0.7972      0.7972        0.7070        0.0000  412.2989
      6      [36m0.9878[0m        [32m0.0410[0m       0.7979      0.7979        0.7563        0.0000  412.0004
      7      [36m0.9889[0m        [32m0.0348[0m       0.7965      0.7965        0.7991        0.0000  412.2841
      8      [36m0.9904[0m        [32m0.0290[0m       0.7927      0.7927        0.7989        0.0000  411.9608
      9      [36m0.9910[0m        [32m0.0254[0m       0.7878      0.7878        0.8734        0.0000  411.1750
     10      [36m0.9928[0m        [32m0.0230[0m       0.8054      0.8054        0.7935        0.0000  411.0700
     11      [36m0.9950[0m        [32m0.0168[0m       0.8033      0.8033        0.8907        0.0000  411.5998
     12      [36m0.9958[0m        [32m0.0138[0m       0.7997      0.7997        0.9165        0.0000  411.7258
Stopping since valid_loss has not improved in the last 11 epochs.
Iteration 12: Test F1 Micro Score: 0.8319444444444445
Iteration 12: Test F1 Macro Score: 0.624389358483089
Model checkpoint saved to C:\Users\localuserSKSG\Desktop\Shubham\RandomSampling/Multiclass/EfficientNet/seed_42/model_checkpoint_iteration_11.pt

Iteration 13: Requesting 10000 samples.
Re-initializing module.
Re-initializing criterion.
Re-initializing optimizer.
  epoch    train_f1    train_loss    valid_acc    valid_f1    valid_loss    cp      lr       dur
-------  ----------  ------------  -----------  ----------  ------------  ----  ------  --------
      1      [36m0.9669[0m        [32m0.1082[0m       [35m0.8118[0m      [31m0.8118[0m        [94m0.5592[0m     +  0.0000  714.5442
      2      [36m0.9722[0m        [32m0.0836[0m       [35m0.8252[0m      [31m0.8252[0m        [94m0.4896[0m     +  0.0000  715.3672
      3      [36m0.9765[0m        [32m0.0704[0m       [35m0.8292[0m      [31m0.8292[0m        0.5029        0.0000  712.3019
      4      [36m0.9806[0m        [32m0.0551[0m       [35m0.8507[0m      [31m0.8507[0m        [94m0.4551[0m     +  0.0000  715.4540
      5      [36m0.9834[0m        [32m0.0484[0m       0.8299      0.8299        0.6140        0.0000  726.6415
      6      [36m0.9859[0m        [32m0.0412[0m       0.8309      0.8309        0.6142        0.0000  722.6834
      7      [36m0.9890[0m        [32m0.0318[0m       0.8333      0.8333        0.5871        0.0000  720.9496
      8      [36m0.9901[0m        [32m0.0287[0m       0.8300      0.8300        0.6512        0.0000  720.7510
      9      [36m0.9914[0m        [32m0.0251[0m       0.8382      0.8382        0.6385        0.0000  718.6738
     10      [36m0.9925[0m        [32m0.0228[0m       0.8139      0.8139        0.7336        0.0000  716.8735
     11      [36m0.9951[0m        [32m0.0153[0m       0.8238      0.8238        0.7178        0.0000  717.3805
     12      [36m0.9964[0m        [32m0.0119[0m       0.8255      0.8255        0.7280        0.0000  716.4682
     13      [36m0.9971[0m        [32m0.0104[0m       0.8156      0.8156        0.7583        0.0000  718.3366
     14      0.9965        [32m0.0103[0m       0.8220      0.8220        0.8137        0.0000  717.8027
Stopping since valid_loss has not improved in the last 11 epochs.
Iteration 13: Test F1 Micro Score: 0.8680555555555556
Iteration 13: Test F1 Macro Score: 0.6807231243101513
Model checkpoint saved to C:\Users\localuserSKSG\Desktop\Shubham\RandomSampling/Multiclass/EfficientNet/seed_42/model_checkpoint_iteration_12.pt

Iteration 14: Requesting all remaining samples.
Re-initializing module.
Re-initializing criterion.
Re-initializing optimizer.
  epoch    train_f1    train_loss    valid_acc    valid_f1    valid_loss    cp      lr       dur
-------  ----------  ------------  -----------  ----------  ------------  ----  ------  --------
      1      [36m0.9792[0m        [32m0.0659[0m       [35m0.8227[0m      [31m0.8227[0m        [94m0.6292[0m     +  0.0000  837.2723
      2      [36m0.9813[0m        [32m0.0524[0m       0.8186      0.8186        0.6810        0.0000  840.3007
      3      [36m0.9846[0m        [32m0.0453[0m       [35m0.8231[0m      [31m0.8231[0m        0.6406        0.0000  838.8377
      4      [36m0.9875[0m        [32m0.0365[0m       0.8205      0.8205        0.7204        0.0000  838.4093
      5      [36m0.9886[0m        [32m0.0318[0m       0.8182      0.8182        0.7278        0.0000  838.7494
      6      [36m0.9908[0m        [32m0.0277[0m       [35m0.8297[0m      [31m0.8297[0m        0.7085        0.0000  842.4819
      7      [36m0.9919[0m        [32m0.0239[0m       0.8227      0.8227        0.7429        0.0000  838.8933
      8      [36m0.9927[0m        [32m0.0216[0m       0.8106      0.8106        0.8119        0.0000  839.1121
      9      0.9925        0.0219       0.8036      0.8036        0.9288        0.0000  838.5877
     10      [36m0.9950[0m        [32m0.0167[0m       [35m0.8339[0m      [31m0.8339[0m        0.7915        0.0000  838.8662
     11      [36m0.9963[0m        [32m0.0111[0m       0.8233      0.8233        0.7902        0.0000  838.8521
Stopping since valid_loss has not improved in the last 11 epochs.
Iteration 14: Test F1 Micro Score: 0.8644097222222222
Iteration 14: Test F1 Macro Score: 0.6485031383832456
Model checkpoint saved to C:\Users\localuserSKSG\Desktop\Shubham\RandomSampling/Multiclass/EfficientNet/seed_42/model_checkpoint_iteration_13.pt
Pickle file saved to C:\Users\localuserSKSG\Desktop\Shubham\RandomSampling/Multiclass/EfficientNet/seed_42\random_sampling_results_for_multiclass_classification_s42.pickle
