Train set shape: (26880, 5)
Val set shape:   (5760, 5)
Test set shape:  (5760, 5)
Selected images DataFrame (Margin Sampling):
   Iteration                                       Sample_Names
0          1  Spule035_Image0269.jpg,Spule020_Image0191.jpg,...
1          2  Spule006_Image0750.jpg,Spule026_Image0459.jpg,...
2          3  Spule022_Image0781.jpg,Spule015_Image0695.jpg,...
3          4  Spule026_Image0907.jpg,Spule006_Image0146.jpg,...
4          5  Spule022_Image0560.jpg,Spule010_Image0501.jpg,...
  epoch    train_f1    train_loss    valid_acc    valid_f1    valid_loss    cp      lr     dur
-------  ----------  ------------  -----------  ----------  ------------  ----  ------  ------
      1      [36m0.2000[0m        [32m0.7363[0m       [35m0.1616[0m      [31m0.1366[0m        [94m0.6922[0m     +  0.0000  7.8963
      2      [36m0.3619[0m        [32m0.6652[0m       [35m0.2080[0m      [31m0.2869[0m        [94m0.6915[0m     +  0.0000  7.3413
      3      [36m0.7222[0m        [32m0.6119[0m       [35m0.2630[0m      [31m0.3464[0m        [94m0.6886[0m     +  0.0000  7.3683
      4      0.6984        [32m0.5935[0m       0.2552      [31m0.3597[0m        0.6942        0.0000  7.4352
      5      0.5000        0.6108       0.2335      [31m0.3889[0m        [94m0.6856[0m     +  0.0000  7.4881
      6      [36m0.8333[0m        0.5954       [35m0.2726[0m      0.3817        0.6872        0.0000  7.4675
      7      0.7579        [32m0.5660[0m       0.2628      0.3870        0.6864        0.0000  7.5372
      8      [36m0.8796[0m        [32m0.5481[0m       [35m0.2894[0m      0.3715        0.6892        0.0000  7.5430
      9      0.8796        0.5523       0.2668      [31m0.4019[0m        0.6877        0.0000  7.5797
     10      [36m0.9153[0m        [32m0.5227[0m       0.2396      0.3979        0.6860        0.0000  7.5920
     11      0.8487        0.5490       0.2382      [31m0.4045[0m        0.6861        0.0000  7.6545
     12      [36m0.9167[0m        0.5303       0.2370      [31m0.4085[0m        0.6873        0.0000  7.6416
     13      0.9167        [32m0.5176[0m       0.2431      0.4072        0.6877        0.0000  7.5790
     14      0.9153        0.5316       0.2418      [31m0.4140[0m        0.6884        0.0000  7.6435
     15      0.9153        [32m0.5106[0m       0.2359      [31m0.4215[0m        0.6877        0.0000  7.6694
Stopping since valid_loss has not improved in the last 11 epochs.
Pre-training scores with initial data:
  F1 (macro) = 0.4518
  F1 (micro) = 0.4720
  Accuracy   = 0.3389

Query 1: Using images from iteration=2 (margin sampling).
Re-initializing module.
Re-initializing criterion.
Re-initializing optimizer.
  epoch    train_f1    train_loss    valid_acc    valid_f1    valid_loss    cp      lr     dur
-------  ----------  ------------  -----------  ----------  ------------  ----  ------  ------
      1      [36m0.5087[0m        [32m0.6144[0m       [35m0.3069[0m      [31m0.3262[0m        [94m0.6512[0m     +  0.0000  7.6872
      2      [36m0.5547[0m        [32m0.5847[0m       [35m0.4151[0m      [31m0.3887[0m        0.6513        0.0000  7.7044
      3      [36m0.6129[0m        [32m0.5753[0m       0.2911      [31m0.4869[0m        0.6522        0.0000  7.7294
      4      [36m0.7575[0m        [32m0.5539[0m       [35m0.5224[0m      0.3331        [94m0.6338[0m     +  0.0000  7.7440
      5      0.5657        [32m0.5333[0m       0.2927      0.4813        [94m0.6291[0m     +  0.0000  7.7086
      6      0.7225        [32m0.5184[0m       0.3438      0.4866        [94m0.6221[0m     +  0.0000  7.6740
      7      0.7258        [32m0.5120[0m       0.3618      [31m0.5067[0m        [94m0.6219[0m     +  0.0000  7.6754
      8      0.7501        [32m0.4859[0m       0.3965      0.5007        [94m0.6162[0m     +  0.0000  7.7187
      9      [36m0.8381[0m        [32m0.4598[0m       0.4146      [31m0.5123[0m        [94m0.6122[0m     +  0.0000  7.7430
     10      [36m0.8825[0m        0.4718       0.3986      [31m0.5293[0m        [94m0.6099[0m     +  0.0000  7.6871
     11      0.7825        0.4708       0.4224      [31m0.5357[0m        [94m0.6081[0m     +  0.0000  7.7037
     12      0.8667        [32m0.4575[0m       0.4233      [31m0.5401[0m        [94m0.6066[0m     +  0.0000  7.7136
     13      0.8474        0.4713       0.4283      [31m0.5438[0m        [94m0.6058[0m     +  0.0000  7.7003
     14      0.8474        [32m0.4504[0m       0.4352      [31m0.5514[0m        [94m0.6042[0m     +  0.0000  7.6916
     15      0.7992        0.4760       0.4469      0.5495        [94m0.6024[0m     +  0.0000  7.7212
     16      0.8385        [32m0.4501[0m       0.4498      [31m0.5517[0m        [94m0.6017[0m     +  0.0000  7.6717
     17      [36m0.8917[0m        [32m0.4485[0m       0.4543      0.5511        [94m0.6009[0m     +  0.0000  7.7100
     18      0.8880        0.4533       0.4540      [31m0.5536[0m        [94m0.6004[0m     +  0.0000  7.7160
     19      [36m0.9100[0m        [32m0.4435[0m       0.4569      0.5518        [94m0.6000[0m     +  0.0000  7.6860
     20      0.9075        0.4441       0.4632      0.5533        [94m0.5997[0m     +  0.0000  7.6767
     21      0.8682        0.4454       0.4616      [31m0.5549[0m        [94m0.5994[0m     +  0.0000  7.7119
     22      0.8630        0.4719       0.4601      0.5547        [94m0.5992[0m     +  0.0000  7.6935
     23      0.9038        [32m0.4336[0m       0.4595      [31m0.5574[0m        [94m0.5991[0m     +  0.0000  7.6915
     24      0.8917        0.4451       0.4615      0.5573        [94m0.5990[0m     +  0.0000  7.6676
     25      0.8188        0.4472       0.4623      [31m0.5586[0m        [94m0.5988[0m     +  0.0000  7.7245
     26      [36m0.9137[0m        0.4539       0.4627      0.5584        [94m0.5987[0m     +  0.0000  7.6564
     27      0.8524        0.4396       0.4632      0.5585        [94m0.5986[0m     +  0.0000  7.7194
     28      0.9075        0.4475       0.4635      0.5585        [94m0.5986[0m     +  0.0000  7.7233
     29      [36m0.9295[0m        0.4468       0.4639      0.5586        [94m0.5985[0m     +  0.0000  7.6573
     30      [36m0.9408[0m        0.4434       0.4642      [31m0.5591[0m        [94m0.5985[0m     +  0.0000  7.7221
     31      0.8667        0.4603       0.4646      [31m0.5592[0m        [94m0.5985[0m     +  0.0000  7.7197
     32      0.8825        [32m0.4314[0m       0.4642      [31m0.5595[0m        [94m0.5984[0m     +  0.0000  7.6779
     33      0.9075        0.4373       0.4644      [31m0.5595[0m        [94m0.5984[0m     +  0.0000  7.7159
     34      0.8825        0.4415       0.4644      [31m0.5595[0m        [94m0.5984[0m     +  0.0000  7.6808
     35      0.8825        0.4413       0.4648      [31m0.5599[0m        [94m0.5984[0m     +  0.0000  7.6778
     36      0.9075        0.4418       0.4649      [31m0.5600[0m        [94m0.5984[0m     +  0.0000  7.7184
     37      0.9075        0.4510       0.4649      0.5600        [94m0.5983[0m     +  0.0000  7.6740
     38      0.8917        0.4501       0.4649      0.5600        [94m0.5983[0m     +  0.0000  7.6970
     39      0.8188        0.4589       0.4649      0.5599        [94m0.5983[0m     +  0.0000  7.6909
     40      0.9296        0.4339       0.4651      [31m0.5600[0m        [94m0.5983[0m     +  0.0000  7.6757
     41      0.9091        0.4467       0.4651      0.5600        [94m0.5983[0m     +  0.0000  7.6827
     42      0.8999        0.4408       0.4651      0.5600        [94m0.5983[0m     +  0.0000  7.7254
     43      0.9169        0.4480       0.4651      0.5600        [94m0.5983[0m     +  0.0000  7.6864
     44      0.8331        0.4524       0.4651      0.5600        [94m0.5983[0m     +  0.0000  7.7077
     45      0.8917        0.4543       0.4651      0.5600        [94m0.5983[0m     +  0.0000  7.6726
     46      0.9312        0.4397       0.4651      0.5600        [94m0.5983[0m     +  0.0000  7.7010
     47      0.8825        0.4595       0.4651      0.5600        [94m0.5983[0m     +  0.0000  7.6594
     48      0.8903        [32m0.4259[0m       0.4651      0.5600        [94m0.5983[0m     +  0.0000  7.6883
     49      0.9258        0.4433       0.4651      0.5600        [94m0.5983[0m     +  0.0000  7.6693
     50      0.8667        0.4377       0.4651      0.5600        [94m0.5983[0m     +  0.0000  7.6834
     51      0.9038        0.4537       0.4651      0.5600        [94m0.5983[0m     +  0.0000  7.6899
     52      [36m0.9471[0m        0.4451       0.4651      0.5600        [94m0.5983[0m     +  0.0000  7.6601
     53      0.9471        0.4458       0.4651      0.5600        [94m0.5983[0m     +  0.0000  7.6741
     54      0.9250        0.4452       0.4651      0.5600        [94m0.5983[0m     +  0.0000  7.6699
Stopping since valid_loss has not improved in the last 11 epochs.
Iteration 1 Test Accuracy: 0.4776
Iteration 1 Test F1 Score (micro): 0.6391
Iteration 1 Test F1 Score (macro): 0.6018
Model checkpoint saved to C:\Users\localuserSKSG\Desktop\Shubham\ActiveLearning/Multilabel_from_multiclass/DinoS/margin_sampling_seed45_test\model_checkpoint_iteration_0.pt

Query 2: Using images from iteration=3 (margin sampling).
Re-initializing module.
Re-initializing criterion.
Re-initializing optimizer.
  epoch    train_f1    train_loss    valid_acc    valid_f1    valid_loss    cp      lr     dur
-------  ----------  ------------  -----------  ----------  ------------  ----  ------  ------
      1      [36m0.7437[0m        [32m0.5512[0m       [35m0.5333[0m      [31m0.6847[0m        [94m0.5486[0m     +  0.0000  7.8437
      2      [36m0.8675[0m        [32m0.5149[0m       0.4484      0.4118        0.5822        0.0000  7.7967
      3      0.2513        0.5667       0.3955      [31m0.7224[0m        0.6078        0.0000  7.7536
      4      0.7764        0.5728       [35m0.5535[0m      0.4902        [94m0.5197[0m     +  0.0000  7.8261
      5      0.7436        [32m0.4721[0m       [35m0.6229[0m      [31m0.7953[0m        [94m0.5025[0m     +  0.0000  7.7610
      6      [36m0.9021[0m        [32m0.4442[0m       0.6132      0.7627        [94m0.4933[0m     +  0.0000  7.7512
      7      [36m0.9248[0m        [32m0.4281[0m       0.6208      0.7617        [94m0.4866[0m     +  0.0000  7.7569
      8      [36m0.9389[0m        [32m0.4149[0m       [35m0.6351[0m      0.7794        [94m0.4813[0m     +  0.0000  7.7980
      9      [36m0.9397[0m        0.4184       0.6215      0.7606        [94m0.4787[0m     +  0.0000  7.7527
     10      0.9322        [32m0.4051[0m       [35m0.6354[0m      0.7817        [94m0.4744[0m     +  0.0000  7.7520
     11      [36m0.9499[0m        [32m0.4050[0m       0.6326      0.7771        [94m0.4734[0m     +  0.0000  7.7823
     12      0.9182        0.4079       [35m0.6368[0m      0.7821        [94m0.4719[0m     +  0.0000  7.7581
     13      [36m0.9575[0m        [32m0.3943[0m       0.6302      0.7731        [94m0.4712[0m     +  0.0000  7.7810
     14      0.9203        0.4023       0.6352      0.7790        [94m0.4698[0m     +  0.0000  7.7685
     15      0.9395        [32m0.3904[0m       [35m0.6391[0m      0.7844        [94m0.4682[0m     +  0.0000  7.7594
     16      0.9408        0.4058       [35m0.6399[0m      0.7849        [94m0.4677[0m     +  0.0000  7.7836
     17      0.9063        0.3940       0.6396      0.7842        [94m0.4674[0m     +  0.0000  7.7344
     18      0.9345        0.3996       0.6394      0.7840        [94m0.4671[0m     +  0.0000  7.7814
     19      0.9404        [32m0.3901[0m       0.6396      0.7834        [94m0.4668[0m     +  0.0000  7.8121
     20      0.9410        0.3919       [35m0.6403[0m      0.7848        [94m0.4662[0m     +  0.0000  7.7622
     21      0.9394        [32m0.3854[0m       [35m0.6408[0m      0.7853        [94m0.4659[0m     +  0.0000  7.7686
     22      0.9300        0.3925       0.6406      0.7846        [94m0.4659[0m     +  0.0000  7.7577
     23      0.9257        [32m0.3848[0m       0.6399      0.7838        [94m0.4657[0m     +  0.0000  7.7581
     24      0.9487        0.3937       [35m0.6411[0m      0.7854        [94m0.4655[0m     +  0.0000  7.7805
     25      [36m0.9580[0m        0.3964       [35m0.6413[0m      0.7859        [94m0.4653[0m     +  0.0000  7.7365
     26      0.9340        0.3889       [35m0.6415[0m      0.7860        [94m0.4652[0m     +  0.0000  7.7650
     27      0.9419        [32m0.3845[0m       0.6415      0.7857        [94m0.4652[0m     +  0.0000  7.7823
     28      0.9324        0.3869       0.6411      0.7852        [94m0.4651[0m     +  0.0000  7.7655
     29      0.9463        0.3876       0.6406      0.7848        [94m0.4651[0m     +  0.0000  7.7503
     30      0.9336        0.4002       0.6410      0.7851        [94m0.4650[0m     +  0.0000  7.7679
     31      [36m0.9708[0m        0.3916       0.6411      0.7852        [94m0.4650[0m     +  0.0000  7.8109
     32      0.9407        0.3945       0.6410      0.7850        [94m0.4650[0m     +  0.0000  7.7380
     33      0.9569        0.3888       0.6410      0.7850        [94m0.4650[0m     +  0.0000  7.7798
     34      0.9361        0.3962       0.6410      0.7850        [94m0.4650[0m     +  0.0000  7.7492
     35      0.9474        0.4013       0.6410      0.7850        [94m0.4649[0m     +  0.0000  7.7784
     36      0.9492        0.3978       0.6410      0.7850        [94m0.4649[0m     +  0.0000  7.8002
     37      0.9328        0.3933       0.6410      0.7850        [94m0.4649[0m     +  0.0000  7.7658
     38      0.9286        0.3903       0.6410      0.7850        [94m0.4649[0m     +  0.0000  7.7502
     39      0.9212        0.3943       0.6410      0.7850        [94m0.4649[0m     +  0.0000  7.7983
     40      0.9552        0.3898       0.6410      0.7850        [94m0.4649[0m     +  0.0000  7.7633
     41      0.9293        [32m0.3825[0m       0.6410      0.7850        [94m0.4649[0m     +  0.0000  7.7802
     42      0.9266        0.4131       0.6410      0.7850        [94m0.4649[0m     +  0.0000  7.7702
     43      0.9631        [32m0.3817[0m       0.6410      0.7850        [94m0.4649[0m     +  0.0000  7.7548
     44      0.9413        0.3891       0.6410      0.7850        [94m0.4649[0m     +  0.0000  7.7399
     45      0.9329        0.3955       0.6411      0.7851        [94m0.4648[0m     +  0.0000  7.7331
     46      0.9637        0.3954       0.6411      0.7851        [94m0.4648[0m     +  0.0000  7.7531
     47      0.9418        [32m0.3801[0m       0.6411      0.7851        [94m0.4648[0m     +  0.0000  7.7349
     48      0.9433        0.3871       0.6411      0.7851        [94m0.4648[0m     +  0.0000  7.7842
     49      0.9246        0.3874       0.6411      0.7851        [94m0.4648[0m     +  0.0000  7.7640
     50      0.9392        [32m0.3798[0m       0.6411      0.7851        [94m0.4648[0m     +  0.0000  7.7515
Stopping since valid_loss has not improved in the last 11 epochs.
Iteration 2 Test Accuracy: 0.6967
Iteration 2 Test F1 Score (micro): 0.8026
Iteration 2 Test F1 Score (macro): 0.7912
Model checkpoint saved to C:\Users\localuserSKSG\Desktop\Shubham\ActiveLearning/Multilabel_from_multiclass/DinoS/margin_sampling_seed45_test\model_checkpoint_iteration_1.pt

Query 3: Using images from iteration=4 (margin sampling).
Re-initializing module.
Re-initializing criterion.
Re-initializing optimizer.
  epoch    train_f1    train_loss    valid_acc    valid_f1    valid_loss    cp      lr     dur
-------  ----------  ------------  -----------  ----------  ------------  ----  ------  ------
      1      [36m0.9131[0m        [32m0.4118[0m       [35m0.4479[0m      [31m0.0000[0m        [94m0.6911[0m     +  0.0000  8.0336
      2      0.0000        0.6210       [35m0.6990[0m      [31m0.8303[0m        [94m0.4476[0m     +  0.0000  7.9520
      3      0.9108        [32m0.4087[0m       0.6311      0.7433        0.4492        0.0000  7.9200
      4      0.8946        [32m0.3694[0m       [35m0.7073[0m      [31m0.8392[0m        [94m0.4182[0m     +  0.0000  7.9219
      5      0.8990        0.3799       0.5747      0.6221        0.4603        0.0000  7.8925
      6      0.8461        [32m0.3613[0m       0.6674      0.7954        [94m0.4147[0m     +  0.0000  7.9154
      7      [36m0.9256[0m        [32m0.3426[0m       0.6757      0.8107        [94m0.4052[0m     +  0.0000  7.8967
      8      [36m0.9389[0m        [32m0.3342[0m       0.6752      0.8098        [94m0.4038[0m     +  0.0000  7.9393
      9      0.9272        [32m0.3252[0m       0.6783      0.8144        [94m0.4000[0m     +  0.0000  7.9853
     10      0.9368        0.3315       0.6769      0.8133        [94m0.3980[0m     +  0.0000  7.9262
     11      0.9182        0.3353       0.6792      0.8156        [94m0.3970[0m     +  0.0000  7.9234
     12      0.9260        0.3303       0.6790      0.8157        [94m0.3964[0m     +  0.0000  7.9699
     13      0.9218        0.3303       0.6776      0.8145        [94m0.3962[0m     +  0.0000  7.9055
     14      0.9311        0.3253       0.6783      0.8146        [94m0.3957[0m     +  0.0000  7.9377
     15      0.9229        0.3300       0.6774      0.8141        [94m0.3954[0m     +  0.0000  7.9706
     16      0.9152        0.3284       0.6774      0.8144        [94m0.3950[0m     +  0.0000  7.9531
     17      0.9218        [32m0.3174[0m       0.6780      0.8145        [94m0.3950[0m     +  0.0000  7.9212
     18      0.9305        [32m0.3172[0m       0.6778      0.8144        [94m0.3946[0m     +  0.0000  7.9688
     19      0.9228        0.3261       0.6778      0.8145        0.3946        0.0000  7.9633
     20      0.9205        0.3189       0.6769      0.8137        0.3946        0.0000  7.8908
     21      0.9225        0.3245       0.6769      0.8136        [94m0.3945[0m     +  0.0000  7.9220
     22      [36m0.9456[0m        [32m0.3152[0m       0.6774      0.8139        [94m0.3944[0m     +  0.0000  7.9455
     23      0.9274        0.3184       0.6776      0.8141        [94m0.3943[0m     +  0.0000  7.9238
     24      0.9170        0.3271       0.6778      0.8144        [94m0.3942[0m     +  0.0000  7.9217
     25      0.9331        0.3237       0.6780      0.8145        [94m0.3941[0m     +  0.0000  7.9631
     26      [36m0.9462[0m        0.3216       0.6778      0.8144        [94m0.3941[0m     +  0.0000  7.9086
     27      0.9248        0.3221       0.6778      0.8144        [94m0.3940[0m     +  0.0000  7.9526
     28      0.9350        0.3186       0.6780      0.8144        [94m0.3940[0m     +  0.0000  7.9656
     29      0.9128        0.3199       0.6778      0.8144        [94m0.3940[0m     +  0.0000  7.9362
     30      0.9261        0.3164       0.6780      0.8145        [94m0.3939[0m     +  0.0000  7.9689
     31      0.9312        0.3160       0.6778      0.8143        [94m0.3939[0m     +  0.0000  7.9375
     32      0.9365        0.3199       0.6778      0.8144        [94m0.3939[0m     +  0.0000  7.9081
     33      0.9375        [32m0.3110[0m       0.6780      0.8145        [94m0.3939[0m     +  0.0000  7.9333
     34      0.9301        0.3221       0.6780      0.8145        [94m0.3938[0m     +  0.0000  7.9840
     35      0.9169        0.3262       0.6780      0.8145        [94m0.3938[0m     +  0.0000  7.9193
     36      0.9363        0.3191       0.6780      0.8145        [94m0.3938[0m     +  0.0000  7.9528
     37      0.9364        0.3163       0.6781      0.8147        [94m0.3938[0m     +  0.0000  7.9723
     38      0.9354        0.3186       0.6781      0.8147        [94m0.3938[0m     +  0.0000  7.9050
     39      0.9261        0.3221       0.6781      0.8147        [94m0.3938[0m     +  0.0000  7.9360
     40      0.9364        0.3180       0.6781      0.8147        [94m0.3938[0m     +  0.0000  7.9046
     41      0.9270        0.3191       0.6781      0.8147        [94m0.3938[0m     +  0.0000  7.9236
     42      0.9405        0.3191       0.6781      0.8147        [94m0.3938[0m     +  0.0000  7.9376
     43      0.9336        0.3183       0.6781      0.8147        [94m0.3938[0m     +  0.0000  7.9047
     44      0.9261        0.3207       0.6781      0.8147        [94m0.3938[0m     +  0.0000  7.9247
     45      [36m0.9469[0m        0.3256       0.6781      0.8147        [94m0.3938[0m     +  0.0000  7.9269
     46      0.9365        0.3249       0.6781      0.8147        [94m0.3938[0m     +  0.0000  7.9076
     47      0.9220        0.3259       0.6781      0.8147        [94m0.3938[0m     +  0.0000  7.9136
     48      0.9196        0.3173       0.6781      0.8147        [94m0.3938[0m     +  0.0000  7.9176
     49      0.9333        0.3186       0.6781      0.8147        [94m0.3938[0m     +  0.0000  7.9254
Stopping since valid_loss has not improved in the last 11 epochs.
Iteration 3 Test Accuracy: 0.7191
Iteration 3 Test F1 Score (micro): 0.8352
Iteration 3 Test F1 Score (macro): 0.8223
Model checkpoint saved to C:\Users\localuserSKSG\Desktop\Shubham\ActiveLearning/Multilabel_from_multiclass/DinoS/margin_sampling_seed45_test\model_checkpoint_iteration_2.pt

Query 4: Using images from iteration=5 (margin sampling).
Re-initializing module.
Re-initializing criterion.
Re-initializing optimizer.
  epoch    train_f1    train_loss    valid_acc    valid_f1    valid_loss    cp      lr     dur
-------  ----------  ------------  -----------  ----------  ------------  ----  ------  ------
      1      [36m0.8778[0m        [32m0.3706[0m       [35m0.4936[0m      [31m0.3427[0m        [94m0.5058[0m     +  0.0000  8.2983
      2      0.7848        0.3941       [35m0.6976[0m      [31m0.8365[0m        [94m0.3494[0m     +  0.0000  8.1676
      3      [36m0.9018[0m        [32m0.3276[0m       [35m0.7354[0m      [31m0.8524[0m        [94m0.3479[0m     +  0.0000  8.2166
      4      [36m0.9078[0m        0.3277       0.7307      0.8517        [94m0.3444[0m     +  0.0000  8.1609
      5      0.9016        [32m0.3218[0m       0.7266      [31m0.8525[0m        [94m0.3357[0m     +  0.0000  8.1868
      6      [36m0.9181[0m        [32m0.3019[0m       0.7174      0.8500        [94m0.3326[0m     +  0.0000  8.1768
      7      [36m0.9208[0m        [32m0.2955[0m       0.7168      0.8510        [94m0.3316[0m     +  0.0000  8.1547
      8      0.9174        0.2976       0.7167      0.8508        [94m0.3302[0m     +  0.0000  8.1733
      9      0.9167        [32m0.2952[0m       0.7184      0.8519        [94m0.3291[0m     +  0.0000  8.2091
     10      0.9199        0.3001       0.7186      [31m0.8525[0m        [94m0.3280[0m     +  0.0000  8.1701
     11      [36m0.9239[0m        [32m0.2948[0m       0.7193      [31m0.8530[0m        [94m0.3277[0m     +  0.0000  8.2030
     12      0.9174        0.2965       0.7174      0.8523        [94m0.3276[0m     +  0.0000  8.2056
     13      0.9201        [32m0.2906[0m       0.7174      0.8528        [94m0.3273[0m     +  0.0000  8.1730
     14      0.9098        0.2959       0.7181      [31m0.8531[0m        [94m0.3268[0m     +  0.0000  8.1579
     15      0.9200        [32m0.2888[0m       0.7174      0.8527        [94m0.3266[0m     +  0.0000  8.2369
     16      0.9198        [32m0.2832[0m       0.7174      0.8526        [94m0.3264[0m     +  0.0000  8.1750
     17      0.9127        0.2901       0.7179      0.8528        [94m0.3262[0m     +  0.0000  8.1535
     18      0.9223        0.2889       0.7175      0.8527        [94m0.3261[0m     +  0.0000  8.1716
     19      0.9207        0.2865       0.7175      0.8527        [94m0.3260[0m     +  0.0000  8.2034
     20      0.9200        0.2923       0.7179      0.8529        [94m0.3259[0m     +  0.0000  8.1615
     21      [36m0.9245[0m        0.2844       0.7174      0.8527        [94m0.3259[0m     +  0.0000  8.1704
     22      0.9197        0.2863       0.7174      0.8526        [94m0.3258[0m     +  0.0000  8.1847
     23      0.9179        0.2918       0.7177      0.8528        [94m0.3258[0m     +  0.0000  8.1893
     24      0.9230        0.2916       0.7175      0.8528        [94m0.3257[0m     +  0.0000  8.1872
     25      0.9166        0.2901       0.7177      0.8528        [94m0.3257[0m     +  0.0000  8.1867
     26      0.9240        0.2885       0.7177      0.8528        [94m0.3257[0m     +  0.0000  8.2067
     27      0.9089        0.2909       0.7177      0.8528        [94m0.3257[0m     +  0.0000  8.1537
     28      0.9183        0.2869       0.7179      0.8529        [94m0.3256[0m     +  0.0000  8.1904
     29      0.9177        0.2873       0.7179      0.8529        [94m0.3256[0m     +  0.0000  8.1750
     30      [36m0.9297[0m        0.2892       0.7179      0.8531        [94m0.3256[0m     +  0.0000  8.1807
     31      0.9202        0.2863       0.7179      0.8531        [94m0.3256[0m     +  0.0000  8.1576
     32      0.9174        0.2880       0.7179      0.8530        [94m0.3256[0m     +  0.0000  8.2222
     33      0.9029        0.2946       0.7179      0.8531        [94m0.3256[0m     +  0.0000  8.1740
     34      [36m0.9312[0m        0.2862       0.7179      0.8531        [94m0.3256[0m     +  0.0000  8.1838
     35      0.9193        0.2946       0.7179      0.8531        [94m0.3256[0m     +  0.0000  8.2164
     36      0.9204        0.2853       0.7179      0.8531        [94m0.3256[0m     +  0.0000  8.1445
     37      0.9202        0.2862       0.7179      0.8531        [94m0.3256[0m     +  0.0000  8.1517
     38      0.9268        0.2890       0.7179      0.8531        [94m0.3256[0m     +  0.0000  8.1855
     39      0.9201        0.2886       0.7179      0.8531        [94m0.3256[0m     +  0.0000  8.1862
     40      0.9165        0.2899       0.7179      0.8531        [94m0.3256[0m     +  0.0000  8.1541
     41      [36m0.9332[0m        0.2848       0.7179      0.8531        [94m0.3256[0m     +  0.0000  8.1803
     42      0.9234        0.2871       0.7179      0.8531        [94m0.3256[0m     +  0.0000  8.2179
     43      0.9230        0.2893       0.7179      0.8531        [94m0.3256[0m     +  0.0000  8.1707
     44      0.9260        0.2843       0.7179      0.8531        [94m0.3256[0m     +  0.0000  8.1647
     45      0.9134        0.2834       0.7179      0.8531        [94m0.3256[0m     +  0.0000  8.2257
     46      0.9208        0.2877       0.7179      0.8531        [94m0.3256[0m     +  0.0000  8.2810
Stopping since valid_loss has not improved in the last 11 epochs.
Iteration 4 Test Accuracy: 0.7601
Iteration 4 Test F1 Score (micro): 0.8757
Iteration 4 Test F1 Score (macro): 0.8613
Model checkpoint saved to C:\Users\localuserSKSG\Desktop\Shubham\ActiveLearning/Multilabel_from_multiclass/DinoS/margin_sampling_seed45_test\model_checkpoint_iteration_3.pt

Query 5: Using images from iteration=6 (margin sampling).
Re-initializing module.
Re-initializing criterion.
Re-initializing optimizer.
  epoch    train_f1    train_loss    valid_acc    valid_f1    valid_loss    cp      lr     dur
-------  ----------  ------------  -----------  ----------  ------------  ----  ------  ------
      1      [36m0.7565[0m        [32m0.4012[0m       [35m0.7142[0m      [31m0.8449[0m        [94m0.3274[0m     +  0.0000  8.7277
      2      [36m0.8979[0m        [32m0.2922[0m       [35m0.7205[0m      [31m0.8519[0m        [94m0.3143[0m     +  0.0000  8.6354
      3      [36m0.9079[0m        [32m0.2836[0m       [35m0.7210[0m      0.8508        [94m0.3095[0m     +  0.0000  8.6023
      4      0.9038        [32m0.2788[0m       [35m0.7247[0m      [31m0.8531[0m        [94m0.3057[0m     +  0.0000  8.6178
      5      0.9030        [32m0.2708[0m       [35m0.7252[0m      0.8525        [94m0.3029[0m     +  0.0000  8.6045
      6      0.9070        [32m0.2659[0m       [35m0.7345[0m      [31m0.8604[0m        [94m0.3001[0m     +  0.0000  8.5997
      7      0.9057        [32m0.2628[0m       [35m0.7387[0m      [31m0.8626[0m        [94m0.2987[0m     +  0.0000  8.6642
      8      [36m0.9193[0m        0.2639       [35m0.7401[0m      [31m0.8627[0m        [94m0.2974[0m     +  0.0000  8.5853
      9      0.9135        [32m0.2622[0m       [35m0.7417[0m      [31m0.8631[0m        [94m0.2963[0m     +  0.0000  8.6022
     10      0.9131        0.2634       [35m0.7425[0m      [31m0.8635[0m        [94m0.2955[0m     +  0.0000  8.6163
     11      0.9121        0.2654       0.7420      [31m0.8637[0m        [94m0.2954[0m     +  0.0000  8.6479
     12      0.9149        [32m0.2616[0m       0.7411      0.8631        [94m0.2950[0m     +  0.0000  8.5696
     13      0.9146        [32m0.2578[0m       0.7417      0.8634        [94m0.2946[0m     +  0.0000  8.6022
     14      [36m0.9221[0m        0.2606       0.7417      0.8633        [94m0.2943[0m     +  0.0000  8.6183
     15      0.9202        [32m0.2569[0m       0.7425      0.8635        [94m0.2937[0m     +  0.0000  8.6343
     16      0.9118        [32m0.2521[0m       [35m0.7427[0m      0.8636        [94m0.2936[0m     +  0.0000  8.5855
     17      [36m0.9221[0m        0.2550       [35m0.7431[0m      0.8637        [94m0.2934[0m     +  0.0000  8.6321
     18      0.9169        0.2577       0.7431      [31m0.8638[0m        [94m0.2933[0m     +  0.0000  8.5867
     19      0.9148        0.2595       0.7431      [31m0.8639[0m        [94m0.2932[0m     +  0.0000  8.6497
     20      0.9180        0.2624       0.7427      0.8637        [94m0.2931[0m     +  0.0000  8.5861
     21      0.9177        0.2611       0.7429      0.8637        [94m0.2931[0m     +  0.0000  8.5878
     22      0.9180        0.2603       [35m0.7434[0m      [31m0.8639[0m        [94m0.2930[0m     +  0.0000  8.6797
     23      0.9086        0.2578       [35m0.7439[0m      [31m0.8642[0m        [94m0.2930[0m     +  0.0000  8.6655
     24      0.9217        0.2546       0.7438      0.8641        [94m0.2929[0m     +  0.0000  8.6302
     25      0.9153        0.2585       0.7432      0.8638        [94m0.2929[0m     +  0.0000  8.6191
     26      [36m0.9246[0m        0.2601       0.7432      0.8638        [94m0.2928[0m     +  0.0000  8.6329
     27      0.9235        0.2544       0.7432      0.8638        [94m0.2928[0m     +  0.0000  8.5873
     28      0.9193        0.2540       0.7432      0.8638        [94m0.2928[0m     +  0.0000  8.6651
     29      0.9165        0.2582       0.7434      0.8639        [94m0.2928[0m     +  0.0000  8.5700
     30      0.9231        0.2578       0.7436      0.8640        [94m0.2927[0m     +  0.0000  8.6326
     31      0.9116        0.2547       0.7436      0.8640        [94m0.2927[0m     +  0.0000  8.6024
     32      [36m0.9284[0m        0.2571       0.7436      0.8640        [94m0.2927[0m     +  0.0000  8.6187
     33      0.9174        0.2596       0.7436      0.8640        [94m0.2927[0m     +  0.0000  8.6017
     34      0.9215        0.2591       0.7436      0.8640        [94m0.2927[0m     +  0.0000  8.6316
     35      0.9061        0.2552       0.7438      0.8641        [94m0.2927[0m     +  0.0000  8.6485
     36      0.9201        0.2592       0.7438      0.8641        [94m0.2927[0m     +  0.0000  8.6789
     37      0.9220        0.2541       0.7438      0.8641        [94m0.2927[0m     +  0.0000  8.6255
     38      0.9167        0.2529       0.7438      0.8641        [94m0.2927[0m     +  0.0000  8.6028
     39      0.9083        0.2551       0.7438      0.8641        [94m0.2927[0m     +  0.0000  8.6637
     40      0.9235        0.2569       0.7438      0.8641        [94m0.2927[0m     +  0.0000  8.6027
     41      0.9139        0.2553       0.7438      0.8641        [94m0.2927[0m     +  0.0000  8.6156
     42      0.9130        0.2564       0.7438      0.8641        [94m0.2927[0m     +  0.0000  8.6026
     43      0.9250        0.2585       0.7438      0.8641        [94m0.2927[0m     +  0.0000  8.6016
     44      0.9229        0.2544       0.7438      0.8641        [94m0.2927[0m     +  0.0000  8.6494
     45      0.9234        [32m0.2507[0m       0.7438      0.8641        [94m0.2927[0m     +  0.0000  8.6153
     46      0.9164        0.2574       0.7438      0.8641        [94m0.2927[0m     +  0.0000  8.6013
     47      0.9159        0.2559       0.7438      0.8641        [94m0.2927[0m     +  0.0000  8.5711
     48      0.9209        0.2536       0.7438      0.8641        [94m0.2927[0m     +  0.0000  8.6336
     49      0.9207        0.2556       0.7438      0.8641        [94m0.2927[0m     +  0.0000  8.6174
     50      0.9230        0.2517       0.7438      0.8641        [94m0.2927[0m     +  0.0000  8.5836
     51      0.9134        0.2599       0.7438      0.8641        [94m0.2927[0m     +  0.0000  8.6620
     52      0.9096        0.2617       0.7438      0.8641        [94m0.2927[0m     +  0.0000  8.6155
     53      0.9190        0.2562       0.7438      0.8641        [94m0.2927[0m     +  0.0000  8.6958
     54      0.9224        0.2529       0.7438      0.8641        [94m0.2927[0m     +  0.0000  8.5871
     55      0.9148        0.2537       0.7438      0.8641        [94m0.2927[0m     +  0.0000  8.5719
Stopping since valid_loss has not improved in the last 11 epochs.
Iteration 5 Test Accuracy: 0.7738
Iteration 5 Test F1 Score (micro): 0.8854
Iteration 5 Test F1 Score (macro): 0.8698
Model checkpoint saved to C:\Users\localuserSKSG\Desktop\Shubham\ActiveLearning/Multilabel_from_multiclass/DinoS/margin_sampling_seed45_test\model_checkpoint_iteration_4.pt

Query 6: Using images from iteration=7 (margin sampling).
Re-initializing module.
Re-initializing criterion.
Re-initializing optimizer.
  epoch    train_f1    train_loss    valid_acc    valid_f1    valid_loss    cp      lr     dur
-------  ----------  ------------  -----------  ----------  ------------  ----  ------  ------
      1      [36m0.8532[0m        [32m0.3217[0m       [35m0.7483[0m      [31m0.8700[0m        [94m0.2899[0m     +  0.0000  9.5703
      2      [36m0.9004[0m        [32m0.2632[0m       [35m0.7585[0m      [31m0.8745[0m        [94m0.2830[0m     +  0.0000  9.4144
      3      0.8971        [32m0.2605[0m       [35m0.7599[0m      0.8720        [94m0.2781[0m     +  0.0000  9.4165
      4      [36m0.9106[0m        [32m0.2535[0m       [35m0.7686[0m      [31m0.8776[0m        [94m0.2751[0m     +  0.0000  9.4131
      5      [36m0.9132[0m        [32m0.2484[0m       0.7682      0.8767        [94m0.2725[0m     +  0.0000  9.3978
      6      0.9100        [32m0.2444[0m       [35m0.7759[0m      [31m0.8809[0m        [94m0.2705[0m     +  0.0000  9.4147
      7      0.9096        [32m0.2436[0m       [35m0.7764[0m      [31m0.8814[0m        [94m0.2695[0m     +  0.0000  9.4304
      8      [36m0.9170[0m        0.2447       [35m0.7773[0m      0.8804        [94m0.2678[0m     +  0.0000  9.4603
      9      0.9110        [32m0.2390[0m       [35m0.7781[0m      0.8803        [94m0.2667[0m     +  0.0000  9.4627
     10      [36m0.9237[0m        [32m0.2332[0m       0.7769      0.8801        [94m0.2660[0m     +  0.0000  9.4469
     11      0.9147        0.2364       [35m0.7797[0m      0.8804        [94m0.2651[0m     +  0.0000  9.4474
     12      0.9198        0.2363       [35m0.7809[0m      0.8810        [94m0.2648[0m     +  0.0000  9.4004
     13      0.9185        0.2369       0.7807      0.8808        [94m0.2643[0m     +  0.0000  9.4157
     14      0.9192        0.2343       [35m0.7814[0m      0.8810        [94m0.2640[0m     +  0.0000  9.4479
     15      0.9223        0.2360       0.7809      0.8805        [94m0.2637[0m     +  0.0000  9.5089
     16      [36m0.9303[0m        [32m0.2330[0m       0.7806      0.8802        [94m0.2635[0m     +  0.0000  9.4436
     17      0.9192        0.2352       0.7807      0.8801        [94m0.2633[0m     +  0.0000  9.5086
     18      0.9220        0.2343       0.7809      0.8803        [94m0.2632[0m     +  0.0000  9.4318
     19      0.9282        0.2358       [35m0.7816[0m      0.8807        [94m0.2632[0m     +  0.0000  9.5101
     20      0.9262        [32m0.2318[0m       0.7812      0.8804        [94m0.2631[0m     +  0.0000  9.4457
     21      0.9300        0.2330       0.7809      0.8803        [94m0.2630[0m     +  0.0000  9.4618
     22      0.9256        0.2365       0.7809      0.8803        [94m0.2629[0m     +  0.0000  9.5235
     23      0.9253        0.2338       0.7806      0.8800        [94m0.2629[0m     +  0.0000  9.4919
     24      0.9288        0.2351       0.7807      0.8801        [94m0.2628[0m     +  0.0000  9.4924
     25      0.9163        0.2329       0.7809      0.8803        [94m0.2627[0m     +  0.0000  9.6155
     26      0.9198        0.2400       0.7807      0.8801        [94m0.2627[0m     +  0.0000  9.4676
     27      0.9222        [32m0.2314[0m       0.7809      0.8803        [94m0.2627[0m     +  0.0000  9.4629
     28      0.9250        0.2343       0.7809      0.8803        [94m0.2627[0m     +  0.0000  9.4781
     29      0.9201        0.2335       0.7807      0.8801        [94m0.2626[0m     +  0.0000  9.4945
     30      0.9277        [32m0.2308[0m       0.7809      0.8801        [94m0.2626[0m     +  0.0000  9.5011
     31      0.9215        0.2325       0.7809      0.8801        [94m0.2626[0m     +  0.0000  9.4620
     32      0.9227        0.2342       0.7809      0.8801        [94m0.2626[0m     +  0.0000  9.4938
     33      0.9225        0.2348       0.7807      0.8801        [94m0.2626[0m     +  0.0000  9.4774
     34      0.9282        0.2323       0.7809      0.8801        [94m0.2626[0m     +  0.0000  9.4786
     35      [36m0.9311[0m        0.2327       0.7809      0.8801        [94m0.2626[0m     +  0.0000  9.5391
     36      0.9172        0.2352       0.7809      0.8801        [94m0.2626[0m     +  0.0000  9.5425
     37      0.9226        0.2328       0.7807      0.8801        [94m0.2626[0m     +  0.0000  9.5082
     38      0.9196        0.2359       0.7807      0.8801        [94m0.2626[0m     +  0.0000  9.5223
     39      0.9276        [32m0.2299[0m       0.7807      0.8801        [94m0.2626[0m     +  0.0000  9.4931
     40      0.9240        0.2345       0.7809      0.8801        [94m0.2625[0m     +  0.0000  9.4312
     41      0.9229        0.2337       0.7809      0.8801        [94m0.2625[0m     +  0.0000  9.4602
     42      0.9251        0.2304       0.7809      0.8801        [94m0.2625[0m     +  0.0000  9.5088
     43      0.9251        0.2330       0.7809      0.8801        [94m0.2625[0m     +  0.0000  9.5247
     44      0.9219        0.2316       0.7809      0.8801        [94m0.2625[0m     +  0.0000  9.5385
     45      0.9240        0.2311       0.7809      0.8801        [94m0.2625[0m     +  0.0000  9.4791
     46      0.9215        0.2367       0.7809      0.8801        [94m0.2625[0m     +  0.0000  9.4468
     47      0.9170        0.2329       0.7809      0.8801        [94m0.2625[0m     +  0.0000  9.4606
     48      0.9219        0.2307       0.7809      0.8801        0.2625        0.0000  9.5074
     49      0.9213        0.2323       0.7809      0.8801        [94m0.2625[0m     +  0.0000  9.4763
     50      0.9310        0.2307       0.7809      0.8801        0.2625        0.0000  9.5225
Stopping since valid_loss has not improved in the last 11 epochs.
Iteration 6 Test Accuracy: 0.7918
Iteration 6 Test F1 Score (micro): 0.8965
Iteration 6 Test F1 Score (macro): 0.8806
Model checkpoint saved to C:\Users\localuserSKSG\Desktop\Shubham\ActiveLearning/Multilabel_from_multiclass/DinoS/margin_sampling_seed45_test\model_checkpoint_iteration_5.pt

Query 7: Using images from iteration=8 (margin sampling).
Re-initializing module.
Re-initializing criterion.
Re-initializing optimizer.
  epoch    train_f1    train_loss    valid_acc    valid_f1    valid_loss    cp      lr      dur
-------  ----------  ------------  -----------  ----------  ------------  ----  ------  -------
      1      [36m0.8925[0m        [32m0.2696[0m       [35m0.7719[0m      [31m0.8810[0m        [94m0.2630[0m     +  0.0000  11.0714
      2      [36m0.9171[0m        [32m0.2381[0m       0.7668      0.8774        [94m0.2614[0m     +  0.0000  10.8835
      3      [36m0.9249[0m        [32m0.2302[0m       0.7708      0.8793        [94m0.2576[0m     +  0.0000  10.9150
      4      [36m0.9264[0m        [32m0.2242[0m       [35m0.7753[0m      [31m0.8813[0m        [94m0.2542[0m     +  0.0000  10.9021
      5      [36m0.9344[0m        [32m0.2185[0m       0.7696      0.8788        [94m0.2538[0m     +  0.0000  10.8841
      6      0.9297        [32m0.2181[0m       [35m0.7872[0m      [31m0.8864[0m        [94m0.2484[0m     +  0.0000  10.8854
      7      0.9332        [32m0.2127[0m       0.7870      0.8857        [94m0.2471[0m     +  0.0000  10.9168
      8      [36m0.9385[0m        0.2137       0.7865      0.8858        [94m0.2470[0m     +  0.0000  10.8994
      9      [36m0.9407[0m        [32m0.2098[0m       0.7858      0.8850        [94m0.2455[0m     +  0.0000  10.9951
     10      0.9400        [32m0.2089[0m       0.7868      0.8854        [94m0.2452[0m     +  0.0000  10.9155
     11      0.9365        0.2091       [35m0.7894[0m      0.8859        [94m0.2436[0m     +  0.0000  10.9481
     12      [36m0.9417[0m        0.2097       0.7891      0.8855        [94m0.2433[0m     +  0.0000  10.9154
     13      0.9358        [32m0.2083[0m       [35m0.7901[0m      0.8857        [94m0.2427[0m     +  0.0000  10.9480
     14      0.9379        [32m0.2061[0m       [35m0.7920[0m      0.8864        [94m0.2422[0m     +  0.0000  10.9177
     15      [36m0.9449[0m        [32m0.2052[0m       [35m0.7922[0m      0.8864        [94m0.2419[0m     +  0.0000  10.9185
     16      0.9420        [32m0.2042[0m       0.7922      0.8862        [94m0.2416[0m     +  0.0000  10.9151
     17      0.9404        0.2046       0.7918      0.8861        [94m0.2415[0m     +  0.0000  10.9295
     18      0.9415        0.2059       [35m0.7931[0m      [31m0.8866[0m        [94m0.2414[0m     +  0.0000  10.9007
     19      0.9431        0.2064       [35m0.7937[0m      0.8864        [94m0.2410[0m     +  0.0000  10.9313
     20      0.9394        [32m0.2026[0m       0.7934      [31m0.8866[0m        0.2410        0.0000  10.8989
     21      0.9361        0.2057       0.7932      0.8865        [94m0.2409[0m     +  0.0000  10.9488
     22      0.9407        0.2070       0.7934      0.8865        [94m0.2408[0m     +  0.0000  11.0260
     23      0.9434        0.2028       [35m0.7943[0m      [31m0.8869[0m        [94m0.2407[0m     +  0.0000  10.9408
     24      0.9387        0.2064       0.7937      0.8866        [94m0.2407[0m     +  0.0000  10.9627
     25      0.9443        0.2040       0.7941      0.8867        [94m0.2407[0m     +  0.0000  10.9485
     26      0.9426        0.2040       0.7939      0.8867        [94m0.2407[0m     +  0.0000  10.9008
     27      0.9409        0.2058       0.7939      0.8867        [94m0.2406[0m     +  0.0000  10.8847
     28      0.9394        0.2064       0.7941      0.8867        [94m0.2406[0m     +  0.0000  10.9355
     29      0.9422        0.2061       0.7941      0.8867        [94m0.2406[0m     +  0.0000  10.9323
     30      0.9438        0.2037       [35m0.7944[0m      0.8869        [94m0.2406[0m     +  0.0000  10.9175
     31      0.9392        0.2045       0.7944      0.8869        [94m0.2406[0m     +  0.0000  10.8999
     32      0.9431        0.2039       [35m0.7948[0m      [31m0.8871[0m        [94m0.2405[0m     +  0.0000  10.8847
     33      0.9414        0.2063       0.7948      0.8871        [94m0.2405[0m     +  0.0000  10.9624
     34      0.9420        0.2035       0.7948      0.8871        [94m0.2405[0m     +  0.0000  10.9474
     35      0.9427        0.2041       0.7948      0.8871        [94m0.2405[0m     +  0.0000  10.9491
     36      0.9412        0.2058       0.7948      0.8871        [94m0.2405[0m     +  0.0000  10.9498
     37      0.9434        0.2054       0.7948      0.8871        [94m0.2405[0m     +  0.0000  10.9629
     38      0.9407        0.2072       0.7948      0.8871        [94m0.2405[0m     +  0.0000  10.9014
     39      0.9411        0.2043       0.7948      0.8871        [94m0.2405[0m     +  0.0000  10.9639
     40      0.9410        0.2043       0.7948      0.8871        [94m0.2405[0m     +  0.0000  10.9776
     41      [36m0.9471[0m        0.2034       0.7948      0.8871        [94m0.2405[0m     +  0.0000  10.9478
     42      0.9381        0.2065       0.7948      0.8871        [94m0.2405[0m     +  0.0000  10.8976
     43      0.9430        0.2029       0.7948      0.8871        [94m0.2405[0m     +  0.0000  10.9335
     44      0.9403        0.2053       0.7948      0.8871        [94m0.2405[0m     +  0.0000  11.0081
     45      0.9410        0.2049       0.7948      0.8871        [94m0.2405[0m     +  0.0000  10.9785
     46      0.9415        0.2040       0.7948      0.8871        [94m0.2405[0m     +  0.0000  10.9336
     47      0.9401        0.2034       0.7948      0.8871        [94m0.2405[0m     +  0.0000  10.9318
     48      0.9438        0.2051       0.7948      0.8871        [94m0.2405[0m     +  0.0000  10.9166
     49      0.9357        0.2061       0.7948      0.8871        [94m0.2405[0m     +  0.0000  10.9021
     50      0.9463        0.2040       0.7948      0.8871        [94m0.2405[0m     +  0.0000  10.9468
     51      0.9402        0.2044       0.7948      0.8871        [94m0.2405[0m     +  0.0000  10.9476
Stopping since valid_loss has not improved in the last 11 epochs.
Iteration 7 Test Accuracy: 0.8141
Iteration 7 Test F1 Score (micro): 0.9119
Iteration 7 Test F1 Score (macro): 0.8994
Model checkpoint saved to C:\Users\localuserSKSG\Desktop\Shubham\ActiveLearning/Multilabel_from_multiclass/DinoS/margin_sampling_seed45_test\model_checkpoint_iteration_6.pt

Query 8: Using images from iteration=9 (margin sampling).
Re-initializing module.
Re-initializing criterion.
Re-initializing optimizer.
  epoch    train_f1    train_loss    valid_acc    valid_f1    valid_loss    cp      lr      dur
-------  ----------  ------------  -----------  ----------  ------------  ----  ------  -------
      1      [36m0.9203[0m        [32m0.2331[0m       [35m0.8002[0m      [31m0.8854[0m        [94m0.2333[0m     +  0.0000  13.7937
      2      [36m0.9330[0m        [32m0.2076[0m       [35m0.8094[0m      [31m0.8860[0m        [94m0.2298[0m     +  0.0000  13.4347
      3      [36m0.9375[0m        [32m0.2012[0m       [35m0.8111[0m      [31m0.8917[0m        [94m0.2279[0m     +  0.0000  13.4796
      4      [36m0.9405[0m        [32m0.1959[0m       [35m0.8181[0m      0.8916        [94m0.2250[0m     +  0.0000  13.5280
      5      [36m0.9457[0m        [32m0.1929[0m       [35m0.8252[0m      [31m0.8959[0m        [94m0.2231[0m     +  0.0000  13.4797
      6      [36m0.9484[0m        [32m0.1874[0m       0.8200      0.8957        [94m0.2228[0m     +  0.0000  13.5122
      7      [36m0.9501[0m        [32m0.1855[0m       0.8208      [31m0.8964[0m        [94m0.2223[0m     +  0.0000  13.4815
      8      [36m0.9505[0m        0.1859       0.8229      [31m0.8973[0m        [94m0.2215[0m     +  0.0000  13.5452
      9      [36m0.9521[0m        0.1857       [35m0.8276[0m      [31m0.8990[0m        [94m0.2210[0m     +  0.0000  13.5435
     10      [36m0.9530[0m        [32m0.1841[0m       0.8255      0.8986        [94m0.2203[0m     +  0.0000  13.5430
     11      0.9519        [32m0.1827[0m       [35m0.8330[0m      [31m0.9001[0m        0.2204        0.0000  13.5454
     12      [36m0.9531[0m        [32m0.1812[0m       0.8323      [31m0.9007[0m        0.2204        0.0000  13.5743
     13      [36m0.9543[0m        [32m0.1804[0m       0.8326      [31m0.9008[0m        [94m0.2202[0m     +  0.0000  13.6171
     14      0.9529        [32m0.1801[0m       0.8325      [31m0.9008[0m        [94m0.2198[0m     +  0.0000  13.5725
     15      0.9508        0.1811       0.8325      [31m0.9011[0m        [94m0.2196[0m     +  0.0000  13.5434
     16      [36m0.9568[0m        0.1807       0.8328      [31m0.9013[0m        0.2196        0.0000  13.6065
     17      0.9554        0.1810       [35m0.8333[0m      [31m0.9014[0m        [94m0.2194[0m     +  0.0000  13.5674
     18      0.9562        [32m0.1782[0m       0.8332      0.9013        0.2194        0.0000  13.6050
     19      [36m0.9571[0m        [32m0.1779[0m       0.8330      0.9009        0.2195        0.0000  13.5729
     20      0.9557        0.1792       0.8332      0.9011        [94m0.2192[0m     +  0.0000  13.5252
     21      [36m0.9581[0m        0.1790       0.8326      0.9011        [94m0.2192[0m     +  0.0000  13.4645
     22      0.9563        0.1783       0.8330      0.9013        [94m0.2191[0m     +  0.0000  13.6221
     23      0.9564        0.1793       0.8323      0.9009        [94m0.2191[0m     +  0.0000  13.5597
     24      0.9564        0.1784       0.8319      0.9009        0.2191        0.0000  13.5118
     25      0.9562        0.1785       0.8323      0.9010        [94m0.2190[0m     +  0.0000  13.5431
     26      0.9564        [32m0.1774[0m       0.8325      0.9011        [94m0.2190[0m     +  0.0000  13.5732
     27      0.9558        [32m0.1773[0m       0.8326      0.9010        [94m0.2190[0m     +  0.0000  13.5269
     28      0.9569        0.1777       0.8321      0.9007        [94m0.2189[0m     +  0.0000  13.5420
     29      0.9559        0.1787       0.8321      0.9009        [94m0.2189[0m     +  0.0000  13.4976
     30      0.9579        [32m0.1772[0m       0.8319      0.9008        [94m0.2189[0m     +  0.0000  13.6066
     31      0.9552        0.1777       0.8319      0.9008        0.2189        0.0000  13.6061
     32      0.9565        0.1779       0.8321      0.9008        [94m0.2189[0m     +  0.0000  13.4627
     33      0.9567        0.1776       0.8318      0.9007        [94m0.2189[0m     +  0.0000  13.5588
     34      0.9566        0.1779       0.8318      0.9007        [94m0.2189[0m     +  0.0000  13.5270
     35      0.9541        0.1788       0.8316      0.9006        [94m0.2188[0m     +  0.0000  13.5758
     36      0.9568        0.1775       0.8316      0.9006        [94m0.2188[0m     +  0.0000  13.5745
     37      0.9574        0.1784       0.8316      0.9006        [94m0.2188[0m     +  0.0000  13.4788
     38      [36m0.9596[0m        [32m0.1768[0m       0.8314      0.9006        [94m0.2188[0m     +  0.0000  13.5603
     39      0.9567        0.1780       0.8316      0.9006        0.2188        0.0000  13.5420
     40      0.9559        0.1784       0.8314      0.9006        0.2188        0.0000  13.5601
     41      0.9554        0.1781       0.8316      0.9006        0.2188        0.0000  13.5102
     42      0.9567        [32m0.1766[0m       0.8316      0.9006        0.2188        0.0000  13.5257
     43      0.9573        0.1767       0.8316      0.9006        0.2188        0.0000  13.5575
     44      0.9555        0.1770       0.8316      0.9006        0.2188        0.0000  13.5429
     45      0.9557        0.1777       0.8316      0.9006        0.2188        0.0000  13.4928
Stopping since valid_loss has not improved in the last 11 epochs.
Iteration 8 Test Accuracy: 0.8299
Iteration 8 Test F1 Score (micro): 0.9199
Iteration 8 Test F1 Score (macro): 0.9070
Model checkpoint saved to C:\Users\localuserSKSG\Desktop\Shubham\ActiveLearning/Multilabel_from_multiclass/DinoS/margin_sampling_seed45_test\model_checkpoint_iteration_7.pt

Query 9: Using images from iteration=10 (margin sampling).
Re-initializing module.
Re-initializing criterion.
Re-initializing optimizer.
  epoch    train_f1    train_loss    valid_acc    valid_f1    valid_loss    cp      lr      dur
-------  ----------  ------------  -----------  ----------  ------------  ----  ------  -------
      1      [36m0.9248[0m        [32m0.2083[0m       [35m0.8115[0m      [31m0.8503[0m        [94m0.2310[0m     +  0.0000  18.3594
      2      [36m0.9471[0m        [32m0.1850[0m       [35m0.8165[0m      [31m0.8599[0m        [94m0.2286[0m     +  0.0000  18.2197
      3      [36m0.9515[0m        [32m0.1786[0m       [35m0.8370[0m      [31m0.8808[0m        [94m0.2206[0m     +  0.0000  18.2188
      4      [36m0.9528[0m        [32m0.1746[0m       0.8366      0.8807        [94m0.2189[0m     +  0.0000  18.2972
      5      [36m0.9546[0m        [32m0.1705[0m       [35m0.8420[0m      [31m0.8840[0m        [94m0.2164[0m     +  0.0000  18.3123
      6      [36m0.9597[0m        [32m0.1654[0m       [35m0.8554[0m      [31m0.9019[0m        [94m0.2047[0m     +  0.0000  18.2047
      7      [36m0.9602[0m        [32m0.1650[0m       [35m0.8562[0m      [31m0.9027[0m        [94m0.2041[0m     +  0.0000  18.2187
      8      [36m0.9610[0m        [32m0.1645[0m       [35m0.8580[0m      [31m0.9034[0m        [94m0.2035[0m     +  0.0000  18.2037
      9      0.9609        [32m0.1609[0m       0.8554      0.9024        [94m0.2025[0m     +  0.0000  18.2975
     10      [36m0.9631[0m        [32m0.1601[0m       0.8580      0.9033        [94m0.2024[0m     +  0.0000  18.2807
     11      [36m0.9634[0m        [32m0.1591[0m       0.8526      0.9034        [94m0.2010[0m     +  0.0000  18.1686
     12      [36m0.9641[0m        [32m0.1575[0m       0.8502      0.9025        [94m0.2009[0m     +  0.0000  18.3128
     13      [36m0.9663[0m        0.1581       0.8540      [31m0.9035[0m        [94m0.2005[0m     +  0.0000  18.1868
     14      0.9648        0.1577       0.8526      0.9033        [94m0.2003[0m     +  0.0000  18.1726
     15      0.9644        0.1584       0.8543      [31m0.9037[0m        [94m0.1999[0m     +  0.0000  18.2183
     16      0.9647        [32m0.1575[0m       0.8498      0.9026        [94m0.1999[0m     +  0.0000  18.2978
     17      [36m0.9670[0m        [32m0.1564[0m       0.8503      0.9029        [94m0.1997[0m     +  0.0000  18.3275
     18      [36m0.9675[0m        [32m0.1555[0m       0.8497      0.9027        0.1997        0.0000  18.3279
     19      0.9657        0.1562       0.8502      0.9026        [94m0.1996[0m     +  0.0000  18.3442
     20      0.9650        0.1558       0.8509      0.9032        [94m0.1995[0m     +  0.0000  18.3006
     21      0.9670        0.1565       0.8491      0.9026        [94m0.1994[0m     +  0.0000  18.3403
     22      0.9670        0.1561       0.8481      0.9022        0.1995        0.0000  18.2337
     23      0.9666        0.1559       0.8483      0.9023        0.1995        0.0000  18.1918
     24      [36m0.9678[0m        [32m0.1547[0m       0.8481      0.9025        [94m0.1994[0m     +  0.0000  18.1698
     25      0.9662        0.1552       0.8490      0.9028        0.1994        0.0000  18.3117
     26      0.9671        0.1555       0.8488      0.9029        [94m0.1994[0m     +  0.0000  18.2769
     27      0.9668        [32m0.1542[0m       0.8472      0.9023        0.1994        0.0000  18.3276
     28      [36m0.9681[0m        [32m0.1538[0m       0.8467      0.9020        [94m0.1994[0m     +  0.0000  18.2153
     29      0.9671        0.1558       0.8458      0.9015        [94m0.1994[0m     +  0.0000  18.3132
     30      0.9681        [32m0.1538[0m       0.8472      0.9021        [94m0.1993[0m     +  0.0000  18.2871
     31      0.9672        0.1555       0.8472      0.9021        [94m0.1993[0m     +  0.0000  18.3145
     32      0.9668        0.1557       0.8470      0.9020        [94m0.1993[0m     +  0.0000  18.2185
     33      0.9661        0.1556       0.8470      0.9020        [94m0.1993[0m     +  0.0000  18.1881
     34      0.9664        0.1552       0.8472      0.9021        [94m0.1993[0m     +  0.0000  18.2634
     35      0.9675        0.1556       0.8472      0.9021        [94m0.1993[0m     +  0.0000  18.2647
     36      0.9678        0.1540       0.8470      0.9020        [94m0.1993[0m     +  0.0000  18.2020
     37      0.9679        [32m0.1530[0m       0.8470      0.9020        0.1993        0.0000  18.2180
     38      0.9665        0.1557       0.8470      0.9020        [94m0.1993[0m     +  0.0000  18.2633
     39      0.9668        0.1553       0.8470      0.9021        [94m0.1993[0m     +  0.0000  18.1264
     40      0.9665        0.1556       0.8469      0.9021        0.1993        0.0000  18.2644
     41      0.9669        0.1551       0.8470      0.9021        [94m0.1993[0m     +  0.0000  18.2487
     42      [36m0.9683[0m        0.1545       0.8469      0.9021        [94m0.1993[0m     +  0.0000  18.2205
     43      0.9666        0.1542       0.8469      0.9021        0.1993        0.0000  18.1864
     44      0.9673        0.1547       0.8470      0.9021        [94m0.1993[0m     +  0.0000  18.2164
     45      0.9666        0.1554       0.8470      0.9021        [94m0.1993[0m     +  0.0000  18.1576
     46      0.9675        0.1539       0.8470      0.9021        [94m0.1993[0m     +  0.0000  18.2035
     47      0.9675        0.1547       0.8470      0.9021        0.1993        0.0000  18.2658
     48      0.9662        0.1533       0.8470      0.9021        [94m0.1993[0m     +  0.0000  18.1727
     49      0.9671        0.1554       0.8470      0.9021        [94m0.1993[0m     +  0.0000  18.2057
     50      0.9660        0.1543       0.8470      0.9021        0.1993        0.0000  18.2362
     51      [36m0.9689[0m        0.1553       0.8470      0.9021        [94m0.1993[0m     +  0.0000  18.2511
     52      0.9671        0.1544       0.8470      0.9021        0.1993        0.0000  18.1407
Stopping since valid_loss has not improved in the last 11 epochs.
Iteration 9 Test Accuracy: 0.8474
Iteration 9 Test F1 Score (micro): 0.9293
Iteration 9 Test F1 Score (macro): 0.9165
Model checkpoint saved to C:\Users\localuserSKSG\Desktop\Shubham\ActiveLearning/Multilabel_from_multiclass/DinoS/margin_sampling_seed45_test\model_checkpoint_iteration_8.pt

Query 10: Using images from iteration=11 (margin sampling).
Re-initializing module.
Re-initializing criterion.
Re-initializing optimizer.
  epoch    train_f1    train_loss    valid_acc    valid_f1    valid_loss    cp      lr      dur
-------  ----------  ------------  -----------  ----------  ------------  ----  ------  -------
      1      [36m0.9500[0m        [32m0.1734[0m       [35m0.8530[0m      [31m0.8960[0m        [94m0.1987[0m     +  0.0000  26.4578
      2      [36m0.9650[0m        [32m0.1562[0m       [35m0.8554[0m      [31m0.9039[0m        [94m0.1922[0m     +  0.0000  26.3701
      3      [36m0.9664[0m        [32m0.1521[0m       [35m0.8587[0m      [31m0.9042[0m        [94m0.1906[0m     +  0.0000  27.2344
      4      [36m0.9687[0m        [32m0.1481[0m       [35m0.8618[0m      [31m0.9056[0m        [94m0.1889[0m     +  0.0000  26.8958
      5      [36m0.9701[0m        [32m0.1447[0m       0.8573      [31m0.9058[0m        [94m0.1860[0m     +  0.0000  26.8110
      6      [36m0.9714[0m        [32m0.1406[0m       0.8493      0.9036        [94m0.1859[0m     +  0.0000  26.8750
      7      [36m0.9724[0m        [32m0.1393[0m       0.8488      0.9033        [94m0.1859[0m     +  0.0000  26.8941
      8      [36m0.9727[0m        [32m0.1370[0m       0.8533      0.9033        [94m0.1851[0m     +  0.0000  26.8111
      9      0.9724        [32m0.1364[0m       0.8507      0.9031        [94m0.1849[0m     +  0.0000  26.7696
     10      0.9726        [32m0.1349[0m       0.8500      0.9030        0.1850        0.0000  26.6767
     11      [36m0.9743[0m        [32m0.1337[0m       0.8460      0.9023        0.1865        0.0000  26.5532
     12      [36m0.9745[0m        [32m0.1334[0m       0.8474      0.9022        0.1861        0.0000  26.5486
     13      [36m0.9746[0m        0.1335       0.8464      0.9024        0.1863        0.0000  26.5559
     14      [36m0.9750[0m        [32m0.1332[0m       0.8450      0.9023        0.1870        0.0000  26.5498
     15      [36m0.9753[0m        [32m0.1324[0m       0.8450      0.9019        0.1865        0.0000  26.6383
     16      0.9749        [32m0.1319[0m       0.8446      0.9015        0.1866        0.0000  26.6253
     17      0.9747        [32m0.1310[0m       0.8455      0.9015        0.1863        0.0000  26.5208
     18      0.9746        0.1310       0.8458      0.9014        0.1862        0.0000  26.5623
     19      0.9751        [32m0.1309[0m       0.8455      0.9015        0.1865        0.0000  26.5347
Stopping since valid_loss has not improved in the last 11 epochs.
Iteration 10 Test Accuracy: 0.8462
Iteration 10 Test F1 Score (micro): 0.9296
Iteration 10 Test F1 Score (macro): 0.9181
Model checkpoint saved to C:\Users\localuserSKSG\Desktop\Shubham\ActiveLearning/Multilabel_from_multiclass/DinoS/margin_sampling_seed45_test\model_checkpoint_iteration_9.pt

Query 11: Using images from iteration=12 (margin sampling).
Re-initializing module.
Re-initializing criterion.
Re-initializing optimizer.
  epoch    train_f1    train_loss    valid_acc    valid_f1    valid_loss    cp      lr      dur
-------  ----------  ------------  -----------  ----------  ------------  ----  ------  -------
      1      [36m0.9633[0m        [32m0.1492[0m       [35m0.8455[0m      [31m0.9093[0m        [94m0.1843[0m     +  0.0000  41.2508
      2      [36m0.9710[0m        [32m0.1361[0m       0.8424      0.9048        [94m0.1825[0m     +  0.0000  41.2989
      3      [36m0.9733[0m        [32m0.1317[0m       [35m0.8479[0m      0.9059        [94m0.1793[0m     +  0.0000  41.4093
      4      [36m0.9745[0m        [32m0.1271[0m       [35m0.8505[0m      0.9088        [94m0.1786[0m     +  0.0000  41.3279
      5      [36m0.9757[0m        [32m0.1244[0m       [35m0.8509[0m      0.9082        [94m0.1776[0m     +  0.0000  41.3742
      6      [36m0.9788[0m        [32m0.1178[0m       [35m0.8510[0m      0.9049        [94m0.1763[0m     +  0.0000  41.5018
      7      [36m0.9791[0m        [32m0.1174[0m       0.8509      0.9045        0.1768        0.0000  41.5773
      8      0.9788        [32m0.1159[0m       0.8509      0.9045        0.1766        0.0000  41.3928
      9      [36m0.9794[0m        [32m0.1146[0m       0.8510      0.9048        [94m0.1757[0m     +  0.0000  41.2234
     10      [36m0.9799[0m        [32m0.1135[0m       0.8497      0.9044        0.1760        0.0000  41.2462
     11      [36m0.9806[0m        [32m0.1112[0m       0.8510      0.9050        0.1762        0.0000  41.3455
     12      0.9805        [32m0.1104[0m       [35m0.8516[0m      0.9048        0.1766        0.0000  41.3458
     13      [36m0.9810[0m        [32m0.1096[0m       0.8472      0.9026        0.1771        0.0000  41.2123
     14      [36m0.9813[0m        [32m0.1090[0m       0.8502      0.9041        0.1766        0.0000  41.3141
     15      0.9812        [32m0.1080[0m       0.8505      0.9036        0.1764        0.0000  41.2825
     16      0.9812        0.1083       [35m0.8521[0m      0.9049        0.1763        0.0000  41.2010
     17      [36m0.9819[0m        [32m0.1073[0m       0.8509      0.9038        0.1768        0.0000  41.3750
     18      [36m0.9822[0m        [32m0.1070[0m       0.8510      0.9042        0.1767        0.0000  41.2177
     19      0.9822        0.1076       0.8497      0.9036        0.1771        0.0000  41.4074
Stopping since valid_loss has not improved in the last 11 epochs.
Iteration 11 Test Accuracy: 0.8448
Iteration 11 Test F1 Score (micro): 0.9288
Iteration 11 Test F1 Score (macro): 0.9174
Model checkpoint saved to C:\Users\localuserSKSG\Desktop\Shubham\ActiveLearning/Multilabel_from_multiclass/DinoS/margin_sampling_seed45_test\model_checkpoint_iteration_10.pt

Query 12: Using images from iteration=13 (margin sampling).
Re-initializing module.
Re-initializing criterion.
Re-initializing optimizer.
  epoch    train_f1    train_loss    valid_acc    valid_f1    valid_loss    cp      lr      dur
-------  ----------  ------------  -----------  ----------  ------------  ----  ------  -------
      1      [36m0.9728[0m        [32m0.1193[0m       [35m0.8302[0m      [31m0.8966[0m        [94m0.1807[0m     +  0.0000  67.4532
      2      [36m0.9783[0m        [32m0.1080[0m       [35m0.8524[0m      [31m0.9049[0m        [94m0.1711[0m     +  0.0000  67.7007
      3      0.9781        [32m0.1054[0m       0.8345      0.8969        0.1741        0.0000  67.7001
      4      [36m0.9805[0m        [32m0.1006[0m       0.8503      0.9039        [94m0.1693[0m     +  0.0000  67.8150
      5      [36m0.9818[0m        [32m0.0963[0m       0.8439      0.9024        0.1702        0.0000  67.7162
      6      [36m0.9834[0m        [32m0.0922[0m       [35m0.8590[0m      [31m0.9081[0m        [94m0.1661[0m     +  0.0000  67.3746
      7      [36m0.9837[0m        [32m0.0904[0m       0.8536      0.9060        0.1664        0.0000  67.6576
      8      [36m0.9846[0m        [32m0.0883[0m       [35m0.8602[0m      0.9078        0.1665        0.0000  67.8101
      9      [36m0.9846[0m        [32m0.0869[0m       [35m0.8622[0m      0.9077        [94m0.1661[0m     +  0.0000  67.8301
     10      [36m0.9853[0m        [32m0.0853[0m       0.8595      0.9068        [94m0.1660[0m     +  0.0000  67.6352
     11      [36m0.9861[0m        [32m0.0840[0m       [35m0.8625[0m      [31m0.9081[0m        [94m0.1650[0m     +  0.0000  67.6041
     12      0.9860        [32m0.0833[0m       0.8615      [31m0.9082[0m        0.1652        0.0000  67.6351
     13      [36m0.9864[0m        [32m0.0825[0m       0.8613      0.9082        0.1654        0.0000  67.3167
     14      [36m0.9867[0m        [32m0.0816[0m       0.8604      0.9076        0.1656        0.0000  67.3961
     15      0.9866        [32m0.0811[0m       0.8597      0.9072        0.1660        0.0000  67.3319
     16      [36m0.9868[0m        [32m0.0805[0m       0.8587      0.9074        0.1663        0.0000  67.3359
     17      [36m0.9870[0m        [32m0.0802[0m       0.8564      0.9065        0.1668        0.0000  67.2706
     18      [36m0.9873[0m        [32m0.0801[0m       0.8571      0.9067        0.1666        0.0000  67.3321
     19      [36m0.9876[0m        [32m0.0801[0m       0.8582      0.9071        0.1665        0.0000  67.4125
     20      [36m0.9878[0m        [32m0.0794[0m       0.8576      0.9067        0.1667        0.0000  67.2704
     21      [36m0.9880[0m        [32m0.0791[0m       0.8559      0.9061        0.1672        0.0000  67.3812
Stopping since valid_loss has not improved in the last 11 epochs.
Iteration 12 Test Accuracy: 0.8564
Iteration 12 Test F1 Score (micro): 0.9337
Iteration 12 Test F1 Score (macro): 0.9241
Model checkpoint saved to C:\Users\localuserSKSG\Desktop\Shubham\ActiveLearning/Multilabel_from_multiclass/DinoS/margin_sampling_seed45_test\model_checkpoint_iteration_11.pt

Query 13: Using images from iteration=14 (margin sampling).
Re-initializing module.
Re-initializing criterion.
Re-initializing optimizer.
  epoch    train_f1    train_loss    valid_acc    valid_f1    valid_loss    cp      lr      dur
-------  ----------  ------------  -----------  ----------  ------------  ----  ------  -------
      1      [36m0.9794[0m        [32m0.0905[0m       [35m0.8438[0m      [31m0.9011[0m        [94m0.1682[0m     +  0.0000  78.1393
      2      [36m0.9834[0m        [32m0.0821[0m       [35m0.8465[0m      [31m0.9050[0m        [94m0.1673[0m     +  0.0000  78.1404
      3      [36m0.9840[0m        [32m0.0793[0m       [35m0.8540[0m      0.9035        [94m0.1659[0m     +  0.0000  77.9516
      4      [36m0.9844[0m        [32m0.0767[0m       0.8510      0.9030        [94m0.1635[0m     +  0.0000  78.0143
      5      [36m0.9856[0m        [32m0.0729[0m       0.8349      0.8943        0.1754        0.0000  77.9410
      6      [36m0.9870[0m        [32m0.0690[0m       0.8514      0.9011        0.1636        0.0000  78.2812
      7      [36m0.9882[0m        [32m0.0674[0m       [35m0.8554[0m      0.9035        [94m0.1629[0m     +  0.0000  78.1978
      8      0.9880        [32m0.0663[0m       0.8554      0.9028        0.1642        0.0000  77.8415
      9      [36m0.9886[0m        [32m0.0652[0m       0.8545      0.9042        0.1656        0.0000  78.1970
     10      [36m0.9891[0m        [32m0.0638[0m       0.8528      0.9018        0.1646        0.0000  78.2600
     11      [36m0.9899[0m        [32m0.0623[0m       0.8554      0.9024        0.1631        0.0000  78.1386
     12      0.9898        [32m0.0618[0m       0.8549      0.9023        0.1633        0.0000  78.2191
     13      [36m0.9902[0m        [32m0.0610[0m       0.8528      0.8995        0.1640        0.0000  78.2274
     14      [36m0.9904[0m        [32m0.0604[0m       0.8528      0.9009        0.1643        0.0000  78.2345
     15      [36m0.9908[0m        [32m0.0599[0m       0.8535      0.9012        0.1643        0.0000  78.2163
     16      [36m0.9909[0m        [32m0.0597[0m       [35m0.8583[0m      0.9049        [94m0.1622[0m     +  0.0000  78.0828
     17      [36m0.9910[0m        [32m0.0594[0m       0.8566      0.9039        0.1631        0.0000  77.6624
     18      0.9909        [32m0.0590[0m       0.8552      0.9032        0.1637        0.0000  77.6111
     19      [36m0.9914[0m        [32m0.0586[0m       0.8557      0.9039        0.1637        0.0000  78.3370
     20      [36m0.9915[0m        [32m0.0586[0m       0.8542      0.9022        0.1638        0.0000  77.8868
     21      [36m0.9919[0m        [32m0.0584[0m       0.8578      [31m0.9055[0m        0.1631        0.0000  78.5964
     22      0.9916        [32m0.0583[0m       0.8575      0.9054        0.1633        0.0000  78.4394
     23      0.9917        [32m0.0582[0m       0.8576      0.9055        0.1634        0.0000  78.3130
     24      0.9916        0.0582       0.8578      0.9055        0.1634        0.0000  77.9682
     25      0.9916        [32m0.0577[0m       0.8575      [31m0.9056[0m        0.1635        0.0000  77.7044
     26      0.9916        0.0578       0.8578      [31m0.9059[0m        0.1635        0.0000  77.7031
Stopping since valid_loss has not improved in the last 11 epochs.
Iteration 13 Test Accuracy: 0.8561
Iteration 13 Test F1 Score (micro): 0.9330
Iteration 13 Test F1 Score (macro): 0.9233
Model checkpoint saved to C:\Users\localuserSKSG\Desktop\Shubham\ActiveLearning/Multilabel_from_multiclass/DinoS/margin_sampling_seed45_test\model_checkpoint_iteration_12.pt

Best F1 score across all iterations: 0.9241
Pickle file saved to C:\Users\localuserSKSG\Desktop\Shubham\ActiveLearning/Multilabel_from_multiclass/DinoS/margin_sampling_seed45_test\AL_margin_sampling_results_for_multilabel_classification_s45.pickle
