(26880, 5)
(5760, 5)
(5760, 5)
3
multiclass_train_df shape: (26880, 2)
multiclass_test_df shape: (5760, 2)
multiclass_val_df shape: (5760, 2)
Calculated train_size: 8
  epoch    train_f1    train_loss    valid_acc    valid_f1    valid_loss    cp      lr      dur
-------  ----------  ------------  -----------  ----------  ------------  ----  ------  -------
      1      [36m0.1250[0m        [32m2.1358[0m       [35m0.2384[0m      [31m0.2384[0m        [94m2.0094[0m     +  0.0000  11.7530
      2      [36m0.2500[0m        [32m2.0043[0m       [35m0.3585[0m      [31m0.3585[0m        [94m1.9509[0m     +  0.0000  10.9384
      3      [36m0.3750[0m        [32m1.9354[0m       0.3106      0.3106        2.0158        0.0000  10.8969
      4      [36m0.5000[0m        [32m1.9216[0m       0.2099      0.2099        2.0556        0.0000  11.1752
      5      0.5000        [32m1.7965[0m       0.1589      0.1589        2.0920        0.0000  10.9565
      6      [36m0.6250[0m        [32m1.6012[0m       0.1780      0.1780        2.0924        0.0000  11.0431
      7      [36m0.8750[0m        [32m1.5436[0m       0.1892      0.1892        2.0797        0.0000  11.0513
      8      0.8750        [32m1.4628[0m       0.1943      0.1943        2.0763        0.0000  11.2050
      9      0.8750        1.5776       0.1979      0.1979        2.0742        0.0000  11.0783
     10      0.8750        1.4729       0.1910      0.1910        2.0771        0.0000  11.3460
     11      0.6250        [32m1.4077[0m       0.1898      0.1898        2.0782        0.0000  11.1689
     12      0.5000        1.5915       0.1920      0.1920        2.0775        0.0000  11.5023
Stopping since valid_loss has not improved in the last 11 epochs.
Pre F1 micro score = 0.2128
Pre F1 macro score = 0.1279

Iteration:  1
Selecting 16 informative samples: 

Training started with 24 samples:

Re-initializing module.
Re-initializing criterion.
Re-initializing optimizer.
  epoch    train_f1    train_loss    valid_acc    valid_f1    valid_loss    cp      lr      dur
-------  ----------  ------------  -----------  ----------  ------------  ----  ------  -------
      1      [36m0.5833[0m        [32m1.6708[0m       [35m0.4479[0m      [31m0.4479[0m        [94m1.7430[0m     +  0.0000  11.3632
      2      0.5833        [32m1.5078[0m       [35m0.4481[0m      [31m0.4481[0m        [94m1.7142[0m     +  0.0000  11.1301
      3      [36m0.7083[0m        [32m1.2979[0m       0.4437      0.4437        [94m1.6896[0m     +  0.0000  11.2850
      4      0.6250        [32m1.0816[0m       0.4427      0.4427        1.6916        0.0000  11.3125
      5      [36m0.7917[0m        [32m0.9882[0m       0.4464      0.4464        [94m1.6626[0m     +  0.0000  11.2031
      6      [36m0.8333[0m        [32m0.8595[0m       [35m0.4486[0m      [31m0.4486[0m        1.6650        0.0000  11.2832
      7      [36m0.9167[0m        [32m0.7836[0m       [35m0.4538[0m      [31m0.4538[0m        1.6657        0.0000  11.2984
      8      0.8750        0.8674       [35m0.4592[0m      [31m0.4592[0m        1.6704        0.0000  11.2551
      9      0.8333        0.8647       [35m0.4632[0m      [31m0.4632[0m        1.6749        0.0000  11.2007
     10      0.9167        [32m0.7738[0m       [35m0.4649[0m      [31m0.4649[0m        1.6730        0.0000  11.1242
     11      0.9167        [32m0.7709[0m       [35m0.4653[0m      [31m0.4653[0m        1.6729        0.0000  11.3702
     12      0.8750        0.8039       [35m0.4668[0m      [31m0.4668[0m        1.6728        0.0000  11.0794
     13      [36m0.9583[0m        [32m0.7231[0m       [35m0.4672[0m      [31m0.4672[0m        1.6733        0.0000  11.2024
     14      0.9167        0.7313       [35m0.4684[0m      [31m0.4684[0m        1.6726        0.0000  11.1737
     15      0.9167        0.7638       [35m0.4694[0m      [31m0.4694[0m        1.6729        0.0000  11.3125
Stopping since valid_loss has not improved in the last 11 epochs.
[8, 24]
F1 Micro Score after query 1: 0.48541666666666666
F1 Macro Score after query 1: 0.14009098986816992
Number of samples used for retraining: 24
Number of samples in pool after training and deleting samples: 26856
Model checkpoint saved to C:\Users\localuserSKSG\Desktop\Shubham\ActiveLearning/Multiclass/DinoS/uncertainty_sampling_seed49\model_checkpoint_iteration_0.pt

Iteration:  2
Selecting 32 informative samples: 

Training started with 56 samples:

Re-initializing module.
Re-initializing criterion.
Re-initializing optimizer.
  epoch    train_f1    train_loss    valid_acc    valid_f1    valid_loss    cp      lr      dur
-------  ----------  ------------  -----------  ----------  ------------  ----  ------  -------
      1      [36m0.6071[0m        [32m1.3850[0m       [35m0.4653[0m      [31m0.4653[0m        [94m1.7225[0m     +  0.0000  11.3676
      2      [36m0.7500[0m        [32m1.1884[0m       0.3839      0.3839        [94m1.6335[0m     +  0.0000  11.1912
      3      0.7321        [32m1.0238[0m       0.3988      0.3988        [94m1.6330[0m     +  0.0000  11.4101
      4      [36m0.7679[0m        [32m0.9651[0m       0.4012      0.4012        [94m1.5972[0m     +  0.0000  11.3877
      5      [36m0.7857[0m        [32m0.8837[0m       0.4179      0.4179        [94m1.5708[0m     +  0.0000  11.5260
      6      0.7500        0.9077       0.4285      0.4285        [94m1.5669[0m     +  0.0000  11.4550
      7      0.7321        0.9059       0.4302      0.4302        1.5711        0.0000  11.3380
      8      0.7679        [32m0.8584[0m       0.4378      0.4378        1.5725        0.0000  11.2827
      9      0.7679        [32m0.8438[0m       0.4410      0.4410        1.5753        0.0000  11.4868
     10      [36m0.8036[0m        [32m0.7846[0m       0.4427      0.4427        1.5763        0.0000  11.4728
     11      0.7857        0.7987       0.4427      0.4427        1.5765        0.0000  11.3241
     12      0.7857        0.8155       0.4443      0.4443        1.5758        0.0000  11.4864
     13      0.7500        0.8117       0.4451      0.4451        1.5754        0.0000  11.5311
     14      [36m0.8214[0m        0.8363       0.4443      0.4443        1.5757        0.0000  11.3605
     15      0.7500        0.8058       0.4443      0.4443        1.5761        0.0000  11.4855
     16      0.8214        0.8167       0.4446      0.4446        1.5762        0.0000  11.3931
Stopping since valid_loss has not improved in the last 11 epochs.
[8, 24, 56]
F1 Micro Score after query 2: 0.4263888888888889
F1 Macro Score after query 2: 0.1511106061559219
Number of samples used for retraining: 56
Number of samples in pool after training and deleting samples: 26824
Model checkpoint saved to C:\Users\localuserSKSG\Desktop\Shubham\ActiveLearning/Multiclass/DinoS/uncertainty_sampling_seed49\model_checkpoint_iteration_1.pt

Iteration:  3
Selecting 56 informative samples: 

Training started with 112 samples:

Re-initializing module.
Re-initializing criterion.
Re-initializing optimizer.
  epoch    train_f1    train_loss    valid_acc    valid_f1    valid_loss    cp      lr      dur
-------  ----------  ------------  -----------  ----------  ------------  ----  ------  -------
      1      [36m0.6071[0m        [32m1.0979[0m       [35m0.4384[0m      [31m0.4384[0m        [94m1.7746[0m     +  0.0000  11.6364
      2      [36m0.7679[0m        [32m0.9902[0m       [35m0.4524[0m      [31m0.4524[0m        [94m1.6583[0m     +  0.0000  11.7455
      3      [36m0.8304[0m        [32m0.8373[0m       0.4226      0.4226        [94m1.6125[0m     +  0.0000  11.5942
      4      0.8304        [32m0.7558[0m       0.4413      0.4413        [94m1.5596[0m     +  0.0000  11.8438
      5      [36m0.8571[0m        [32m0.6695[0m       [35m0.4580[0m      [31m0.4580[0m        [94m1.5252[0m     +  0.0000  11.5087
      6      [36m0.9018[0m        [32m0.5883[0m       [35m0.4720[0m      [31m0.4720[0m        [94m1.5150[0m     +  0.0000  11.5606
      7      0.9018        [32m0.5840[0m       [35m0.4743[0m      [31m0.4743[0m        [94m1.5127[0m     +  0.0000  11.5430
      8      [36m0.9196[0m        [32m0.5774[0m       [35m0.4832[0m      [31m0.4832[0m        [94m1.5052[0m     +  0.0000  11.6240
      9      0.9107        [32m0.5398[0m       [35m0.5003[0m      [31m0.5003[0m        [94m1.4950[0m     +  0.0000  11.6905
     10      0.9018        0.5752       0.4984      0.4984        [94m1.4947[0m     +  0.0000  11.7155
     11      0.9107        [32m0.5212[0m       [35m0.5017[0m      [31m0.5017[0m        [94m1.4941[0m     +  0.0000  11.8128
     12      0.8839        0.5392       [35m0.5026[0m      [31m0.5026[0m        [94m1.4933[0m     +  0.0000  11.5154
     13      0.9107        0.5458       [35m0.5054[0m      [31m0.5054[0m        [94m1.4927[0m     +  0.0000  11.6896
     14      [36m0.9286[0m        0.5425       [35m0.5068[0m      [31m0.5068[0m        1.4929        0.0000  11.5159
     15      0.9107        0.5402       0.5031      0.5031        1.4950        0.0000  11.7781
     16      0.9196        0.5511       0.5033      0.5033        1.4948        0.0000  11.7069
     17      0.9286        [32m0.5171[0m       0.5035      0.5035        1.4947        0.0000  11.5936
     18      0.9286        0.5359       0.5040      0.5040        1.4945        0.0000  11.5806
     19      0.9286        0.5581       0.5045      0.5045        1.4943        0.0000  11.6993
     20      0.9018        0.5337       0.5043      0.5043        1.4940        0.0000  11.7288
     21      0.9107        0.5436       0.5047      0.5047        1.4941        0.0000  11.5302
     22      0.9196        0.5450       0.5045      0.5045        1.4940        0.0000  11.8439
     23      0.9107        0.5328       0.5049      0.5049        1.4939        0.0000  11.5795
Stopping since valid_loss has not improved in the last 11 epochs.
[8, 24, 56, 112]
F1 Micro Score after query 3: 0.5171875
F1 Macro Score after query 3: 0.20936193813909412
Number of samples used for retraining: 112
Number of samples in pool after training and deleting samples: 26768
Model checkpoint saved to C:\Users\localuserSKSG\Desktop\Shubham\ActiveLearning/Multiclass/DinoS/uncertainty_sampling_seed49\model_checkpoint_iteration_2.pt

Iteration:  4
Selecting 96 informative samples: 

Training started with 208 samples:

Re-initializing module.
Re-initializing criterion.
Re-initializing optimizer.
  epoch    train_f1    train_loss    valid_acc    valid_f1    valid_loss    cp      lr      dur
-------  ----------  ------------  -----------  ----------  ------------  ----  ------  -------
      1      [36m0.7356[0m        [32m0.9944[0m       [35m0.4587[0m      [31m0.4587[0m        [94m1.5069[0m     +  0.0000  12.0558
      2      [36m0.8029[0m        [32m0.7924[0m       [35m0.4898[0m      [31m0.4898[0m        [94m1.4546[0m     +  0.0000  12.1717
      3      [36m0.8365[0m        [32m0.7115[0m       [35m0.5052[0m      [31m0.5052[0m        [94m1.4037[0m     +  0.0000  12.1359
      4      [36m0.8510[0m        [32m0.6377[0m       [35m0.5104[0m      [31m0.5104[0m        [94m1.3972[0m     +  0.0000  12.0628
      5      [36m0.9087[0m        [32m0.5916[0m       [35m0.5451[0m      [31m0.5451[0m        [94m1.3417[0m     +  0.0000  12.0564
      6      0.8990        [32m0.5400[0m       [35m0.5691[0m      [31m0.5691[0m        [94m1.3175[0m     +  0.0000  12.1570
      7      [36m0.9279[0m        [32m0.5168[0m       [35m0.5764[0m      [31m0.5764[0m        [94m1.3060[0m     +  0.0000  11.9281
      8      0.9279        0.5237       0.5717      0.5717        1.3090        0.0000  12.1357
      9      [36m0.9327[0m        [32m0.4810[0m       0.5674      0.5674        1.3137        0.0000  11.9687
     10      [36m0.9567[0m        [32m0.4762[0m       [35m0.5802[0m      [31m0.5802[0m        [94m1.3045[0m     +  0.0000  12.0884
     11      0.9519        [32m0.4754[0m       [35m0.5835[0m      [31m0.5835[0m        [94m1.2972[0m     +  0.0000  12.1562
     12      0.9279        0.4915       0.5818      0.5818        1.2978        0.0000  12.2019
     13      0.9423        [32m0.4654[0m       0.5833      0.5833        [94m1.2936[0m     +  0.0000  12.0947
     14      0.9519        [32m0.4546[0m       [35m0.5847[0m      [31m0.5847[0m        [94m1.2934[0m     +  0.0000  12.1272
     15      0.9471        0.4593       0.5839      0.5839        1.2936        0.0000  12.2192
     16      0.9375        0.4834       0.5844      0.5844        [94m1.2920[0m     +  0.0000  12.2454
     17      0.9519        0.4737       0.5847      0.5847        [94m1.2918[0m     +  0.0000  12.0956
     18      0.9423        [32m0.4408[0m       0.5842      0.5842        1.2921        0.0000  12.0956
     19      0.9327        0.4599       0.5844      0.5844        1.2919        0.0000  12.1421
     20      0.9471        0.4554       0.5847      0.5847        [94m1.2911[0m     +  0.0000  12.1752
     21      0.9423        0.4809       0.5845      0.5845        1.2911        0.0000  12.1719
     22      0.9423        [32m0.4393[0m       [35m0.5849[0m      [31m0.5849[0m        [94m1.2909[0m     +  0.0000  12.2471
     23      0.9471        0.4483       0.5849      0.5849        [94m1.2907[0m     +  0.0000  12.0465
     24      0.9519        0.4572       0.5849      0.5849        [94m1.2906[0m     +  0.0000  12.1162
     25      0.9423        0.4796       0.5849      0.5849        [94m1.2904[0m     +  0.0000  12.0054
     26      0.9423        0.4550       [35m0.5851[0m      [31m0.5851[0m        [94m1.2904[0m     +  0.0000  12.0587
     27      0.9471        0.4633       0.5849      0.5849        [94m1.2904[0m     +  0.0000  12.1035
     28      0.9519        0.4519       0.5849      0.5849        [94m1.2903[0m     +  0.0000  12.0579
     29      0.9471        0.4554       0.5847      0.5847        1.2904        0.0000  11.9810
     30      0.9519        0.4651       0.5847      0.5847        1.2904        0.0000  12.1539
     31      0.9471        0.4591       0.5847      0.5847        1.2904        0.0000  12.2314
     32      0.9327        0.4774       0.5847      0.5847        1.2904        0.0000  12.0208
     33      0.9375        0.4461       0.5847      0.5847        1.2904        0.0000  12.0802
     34      0.9423        0.4685       0.5847      0.5847        1.2904        0.0000  12.0609
     35      0.9327        0.4799       0.5847      0.5847        1.2904        0.0000  12.1081
Stopping since valid_loss has not improved in the last 11 epochs.
[8, 24, 56, 112, 208]
F1 Micro Score after query 4: 0.5095486111111112
F1 Macro Score after query 4: 0.1753326770174471
Number of samples used for retraining: 208
Number of samples in pool after training and deleting samples: 26672
Model checkpoint saved to C:\Users\localuserSKSG\Desktop\Shubham\ActiveLearning/Multiclass/DinoS/uncertainty_sampling_seed49\model_checkpoint_iteration_3.pt

Iteration:  5
Selecting 176 informative samples: 

Training started with 384 samples:

Re-initializing module.
Re-initializing criterion.
Re-initializing optimizer.
  epoch    train_f1    train_loss    valid_acc    valid_f1    valid_loss    cp      lr      dur
-------  ----------  ------------  -----------  ----------  ------------  ----  ------  -------
      1      [36m0.8125[0m        [32m0.7289[0m       [35m0.6342[0m      [31m0.6342[0m        [94m1.1384[0m     +  0.0000  12.7784
      2      [36m0.9219[0m        [32m0.5049[0m       [35m0.6434[0m      [31m0.6434[0m        [94m1.1317[0m     +  0.0000  12.9344
      3      [36m0.9375[0m        [32m0.4620[0m       [35m0.6495[0m      [31m0.6495[0m        1.1360        0.0000  12.7844
      4      [36m0.9401[0m        [32m0.4077[0m       [35m0.6556[0m      [31m0.6556[0m        1.1339        0.0000  12.8907
      5      [36m0.9609[0m        [32m0.3693[0m       [35m0.6592[0m      [31m0.6592[0m        [94m1.1078[0m     +  0.0000  12.9104
      6      [36m0.9688[0m        [32m0.3471[0m       [35m0.6748[0m      [31m0.6748[0m        [94m1.0473[0m     +  0.0000  12.7673
      7      0.9661        0.3500       0.6738      0.6738        1.0473        0.0000  12.8442
      8      [36m0.9740[0m        [32m0.3197[0m       [35m0.6755[0m      [31m0.6755[0m        [94m1.0388[0m     +  0.0000  13.1549
      9      0.9740        [32m0.3175[0m       [35m0.6771[0m      [31m0.6771[0m        1.0399        0.0000  12.9029
     10      [36m0.9766[0m        0.3194       0.6762      0.6762        [94m1.0370[0m     +  0.0000  12.8121
     11      0.9740        [32m0.3094[0m       [35m0.6832[0m      [31m0.6832[0m        [94m1.0187[0m     +  0.0000  12.7516
     12      [36m0.9792[0m        0.3125       [35m0.6856[0m      [31m0.6856[0m        [94m1.0132[0m     +  0.0000  12.8581
     13      0.9792        [32m0.3000[0m       0.6851      0.6851        1.0170        0.0000  12.6700
     14      0.9714        0.3014       [35m0.6858[0m      [31m0.6858[0m        [94m1.0124[0m     +  0.0000  12.8284
     15      0.9688        [32m0.2990[0m       [35m0.6859[0m      [31m0.6859[0m        [94m1.0123[0m     +  0.0000  12.7685
     16      0.9766        0.3071       [35m0.6861[0m      [31m0.6861[0m        1.0123        0.0000  12.9529
     17      0.9740        0.2994       0.6858      0.6858        1.0132        0.0000  12.9759
     18      [36m0.9818[0m        0.3057       [35m0.6865[0m      [31m0.6865[0m        [94m1.0118[0m     +  0.0000  12.7202
     19      0.9818        [32m0.2987[0m       [35m0.6873[0m      [31m0.6873[0m        [94m1.0105[0m     +  0.0000  12.9066
     20      0.9740        [32m0.2966[0m       0.6861      0.6861        1.0119        0.0000  12.8594
     21      0.9714        0.3052       0.6861      0.6861        1.0117        0.0000  12.9371
     22      0.9792        0.2986       0.6865      0.6865        1.0114        0.0000  13.0268
     23      0.9792        0.3038       0.6868      0.6868        1.0109        0.0000  12.9034
     24      0.9792        0.3028       0.6865      0.6865        1.0112        0.0000  13.2859
     25      0.9792        [32m0.2959[0m       0.6865      0.6865        1.0111        0.0000  12.9976
     26      0.9740        [32m0.2887[0m       0.6865      0.6865        1.0111        0.0000  12.8374
     27      0.9740        0.3017       0.6865      0.6865        1.0111        0.0000  12.7657
     28      0.9766        0.2994       0.6865      0.6865        1.0111        0.0000  12.9864
     29      0.9792        0.3007       0.6865      0.6865        1.0111        0.0000  12.9229
Stopping since valid_loss has not improved in the last 11 epochs.
[8, 24, 56, 112, 208, 384]
F1 Micro Score after query 5: 0.6821180555555556
F1 Macro Score after query 5: 0.22990261037405352
Number of samples used for retraining: 384
Number of samples in pool after training and deleting samples: 26496
Model checkpoint saved to C:\Users\localuserSKSG\Desktop\Shubham\ActiveLearning/Multiclass/DinoS/uncertainty_sampling_seed49\model_checkpoint_iteration_4.pt

Iteration:  6
Selecting 320 informative samples: 

Training started with 704 samples:

Re-initializing module.
Re-initializing criterion.
Re-initializing optimizer.
  epoch    train_f1    train_loss    valid_acc    valid_f1    valid_loss    cp      lr      dur
-------  ----------  ------------  -----------  ----------  ------------  ----  ------  -------
      1      [36m0.8366[0m        [32m0.6979[0m       [35m0.7139[0m      [31m0.7139[0m        [94m0.8871[0m     +  0.0000  14.2655
      2      [36m0.9176[0m        [32m0.4901[0m       [35m0.7238[0m      [31m0.7238[0m        [94m0.8556[0m     +  0.0000  14.3107
      3      [36m0.9403[0m        [32m0.4025[0m       [35m0.7316[0m      [31m0.7316[0m        [94m0.8404[0m     +  0.0000  14.6127
      4      [36m0.9545[0m        [32m0.3625[0m       [35m0.7344[0m      [31m0.7344[0m        0.8446        0.0000  14.2772
      5      [36m0.9560[0m        [32m0.3304[0m       0.7332      0.7332        0.8702        0.0000  14.4997
      6      [36m0.9773[0m        [32m0.3015[0m       [35m0.7352[0m      [31m0.7352[0m        [94m0.8383[0m     +  0.0000  14.7070
      7      0.9773        [32m0.2891[0m       0.7349      0.7349        0.8513        0.0000  14.2988
      8      [36m0.9815[0m        [32m0.2725[0m       [35m0.7363[0m      [31m0.7363[0m        0.8414        0.0000  14.3614
      9      0.9787        [32m0.2711[0m       0.7332      0.7332        0.8473        0.0000  14.5800
     10      [36m0.9830[0m        [32m0.2654[0m       0.7352      0.7352        0.8489        0.0000  14.3245
     11      0.9830        [32m0.2575[0m       0.7349      0.7349        0.8536        0.0000  14.4547
     12      [36m0.9872[0m        0.2606       0.7356      0.7356        0.8621        0.0000  14.5985
     13      0.9844        0.2607       0.7352      0.7352        0.8582        0.0000  14.3769
     14      0.9858        [32m0.2544[0m       0.7359      0.7359        0.8554        0.0000  14.6730
     15      0.9844        [32m0.2471[0m       0.7349      0.7349        0.8634        0.0000  14.6702
     16      0.9830        0.2524       0.7352      0.7352        0.8682        0.0000  14.4371
Stopping since valid_loss has not improved in the last 11 epochs.
[8, 24, 56, 112, 208, 384, 704]
F1 Micro Score after query 6: 0.7432291666666667
F1 Macro Score after query 6: 0.3872232852007054
Number of samples used for retraining: 704
Number of samples in pool after training and deleting samples: 26176
Model checkpoint saved to C:\Users\localuserSKSG\Desktop\Shubham\ActiveLearning/Multiclass/DinoS/uncertainty_sampling_seed49\model_checkpoint_iteration_5.pt

Iteration:  7
Selecting 560 informative samples: 

Training started with 1264 samples:

Re-initializing module.
Re-initializing criterion.
Re-initializing optimizer.
  epoch    train_f1    train_loss    valid_acc    valid_f1    valid_loss    cp      lr      dur
-------  ----------  ------------  -----------  ----------  ------------  ----  ------  -------
      1      [36m0.8703[0m        [32m0.6032[0m       [35m0.8017[0m      [31m0.8017[0m        [94m0.6816[0m     +  0.0000  17.0873
      2      [36m0.9335[0m        [32m0.4416[0m       0.7809      0.7809        0.6824        0.0000  17.0230
      3      [36m0.9430[0m        [32m0.3745[0m       0.7691      0.7691        0.6967        0.0000  17.0585
      4      [36m0.9478[0m        [32m0.3462[0m       0.7812      0.7812        0.6845        0.0000  17.4033
      5      [36m0.9597[0m        [32m0.3083[0m       0.7679      0.7679        0.7249        0.0000  17.1396
      6      [36m0.9636[0m        [32m0.2829[0m       0.7715      0.7715        0.6856        0.0000  17.4161
      7      [36m0.9660[0m        [32m0.2791[0m       0.7705      0.7705        0.6913        0.0000  17.2339
      8      [36m0.9676[0m        [32m0.2577[0m       0.7733      0.7733        0.6909        0.0000  17.1577
      9      0.9660        0.2599       0.7793      0.7793        [94m0.6769[0m     +  0.0000  17.2537
     10      [36m0.9715[0m        [32m0.2461[0m       0.7734      0.7734        0.6942        0.0000  17.0131
     11      [36m0.9763[0m        [32m0.2417[0m       0.7755      0.7755        0.6912        0.0000  17.3279
     12      [36m0.9794[0m        [32m0.2339[0m       0.7750      0.7750        0.6881        0.0000  17.0636
     13      0.9755        0.2347       0.7727      0.7727        0.6960        0.0000  17.3896
     14      0.9763        0.2422       0.7738      0.7738        0.6923        0.0000  17.1292
     15      0.9786        [32m0.2318[0m       0.7736      0.7736        0.6983        0.0000  16.9687
     16      0.9794        [32m0.2268[0m       0.7740      0.7740        0.6985        0.0000  17.2490
     17      [36m0.9818[0m        0.2397       0.7741      0.7741        0.6979        0.0000  17.1499
     18      0.9771        0.2293       0.7741      0.7741        0.6994        0.0000  17.3596
     19      0.9786        0.2327       0.7748      0.7748        0.6974        0.0000  16.9454
Stopping since valid_loss has not improved in the last 11 epochs.
[8, 24, 56, 112, 208, 384, 704, 1264]
F1 Micro Score after query 7: 0.8137152777777777
F1 Macro Score after query 7: 0.5054799917164436
Number of samples used for retraining: 1264
Number of samples in pool after training and deleting samples: 25616
Model checkpoint saved to C:\Users\localuserSKSG\Desktop\Shubham\ActiveLearning/Multiclass/DinoS/uncertainty_sampling_seed49\model_checkpoint_iteration_6.pt

Iteration:  8
Selecting 1000 informative samples: 

Training started with 2264 samples:

Re-initializing module.
Re-initializing criterion.
Re-initializing optimizer.
  epoch    train_f1    train_loss    valid_acc    valid_f1    valid_loss    cp      lr      dur
-------  ----------  ------------  -----------  ----------  ------------  ----  ------  -------
      1      [36m0.8361[0m        [32m0.5799[0m       [35m0.8097[0m      [31m0.8097[0m        [94m0.6142[0m     +  0.0000  22.2802
      2      [36m0.9046[0m        [32m0.4252[0m       0.7806      0.7806        0.6488        0.0000  22.1056
      3      [36m0.9267[0m        [32m0.3551[0m       0.7670      0.7670        0.6844        0.0000  22.6644
      4      [36m0.9404[0m        [32m0.3142[0m       0.7852      0.7852        0.6761        0.0000  22.0333
      5      [36m0.9527[0m        [32m0.2839[0m       0.7644      0.7644        0.7286        0.0000  22.2342
      6      [36m0.9642[0m        [32m0.2411[0m       0.7866      0.7866        0.7427        0.0000  21.9364
      7      [36m0.9744[0m        [32m0.2228[0m       0.7896      0.7896        0.7277        0.0000  22.2627
      8      [36m0.9753[0m        [32m0.2117[0m       0.7819      0.7819        0.7706        0.0000  21.9358
      9      [36m0.9788[0m        [32m0.2034[0m       0.7828      0.7828        0.7710        0.0000  22.2164
     10      [36m0.9806[0m        [32m0.1980[0m       0.7830      0.7830        0.7490        0.0000  21.8422
     11      [36m0.9819[0m        [32m0.1884[0m       0.7924      0.7924        0.7043        0.0000  22.1866
Stopping since valid_loss has not improved in the last 11 epochs.
[8, 24, 56, 112, 208, 384, 704, 1264, 2264]
F1 Micro Score after query 8: 0.8404513888888889
F1 Macro Score after query 8: 0.5475034618368657
Number of samples used for retraining: 2264
Number of samples in pool after training and deleting samples: 24616
Model checkpoint saved to C:\Users\localuserSKSG\Desktop\Shubham\ActiveLearning/Multiclass/DinoS/uncertainty_sampling_seed49\model_checkpoint_iteration_7.pt

Iteration:  9
Selecting 1776 informative samples: 

Training started with 4040 samples:

Re-initializing module.
Re-initializing criterion.
Re-initializing optimizer.
  epoch    train_f1    train_loss    valid_acc    valid_f1    valid_loss    cp      lr      dur
-------  ----------  ------------  -----------  ----------  ------------  ----  ------  -------
      1      [36m0.8493[0m        [32m0.5327[0m       [35m0.7849[0m      [31m0.7849[0m        [94m0.6490[0m     +  0.0000  30.8949
      2      [36m0.8985[0m        [32m0.4190[0m       [35m0.8050[0m      [31m0.8050[0m        [94m0.6018[0m     +  0.0000  31.8017
      3      [36m0.9193[0m        [32m0.3614[0m       0.7797      0.7797        0.6465        0.0000  31.2836
      4      [36m0.9300[0m        [32m0.3233[0m       [35m0.8090[0m      [31m0.8090[0m        0.6187        0.0000  31.0508
      5      [36m0.9384[0m        [32m0.2898[0m       0.8016      0.8016        0.6785        0.0000  31.4569
      6      [36m0.9545[0m        [32m0.2410[0m       [35m0.8191[0m      [31m0.8191[0m        0.6214        0.0000  31.2522
      7      [36m0.9619[0m        [32m0.2182[0m       0.8158      0.8158        0.6320        0.0000  31.0503
      8      [36m0.9651[0m        [32m0.2108[0m       0.8155      0.8155        0.6461        0.0000  31.3146
      9      [36m0.9678[0m        [32m0.1977[0m       0.8187      0.8187        0.6595        0.0000  31.3321
     10      [36m0.9698[0m        [32m0.1920[0m       0.8181      0.8181        0.6563        0.0000  30.7858
     11      [36m0.9762[0m        [32m0.1788[0m       0.8106      0.8106        0.6544        0.0000  31.1248
     12      [36m0.9772[0m        [32m0.1735[0m       0.8149      0.8149        0.6551        0.0000  31.1753
Stopping since valid_loss has not improved in the last 11 epochs.
[8, 24, 56, 112, 208, 384, 704, 1264, 2264, 4040]
F1 Micro Score after query 9: 0.8440972222222223
F1 Macro Score after query 9: 0.5630323552825858
Number of samples used for retraining: 4040
Number of samples in pool after training and deleting samples: 22840
Model checkpoint saved to C:\Users\localuserSKSG\Desktop\Shubham\ActiveLearning/Multiclass/DinoS/uncertainty_sampling_seed49\model_checkpoint_iteration_8.pt

Iteration:  10
Selecting 3160 informative samples: 

Training started with 7200 samples:

Re-initializing module.
Re-initializing criterion.
Re-initializing optimizer.
  epoch    train_f1    train_loss    valid_acc    valid_f1    valid_loss    cp      lr      dur
-------  ----------  ------------  -----------  ----------  ------------  ----  ------  -------
      1      [36m0.9014[0m        [32m0.3856[0m       [35m0.8005[0m      [31m0.8005[0m        [94m0.6186[0m     +  0.0000  46.8528
      2      [36m0.9225[0m        [32m0.3156[0m       0.7826      0.7826        0.7065        0.0000  46.8430
      3      [36m0.9317[0m        [32m0.2778[0m       0.7991      0.7991        0.6407        0.0000  46.8449
      4      [36m0.9407[0m        [32m0.2524[0m       [35m0.8128[0m      [31m0.8128[0m        [94m0.6061[0m     +  0.0000  47.2759
      5      [36m0.9468[0m        [32m0.2276[0m       0.7943      0.7943        0.6693        0.0000  46.7042
      6      [36m0.9661[0m        [32m0.1746[0m       0.7995      0.7995        0.6795        0.0000  46.8965
      7      [36m0.9706[0m        [32m0.1599[0m       0.8033      0.8033        0.6969        0.0000  47.0279
      8      [36m0.9749[0m        [32m0.1462[0m       0.7983      0.7983        0.7235        0.0000  46.6259
      9      [36m0.9788[0m        [32m0.1356[0m       0.7983      0.7983        0.7378        0.0000  47.3084
     10      [36m0.9815[0m        [32m0.1253[0m       0.7958      0.7958        0.7461        0.0000  47.2502
     11      [36m0.9842[0m        [32m0.1168[0m       0.7887      0.7887        0.7547        0.0000  46.7175
     12      [36m0.9871[0m        [32m0.1108[0m       0.7918      0.7918        0.7580        0.0000  46.9841
     13      [36m0.9882[0m        [32m0.1086[0m       0.7915      0.7915        0.7603        0.0000  46.8406
     14      [36m0.9900[0m        [32m0.1055[0m       0.7915      0.7915        0.7645        0.0000  46.9490
Stopping since valid_loss has not improved in the last 11 epochs.
[8, 24, 56, 112, 208, 384, 704, 1264, 2264, 4040, 7200]
F1 Micro Score after query 10: 0.8413194444444444
F1 Macro Score after query 10: 0.5741941114229446
Number of samples used for retraining: 7200
Number of samples in pool after training and deleting samples: 19680
Model checkpoint saved to C:\Users\localuserSKSG\Desktop\Shubham\ActiveLearning/Multiclass/DinoS/uncertainty_sampling_seed49\model_checkpoint_iteration_9.pt

Iteration:  11
Selecting 5624 informative samples: 

Training started with 12824 samples:

Re-initializing module.
Re-initializing criterion.
Re-initializing optimizer.
  epoch    train_f1    train_loss    valid_acc    valid_f1    valid_loss    cp      lr      dur
-------  ----------  ------------  -----------  ----------  ------------  ----  ------  -------
      1      [36m0.9424[0m        [32m0.2479[0m       [35m0.8007[0m      [31m0.8007[0m        [94m0.6006[0m     +  0.0000  74.6314
      2      [36m0.9497[0m        [32m0.2150[0m       [35m0.8099[0m      [31m0.8099[0m        [94m0.5817[0m     +  0.0000  74.7968
      3      [36m0.9541[0m        [32m0.1892[0m       0.8002      0.8002        0.6742        0.0000  75.5783
      4      [36m0.9593[0m        [32m0.1687[0m       0.8075      0.8075        0.6326        0.0000  74.8321
      5      [36m0.9641[0m        [32m0.1472[0m       [35m0.8175[0m      [31m0.8175[0m        0.6332        0.0000  75.1462
      6      [36m0.9736[0m        [32m0.1191[0m       0.8059      0.8059        0.7133        0.0000  75.3591
      7      [36m0.9808[0m        [32m0.1006[0m       0.8019      0.8019        0.7443        0.0000  74.7498
      8      [36m0.9828[0m        [32m0.0905[0m       0.7991      0.7991        0.7769        0.0000  75.6873
      9      [36m0.9863[0m        [32m0.0819[0m       0.7941      0.7941        0.7941        0.0000  75.1719
     10      [36m0.9890[0m        [32m0.0728[0m       0.7964      0.7964        0.8176        0.0000  75.5606
     11      [36m0.9915[0m        [32m0.0648[0m       0.7969      0.7969        0.8342        0.0000  75.0940
     12      [36m0.9928[0m        [32m0.0604[0m       0.7950      0.7950        0.8495        0.0000  75.1248
Stopping since valid_loss has not improved in the last 11 epochs.
[8, 24, 56, 112, 208, 384, 704, 1264, 2264, 4040, 7200, 12824]
F1 Micro Score after query 11: 0.8354166666666667
F1 Macro Score after query 11: 0.5566940213298359
Number of samples used for retraining: 12824
Number of samples in pool after training and deleting samples: 14056
Model checkpoint saved to C:\Users\localuserSKSG\Desktop\Shubham\ActiveLearning/Multiclass/DinoS/uncertainty_sampling_seed49\model_checkpoint_iteration_10.pt

Iteration:  12
Selecting 10000 informative samples: 

Training started with 22824 samples:

Re-initializing module.
Re-initializing criterion.
Re-initializing optimizer.
  epoch    train_f1    train_loss    valid_acc    valid_f1    valid_loss    cp      lr       dur
-------  ----------  ------------  -----------  ----------  ------------  ----  ------  --------
      1      [36m0.9684[0m        [32m0.1391[0m       [35m0.7644[0m      [31m0.7644[0m        [94m0.9543[0m     +  0.0000  124.8435
      2      [36m0.9720[0m        [32m0.1205[0m       0.7455      0.7455        1.0529        0.0000  125.4351
      3      [36m0.9737[0m        [32m0.1046[0m       [35m0.7788[0m      [31m0.7788[0m        [94m0.9032[0m     +  0.0000  125.7024
      4      [36m0.9773[0m        [32m0.0931[0m       [35m0.7837[0m      [31m0.7837[0m        0.9434        0.0000  125.3881
      5      [36m0.9796[0m        [32m0.0801[0m       0.7391      0.7391        1.2426        0.0000  125.1963
      6      [36m0.9854[0m        [32m0.0635[0m       [35m0.7944[0m      [31m0.7944[0m        [94m0.7862[0m     +  0.0000  125.5012
      7      [36m0.9905[0m        [32m0.0481[0m       0.7906      0.7906        0.8782        0.0000  126.1613
      8      [36m0.9924[0m        [32m0.0417[0m       0.7906      0.7906        0.9354        0.0000  125.5978
      9      [36m0.9938[0m        [32m0.0366[0m       0.7906      0.7906        0.9173        0.0000  125.1577
     10      [36m0.9952[0m        [32m0.0314[0m       0.7911      0.7911        0.9440        0.0000  125.0894
     11      [36m0.9966[0m        [32m0.0265[0m       [35m0.7958[0m      [31m0.7958[0m        0.9499        0.0000  125.6993
     12      [36m0.9975[0m        [32m0.0250[0m       0.7934      0.7934        0.9659        0.0000  125.9318
     13      [36m0.9977[0m        [32m0.0241[0m       0.7934      0.7934        0.9744        0.0000  125.8361
     14      [36m0.9978[0m        [32m0.0234[0m       0.7943      0.7943        0.9920        0.0000  125.7346
     15      [36m0.9979[0m        [32m0.0218[0m       0.7941      0.7941        0.9887        0.0000  125.1810
     16      [36m0.9982[0m        [32m0.0205[0m       [35m0.7967[0m      [31m0.7967[0m        0.9948        0.0000  125.1014
Stopping since valid_loss has not improved in the last 11 epochs.
[8, 24, 56, 112, 208, 384, 704, 1264, 2264, 4040, 7200, 12824, 22824]
F1 Micro Score after query 12: 0.8435763888888889
F1 Macro Score after query 12: 0.6050267145980741
Number of samples used for retraining: 22824
Number of samples in pool after training and deleting samples: 4056
Model checkpoint saved to C:\Users\localuserSKSG\Desktop\Shubham\ActiveLearning/Multiclass/DinoS/uncertainty_sampling_seed49\model_checkpoint_iteration_11.pt

Iteration:  13
Selecting 4056 informative samples: 

Training started with 26880 samples:

Re-initializing module.
Re-initializing criterion.
Re-initializing optimizer.
  epoch    train_f1    train_loss    valid_acc    valid_f1    valid_loss    cp      lr       dur
-------  ----------  ------------  -----------  ----------  ------------  ----  ------  --------
      1      [36m0.9851[0m        [32m0.0610[0m       [35m0.6997[0m      [31m0.6997[0m        [94m1.5955[0m     +  0.0000  145.0440
      2      0.9847        [32m0.0566[0m       [35m0.7566[0m      [31m0.7566[0m        [94m1.2471[0m     +  0.0000  146.4102
      3      [36m0.9872[0m        [32m0.0496[0m       [35m0.7701[0m      [31m0.7701[0m        [94m1.2325[0m     +  0.0000  146.2639
      4      [36m0.9887[0m        [32m0.0445[0m       0.7677      0.7677        [94m1.1796[0m     +  0.0000  142.4084
      5      [36m0.9897[0m        [32m0.0398[0m       [35m0.7748[0m      [31m0.7748[0m        [94m1.1736[0m     +  0.0000  138.5135
      6      [36m0.9936[0m        [32m0.0275[0m       [35m0.7970[0m      [31m0.7970[0m        [94m0.9819[0m     +  0.0000  138.6851
      7      [36m0.9971[0m        [32m0.0193[0m       [35m0.8017[0m      [31m0.8017[0m        [94m0.9770[0m     +  0.0000  138.8782
      8      [36m0.9979[0m        [32m0.0160[0m       0.8002      0.8002        1.0134        0.0000  140.0184
      9      [36m0.9984[0m        [32m0.0130[0m       [35m0.8120[0m      [31m0.8120[0m        0.9832        0.0000  144.5910
     10      [36m0.9988[0m        [32m0.0107[0m       0.8078      0.8078        1.0672        0.0000  143.2198
     11      [36m0.9992[0m        [32m0.0090[0m       0.8109      0.8109        1.0556        0.0000  141.7753
     12      [36m0.9995[0m        [32m0.0081[0m       0.8087      0.8087        1.0847        0.0000  143.1086
     13      [36m0.9996[0m        [32m0.0074[0m       0.8083      0.8083        1.1065        0.0000  144.3458
     14      [36m0.9998[0m        [32m0.0069[0m       0.8094      0.8094        1.0893        0.0000  145.0291
     15      0.9998        0.0069       0.8095      0.8095        1.1042        0.0000  143.7509
     16      [36m0.9999[0m        [32m0.0065[0m       0.8078      0.8078        1.0952        0.0000  144.0919
     17      [36m0.9999[0m        [32m0.0062[0m       0.8076      0.8076        1.0992        0.0000  144.7284
Stopping since valid_loss has not improved in the last 11 epochs.
[8, 24, 56, 112, 208, 384, 704, 1264, 2264, 4040, 7200, 12824, 22824, 26880]
F1 Micro Score after query 13: 0.8394097222222222
F1 Macro Score after query 13: 0.5306430137732312
Number of samples used for retraining: 26880
Number of samples in pool after training and deleting samples: 0
Model checkpoint saved to C:\Users\localuserSKSG\Desktop\Shubham\ActiveLearning/Multiclass/DinoS/uncertainty_sampling_seed49\model_checkpoint_iteration_12.pt
Pickle file saved to C:\Users\localuserSKSG\Desktop\Shubham\ActiveLearning/Multiclass/DinoS/uncertainty_sampling_seed49\AL_uncertainty_sampling_results_for_multiclass_classification_s49.pickle
